<?xml version="1.0" encoding="UTF-8"?>
<testsuite xmlns:xsi="http://www.w3.org/2001/XMLSchema-instance" xsi:noNamespaceSchemaLocation="https://maven.apache.org/surefire/maven-failsafe-plugin/xsd/failsafe-test-report.xsd" name="com.bk.hotel.repo.ITCustomerJUnit5Repo" time="12.533" tests="3" errors="0" skipped="1" failures="0">
  <properties>
    <property name="gopherProxySet" value="false"/>
    <property name="awt.toolkit" value="sun.lwawt.macosx.LWCToolkit"/>
    <property name="file.encoding.pkg" value="sun.io"/>
    <property name="java.specification.version" value="1.8"/>
    <property name="sun.cpu.isalist" value=""/>
    <property name="sun.jnu.encoding" value="UTF-8"/>
    <property name="java.class.path" value="/Users/williamkorando/Documents/WelcomeJUnit5/JUnit5Demo/target/test-classes:/Users/williamkorando/Documents/WelcomeJUnit5/JUnit5Demo/target/classes:/Users/williamkorando/.m2/repository/org/springframework/boot/spring-boot-starter-data-jpa/2.0.1.RELEASE/spring-boot-starter-data-jpa-2.0.1.RELEASE.jar:/Users/williamkorando/.m2/repository/org/springframework/boot/spring-boot-starter/2.0.1.RELEASE/spring-boot-starter-2.0.1.RELEASE.jar:/Users/williamkorando/.m2/repository/org/springframework/boot/spring-boot/2.0.1.RELEASE/spring-boot-2.0.1.RELEASE.jar:/Users/williamkorando/.m2/repository/org/springframework/boot/spring-boot-autoconfigure/2.0.1.RELEASE/spring-boot-autoconfigure-2.0.1.RELEASE.jar:/Users/williamkorando/.m2/repository/org/springframework/boot/spring-boot-starter-logging/2.0.1.RELEASE/spring-boot-starter-logging-2.0.1.RELEASE.jar:/Users/williamkorando/.m2/repository/ch/qos/logback/logback-classic/1.2.3/logback-classic-1.2.3.jar:/Users/williamkorando/.m2/repository/ch/qos/logback/logback-core/1.2.3/logback-core-1.2.3.jar:/Users/williamkorando/.m2/repository/org/apache/logging/log4j/log4j-to-slf4j/2.10.0/log4j-to-slf4j-2.10.0.jar:/Users/williamkorando/.m2/repository/org/apache/logging/log4j/log4j-api/2.10.0/log4j-api-2.10.0.jar:/Users/williamkorando/.m2/repository/org/slf4j/jul-to-slf4j/1.7.25/jul-to-slf4j-1.7.25.jar:/Users/williamkorando/.m2/repository/javax/annotation/javax.annotation-api/1.3.2/javax.annotation-api-1.3.2.jar:/Users/williamkorando/.m2/repository/org/yaml/snakeyaml/1.19/snakeyaml-1.19.jar:/Users/williamkorando/.m2/repository/org/springframework/boot/spring-boot-starter-aop/2.0.1.RELEASE/spring-boot-starter-aop-2.0.1.RELEASE.jar:/Users/williamkorando/.m2/repository/org/springframework/spring-aop/5.0.5.RELEASE/spring-aop-5.0.5.RELEASE.jar:/Users/williamkorando/.m2/repository/org/aspectj/aspectjweaver/1.8.13/aspectjweaver-1.8.13.jar:/Users/williamkorando/.m2/repository/org/springframework/boot/spring-boot-starter-jdbc/2.0.1.RELEASE/spring-boot-starter-jdbc-2.0.1.RELEASE.jar:/Users/williamkorando/.m2/repository/com/zaxxer/HikariCP/2.7.8/HikariCP-2.7.8.jar:/Users/williamkorando/.m2/repository/org/springframework/spring-jdbc/5.0.5.RELEASE/spring-jdbc-5.0.5.RELEASE.jar:/Users/williamkorando/.m2/repository/org/hibernate/hibernate-core/5.2.16.Final/hibernate-core-5.2.16.Final.jar:/Users/williamkorando/.m2/repository/org/hibernate/javax/persistence/hibernate-jpa-2.1-api/1.0.0.Final/hibernate-jpa-2.1-api-1.0.0.Final.jar:/Users/williamkorando/.m2/repository/org/javassist/javassist/3.22.0-GA/javassist-3.22.0-GA.jar:/Users/williamkorando/.m2/repository/antlr/antlr/2.7.7/antlr-2.7.7.jar:/Users/williamkorando/.m2/repository/org/jboss/jandex/2.0.3.Final/jandex-2.0.3.Final.jar:/Users/williamkorando/.m2/repository/dom4j/dom4j/1.6.1/dom4j-1.6.1.jar:/Users/williamkorando/.m2/repository/org/hibernate/common/hibernate-commons-annotations/5.0.1.Final/hibernate-commons-annotations-5.0.1.Final.jar:/Users/williamkorando/.m2/repository/javax/transaction/javax.transaction-api/1.2/javax.transaction-api-1.2.jar:/Users/williamkorando/.m2/repository/org/springframework/data/spring-data-jpa/2.0.6.RELEASE/spring-data-jpa-2.0.6.RELEASE.jar:/Users/williamkorando/.m2/repository/org/springframework/data/spring-data-commons/2.0.6.RELEASE/spring-data-commons-2.0.6.RELEASE.jar:/Users/williamkorando/.m2/repository/org/springframework/spring-orm/5.0.5.RELEASE/spring-orm-5.0.5.RELEASE.jar:/Users/williamkorando/.m2/repository/org/springframework/spring-context/5.0.5.RELEASE/spring-context-5.0.5.RELEASE.jar:/Users/williamkorando/.m2/repository/org/springframework/spring-tx/5.0.5.RELEASE/spring-tx-5.0.5.RELEASE.jar:/Users/williamkorando/.m2/repository/org/springframework/spring-beans/5.0.5.RELEASE/spring-beans-5.0.5.RELEASE.jar:/Users/williamkorando/.m2/repository/org/slf4j/slf4j-api/1.7.25/slf4j-api-1.7.25.jar:/Users/williamkorando/.m2/repository/org/springframework/spring-aspects/5.0.5.RELEASE/spring-aspects-5.0.5.RELEASE.jar:/Users/williamkorando/.m2/repository/org/springframework/boot/spring-boot-starter-thymeleaf/2.0.1.RELEASE/spring-boot-starter-thymeleaf-2.0.1.RELEASE.jar:/Users/williamkorando/.m2/repository/org/thymeleaf/thymeleaf-spring5/3.0.9.RELEASE/thymeleaf-spring5-3.0.9.RELEASE.jar:/Users/williamkorando/.m2/repository/org/thymeleaf/thymeleaf/3.0.9.RELEASE/thymeleaf-3.0.9.RELEASE.jar:/Users/williamkorando/.m2/repository/org/attoparser/attoparser/2.0.4.RELEASE/attoparser-2.0.4.RELEASE.jar:/Users/williamkorando/.m2/repository/org/unbescape/unbescape/1.1.5.RELEASE/unbescape-1.1.5.RELEASE.jar:/Users/williamkorando/.m2/repository/org/thymeleaf/extras/thymeleaf-extras-java8time/3.0.1.RELEASE/thymeleaf-extras-java8time-3.0.1.RELEASE.jar:/Users/williamkorando/.m2/repository/org/springframework/boot/spring-boot-starter-web/2.0.1.RELEASE/spring-boot-starter-web-2.0.1.RELEASE.jar:/Users/williamkorando/.m2/repository/org/springframework/boot/spring-boot-starter-json/2.0.1.RELEASE/spring-boot-starter-json-2.0.1.RELEASE.jar:/Users/williamkorando/.m2/repository/com/fasterxml/jackson/core/jackson-databind/2.9.5/jackson-databind-2.9.5.jar:/Users/williamkorando/.m2/repository/com/fasterxml/jackson/core/jackson-annotations/2.9.0/jackson-annotations-2.9.0.jar:/Users/williamkorando/.m2/repository/com/fasterxml/jackson/core/jackson-core/2.9.5/jackson-core-2.9.5.jar:/Users/williamkorando/.m2/repository/com/fasterxml/jackson/datatype/jackson-datatype-jdk8/2.9.5/jackson-datatype-jdk8-2.9.5.jar:/Users/williamkorando/.m2/repository/com/fasterxml/jackson/datatype/jackson-datatype-jsr310/2.9.5/jackson-datatype-jsr310-2.9.5.jar:/Users/williamkorando/.m2/repository/com/fasterxml/jackson/module/jackson-module-parameter-names/2.9.5/jackson-module-parameter-names-2.9.5.jar:/Users/williamkorando/.m2/repository/org/springframework/boot/spring-boot-starter-tomcat/2.0.1.RELEASE/spring-boot-starter-tomcat-2.0.1.RELEASE.jar:/Users/williamkorando/.m2/repository/org/apache/tomcat/embed/tomcat-embed-core/8.5.29/tomcat-embed-core-8.5.29.jar:/Users/williamkorando/.m2/repository/org/apache/tomcat/embed/tomcat-embed-el/8.5.29/tomcat-embed-el-8.5.29.jar:/Users/williamkorando/.m2/repository/org/apache/tomcat/embed/tomcat-embed-websocket/8.5.29/tomcat-embed-websocket-8.5.29.jar:/Users/williamkorando/.m2/repository/org/hibernate/validator/hibernate-validator/6.0.9.Final/hibernate-validator-6.0.9.Final.jar:/Users/williamkorando/.m2/repository/org/springframework/spring-web/5.0.5.RELEASE/spring-web-5.0.5.RELEASE.jar:/Users/williamkorando/.m2/repository/org/springframework/spring-webmvc/5.0.5.RELEASE/spring-webmvc-5.0.5.RELEASE.jar:/Users/williamkorando/.m2/repository/org/springframework/spring-expression/5.0.5.RELEASE/spring-expression-5.0.5.RELEASE.jar:/Users/williamkorando/.m2/repository/org/hibernate/hibernate-validator/5.2.4.Final/hibernate-validator-5.2.4.Final.jar:/Users/williamkorando/.m2/repository/javax/validation/validation-api/2.0.1.Final/validation-api-2.0.1.Final.jar:/Users/williamkorando/.m2/repository/org/jboss/logging/jboss-logging/3.3.2.Final/jboss-logging-3.3.2.Final.jar:/Users/williamkorando/.m2/repository/com/fasterxml/classmate/1.3.4/classmate-1.3.4.jar:/Users/williamkorando/.m2/repository/com/h2database/h2/1.4.197/h2-1.4.197.jar:/Users/williamkorando/.m2/repository/org/springframework/boot/spring-boot-starter-test/2.0.1.RELEASE/spring-boot-starter-test-2.0.1.RELEASE.jar:/Users/williamkorando/.m2/repository/org/springframework/boot/spring-boot-test/2.0.1.RELEASE/spring-boot-test-2.0.1.RELEASE.jar:/Users/williamkorando/.m2/repository/org/springframework/boot/spring-boot-test-autoconfigure/2.0.1.RELEASE/spring-boot-test-autoconfigure-2.0.1.RELEASE.jar:/Users/williamkorando/.m2/repository/com/jayway/jsonpath/json-path/2.4.0/json-path-2.4.0.jar:/Users/williamkorando/.m2/repository/net/minidev/json-smart/2.3/json-smart-2.3.jar:/Users/williamkorando/.m2/repository/net/minidev/accessors-smart/1.2/accessors-smart-1.2.jar:/Users/williamkorando/.m2/repository/org/ow2/asm/asm/5.0.4/asm-5.0.4.jar:/Users/williamkorando/.m2/repository/junit/junit/4.12/junit-4.12.jar:/Users/williamkorando/.m2/repository/org/assertj/assertj-core/3.9.1/assertj-core-3.9.1.jar:/Users/williamkorando/.m2/repository/org/mockito/mockito-core/2.15.0/mockito-core-2.15.0.jar:/Users/williamkorando/.m2/repository/net/bytebuddy/byte-buddy/1.7.11/byte-buddy-1.7.11.jar:/Users/williamkorando/.m2/repository/net/bytebuddy/byte-buddy-agent/1.7.11/byte-buddy-agent-1.7.11.jar:/Users/williamkorando/.m2/repository/org/objenesis/objenesis/2.6/objenesis-2.6.jar:/Users/williamkorando/.m2/repository/org/hamcrest/hamcrest-core/1.3/hamcrest-core-1.3.jar:/Users/williamkorando/.m2/repository/org/hamcrest/hamcrest-library/1.3/hamcrest-library-1.3.jar:/Users/williamkorando/.m2/repository/org/skyscreamer/jsonassert/1.5.0/jsonassert-1.5.0.jar:/Users/williamkorando/.m2/repository/com/vaadin/external/google/android-json/0.0.20131108.vaadin1/android-json-0.0.20131108.vaadin1.jar:/Users/williamkorando/.m2/repository/org/springframework/spring-core/5.0.5.RELEASE/spring-core-5.0.5.RELEASE.jar:/Users/williamkorando/.m2/repository/org/springframework/spring-jcl/5.0.5.RELEASE/spring-jcl-5.0.5.RELEASE.jar:/Users/williamkorando/.m2/repository/org/springframework/spring-test/5.0.5.RELEASE/spring-test-5.0.5.RELEASE.jar:/Users/williamkorando/.m2/repository/org/xmlunit/xmlunit-core/2.5.1/xmlunit-core-2.5.1.jar:/Users/williamkorando/.m2/repository/org/testcontainers/postgresql/1.6.0/postgresql-1.6.0.jar:/Users/williamkorando/.m2/repository/org/testcontainers/jdbc/1.6.0/jdbc-1.6.0.jar:/Users/williamkorando/.m2/repository/org/testcontainers/testcontainers/1.6.0/testcontainers-1.6.0.jar:/Users/williamkorando/.m2/repository/com/kohlschutter/junixsocket/junixsocket-common/2.0.4/junixsocket-common-2.0.4.jar:/Users/williamkorando/.m2/repository/com/kohlschutter/junixsocket/junixsocket-native-common/2.0.4/junixsocket-native-common-2.0.4.jar:/Users/williamkorando/.m2/repository/org/scijava/native-lib-loader/2.0.2/native-lib-loader-2.0.2.jar:/Users/williamkorando/.m2/repository/org/apache/commons/commons-compress/1.12/commons-compress-1.12.jar:/Users/williamkorando/.m2/repository/commons-codec/commons-codec/1.11/commons-codec-1.11.jar:/Users/williamkorando/.m2/repository/commons-lang/commons-lang/2.6/commons-lang-2.6.jar:/Users/williamkorando/.m2/repository/commons-io/commons-io/2.5/commons-io-2.5.jar:/Users/williamkorando/.m2/repository/org/slf4j/jcl-over-slf4j/1.7.25/jcl-over-slf4j-1.7.25.jar:/Users/williamkorando/.m2/repository/javax/xml/bind/jaxb-api/2.3.0/jaxb-api-2.3.0.jar:/Users/williamkorando/.m2/repository/org/rnorth/tcp-unix-socket-proxy/1.0.1/tcp-unix-socket-proxy-1.0.1.jar:/Users/williamkorando/.m2/repository/org/zeroturnaround/zt-exec/1.8/zt-exec-1.8.jar:/Users/williamkorando/.m2/repository/org/rnorth/duct-tape/duct-tape/1.0.6/duct-tape-1.0.6.jar:/Users/williamkorando/.m2/repository/org/jetbrains/annotations/13.0/annotations-13.0.jar:/Users/williamkorando/.m2/repository/org/slf4j/slf4j-ext/1.7.25/slf4j-ext-1.7.25.jar:/Users/williamkorando/.m2/repository/org/rnorth/visible-assertions/visible-assertions/2.1.0/visible-assertions-2.1.0.jar:/Users/williamkorando/.m2/repository/net/java/dev/jna/jna/4.5.1/jna-4.5.1.jar:/Users/williamkorando/.m2/repository/org/postgresql/postgresql/42.2.2/postgresql-42.2.2.jar:/Users/williamkorando/.m2/repository/org/junit/jupiter/junit-jupiter-api/5.2.0/junit-jupiter-api-5.2.0.jar:/Users/williamkorando/.m2/repository/org/apiguardian/apiguardian-api/1.0.0/apiguardian-api-1.0.0.jar:/Users/williamkorando/.m2/repository/org/opentest4j/opentest4j/1.1.0/opentest4j-1.1.0.jar:/Users/williamkorando/.m2/repository/org/junit/platform/junit-platform-commons/1.2.0/junit-platform-commons-1.2.0.jar:/Users/williamkorando/.m2/repository/org/junit/jupiter/junit-jupiter-engine/5.2.0/junit-jupiter-engine-5.2.0.jar:/Users/williamkorando/.m2/repository/org/junit/vintage/junit-vintage-engine/5.2.0/junit-vintage-engine-5.2.0.jar:/Users/williamkorando/.m2/repository/org/junit/jupiter/junit-jupiter-migrationsupport/5.2.0/junit-jupiter-migrationsupport-5.2.0.jar:/Users/williamkorando/.m2/repository/org/junit/jupiter/junit-jupiter-params/5.2.0/junit-jupiter-params-5.2.0.jar:/Users/williamkorando/.m2/repository/org/junit/platform/junit-platform-engine/1.2.0/junit-platform-engine-1.2.0.jar:/Users/williamkorando/.m2/repository/org/junit/platform/junit-platform-launcher/1.2.0/junit-platform-launcher-1.2.0.jar:"/>
    <property name="java.vm.vendor" value="Oracle Corporation"/>
    <property name="sun.arch.data.model" value="64"/>
    <property name="java.vendor.url" value="http://java.oracle.com/"/>
    <property name="user.timezone" value="Europe/Madrid"/>
    <property name="java.vm.specification.version" value="1.8"/>
    <property name="os.name" value="Mac OS X"/>
    <property name="user.country" value="US"/>
    <property name="sun.java.launcher" value="SUN_STANDARD"/>
    <property name="sun.boot.library.path" value="/Library/Java/JavaVirtualMachines/jdk1.8.0_111.jdk/Contents/Home/jre/lib"/>
    <property name="sun.java.command" value="/Users/williamkorando/Documents/WelcomeJUnit5/JUnit5Demo/target/surefire/surefirebooter5084527383140656633.jar /Users/williamkorando/Documents/WelcomeJUnit5/JUnit5Demo/target/surefire 2018-05-24T14-03-31_062-jvmRun1 surefire2686665449646322920tmp surefire_01753888768706316849tmp"/>
    <property name="http.nonProxyHosts" value="local|*.local|169.254/16|*.169.254/16"/>
    <property name="surefire.test.class.path" value="/Users/williamkorando/Documents/WelcomeJUnit5/JUnit5Demo/target/test-classes:/Users/williamkorando/Documents/WelcomeJUnit5/JUnit5Demo/target/classes:/Users/williamkorando/.m2/repository/org/springframework/boot/spring-boot-starter-data-jpa/2.0.1.RELEASE/spring-boot-starter-data-jpa-2.0.1.RELEASE.jar:/Users/williamkorando/.m2/repository/org/springframework/boot/spring-boot-starter/2.0.1.RELEASE/spring-boot-starter-2.0.1.RELEASE.jar:/Users/williamkorando/.m2/repository/org/springframework/boot/spring-boot/2.0.1.RELEASE/spring-boot-2.0.1.RELEASE.jar:/Users/williamkorando/.m2/repository/org/springframework/boot/spring-boot-autoconfigure/2.0.1.RELEASE/spring-boot-autoconfigure-2.0.1.RELEASE.jar:/Users/williamkorando/.m2/repository/org/springframework/boot/spring-boot-starter-logging/2.0.1.RELEASE/spring-boot-starter-logging-2.0.1.RELEASE.jar:/Users/williamkorando/.m2/repository/ch/qos/logback/logback-classic/1.2.3/logback-classic-1.2.3.jar:/Users/williamkorando/.m2/repository/ch/qos/logback/logback-core/1.2.3/logback-core-1.2.3.jar:/Users/williamkorando/.m2/repository/org/apache/logging/log4j/log4j-to-slf4j/2.10.0/log4j-to-slf4j-2.10.0.jar:/Users/williamkorando/.m2/repository/org/apache/logging/log4j/log4j-api/2.10.0/log4j-api-2.10.0.jar:/Users/williamkorando/.m2/repository/org/slf4j/jul-to-slf4j/1.7.25/jul-to-slf4j-1.7.25.jar:/Users/williamkorando/.m2/repository/javax/annotation/javax.annotation-api/1.3.2/javax.annotation-api-1.3.2.jar:/Users/williamkorando/.m2/repository/org/yaml/snakeyaml/1.19/snakeyaml-1.19.jar:/Users/williamkorando/.m2/repository/org/springframework/boot/spring-boot-starter-aop/2.0.1.RELEASE/spring-boot-starter-aop-2.0.1.RELEASE.jar:/Users/williamkorando/.m2/repository/org/springframework/spring-aop/5.0.5.RELEASE/spring-aop-5.0.5.RELEASE.jar:/Users/williamkorando/.m2/repository/org/aspectj/aspectjweaver/1.8.13/aspectjweaver-1.8.13.jar:/Users/williamkorando/.m2/repository/org/springframework/boot/spring-boot-starter-jdbc/2.0.1.RELEASE/spring-boot-starter-jdbc-2.0.1.RELEASE.jar:/Users/williamkorando/.m2/repository/com/zaxxer/HikariCP/2.7.8/HikariCP-2.7.8.jar:/Users/williamkorando/.m2/repository/org/springframework/spring-jdbc/5.0.5.RELEASE/spring-jdbc-5.0.5.RELEASE.jar:/Users/williamkorando/.m2/repository/org/hibernate/hibernate-core/5.2.16.Final/hibernate-core-5.2.16.Final.jar:/Users/williamkorando/.m2/repository/org/hibernate/javax/persistence/hibernate-jpa-2.1-api/1.0.0.Final/hibernate-jpa-2.1-api-1.0.0.Final.jar:/Users/williamkorando/.m2/repository/org/javassist/javassist/3.22.0-GA/javassist-3.22.0-GA.jar:/Users/williamkorando/.m2/repository/antlr/antlr/2.7.7/antlr-2.7.7.jar:/Users/williamkorando/.m2/repository/org/jboss/jandex/2.0.3.Final/jandex-2.0.3.Final.jar:/Users/williamkorando/.m2/repository/dom4j/dom4j/1.6.1/dom4j-1.6.1.jar:/Users/williamkorando/.m2/repository/org/hibernate/common/hibernate-commons-annotations/5.0.1.Final/hibernate-commons-annotations-5.0.1.Final.jar:/Users/williamkorando/.m2/repository/javax/transaction/javax.transaction-api/1.2/javax.transaction-api-1.2.jar:/Users/williamkorando/.m2/repository/org/springframework/data/spring-data-jpa/2.0.6.RELEASE/spring-data-jpa-2.0.6.RELEASE.jar:/Users/williamkorando/.m2/repository/org/springframework/data/spring-data-commons/2.0.6.RELEASE/spring-data-commons-2.0.6.RELEASE.jar:/Users/williamkorando/.m2/repository/org/springframework/spring-orm/5.0.5.RELEASE/spring-orm-5.0.5.RELEASE.jar:/Users/williamkorando/.m2/repository/org/springframework/spring-context/5.0.5.RELEASE/spring-context-5.0.5.RELEASE.jar:/Users/williamkorando/.m2/repository/org/springframework/spring-tx/5.0.5.RELEASE/spring-tx-5.0.5.RELEASE.jar:/Users/williamkorando/.m2/repository/org/springframework/spring-beans/5.0.5.RELEASE/spring-beans-5.0.5.RELEASE.jar:/Users/williamkorando/.m2/repository/org/slf4j/slf4j-api/1.7.25/slf4j-api-1.7.25.jar:/Users/williamkorando/.m2/repository/org/springframework/spring-aspects/5.0.5.RELEASE/spring-aspects-5.0.5.RELEASE.jar:/Users/williamkorando/.m2/repository/org/springframework/boot/spring-boot-starter-thymeleaf/2.0.1.RELEASE/spring-boot-starter-thymeleaf-2.0.1.RELEASE.jar:/Users/williamkorando/.m2/repository/org/thymeleaf/thymeleaf-spring5/3.0.9.RELEASE/thymeleaf-spring5-3.0.9.RELEASE.jar:/Users/williamkorando/.m2/repository/org/thymeleaf/thymeleaf/3.0.9.RELEASE/thymeleaf-3.0.9.RELEASE.jar:/Users/williamkorando/.m2/repository/org/attoparser/attoparser/2.0.4.RELEASE/attoparser-2.0.4.RELEASE.jar:/Users/williamkorando/.m2/repository/org/unbescape/unbescape/1.1.5.RELEASE/unbescape-1.1.5.RELEASE.jar:/Users/williamkorando/.m2/repository/org/thymeleaf/extras/thymeleaf-extras-java8time/3.0.1.RELEASE/thymeleaf-extras-java8time-3.0.1.RELEASE.jar:/Users/williamkorando/.m2/repository/org/springframework/boot/spring-boot-starter-web/2.0.1.RELEASE/spring-boot-starter-web-2.0.1.RELEASE.jar:/Users/williamkorando/.m2/repository/org/springframework/boot/spring-boot-starter-json/2.0.1.RELEASE/spring-boot-starter-json-2.0.1.RELEASE.jar:/Users/williamkorando/.m2/repository/com/fasterxml/jackson/core/jackson-databind/2.9.5/jackson-databind-2.9.5.jar:/Users/williamkorando/.m2/repository/com/fasterxml/jackson/core/jackson-annotations/2.9.0/jackson-annotations-2.9.0.jar:/Users/williamkorando/.m2/repository/com/fasterxml/jackson/core/jackson-core/2.9.5/jackson-core-2.9.5.jar:/Users/williamkorando/.m2/repository/com/fasterxml/jackson/datatype/jackson-datatype-jdk8/2.9.5/jackson-datatype-jdk8-2.9.5.jar:/Users/williamkorando/.m2/repository/com/fasterxml/jackson/datatype/jackson-datatype-jsr310/2.9.5/jackson-datatype-jsr310-2.9.5.jar:/Users/williamkorando/.m2/repository/com/fasterxml/jackson/module/jackson-module-parameter-names/2.9.5/jackson-module-parameter-names-2.9.5.jar:/Users/williamkorando/.m2/repository/org/springframework/boot/spring-boot-starter-tomcat/2.0.1.RELEASE/spring-boot-starter-tomcat-2.0.1.RELEASE.jar:/Users/williamkorando/.m2/repository/org/apache/tomcat/embed/tomcat-embed-core/8.5.29/tomcat-embed-core-8.5.29.jar:/Users/williamkorando/.m2/repository/org/apache/tomcat/embed/tomcat-embed-el/8.5.29/tomcat-embed-el-8.5.29.jar:/Users/williamkorando/.m2/repository/org/apache/tomcat/embed/tomcat-embed-websocket/8.5.29/tomcat-embed-websocket-8.5.29.jar:/Users/williamkorando/.m2/repository/org/hibernate/validator/hibernate-validator/6.0.9.Final/hibernate-validator-6.0.9.Final.jar:/Users/williamkorando/.m2/repository/org/springframework/spring-web/5.0.5.RELEASE/spring-web-5.0.5.RELEASE.jar:/Users/williamkorando/.m2/repository/org/springframework/spring-webmvc/5.0.5.RELEASE/spring-webmvc-5.0.5.RELEASE.jar:/Users/williamkorando/.m2/repository/org/springframework/spring-expression/5.0.5.RELEASE/spring-expression-5.0.5.RELEASE.jar:/Users/williamkorando/.m2/repository/org/hibernate/hibernate-validator/5.2.4.Final/hibernate-validator-5.2.4.Final.jar:/Users/williamkorando/.m2/repository/javax/validation/validation-api/2.0.1.Final/validation-api-2.0.1.Final.jar:/Users/williamkorando/.m2/repository/org/jboss/logging/jboss-logging/3.3.2.Final/jboss-logging-3.3.2.Final.jar:/Users/williamkorando/.m2/repository/com/fasterxml/classmate/1.3.4/classmate-1.3.4.jar:/Users/williamkorando/.m2/repository/com/h2database/h2/1.4.197/h2-1.4.197.jar:/Users/williamkorando/.m2/repository/org/springframework/boot/spring-boot-starter-test/2.0.1.RELEASE/spring-boot-starter-test-2.0.1.RELEASE.jar:/Users/williamkorando/.m2/repository/org/springframework/boot/spring-boot-test/2.0.1.RELEASE/spring-boot-test-2.0.1.RELEASE.jar:/Users/williamkorando/.m2/repository/org/springframework/boot/spring-boot-test-autoconfigure/2.0.1.RELEASE/spring-boot-test-autoconfigure-2.0.1.RELEASE.jar:/Users/williamkorando/.m2/repository/com/jayway/jsonpath/json-path/2.4.0/json-path-2.4.0.jar:/Users/williamkorando/.m2/repository/net/minidev/json-smart/2.3/json-smart-2.3.jar:/Users/williamkorando/.m2/repository/net/minidev/accessors-smart/1.2/accessors-smart-1.2.jar:/Users/williamkorando/.m2/repository/org/ow2/asm/asm/5.0.4/asm-5.0.4.jar:/Users/williamkorando/.m2/repository/junit/junit/4.12/junit-4.12.jar:/Users/williamkorando/.m2/repository/org/assertj/assertj-core/3.9.1/assertj-core-3.9.1.jar:/Users/williamkorando/.m2/repository/org/mockito/mockito-core/2.15.0/mockito-core-2.15.0.jar:/Users/williamkorando/.m2/repository/net/bytebuddy/byte-buddy/1.7.11/byte-buddy-1.7.11.jar:/Users/williamkorando/.m2/repository/net/bytebuddy/byte-buddy-agent/1.7.11/byte-buddy-agent-1.7.11.jar:/Users/williamkorando/.m2/repository/org/objenesis/objenesis/2.6/objenesis-2.6.jar:/Users/williamkorando/.m2/repository/org/hamcrest/hamcrest-core/1.3/hamcrest-core-1.3.jar:/Users/williamkorando/.m2/repository/org/hamcrest/hamcrest-library/1.3/hamcrest-library-1.3.jar:/Users/williamkorando/.m2/repository/org/skyscreamer/jsonassert/1.5.0/jsonassert-1.5.0.jar:/Users/williamkorando/.m2/repository/com/vaadin/external/google/android-json/0.0.20131108.vaadin1/android-json-0.0.20131108.vaadin1.jar:/Users/williamkorando/.m2/repository/org/springframework/spring-core/5.0.5.RELEASE/spring-core-5.0.5.RELEASE.jar:/Users/williamkorando/.m2/repository/org/springframework/spring-jcl/5.0.5.RELEASE/spring-jcl-5.0.5.RELEASE.jar:/Users/williamkorando/.m2/repository/org/springframework/spring-test/5.0.5.RELEASE/spring-test-5.0.5.RELEASE.jar:/Users/williamkorando/.m2/repository/org/xmlunit/xmlunit-core/2.5.1/xmlunit-core-2.5.1.jar:/Users/williamkorando/.m2/repository/org/testcontainers/postgresql/1.6.0/postgresql-1.6.0.jar:/Users/williamkorando/.m2/repository/org/testcontainers/jdbc/1.6.0/jdbc-1.6.0.jar:/Users/williamkorando/.m2/repository/org/testcontainers/testcontainers/1.6.0/testcontainers-1.6.0.jar:/Users/williamkorando/.m2/repository/com/kohlschutter/junixsocket/junixsocket-common/2.0.4/junixsocket-common-2.0.4.jar:/Users/williamkorando/.m2/repository/com/kohlschutter/junixsocket/junixsocket-native-common/2.0.4/junixsocket-native-common-2.0.4.jar:/Users/williamkorando/.m2/repository/org/scijava/native-lib-loader/2.0.2/native-lib-loader-2.0.2.jar:/Users/williamkorando/.m2/repository/org/apache/commons/commons-compress/1.12/commons-compress-1.12.jar:/Users/williamkorando/.m2/repository/commons-codec/commons-codec/1.11/commons-codec-1.11.jar:/Users/williamkorando/.m2/repository/commons-lang/commons-lang/2.6/commons-lang-2.6.jar:/Users/williamkorando/.m2/repository/commons-io/commons-io/2.5/commons-io-2.5.jar:/Users/williamkorando/.m2/repository/org/slf4j/jcl-over-slf4j/1.7.25/jcl-over-slf4j-1.7.25.jar:/Users/williamkorando/.m2/repository/javax/xml/bind/jaxb-api/2.3.0/jaxb-api-2.3.0.jar:/Users/williamkorando/.m2/repository/org/rnorth/tcp-unix-socket-proxy/1.0.1/tcp-unix-socket-proxy-1.0.1.jar:/Users/williamkorando/.m2/repository/org/zeroturnaround/zt-exec/1.8/zt-exec-1.8.jar:/Users/williamkorando/.m2/repository/org/rnorth/duct-tape/duct-tape/1.0.6/duct-tape-1.0.6.jar:/Users/williamkorando/.m2/repository/org/jetbrains/annotations/13.0/annotations-13.0.jar:/Users/williamkorando/.m2/repository/org/slf4j/slf4j-ext/1.7.25/slf4j-ext-1.7.25.jar:/Users/williamkorando/.m2/repository/org/rnorth/visible-assertions/visible-assertions/2.1.0/visible-assertions-2.1.0.jar:/Users/williamkorando/.m2/repository/net/java/dev/jna/jna/4.5.1/jna-4.5.1.jar:/Users/williamkorando/.m2/repository/org/postgresql/postgresql/42.2.2/postgresql-42.2.2.jar:/Users/williamkorando/.m2/repository/org/junit/jupiter/junit-jupiter-api/5.2.0/junit-jupiter-api-5.2.0.jar:/Users/williamkorando/.m2/repository/org/apiguardian/apiguardian-api/1.0.0/apiguardian-api-1.0.0.jar:/Users/williamkorando/.m2/repository/org/opentest4j/opentest4j/1.1.0/opentest4j-1.1.0.jar:/Users/williamkorando/.m2/repository/org/junit/platform/junit-platform-commons/1.2.0/junit-platform-commons-1.2.0.jar:/Users/williamkorando/.m2/repository/org/junit/jupiter/junit-jupiter-engine/5.2.0/junit-jupiter-engine-5.2.0.jar:/Users/williamkorando/.m2/repository/org/junit/vintage/junit-vintage-engine/5.2.0/junit-vintage-engine-5.2.0.jar:/Users/williamkorando/.m2/repository/org/junit/jupiter/junit-jupiter-migrationsupport/5.2.0/junit-jupiter-migrationsupport-5.2.0.jar:/Users/williamkorando/.m2/repository/org/junit/jupiter/junit-jupiter-params/5.2.0/junit-jupiter-params-5.2.0.jar:/Users/williamkorando/.m2/repository/org/junit/platform/junit-platform-engine/1.2.0/junit-platform-engine-1.2.0.jar:/Users/williamkorando/.m2/repository/org/junit/platform/junit-platform-launcher/1.2.0/junit-platform-launcher-1.2.0.jar:"/>
    <property name="sun.cpu.endian" value="little"/>
    <property name="user.home" value="/Users/williamkorando"/>
    <property name="user.language" value="en"/>
    <property name="java.specification.vendor" value="Oracle Corporation"/>
    <property name="java.home" value="/Library/Java/JavaVirtualMachines/jdk1.8.0_111.jdk/Contents/Home/jre"/>
    <property name="basedir" value="/Users/williamkorando/Documents/WelcomeJUnit5/JUnit5Demo"/>
    <property name="file.separator" value="/"/>
    <property name="line.separator" value="&#10;"/>
    <property name="java.vm.specification.vendor" value="Oracle Corporation"/>
    <property name="java.specification.name" value="Java Platform API Specification"/>
    <property name="java.awt.graphicsenv" value="sun.awt.CGraphicsEnvironment"/>
    <property name="surefire.real.class.path" value="/Users/williamkorando/Documents/WelcomeJUnit5/JUnit5Demo/target/surefire/surefirebooter5084527383140656633.jar"/>
    <property name="sun.boot.class.path" value="/Library/Java/JavaVirtualMachines/jdk1.8.0_111.jdk/Contents/Home/jre/lib/resources.jar:/Library/Java/JavaVirtualMachines/jdk1.8.0_111.jdk/Contents/Home/jre/lib/rt.jar:/Library/Java/JavaVirtualMachines/jdk1.8.0_111.jdk/Contents/Home/jre/lib/sunrsasign.jar:/Library/Java/JavaVirtualMachines/jdk1.8.0_111.jdk/Contents/Home/jre/lib/jsse.jar:/Library/Java/JavaVirtualMachines/jdk1.8.0_111.jdk/Contents/Home/jre/lib/jce.jar:/Library/Java/JavaVirtualMachines/jdk1.8.0_111.jdk/Contents/Home/jre/lib/charsets.jar:/Library/Java/JavaVirtualMachines/jdk1.8.0_111.jdk/Contents/Home/jre/lib/jfr.jar:/Library/Java/JavaVirtualMachines/jdk1.8.0_111.jdk/Contents/Home/jre/classes"/>
    <property name="sun.management.compiler" value="HotSpot 64-Bit Tiered Compilers"/>
    <property name="ftp.nonProxyHosts" value="local|*.local|169.254/16|*.169.254/16"/>
    <property name="java.runtime.version" value="1.8.0_111-b14"/>
    <property name="user.name" value="williamkorando"/>
    <property name="path.separator" value=":"/>
    <property name="os.version" value="10.13.4"/>
    <property name="java.endorsed.dirs" value="/Library/Java/JavaVirtualMachines/jdk1.8.0_111.jdk/Contents/Home/jre/lib/endorsed"/>
    <property name="java.runtime.name" value="Java(TM) SE Runtime Environment"/>
    <property name="file.encoding" value="UTF-8"/>
    <property name="java.vm.name" value="Java HotSpot(TM) 64-Bit Server VM"/>
    <property name="localRepository" value="/Users/williamkorando/.m2/repository"/>
    <property name="java.vendor.url.bug" value="http://bugreport.sun.com/bugreport/"/>
    <property name="java.io.tmpdir" value="/var/folders/c1/bsm5c1496v30qs3zlhx2gml00000gn/T/"/>
    <property name="java.version" value="1.8.0_111"/>
    <property name="user.dir" value="/Users/williamkorando/Documents/WelcomeJUnit5/JUnit5Demo"/>
    <property name="os.arch" value="x86_64"/>
    <property name="java.vm.specification.name" value="Java Virtual Machine Specification"/>
    <property name="java.awt.printerjob" value="sun.lwawt.macosx.CPrinterJob"/>
    <property name="sun.os.patch.level" value="unknown"/>
    <property name="java.library.path" value="/Users/williamkorando/Library/Java/Extensions:/Library/Java/Extensions:/Network/Library/Java/Extensions:/System/Library/Java/Extensions:/usr/lib/java:."/>
    <property name="java.vm.info" value="mixed mode"/>
    <property name="java.vendor" value="Oracle Corporation"/>
    <property name="java.vm.version" value="25.111-b14"/>
    <property name="java.ext.dirs" value="/Users/williamkorando/Library/Java/Extensions:/Library/Java/JavaVirtualMachines/jdk1.8.0_111.jdk/Contents/Home/jre/lib/ext:/Library/Java/Extensions:/Network/Library/Java/Extensions:/System/Library/Java/Extensions:/usr/lib/java"/>
    <property name="sun.io.unicode.encoding" value="UnicodeBig"/>
    <property name="java.class.version" value="52.0"/>
    <property name="socksNonProxyHosts" value="local|*.local|169.254/16|*.169.254/16"/>
  </properties>
  <testcase name="testAddCustomerToDB" classname="com.bk.hotel.repo.ITCustomerJUnit5Repo" time="0">
    <skipped message="public void com.bk.hotel.repo.ITCustomerJUnit5Repo.testAddCustomerToDB() throws java.text.ParseException is @Disabled"/>
    <system-out><![CDATA[14:03:31.917 [main] DEBUG org.springframework.test.context.junit4.SpringJUnit4ClassRunner - SpringJUnit4ClassRunner constructor called with [class com.bk.hotel.junit4.ITCustomerRepo]
14:03:31.917 [main] DEBUG org.springframework.test.context.BootstrapUtils - Instantiating CacheAwareContextLoaderDelegate from class [org.springframework.test.context.cache.DefaultCacheAwareContextLoaderDelegate]
14:03:31.918 [main] DEBUG org.springframework.test.context.BootstrapUtils - Instantiating BootstrapContext using constructor [public org.springframework.test.context.support.DefaultBootstrapContext(java.lang.Class,org.springframework.test.context.CacheAwareContextLoaderDelegate)]
14:03:31.918 [main] DEBUG org.springframework.test.context.BootstrapUtils - Instantiating TestContextBootstrapper for test class [com.bk.hotel.junit4.ITCustomerRepo] from class [org.springframework.boot.test.context.SpringBootTestContextBootstrapper]
14:03:31.919 [main] DEBUG org.springframework.test.context.support.AbstractContextLoader - Did not detect default resource location for test class [com.bk.hotel.junit4.ITCustomerRepo]: class path resource [com/bk/hotel/junit4/ITCustomerRepo-context.xml] does not exist
14:03:31.920 [main] DEBUG org.springframework.test.context.support.AbstractContextLoader - Did not detect default resource location for test class [com.bk.hotel.junit4.ITCustomerRepo]: class path resource [com/bk/hotel/junit4/ITCustomerRepoContext.groovy] does not exist
14:03:31.920 [main] INFO org.springframework.test.context.support.AbstractContextLoader - Could not detect default resource locations for test class [com.bk.hotel.junit4.ITCustomerRepo]: no resource found for suffixes {-context.xml, Context.groovy}.
14:03:31.923 [main] DEBUG org.springframework.test.context.support.ActiveProfilesUtils - Could not find an 'annotation declaring class' for annotation type [org.springframework.test.context.ActiveProfiles] and class [com.bk.hotel.junit4.ITCustomerRepo]
14:03:31.926 [main] DEBUG org.springframework.boot.test.context.SpringBootTestContextBootstrapper - @TestExecutionListeners is not present for class [com.bk.hotel.junit4.ITCustomerRepo]: using defaults.
14:03:31.926 [main] INFO org.springframework.boot.test.context.SpringBootTestContextBootstrapper - Loaded default TestExecutionListener class names from location [META-INF/spring.factories]: [org.springframework.boot.test.mock.mockito.MockitoTestExecutionListener, org.springframework.boot.test.mock.mockito.ResetMocksTestExecutionListener, org.springframework.boot.test.autoconfigure.restdocs.RestDocsTestExecutionListener, org.springframework.boot.test.autoconfigure.web.client.MockRestServiceServerResetTestExecutionListener, org.springframework.boot.test.autoconfigure.web.servlet.MockMvcPrintOnlyOnFailureTestExecutionListener, org.springframework.boot.test.autoconfigure.web.servlet.WebDriverTestExecutionListener, org.springframework.test.context.web.ServletTestExecutionListener, org.springframework.test.context.support.DirtiesContextBeforeModesTestExecutionListener, org.springframework.test.context.support.DependencyInjectionTestExecutionListener, org.springframework.test.context.support.DirtiesContextTestExecutionListener, org.springframework.test.context.transaction.TransactionalTestExecutionListener, org.springframework.test.context.jdbc.SqlScriptsTestExecutionListener]
14:03:31.927 [main] INFO org.springframework.boot.test.context.SpringBootTestContextBootstrapper - Using TestExecutionListeners: [org.springframework.test.context.web.ServletTestExecutionListener@32502377, org.springframework.test.context.support.DirtiesContextBeforeModesTestExecutionListener@2c1b194a, org.springframework.boot.test.mock.mockito.MockitoTestExecutionListener@4dbb42b7, org.springframework.boot.test.autoconfigure.SpringBootDependencyInjectionTestExecutionListener@66f57048, org.springframework.test.context.support.DirtiesContextTestExecutionListener@550dbc7a, org.springframework.test.context.transaction.TransactionalTestExecutionListener@21282ed8, org.springframework.test.context.jdbc.SqlScriptsTestExecutionListener@36916eb0, org.springframework.boot.test.mock.mockito.ResetMocksTestExecutionListener@7bab3f1a, org.springframework.boot.test.autoconfigure.restdocs.RestDocsTestExecutionListener@437da279, org.springframework.boot.test.autoconfigure.web.client.MockRestServiceServerResetTestExecutionListener@23c30a20, org.springframework.boot.test.autoconfigure.web.servlet.MockMvcPrintOnlyOnFailureTestExecutionListener@1e1a0406, org.springframework.boot.test.autoconfigure.web.servlet.WebDriverTestExecutionListener@3cebbb30]
14:03:31.927 [main] DEBUG org.springframework.test.annotation.ProfileValueUtils - Retrieved @ProfileValueSourceConfiguration [null] for test class [com.bk.hotel.junit4.ITCustomerRepo]
14:03:31.927 [main] DEBUG org.springframework.test.annotation.ProfileValueUtils - Retrieved ProfileValueSource type [class org.springframework.test.annotation.SystemProfileValueSource] for class [com.bk.hotel.junit4.ITCustomerRepo]
14:03:31.980 [main] DEBUG org.testcontainers.utility.TestcontainersConfiguration - Testcontainers configuration overrides will be loaded from file:/Users/williamkorando/.testcontainers.properties
14:03:31.982 [main] DEBUG org.testcontainers.utility.TestcontainersConfiguration - Testcontainers configuration overrides loaded from TestcontainersConfiguration(properties={docker.client.strategy=org.testcontainers.dockerclient.ProxiedUnixSocketClientProviderStrategy})
14:03:32.017 [main] DEBUG org.rnorth.tcpunixsocketproxy.ProxyThread - Listening on localhost/127.0.0.1:52061 and proxying to /var/run/docker.sock
14:03:32.052 [main] DEBUG org.testcontainers.shaded.io.netty.util.internal.logging.InternalLoggerFactory - Using SLF4J as the default logging framework
14:03:32.059 [main] DEBUG org.testcontainers.shaded.io.netty.channel.MultithreadEventLoopGroup - -Dio.netty.eventLoopThreads: 16
14:03:32.075 [main] DEBUG org.testcontainers.shaded.io.netty.util.internal.PlatformDependent0 - -Dio.netty.noUnsafe: false
14:03:32.076 [main] DEBUG org.testcontainers.shaded.io.netty.util.internal.PlatformDependent0 - sun.misc.Unsafe.theUnsafe: available
14:03:32.077 [main] DEBUG org.testcontainers.shaded.io.netty.util.internal.PlatformDependent0 - sun.misc.Unsafe.copyMemory: available
14:03:32.077 [main] DEBUG org.testcontainers.shaded.io.netty.util.internal.PlatformDependent0 - java.nio.Buffer.address: available
14:03:32.077 [main] DEBUG org.testcontainers.shaded.io.netty.util.internal.PlatformDependent0 - direct buffer constructor: available
14:03:32.078 [main] DEBUG org.testcontainers.shaded.io.netty.util.internal.PlatformDependent0 - java.nio.Bits.unaligned: available, true
14:03:32.079 [main] DEBUG org.testcontainers.shaded.io.netty.util.internal.PlatformDependent0 - jdk.internal.misc.Unsafe.allocateUninitializedArray(int): unavailable
java.lang.ClassNotFoundException: jdk.internal.misc.Unsafe
	at java.net.URLClassLoader.findClass(URLClassLoader.java:381)
	at java.lang.ClassLoader.loadClass(ClassLoader.java:424)
	at sun.misc.Launcher$AppClassLoader.loadClass(Launcher.java:331)
	at java.lang.ClassLoader.loadClass(ClassLoader.java:357)
	at org.testcontainers.shaded.io.netty.util.internal.PlatformDependent0$6.run(PlatformDependent0.java:295)
	at java.security.AccessController.doPrivileged(Native Method)
	at org.testcontainers.shaded.io.netty.util.internal.PlatformDependent0.<clinit>(PlatformDependent0.java:288)
	at org.testcontainers.shaded.io.netty.util.internal.PlatformDependent.getSystemClassLoader(PlatformDependent.java:895)
	at org.testcontainers.shaded.io.netty.util.internal.PlatformDependent.isAndroid0(PlatformDependent.java:919)
	at org.testcontainers.shaded.io.netty.util.internal.PlatformDependent.<clinit>(PlatformDependent.java:70)
	at org.testcontainers.shaded.io.netty.util.ConstantPool.<init>(ConstantPool.java:32)
	at org.testcontainers.shaded.io.netty.util.Signal$1.<init>(Signal.java:27)
	at org.testcontainers.shaded.io.netty.util.Signal.<clinit>(Signal.java:27)
	at org.testcontainers.shaded.io.netty.util.concurrent.DefaultPromise.<clinit>(DefaultPromise.java:43)
	at org.testcontainers.shaded.io.netty.util.concurrent.MultithreadEventExecutorGroup.<init>(MultithreadEventExecutorGroup.java:36)
	at org.testcontainers.shaded.io.netty.util.concurrent.MultithreadEventExecutorGroup.<init>(MultithreadEventExecutorGroup.java:58)
	at org.testcontainers.shaded.io.netty.util.concurrent.MultithreadEventExecutorGroup.<init>(MultithreadEventExecutorGroup.java:47)
	at org.testcontainers.shaded.io.netty.channel.MultithreadEventLoopGroup.<init>(MultithreadEventLoopGroup.java:59)
	at org.testcontainers.shaded.io.netty.channel.nio.NioEventLoopGroup.<init>(NioEventLoopGroup.java:77)
	at org.testcontainers.shaded.io.netty.channel.nio.NioEventLoopGroup.<init>(NioEventLoopGroup.java:72)
	at org.testcontainers.shaded.io.netty.channel.nio.NioEventLoopGroup.<init>(NioEventLoopGroup.java:59)
	at com.github.dockerjava.netty.NettyDockerCmdExecFactory$InetSocketInitializer.init(NettyDockerCmdExecFactory.java:283)
	at com.github.dockerjava.netty.NettyDockerCmdExecFactory.init(NettyDockerCmdExecFactory.java:206)
	at com.github.dockerjava.core.DockerClientImpl.withDockerCmdExecFactory(DockerClientImpl.java:161)
	at com.github.dockerjava.core.DockerClientBuilder.build(DockerClientBuilder.java:45)
	at org.testcontainers.dockerclient.DockerClientProviderStrategy.getClientForConfig(DockerClientProviderStrategy.java:161)
	at org.testcontainers.dockerclient.UnixSocketClientProviderStrategy.tryConfiguration(UnixSocketClientProviderStrategy.java:62)
	at org.testcontainers.dockerclient.ProxiedUnixSocketClientProviderStrategy.test(ProxiedUnixSocketClientProviderStrategy.java:37)
	at org.testcontainers.dockerclient.DockerClientProviderStrategy.lambda$getFirstValidStrategy$1(DockerClientProviderStrategy.java:104)
	at java.util.stream.ReferencePipeline$7$1.accept(ReferencePipeline.java:267)
	at java.util.stream.StreamSpliterators$WrappingSpliterator.tryAdvance(StreamSpliterators.java:302)
	at java.util.stream.Streams$ConcatSpliterator.tryAdvance(Streams.java:728)
	at java.util.stream.ReferencePipeline.forEachWithCancel(ReferencePipeline.java:126)
	at java.util.stream.AbstractPipeline.copyIntoWithCancel(AbstractPipeline.java:498)
	at java.util.stream.AbstractPipeline.copyInto(AbstractPipeline.java:485)
	at java.util.stream.AbstractPipeline.wrapAndCopyInto(AbstractPipeline.java:471)
	at java.util.stream.FindOps$FindOp.evaluateSequential(FindOps.java:152)
	at java.util.stream.AbstractPipeline.evaluate(AbstractPipeline.java:234)
	at java.util.stream.ReferencePipeline.findAny(ReferencePipeline.java:469)
	at org.testcontainers.dockerclient.DockerClientProviderStrategy.getFirstValidStrategy(DockerClientProviderStrategy.java:137)
	at org.testcontainers.DockerClientFactory.client(DockerClientFactory.java:99)
	at org.testcontainers.containers.GenericContainer.<init>(GenericContainer.java:126)
	at org.testcontainers.containers.JdbcDatabaseContainer.<init>(JdbcDatabaseContainer.java:35)
	at org.testcontainers.containers.PostgreSQLContainer.<init>(PostgreSQLContainer.java:28)
	at com.bk.hotel.repo.ITCustomerJUnit5Repo.<clinit>(ITCustomerJUnit5Repo.java:40)
	at sun.misc.Unsafe.ensureClassInitialized(Native Method)
	at sun.reflect.UnsafeFieldAccessorFactory.newFieldAccessor(UnsafeFieldAccessorFactory.java:43)
	at sun.reflect.ReflectionFactory.newFieldAccessor(ReflectionFactory.java:142)
	at java.lang.reflect.Field.acquireFieldAccessor(Field.java:1088)
	at java.lang.reflect.Field.getFieldAccessor(Field.java:1069)
	at java.lang.reflect.Field.get(Field.java:393)
	at org.junit.platform.commons.util.ReflectionUtils.readFieldValue(ReflectionUtils.java:496)
	at org.junit.jupiter.engine.descriptor.ExtensionUtils.lambda$registerExtensionsFromFields$1(ExtensionUtils.java:95)
	at java.util.ArrayList.forEach(ArrayList.java:1249)
	at java.util.Collections$UnmodifiableCollection.forEach(Collections.java:1080)
	at org.junit.jupiter.engine.descriptor.ExtensionUtils.registerExtensionsFromFields(ExtensionUtils.java:94)
	at org.junit.jupiter.engine.descriptor.ClassTestDescriptor.prepare(ClassTestDescriptor.java:127)
	at org.junit.jupiter.engine.descriptor.ClassTestDescriptor.prepare(ClassTestDescriptor.java:65)
	at org.junit.platform.engine.support.hierarchical.HierarchicalTestExecutor$NodeExecutor.prepare(HierarchicalTestExecutor.java:89)
	at org.junit.platform.engine.support.hierarchical.HierarchicalTestExecutor$NodeExecutor.execute(HierarchicalTestExecutor.java:74)
	at org.junit.platform.engine.support.hierarchical.HierarchicalTestExecutor$NodeExecutor.lambda$executeRecursively$2(HierarchicalTestExecutor.java:121)
	at java.util.stream.ForEachOps$ForEachOp$OfRef.accept(ForEachOps.java:184)
	at java.util.stream.ReferencePipeline$2$1.accept(ReferencePipeline.java:175)
	at java.util.Iterator.forEachRemaining(Iterator.java:116)
	at java.util.Spliterators$IteratorSpliterator.forEachRemaining(Spliterators.java:1801)
	at java.util.stream.AbstractPipeline.copyInto(AbstractPipeline.java:481)
	at java.util.stream.AbstractPipeline.wrapAndCopyInto(AbstractPipeline.java:471)
	at java.util.stream.ForEachOps$ForEachOp.evaluateSequential(ForEachOps.java:151)
	at java.util.stream.ForEachOps$ForEachOp$OfRef.evaluateSequential(ForEachOps.java:174)
	at java.util.stream.AbstractPipeline.evaluate(AbstractPipeline.java:234)
	at java.util.stream.ReferencePipeline.forEach(ReferencePipeline.java:418)
	at org.junit.platform.engine.support.hierarchical.HierarchicalTestExecutor$NodeExecutor.lambda$executeRecursively$3(HierarchicalTestExecutor.java:121)
	at org.junit.platform.engine.support.hierarchical.SingleTestExecutor.executeSafely(SingleTestExecutor.java:66)
	at org.junit.platform.engine.support.hierarchical.HierarchicalTestExecutor$NodeExecutor.executeRecursively(HierarchicalTestExecutor.java:108)
	at org.junit.platform.engine.support.hierarchical.HierarchicalTestExecutor$NodeExecutor.execute(HierarchicalTestExecutor.java:79)
	at org.junit.platform.engine.support.hierarchical.HierarchicalTestExecutor.execute(HierarchicalTestExecutor.java:55)
	at org.junit.platform.engine.support.hierarchical.HierarchicalTestEngine.execute(HierarchicalTestEngine.java:43)
	at org.junit.platform.launcher.core.DefaultLauncher.execute(DefaultLauncher.java:170)
	at org.junit.platform.launcher.core.DefaultLauncher.execute(DefaultLauncher.java:154)
	at org.junit.platform.launcher.core.DefaultLauncher.execute(DefaultLauncher.java:90)
	at org.junit.platform.surefire.provider.JUnitPlatformProvider.invokeAllTests(JUnitPlatformProvider.java:132)
	at org.junit.platform.surefire.provider.JUnitPlatformProvider.invoke(JUnitPlatformProvider.java:111)
	at org.apache.maven.surefire.booter.ForkedBooter.invokeProviderInSameClassLoader(ForkedBooter.java:379)
	at org.apache.maven.surefire.booter.ForkedBooter.runSuitesInProcess(ForkedBooter.java:340)
	at org.apache.maven.surefire.booter.ForkedBooter.execute(ForkedBooter.java:125)
	at org.apache.maven.surefire.booter.ForkedBooter.main(ForkedBooter.java:413)
14:03:32.080 [main] DEBUG org.testcontainers.shaded.io.netty.util.internal.PlatformDependent0 - java.nio.DirectByteBuffer.<init>(long, int): available
14:03:32.080 [main] DEBUG org.testcontainers.shaded.io.netty.util.internal.PlatformDependent - Java version: 8
14:03:32.080 [main] DEBUG org.testcontainers.shaded.io.netty.util.internal.PlatformDependent - sun.misc.Unsafe: available
14:03:32.081 [main] DEBUG org.testcontainers.shaded.io.netty.util.internal.PlatformDependent - -Dio.netty.tmpdir: /var/folders/c1/bsm5c1496v30qs3zlhx2gml00000gn/T (java.io.tmpdir)
14:03:32.081 [main] DEBUG org.testcontainers.shaded.io.netty.util.internal.PlatformDependent - -Dio.netty.bitMode: 64 (sun.arch.data.model)
14:03:32.082 [main] DEBUG org.testcontainers.shaded.io.netty.util.internal.PlatformDependent - -Dio.netty.noPreferDirect: false
14:03:32.082 [main] DEBUG org.testcontainers.shaded.io.netty.util.internal.PlatformDependent - -Dio.netty.maxDirectMemory: 3817865216 bytes
14:03:32.082 [main] DEBUG org.testcontainers.shaded.io.netty.util.internal.PlatformDependent - -Dio.netty.uninitializedArrayAllocationThreshold: -1
14:03:32.082 [main] DEBUG org.testcontainers.shaded.io.netty.util.internal.CleanerJava6 - java.nio.ByteBuffer.cleaner(): available
14:03:32.094 [main] DEBUG org.testcontainers.shaded.io.netty.channel.nio.NioEventLoop - -Dio.netty.noKeySetOptimization: false
14:03:32.094 [main] DEBUG org.testcontainers.shaded.io.netty.channel.nio.NioEventLoop - -Dio.netty.selectorAutoRebuildThreshold: 512
14:03:32.096 [main] DEBUG org.testcontainers.shaded.io.netty.util.internal.PlatformDependent - org.jctools-core.MpscChunkedArrayQueue: available
14:03:32.349 [pool-1-thread-1] DEBUG org.testcontainers.dockerclient.DockerClientProviderStrategy - Pinging docker daemon...
14:03:32.351 [pool-1-thread-1] DEBUG com.github.dockerjava.core.command.AbstrDockerCmd - Cmd: com.github.dockerjava.netty.exec.PingCmdExec@66b9379f
14:03:32.382 [pool-1-thread-1] DEBUG org.testcontainers.shaded.io.netty.channel.DefaultChannelId - -Dio.netty.processId: 48061 (auto-detected)
14:03:32.384 [pool-1-thread-1] DEBUG org.testcontainers.shaded.io.netty.util.NetUtil - -Djava.net.preferIPv4Stack: false
14:03:32.384 [pool-1-thread-1] DEBUG org.testcontainers.shaded.io.netty.util.NetUtil - -Djava.net.preferIPv6Addresses: false
14:03:32.386 [pool-1-thread-1] DEBUG org.testcontainers.shaded.io.netty.util.NetUtil - Loopback interface: lo0 (lo0, 0:0:0:0:0:0:0:1)
14:03:32.386 [pool-1-thread-1] DEBUG org.testcontainers.shaded.io.netty.util.NetUtil - Failed to get SOMAXCONN from sysctl and file /proc/sys/net/core/somaxconn. Default: 128
14:03:32.388 [pool-1-thread-1] DEBUG org.testcontainers.shaded.io.netty.channel.DefaultChannelId - -Dio.netty.machineId: ac:bc:32:ff:fe:94:70:db (auto-detected)
14:03:32.429 [pool-1-thread-1] DEBUG org.testcontainers.shaded.io.netty.util.ResourceLeakDetector - -Dorg.testcontainers.shaded.io.netty.leakDetection.level: simple
14:03:32.429 [pool-1-thread-1] DEBUG org.testcontainers.shaded.io.netty.util.ResourceLeakDetector - -Dorg.testcontainers.shaded.io.netty.leakDetection.maxRecords: 4
14:03:32.449 [pool-1-thread-1] DEBUG org.testcontainers.shaded.io.netty.buffer.PooledByteBufAllocator - -Dio.netty.allocator.numHeapArenas: 16
14:03:32.449 [pool-1-thread-1] DEBUG org.testcontainers.shaded.io.netty.buffer.PooledByteBufAllocator - -Dio.netty.allocator.numDirectArenas: 16
14:03:32.449 [pool-1-thread-1] DEBUG org.testcontainers.shaded.io.netty.buffer.PooledByteBufAllocator - -Dio.netty.allocator.pageSize: 8192
14:03:32.449 [pool-1-thread-1] DEBUG org.testcontainers.shaded.io.netty.buffer.PooledByteBufAllocator - -Dio.netty.allocator.maxOrder: 11
14:03:32.449 [pool-1-thread-1] DEBUG org.testcontainers.shaded.io.netty.buffer.PooledByteBufAllocator - -Dio.netty.allocator.chunkSize: 16777216
14:03:32.449 [pool-1-thread-1] DEBUG org.testcontainers.shaded.io.netty.buffer.PooledByteBufAllocator - -Dio.netty.allocator.tinyCacheSize: 512
14:03:32.449 [pool-1-thread-1] DEBUG org.testcontainers.shaded.io.netty.buffer.PooledByteBufAllocator - -Dio.netty.allocator.smallCacheSize: 256
14:03:32.449 [pool-1-thread-1] DEBUG org.testcontainers.shaded.io.netty.buffer.PooledByteBufAllocator - -Dio.netty.allocator.normalCacheSize: 64
14:03:32.450 [pool-1-thread-1] DEBUG org.testcontainers.shaded.io.netty.buffer.PooledByteBufAllocator - -Dio.netty.allocator.maxCachedBufferCapacity: 32768
14:03:32.450 [pool-1-thread-1] DEBUG org.testcontainers.shaded.io.netty.buffer.PooledByteBufAllocator - -Dio.netty.allocator.cacheTrimInterval: 8192
14:03:32.450 [pool-1-thread-1] DEBUG org.testcontainers.shaded.io.netty.buffer.PooledByteBufAllocator - -Dio.netty.allocator.useCacheForAllThreads: true
14:03:32.457 [pool-1-thread-1] DEBUG org.testcontainers.shaded.io.netty.buffer.ByteBufUtil - -Dio.netty.allocator.type: pooled
14:03:32.457 [pool-1-thread-1] DEBUG org.testcontainers.shaded.io.netty.buffer.ByteBufUtil - -Dio.netty.threadLocalDirectBufferSize: 65536
14:03:32.457 [pool-1-thread-1] DEBUG org.testcontainers.shaded.io.netty.buffer.ByteBufUtil - -Dio.netty.maxThreadLocalCharBufferSize: 16384
14:03:32.500 [dockerjava-netty-1-1] DEBUG org.testcontainers.shaded.io.netty.buffer.AbstractByteBuf - -Dorg.testcontainers.shaded.io.netty.buffer.bytebuf.checkAccessible: true
14:03:32.501 [dockerjava-netty-1-1] DEBUG org.testcontainers.shaded.io.netty.util.ResourceLeakDetectorFactory - Loaded default ResourceLeakDetector: org.testcontainers.shaded.io.netty.util.ResourceLeakDetector@395b58a6
14:03:32.511 [Thread-1] DEBUG org.rnorth.tcpunixsocketproxy.ProxyThread - Accepting incoming connection from /127.0.0.1:52063
14:03:32.534 [pool-1-thread-1] DEBUG org.testcontainers.shaded.io.netty.util.Recycler - -Dio.netty.recycler.maxCapacityPerThread: 32768
14:03:32.534 [pool-1-thread-1] DEBUG org.testcontainers.shaded.io.netty.util.Recycler - -Dio.netty.recycler.maxSharedCapacityFactor: 2
14:03:32.534 [pool-1-thread-1] DEBUG org.testcontainers.shaded.io.netty.util.Recycler - -Dio.netty.recycler.linkCapacity: 16
14:03:32.534 [pool-1-thread-1] DEBUG org.testcontainers.shaded.io.netty.util.Recycler - -Dio.netty.recycler.ratio: 8
14:03:32.548 [dockerjava-netty-1-1] DEBUG com.github.dockerjava.netty.NettyDockerCmdExecFactory$1 - [id: 0x9a6d3aad, L:/127.0.0.1:52063 - R:localhost/127.0.0.1:52061] WRITE, DefaultFullHttpRequest(decodeResult: success, version: HTTP/1.1, content: UnpooledByteBufAllocator$InstrumentedUnpooledUnsafeHeapByteBuf(ridx: 0, widx: 0, cap: 0))
GET /_ping HTTP/1.1
host: 
connection: keep-alive
accept-encoding: gzip, 0B
14:03:32.558 [dockerjava-netty-1-1] DEBUG com.github.dockerjava.netty.NettyDockerCmdExecFactory$1 - [id: 0x9a6d3aad, L:/127.0.0.1:52063 - R:localhost/127.0.0.1:52061] FLUSH
14:03:32.569 [dockerjava-netty-1-1] DEBUG com.github.dockerjava.netty.NettyDockerCmdExecFactory$1 - [id: 0x9a6d3aad, L:/127.0.0.1:52063 - R:localhost/127.0.0.1:52061] READ: DefaultHttpResponse(decodeResult: success, version: HTTP/1.1)
HTTP/1.1 200 OK
Api-Version: 1.37
Content-Length: 2
Content-Type: text/plain; charset=utf-8
Date: Thu, 24 May 2018 12:03:21 GMT
Docker-Experimental: true
Ostype: linux
Server: Docker/18.03.1-ce (linux)
14:03:32.575 [dockerjava-netty-1-1] DEBUG com.github.dockerjava.netty.NettyDockerCmdExecFactory$1 - [id: 0x9a6d3aad, L:/127.0.0.1:52063 - R:localhost/127.0.0.1:52061] READ: DefaultLastHttpContent(data: PooledSlicedByteBuf(ridx: 0, widx: 2, cap: 2/2, unwrapped: PooledUnsafeDirectByteBuf(ridx: 214, widx: 214, cap: 1024)), decoderResult: success), 2B
         +-------------------------------------------------+
         |  0  1  2  3  4  5  6  7  8  9  a  b  c  d  e  f |
+--------+-------------------------------------------------+----------------+
|00000000| 4f 4b                                           |OK              |
+--------+-------------------------------------------------+----------------+
14:03:32.575 [main] DEBUG org.testcontainers.dockerclient.ProxiedUnixSocketClientProviderStrategy - Accessing unix domain socket via TCP proxy (/var/run/docker.sock via localhost:52061)
14:03:32.575 [dockerjava-netty-1-1] DEBUG com.github.dockerjava.netty.NettyDockerCmdExecFactory$1 - [id: 0x9a6d3aad, L:/127.0.0.1:52063 - R:localhost/127.0.0.1:52061] CLOSE
14:03:32.575 [main] INFO org.testcontainers.dockerclient.DockerClientProviderStrategy - Found Docker environment with local Unix socket (via TCP proxy)
14:03:32.577 [main] INFO org.testcontainers.DockerClientFactory - Docker host IP address is localhost
14:03:32.577 [dockerjava-netty-1-1] DEBUG com.github.dockerjava.netty.NettyDockerCmdExecFactory$1 - [id: 0x9a6d3aad, L:/127.0.0.1:52063 ! R:localhost/127.0.0.1:52061] READ COMPLETE
14:03:32.577 [dockerjava-netty-1-1] DEBUG com.github.dockerjava.netty.NettyDockerCmdExecFactory$1 - [id: 0x9a6d3aad, L:/127.0.0.1:52063 ! R:localhost/127.0.0.1:52061] INACTIVE
14:03:32.578 [dockerjava-netty-1-1] DEBUG com.github.dockerjava.netty.NettyDockerCmdExecFactory$1 - [id: 0x9a6d3aad, L:/127.0.0.1:52063 ! R:localhost/127.0.0.1:52061] UNREGISTERED
14:03:32.579 [main] DEBUG com.github.dockerjava.core.command.AbstrDockerCmd - Cmd: com.github.dockerjava.netty.exec.InfoCmdExec@6bb2d00b
14:03:32.581 [Thread-1] DEBUG org.rnorth.tcpunixsocketproxy.ProxyThread - Accepting incoming connection from /127.0.0.1:52064
14:03:32.582 [dockerjava-netty-1-2] DEBUG com.github.dockerjava.netty.NettyDockerCmdExecFactory$1 - [id: 0xa7d2d427, L:/127.0.0.1:52064 - R:localhost/127.0.0.1:52061] WRITE, DefaultFullHttpRequest(decodeResult: success, version: HTTP/1.1, content: UnpooledByteBufAllocator$InstrumentedUnpooledUnsafeHeapByteBuf(ridx: 0, widx: 0, cap: 0))
GET /info HTTP/1.1
host: 
connection: keep-alive
accept-encoding: gzip, 0B
14:03:32.583 [dockerjava-netty-1-2] DEBUG com.github.dockerjava.netty.NettyDockerCmdExecFactory$1 - [id: 0xa7d2d427, L:/127.0.0.1:52064 - R:localhost/127.0.0.1:52061] FLUSH
14:03:32.608 [dockerjava-netty-1-2] DEBUG com.github.dockerjava.netty.NettyDockerCmdExecFactory$1 - [id: 0xa7d2d427, L:/127.0.0.1:52064 - R:localhost/127.0.0.1:52061] READ: DefaultHttpResponse(decodeResult: success, version: HTTP/1.1)
HTTP/1.1 200 OK
Api-Version: 1.37
Content-Type: application/json
Date: Thu, 24 May 2018 12:03:21 GMT
Docker-Experimental: true
Ostype: linux
Server: Docker/18.03.1-ce (linux)
Transfer-Encoding: chunked
14:03:32.610 [dockerjava-netty-1-2] DEBUG com.github.dockerjava.netty.NettyDockerCmdExecFactory$1 - [id: 0xa7d2d427, L:/127.0.0.1:52064 - R:localhost/127.0.0.1:52061] READ: DefaultHttpContent(data: PooledSlicedByteBuf(ridx: 0, widx: 807, cap: 807/807, unwrapped: PooledUnsafeDirectByteBuf(ridx: 1024, widx: 1024, cap: 1024)), decoderResult: success), 807B
         +-------------------------------------------------+
         |  0  1  2  3  4  5  6  7  8  9  a  b  c  d  e  f |
+--------+-------------------------------------------------+----------------+
|00000000| 7b 22 49 44 22 3a 22 35 35 36 47 3a 55 45 33 44 |{"ID":"556G:UE3D|
|00000010| 3a 55 51 5a 57 3a 47 36 50 43 3a 4a 4a 59 45 3a |:UQZW:G6PC:JJYE:|
|00000020| 51 42 43 59 3a 44 34 52 41 3a 44 44 42 43 3a 4b |QBCY:D4RA:DDBC:K|
|00000030| 55 46 35 3a 37 48 34 54 3a 4c 48 33 37 3a 5a 56 |UF5:7H4T:LH37:ZV|
|00000040| 4b 4e 22 2c 22 43 6f 6e 74 61 69 6e 65 72 73 22 |KN","Containers"|
|00000050| 3a 30 2c 22 43 6f 6e 74 61 69 6e 65 72 73 52 75 |:0,"ContainersRu|
|00000060| 6e 6e 69 6e 67 22 3a 30 2c 22 43 6f 6e 74 61 69 |nning":0,"Contai|
|00000070| 6e 65 72 73 50 61 75 73 65 64 22 3a 30 2c 22 43 |nersPaused":0,"C|
|00000080| 6f 6e 74 61 69 6e 65 72 73 53 74 6f 70 70 65 64 |ontainersStopped|
|00000090| 22 3a 30 2c 22 49 6d 61 67 65 73 22 3a 37 39 2c |":0,"Images":79,|
|000000a0| 22 44 72 69 76 65 72 22 3a 22 6f 76 65 72 6c 61 |"Driver":"overla|
|000000b0| 79 32 22 2c 22 44 72 69 76 65 72 53 74 61 74 75 |y2","DriverStatu|
|000000c0| 73 22 3a 5b 5b 22 42 61 63 6b 69 6e 67 20 46 69 |s":[["Backing Fi|
|000000d0| 6c 65 73 79 73 74 65 6d 22 2c 22 65 78 74 66 73 |lesystem","extfs|
|000000e0| 22 5d 2c 5b 22 53 75 70 70 6f 72 74 73 20 64 5f |"],["Supports d_|
|000000f0| 74 79 70 65 22 2c 22 74 72 75 65 22 5d 2c 5b 22 |type","true"],["|
|00000100| 4e 61 74 69 76 65 20 4f 76 65 72 6c 61 79 20 44 |Native Overlay D|
|00000110| 69 66 66 22 2c 22 74 72 75 65 22 5d 5d 2c 22 53 |iff","true"]],"S|
|00000120| 79 73 74 65 6d 53 74 61 74 75 73 22 3a 6e 75 6c |ystemStatus":nul|
|00000130| 6c 2c 22 50 6c 75 67 69 6e 73 22 3a 7b 22 56 6f |l,"Plugins":{"Vo|
|00000140| 6c 75 6d 65 22 3a 5b 22 6c 6f 63 61 6c 22 5d 2c |lume":["local"],|
|00000150| 22 4e 65 74 77 6f 72 6b 22 3a 5b 22 62 72 69 64 |"Network":["brid|
|00000160| 67 65 22 2c 22 68 6f 73 74 22 2c 22 69 70 76 6c |ge","host","ipvl|
|00000170| 61 6e 22 2c 22 6d 61 63 76 6c 61 6e 22 2c 22 6e |an","macvlan","n|
|00000180| 75 6c 6c 22 2c 22 6f 76 65 72 6c 61 79 22 5d 2c |ull","overlay"],|
|00000190| 22 41 75 74 68 6f 72 69 7a 61 74 69 6f 6e 22 3a |"Authorization":|
|000001a0| 6e 75 6c 6c 2c 22 4c 6f 67 22 3a 5b 22 61 77 73 |null,"Log":["aws|
|000001b0| 6c 6f 67 73 22 2c 22 66 6c 75 65 6e 74 64 22 2c |logs","fluentd",|
|000001c0| 22 67 63 70 6c 6f 67 73 22 2c 22 67 65 6c 66 22 |"gcplogs","gelf"|
|000001d0| 2c 22 6a 6f 75 72 6e 61 6c 64 22 2c 22 6a 73 6f |,"journald","jso|
|000001e0| 6e 2d 66 69 6c 65 22 2c 22 6c 6f 67 65 6e 74 72 |n-file","logentr|
|000001f0| 69 65 73 22 2c 22 73 70 6c 75 6e 6b 22 2c 22 73 |ies","splunk","s|
|00000200| 79 73 6c 6f 67 22 5d 7d 2c 22 4d 65 6d 6f 72 79 |yslog"]},"Memory|
|00000210| 4c 69 6d 69 74 22 3a 74 72 75 65 2c 22 53 77 61 |Limit":true,"Swa|
|00000220| 70 4c 69 6d 69 74 22 3a 74 72 75 65 2c 22 4b 65 |pLimit":true,"Ke|
|00000230| 72 6e 65 6c 4d 65 6d 6f 72 79 22 3a 74 72 75 65 |rnelMemory":true|
|00000240| 2c 22 43 70 75 43 66 73 50 65 72 69 6f 64 22 3a |,"CpuCfsPeriod":|
|00000250| 74 72 75 65 2c 22 43 70 75 43 66 73 51 75 6f 74 |true,"CpuCfsQuot|
|00000260| 61 22 3a 74 72 75 65 2c 22 43 50 55 53 68 61 72 |a":true,"CPUShar|
|00000270| 65 73 22 3a 74 72 75 65 2c 22 43 50 55 53 65 74 |es":true,"CPUSet|
|00000280| 22 3a 74 72 75 65 2c 22 49 50 76 34 46 6f 72 77 |":true,"IPv4Forw|
|00000290| 61 72 64 69 6e 67 22 3a 74 72 75 65 2c 22 42 72 |arding":true,"Br|
|000002a0| 69 64 67 65 4e 66 49 70 74 61 62 6c 65 73 22 3a |idgeNfIptables":|
|000002b0| 74 72 75 65 2c 22 42 72 69 64 67 65 4e 66 49 70 |true,"BridgeNfIp|
|000002c0| 36 74 61 62 6c 65 73 22 3a 74 72 75 65 2c 22 44 |6tables":true,"D|
|000002d0| 65 62 75 67 22 3a 74 72 75 65 2c 22 4e 46 64 22 |ebug":true,"NFd"|
|000002e0| 3a 32 32 2c 22 4f 6f 6d 4b 69 6c 6c 44 69 73 61 |:22,"OomKillDisa|
|000002f0| 62 6c 65 22 3a 74 72 75 65 2c 22 4e 47 6f 72 6f |ble":true,"NGoro|
|00000300| 75 74 69 6e 65 73 22 3a 34 31 2c 22 53 79 73 74 |utines":41,"Syst|
|00000310| 65 6d 54 69 6d 65 22 3a 22 32 30 31 38 2d 30 35 |emTime":"2018-05|
|00000320| 2d 32 34 54 31 32 3a                            |-24T12:         |
+--------+-------------------------------------------------+----------------+
14:03:32.611 [dockerjava-netty-1-2] DEBUG com.github.dockerjava.netty.NettyDockerCmdExecFactory$1 - [id: 0xa7d2d427, L:/127.0.0.1:52064 - R:localhost/127.0.0.1:52061] READ: DefaultHttpContent(data: PooledSlicedByteBuf(ridx: 0, widx: 1024, cap: 1024/1024, unwrapped: PooledUnsafeDirectByteBuf(ridx: 1024, widx: 1024, cap: 1024)), decoderResult: success), 1024B
         +-------------------------------------------------+
         |  0  1  2  3  4  5  6  7  8  9  a  b  c  d  e  f |
+--------+-------------------------------------------------+----------------+
|00000000| 30 33 3a 32 31 2e 37 34 32 30 39 36 36 5a 22 2c |03:21.7420966Z",|
|00000010| 22 4c 6f 67 67 69 6e 67 44 72 69 76 65 72 22 3a |"LoggingDriver":|
|00000020| 22 6a 73 6f 6e 2d 66 69 6c 65 22 2c 22 43 67 72 |"json-file","Cgr|
|00000030| 6f 75 70 44 72 69 76 65 72 22 3a 22 63 67 72 6f |oupDriver":"cgro|
|00000040| 75 70 66 73 22 2c 22 4e 45 76 65 6e 74 73 4c 69 |upfs","NEventsLi|
|00000050| 73 74 65 6e 65 72 22 3a 32 2c 22 4b 65 72 6e 65 |stener":2,"Kerne|
|00000060| 6c 56 65 72 73 69 6f 6e 22 3a 22 34 2e 39 2e 38 |lVersion":"4.9.8|
|00000070| 37 2d 6c 69 6e 75 78 6b 69 74 2d 61 75 66 73 22 |7-linuxkit-aufs"|
|00000080| 2c 22 4f 70 65 72 61 74 69 6e 67 53 79 73 74 65 |,"OperatingSyste|
|00000090| 6d 22 3a 22 44 6f 63 6b 65 72 20 66 6f 72 20 4d |m":"Docker for M|
|000000a0| 61 63 22 2c 22 4f 53 54 79 70 65 22 3a 22 6c 69 |ac","OSType":"li|
|000000b0| 6e 75 78 22 2c 22 41 72 63 68 69 74 65 63 74 75 |nux","Architectu|
|000000c0| 72 65 22 3a 22 78 38 36 5f 36 34 22 2c 22 49 6e |re":"x86_64","In|
|000000d0| 64 65 78 53 65 72 76 65 72 41 64 64 72 65 73 73 |dexServerAddress|
|000000e0| 22 3a 22 68 74 74 70 73 3a 2f 2f 69 6e 64 65 78 |":"https://index|
|000000f0| 2e 64 6f 63 6b 65 72 2e 69 6f 2f 76 31 2f 22 2c |.docker.io/v1/",|
|00000100| 22 52 65 67 69 73 74 72 79 43 6f 6e 66 69 67 22 |"RegistryConfig"|
|00000110| 3a 7b 22 41 6c 6c 6f 77 4e 6f 6e 64 69 73 74 72 |:{"AllowNondistr|
|00000120| 69 62 75 74 61 62 6c 65 41 72 74 69 66 61 63 74 |ibutableArtifact|
|00000130| 73 43 49 44 52 73 22 3a 5b 5d 2c 22 41 6c 6c 6f |sCIDRs":[],"Allo|
|00000140| 77 4e 6f 6e 64 69 73 74 72 69 62 75 74 61 62 6c |wNondistributabl|
|00000150| 65 41 72 74 69 66 61 63 74 73 48 6f 73 74 6e 61 |eArtifactsHostna|
|00000160| 6d 65 73 22 3a 5b 5d 2c 22 49 6e 73 65 63 75 72 |mes":[],"Insecur|
|00000170| 65 52 65 67 69 73 74 72 79 43 49 44 52 73 22 3a |eRegistryCIDRs":|
|00000180| 5b 22 31 32 37 2e 30 2e 30 2e 30 2f 38 22 5d 2c |["127.0.0.0/8"],|
|00000190| 22 49 6e 64 65 78 43 6f 6e 66 69 67 73 22 3a 7b |"IndexConfigs":{|
|000001a0| 22 64 6f 63 6b 65 72 2e 69 6f 22 3a 7b 22 4e 61 |"docker.io":{"Na|
|000001b0| 6d 65 22 3a 22 64 6f 63 6b 65 72 2e 69 6f 22 2c |me":"docker.io",|
|000001c0| 22 4d 69 72 72 6f 72 73 22 3a 5b 5d 2c 22 53 65 |"Mirrors":[],"Se|
|000001d0| 63 75 72 65 22 3a 74 72 75 65 2c 22 4f 66 66 69 |cure":true,"Offi|
|000001e0| 63 69 61 6c 22 3a 74 72 75 65 7d 7d 2c 22 4d 69 |cial":true}},"Mi|
|000001f0| 72 72 6f 72 73 22 3a 5b 5d 7d 2c 22 4e 43 50 55 |rrors":[]},"NCPU|
|00000200| 22 3a 34 2c 22 4d 65 6d 54 6f 74 61 6c 22 3a 34 |":4,"MemTotal":4|
|00000210| 31 33 39 30 31 32 30 39 36 2c 22 47 65 6e 65 72 |139012096,"Gener|
|00000220| 69 63 52 65 73 6f 75 72 63 65 73 22 3a 6e 75 6c |icResources":nul|
|00000230| 6c 2c 22 44 6f 63 6b 65 72 52 6f 6f 74 44 69 72 |l,"DockerRootDir|
|00000240| 22 3a 22 2f 76 61 72 2f 6c 69 62 2f 64 6f 63 6b |":"/var/lib/dock|
|00000250| 65 72 22 2c 22 48 74 74 70 50 72 6f 78 79 22 3a |er","HttpProxy":|
|00000260| 22 64 6f 63 6b 65 72 2e 66 6f 72 2e 6d 61 63 2e |"docker.for.mac.|
|00000270| 68 74 74 70 2e 69 6e 74 65 72 6e 61 6c 3a 33 31 |http.internal:31|
|00000280| 32 38 22 2c 22 48 74 74 70 73 50 72 6f 78 79 22 |28","HttpsProxy"|
|00000290| 3a 22 64 6f 63 6b 65 72 2e 66 6f 72 2e 6d 61 63 |:"docker.for.mac|
|000002a0| 2e 68 74 74 70 2e 69 6e 74 65 72 6e 61 6c 3a 33 |.http.internal:3|
|000002b0| 31 32 39 22 2c 22 4e 6f 50 72 6f 78 79 22 3a 22 |129","NoProxy":"|
|000002c0| 22 2c 22 4e 61 6d 65 22 3a 22 6c 69 6e 75 78 6b |","Name":"linuxk|
|000002d0| 69 74 2d 30 32 35 30 30 30 30 30 30 30 30 31 22 |it-025000000001"|
|000002e0| 2c 22 4c 61 62 65 6c 73 22 3a 5b 5d 2c 22 45 78 |,"Labels":[],"Ex|
|000002f0| 70 65 72 69 6d 65 6e 74 61 6c 42 75 69 6c 64 22 |perimentalBuild"|
|00000300| 3a 74 72 75 65 2c 22 53 65 72 76 65 72 56 65 72 |:true,"ServerVer|
|00000310| 73 69 6f 6e 22 3a 22 31 38 2e 30 33 2e 31 2d 63 |sion":"18.03.1-c|
|00000320| 65 22 2c 22 43 6c 75 73 74 65 72 53 74 6f 72 65 |e","ClusterStore|
|00000330| 22 3a 22 22 2c 22 43 6c 75 73 74 65 72 41 64 76 |":"","ClusterAdv|
|00000340| 65 72 74 69 73 65 22 3a 22 22 2c 22 52 75 6e 74 |ertise":"","Runt|
|00000350| 69 6d 65 73 22 3a 7b 22 72 75 6e 63 22 3a 7b 22 |imes":{"runc":{"|
|00000360| 70 61 74 68 22 3a 22 64 6f 63 6b 65 72 2d 72 75 |path":"docker-ru|
|00000370| 6e 63 22 7d 7d 2c 22 44 65 66 61 75 6c 74 52 75 |nc"}},"DefaultRu|
|00000380| 6e 74 69 6d 65 22 3a 22 72 75 6e 63 22 2c 22 53 |ntime":"runc","S|
|00000390| 77 61 72 6d 22 3a 7b 22 4e 6f 64 65 49 44 22 3a |warm":{"NodeID":|
|000003a0| 22 22 2c 22 4e 6f 64 65 41 64 64 72 22 3a 22 22 |"","NodeAddr":""|
|000003b0| 2c 22 4c 6f 63 61 6c 4e 6f 64 65 53 74 61 74 65 |,"LocalNodeState|
|000003c0| 22 3a 22 69 6e 61 63 74 69 76 65 22 2c 22 43 6f |":"inactive","Co|
|000003d0| 6e 74 72 6f 6c 41 76 61 69 6c 61 62 6c 65 22 3a |ntrolAvailable":|
|000003e0| 66 61 6c 73 65 2c 22 45 72 72 6f 72 22 3a 22 22 |false,"Error":""|
|000003f0| 2c 22 52 65 6d 6f 74 65 4d 61 6e 61 67 65 72 73 |,"RemoteManagers|
+--------+-------------------------------------------------+----------------+
14:03:32.612 [dockerjava-netty-1-2] DEBUG com.github.dockerjava.netty.NettyDockerCmdExecFactory$1 - [id: 0xa7d2d427, L:/127.0.0.1:52064 - R:localhost/127.0.0.1:52061] READ: DefaultHttpContent(data: PooledSlicedByteBuf(ridx: 0, widx: 420, cap: 420/420, unwrapped: PooledUnsafeDirectByteBuf(ridx: 422, widx: 427, cap: 1024)), decoderResult: success), 420B
         +-------------------------------------------------+
         |  0  1  2  3  4  5  6  7  8  9  a  b  c  d  e  f |
+--------+-------------------------------------------------+----------------+
|00000000| 22 3a 6e 75 6c 6c 7d 2c 22 4c 69 76 65 52 65 73 |":null},"LiveRes|
|00000010| 74 6f 72 65 45 6e 61 62 6c 65 64 22 3a 66 61 6c |toreEnabled":fal|
|00000020| 73 65 2c 22 49 73 6f 6c 61 74 69 6f 6e 22 3a 22 |se,"Isolation":"|
|00000030| 22 2c 22 49 6e 69 74 42 69 6e 61 72 79 22 3a 22 |","InitBinary":"|
|00000040| 64 6f 63 6b 65 72 2d 69 6e 69 74 22 2c 22 43 6f |docker-init","Co|
|00000050| 6e 74 61 69 6e 65 72 64 43 6f 6d 6d 69 74 22 3a |ntainerdCommit":|
|00000060| 7b 22 49 44 22 3a 22 37 37 33 63 34 38 39 63 39 |{"ID":"773c489c9|
|00000070| 63 31 62 32 31 61 36 64 37 38 62 35 63 35 33 38 |c1b21a6d78b5c538|
|00000080| 63 64 33 39 35 34 31 36 65 63 35 30 66 38 38 22 |cd395416ec50f88"|
|00000090| 2c 22 45 78 70 65 63 74 65 64 22 3a 22 37 37 33 |,"Expected":"773|
|000000a0| 63 34 38 39 63 39 63 31 62 32 31 61 36 64 37 38 |c489c9c1b21a6d78|
|000000b0| 62 35 63 35 33 38 63 64 33 39 35 34 31 36 65 63 |b5c538cd395416ec|
|000000c0| 35 30 66 38 38 22 7d 2c 22 52 75 6e 63 43 6f 6d |50f88"},"RuncCom|
|000000d0| 6d 69 74 22 3a 7b 22 49 44 22 3a 22 34 66 63 35 |mit":{"ID":"4fc5|
|000000e0| 33 61 38 31 66 62 37 63 39 39 34 36 34 30 37 32 |3a81fb7c99464072|
|000000f0| 32 61 63 35 38 35 66 61 39 63 61 35 34 38 39 37 |2ac585fa9ca54897|
|00000100| 31 38 37 31 22 2c 22 45 78 70 65 63 74 65 64 22 |1871","Expected"|
|00000110| 3a 22 34 66 63 35 33 61 38 31 66 62 37 63 39 39 |:"4fc53a81fb7c99|
|00000120| 34 36 34 30 37 32 32 61 63 35 38 35 66 61 39 63 |4640722ac585fa9c|
|00000130| 61 35 34 38 39 37 31 38 37 31 22 7d 2c 22 49 6e |a548971871"},"In|
|00000140| 69 74 43 6f 6d 6d 69 74 22 3a 7b 22 49 44 22 3a |itCommit":{"ID":|
|00000150| 22 39 34 39 65 36 66 61 22 2c 22 45 78 70 65 63 |"949e6fa","Expec|
|00000160| 74 65 64 22 3a 22 39 34 39 65 36 66 61 22 7d 2c |ted":"949e6fa"},|
|00000170| 22 53 65 63 75 72 69 74 79 4f 70 74 69 6f 6e 73 |"SecurityOptions|
|00000180| 22 3a 5b 22 6e 61 6d 65 3d 73 65 63 63 6f 6d 70 |":["name=seccomp|
|00000190| 2c 70 72 6f 66 69 6c 65 3d 64 65 66 61 75 6c 74 |,profile=default|
|000001a0| 22 5d 7d 0a                                     |"]}.            |
+--------+-------------------------------------------------+----------------+
14:03:32.685 [dockerjava-netty-1-2] DEBUG com.github.dockerjava.netty.NettyDockerCmdExecFactory$1 - [id: 0xa7d2d427, L:/127.0.0.1:52064 - R:localhost/127.0.0.1:52061] READ, EmptyLastHttpContent, 0B
14:03:32.685 [dockerjava-netty-1-2] DEBUG com.github.dockerjava.netty.NettyDockerCmdExecFactory$1 - [id: 0xa7d2d427, L:/127.0.0.1:52064 - R:localhost/127.0.0.1:52061] CLOSE
14:03:32.685 [dockerjava-netty-1-2] DEBUG com.github.dockerjava.netty.NettyDockerCmdExecFactory$1 - [id: 0xa7d2d427, L:/127.0.0.1:52064 ! R:localhost/127.0.0.1:52061] READ COMPLETE
14:03:32.685 [dockerjava-netty-1-2] DEBUG com.github.dockerjava.netty.NettyDockerCmdExecFactory$1 - [id: 0xa7d2d427, L:/127.0.0.1:52064 ! R:localhost/127.0.0.1:52061] INACTIVE
14:03:32.685 [dockerjava-netty-1-2] DEBUG com.github.dockerjava.netty.NettyDockerCmdExecFactory$1 - [id: 0xa7d2d427, L:/127.0.0.1:52064 ! R:localhost/127.0.0.1:52061] UNREGISTERED
14:03:32.686 [main] DEBUG com.github.dockerjava.core.command.AbstrDockerCmd - Cmd: com.github.dockerjava.netty.exec.VersionCmdExec@5e01a982
14:03:32.687 [Thread-1] DEBUG org.rnorth.tcpunixsocketproxy.ProxyThread - Accepting incoming connection from /127.0.0.1:52065
14:03:32.688 [dockerjava-netty-1-3] DEBUG com.github.dockerjava.netty.NettyDockerCmdExecFactory$1 - [id: 0xed99c588, L:/127.0.0.1:52065 - R:localhost/127.0.0.1:52061] WRITE, DefaultFullHttpRequest(decodeResult: success, version: HTTP/1.1, content: UnpooledByteBufAllocator$InstrumentedUnpooledUnsafeHeapByteBuf(ridx: 0, widx: 0, cap: 0))
GET /version HTTP/1.1
host: 
connection: keep-alive
accept-encoding: gzip
accept: application/json, 0B
14:03:32.688 [dockerjava-netty-1-3] DEBUG com.github.dockerjava.netty.NettyDockerCmdExecFactory$1 - [id: 0xed99c588, L:/127.0.0.1:52065 - R:localhost/127.0.0.1:52061] FLUSH
14:03:32.690 [dockerjava-netty-1-3] DEBUG com.github.dockerjava.netty.NettyDockerCmdExecFactory$1 - [id: 0xed99c588, L:/127.0.0.1:52065 - R:localhost/127.0.0.1:52061] READ: DefaultHttpResponse(decodeResult: success, version: HTTP/1.1)
HTTP/1.1 200 OK
Api-Version: 1.37
Content-Length: 566
Content-Type: application/json
Date: Thu, 24 May 2018 12:03:21 GMT
Docker-Experimental: true
Ostype: linux
Server: Docker/18.03.1-ce (linux)
14:03:32.690 [dockerjava-netty-1-3] DEBUG com.github.dockerjava.netty.NettyDockerCmdExecFactory$1 - [id: 0xed99c588, L:/127.0.0.1:52065 - R:localhost/127.0.0.1:52061] READ: DefaultLastHttpContent(data: PooledSlicedByteBuf(ridx: 0, widx: 566, cap: 566/566, unwrapped: PooledUnsafeDirectByteBuf(ridx: 771, widx: 771, cap: 1024)), decoderResult: success), 566B
         +-------------------------------------------------+
         |  0  1  2  3  4  5  6  7  8  9  a  b  c  d  e  f |
+--------+-------------------------------------------------+----------------+
|00000000| 7b 22 50 6c 61 74 66 6f 72 6d 22 3a 7b 22 4e 61 |{"Platform":{"Na|
|00000010| 6d 65 22 3a 22 22 7d 2c 22 43 6f 6d 70 6f 6e 65 |me":""},"Compone|
|00000020| 6e 74 73 22 3a 5b 7b 22 4e 61 6d 65 22 3a 22 45 |nts":[{"Name":"E|
|00000030| 6e 67 69 6e 65 22 2c 22 56 65 72 73 69 6f 6e 22 |ngine","Version"|
|00000040| 3a 22 31 38 2e 30 33 2e 31 2d 63 65 22 2c 22 44 |:"18.03.1-ce","D|
|00000050| 65 74 61 69 6c 73 22 3a 7b 22 41 70 69 56 65 72 |etails":{"ApiVer|
|00000060| 73 69 6f 6e 22 3a 22 31 2e 33 37 22 2c 22 41 72 |sion":"1.37","Ar|
|00000070| 63 68 22 3a 22 61 6d 64 36 34 22 2c 22 42 75 69 |ch":"amd64","Bui|
|00000080| 6c 64 54 69 6d 65 22 3a 22 32 30 31 38 2d 30 34 |ldTime":"2018-04|
|00000090| 2d 32 36 54 30 37 3a 32 32 3a 33 38 2e 30 30 30 |-26T07:22:38.000|
|000000a0| 30 30 30 30 30 30 2b 30 30 3a 30 30 22 2c 22 45 |000000+00:00","E|
|000000b0| 78 70 65 72 69 6d 65 6e 74 61 6c 22 3a 22 74 72 |xperimental":"tr|
|000000c0| 75 65 22 2c 22 47 69 74 43 6f 6d 6d 69 74 22 3a |ue","GitCommit":|
|000000d0| 22 39 65 65 39 66 34 30 22 2c 22 47 6f 56 65 72 |"9ee9f40","GoVer|
|000000e0| 73 69 6f 6e 22 3a 22 67 6f 31 2e 39 2e 35 22 2c |sion":"go1.9.5",|
|000000f0| 22 4b 65 72 6e 65 6c 56 65 72 73 69 6f 6e 22 3a |"KernelVersion":|
|00000100| 22 34 2e 39 2e 38 37 2d 6c 69 6e 75 78 6b 69 74 |"4.9.87-linuxkit|
|00000110| 2d 61 75 66 73 22 2c 22 4d 69 6e 41 50 49 56 65 |-aufs","MinAPIVe|
|00000120| 72 73 69 6f 6e 22 3a 22 31 2e 31 32 22 2c 22 4f |rsion":"1.12","O|
|00000130| 73 22 3a 22 6c 69 6e 75 78 22 7d 7d 5d 2c 22 56 |s":"linux"}}],"V|
|00000140| 65 72 73 69 6f 6e 22 3a 22 31 38 2e 30 33 2e 31 |ersion":"18.03.1|
|00000150| 2d 63 65 22 2c 22 41 70 69 56 65 72 73 69 6f 6e |-ce","ApiVersion|
|00000160| 22 3a 22 31 2e 33 37 22 2c 22 4d 69 6e 41 50 49 |":"1.37","MinAPI|
|00000170| 56 65 72 73 69 6f 6e 22 3a 22 31 2e 31 32 22 2c |Version":"1.12",|
|00000180| 22 47 69 74 43 6f 6d 6d 69 74 22 3a 22 39 65 65 |"GitCommit":"9ee|
|00000190| 39 66 34 30 22 2c 22 47 6f 56 65 72 73 69 6f 6e |9f40","GoVersion|
|000001a0| 22 3a 22 67 6f 31 2e 39 2e 35 22 2c 22 4f 73 22 |":"go1.9.5","Os"|
|000001b0| 3a 22 6c 69 6e 75 78 22 2c 22 41 72 63 68 22 3a |:"linux","Arch":|
|000001c0| 22 61 6d 64 36 34 22 2c 22 4b 65 72 6e 65 6c 56 |"amd64","KernelV|
|000001d0| 65 72 73 69 6f 6e 22 3a 22 34 2e 39 2e 38 37 2d |ersion":"4.9.87-|
|000001e0| 6c 69 6e 75 78 6b 69 74 2d 61 75 66 73 22 2c 22 |linuxkit-aufs","|
|000001f0| 45 78 70 65 72 69 6d 65 6e 74 61 6c 22 3a 74 72 |Experimental":tr|
|00000200| 75 65 2c 22 42 75 69 6c 64 54 69 6d 65 22 3a 22 |ue,"BuildTime":"|
|00000210| 32 30 31 38 2d 30 34 2d 32 36 54 30 37 3a 32 32 |2018-04-26T07:22|
|00000220| 3a 33 38 2e 30 30 30 30 30 30 30 30 30 2b 30 30 |:38.000000000+00|
|00000230| 3a 30 30 22 7d 0a                               |:00"}.          |
+--------+-------------------------------------------------+----------------+
14:03:32.692 [dockerjava-netty-1-3] DEBUG com.github.dockerjava.netty.NettyDockerCmdExecFactory$1 - [id: 0xed99c588, L:/127.0.0.1:52065 - R:localhost/127.0.0.1:52061] CLOSE
14:03:32.692 [dockerjava-netty-1-3] DEBUG com.github.dockerjava.netty.NettyDockerCmdExecFactory$1 - [id: 0xed99c588, L:/127.0.0.1:52065 ! R:localhost/127.0.0.1:52061] READ COMPLETE
14:03:32.692 [main] INFO org.testcontainers.DockerClientFactory - Connected to docker: 
  Server Version: 18.03.1-ce
  API Version: 1.37
  Operating System: Docker for Mac
  Total Memory: 3947 MB
14:03:32.692 [dockerjava-netty-1-3] DEBUG com.github.dockerjava.netty.NettyDockerCmdExecFactory$1 - [id: 0xed99c588, L:/127.0.0.1:52065 ! R:localhost/127.0.0.1:52061] INACTIVE
14:03:32.693 [dockerjava-netty-1-3] DEBUG com.github.dockerjava.netty.NettyDockerCmdExecFactory$1 - [id: 0xed99c588, L:/127.0.0.1:52065 ! R:localhost/127.0.0.1:52061] UNREGISTERED
14:03:32.695 [main] DEBUG com.github.dockerjava.core.command.AbstrDockerCmd - Cmd: ListImagesCmdImpl[imageNameFilter=bsideup/moby-ryuk:0.2.2,showAll=false,filters=com.github.dockerjava.core.util.FiltersBuilder@0,execution=com.github.dockerjava.netty.exec.ListImagesCmdExec@52de51b6]
14:03:32.707 [Thread-1] DEBUG org.rnorth.tcpunixsocketproxy.ProxyThread - Accepting incoming connection from /127.0.0.1:52066
14:03:32.707 [dockerjava-netty-1-4] DEBUG com.github.dockerjava.netty.NettyDockerCmdExecFactory$1 - [id: 0x131fb93b, L:/127.0.0.1:52066 - R:localhost/127.0.0.1:52061] WRITE, DefaultFullHttpRequest(decodeResult: success, version: HTTP/1.1, content: UnpooledByteBufAllocator$InstrumentedUnpooledUnsafeHeapByteBuf(ridx: 0, widx: 0, cap: 0))
GET /images/json?filter=bsideup%2Fmoby-ryuk%3A0.2.2 HTTP/1.1
host: 
connection: keep-alive
accept-encoding: gzip
accept: application/json, 0B
14:03:32.708 [dockerjava-netty-1-4] DEBUG com.github.dockerjava.netty.NettyDockerCmdExecFactory$1 - [id: 0x131fb93b, L:/127.0.0.1:52066 - R:localhost/127.0.0.1:52061] FLUSH
14:03:32.729 [dockerjava-netty-1-4] DEBUG com.github.dockerjava.netty.NettyDockerCmdExecFactory$1 - [id: 0x131fb93b, L:/127.0.0.1:52066 - R:localhost/127.0.0.1:52061] READ: DefaultHttpResponse(decodeResult: success, version: HTTP/1.1)
HTTP/1.1 200 OK
Api-Version: 1.37
Content-Length: 259
Content-Type: application/json
Date: Thu, 24 May 2018 12:03:21 GMT
Docker-Experimental: true
Ostype: linux
Server: Docker/18.03.1-ce (linux)
14:03:32.729 [dockerjava-netty-1-4] DEBUG com.github.dockerjava.netty.NettyDockerCmdExecFactory$1 - [id: 0x131fb93b, L:/127.0.0.1:52066 - R:localhost/127.0.0.1:52061] READ: DefaultLastHttpContent(data: PooledSlicedByteBuf(ridx: 0, widx: 259, cap: 259/259, unwrapped: PooledUnsafeDirectByteBuf(ridx: 464, widx: 464, cap: 1024)), decoderResult: success), 259B
         +-------------------------------------------------+
         |  0  1  2  3  4  5  6  7  8  9  a  b  c  d  e  f |
+--------+-------------------------------------------------+----------------+
|00000000| 5b 7b 22 43 6f 6e 74 61 69 6e 65 72 73 22 3a 2d |[{"Containers":-|
|00000010| 31 2c 22 43 72 65 61 74 65 64 22 3a 31 35 31 36 |1,"Created":1516|
|00000020| 30 38 37 38 31 36 2c 22 49 64 22 3a 22 73 68 61 |087816,"Id":"sha|
|00000030| 32 35 36 3a 61 32 37 32 38 33 33 33 38 66 31 62 |256:a27283338f1b|
|00000040| 61 39 30 63 38 32 37 30 35 66 35 33 62 32 64 65 |a90c82705f53b2de|
|00000050| 63 36 37 65 38 38 31 30 37 61 65 65 61 38 64 64 |c67e88107aeea8dd|
|00000060| 38 36 65 30 30 36 39 65 37 65 65 30 65 38 36 64 |86e0069e7ee0e86d|
|00000070| 64 64 34 36 22 2c 22 4c 61 62 65 6c 73 22 3a 6e |dd46","Labels":n|
|00000080| 75 6c 6c 2c 22 50 61 72 65 6e 74 49 64 22 3a 22 |ull,"ParentId":"|
|00000090| 22 2c 22 52 65 70 6f 44 69 67 65 73 74 73 22 3a |","RepoDigests":|
|000000a0| 6e 75 6c 6c 2c 22 52 65 70 6f 54 61 67 73 22 3a |null,"RepoTags":|
|000000b0| 5b 22 62 73 69 64 65 75 70 2f 6d 6f 62 79 2d 72 |["bsideup/moby-r|
|000000c0| 79 75 6b 3a 30 2e 32 2e 32 22 5d 2c 22 53 68 61 |yuk:0.2.2"],"Sha|
|000000d0| 72 65 64 53 69 7a 65 22 3a 2d 31 2c 22 53 69 7a |redSize":-1,"Siz|
|000000e0| 65 22 3a 39 33 30 36 35 35 30 2c 22 56 69 72 74 |e":9306550,"Virt|
|000000f0| 75 61 6c 53 69 7a 65 22 3a 39 33 30 36 35 35 30 |ualSize":9306550|
|00000100| 7d 5d 0a                                        |}].             |
+--------+-------------------------------------------------+----------------+
14:03:32.731 [dockerjava-netty-1-4] DEBUG com.github.dockerjava.netty.NettyDockerCmdExecFactory$1 - [id: 0x131fb93b, L:/127.0.0.1:52066 - R:localhost/127.0.0.1:52061] CLOSE
14:03:32.731 [dockerjava-netty-1-4] DEBUG com.github.dockerjava.netty.NettyDockerCmdExecFactory$1 - [id: 0x131fb93b, L:/127.0.0.1:52066 ! R:localhost/127.0.0.1:52061] READ COMPLETE
14:03:32.732 [dockerjava-netty-1-4] DEBUG com.github.dockerjava.netty.NettyDockerCmdExecFactory$1 - [id: 0x131fb93b, L:/127.0.0.1:52066 ! R:localhost/127.0.0.1:52061] INACTIVE
14:03:32.732 [dockerjava-netty-1-4] DEBUG com.github.dockerjava.netty.NettyDockerCmdExecFactory$1 - [id: 0x131fb93b, L:/127.0.0.1:52066 ! R:localhost/127.0.0.1:52061] UNREGISTERED
14:03:32.772 [main] DEBUG org.testcontainers.utility.MountableFile - Copying classpath resource(s) from jar:file:/Users/williamkorando/.m2/repository/org/testcontainers/testcontainers/1.6.0/testcontainers-1.6.0.jar!/org/testcontainers/utility/ResourceReaper.class to /tmp/.testcontainers-tmp-652020401986900042 to permit Docker to bind
14:03:32.772 [main] DEBUG org.testcontainers.utility.MountableFile - Copying resource org/testcontainers/utility/ResourceReaper.class from JAR file /Users/williamkorando/.m2/repository/org/testcontainers/testcontainers/1.6.0/testcontainers-1.6.0.jar
14:03:32.778 [main] DEBUG com.github.dockerjava.core.command.AbstrDockerCmd - Cmd: com.github.dockerjava.core.command.CreateContainerCmdImpl@66b7550d[name=testcontainers-ryuk-f6cf843c-7040-42b8-b7b7-70cb792f44df,hostName=<null>,domainName=<null>,user=<null>,attachStdin=<null>,attachStdout=<null>,attachStderr=<null>,portSpecs=<null>,tty=<null>,stdinOpen=<null>,stdInOnce=<null>,env=<null>,cmd=<null>,entrypoint=<null>,image=bsideup/moby-ryuk:0.2.2,volumes=com.github.dockerjava.api.model.Volumes@698122b2,workingDir=<null>,macAddress=<null>,networkDisabled=<null>,exposedPorts=com.github.dockerjava.api.model.ExposedPorts@4212a0c8,stopSignal=<null>,hostConfig=org.testcontainers.utility.ResourceReaper$1@1e7aa82b[autoRemove=true,binds=com.github.dockerjava.api.model.Binds@1c6804cd,blkioWeight=<null>,blkioWeightDevice=<null>,blkioDeviceReadBps=<null>,blkioDeviceReadIOps=<null>,blkioDeviceWriteBps=<null>,blkioDeviceWriteIOps=<null>,memorySwappiness=<null>,capAdd=<null>,capDrop=<null>,containerIDFile=<null>,cpuPeriod=<null>,cpuShares=<null>,cpuQuota=<null>,cpusetCpus=<null>,cpusetMems=<null>,devices=<null>,dns=<null>,dnsSearch=<null>,extraHosts=<null>,links=<null>,logConfig=<null>,lxcConf=<null>,memory=<null>,memorySwap=<null>,memoryReservation=<null>,kernelMemory=<null>,networkMode=<null>,oomKillDisable=<null>,oomScoreAdj=<null>,portBindings=<null>,privileged=<null>,publishAllPorts=true,readonlyRootfs=<null>,restartPolicy=<null>,ulimits=<null>,volumesFrom=<null>,pidMode=<null>,securityOpts=<null>,cgroupParent=<null>,volumeDriver=<null>,shmSize=<null>,pidsLimit=<null>],labels={org.testcontainers=true},networkingConfig=<null>,ipv4Address=<null>,ipv6Address=<null>,aliases=<null>,execution=com.github.dockerjava.netty.exec.CreateContainerCmdExec@655f7ea]
14:03:32.784 [Thread-1] DEBUG org.rnorth.tcpunixsocketproxy.ProxyThread - Accepting incoming connection from /127.0.0.1:52067
14:03:32.828 [dockerjava-netty-1-5] DEBUG com.github.dockerjava.netty.NettyDockerCmdExecFactory$1 - [id: 0x473c96ff, L:/127.0.0.1:52067 - R:localhost/127.0.0.1:52061] WRITE: DefaultFullHttpRequest(decodeResult: success, version: HTTP/1.1, content: UnpooledByteBufAllocator$InstrumentedUnpooledUnsafeHeapByteBuf(ridx: 0, widx: 354, cap: 512))
POST /containers/create?name=testcontainers-ryuk-f6cf843c-7040-42b8-b7b7-70cb792f44df HTTP/1.1
content-type: application/json
content-length: 354
host: 
connection: keep-alive
accept-encoding: gzip
accept: application/json, 354B
         +-------------------------------------------------+
         |  0  1  2  3  4  5  6  7  8  9  a  b  c  d  e  f |
+--------+-------------------------------------------------+----------------+
|00000000| 7b 22 6e 61 6d 65 22 3a 22 74 65 73 74 63 6f 6e |{"name":"testcon|
|00000010| 74 61 69 6e 65 72 73 2d 72 79 75 6b 2d 66 36 63 |tainers-ryuk-f6c|
|00000020| 66 38 34 33 63 2d 37 30 34 30 2d 34 32 62 38 2d |f843c-7040-42b8-|
|00000030| 62 37 62 37 2d 37 30 63 62 37 39 32 66 34 34 64 |b7b7-70cb792f44d|
|00000040| 66 22 2c 22 49 6d 61 67 65 22 3a 22 62 73 69 64 |f","Image":"bsid|
|00000050| 65 75 70 2f 6d 6f 62 79 2d 72 79 75 6b 3a 30 2e |eup/moby-ryuk:0.|
|00000060| 32 2e 32 22 2c 22 56 6f 6c 75 6d 65 73 22 3a 7b |2.2","Volumes":{|
|00000070| 7d 2c 22 45 78 70 6f 73 65 64 50 6f 72 74 73 22 |},"ExposedPorts"|
|00000080| 3a 7b 22 38 30 38 30 2f 74 63 70 22 3a 7b 7d 7d |:{"8080/tcp":{}}|
|00000090| 2c 22 48 6f 73 74 43 6f 6e 66 69 67 22 3a 7b 22 |,"HostConfig":{"|
|000000a0| 42 69 6e 64 73 22 3a 5b 22 2f 2f 76 61 72 2f 72 |Binds":["//var/r|
|000000b0| 75 6e 2f 64 6f 63 6b 65 72 2e 73 6f 63 6b 3a 2f |un/docker.sock:/|
|000000c0| 76 61 72 2f 72 75 6e 2f 64 6f 63 6b 65 72 2e 73 |var/run/docker.s|
|000000d0| 6f 63 6b 3a 72 77 22 2c 22 2f 74 6d 70 2f 2e 74 |ock:rw","/tmp/.t|
|000000e0| 65 73 74 63 6f 6e 74 61 69 6e 65 72 73 2d 74 6d |estcontainers-tm|
|000000f0| 70 2d 36 35 32 30 32 30 34 30 31 39 38 36 39 30 |p-65202040198690|
|00000100| 30 30 34 32 3a 2f 64 75 6d 6d 79 3a 72 6f 22 5d |0042:/dummy:ro"]|
|00000110| 2c 22 50 75 62 6c 69 73 68 41 6c 6c 50 6f 72 74 |,"PublishAllPort|
|00000120| 73 22 3a 74 72 75 65 2c 22 41 75 74 6f 52 65 6d |s":true,"AutoRem|
|00000130| 6f 76 65 22 3a 74 72 75 65 7d 2c 22 4c 61 62 65 |ove":true},"Labe|
|00000140| 6c 73 22 3a 7b 22 6f 72 67 2e 74 65 73 74 63 6f |ls":{"org.testco|
|00000150| 6e 74 61 69 6e 65 72 73 22 3a 22 74 72 75 65 22 |ntainers":"true"|
|00000160| 7d 7d                                           |}}              |
+--------+-------------------------------------------------+----------------+
14:03:32.829 [dockerjava-netty-1-5] DEBUG com.github.dockerjava.netty.NettyDockerCmdExecFactory$1 - [id: 0x473c96ff, L:/127.0.0.1:52067 - R:localhost/127.0.0.1:52061] FLUSH
14:03:32.953 [dockerjava-netty-1-5] DEBUG com.github.dockerjava.netty.NettyDockerCmdExecFactory$1 - [id: 0x473c96ff, L:/127.0.0.1:52067 - R:localhost/127.0.0.1:52061] READ: DefaultHttpResponse(decodeResult: success, version: HTTP/1.1)
HTTP/1.1 201 Created
Api-Version: 1.37
Content-Length: 90
Content-Type: application/json
Date: Thu, 24 May 2018 12:03:22 GMT
Docker-Experimental: true
Ostype: linux
Server: Docker/18.03.1-ce (linux)
14:03:32.953 [dockerjava-netty-1-5] DEBUG com.github.dockerjava.netty.NettyDockerCmdExecFactory$1 - [id: 0x473c96ff, L:/127.0.0.1:52067 - R:localhost/127.0.0.1:52061] READ: DefaultLastHttpContent(data: PooledSlicedByteBuf(ridx: 0, widx: 90, cap: 90/90, unwrapped: PooledUnsafeDirectByteBuf(ridx: 299, widx: 299, cap: 1024)), decoderResult: success), 90B
         +-------------------------------------------------+
         |  0  1  2  3  4  5  6  7  8  9  a  b  c  d  e  f |
+--------+-------------------------------------------------+----------------+
|00000000| 7b 22 49 64 22 3a 22 65 33 62 37 62 37 37 31 65 |{"Id":"e3b7b771e|
|00000010| 65 66 66 35 61 66 37 35 62 63 39 63 39 66 39 35 |eff5af75bc9c9f95|
|00000020| 62 35 64 64 62 61 30 33 61 36 36 64 63 38 66 32 |b5ddba03a66dc8f2|
|00000030| 37 62 38 34 36 36 32 36 30 31 38 65 63 36 34 65 |7b846626018ec64e|
|00000040| 63 34 39 61 38 63 63 22 2c 22 57 61 72 6e 69 6e |c49a8cc","Warnin|
|00000050| 67 73 22 3a 6e 75 6c 6c 7d 0a                   |gs":null}.      |
+--------+-------------------------------------------------+----------------+
14:03:32.954 [dockerjava-netty-1-5] DEBUG com.github.dockerjava.netty.NettyDockerCmdExecFactory$1 - [id: 0x473c96ff, L:/127.0.0.1:52067 - R:localhost/127.0.0.1:52061] CLOSE
14:03:32.955 [dockerjava-netty-1-5] DEBUG com.github.dockerjava.netty.NettyDockerCmdExecFactory$1 - [id: 0x473c96ff, L:/127.0.0.1:52067 ! R:localhost/127.0.0.1:52061] READ COMPLETE
14:03:32.955 [dockerjava-netty-1-5] DEBUG com.github.dockerjava.netty.NettyDockerCmdExecFactory$1 - [id: 0x473c96ff, L:/127.0.0.1:52067 ! R:localhost/127.0.0.1:52061] INACTIVE
14:03:32.955 [dockerjava-netty-1-5] DEBUG com.github.dockerjava.netty.NettyDockerCmdExecFactory$1 - [id: 0x473c96ff, L:/127.0.0.1:52067 ! R:localhost/127.0.0.1:52061] UNREGISTERED
14:03:32.957 [main] DEBUG com.github.dockerjava.core.command.AbstrDockerCmd - Cmd: e3b7b771eeff5af75bc9c9f95b5ddba03a66dc8f27b846626018ec64ec49a8cc,com.github.dockerjava.netty.exec.StartContainerCmdExec@56bca85b
14:03:32.958 [Thread-1] DEBUG org.rnorth.tcpunixsocketproxy.ProxyThread - Accepting incoming connection from /127.0.0.1:52068
14:03:32.959 [dockerjava-netty-1-6] DEBUG com.github.dockerjava.netty.NettyDockerCmdExecFactory$1 - [id: 0x61d4a172, L:/127.0.0.1:52068 - R:localhost/127.0.0.1:52061] WRITE: DefaultFullHttpRequest(decodeResult: success, version: HTTP/1.1, content: UnpooledByteBufAllocator$InstrumentedUnpooledUnsafeHeapByteBuf(ridx: 0, widx: 2, cap: 64))
POST /containers/e3b7b771eeff5af75bc9c9f95b5ddba03a66dc8f27b846626018ec64ec49a8cc/start HTTP/1.1
content-type: application/json
content-length: 2
host: 
connection: keep-alive
accept-encoding: gzip
accept: application/json, 2B
         +-------------------------------------------------+
         |  0  1  2  3  4  5  6  7  8  9  a  b  c  d  e  f |
+--------+-------------------------------------------------+----------------+
|00000000| 7b 7d                                           |{}              |
+--------+-------------------------------------------------+----------------+
14:03:32.960 [dockerjava-netty-1-6] DEBUG com.github.dockerjava.netty.NettyDockerCmdExecFactory$1 - [id: 0x61d4a172, L:/127.0.0.1:52068 - R:localhost/127.0.0.1:52061] FLUSH
14:03:33.363 [dockerjava-netty-1-6] DEBUG com.github.dockerjava.netty.NettyDockerCmdExecFactory$1 - [id: 0x61d4a172, L:/127.0.0.1:52068 - R:localhost/127.0.0.1:52061] READ: DefaultHttpResponse(decodeResult: success, version: HTTP/1.1)
HTTP/1.1 204 No Content
Api-Version: 1.37
Date: Thu, 24 May 2018 12:03:22 GMT
Docker-Experimental: true
Ostype: linux
Server: Docker/18.03.1-ce (linux)
14:03:33.363 [dockerjava-netty-1-6] DEBUG com.github.dockerjava.netty.NettyDockerCmdExecFactory$1 - [id: 0x61d4a172, L:/127.0.0.1:52068 - R:localhost/127.0.0.1:52061] READ, EmptyLastHttpContent, 0B
14:03:33.364 [dockerjava-netty-1-6] DEBUG com.github.dockerjava.netty.NettyDockerCmdExecFactory$1 - [id: 0x61d4a172, L:/127.0.0.1:52068 - R:localhost/127.0.0.1:52061] CLOSE
14:03:33.364 [dockerjava-netty-1-6] DEBUG com.github.dockerjava.netty.NettyDockerCmdExecFactory$1 - [id: 0x61d4a172, L:/127.0.0.1:52068 ! R:localhost/127.0.0.1:52061] READ COMPLETE
14:03:33.364 [dockerjava-netty-1-6] DEBUG com.github.dockerjava.netty.NettyDockerCmdExecFactory$1 - [id: 0x61d4a172, L:/127.0.0.1:52068 ! R:localhost/127.0.0.1:52061] INACTIVE
14:03:33.364 [dockerjava-netty-1-6] DEBUG com.github.dockerjava.netty.NettyDockerCmdExecFactory$1 - [id: 0x61d4a172, L:/127.0.0.1:52068 ! R:localhost/127.0.0.1:52061] UNREGISTERED
14:03:33.365 [main] DEBUG com.github.dockerjava.core.command.AbstrDockerCmd - Cmd: e3b7b771eeff5af75bc9c9f95b5ddba03a66dc8f27b846626018ec64ec49a8cc,false,com.github.dockerjava.netty.exec.InspectContainerCmdExec@ea9b7c6
14:03:33.365 [main] DEBUG com.github.dockerjava.netty.exec.InspectContainerCmdExec - GET: com.github.dockerjava.netty.WebTarget@ca48b2c4
14:03:33.372 [Thread-1] DEBUG org.rnorth.tcpunixsocketproxy.ProxyThread - Accepting incoming connection from /127.0.0.1:52069
14:03:33.373 [dockerjava-netty-1-7] DEBUG com.github.dockerjava.netty.NettyDockerCmdExecFactory$1 - [id: 0x4bc12019, L:/127.0.0.1:52069 - R:localhost/127.0.0.1:52061] WRITE, DefaultFullHttpRequest(decodeResult: success, version: HTTP/1.1, content: UnpooledByteBufAllocator$InstrumentedUnpooledUnsafeHeapByteBuf(ridx: 0, widx: 0, cap: 0))
GET /containers/e3b7b771eeff5af75bc9c9f95b5ddba03a66dc8f27b846626018ec64ec49a8cc/json HTTP/1.1
host: 
connection: keep-alive
accept-encoding: gzip
accept: application/json, 0B
14:03:33.373 [dockerjava-netty-1-7] DEBUG com.github.dockerjava.netty.NettyDockerCmdExecFactory$1 - [id: 0x4bc12019, L:/127.0.0.1:52069 - R:localhost/127.0.0.1:52061] FLUSH
14:03:33.376 [dockerjava-netty-1-7] DEBUG com.github.dockerjava.netty.NettyDockerCmdExecFactory$1 - [id: 0x4bc12019, L:/127.0.0.1:52069 - R:localhost/127.0.0.1:52061] READ: DefaultHttpResponse(decodeResult: success, version: HTTP/1.1)
HTTP/1.1 200 OK
Api-Version: 1.37
Content-Type: application/json
Date: Thu, 24 May 2018 12:03:22 GMT
Docker-Experimental: true
Ostype: linux
Server: Docker/18.03.1-ce (linux)
Transfer-Encoding: chunked
14:03:33.376 [dockerjava-netty-1-7] DEBUG com.github.dockerjava.netty.NettyDockerCmdExecFactory$1 - [id: 0x4bc12019, L:/127.0.0.1:52069 - R:localhost/127.0.0.1:52061] READ: DefaultHttpContent(data: PooledSlicedByteBuf(ridx: 0, widx: 806, cap: 806/806, unwrapped: PooledUnsafeDirectByteBuf(ridx: 1024, widx: 1024, cap: 1024)), decoderResult: success), 806B
         +-------------------------------------------------+
         |  0  1  2  3  4  5  6  7  8  9  a  b  c  d  e  f |
+--------+-------------------------------------------------+----------------+
|00000000| 7b 22 49 64 22 3a 22 65 33 62 37 62 37 37 31 65 |{"Id":"e3b7b771e|
|00000010| 65 66 66 35 61 66 37 35 62 63 39 63 39 66 39 35 |eff5af75bc9c9f95|
|00000020| 62 35 64 64 62 61 30 33 61 36 36 64 63 38 66 32 |b5ddba03a66dc8f2|
|00000030| 37 62 38 34 36 36 32 36 30 31 38 65 63 36 34 65 |7b846626018ec64e|
|00000040| 63 34 39 61 38 63 63 22 2c 22 43 72 65 61 74 65 |c49a8cc","Create|
|00000050| 64 22 3a 22 32 30 31 38 2d 30 35 2d 32 34 54 31 |d":"2018-05-24T1|
|00000060| 32 3a 30 33 3a 32 31 2e 39 37 35 37 32 32 32 5a |2:03:21.9757222Z|
|00000070| 22 2c 22 50 61 74 68 22 3a 22 2f 61 70 70 22 2c |","Path":"/app",|
|00000080| 22 41 72 67 73 22 3a 5b 5d 2c 22 53 74 61 74 65 |"Args":[],"State|
|00000090| 22 3a 7b 22 53 74 61 74 75 73 22 3a 22 72 75 6e |":{"Status":"run|
|000000a0| 6e 69 6e 67 22 2c 22 52 75 6e 6e 69 6e 67 22 3a |ning","Running":|
|000000b0| 74 72 75 65 2c 22 50 61 75 73 65 64 22 3a 66 61 |true,"Paused":fa|
|000000c0| 6c 73 65 2c 22 52 65 73 74 61 72 74 69 6e 67 22 |lse,"Restarting"|
|000000d0| 3a 66 61 6c 73 65 2c 22 4f 4f 4d 4b 69 6c 6c 65 |:false,"OOMKille|
|000000e0| 64 22 3a 66 61 6c 73 65 2c 22 44 65 61 64 22 3a |d":false,"Dead":|
|000000f0| 66 61 6c 73 65 2c 22 50 69 64 22 3a 33 37 31 32 |false,"Pid":3712|
|00000100| 2c 22 45 78 69 74 43 6f 64 65 22 3a 30 2c 22 45 |,"ExitCode":0,"E|
|00000110| 72 72 6f 72 22 3a 22 22 2c 22 53 74 61 72 74 65 |rror":"","Starte|
|00000120| 64 41 74 22 3a 22 32 30 31 38 2d 30 35 2d 32 34 |dAt":"2018-05-24|
|00000130| 54 31 32 3a 30 33 3a 32 32 2e 35 30 30 30 31 35 |T12:03:22.500015|
|00000140| 36 5a 22 2c 22 46 69 6e 69 73 68 65 64 41 74 22 |6Z","FinishedAt"|
|00000150| 3a 22 30 30 30 31 2d 30 31 2d 30 31 54 30 30 3a |:"0001-01-01T00:|
|00000160| 30 30 3a 30 30 5a 22 7d 2c 22 49 6d 61 67 65 22 |00:00Z"},"Image"|
|00000170| 3a 22 73 68 61 32 35 36 3a 61 32 37 32 38 33 33 |:"sha256:a272833|
|00000180| 33 38 66 31 62 61 39 30 63 38 32 37 30 35 66 35 |38f1ba90c82705f5|
|00000190| 33 62 32 64 65 63 36 37 65 38 38 31 30 37 61 65 |3b2dec67e88107ae|
|000001a0| 65 61 38 64 64 38 36 65 30 30 36 39 65 37 65 65 |ea8dd86e0069e7ee|
|000001b0| 30 65 38 36 64 64 64 34 36 22 2c 22 52 65 73 6f |0e86ddd46","Reso|
|000001c0| 6c 76 43 6f 6e 66 50 61 74 68 22 3a 22 2f 76 61 |lvConfPath":"/va|
|000001d0| 72 2f 6c 69 62 2f 64 6f 63 6b 65 72 2f 63 6f 6e |r/lib/docker/con|
|000001e0| 74 61 69 6e 65 72 73 2f 65 33 62 37 62 37 37 31 |tainers/e3b7b771|
|000001f0| 65 65 66 66 35 61 66 37 35 62 63 39 63 39 66 39 |eeff5af75bc9c9f9|
|00000200| 35 62 35 64 64 62 61 30 33 61 36 36 64 63 38 66 |5b5ddba03a66dc8f|
|00000210| 32 37 62 38 34 36 36 32 36 30 31 38 65 63 36 34 |27b846626018ec64|
|00000220| 65 63 34 39 61 38 63 63 2f 72 65 73 6f 6c 76 2e |ec49a8cc/resolv.|
|00000230| 63 6f 6e 66 22 2c 22 48 6f 73 74 6e 61 6d 65 50 |conf","HostnameP|
|00000240| 61 74 68 22 3a 22 2f 76 61 72 2f 6c 69 62 2f 64 |ath":"/var/lib/d|
|00000250| 6f 63 6b 65 72 2f 63 6f 6e 74 61 69 6e 65 72 73 |ocker/containers|
|00000260| 2f 65 33 62 37 62 37 37 31 65 65 66 66 35 61 66 |/e3b7b771eeff5af|
|00000270| 37 35 62 63 39 63 39 66 39 35 62 35 64 64 62 61 |75bc9c9f95b5ddba|
|00000280| 30 33 61 36 36 64 63 38 66 32 37 62 38 34 36 36 |03a66dc8f27b8466|
|00000290| 32 36 30 31 38 65 63 36 34 65 63 34 39 61 38 63 |26018ec64ec49a8c|
|000002a0| 63 2f 68 6f 73 74 6e 61 6d 65 22 2c 22 48 6f 73 |c/hostname","Hos|
|000002b0| 74 73 50 61 74 68 22 3a 22 2f 76 61 72 2f 6c 69 |tsPath":"/var/li|
|000002c0| 62 2f 64 6f 63 6b 65 72 2f 63 6f 6e 74 61 69 6e |b/docker/contain|
|000002d0| 65 72 73 2f 65 33 62 37 62 37 37 31 65 65 66 66 |ers/e3b7b771eeff|
|000002e0| 35 61 66 37 35 62 63 39 63 39 66 39 35 62 35 64 |5af75bc9c9f95b5d|
|000002f0| 64 62 61 30 33 61 36 36 64 63 38 66 32 37 62 38 |dba03a66dc8f27b8|
|00000300| 34 36 36 32 36 30 31 38 65 63 36 34 65 63 34 39 |46626018ec64ec49|
|00000310| 61 38 63 63 2f 68 6f 73 74 73 22 2c 22 4c 6f 67 |a8cc/hosts","Log|
|00000320| 50 61 74 68 22 3a                               |Path":          |
+--------+-------------------------------------------------+----------------+
14:03:33.376 [dockerjava-netty-1-7] DEBUG com.github.dockerjava.netty.NettyDockerCmdExecFactory$1 - [id: 0x4bc12019, L:/127.0.0.1:52069 - R:localhost/127.0.0.1:52061] READ: DefaultHttpContent(data: PooledSlicedByteBuf(ridx: 0, widx: 1024, cap: 1024/1024, unwrapped: PooledUnsafeDirectByteBuf(ridx: 1024, widx: 1024, cap: 1024)), decoderResult: success), 1024B
         +-------------------------------------------------+
         |  0  1  2  3  4  5  6  7  8  9  a  b  c  d  e  f |
+--------+-------------------------------------------------+----------------+
|00000000| 22 2f 76 61 72 2f 6c 69 62 2f 64 6f 63 6b 65 72 |"/var/lib/docker|
|00000010| 2f 63 6f 6e 74 61 69 6e 65 72 73 2f 65 33 62 37 |/containers/e3b7|
|00000020| 62 37 37 31 65 65 66 66 35 61 66 37 35 62 63 39 |b771eeff5af75bc9|
|00000030| 63 39 66 39 35 62 35 64 64 62 61 30 33 61 36 36 |c9f95b5ddba03a66|
|00000040| 64 63 38 66 32 37 62 38 34 36 36 32 36 30 31 38 |dc8f27b846626018|
|00000050| 65 63 36 34 65 63 34 39 61 38 63 63 2f 65 33 62 |ec64ec49a8cc/e3b|
|00000060| 37 62 37 37 31 65 65 66 66 35 61 66 37 35 62 63 |7b771eeff5af75bc|
|00000070| 39 63 39 66 39 35 62 35 64 64 62 61 30 33 61 36 |9c9f95b5ddba03a6|
|00000080| 36 64 63 38 66 32 37 62 38 34 36 36 32 36 30 31 |6dc8f27b84662601|
|00000090| 38 65 63 36 34 65 63 34 39 61 38 63 63 2d 6a 73 |8ec64ec49a8cc-js|
|000000a0| 6f 6e 2e 6c 6f 67 22 2c 22 4e 61 6d 65 22 3a 22 |on.log","Name":"|
|000000b0| 2f 74 65 73 74 63 6f 6e 74 61 69 6e 65 72 73 2d |/testcontainers-|
|000000c0| 72 79 75 6b 2d 66 36 63 66 38 34 33 63 2d 37 30 |ryuk-f6cf843c-70|
|000000d0| 34 30 2d 34 32 62 38 2d 62 37 62 37 2d 37 30 63 |40-42b8-b7b7-70c|
|000000e0| 62 37 39 32 66 34 34 64 66 22 2c 22 52 65 73 74 |b792f44df","Rest|
|000000f0| 61 72 74 43 6f 75 6e 74 22 3a 30 2c 22 44 72 69 |artCount":0,"Dri|
|00000100| 76 65 72 22 3a 22 6f 76 65 72 6c 61 79 32 22 2c |ver":"overlay2",|
|00000110| 22 50 6c 61 74 66 6f 72 6d 22 3a 22 6c 69 6e 75 |"Platform":"linu|
|00000120| 78 22 2c 22 4d 6f 75 6e 74 4c 61 62 65 6c 22 3a |x","MountLabel":|
|00000130| 22 22 2c 22 50 72 6f 63 65 73 73 4c 61 62 65 6c |"","ProcessLabel|
|00000140| 22 3a 22 22 2c 22 41 70 70 41 72 6d 6f 72 50 72 |":"","AppArmorPr|
|00000150| 6f 66 69 6c 65 22 3a 22 22 2c 22 45 78 65 63 49 |ofile":"","ExecI|
|00000160| 44 73 22 3a 6e 75 6c 6c 2c 22 48 6f 73 74 43 6f |Ds":null,"HostCo|
|00000170| 6e 66 69 67 22 3a 7b 22 42 69 6e 64 73 22 3a 5b |nfig":{"Binds":[|
|00000180| 22 2f 2f 76 61 72 2f 72 75 6e 2f 64 6f 63 6b 65 |"//var/run/docke|
|00000190| 72 2e 73 6f 63 6b 3a 2f 76 61 72 2f 72 75 6e 2f |r.sock:/var/run/|
|000001a0| 64 6f 63 6b 65 72 2e 73 6f 63 6b 3a 72 77 22 2c |docker.sock:rw",|
|000001b0| 22 2f 74 6d 70 2f 2e 74 65 73 74 63 6f 6e 74 61 |"/tmp/.testconta|
|000001c0| 69 6e 65 72 73 2d 74 6d 70 2d 36 35 32 30 32 30 |iners-tmp-652020|
|000001d0| 34 30 31 39 38 36 39 30 30 30 34 32 3a 2f 64 75 |401986900042:/du|
|000001e0| 6d 6d 79 3a 72 6f 22 5d 2c 22 43 6f 6e 74 61 69 |mmy:ro"],"Contai|
|000001f0| 6e 65 72 49 44 46 69 6c 65 22 3a 22 22 2c 22 4c |nerIDFile":"","L|
|00000200| 6f 67 43 6f 6e 66 69 67 22 3a 7b 22 54 79 70 65 |ogConfig":{"Type|
|00000210| 22 3a 22 6a 73 6f 6e 2d 66 69 6c 65 22 2c 22 43 |":"json-file","C|
|00000220| 6f 6e 66 69 67 22 3a 7b 7d 7d 2c 22 4e 65 74 77 |onfig":{}},"Netw|
|00000230| 6f 72 6b 4d 6f 64 65 22 3a 22 64 65 66 61 75 6c |orkMode":"defaul|
|00000240| 74 22 2c 22 50 6f 72 74 42 69 6e 64 69 6e 67 73 |t","PortBindings|
|00000250| 22 3a 6e 75 6c 6c 2c 22 52 65 73 74 61 72 74 50 |":null,"RestartP|
|00000260| 6f 6c 69 63 79 22 3a 7b 22 4e 61 6d 65 22 3a 22 |olicy":{"Name":"|
|00000270| 22 2c 22 4d 61 78 69 6d 75 6d 52 65 74 72 79 43 |","MaximumRetryC|
|00000280| 6f 75 6e 74 22 3a 30 7d 2c 22 41 75 74 6f 52 65 |ount":0},"AutoRe|
|00000290| 6d 6f 76 65 22 3a 74 72 75 65 2c 22 56 6f 6c 75 |move":true,"Volu|
|000002a0| 6d 65 44 72 69 76 65 72 22 3a 22 22 2c 22 56 6f |meDriver":"","Vo|
|000002b0| 6c 75 6d 65 73 46 72 6f 6d 22 3a 6e 75 6c 6c 2c |lumesFrom":null,|
|000002c0| 22 43 61 70 41 64 64 22 3a 6e 75 6c 6c 2c 22 43 |"CapAdd":null,"C|
|000002d0| 61 70 44 72 6f 70 22 3a 6e 75 6c 6c 2c 22 44 6e |apDrop":null,"Dn|
|000002e0| 73 22 3a 6e 75 6c 6c 2c 22 44 6e 73 4f 70 74 69 |s":null,"DnsOpti|
|000002f0| 6f 6e 73 22 3a 6e 75 6c 6c 2c 22 44 6e 73 53 65 |ons":null,"DnsSe|
|00000300| 61 72 63 68 22 3a 6e 75 6c 6c 2c 22 45 78 74 72 |arch":null,"Extr|
|00000310| 61 48 6f 73 74 73 22 3a 6e 75 6c 6c 2c 22 47 72 |aHosts":null,"Gr|
|00000320| 6f 75 70 41 64 64 22 3a 6e 75 6c 6c 2c 22 49 70 |oupAdd":null,"Ip|
|00000330| 63 4d 6f 64 65 22 3a 22 73 68 61 72 65 61 62 6c |cMode":"shareabl|
|00000340| 65 22 2c 22 43 67 72 6f 75 70 22 3a 22 22 2c 22 |e","Cgroup":"","|
|00000350| 4c 69 6e 6b 73 22 3a 6e 75 6c 6c 2c 22 4f 6f 6d |Links":null,"Oom|
|00000360| 53 63 6f 72 65 41 64 6a 22 3a 30 2c 22 50 69 64 |ScoreAdj":0,"Pid|
|00000370| 4d 6f 64 65 22 3a 22 22 2c 22 50 72 69 76 69 6c |Mode":"","Privil|
|00000380| 65 67 65 64 22 3a 66 61 6c 73 65 2c 22 50 75 62 |eged":false,"Pub|
|00000390| 6c 69 73 68 41 6c 6c 50 6f 72 74 73 22 3a 74 72 |lishAllPorts":tr|
|000003a0| 75 65 2c 22 52 65 61 64 6f 6e 6c 79 52 6f 6f 74 |ue,"ReadonlyRoot|
|000003b0| 66 73 22 3a 66 61 6c 73 65 2c 22 53 65 63 75 72 |fs":false,"Secur|
|000003c0| 69 74 79 4f 70 74 22 3a 6e 75 6c 6c 2c 22 55 54 |ityOpt":null,"UT|
|000003d0| 53 4d 6f 64 65 22 3a 22 22 2c 22 55 73 65 72 6e |SMode":"","Usern|
|000003e0| 73 4d 6f 64 65 22 3a 22 22 2c 22 53 68 6d 53 69 |sMode":"","ShmSi|
|000003f0| 7a 65 22 3a 36 37 31 30 38 38 36 34 2c 22 52 75 |ze":67108864,"Ru|
+--------+-------------------------------------------------+----------------+
14:03:33.377 [dockerjava-netty-1-7] DEBUG com.github.dockerjava.netty.NettyDockerCmdExecFactory$1 - [id: 0x4bc12019, L:/127.0.0.1:52069 - R:localhost/127.0.0.1:52061] READ: DefaultHttpContent(data: PooledSlicedByteBuf(ridx: 0, widx: 1024, cap: 1024/1024, unwrapped: PooledUnsafeDirectByteBuf(ridx: 1024, widx: 1024, cap: 1024)), decoderResult: success), 1024B
         +-------------------------------------------------+
         |  0  1  2  3  4  5  6  7  8  9  a  b  c  d  e  f |
+--------+-------------------------------------------------+----------------+
|00000000| 6e 74 69 6d 65 22 3a 22 72 75 6e 63 22 2c 22 43 |ntime":"runc","C|
|00000010| 6f 6e 73 6f 6c 65 53 69 7a 65 22 3a 5b 30 2c 30 |onsoleSize":[0,0|
|00000020| 5d 2c 22 49 73 6f 6c 61 74 69 6f 6e 22 3a 22 22 |],"Isolation":""|
|00000030| 2c 22 43 70 75 53 68 61 72 65 73 22 3a 30 2c 22 |,"CpuShares":0,"|
|00000040| 4d 65 6d 6f 72 79 22 3a 30 2c 22 4e 61 6e 6f 43 |Memory":0,"NanoC|
|00000050| 70 75 73 22 3a 30 2c 22 43 67 72 6f 75 70 50 61 |pus":0,"CgroupPa|
|00000060| 72 65 6e 74 22 3a 22 22 2c 22 42 6c 6b 69 6f 57 |rent":"","BlkioW|
|00000070| 65 69 67 68 74 22 3a 30 2c 22 42 6c 6b 69 6f 57 |eight":0,"BlkioW|
|00000080| 65 69 67 68 74 44 65 76 69 63 65 22 3a 6e 75 6c |eightDevice":nul|
|00000090| 6c 2c 22 42 6c 6b 69 6f 44 65 76 69 63 65 52 65 |l,"BlkioDeviceRe|
|000000a0| 61 64 42 70 73 22 3a 6e 75 6c 6c 2c 22 42 6c 6b |adBps":null,"Blk|
|000000b0| 69 6f 44 65 76 69 63 65 57 72 69 74 65 42 70 73 |ioDeviceWriteBps|
|000000c0| 22 3a 6e 75 6c 6c 2c 22 42 6c 6b 69 6f 44 65 76 |":null,"BlkioDev|
|000000d0| 69 63 65 52 65 61 64 49 4f 70 73 22 3a 6e 75 6c |iceReadIOps":nul|
|000000e0| 6c 2c 22 42 6c 6b 69 6f 44 65 76 69 63 65 57 72 |l,"BlkioDeviceWr|
|000000f0| 69 74 65 49 4f 70 73 22 3a 6e 75 6c 6c 2c 22 43 |iteIOps":null,"C|
|00000100| 70 75 50 65 72 69 6f 64 22 3a 30 2c 22 43 70 75 |puPeriod":0,"Cpu|
|00000110| 51 75 6f 74 61 22 3a 30 2c 22 43 70 75 52 65 61 |Quota":0,"CpuRea|
|00000120| 6c 74 69 6d 65 50 65 72 69 6f 64 22 3a 30 2c 22 |ltimePeriod":0,"|
|00000130| 43 70 75 52 65 61 6c 74 69 6d 65 52 75 6e 74 69 |CpuRealtimeRunti|
|00000140| 6d 65 22 3a 30 2c 22 43 70 75 73 65 74 43 70 75 |me":0,"CpusetCpu|
|00000150| 73 22 3a 22 22 2c 22 43 70 75 73 65 74 4d 65 6d |s":"","CpusetMem|
|00000160| 73 22 3a 22 22 2c 22 44 65 76 69 63 65 73 22 3a |s":"","Devices":|
|00000170| 6e 75 6c 6c 2c 22 44 65 76 69 63 65 43 67 72 6f |null,"DeviceCgro|
|00000180| 75 70 52 75 6c 65 73 22 3a 6e 75 6c 6c 2c 22 44 |upRules":null,"D|
|00000190| 69 73 6b 51 75 6f 74 61 22 3a 30 2c 22 4b 65 72 |iskQuota":0,"Ker|
|000001a0| 6e 65 6c 4d 65 6d 6f 72 79 22 3a 30 2c 22 4d 65 |nelMemory":0,"Me|
|000001b0| 6d 6f 72 79 52 65 73 65 72 76 61 74 69 6f 6e 22 |moryReservation"|
|000001c0| 3a 30 2c 22 4d 65 6d 6f 72 79 53 77 61 70 22 3a |:0,"MemorySwap":|
|000001d0| 30 2c 22 4d 65 6d 6f 72 79 53 77 61 70 70 69 6e |0,"MemorySwappin|
|000001e0| 65 73 73 22 3a 6e 75 6c 6c 2c 22 4f 6f 6d 4b 69 |ess":null,"OomKi|
|000001f0| 6c 6c 44 69 73 61 62 6c 65 22 3a 66 61 6c 73 65 |llDisable":false|
|00000200| 2c 22 50 69 64 73 4c 69 6d 69 74 22 3a 30 2c 22 |,"PidsLimit":0,"|
|00000210| 55 6c 69 6d 69 74 73 22 3a 6e 75 6c 6c 2c 22 43 |Ulimits":null,"C|
|00000220| 70 75 43 6f 75 6e 74 22 3a 30 2c 22 43 70 75 50 |puCount":0,"CpuP|
|00000230| 65 72 63 65 6e 74 22 3a 30 2c 22 49 4f 4d 61 78 |ercent":0,"IOMax|
|00000240| 69 6d 75 6d 49 4f 70 73 22 3a 30 2c 22 49 4f 4d |imumIOps":0,"IOM|
|00000250| 61 78 69 6d 75 6d 42 61 6e 64 77 69 64 74 68 22 |aximumBandwidth"|
|00000260| 3a 30 7d 2c 22 47 72 61 70 68 44 72 69 76 65 72 |:0},"GraphDriver|
|00000270| 22 3a 7b 22 44 61 74 61 22 3a 7b 22 4c 6f 77 65 |":{"Data":{"Lowe|
|00000280| 72 44 69 72 22 3a 22 2f 76 61 72 2f 6c 69 62 2f |rDir":"/var/lib/|
|00000290| 64 6f 63 6b 65 72 2f 6f 76 65 72 6c 61 79 32 2f |docker/overlay2/|
|000002a0| 35 39 38 32 32 39 31 38 32 62 34 33 32 34 61 32 |598229182b4324a2|
|000002b0| 38 36 62 65 61 63 63 66 35 34 30 61 37 37 62 34 |86beaccf540a77b4|
|000002c0| 38 64 63 62 31 62 64 65 38 36 37 61 63 63 65 61 |8dcb1bde867accea|
|000002d0| 62 30 61 38 33 64 36 32 34 63 38 36 34 30 62 34 |b0a83d624c8640b4|
|000002e0| 2d 69 6e 69 74 2f 64 69 66 66 3a 2f 76 61 72 2f |-init/diff:/var/|
|000002f0| 6c 69 62 2f 64 6f 63 6b 65 72 2f 6f 76 65 72 6c |lib/docker/overl|
|00000300| 61 79 32 2f 32 62 38 62 32 33 32 33 33 66 33 61 |ay2/2b8b23233f3a|
|00000310| 65 65 66 65 65 32 33 33 64 33 31 66 61 30 36 64 |eefee233d31fa06d|
|00000320| 61 31 34 37 38 62 37 34 64 65 39 33 31 63 35 61 |a1478b74de931c5a|
|00000330| 63 31 65 32 37 61 32 32 31 38 62 36 33 34 35 65 |c1e27a2218b6345e|
|00000340| 37 62 62 62 2f 64 69 66 66 3a 2f 76 61 72 2f 6c |7bbb/diff:/var/l|
|00000350| 69 62 2f 64 6f 63 6b 65 72 2f 6f 76 65 72 6c 61 |ib/docker/overla|
|00000360| 79 32 2f 65 64 63 65 61 34 32 63 66 61 63 38 31 |y2/edcea42cfac81|
|00000370| 33 30 31 38 36 62 63 37 65 61 62 37 34 39 61 30 |30186bc7eab749a0|
|00000380| 65 63 32 37 61 37 64 64 39 34 30 35 31 63 63 38 |ec27a7dd94051cc8|
|00000390| 38 30 32 33 30 63 39 37 39 35 66 33 30 33 39 62 |80230c9795f3039b|
|000003a0| 61 38 34 2f 64 69 66 66 3a 2f 76 61 72 2f 6c 69 |a84/diff:/var/li|
|000003b0| 62 2f 64 6f 63 6b 65 72 2f 6f 76 65 72 6c 61 79 |b/docker/overlay|
|000003c0| 32 2f 36 39 31 39 36 66 38 65 39 65 33 61 37 36 |2/69196f8e9e3a76|
|000003d0| 35 64 61 35 61 37 62 37 30 33 63 38 38 61 34 64 |5da5a7b703c88a4d|
|000003e0| 62 39 37 31 32 64 38 33 32 63 32 32 38 61 61 64 |b9712d832c228aad|
|000003f0| 32 62 39 62 65 33 32 31 38 32 39 64 63 33 37 39 |2b9be321829dc379|
+--------+-------------------------------------------------+----------------+
14:03:33.378 [dockerjava-netty-1-7] DEBUG com.github.dockerjava.netty.NettyDockerCmdExecFactory$1 - [id: 0x4bc12019, L:/127.0.0.1:52069 - R:localhost/127.0.0.1:52061] READ: DefaultHttpContent(data: PooledSlicedByteBuf(ridx: 0, widx: 1024, cap: 1024/1024, unwrapped: PooledUnsafeDirectByteBuf(ridx: 1024, widx: 1024, cap: 1024)), decoderResult: success), 1024B
         +-------------------------------------------------+
         |  0  1  2  3  4  5  6  7  8  9  a  b  c  d  e  f |
+--------+-------------------------------------------------+----------------+
|00000000| 37 37 2f 64 69 66 66 22 2c 22 4d 65 72 67 65 64 |77/diff","Merged|
|00000010| 44 69 72 22 3a 22 2f 76 61 72 2f 6c 69 62 2f 64 |Dir":"/var/lib/d|
|00000020| 6f 63 6b 65 72 2f 6f 76 65 72 6c 61 79 32 2f 35 |ocker/overlay2/5|
|00000030| 39 38 32 32 39 31 38 32 62 34 33 32 34 61 32 38 |98229182b4324a28|
|00000040| 36 62 65 61 63 63 66 35 34 30 61 37 37 62 34 38 |6beaccf540a77b48|
|00000050| 64 63 62 31 62 64 65 38 36 37 61 63 63 65 61 62 |dcb1bde867acceab|
|00000060| 30 61 38 33 64 36 32 34 63 38 36 34 30 62 34 2f |0a83d624c8640b4/|
|00000070| 6d 65 72 67 65 64 22 2c 22 55 70 70 65 72 44 69 |merged","UpperDi|
|00000080| 72 22 3a 22 2f 76 61 72 2f 6c 69 62 2f 64 6f 63 |r":"/var/lib/doc|
|00000090| 6b 65 72 2f 6f 76 65 72 6c 61 79 32 2f 35 39 38 |ker/overlay2/598|
|000000a0| 32 32 39 31 38 32 62 34 33 32 34 61 32 38 36 62 |229182b4324a286b|
|000000b0| 65 61 63 63 66 35 34 30 61 37 37 62 34 38 64 63 |eaccf540a77b48dc|
|000000c0| 62 31 62 64 65 38 36 37 61 63 63 65 61 62 30 61 |b1bde867acceab0a|
|000000d0| 38 33 64 36 32 34 63 38 36 34 30 62 34 2f 64 69 |83d624c8640b4/di|
|000000e0| 66 66 22 2c 22 57 6f 72 6b 44 69 72 22 3a 22 2f |ff","WorkDir":"/|
|000000f0| 76 61 72 2f 6c 69 62 2f 64 6f 63 6b 65 72 2f 6f |var/lib/docker/o|
|00000100| 76 65 72 6c 61 79 32 2f 35 39 38 32 32 39 31 38 |verlay2/59822918|
|00000110| 32 62 34 33 32 34 61 32 38 36 62 65 61 63 63 66 |2b4324a286beaccf|
|00000120| 35 34 30 61 37 37 62 34 38 64 63 62 31 62 64 65 |540a77b48dcb1bde|
|00000130| 38 36 37 61 63 63 65 61 62 30 61 38 33 64 36 32 |867acceab0a83d62|
|00000140| 34 63 38 36 34 30 62 34 2f 77 6f 72 6b 22 7d 2c |4c8640b4/work"},|
|00000150| 22 4e 61 6d 65 22 3a 22 6f 76 65 72 6c 61 79 32 |"Name":"overlay2|
|00000160| 22 7d 2c 22 4d 6f 75 6e 74 73 22 3a 5b 7b 22 54 |"},"Mounts":[{"T|
|00000170| 79 70 65 22 3a 22 62 69 6e 64 22 2c 22 53 6f 75 |ype":"bind","Sou|
|00000180| 72 63 65 22 3a 22 2f 76 61 72 2f 72 75 6e 2f 64 |rce":"/var/run/d|
|00000190| 6f 63 6b 65 72 2e 73 6f 63 6b 22 2c 22 44 65 73 |ocker.sock","Des|
|000001a0| 74 69 6e 61 74 69 6f 6e 22 3a 22 2f 76 61 72 2f |tination":"/var/|
|000001b0| 72 75 6e 2f 64 6f 63 6b 65 72 2e 73 6f 63 6b 22 |run/docker.sock"|
|000001c0| 2c 22 4d 6f 64 65 22 3a 22 72 77 22 2c 22 52 57 |,"Mode":"rw","RW|
|000001d0| 22 3a 74 72 75 65 2c 22 50 72 6f 70 61 67 61 74 |":true,"Propagat|
|000001e0| 69 6f 6e 22 3a 22 72 70 72 69 76 61 74 65 22 7d |ion":"rprivate"}|
|000001f0| 2c 7b 22 54 79 70 65 22 3a 22 62 69 6e 64 22 2c |,{"Type":"bind",|
|00000200| 22 53 6f 75 72 63 65 22 3a 22 2f 74 6d 70 2f 2e |"Source":"/tmp/.|
|00000210| 74 65 73 74 63 6f 6e 74 61 69 6e 65 72 73 2d 74 |testcontainers-t|
|00000220| 6d 70 2d 36 35 32 30 32 30 34 30 31 39 38 36 39 |mp-6520204019869|
|00000230| 30 30 30 34 32 22 2c 22 44 65 73 74 69 6e 61 74 |00042","Destinat|
|00000240| 69 6f 6e 22 3a 22 2f 64 75 6d 6d 79 22 2c 22 4d |ion":"/dummy","M|
|00000250| 6f 64 65 22 3a 22 72 6f 22 2c 22 52 57 22 3a 66 |ode":"ro","RW":f|
|00000260| 61 6c 73 65 2c 22 50 72 6f 70 61 67 61 74 69 6f |alse,"Propagatio|
|00000270| 6e 22 3a 22 72 70 72 69 76 61 74 65 22 7d 5d 2c |n":"rprivate"}],|
|00000280| 22 43 6f 6e 66 69 67 22 3a 7b 22 48 6f 73 74 6e |"Config":{"Hostn|
|00000290| 61 6d 65 22 3a 22 65 33 62 37 62 37 37 31 65 65 |ame":"e3b7b771ee|
|000002a0| 66 66 22 2c 22 44 6f 6d 61 69 6e 6e 61 6d 65 22 |ff","Domainname"|
|000002b0| 3a 22 22 2c 22 55 73 65 72 22 3a 22 22 2c 22 41 |:"","User":"","A|
|000002c0| 74 74 61 63 68 53 74 64 69 6e 22 3a 66 61 6c 73 |ttachStdin":fals|
|000002d0| 65 2c 22 41 74 74 61 63 68 53 74 64 6f 75 74 22 |e,"AttachStdout"|
|000002e0| 3a 66 61 6c 73 65 2c 22 41 74 74 61 63 68 53 74 |:false,"AttachSt|
|000002f0| 64 65 72 72 22 3a 66 61 6c 73 65 2c 22 45 78 70 |derr":false,"Exp|
|00000300| 6f 73 65 64 50 6f 72 74 73 22 3a 7b 22 38 30 38 |osedPorts":{"808|
|00000310| 30 2f 74 63 70 22 3a 7b 7d 7d 2c 22 54 74 79 22 |0/tcp":{}},"Tty"|
|00000320| 3a 66 61 6c 73 65 2c 22 4f 70 65 6e 53 74 64 69 |:false,"OpenStdi|
|00000330| 6e 22 3a 66 61 6c 73 65 2c 22 53 74 64 69 6e 4f |n":false,"StdinO|
|00000340| 6e 63 65 22 3a 66 61 6c 73 65 2c 22 45 6e 76 22 |nce":false,"Env"|
|00000350| 3a 5b 22 50 41 54 48 3d 2f 75 73 72 2f 6c 6f 63 |:["PATH=/usr/loc|
|00000360| 61 6c 2f 73 62 69 6e 3a 2f 75 73 72 2f 6c 6f 63 |al/sbin:/usr/loc|
|00000370| 61 6c 2f 62 69 6e 3a 2f 75 73 72 2f 73 62 69 6e |al/bin:/usr/sbin|
|00000380| 3a 2f 75 73 72 2f 62 69 6e 3a 2f 73 62 69 6e 3a |:/usr/bin:/sbin:|
|00000390| 2f 62 69 6e 22 5d 2c 22 43 6d 64 22 3a 5b 22 2f |/bin"],"Cmd":["/|
|000003a0| 61 70 70 22 5d 2c 22 41 72 67 73 45 73 63 61 70 |app"],"ArgsEscap|
|000003b0| 65 64 22 3a 74 72 75 65 2c 22 49 6d 61 67 65 22 |ed":true,"Image"|
|000003c0| 3a 22 62 73 69 64 65 75 70 2f 6d 6f 62 79 2d 72 |:"bsideup/moby-r|
|000003d0| 79 75 6b 3a 30 2e 32 2e 32 22 2c 22 56 6f 6c 75 |yuk:0.2.2","Volu|
|000003e0| 6d 65 73 22 3a 6e 75 6c 6c 2c 22 57 6f 72 6b 69 |mes":null,"Worki|
|000003f0| 6e 67 44 69 72 22 3a 22 22 2c 22 45 6e 74 72 79 |ngDir":"","Entry|
+--------+-------------------------------------------------+----------------+
14:03:33.378 [dockerjava-netty-1-7] DEBUG com.github.dockerjava.netty.NettyDockerCmdExecFactory$1 - [id: 0x4bc12019, L:/127.0.0.1:52069 - R:localhost/127.0.0.1:52061] READ: DefaultHttpContent(data: PooledSlicedByteBuf(ridx: 0, widx: 1024, cap: 1024/1024, unwrapped: PooledUnsafeDirectByteBuf(ridx: 1024, widx: 1024, cap: 1024)), decoderResult: success), 1024B
         +-------------------------------------------------+
         |  0  1  2  3  4  5  6  7  8  9  a  b  c  d  e  f |
+--------+-------------------------------------------------+----------------+
|00000000| 70 6f 69 6e 74 22 3a 6e 75 6c 6c 2c 22 4f 6e 42 |point":null,"OnB|
|00000010| 75 69 6c 64 22 3a 6e 75 6c 6c 2c 22 4c 61 62 65 |uild":null,"Labe|
|00000020| 6c 73 22 3a 7b 22 6f 72 67 2e 74 65 73 74 63 6f |ls":{"org.testco|
|00000030| 6e 74 61 69 6e 65 72 73 22 3a 22 74 72 75 65 22 |ntainers":"true"|
|00000040| 7d 7d 2c 22 4e 65 74 77 6f 72 6b 53 65 74 74 69 |}},"NetworkSetti|
|00000050| 6e 67 73 22 3a 7b 22 42 72 69 64 67 65 22 3a 22 |ngs":{"Bridge":"|
|00000060| 22 2c 22 53 61 6e 64 62 6f 78 49 44 22 3a 22 38 |","SandboxID":"8|
|00000070| 34 62 38 65 39 62 38 37 30 38 31 64 61 35 65 30 |4b8e9b87081da5e0|
|00000080| 35 65 63 36 37 61 38 32 37 36 39 31 32 33 64 62 |5ec67a82769123db|
|00000090| 36 36 66 30 30 31 63 34 65 66 61 65 35 65 65 63 |66f001c4efae5eec|
|000000a0| 37 64 61 38 63 62 37 38 33 31 64 62 61 65 63 22 |7da8cb7831dbaec"|
|000000b0| 2c 22 48 61 69 72 70 69 6e 4d 6f 64 65 22 3a 66 |,"HairpinMode":f|
|000000c0| 61 6c 73 65 2c 22 4c 69 6e 6b 4c 6f 63 61 6c 49 |alse,"LinkLocalI|
|000000d0| 50 76 36 41 64 64 72 65 73 73 22 3a 22 22 2c 22 |Pv6Address":"","|
|000000e0| 4c 69 6e 6b 4c 6f 63 61 6c 49 50 76 36 50 72 65 |LinkLocalIPv6Pre|
|000000f0| 66 69 78 4c 65 6e 22 3a 30 2c 22 50 6f 72 74 73 |fixLen":0,"Ports|
|00000100| 22 3a 7b 22 38 30 38 30 2f 74 63 70 22 3a 5b 7b |":{"8080/tcp":[{|
|00000110| 22 48 6f 73 74 49 70 22 3a 22 30 2e 30 2e 30 2e |"HostIp":"0.0.0.|
|00000120| 30 22 2c 22 48 6f 73 74 50 6f 72 74 22 3a 22 33 |0","HostPort":"3|
|00000130| 32 37 37 34 22 7d 5d 7d 2c 22 53 61 6e 64 62 6f |2774"}]},"Sandbo|
|00000140| 78 4b 65 79 22 3a 22 2f 76 61 72 2f 72 75 6e 2f |xKey":"/var/run/|
|00000150| 64 6f 63 6b 65 72 2f 6e 65 74 6e 73 2f 38 34 62 |docker/netns/84b|
|00000160| 38 65 39 62 38 37 30 38 31 22 2c 22 53 65 63 6f |8e9b87081","Seco|
|00000170| 6e 64 61 72 79 49 50 41 64 64 72 65 73 73 65 73 |ndaryIPAddresses|
|00000180| 22 3a 6e 75 6c 6c 2c 22 53 65 63 6f 6e 64 61 72 |":null,"Secondar|
|00000190| 79 49 50 76 36 41 64 64 72 65 73 73 65 73 22 3a |yIPv6Addresses":|
|000001a0| 6e 75 6c 6c 2c 22 45 6e 64 70 6f 69 6e 74 49 44 |null,"EndpointID|
|000001b0| 22 3a 22 38 38 39 34 65 34 32 61 66 35 38 66 66 |":"8894e42af58ff|
|000001c0| 65 61 33 36 61 66 36 63 33 30 61 32 64 61 64 39 |ea36af6c30a2dad9|
|000001d0| 62 61 38 39 31 30 38 34 38 39 30 30 65 61 31 65 |ba8910848900ea1e|
|000001e0| 64 65 61 36 31 31 64 35 33 66 61 66 36 62 34 31 |dea611d53faf6b41|
|000001f0| 37 33 65 22 2c 22 47 61 74 65 77 61 79 22 3a 22 |73e","Gateway":"|
|00000200| 31 37 32 2e 31 37 2e 30 2e 31 22 2c 22 47 6c 6f |172.17.0.1","Glo|
|00000210| 62 61 6c 49 50 76 36 41 64 64 72 65 73 73 22 3a |balIPv6Address":|
|00000220| 22 22 2c 22 47 6c 6f 62 61 6c 49 50 76 36 50 72 |"","GlobalIPv6Pr|
|00000230| 65 66 69 78 4c 65 6e 22 3a 30 2c 22 49 50 41 64 |efixLen":0,"IPAd|
|00000240| 64 72 65 73 73 22 3a 22 31 37 32 2e 31 37 2e 30 |dress":"172.17.0|
|00000250| 2e 32 22 2c 22 49 50 50 72 65 66 69 78 4c 65 6e |.2","IPPrefixLen|
|00000260| 22 3a 31 36 2c 22 49 50 76 36 47 61 74 65 77 61 |":16,"IPv6Gatewa|
|00000270| 79 22 3a 22 22 2c 22 4d 61 63 41 64 64 72 65 73 |y":"","MacAddres|
|00000280| 73 22 3a 22 30 32 3a 34 32 3a 61 63 3a 31 31 3a |s":"02:42:ac:11:|
|00000290| 30 30 3a 30 32 22 2c 22 4e 65 74 77 6f 72 6b 73 |00:02","Networks|
|000002a0| 22 3a 7b 22 62 72 69 64 67 65 22 3a 7b 22 49 50 |":{"bridge":{"IP|
|000002b0| 41 4d 43 6f 6e 66 69 67 22 3a 6e 75 6c 6c 2c 22 |AMConfig":null,"|
|000002c0| 4c 69 6e 6b 73 22 3a 6e 75 6c 6c 2c 22 41 6c 69 |Links":null,"Ali|
|000002d0| 61 73 65 73 22 3a 6e 75 6c 6c 2c 22 4e 65 74 77 |ases":null,"Netw|
|000002e0| 6f 72 6b 49 44 22 3a 22 64 65 31 35 34 31 64 62 |orkID":"de1541db|
|000002f0| 62 38 35 38 61 63 62 33 30 32 63 31 64 37 39 36 |b858acb302c1d796|
|00000300| 65 38 65 31 38 31 38 33 36 37 66 31 63 37 64 31 |e8e1818367f1c7d1|
|00000310| 37 37 37 33 35 38 34 32 63 39 38 32 33 39 32 35 |77735842c9823925|
|00000320| 36 63 64 32 61 64 62 37 22 2c 22 45 6e 64 70 6f |6cd2adb7","Endpo|
|00000330| 69 6e 74 49 44 22 3a 22 38 38 39 34 65 34 32 61 |intID":"8894e42a|
|00000340| 66 35 38 66 66 65 61 33 36 61 66 36 63 33 30 61 |f58ffea36af6c30a|
|00000350| 32 64 61 64 39 62 61 38 39 31 30 38 34 38 39 30 |2dad9ba891084890|
|00000360| 30 65 61 31 65 64 65 61 36 31 31 64 35 33 66 61 |0ea1edea611d53fa|
|00000370| 66 36 62 34 31 37 33 65 22 2c 22 47 61 74 65 77 |f6b4173e","Gatew|
|00000380| 61 79 22 3a 22 31 37 32 2e 31 37 2e 30 2e 31 22 |ay":"172.17.0.1"|
|00000390| 2c 22 49 50 41 64 64 72 65 73 73 22 3a 22 31 37 |,"IPAddress":"17|
|000003a0| 32 2e 31 37 2e 30 2e 32 22 2c 22 49 50 50 72 65 |2.17.0.2","IPPre|
|000003b0| 66 69 78 4c 65 6e 22 3a 31 36 2c 22 49 50 76 36 |fixLen":16,"IPv6|
|000003c0| 47 61 74 65 77 61 79 22 3a 22 22 2c 22 47 6c 6f |Gateway":"","Glo|
|000003d0| 62 61 6c 49 50 76 36 41 64 64 72 65 73 73 22 3a |balIPv6Address":|
|000003e0| 22 22 2c 22 47 6c 6f 62 61 6c 49 50 76 36 50 72 |"","GlobalIPv6Pr|
|000003f0| 65 66 69 78 4c 65 6e 22 3a 30 2c 22 4d 61 63 41 |efixLen":0,"MacA|
+--------+-------------------------------------------------+----------------+
14:03:33.378 [dockerjava-netty-1-7] DEBUG com.github.dockerjava.netty.NettyDockerCmdExecFactory$1 - [id: 0x4bc12019, L:/127.0.0.1:52069 - R:localhost/127.0.0.1:52061] READ: DefaultHttpContent(data: PooledSlicedByteBuf(ridx: 0, widx: 50, cap: 50/50, unwrapped: PooledUnsafeDirectByteBuf(ridx: 52, widx: 57, cap: 1024)), decoderResult: success), 50B
         +-------------------------------------------------+
         |  0  1  2  3  4  5  6  7  8  9  a  b  c  d  e  f |
+--------+-------------------------------------------------+----------------+
|00000000| 64 64 72 65 73 73 22 3a 22 30 32 3a 34 32 3a 61 |ddress":"02:42:a|
|00000010| 63 3a 31 31 3a 30 30 3a 30 32 22 2c 22 44 72 69 |c:11:00:02","Dri|
|00000020| 76 65 72 4f 70 74 73 22 3a 6e 75 6c 6c 7d 7d 7d |verOpts":null}}}|
|00000030| 7d 0a                                           |}.              |
+--------+-------------------------------------------------+----------------+
14:03:33.414 [dockerjava-netty-1-7] DEBUG com.github.dockerjava.netty.NettyDockerCmdExecFactory$1 - [id: 0x4bc12019, L:/127.0.0.1:52069 - R:localhost/127.0.0.1:52061] READ, EmptyLastHttpContent, 0B
14:03:33.414 [dockerjava-netty-1-7] DEBUG com.github.dockerjava.netty.NettyDockerCmdExecFactory$1 - [id: 0x4bc12019, L:/127.0.0.1:52069 - R:localhost/127.0.0.1:52061] CLOSE
14:03:33.414 [dockerjava-netty-1-7] DEBUG com.github.dockerjava.netty.NettyDockerCmdExecFactory$1 - [id: 0x4bc12019, L:/127.0.0.1:52069 ! R:localhost/127.0.0.1:52061] READ COMPLETE
14:03:33.414 [dockerjava-netty-1-7] DEBUG com.github.dockerjava.netty.NettyDockerCmdExecFactory$1 - [id: 0x4bc12019, L:/127.0.0.1:52069 ! R:localhost/127.0.0.1:52061] INACTIVE
14:03:33.414 [dockerjava-netty-1-7] DEBUG com.github.dockerjava.netty.NettyDockerCmdExecFactory$1 - [id: 0x4bc12019, L:/127.0.0.1:52069 ! R:localhost/127.0.0.1:52061] UNREGISTERED
14:03:33.423 [testcontainers-ryuk] DEBUG org.testcontainers.utility.ResourceReaper - Sending 'label=org.testcontainers%3Dtrue&label=org.testcontainers.sessionId%3Df6cf843c-7040-42b8-b7b7-70cb792f44df' to Ryuk
14:03:33.425 [main] INFO org.testcontainers.DockerClientFactory - Ryuk started - will monitor and terminate Testcontainers containers on JVM exit
        &amp#27;[37m&amp#27;[1mℹ︎ Checking the system...&amp#27;[0m&amp#27;[0m
        &amp#27;[32m✔ Docker version should be at least 1.6.0&amp#27;[0m
14:03:33.432 [main] DEBUG com.github.dockerjava.core.command.AbstrDockerCmd - Cmd: e3b7b771eeff5af75bc9c9f95b5ddba03a66dc8f27b846626018ec64ec49a8cc,<null>,true,<null>,<null>,<null>,{df,-P},com.github.dockerjava.netty.exec.ExecCreateCmdExec@40f1be1b
14:03:33.434 [Thread-1] DEBUG org.rnorth.tcpunixsocketproxy.ProxyThread - Accepting incoming connection from /127.0.0.1:52073
14:03:33.436 [dockerjava-netty-1-8] DEBUG com.github.dockerjava.netty.NettyDockerCmdExecFactory$1 - [id: 0xceb0fa75, L:/127.0.0.1:52073 - R:localhost/127.0.0.1:52061] WRITE: DefaultFullHttpRequest(decodeResult: success, version: HTTP/1.1, content: UnpooledByteBufAllocator$InstrumentedUnpooledUnsafeHeapByteBuf(ridx: 0, widx: 120, cap: 128))
POST /containers/e3b7b771eeff5af75bc9c9f95b5ddba03a66dc8f27b846626018ec64ec49a8cc/exec HTTP/1.1
content-type: application/json
content-length: 120
host: 
connection: keep-alive
accept-encoding: gzip
accept: application/json, 120B
         +-------------------------------------------------+
         |  0  1  2  3  4  5  6  7  8  9  a  b  c  d  e  f |
+--------+-------------------------------------------------+----------------+
|00000000| 7b 22 63 6f 6e 74 61 69 6e 65 72 49 64 22 3a 22 |{"containerId":"|
|00000010| 65 33 62 37 62 37 37 31 65 65 66 66 35 61 66 37 |e3b7b771eeff5af7|
|00000020| 35 62 63 39 63 39 66 39 35 62 35 64 64 62 61 30 |5bc9c9f95b5ddba0|
|00000030| 33 61 36 36 64 63 38 66 32 37 62 38 34 36 36 32 |3a66dc8f27b84662|
|00000040| 36 30 31 38 65 63 36 34 65 63 34 39 61 38 63 63 |6018ec64ec49a8cc|
|00000050| 22 2c 22 41 74 74 61 63 68 53 74 64 6f 75 74 22 |","AttachStdout"|
|00000060| 3a 74 72 75 65 2c 22 43 6d 64 22 3a 5b 22 64 66 |:true,"Cmd":["df|
|00000070| 22 2c 22 2d 50 22 5d 7d                         |","-P"]}        |
+--------+-------------------------------------------------+----------------+
14:03:33.437 [dockerjava-netty-1-8] DEBUG com.github.dockerjava.netty.NettyDockerCmdExecFactory$1 - [id: 0xceb0fa75, L:/127.0.0.1:52073 - R:localhost/127.0.0.1:52061] FLUSH
14:03:33.440 [dockerjava-netty-1-8] DEBUG com.github.dockerjava.netty.NettyDockerCmdExecFactory$1 - [id: 0xceb0fa75, L:/127.0.0.1:52073 - R:localhost/127.0.0.1:52061] READ: DefaultHttpResponse(decodeResult: success, version: HTTP/1.1)
HTTP/1.1 201 Created
Api-Version: 1.37
Content-Length: 74
Content-Type: application/json
Date: Thu, 24 May 2018 12:03:22 GMT
Docker-Experimental: true
Ostype: linux
Server: Docker/18.03.1-ce (linux)
14:03:33.440 [dockerjava-netty-1-8] DEBUG com.github.dockerjava.netty.NettyDockerCmdExecFactory$1 - [id: 0xceb0fa75, L:/127.0.0.1:52073 - R:localhost/127.0.0.1:52061] READ: DefaultLastHttpContent(data: PooledSlicedByteBuf(ridx: 0, widx: 74, cap: 74/74, unwrapped: PooledUnsafeDirectByteBuf(ridx: 283, widx: 283, cap: 1024)), decoderResult: success), 74B
         +-------------------------------------------------+
         |  0  1  2  3  4  5  6  7  8  9  a  b  c  d  e  f |
+--------+-------------------------------------------------+----------------+
|00000000| 7b 22 49 64 22 3a 22 65 31 64 34 33 31 65 66 65 |{"Id":"e1d431efe|
|00000010| 62 39 37 64 36 64 63 37 63 34 38 63 38 37 65 30 |b97d6dc7c48c87e0|
|00000020| 38 32 38 35 64 64 30 35 62 63 39 31 39 63 39 39 |8285dd05bc919c99|
|00000030| 65 36 65 66 39 37 32 35 66 64 31 62 32 62 62 32 |e6ef9725fd1b2bb2|
|00000040| 31 39 65 61 36 65 30 22 7d 0a                   |19ea6e0"}.      |
+--------+-------------------------------------------------+----------------+
14:03:33.441 [dockerjava-netty-1-8] DEBUG com.github.dockerjava.netty.NettyDockerCmdExecFactory$1 - [id: 0xceb0fa75, L:/127.0.0.1:52073 - R:localhost/127.0.0.1:52061] CLOSE
14:03:33.441 [dockerjava-netty-1-8] DEBUG com.github.dockerjava.netty.NettyDockerCmdExecFactory$1 - [id: 0xceb0fa75, L:/127.0.0.1:52073 ! R:localhost/127.0.0.1:52061] READ COMPLETE
14:03:33.441 [dockerjava-netty-1-8] DEBUG com.github.dockerjava.netty.NettyDockerCmdExecFactory$1 - [id: 0xceb0fa75, L:/127.0.0.1:52073 ! R:localhost/127.0.0.1:52061] INACTIVE
14:03:33.441 [dockerjava-netty-1-8] DEBUG com.github.dockerjava.netty.NettyDockerCmdExecFactory$1 - [id: 0xceb0fa75, L:/127.0.0.1:52073 ! R:localhost/127.0.0.1:52061] UNREGISTERED
14:03:33.444 [Thread-1] DEBUG org.rnorth.tcpunixsocketproxy.ProxyThread - Accepting incoming connection from /127.0.0.1:52074
14:03:33.452 [dockerjava-netty-1-9] DEBUG com.github.dockerjava.netty.NettyDockerCmdExecFactory$1 - [id: 0xd0aae699, L:/127.0.0.1:52074 - R:localhost/127.0.0.1:52061] WRITE: DefaultFullHttpRequest(decodeResult: success, version: HTTP/1.1, content: UnpooledByteBufAllocator$InstrumentedUnpooledUnsafeHeapByteBuf(ridx: 0, widx: 2, cap: 64))
POST /exec/e1d431efeb97d6dc7c48c87e08285dd05bc919c99e6ef9725fd1b2bb219ea6e0/start HTTP/1.1
content-type: application/json
content-length: 2
host: 
accept-encoding: gzip
accept: application/json
upgrade: tcp
connection: upgrade, 2B
         +-------------------------------------------------+
         |  0  1  2  3  4  5  6  7  8  9  a  b  c  d  e  f |
+--------+-------------------------------------------------+----------------+
|00000000| 7b 7d                                           |{}              |
+--------+-------------------------------------------------+----------------+
14:03:33.453 [dockerjava-netty-1-9] DEBUG com.github.dockerjava.netty.NettyDockerCmdExecFactory$1 - [id: 0xd0aae699, L:/127.0.0.1:52074 - R:localhost/127.0.0.1:52061] FLUSH
14:03:33.455 [dockerjava-netty-1-9] DEBUG com.github.dockerjava.netty.NettyDockerCmdExecFactory$1 - [id: 0xd0aae699, L:/127.0.0.1:52074 - R:localhost/127.0.0.1:52061] READ: DefaultHttpResponse(decodeResult: success, version: HTTP/1.1)
HTTP/1.1 101 Switching Protocols
Api-Version: 1.37
Connection: Upgrade
Content-Type: application/vnd.docker.raw-stream
Docker-Experimental: true
Ostype: linux
Server: Docker/18.03.1-ce (linux)
Upgrade: tcp
Date: Thu, 24 May 2018 12:03:33 GMT
14:03:33.457 [dockerjava-netty-1-9] DEBUG com.github.dockerjava.netty.NettyDockerCmdExecFactory$1 - [id: 0xd0aae699, L:/127.0.0.1:52074 - R:localhost/127.0.0.1:52061] READ, EmptyLastHttpContent, 0B
14:03:33.458 [dockerjava-netty-1-9] DEBUG com.github.dockerjava.netty.NettyDockerCmdExecFactory$1 - [id: 0xd0aae699, L:/127.0.0.1:52074 - R:localhost/127.0.0.1:52061] READ COMPLETE
14:03:33.508 [dockerjava-netty-1-9] DEBUG com.github.dockerjava.netty.NettyDockerCmdExecFactory$1 - [id: 0xd0aae699, L:/127.0.0.1:52074 - R:localhost/127.0.0.1:52061] READ: 1024B
         +-------------------------------------------------+
         |  0  1  2  3  4  5  6  7  8  9  a  b  c  d  e  f |
+--------+-------------------------------------------------+----------------+
|00000000| 01 00 00 00 00 00 04 00 46 69 6c 65 73 79 73 74 |........Filesyst|
|00000010| 65 6d 20 20 20 20 20 20 20 20 20 20 20 31 30 32 |em           102|
|00000020| 34 2d 62 6c 6f 63 6b 73 20 20 20 20 55 73 65 64 |4-blocks    Used|
|00000030| 20 41 76 61 69 6c 61 62 6c 65 20 43 61 70 61 63 | Available Capac|
|00000040| 69 74 79 20 4d 6f 75 6e 74 65 64 20 6f 6e 0a 6f |ity Mounted on.o|
|00000050| 76 65 72 6c 61 79 20 20 20 20 20 20 20 20 20 20 |verlay          |
|00000060| 20 20 20 20 20 36 35 37 39 32 35 35 36 20 20 20 |     65792556   |
|00000070| 37 32 37 32 32 38 30 20 20 35 35 31 34 38 35 30 |7272280  5514850|
|00000080| 30 20 20 31 32 25 20 2f 0a 74 6d 70 66 73 20 20 |0  12% /.tmpfs  |
|00000090| 20 20 20 20 20 20 20 20 20 20 20 20 20 20 20 20 |                |
|000000a0| 20 20 36 35 35 33 36 20 20 20 20 20 20 20 20 20 |  65536         |
|000000b0| 30 20 20 20 20 20 36 35 35 33 36 20 20 20 30 25 |0     65536   0%|
|000000c0| 20 2f 64 65 76 0a 74 6d 70 66 73 20 20 20 20 20 | /dev.tmpfs     |
|000000d0| 20 20 20 20 20 20 20 20 20 20 20 20 20 32 30 32 |             202|
|000000e0| 31 30 30 30 20 20 20 20 20 20 20 20 20 30 20 20 |1000         0  |
|000000f0| 20 32 30 32 31 30 30 30 20 20 20 30 25 20 2f 73 | 2021000   0% /s|
|00000100| 79 73 2f 66 73 2f 63 67 72 6f 75 70 0a 6f 73 78 |ys/fs/cgroup.osx|
|00000110| 66 73 20 20 20 20 20 20 20 20 20 20 20 20 20 20 |fs              |
|00000120| 20 20 34 38 38 33 34 37 36 39 32 20 31 34 37 35 |  488347692 1475|
|00000130| 31 32 39 30 30 20 33 33 36 37 36 38 35 30 30 20 |12900 336768500 |
|00000140| 20 33 30 25 20 2f 64 75 6d 6d 79 0a 2f 64 65 76 | 30% /dummy./dev|
|00000150| 2f 73 64 61 31 20 20 20 20 20 20 20 20 20 20 20 |/sda1           |
|00000160| 20 20 36 35 37 39 32 35 35 36 20 20 20 37 32 37 |  65792556   727|
|00000170| 32 32 38 30 20 20 35 35 31 34 38 35 30 30 20 20 |2280  55148500  |
|00000180| 31 32 25 20 2f 65 74 63 2f 72 65 73 6f 6c 76 2e |12% /etc/resolv.|
|00000190| 63 6f 6e 66 0a 2f 64 65 76 2f 73 64 61 31 20 20 |conf./dev/sda1  |
|000001a0| 20 20 20 20 20 20 20 20 20 20 20 36 35 37 39 32 |           65792|
|000001b0| 35 35 36 20 20 20 37 32 37 32 32 38 30 20 20 35 |556   7272280  5|
|000001c0| 35 31 34 38 35 30 30 20 20 31 32 25 20 2f 65 74 |5148500  12% /et|
|000001d0| 63 2f 68 6f 73 74 6e 61 6d 65 0a 2f 64 65 76 2f |c/hostname./dev/|
|000001e0| 73 64 61 31 20 20 20 20 20 20 20 20 20 20 20 20 |sda1            |
|000001f0| 20 36 35 37 39 32 35 35 36 20 20 20 37 32 37 32 | 65792556   7272|
|00000200| 32 38 30 20 20 35 35 31 34 38 35 30 30 20 20 31 |280  55148500  1|
|00000210| 32 25 20 2f 65 74 63 2f 68 6f 73 74 73 0a 73 68 |2% /etc/hosts.sh|
|00000220| 6d 20 20 20 20 20 20 20 20 20 20 20 20 20 20 20 |m               |
|00000230| 20 20 20 20 20 20 20 36 35 35 33 36 20 20 20 20 |       65536    |
|00000240| 20 20 20 20 20 30 20 20 20 20 20 36 35 35 33 36 |     0     65536|
|00000250| 20 20 20 30 25 20 2f 64 65 76 2f 73 68 6d 0a 74 |   0% /dev/shm.t|
|00000260| 6d 70 66 73 20 20 20 20 20 20 20 20 20 20 20 20 |mpfs            |
|00000270| 20 20 20 20 20 20 20 34 30 34 32 30 34 20 20 20 |       404204   |
|00000280| 20 20 20 20 34 30 30 20 20 20 20 34 30 33 38 30 |    400    40380|
|00000290| 34 20 20 20 30 25 20 2f 72 75 6e 2f 64 6f 63 6b |4   0% /run/dock|
|000002a0| 65 72 2e 73 6f 63 6b 0a 74 6d 70 66 73 20 20 20 |er.sock.tmpfs   |
|000002b0| 20 20 20 20 20 20 20 20 20 20 20 20 20 20 20 20 |                |
|000002c0| 20 36 35 35 33 36 20 20 20 20 20 20 20 20 20 30 | 65536         0|
|000002d0| 20 20 20 20 20 36 35 35 33 36 20 20 20 30 25 20 |     65536   0% |
|000002e0| 2f 70 72 6f 63 2f 6b 63 6f 72 65 0a 74 6d 70 66 |/proc/kcore.tmpf|
|000002f0| 73 20 20 20 20 20 20 20 20 20 20 20 20 20 20 20 |s               |
|00000300| 20 20 20 20 20 36 35 35 33 36 20 20 20 20 20 20 |     65536      |
|00000310| 20 20 20 30 20 20 20 20 20 36 35 35 33 36 20 20 |   0     65536  |
|00000320| 20 30 25 20 2f 70 72 6f 63 2f 6b 65 79 73 0a 74 | 0% /proc/keys.t|
|00000330| 6d 70 66 73 20 20 20 20 20 20 20 20 20 20 20 20 |mpfs            |
|00000340| 20 20 20 20 20 20 20 20 36 35 35 33 36 20 20 20 |        65536   |
|00000350| 20 20 20 20 20 20 30 20 20 20 20 20 36 35 35 33 |      0     6553|
|00000360| 36 20 20 20 30 25 20 2f 70 72 6f 63 2f 74 69 6d |6   0% /proc/tim|
|00000370| 65 72 5f 6c 69 73 74 0a 74 6d 70 66 73 20 20 20 |er_list.tmpfs   |
|00000380| 20 20 20 20 20 20 20 20 20 20 20 20 20 20 20 20 |                |
|00000390| 20 36 35 35 33 36 20 20 20 20 20 20 20 20 20 30 | 65536         0|
|000003a0| 20 20 20 20 20 36 35 35 33 36 20 20 20 30 25 20 |     65536   0% |
|000003b0| 2f 70 72 6f 63 2f 73 63 68 65 64 5f 64 65 62 75 |/proc/sched_debu|
|000003c0| 67 0a 74 6d 70 66 73 20 20 20 20 20 20 20 20 20 |g.tmpfs         |
|000003d0| 20 20 20 20 20 20 20 20 20 32 30 32 31 30 30 30 |         2021000|
|000003e0| 20 20 20 20 20 20 20 20 20 30 20 20 20 32 30 32 |         0   202|
|000003f0| 31 30 30 30 20 20 20 30 25 20 2f 73 79 73 2f 66 |1000   0% /sys/f|
+--------+-------------------------------------------------+----------------+
14:03:33.509 [dockerjava-netty-1-9] DEBUG com.github.dockerjava.netty.NettyDockerCmdExecFactory$1 - [id: 0xd0aae699, L:/127.0.0.1:52074 - R:localhost/127.0.0.1:52061] READ: 8B
         +-------------------------------------------------+
         |  0  1  2  3  4  5  6  7  8  9  a  b  c  d  e  f |
+--------+-------------------------------------------------+----------------+
|00000000| 69 72 6d 77 61 72 65 0a                         |irmware.        |
+--------+-------------------------------------------------+----------------+
14:03:33.510 [dockerjava-netty-1-9] DEBUG com.github.dockerjava.core.command.ExecStartResultCallback - STDOUT: Filesystem           1024-blocks    Used Available Capacity Mounted on
overlay               65792556   7272280  55148500  12% /
tmpfs                    65536         0     65536   0% /dev
tmpfs                  2021000         0   2021000   0% /sys/fs/cgroup
osxfs                488347692 147512900 336768500  30% /dummy
/dev/sda1             65792556   7272280  55148500  12% /etc/resolv.conf
/dev/sda1             65792556   7272280  55148500  12% /etc/hostname
/dev/sda1             65792556   7272280  55148500  12% /etc/hosts
shm                      65536         0     65536   0% /dev/shm
tmpfs                   404204       400    403804   0% /run/docker.sock
tmpfs                    65536         0     65536   0% /proc/kcore
tmpfs                    65536         0     65536   0% /proc/keys
tmpfs                    65536         0     65536   0% /proc/timer_list
tmpfs                    65536         0     65536   0% /proc/sched_debug
tmpfs                  2021000         0   2021000   0% /sys/firmware
14:03:33.510 [dockerjava-netty-1-9] DEBUG com.github.dockerjava.netty.NettyDockerCmdExecFactory$1 - [id: 0xd0aae699, L:/127.0.0.1:52074 - R:localhost/127.0.0.1:52061] READ COMPLETE
14:03:33.525 [dockerjava-netty-1-9] DEBUG com.github.dockerjava.netty.NettyDockerCmdExecFactory$1 - [id: 0xd0aae699, L:/127.0.0.1:52074 - R:localhost/127.0.0.1:52061] READ COMPLETE
14:03:33.527 [dockerjava-netty-1-9] DEBUG com.github.dockerjava.netty.NettyDockerCmdExecFactory$1 - [id: 0xd0aae699, L:/127.0.0.1:52074 ! R:localhost/127.0.0.1:52061] CLOSE
14:03:33.527 [dockerjava-netty-1-9] DEBUG com.github.dockerjava.netty.NettyDockerCmdExecFactory$1 - [id: 0xd0aae699, L:/127.0.0.1:52074 ! R:localhost/127.0.0.1:52061] INACTIVE
14:03:33.527 [dockerjava-netty-1-9] DEBUG com.github.dockerjava.netty.NettyDockerCmdExecFactory$1 - [id: 0xd0aae699, L:/127.0.0.1:52074 ! R:localhost/127.0.0.1:52061] UNREGISTERED
        &amp#27;[32m✔ Docker environment should have more than 2GB free disk space&amp#27;[0m
14:03:33.529 [main] DEBUG com.github.dockerjava.core.command.AbstrDockerCmd - Cmd: e3b7b771eeff5af75bc9c9f95b5ddba03a66dc8f27b846626018ec64ec49a8cc,.,/dummy,com.github.dockerjava.netty.exec.CopyArchiveFromContainerCmdExec@242aa8d9
14:03:33.530 [Thread-1] DEBUG org.rnorth.tcpunixsocketproxy.ProxyThread - Accepting incoming connection from /127.0.0.1:52075
14:03:33.531 [dockerjava-netty-1-10] DEBUG com.github.dockerjava.netty.NettyDockerCmdExecFactory$1 - [id: 0x615d3376, L:/127.0.0.1:52075 - R:localhost/127.0.0.1:52061] WRITE, DefaultFullHttpRequest(decodeResult: success, version: HTTP/1.1, content: UnpooledByteBufAllocator$InstrumentedUnpooledUnsafeHeapByteBuf(ridx: 0, widx: 0, cap: 0))
GET /containers/e3b7b771eeff5af75bc9c9f95b5ddba03a66dc8f27b846626018ec64ec49a8cc/archive?path=%2Fdummy HTTP/1.1
host: 
connection: keep-alive
accept-encoding: gzip
accept: application/x-tar, 0B
14:03:33.531 [dockerjava-netty-1-10] DEBUG com.github.dockerjava.netty.NettyDockerCmdExecFactory$1 - [id: 0x615d3376, L:/127.0.0.1:52075 - R:localhost/127.0.0.1:52061] FLUSH
14:03:33.548 [dockerjava-netty-1-10] DEBUG com.github.dockerjava.netty.NettyDockerCmdExecFactory$1 - [id: 0x615d3376, L:/127.0.0.1:52075 - R:localhost/127.0.0.1:52061] READ: DefaultHttpResponse(decodeResult: success, version: HTTP/1.1)
HTTP/1.1 200 OK
Api-Version: 1.37
Content-Type: application/x-tar
Date: Thu, 24 May 2018 12:03:22 GMT
Docker-Experimental: true
Ostype: linux
Server: Docker/18.03.1-ce (linux)
X-Docker-Container-Path-Stat: eyJuYW1lIjoiZHVtbXkiLCJzaXplIjoxODgwMiwibW9kZSI6NDIwLCJtdGltZSI6IjIwMTgtMDUtMjRUMTI6MDM6MzJaIiwibGlua1RhcmdldCI6IiJ9
Transfer-Encoding: chunked
14:03:33.549 [dockerjava-netty-1-10] DEBUG com.github.dockerjava.netty.NettyDockerCmdExecFactory$1 - [id: 0x615d3376, L:/127.0.0.1:52075 - R:localhost/127.0.0.1:52061] READ: DefaultHttpContent(data: PooledSlicedByteBuf(ridx: 0, widx: 657, cap: 657/657, unwrapped: PooledUnsafeDirectByteBuf(ridx: 1024, widx: 1024, cap: 1024)), decoderResult: success), 657B
         +-------------------------------------------------+
         |  0  1  2  3  4  5  6  7  8  9  a  b  c  d  e  f |
+--------+-------------------------------------------------+----------------+
|00000000| 64 75 6d 6d 79 00 00 00 00 00 00 00 00 00 00 00 |dummy...........|
|00000010| 00 00 00 00 00 00 00 00 00 00 00 00 00 00 00 00 |................|
|00000020| 00 00 00 00 00 00 00 00 00 00 00 00 00 00 00 00 |................|
|00000030| 00 00 00 00 00 00 00 00 00 00 00 00 00 00 00 00 |................|
|00000040| 00 00 00 00 00 00 00 00 00 00 00 00 00 00 00 00 |................|
|00000050| 00 00 00 00 00 00 00 00 00 00 00 00 00 00 00 00 |................|
|00000060| 00 00 00 00 30 31 30 30 36 34 34 00 30 30 30 30 |....0100644.0000|
|00000070| 30 30 30 00 30 30 30 30 30 30 30 00 30 30 30 30 |000.0000000.0000|
|00000080| 30 30 34 34 35 36 32 00 31 33 33 30 31 35 32 35 |0044562.13301525|
|00000090| 30 32 34 00 30 31 30 33 33 31 00 20 30 00 00 00 |024.010331. 0...|
|000000a0| 00 00 00 00 00 00 00 00 00 00 00 00 00 00 00 00 |................|
|000000b0| 00 00 00 00 00 00 00 00 00 00 00 00 00 00 00 00 |................|
|000000c0| 00 00 00 00 00 00 00 00 00 00 00 00 00 00 00 00 |................|
|000000d0| 00 00 00 00 00 00 00 00 00 00 00 00 00 00 00 00 |................|
|000000e0| 00 00 00 00 00 00 00 00 00 00 00 00 00 00 00 00 |................|
|000000f0| 00 00 00 00 00 00 00 00 00 00 00 00 00 00 00 00 |................|
|00000100| 00 75 73 74 61 72 00 30 30 00 00 00 00 00 00 00 |.ustar.00.......|
|00000110| 00 00 00 00 00 00 00 00 00 00 00 00 00 00 00 00 |................|
|00000120| 00 00 00 00 00 00 00 00 00 00 00 00 00 00 00 00 |................|
|00000130| 00 00 00 00 00 00 00 00 00 00 00 00 00 00 00 00 |................|
|00000140| 00 00 00 00 00 00 00 00 00 30 30 30 30 30 30 30 |.........0000000|
|00000150| 00 30 30 30 30 30 30 30 00 00 00 00 00 00 00 00 |.0000000........|
|00000160| 00 00 00 00 00 00 00 00 00 00 00 00 00 00 00 00 |................|
|00000170| 00 00 00 00 00 00 00 00 00 00 00 00 00 00 00 00 |................|
|00000180| 00 00 00 00 00 00 00 00 00 00 00 00 00 00 00 00 |................|
|00000190| 00 00 00 00 00 00 00 00 00 00 00 00 00 00 00 00 |................|
|000001a0| 00 00 00 00 00 00 00 00 00 00 00 00 00 00 00 00 |................|
|000001b0| 00 00 00 00 00 00 00 00 00 00 00 00 00 00 00 00 |................|
|000001c0| 00 00 00 00 00 00 00 00 00 00 00 00 00 00 00 00 |................|
|000001d0| 00 00 00 00 00 00 00 00 00 00 00 00 00 00 00 00 |................|
|000001e0| 00 00 00 00 00 00 00 00 00 00 00 00 00 00 00 00 |................|
|000001f0| 00 00 00 00 00 00 00 00 00 00 00 00 00 00 00 00 |................|
|00000200| ca fe ba be 00 00 00 34 03 38 01 00 29 6f 72 67 |.......4.8..)org|
|00000210| 2f 74 65 73 74 63 6f 6e 74 61 69 6e 65 72 73 2f |/testcontainers/|
|00000220| 75 74 69 6c 69 74 79 2f 52 65 73 6f 75 72 63 65 |utility/Resource|
|00000230| 52 65 61 70 65 72 07 00 01 01 00 10 6a 61 76 61 |Reaper......java|
|00000240| 2f 6c 61 6e 67 2f 4f 62 6a 65 63 74 07 00 03 01 |/lang/Object....|
|00000250| 00 13 52 65 73 6f 75 72 63 65 52 65 61 70 65 72 |..ResourceReaper|
|00000260| 2e 6a 61 76 61 01 00 2b 6f 72 67 2f 74 65 73 74 |.java..+org/test|
|00000270| 63 6f 6e 74 61 69 6e 65 72 73 2f 75 74 69 6c 69 |containers/utili|
|00000280| 74 79 2f 52 65 73 6f 75 72 63 65 52 65 61 70 65 |ty/ResourceReape|
|00000290| 72                                              |r               |
+--------+-------------------------------------------------+----------------+
        &amp#27;[32m✔ File should be mountable&amp#27;[0m
14:03:33.549 [dockerjava-netty-1-10] DEBUG com.github.dockerjava.netty.NettyDockerCmdExecFactory$1 - [id: 0x615d3376, L:/127.0.0.1:52075 - R:localhost/127.0.0.1:52061] READ: DefaultHttpContent(data: PooledSlicedByteBuf(ridx: 0, widx: 1024, cap: 1024/1024, unwrapped: PooledUnsafeDirectByteBuf(ridx: 1024, widx: 1024, cap: 1024)), decoderResult: success), 1024B
         +-------------------------------------------------+
         |  0  1  2  3  4  5  6  7  8  9  a  b  c  d  e  f |
+--------+-------------------------------------------------+----------------+
|00000000| 24 31 07 00 06 01 00 13 6a 61 76 61 2f 75 74 69 |$1......java/uti|
|00000010| 6c 2f 4d 61 70 24 45 6e 74 72 79 07 00 08 01 00 |l/Map$Entry.....|
|00000020| 0d 6a 61 76 61 2f 75 74 69 6c 2f 4d 61 70 07 00 |.java/util/Map..|
|00000030| 0a 01 00 05 45 6e 74 72 79 01 00 21 6a 61 76 61 |....Entry..!java|
|00000040| 2f 75 74 69 6c 2f 41 62 73 74 72 61 63 74 4d 61 |/util/AbstractMa|
|00000050| 70 24 53 69 6d 70 6c 65 45 6e 74 72 79 07 00 0d |p$SimpleEntry...|
|00000060| 01 00 15 6a 61 76 61 2f 75 74 69 6c 2f 41 62 73 |...java/util/Abs|
|00000070| 74 72 61 63 74 4d 61 70 07 00 0f 01 00 0b 53 69 |tractMap......Si|
|00000080| 6d 70 6c 65 45 6e 74 72 79 01 00 2d 63 6f 6d 2f |mpleEntry..-com/|
|00000090| 67 69 74 68 75 62 2f 64 6f 63 6b 65 72 6a 61 76 |github/dockerjav|
|000000a0| 61 2f 61 70 69 2f 6d 6f 64 65 6c 2f 50 6f 72 74 |a/api/model/Port|
|000000b0| 73 24 42 69 6e 64 69 6e 67 07 00 12 01 00 25 63 |s$Binding.....%c|
|000000c0| 6f 6d 2f 67 69 74 68 75 62 2f 64 6f 63 6b 65 72 |om/github/docker|
|000000d0| 6a 61 76 61 2f 61 70 69 2f 6d 6f 64 65 6c 2f 50 |java/api/model/P|
|000000e0| 6f 72 74 73 07 00 14 01 00 07 42 69 6e 64 69 6e |orts......Bindin|
|000000f0| 67 01 00 49 63 6f 6d 2f 67 69 74 68 75 62 2f 64 |g..Icom/github/d|
|00000100| 6f 63 6b 65 72 6a 61 76 61 2f 61 70 69 2f 63 6f |ockerjava/api/co|
|00000110| 6d 6d 61 6e 64 2f 49 6e 73 70 65 63 74 43 6f 6e |mmand/InspectCon|
|00000120| 74 61 69 6e 65 72 52 65 73 70 6f 6e 73 65 24 43 |tainerResponse$C|
|00000130| 6f 6e 74 61 69 6e 65 72 53 74 61 74 65 07 00 17 |ontainerState...|
|00000140| 01 00 3a 63 6f 6d 2f 67 69 74 68 75 62 2f 64 6f |..:com/github/do|
|00000150| 63 6b 65 72 6a 61 76 61 2f 61 70 69 2f 63 6f 6d |ckerjava/api/com|
|00000160| 6d 61 6e 64 2f 49 6e 73 70 65 63 74 43 6f 6e 74 |mand/InspectCont|
|00000170| 61 69 6e 65 72 52 65 73 70 6f 6e 73 65 07 00 19 |ainerResponse...|
|00000180| 01 00 0e 43 6f 6e 74 61 69 6e 65 72 53 74 61 74 |...ContainerStat|
|00000190| 65 01 00 25 6a 61 76 61 2f 6c 61 6e 67 2f 69 6e |e..%java/lang/in|
|000001a0| 76 6f 6b 65 2f 4d 65 74 68 6f 64 48 61 6e 64 6c |voke/MethodHandl|
|000001b0| 65 73 24 4c 6f 6f 6b 75 70 07 00 1c 01 00 1e 6a |es$Lookup......j|
|000001c0| 61 76 61 2f 6c 61 6e 67 2f 69 6e 76 6f 6b 65 2f |ava/lang/invoke/|
|000001d0| 4d 65 74 68 6f 64 48 61 6e 64 6c 65 73 07 00 1e |MethodHandles...|
|000001e0| 01 00 06 4c 6f 6f 6b 75 70 01 00 03 6c 6f 67 01 |...Lookup...log.|
|000001f0| 00 12 4c 6f 72 67 2f 73 6c 66 34 6a 2f 4c 6f 67 |..Lorg/slf4j/Log|
|00000200| 67 65 72 3b 01 00 06 4c 4f 47 47 45 52 01 00 0a |ger;...LOGGER...|
|00000210| 44 45 41 54 48 5f 4e 4f 54 45 01 00 10 4c 6a 61 |DEATH_NOTE...Lja|
|00000220| 76 61 2f 75 74 69 6c 2f 4c 69 73 74 3b 01 00 5f |va/util/List;.._|
|00000230| 4c 6a 61 76 61 2f 75 74 69 6c 2f 4c 69 73 74 3c |Ljava/util/List<|
|00000240| 4c 6a 61 76 61 2f 75 74 69 6c 2f 4c 69 73 74 3c |Ljava/util/List<|
|00000250| 4c 6a 61 76 61 2f 75 74 69 6c 2f 4d 61 70 24 45 |Ljava/util/Map$E|
|00000260| 6e 74 72 79 3c 4c 6a 61 76 61 2f 6c 61 6e 67 2f |ntry<Ljava/lang/|
|00000270| 53 74 72 69 6e 67 3b 4c 6a 61 76 61 2f 6c 61 6e |String;Ljava/lan|
|00000280| 67 2f 53 74 72 69 6e 67 3b 3e 3b 3e 3b 3e 3b 01 |g/String;>;>;>;.|
|00000290| 00 08 69 6e 73 74 61 6e 63 65 01 00 2b 4c 6f 72 |..instance..+Lor|
|000002a0| 67 2f 74 65 73 74 63 6f 6e 74 61 69 6e 65 72 73 |g/testcontainers|
|000002b0| 2f 75 74 69 6c 69 74 79 2f 52 65 73 6f 75 72 63 |/utility/Resourc|
|000002c0| 65 52 65 61 70 65 72 3b 01 00 0c 64 6f 63 6b 65 |eReaper;...docke|
|000002d0| 72 43 6c 69 65 6e 74 01 00 28 4c 63 6f 6d 2f 67 |rClient..(Lcom/g|
|000002e0| 69 74 68 75 62 2f 64 6f 63 6b 65 72 6a 61 76 61 |ithub/dockerjava|
|000002f0| 2f 61 70 69 2f 44 6f 63 6b 65 72 43 6c 69 65 6e |/api/DockerClien|
|00000300| 74 3b 01 00 14 72 65 67 69 73 74 65 72 65 64 43 |t;...registeredC|
|00000310| 6f 6e 74 61 69 6e 65 72 73 01 00 0f 4c 6a 61 76 |ontainers...Ljav|
|00000320| 61 2f 75 74 69 6c 2f 4d 61 70 3b 01 00 35 4c 6a |a/util/Map;..5Lj|
|00000330| 61 76 61 2f 75 74 69 6c 2f 4d 61 70 3c 4c 6a 61 |ava/util/Map<Lja|
|00000340| 76 61 2f 6c 61 6e 67 2f 53 74 72 69 6e 67 3b 4c |va/lang/String;L|
|00000350| 6a 61 76 61 2f 6c 61 6e 67 2f 53 74 72 69 6e 67 |java/lang/String|
|00000360| 3b 3e 3b 01 00 12 72 65 67 69 73 74 65 72 65 64 |;>;...registered|
|00000370| 4e 65 74 77 6f 72 6b 73 01 00 0f 4c 6a 61 76 61 |Networks...Ljava|
|00000380| 2f 75 74 69 6c 2f 53 65 74 3b 01 00 23 4c 6a 61 |/util/Set;..#Lja|
|00000390| 76 61 2f 75 74 69 6c 2f 53 65 74 3c 4c 6a 61 76 |va/util/Set<Ljav|
|000003a0| 61 2f 6c 61 6e 67 2f 53 74 72 69 6e 67 3b 3e 3b |a/lang/String;>;|
|000003b0| 01 00 09 68 6f 6f 6b 49 73 53 65 74 01 00 2b 4c |...hookIsSet..+L|
|000003c0| 6a 61 76 61 2f 75 74 69 6c 2f 63 6f 6e 63 75 72 |java/util/concur|
|000003d0| 72 65 6e 74 2f 61 74 6f 6d 69 63 2f 41 74 6f 6d |rent/atomic/Atom|
|000003e0| 69 63 42 6f 6f 6c 65 61 6e 3b 01 00 06 3c 69 6e |icBoolean;...<in|
|000003f0| 69 74 3e 01 00 03 28 29 56 0c 00 33 00 34 0a 00 |it>...()V..3.4..|
+--------+-------------------------------------------------+----------------+
14:03:33.549 [dockerjava-netty-1-10] DEBUG com.github.dockerjava.netty.NettyDockerCmdExecFactory$1 - [id: 0x615d3376, L:/127.0.0.1:52075 - R:localhost/127.0.0.1:52061] READ: DefaultHttpContent(data: PooledSlicedByteBuf(ridx: 0, widx: 1024, cap: 1024/1024, unwrapped: PooledUnsafeDirectByteBuf(ridx: 1024, widx: 1024, cap: 1024)), decoderResult: success), 1024B
         +-------------------------------------------------+
         |  0  1  2  3  4  5  6  7  8  9  a  b  c  d  e  f |
+--------+-------------------------------------------------+----------------+
|00000000| 04 00 35 01 00 26 6a 61 76 61 2f 75 74 69 6c 2f |..5..&java/util/|
|00000010| 63 6f 6e 63 75 72 72 65 6e 74 2f 43 6f 6e 63 75 |concurrent/Concu|
|00000020| 72 72 65 6e 74 48 61 73 68 4d 61 70 07 00 37 0a |rrentHashMap..7.|
|00000030| 00 38 00 35 0c 00 2b 00 2c 09 00 02 00 3a 01 00 |.8.5..+.,....:..|
|00000040| 15 6a 61 76 61 2f 75 74 69 6c 2f 43 6f 6c 6c 65 |.java/util/Colle|
|00000050| 63 74 69 6f 6e 73 07 00 3c 01 00 0d 6e 65 77 53 |ctions..<...newS|
|00000060| 65 74 46 72 6f 6d 4d 61 70 01 00 20 28 4c 6a 61 |etFromMap.. (Lja|
|00000070| 76 61 2f 75 74 69 6c 2f 4d 61 70 3b 29 4c 6a 61 |va/util/Map;)Lja|
|00000080| 76 61 2f 75 74 69 6c 2f 53 65 74 3b 0c 00 3e 00 |va/util/Set;..>.|
|00000090| 3f 0a 00 3d 00 40 0c 00 2e 00 2f 09 00 02 00 42 |?..=.@..../....B|
|000000a0| 01 00 29 6a 61 76 61 2f 75 74 69 6c 2f 63 6f 6e |..)java/util/con|
|000000b0| 63 75 72 72 65 6e 74 2f 61 74 6f 6d 69 63 2f 41 |current/atomic/A|
|000000c0| 74 6f 6d 69 63 42 6f 6f 6c 65 61 6e 07 00 44 01 |tomicBoolean..D.|
|000000d0| 00 04 28 5a 29 56 0c 00 33 00 46 0a 00 45 00 47 |..(Z)V..3.F..E.G|
|000000e0| 0c 00 31 00 32 09 00 02 00 49 01 00 26 6f 72 67 |..1.2....I..&org|
|000000f0| 2f 74 65 73 74 63 6f 6e 74 61 69 6e 65 72 73 2f |/testcontainers/|
|00000100| 44 6f 63 6b 65 72 43 6c 69 65 6e 74 46 61 63 74 |DockerClientFact|
|00000110| 6f 72 79 07 00 4b 01 00 2a 28 29 4c 6f 72 67 2f |ory..K..*()Lorg/|
|00000120| 74 65 73 74 63 6f 6e 74 61 69 6e 65 72 73 2f 44 |testcontainers/D|
|00000130| 6f 63 6b 65 72 43 6c 69 65 6e 74 46 61 63 74 6f |ockerClientFacto|
|00000140| 72 79 3b 0c 00 27 00 4d 0a 00 4c 00 4e 01 00 06 |ry;..'.M..L.N...|
|00000150| 63 6c 69 65 6e 74 01 00 2a 28 29 4c 63 6f 6d 2f |client..*()Lcom/|
|00000160| 67 69 74 68 75 62 2f 64 6f 63 6b 65 72 6a 61 76 |github/dockerjav|
|00000170| 61 2f 61 70 69 2f 44 6f 63 6b 65 72 43 6c 69 65 |a/api/DockerClie|
|00000180| 6e 74 3b 0c 00 50 00 51 0a 00 4c 00 52 0c 00 29 |nt;..P.Q..L.R..)|
|00000190| 00 2a 09 00 02 00 54 01 00 04 74 68 69 73 01 00 |.*....T...this..|
|000001a0| 05 73 74 61 72 74 01 00 4e 28 4c 6a 61 76 61 2f |.start..N(Ljava/|
|000001b0| 6c 61 6e 67 2f 53 74 72 69 6e 67 3b 4c 63 6f 6d |lang/String;Lcom|
|000001c0| 2f 67 69 74 68 75 62 2f 64 6f 63 6b 65 72 6a 61 |/github/dockerja|
|000001d0| 76 61 2f 61 70 69 2f 44 6f 63 6b 65 72 43 6c 69 |va/api/DockerCli|
|000001e0| 65 6e 74 3b 29 4c 6a 61 76 61 2f 6c 61 6e 67 2f |ent;)Ljava/lang/|
|000001f0| 53 74 72 69 6e 67 3b 01 00 1e 6a 61 76 61 2f 6c |String;...java/l|
|00000200| 61 6e 67 2f 49 6e 74 65 72 72 75 70 74 65 64 45 |ang/InterruptedE|
|00000210| 78 63 65 70 74 69 6f 6e 07 00 59 01 00 36 6f 72 |xception..Y..6or|
|00000220| 67 2f 74 65 73 74 63 6f 6e 74 61 69 6e 65 72 73 |g/testcontainers|
|00000230| 2f 75 74 69 6c 69 74 79 2f 54 65 73 74 63 6f 6e |/utility/Testcon|
|00000240| 74 61 69 6e 65 72 73 43 6f 6e 66 69 67 75 72 61 |tainersConfigura|
|00000250| 74 69 6f 6e 07 00 5b 01 00 0b 67 65 74 49 6e 73 |tion..[...getIns|
|00000260| 74 61 6e 63 65 01 00 3a 28 29 4c 6f 72 67 2f 74 |tance..:()Lorg/t|
|00000270| 65 73 74 63 6f 6e 74 61 69 6e 65 72 73 2f 75 74 |estcontainers/ut|
|00000280| 69 6c 69 74 79 2f 54 65 73 74 63 6f 6e 74 61 69 |ility/Testcontai|
|00000290| 6e 65 72 73 43 6f 6e 66 69 67 75 72 61 74 69 6f |nersConfiguratio|
|000002a0| 6e 3b 0c 00 5d 00 5e 0a 00 5c 00 5f 01 00 0c 67 |n;..].^..\._...g|
|000002b0| 65 74 52 79 75 6b 49 6d 61 67 65 01 00 14 28 29 |etRyukImage...()|
|000002c0| 4c 6a 61 76 61 2f 6c 61 6e 67 2f 53 74 72 69 6e |Ljava/lang/Strin|
|000002d0| 67 3b 0c 00 61 00 62 0a 00 5c 00 63 01 00 11 63 |g;..a.b..\.c...c|
|000002e0| 68 65 63 6b 41 6e 64 50 75 6c 6c 49 6d 61 67 65 |heckAndPullImage|
|000002f0| 01 00 3d 28 4c 63 6f 6d 2f 67 69 74 68 75 62 2f |..=(Lcom/github/|
|00000300| 64 6f 63 6b 65 72 6a 61 76 61 2f 61 70 69 2f 44 |dockerjava/api/D|
|00000310| 6f 63 6b 65 72 43 6c 69 65 6e 74 3b 4c 6a 61 76 |ockerClient;Ljav|
|00000320| 61 2f 6c 61 6e 67 2f 53 74 72 69 6e 67 3b 29 56 |a/lang/String;)V|
|00000330| 0c 00 65 00 66 0a 00 4c 00 67 01 00 17 6a 61 76 |..e.f..L.g...jav|
|00000340| 61 2f 6c 61 6e 67 2f 53 74 72 69 6e 67 42 75 69 |a/lang/StringBui|
|00000350| 6c 64 65 72 07 00 69 0a 00 6a 00 35 01 00 0f 6a |lder..i..j.5...j|
|00000360| 61 76 61 2f 6c 61 6e 67 2f 43 6c 61 73 73 07 00 |ava/lang/Class..|
|00000370| 6c 01 00 07 67 65 74 4e 61 6d 65 0c 00 6e 00 62 |l...getName..n.b|
|00000380| 0a 00 6d 00 6f 01 00 01 2e 08 00 71 01 00 01 2f |..m.o......q.../|
|00000390| 08 00 73 01 00 10 6a 61 76 61 2f 6c 61 6e 67 2f |..s...java/lang/|
|000003a0| 53 74 72 69 6e 67 07 00 75 01 00 07 72 65 70 6c |String..u...repl|
|000003b0| 61 63 65 01 00 44 28 4c 6a 61 76 61 2f 6c 61 6e |ace..D(Ljava/lan|
|000003c0| 67 2f 43 68 61 72 53 65 71 75 65 6e 63 65 3b 4c |g/CharSequence;L|
|000003d0| 6a 61 76 61 2f 6c 61 6e 67 2f 43 68 61 72 53 65 |java/lang/CharSe|
|000003e0| 71 75 65 6e 63 65 3b 29 4c 6a 61 76 61 2f 6c 61 |quence;)Ljava/la|
|000003f0| 6e 67 2f 53 74 72 69 6e 67 3b 0c 00 77 00 78 0a |ng/String;..w.x.|
+--------+-------------------------------------------------+----------------+
14:03:33.549 [dockerjava-netty-1-10] DEBUG com.github.dockerjava.netty.NettyDockerCmdExecFactory$1 - [id: 0x615d3376, L:/127.0.0.1:52075 - R:localhost/127.0.0.1:52061] READ: DefaultHttpContent(data: PooledSlicedByteBuf(ridx: 0, widx: 1024, cap: 1024/1024, unwrapped: PooledUnsafeDirectByteBuf(ridx: 1024, widx: 1024, cap: 1024)), decoderResult: success), 1024B
         +-------------------------------------------------+
         |  0  1  2  3  4  5  6  7  8  9  a  b  c  d  e  f |
+--------+-------------------------------------------------+----------------+
|00000000| 00 76 00 79 01 00 06 61 70 70 65 6e 64 01 00 2d |.v.y...append..-|
|00000010| 28 4c 6a 61 76 61 2f 6c 61 6e 67 2f 53 74 72 69 |(Ljava/lang/Stri|
|00000020| 6e 67 3b 29 4c 6a 61 76 61 2f 6c 61 6e 67 2f 53 |ng;)Ljava/lang/S|
|00000030| 74 72 69 6e 67 42 75 69 6c 64 65 72 3b 0c 00 7b |tringBuilder;..{|
|00000040| 00 7c 0a 00 6a 00 7d 01 00 06 2e 63 6c 61 73 73 |.|..j.}....class|
|00000050| 08 00 7f 01 00 08 74 6f 53 74 72 69 6e 67 0c 00 |......toString..|
|00000060| 81 00 62 0a 00 6a 00 82 01 00 28 6f 72 67 2f 74 |..b..j....(org/t|
|00000070| 65 73 74 63 6f 6e 74 61 69 6e 65 72 73 2f 75 74 |estcontainers/ut|
|00000080| 69 6c 69 74 79 2f 4d 6f 75 6e 74 61 62 6c 65 46 |ility/MountableF|
|00000090| 69 6c 65 07 00 84 01 00 14 66 6f 72 43 6c 61 73 |ile......forClas|
|000000a0| 73 70 61 74 68 52 65 73 6f 75 72 63 65 01 00 3e |spathResource..>|
|000000b0| 28 4c 6a 61 76 61 2f 6c 61 6e 67 2f 53 74 72 69 |(Ljava/lang/Stri|
|000000c0| 6e 67 3b 29 4c 6f 72 67 2f 74 65 73 74 63 6f 6e |ng;)Lorg/testcon|
|000000d0| 74 61 69 6e 65 72 73 2f 75 74 69 6c 69 74 79 2f |tainers/utility/|
|000000e0| 4d 6f 75 6e 74 61 62 6c 65 46 69 6c 65 3b 0c 00 |MountableFile;..|
|000000f0| 86 00 87 0a 00 85 00 88 01 00 26 63 6f 6d 2f 67 |..........&com/g|
|00000100| 69 74 68 75 62 2f 64 6f 63 6b 65 72 6a 61 76 61 |ithub/dockerjava|
|00000110| 2f 61 70 69 2f 44 6f 63 6b 65 72 43 6c 69 65 6e |/api/DockerClien|
|00000120| 74 07 00 8a 01 00 12 63 72 65 61 74 65 43 6f 6e |t......createCon|
|00000130| 74 61 69 6e 65 72 43 6d 64 01 00 4a 28 4c 6a 61 |tainerCmd..J(Lja|
|00000140| 76 61 2f 6c 61 6e 67 2f 53 74 72 69 6e 67 3b 29 |va/lang/String;)|
|00000150| 4c 63 6f 6d 2f 67 69 74 68 75 62 2f 64 6f 63 6b |Lcom/github/dock|
|00000160| 65 72 6a 61 76 61 2f 61 70 69 2f 63 6f 6d 6d 61 |erjava/api/comma|
|00000170| 6e 64 2f 43 72 65 61 74 65 43 6f 6e 74 61 69 6e |nd/CreateContain|
|00000180| 65 72 43 6d 64 3b 0c 00 8c 00 8d 0b 00 8b 00 8e |erCmd;..........|
|00000190| 0a 00 07 00 35 01 00 34 63 6f 6d 2f 67 69 74 68 |....5..4com/gith|
|000001a0| 75 62 2f 64 6f 63 6b 65 72 6a 61 76 61 2f 61 70 |ub/dockerjava/ap|
|000001b0| 69 2f 63 6f 6d 6d 61 6e 64 2f 43 72 65 61 74 65 |i/command/Create|
|000001c0| 43 6f 6e 74 61 69 6e 65 72 43 6d 64 07 00 91 01 |ContainerCmd....|
|000001d0| 00 0e 77 69 74 68 48 6f 73 74 43 6f 6e 66 69 67 |..withHostConfig|
|000001e0| 01 00 64 28 4c 63 6f 6d 2f 67 69 74 68 75 62 2f |..d(Lcom/github/|
|000001f0| 64 6f 63 6b 65 72 6a 61 76 61 2f 61 70 69 2f 6d |dockerjava/api/m|
|00000200| 6f 64 65 6c 2f 48 6f 73 74 43 6f 6e 66 69 67 3b |odel/HostConfig;|
|00000210| 29 4c 63 6f 6d 2f 67 69 74 68 75 62 2f 64 6f 63 |)Lcom/github/doc|
|00000220| 6b 65 72 6a 61 76 61 2f 61 70 69 2f 63 6f 6d 6d |kerjava/api/comm|
|00000230| 61 6e 64 2f 43 72 65 61 74 65 43 6f 6e 74 61 69 |and/CreateContai|
|00000240| 6e 65 72 43 6d 64 3b 0c 00 93 00 94 0b 00 92 00 |nerCmd;.........|
|00000250| 95 01 00 2b 63 6f 6d 2f 67 69 74 68 75 62 2f 64 |...+com/github/d|
|00000260| 6f 63 6b 65 72 6a 61 76 61 2f 61 70 69 2f 6d 6f |ockerjava/api/mo|
|00000270| 64 65 6c 2f 45 78 70 6f 73 65 64 50 6f 72 74 07 |del/ExposedPort.|
|00000280| 00 97 01 00 04 28 49 29 56 0c 00 33 00 99 0a 00 |.....(I)V..3....|
|00000290| 98 00 9a 01 00 10 77 69 74 68 45 78 70 6f 73 65 |......withExpose|
|000002a0| 64 50 6f 72 74 73 01 00 66 28 5b 4c 63 6f 6d 2f |dPorts..f([Lcom/|
|000002b0| 67 69 74 68 75 62 2f 64 6f 63 6b 65 72 6a 61 76 |github/dockerjav|
|000002c0| 61 2f 61 70 69 2f 6d 6f 64 65 6c 2f 45 78 70 6f |a/api/model/Expo|
|000002d0| 73 65 64 50 6f 72 74 3b 29 4c 63 6f 6d 2f 67 69 |sedPort;)Lcom/gi|
|000002e0| 74 68 75 62 2f 64 6f 63 6b 65 72 6a 61 76 61 2f |thub/dockerjava/|
|000002f0| 61 70 69 2f 63 6f 6d 6d 61 6e 64 2f 43 72 65 61 |api/command/Crea|
|00000300| 74 65 43 6f 6e 74 61 69 6e 65 72 43 6d 64 3b 0c |teContainerCmd;.|
|00000310| 00 9c 00 9d 0b 00 92 00 9e 01 00 11 6a 61 76 61 |............java|
|00000320| 2f 6c 61 6e 67 2f 42 6f 6f 6c 65 61 6e 07 00 a0 |/lang/Boolean...|
|00000330| 01 00 07 76 61 6c 75 65 4f 66 01 00 16 28 5a 29 |...valueOf...(Z)|
|00000340| 4c 6a 61 76 61 2f 6c 61 6e 67 2f 42 6f 6f 6c 65 |Ljava/lang/Boole|
|00000350| 61 6e 3b 0c 00 a2 00 a3 0a 00 a1 00 a4 01 00 13 |an;.............|
|00000360| 77 69 74 68 50 75 62 6c 69 73 68 41 6c 6c 50 6f |withPublishAllPo|
|00000370| 72 74 73 01 00 4b 28 4c 6a 61 76 61 2f 6c 61 6e |rts..K(Ljava/lan|
|00000380| 67 2f 42 6f 6f 6c 65 61 6e 3b 29 4c 63 6f 6d 2f |g/Boolean;)Lcom/|
|00000390| 67 69 74 68 75 62 2f 64 6f 63 6b 65 72 6a 61 76 |github/dockerjav|
|000003a0| 61 2f 61 70 69 2f 63 6f 6d 6d 61 6e 64 2f 43 72 |a/api/command/Cr|
|000003b0| 65 61 74 65 43 6f 6e 74 61 69 6e 65 72 43 6d 64 |eateContainerCmd|
|000003c0| 3b 0c 00 a6 00 a7 0b 00 92 00 a8 01 00 14 74 65 |;.............te|
|000003d0| 73 74 63 6f 6e 74 61 69 6e 65 72 73 2d 72 79 75 |stcontainers-ryu|
|000003e0| 6b 2d 08 00 aa 01 00 0a 53 45 53 53 49 4f 4e 5f |k-......SESSION_|
|000003f0| 49 44 01 00 12 4c 6a 61 76 61 2f 6c 61 6e 67 2f |ID...Ljava/lang/|
+--------+-------------------------------------------------+----------------+
14:03:33.550 [dockerjava-netty-1-10] DEBUG com.github.dockerjava.netty.NettyDockerCmdExecFactory$1 - [id: 0x615d3376, L:/127.0.0.1:52075 - R:localhost/127.0.0.1:52061] READ: DefaultHttpContent(data: PooledSlicedByteBuf(ridx: 0, widx: 1024, cap: 1024/1024, unwrapped: PooledUnsafeDirectByteBuf(ridx: 1024, widx: 1024, cap: 1024)), decoderResult: success), 1024B
         +-------------------------------------------------+
         |  0  1  2  3  4  5  6  7  8  9  a  b  c  d  e  f |
+--------+-------------------------------------------------+----------------+
|00000000| 53 74 72 69 6e 67 3b 0c 00 ac 00 ad 09 00 4c 00 |String;.......L.|
|00000010| ae 01 00 08 77 69 74 68 4e 61 6d 65 0c 00 b0 00 |....withName....|
|00000020| 8d 0b 00 92 00 b1 01 00 14 54 45 53 54 43 4f 4e |.........TESTCON|
|00000030| 54 41 49 4e 45 52 53 5f 4c 41 42 45 4c 0c 00 b3 |TAINERS_LABEL...|
|00000040| 00 ad 09 00 4c 00 b4 01 00 04 74 72 75 65 08 00 |....L.....true..|
|00000050| b6 01 00 0c 73 69 6e 67 6c 65 74 6f 6e 4d 61 70 |....singletonMap|
|00000060| 01 00 35 28 4c 6a 61 76 61 2f 6c 61 6e 67 2f 4f |..5(Ljava/lang/O|
|00000070| 62 6a 65 63 74 3b 4c 6a 61 76 61 2f 6c 61 6e 67 |bject;Ljava/lang|
|00000080| 2f 4f 62 6a 65 63 74 3b 29 4c 6a 61 76 61 2f 75 |/Object;)Ljava/u|
|00000090| 74 69 6c 2f 4d 61 70 3b 0c 00 b8 00 b9 0a 00 3d |til/Map;.......=|
|000000a0| 00 ba 01 00 0a 77 69 74 68 4c 61 62 65 6c 73 01 |.....withLabels.|
|000000b0| 00 47 28 4c 6a 61 76 61 2f 75 74 69 6c 2f 4d 61 |.G(Ljava/util/Ma|
|000000c0| 70 3b 29 4c 63 6f 6d 2f 67 69 74 68 75 62 2f 64 |p;)Lcom/github/d|
|000000d0| 6f 63 6b 65 72 6a 61 76 61 2f 61 70 69 2f 63 6f |ockerjava/api/co|
|000000e0| 6d 6d 61 6e 64 2f 43 72 65 61 74 65 43 6f 6e 74 |mmand/CreateCont|
|000000f0| 61 69 6e 65 72 43 6d 64 3b 0c 00 bc 00 bd 0b 00 |ainerCmd;.......|
|00000100| 92 00 be 01 00 24 63 6f 6d 2f 67 69 74 68 75 62 |.....$com/github|
|00000110| 2f 64 6f 63 6b 65 72 6a 61 76 61 2f 61 70 69 2f |/dockerjava/api/|
|00000120| 6d 6f 64 65 6c 2f 42 69 6e 64 07 00 c0 01 00 15 |model/Bind......|
|00000130| 2f 2f 76 61 72 2f 72 75 6e 2f 64 6f 63 6b 65 72 |//var/run/docker|
|00000140| 2e 73 6f 63 6b 08 00 c2 01 00 26 63 6f 6d 2f 67 |.sock.....&com/g|
|00000150| 69 74 68 75 62 2f 64 6f 63 6b 65 72 6a 61 76 61 |ithub/dockerjava|
|00000160| 2f 61 70 69 2f 6d 6f 64 65 6c 2f 56 6f 6c 75 6d |/api/model/Volum|
|00000170| 65 07 00 c4 01 00 14 2f 76 61 72 2f 72 75 6e 2f |e....../var/run/|
|00000180| 64 6f 63 6b 65 72 2e 73 6f 63 6b 08 00 c6 01 00 |docker.sock.....|
|00000190| 15 28 4c 6a 61 76 61 2f 6c 61 6e 67 2f 53 74 72 |.(Ljava/lang/Str|
|000001a0| 69 6e 67 3b 29 56 0c 00 33 00 c8 0a 00 c5 00 c9 |ing;)V..3.......|
|000001b0| 01 00 3d 28 4c 6a 61 76 61 2f 6c 61 6e 67 2f 53 |..=(Ljava/lang/S|
|000001c0| 74 72 69 6e 67 3b 4c 63 6f 6d 2f 67 69 74 68 75 |tring;Lcom/githu|
|000001d0| 62 2f 64 6f 63 6b 65 72 6a 61 76 61 2f 61 70 69 |b/dockerjava/api|
|000001e0| 2f 6d 6f 64 65 6c 2f 56 6f 6c 75 6d 65 3b 29 56 |/model/Volume;)V|
|000001f0| 0c 00 33 00 cb 0a 00 c1 00 cc 01 00 0f 67 65 74 |..3..........get|
|00000200| 52 65 73 6f 6c 76 65 64 50 61 74 68 0c 00 ce 00 |ResolvedPath....|
|00000210| 62 0a 00 85 00 cf 01 00 06 2f 64 75 6d 6d 79 08 |b......../dummy.|
|00000220| 00 d1 01 00 2a 63 6f 6d 2f 67 69 74 68 75 62 2f |....*com/github/|
|00000230| 64 6f 63 6b 65 72 6a 61 76 61 2f 61 70 69 2f 6d |dockerjava/api/m|
|00000240| 6f 64 65 6c 2f 41 63 63 65 73 73 4d 6f 64 65 07 |odel/AccessMode.|
|00000250| 00 d3 01 00 02 72 6f 01 00 2c 4c 63 6f 6d 2f 67 |.....ro..,Lcom/g|
|00000260| 69 74 68 75 62 2f 64 6f 63 6b 65 72 6a 61 76 61 |ithub/dockerjava|
|00000270| 2f 61 70 69 2f 6d 6f 64 65 6c 2f 41 63 63 65 73 |/api/model/Acces|
|00000280| 73 4d 6f 64 65 3b 0c 00 d5 00 d6 09 00 d4 00 d7 |sMode;..........|
|00000290| 01 00 69 28 4c 6a 61 76 61 2f 6c 61 6e 67 2f 53 |..i(Ljava/lang/S|
|000002a0| 74 72 69 6e 67 3b 4c 63 6f 6d 2f 67 69 74 68 75 |tring;Lcom/githu|
|000002b0| 62 2f 64 6f 63 6b 65 72 6a 61 76 61 2f 61 70 69 |b/dockerjava/api|
|000002c0| 2f 6d 6f 64 65 6c 2f 56 6f 6c 75 6d 65 3b 4c 63 |/model/Volume;Lc|
|000002d0| 6f 6d 2f 67 69 74 68 75 62 2f 64 6f 63 6b 65 72 |om/github/docker|
|000002e0| 6a 61 76 61 2f 61 70 69 2f 6d 6f 64 65 6c 2f 41 |java/api/model/A|
|000002f0| 63 63 65 73 73 4d 6f 64 65 3b 29 56 0c 00 33 00 |ccessMode;)V..3.|
|00000300| d9 0a 00 c1 00 da 01 00 09 77 69 74 68 42 69 6e |.........withBin|
|00000310| 64 73 01 00 5f 28 5b 4c 63 6f 6d 2f 67 69 74 68 |ds.._([Lcom/gith|
|00000320| 75 62 2f 64 6f 63 6b 65 72 6a 61 76 61 2f 61 70 |ub/dockerjava/ap|
|00000330| 69 2f 6d 6f 64 65 6c 2f 42 69 6e 64 3b 29 4c 63 |i/model/Bind;)Lc|
|00000340| 6f 6d 2f 67 69 74 68 75 62 2f 64 6f 63 6b 65 72 |om/github/docker|
|00000350| 6a 61 76 61 2f 61 70 69 2f 63 6f 6d 6d 61 6e 64 |java/api/command|
|00000360| 2f 43 72 65 61 74 65 43 6f 6e 74 61 69 6e 65 72 |/CreateContainer|
|00000370| 43 6d 64 3b 0c 00 dc 00 dd 0b 00 92 00 de 01 00 |Cmd;............|
|00000380| 04 65 78 65 63 01 00 3d 28 29 4c 63 6f 6d 2f 67 |.exec..=()Lcom/g|
|00000390| 69 74 68 75 62 2f 64 6f 63 6b 65 72 6a 61 76 61 |ithub/dockerjava|
|000003a0| 2f 61 70 69 2f 63 6f 6d 6d 61 6e 64 2f 43 72 65 |/api/command/Cre|
|000003b0| 61 74 65 43 6f 6e 74 61 69 6e 65 72 52 65 73 70 |ateContainerResp|
|000003c0| 6f 6e 73 65 3b 0c 00 e0 00 e1 0b 00 92 00 e2 01 |onse;...........|
|000003d0| 00 39 63 6f 6d 2f 67 69 74 68 75 62 2f 64 6f 63 |.9com/github/doc|
|000003e0| 6b 65 72 6a 61 76 61 2f 61 70 69 2f 63 6f 6d 6d |kerjava/api/comm|
|000003f0| 61 6e 64 2f 43 72 65 61 74 65 43 6f 6e 74 61 69 |and/CreateContai|
+--------+-------------------------------------------------+----------------+
14:03:33.550 [dockerjava-netty-1-10] DEBUG com.github.dockerjava.netty.NettyDockerCmdExecFactory$1 - [id: 0x615d3376, L:/127.0.0.1:52075 - R:localhost/127.0.0.1:52061] READ: DefaultHttpContent(data: PooledSlicedByteBuf(ridx: 0, widx: 1024, cap: 1024/1024, unwrapped: PooledUnsafeDirectByteBuf(ridx: 1024, widx: 1024, cap: 1024)), decoderResult: success), 1024B
         +-------------------------------------------------+
         |  0  1  2  3  4  5  6  7  8  9  a  b  c  d  e  f |
+--------+-------------------------------------------------+----------------+
|00000000| 6e 65 72 52 65 73 70 6f 6e 73 65 07 00 e4 01 00 |nerResponse.....|
|00000010| 05 67 65 74 49 64 0c 00 e6 00 62 0a 00 e5 00 e7 |.getId....b.....|
|00000020| 01 00 11 73 74 61 72 74 43 6f 6e 74 61 69 6e 65 |...startContaine|
|00000030| 72 43 6d 64 01 00 49 28 4c 6a 61 76 61 2f 6c 61 |rCmd..I(Ljava/la|
|00000040| 6e 67 2f 53 74 72 69 6e 67 3b 29 4c 63 6f 6d 2f |ng/String;)Lcom/|
|00000050| 67 69 74 68 75 62 2f 64 6f 63 6b 65 72 6a 61 76 |github/dockerjav|
|00000060| 61 2f 61 70 69 2f 63 6f 6d 6d 61 6e 64 2f 53 74 |a/api/command/St|
|00000070| 61 72 74 43 6f 6e 74 61 69 6e 65 72 43 6d 64 3b |artContainerCmd;|
|00000080| 0c 00 e9 00 ea 0b 00 8b 00 eb 01 00 33 63 6f 6d |............3com|
|00000090| 2f 67 69 74 68 75 62 2f 64 6f 63 6b 65 72 6a 61 |/github/dockerja|
|000000a0| 76 61 2f 61 70 69 2f 63 6f 6d 6d 61 6e 64 2f 53 |va/api/command/S|
|000000b0| 74 61 72 74 43 6f 6e 74 61 69 6e 65 72 43 6d 64 |tartContainerCmd|
|000000c0| 07 00 ed 01 00 12 28 29 4c 6a 61 76 61 2f 6c 61 |......()Ljava/la|
|000000d0| 6e 67 2f 56 6f 69 64 3b 0c 00 e0 00 ef 0b 00 ee |ng/Void;........|
|000000e0| 00 f0 01 00 13 69 6e 73 70 65 63 74 43 6f 6e 74 |.....inspectCont|
|000000f0| 61 69 6e 65 72 43 6d 64 01 00 4b 28 4c 6a 61 76 |ainerCmd..K(Ljav|
|00000100| 61 2f 6c 61 6e 67 2f 53 74 72 69 6e 67 3b 29 4c |a/lang/String;)L|
|00000110| 63 6f 6d 2f 67 69 74 68 75 62 2f 64 6f 63 6b 65 |com/github/docke|
|00000120| 72 6a 61 76 61 2f 61 70 69 2f 63 6f 6d 6d 61 6e |rjava/api/comman|
|00000130| 64 2f 49 6e 73 70 65 63 74 43 6f 6e 74 61 69 6e |d/InspectContain|
|00000140| 65 72 43 6d 64 3b 0c 00 f2 00 f3 0b 00 8b 00 f4 |erCmd;..........|
|00000150| 01 00 35 63 6f 6d 2f 67 69 74 68 75 62 2f 64 6f |..5com/github/do|
|00000160| 63 6b 65 72 6a 61 76 61 2f 61 70 69 2f 63 6f 6d |ckerjava/api/com|
|00000170| 6d 61 6e 64 2f 49 6e 73 70 65 63 74 43 6f 6e 74 |mand/InspectCont|
|00000180| 61 69 6e 65 72 43 6d 64 07 00 f6 01 00 3e 28 29 |ainerCmd.....>()|
|00000190| 4c 63 6f 6d 2f 67 69 74 68 75 62 2f 64 6f 63 6b |Lcom/github/dock|
|000001a0| 65 72 6a 61 76 61 2f 61 70 69 2f 63 6f 6d 6d 61 |erjava/api/comma|
|000001b0| 6e 64 2f 49 6e 73 70 65 63 74 43 6f 6e 74 61 69 |nd/InspectContai|
|000001c0| 6e 65 72 52 65 73 70 6f 6e 73 65 3b 0c 00 e0 00 |nerResponse;....|
|000001d0| f8 0b 00 f7 00 f9 01 00 12 67 65 74 4e 65 74 77 |.........getNetw|
|000001e0| 6f 72 6b 53 65 74 74 69 6e 67 73 01 00 33 28 29 |orkSettings..3()|
|000001f0| 4c 63 6f 6d 2f 67 69 74 68 75 62 2f 64 6f 63 6b |Lcom/github/dock|
|00000200| 65 72 6a 61 76 61 2f 61 70 69 2f 6d 6f 64 65 6c |erjava/api/model|
|00000210| 2f 4e 65 74 77 6f 72 6b 53 65 74 74 69 6e 67 73 |/NetworkSettings|
|00000220| 3b 0c 00 fb 00 fc 0a 00 1a 00 fd 01 00 2f 63 6f |;............/co|
|00000230| 6d 2f 67 69 74 68 75 62 2f 64 6f 63 6b 65 72 6a |m/github/dockerj|
|00000240| 61 76 61 2f 61 70 69 2f 6d 6f 64 65 6c 2f 4e 65 |ava/api/model/Ne|
|00000250| 74 77 6f 72 6b 53 65 74 74 69 6e 67 73 07 00 ff |tworkSettings...|
|00000260| 01 00 08 67 65 74 50 6f 72 74 73 01 00 29 28 29 |...getPorts..)()|
|00000270| 4c 63 6f 6d 2f 67 69 74 68 75 62 2f 64 6f 63 6b |Lcom/github/dock|
|00000280| 65 72 6a 61 76 61 2f 61 70 69 2f 6d 6f 64 65 6c |erjava/api/model|
|00000290| 2f 50 6f 72 74 73 3b 0c 01 01 01 02 0a 01 00 01 |/Ports;.........|
|000002a0| 03 01 00 0b 67 65 74 42 69 6e 64 69 6e 67 73 01 |....getBindings.|
|000002b0| 00 11 28 29 4c 6a 61 76 61 2f 75 74 69 6c 2f 4d |..()Ljava/util/M|
|000002c0| 61 70 3b 0c 01 05 01 06 0a 00 15 01 07 01 00 06 |ap;.............|
|000002d0| 76 61 6c 75 65 73 01 00 18 28 29 4c 6a 61 76 61 |values...()Ljava|
|000002e0| 2f 75 74 69 6c 2f 43 6f 6c 6c 65 63 74 69 6f 6e |/util/Collection|
|000002f0| 3b 0c 01 09 01 0a 0b 00 0b 01 0b 01 00 14 6a 61 |;.............ja|
|00000300| 76 61 2f 75 74 69 6c 2f 43 6f 6c 6c 65 63 74 69 |va/util/Collecti|
|00000310| 6f 6e 07 01 0d 01 00 06 73 74 72 65 61 6d 01 00 |on......stream..|
|00000320| 1b 28 29 4c 6a 61 76 61 2f 75 74 69 6c 2f 73 74 |.()Ljava/util/st|
|00000330| 72 65 61 6d 2f 53 74 72 65 61 6d 3b 0c 01 0f 01 |ream/Stream;....|
|00000340| 10 0b 01 0e 01 11 01 00 22 6a 61 76 61 2f 6c 61 |........"java/la|
|00000350| 6e 67 2f 69 6e 76 6f 6b 65 2f 4c 61 6d 62 64 61 |ng/invoke/Lambda|
|00000360| 4d 65 74 61 66 61 63 74 6f 72 79 07 01 13 01 00 |Metafactory.....|
|00000370| 0b 6d 65 74 61 66 61 63 74 6f 72 79 01 00 cc 28 |.metafactory...(|
|00000380| 4c 6a 61 76 61 2f 6c 61 6e 67 2f 69 6e 76 6f 6b |Ljava/lang/invok|
|00000390| 65 2f 4d 65 74 68 6f 64 48 61 6e 64 6c 65 73 24 |e/MethodHandles$|
|000003a0| 4c 6f 6f 6b 75 70 3b 4c 6a 61 76 61 2f 6c 61 6e |Lookup;Ljava/lan|
|000003b0| 67 2f 53 74 72 69 6e 67 3b 4c 6a 61 76 61 2f 6c |g/String;Ljava/l|
|000003c0| 61 6e 67 2f 69 6e 76 6f 6b 65 2f 4d 65 74 68 6f |ang/invoke/Metho|
|000003d0| 64 54 79 70 65 3b 4c 6a 61 76 61 2f 6c 61 6e 67 |dType;Ljava/lang|
|000003e0| 2f 69 6e 76 6f 6b 65 2f 4d 65 74 68 6f 64 54 79 |/invoke/MethodTy|
|000003f0| 70 65 3b 4c 6a 61 76 61 2f 6c 61 6e 67 2f 69 6e |pe;Ljava/lang/in|
+--------+-------------------------------------------------+----------------+
14:03:33.550 [dockerjava-netty-1-10] DEBUG com.github.dockerjava.netty.NettyDockerCmdExecFactory$1 - [id: 0x615d3376, L:/127.0.0.1:52075 - R:localhost/127.0.0.1:52061] READ: DefaultHttpContent(data: PooledSlicedByteBuf(ridx: 0, widx: 1024, cap: 1024/1024, unwrapped: PooledUnsafeDirectByteBuf(ridx: 1024, widx: 1024, cap: 1024)), decoderResult: success), 1024B
         +-------------------------------------------------+
         |  0  1  2  3  4  5  6  7  8  9  a  b  c  d  e  f |
+--------+-------------------------------------------------+----------------+
|00000000| 76 6f 6b 65 2f 4d 65 74 68 6f 64 48 61 6e 64 6c |voke/MethodHandl|
|00000010| 65 3b 4c 6a 61 76 61 2f 6c 61 6e 67 2f 69 6e 76 |e;Ljava/lang/inv|
|00000020| 6f 6b 65 2f 4d 65 74 68 6f 64 54 79 70 65 3b 29 |oke/MethodType;)|
|00000030| 4c 6a 61 76 61 2f 6c 61 6e 67 2f 69 6e 76 6f 6b |Ljava/lang/invok|
|00000040| 65 2f 43 61 6c 6c 53 69 74 65 3b 0c 01 15 01 16 |e/CallSite;.....|
|00000050| 0a 01 14 01 17 0f 06 01 18 01 00 26 28 4c 6a 61 |...........&(Lja|
|00000060| 76 61 2f 6c 61 6e 67 2f 4f 62 6a 65 63 74 3b 29 |va/lang/Object;)|
|00000070| 4c 6a 61 76 61 2f 6c 61 6e 67 2f 4f 62 6a 65 63 |Ljava/lang/Objec|
|00000080| 74 3b 10 01 1a 01 00 17 6a 61 76 61 2f 75 74 69 |t;......java/uti|
|00000090| 6c 2f 73 74 72 65 61 6d 2f 53 74 72 65 61 6d 07 |l/stream/Stream.|
|000000a0| 01 1c 01 00 02 6f 66 01 00 2e 28 5b 4c 6a 61 76 |.....of...([Ljav|
|000000b0| 61 2f 6c 61 6e 67 2f 4f 62 6a 65 63 74 3b 29 4c |a/lang/Object;)L|
|000000c0| 6a 61 76 61 2f 75 74 69 6c 2f 73 74 72 65 61 6d |java/util/stream|
|000000d0| 2f 53 74 72 65 61 6d 3b 0c 01 1e 01 1f 0b 01 1d |/Stream;........|
|000000e0| 01 20 0f 06 01 21 01 00 4b 28 5b 4c 63 6f 6d 2f |. ...!..K([Lcom/|
|000000f0| 67 69 74 68 75 62 2f 64 6f 63 6b 65 72 6a 61 76 |github/dockerjav|
|00000100| 61 2f 61 70 69 2f 6d 6f 64 65 6c 2f 50 6f 72 74 |a/api/model/Port|
|00000110| 73 24 42 69 6e 64 69 6e 67 3b 29 4c 6a 61 76 61 |s$Binding;)Ljava|
|00000120| 2f 75 74 69 6c 2f 73 74 72 65 61 6d 2f 53 74 72 |/util/stream/Str|
|00000130| 65 61 6d 3b 10 01 23 01 00 05 61 70 70 6c 79 01 |eam;..#...apply.|
|00000140| 00 1f 28 29 4c 6a 61 76 61 2f 75 74 69 6c 2f 66 |..()Ljava/util/f|
|00000150| 75 6e 63 74 69 6f 6e 2f 46 75 6e 63 74 69 6f 6e |unction/Function|
|00000160| 3b 0c 01 25 01 26 12 00 00 01 27 01 00 07 66 6c |;..%.&....'...fl|
|00000170| 61 74 4d 61 70 01 00 38 28 4c 6a 61 76 61 2f 75 |atMap..8(Ljava/u|
|00000180| 74 69 6c 2f 66 75 6e 63 74 69 6f 6e 2f 46 75 6e |til/function/Fun|
|00000190| 63 74 69 6f 6e 3b 29 4c 6a 61 76 61 2f 75 74 69 |ction;)Ljava/uti|
|000001a0| 6c 2f 73 74 72 65 61 6d 2f 53 74 72 65 61 6d 3b |l/stream/Stream;|
|000001b0| 0c 01 29 01 2a 0b 01 1d 01 2b 01 00 09 66 69 6e |..).*....+...fin|
|000001c0| 64 46 69 72 73 74 01 00 16 28 29 4c 6a 61 76 61 |dFirst...()Ljava|
|000001d0| 2f 75 74 69 6c 2f 4f 70 74 69 6f 6e 61 6c 3b 0c |/util/Optional;.|
|000001e0| 01 2d 01 2e 0b 01 1d 01 2f 01 00 0f 67 65 74 48 |.-....../...getH|
|000001f0| 6f 73 74 50 6f 72 74 53 70 65 63 0c 01 31 00 62 |ostPortSpec..1.b|
|00000200| 0a 00 13 01 32 0f 05 01 33 01 00 43 28 4c 63 6f |....2...3..C(Lco|
|00000210| 6d 2f 67 69 74 68 75 62 2f 64 6f 63 6b 65 72 6a |m/github/dockerj|
|00000220| 61 76 61 2f 61 70 69 2f 6d 6f 64 65 6c 2f 50 6f |ava/api/model/Po|
|00000230| 72 74 73 24 42 69 6e 64 69 6e 67 3b 29 4c 6a 61 |rts$Binding;)Lja|
|00000240| 76 61 2f 6c 61 6e 67 2f 53 74 72 69 6e 67 3b 10 |va/lang/String;.|
|00000250| 01 35 12 00 01 01 27 01 00 12 6a 61 76 61 2f 75 |.5....'...java/u|
|00000260| 74 69 6c 2f 4f 70 74 69 6f 6e 61 6c 07 01 38 01 |til/Optional..8.|
|00000270| 00 03 6d 61 70 01 00 33 28 4c 6a 61 76 61 2f 75 |..map..3(Ljava/u|
|00000280| 74 69 6c 2f 66 75 6e 63 74 69 6f 6e 2f 46 75 6e |til/function/Fun|
|00000290| 63 74 69 6f 6e 3b 29 4c 6a 61 76 61 2f 75 74 69 |ction;)Ljava/uti|
|000002a0| 6c 2f 4f 70 74 69 6f 6e 61 6c 3b 0c 01 3a 01 3b |l/Optional;..:.;|
|000002b0| 0a 01 39 01 3c 01 00 11 6a 61 76 61 2f 6c 61 6e |..9.<...java/lan|
|000002c0| 67 2f 49 6e 74 65 67 65 72 07 01 3e 01 00 08 70 |g/Integer..>...p|
|000002d0| 61 72 73 65 49 6e 74 01 00 15 28 4c 6a 61 76 61 |arseInt...(Ljava|
|000002e0| 2f 6c 61 6e 67 2f 53 74 72 69 6e 67 3b 29 49 0c |/lang/String;)I.|
|000002f0| 01 40 01 41 0a 01 3f 01 42 0f 06 01 43 01 00 27 |.@.A..?.B...C..'|
|00000300| 28 4c 6a 61 76 61 2f 6c 61 6e 67 2f 53 74 72 69 |(Ljava/lang/Stri|
|00000310| 6e 67 3b 29 4c 6a 61 76 61 2f 6c 61 6e 67 2f 49 |ng;)Ljava/lang/I|
|00000320| 6e 74 65 67 65 72 3b 10 01 45 12 00 02 01 27 01 |nteger;..E....'.|
|00000330| 00 03 67 65 74 01 00 14 28 29 4c 6a 61 76 61 2f |..get...()Ljava/|
|00000340| 6c 61 6e 67 2f 4f 62 6a 65 63 74 3b 0c 01 48 01 |lang/Object;..H.|
|00000350| 49 0a 01 39 01 4a 01 00 23 6a 61 76 61 2f 75 74 |I..9.J..#java/ut|
|00000360| 69 6c 2f 63 6f 6e 63 75 72 72 65 6e 74 2f 43 6f |il/concurrent/Co|
|00000370| 75 6e 74 44 6f 77 6e 4c 61 74 63 68 07 01 4c 0a |untDownLatch..L.|
|00000380| 01 4d 00 9a 0c 00 24 00 25 09 00 02 01 4f 01 00 |.M....$.%....O..|
|00000390| 0e 44 45 46 41 55 4c 54 5f 4c 41 42 45 4c 53 0c |.DEFAULT_LABELS.|
|000003a0| 01 51 00 2c 09 00 4c 01 52 01 00 08 65 6e 74 72 |.Q.,..L.R...entr|
|000003b0| 79 53 65 74 01 00 11 28 29 4c 6a 61 76 61 2f 75 |ySet...()Ljava/u|
|000003c0| 74 69 6c 2f 53 65 74 3b 0c 01 54 01 55 0b 00 0b |til/Set;..T.U...|
|000003d0| 01 56 01 00 0d 6a 61 76 61 2f 75 74 69 6c 2f 53 |.V...java/util/S|
|000003e0| 65 74 07 01 58 0b 01 59 01 11 01 00 0e 6c 61 6d |et..X..Y.....lam|
|000003f0| 62 64 61 24 73 74 61 72 74 24 30 01 00 2c 28 4c |bda$start$0..,(L|
+--------+-------------------------------------------------+----------------+
14:03:33.551 [dockerjava-netty-1-10] DEBUG com.github.dockerjava.netty.NettyDockerCmdExecFactory$1 - [id: 0x615d3376, L:/127.0.0.1:52075 - R:localhost/127.0.0.1:52061] READ: DefaultHttpContent(data: PooledSlicedByteBuf(ridx: 0, widx: 1024, cap: 1024/1024, unwrapped: PooledUnsafeDirectByteBuf(ridx: 1024, widx: 1024, cap: 1024)), decoderResult: success), 1024B
         +-------------------------------------------------+
         |  0  1  2  3  4  5  6  7  8  9  a  b  c  d  e  f |
+--------+-------------------------------------------------+----------------+
|00000000| 6a 61 76 61 2f 75 74 69 6c 2f 4d 61 70 24 45 6e |java/util/Map$En|
|00000010| 74 72 79 3b 29 4c 6a 61 76 61 2f 75 74 69 6c 2f |try;)Ljava/util/|
|00000020| 4d 61 70 24 45 6e 74 72 79 3b 0c 01 5b 01 5c 0a |Map$Entry;..[.\.|
|00000030| 00 02 01 5d 0f 06 01 5e 10 01 5c 12 00 03 01 27 |...]...^..\....'|
|00000040| 0c 01 3a 01 2a 0b 01 1d 01 62 01 00 1b 6a 61 76 |..:.*....b...jav|
|00000050| 61 2f 75 74 69 6c 2f 73 74 72 65 61 6d 2f 43 6f |a/util/stream/Co|
|00000060| 6c 6c 65 63 74 6f 72 73 07 01 64 01 00 06 74 6f |llectors..d...to|
|00000070| 4c 69 73 74 01 00 1e 28 29 4c 6a 61 76 61 2f 75 |List...()Ljava/u|
|00000080| 74 69 6c 2f 73 74 72 65 61 6d 2f 43 6f 6c 6c 65 |til/stream/Colle|
|00000090| 63 74 6f 72 3b 0c 01 66 01 67 0a 01 65 01 68 01 |ctor;..f.g..e.h.|
|000000a0| 00 07 63 6f 6c 6c 65 63 74 01 00 30 28 4c 6a 61 |..collect..0(Lja|
|000000b0| 76 61 2f 75 74 69 6c 2f 73 74 72 65 61 6d 2f 43 |va/util/stream/C|
|000000c0| 6f 6c 6c 65 63 74 6f 72 3b 29 4c 6a 61 76 61 2f |ollector;)Ljava/|
|000000d0| 6c 61 6e 67 2f 4f 62 6a 65 63 74 3b 0c 01 6a 01 |lang/Object;..j.|
|000000e0| 6b 0b 01 1d 01 6c 01 00 0e 6a 61 76 61 2f 75 74 |k....l...java/ut|
|000000f0| 69 6c 2f 4c 69 73 74 07 01 6e 01 00 03 61 64 64 |il/List..n...add|
|00000100| 01 00 15 28 4c 6a 61 76 61 2f 6c 61 6e 67 2f 4f |...(Ljava/lang/O|
|00000110| 62 6a 65 63 74 3b 29 5a 0c 01 70 01 71 0b 01 6f |bject;)Z..p.q..o|
|00000120| 01 72 01 00 13 6a 61 76 61 2f 6c 61 6e 67 2f 54 |.r...java/lang/T|
|00000130| 68 72 6f 77 61 62 6c 65 07 01 74 01 00 10 6a 61 |hrowable..t...ja|
|00000140| 76 61 2f 6c 61 6e 67 2f 54 68 72 65 61 64 07 01 |va/lang/Thread..|
|00000150| 76 10 00 34 01 00 0e 6c 61 6d 62 64 61 24 73 74 |v..4...lambda$st|
|00000160| 61 72 74 24 32 01 00 4d 28 4c 6a 61 76 61 2f 6c |art$2..M(Ljava/l|
|00000170| 61 6e 67 2f 53 74 72 69 6e 67 3b 4c 6a 61 76 61 |ang/String;Ljava|
|00000180| 2f 6c 61 6e 67 2f 49 6e 74 65 67 65 72 3b 4c 6a |/lang/Integer;Lj|
|00000190| 61 76 61 2f 75 74 69 6c 2f 63 6f 6e 63 75 72 72 |ava/util/concurr|
|000001a0| 65 6e 74 2f 43 6f 75 6e 74 44 6f 77 6e 4c 61 74 |ent/CountDownLat|
|000001b0| 63 68 3b 29 56 0c 01 79 01 7a 0a 00 02 01 7b 0f |ch;)V..y.z....{.|
|000001c0| 06 01 7c 01 00 03 72 75 6e 01 00 60 28 4c 6a 61 |..|...run..`(Lja|
|000001d0| 76 61 2f 6c 61 6e 67 2f 53 74 72 69 6e 67 3b 4c |va/lang/String;L|
|000001e0| 6a 61 76 61 2f 6c 61 6e 67 2f 49 6e 74 65 67 65 |java/lang/Intege|
|000001f0| 72 3b 4c 6a 61 76 61 2f 75 74 69 6c 2f 63 6f 6e |r;Ljava/util/con|
|00000200| 63 75 72 72 65 6e 74 2f 43 6f 75 6e 74 44 6f 77 |current/CountDow|
|00000210| 6e 4c 61 74 63 68 3b 29 4c 6a 61 76 61 2f 6c 61 |nLatch;)Ljava/la|
|00000220| 6e 67 2f 52 75 6e 6e 61 62 6c 65 3b 0c 01 7e 01 |ng/Runnable;..~.|
|00000230| 7f 12 00 04 01 80 01 00 13 74 65 73 74 63 6f 6e |.........testcon|
|00000240| 74 61 69 6e 65 72 73 2d 72 79 75 6b 08 01 82 01 |tainers-ryuk....|
|00000250| 00 29 28 4c 6a 61 76 61 2f 6c 61 6e 67 2f 52 75 |.)(Ljava/lang/Ru|
|00000260| 6e 6e 61 62 6c 65 3b 4c 6a 61 76 61 2f 6c 61 6e |nnable;Ljava/lan|
|00000270| 67 2f 53 74 72 69 6e 67 3b 29 56 0c 00 33 01 84 |g/String;)V..3..|
|00000280| 0a 01 77 01 85 01 00 09 73 65 74 44 61 65 6d 6f |..w.....setDaemo|
|00000290| 6e 0c 01 87 00 46 0a 01 77 01 88 0c 00 57 00 34 |n....F..w....W.4|
|000002a0| 0a 01 77 01 8a 05 00 00 00 00 00 00 00 05 01 00 |..w.............|
|000002b0| 1d 6a 61 76 61 2f 75 74 69 6c 2f 63 6f 6e 63 75 |.java/util/concu|
|000002c0| 72 72 65 6e 74 2f 54 69 6d 65 55 6e 69 74 07 01 |rrent/TimeUnit..|
|000002d0| 8e 01 00 07 53 45 43 4f 4e 44 53 01 00 1f 4c 6a |....SECONDS...Lj|
|000002e0| 61 76 61 2f 75 74 69 6c 2f 63 6f 6e 63 75 72 72 |ava/util/concurr|
|000002f0| 65 6e 74 2f 54 69 6d 65 55 6e 69 74 3b 0c 01 90 |ent/TimeUnit;...|
|00000300| 01 91 09 01 8f 01 92 01 00 05 61 77 61 69 74 01 |..........await.|
|00000310| 00 23 28 4a 4c 6a 61 76 61 2f 75 74 69 6c 2f 63 |.#(JLjava/util/c|
|00000320| 6f 6e 63 75 72 72 65 6e 74 2f 54 69 6d 65 55 6e |oncurrent/TimeUn|
|00000330| 69 74 3b 29 5a 0c 01 94 01 95 0a 01 4d 01 96 01 |it;)Z.......M...|
|00000340| 00 1f 6a 61 76 61 2f 6c 61 6e 67 2f 49 6c 6c 65 |..java/lang/Ille|
|00000350| 67 61 6c 53 74 61 74 65 45 78 63 65 70 74 69 6f |galStateExceptio|
|00000360| 6e 07 01 98 01 00 17 43 61 6e 20 6e 6f 74 20 63 |n......Can not c|
|00000370| 6f 6e 6e 65 63 74 20 74 6f 20 52 79 75 6b 08 01 |onnect to Ryuk..|
|00000380| 9a 0a 01 99 00 c9 01 00 09 72 79 75 6b 49 6d 61 |.........ryukIma|
|00000390| 67 65 01 00 0d 6d 6f 75 6e 74 61 62 6c 65 46 69 |ge...mountableFi|
|000003a0| 6c 65 01 00 2a 4c 6f 72 67 2f 74 65 73 74 63 6f |le..*Lorg/testco|
|000003b0| 6e 74 61 69 6e 65 72 73 2f 75 74 69 6c 69 74 79 |ntainers/utility|
|000003c0| 2f 4d 6f 75 6e 74 61 62 6c 65 46 69 6c 65 3b 01 |/MountableFile;.|
|000003d0| 00 0f 72 79 75 6b 43 6f 6e 74 61 69 6e 65 72 49 |..ryukContainerI|
|000003e0| 64 01 00 12 69 6e 73 70 65 63 74 65 64 43 6f 6e |d...inspectedCon|
|000003f0| 74 61 69 6e 65 72 01 00 3c 4c 63 6f 6d 2f 67 69 |tainer..<Lcom/gi|
+--------+-------------------------------------------------+----------------+
14:03:33.551 [dockerjava-netty-1-10] DEBUG com.github.dockerjava.netty.NettyDockerCmdExecFactory$1 - [id: 0x615d3376, L:/127.0.0.1:52075 - R:localhost/127.0.0.1:52061] READ: DefaultHttpContent(data: PooledSlicedByteBuf(ridx: 0, widx: 1024, cap: 1024/1024, unwrapped: PooledUnsafeDirectByteBuf(ridx: 1024, widx: 1024, cap: 1024)), decoderResult: success), 1024B
         +-------------------------------------------------+
         |  0  1  2  3  4  5  6  7  8  9  a  b  c  d  e  f |
+--------+-------------------------------------------------+----------------+
|00000000| 74 68 75 62 2f 64 6f 63 6b 65 72 6a 61 76 61 2f |thub/dockerjava/|
|00000010| 61 70 69 2f 63 6f 6d 6d 61 6e 64 2f 49 6e 73 70 |api/command/Insp|
|00000020| 65 63 74 43 6f 6e 74 61 69 6e 65 72 52 65 73 70 |ectContainerResp|
|00000030| 6f 6e 73 65 3b 01 00 08 72 79 75 6b 50 6f 72 74 |onse;...ryukPort|
|00000040| 01 00 13 4c 6a 61 76 61 2f 6c 61 6e 67 2f 49 6e |...Ljava/lang/In|
|00000050| 74 65 67 65 72 3b 01 00 12 72 79 75 6b 53 63 68 |teger;...ryukSch|
|00000060| 65 64 75 6c 65 64 4c 61 74 63 68 01 00 25 4c 6a |eduledLatch..%Lj|
|00000070| 61 76 61 2f 75 74 69 6c 2f 63 6f 6e 63 75 72 72 |ava/util/concurr|
|00000080| 65 6e 74 2f 43 6f 75 6e 74 44 6f 77 6e 4c 61 74 |ent/CountDownLat|
|00000090| 63 68 3b 01 00 0a 6b 69 72 61 54 68 72 65 61 64 |ch;...kiraThread|
|000000a0| 01 00 12 4c 6a 61 76 61 2f 6c 61 6e 67 2f 54 68 |...Ljava/lang/Th|
|000000b0| 72 65 61 64 3b 01 00 03 24 65 78 01 00 20 4c 6a |read;...$ex.. Lj|
|000000c0| 61 76 61 2f 6c 61 6e 67 2f 49 6e 74 65 72 72 75 |ava/lang/Interru|
|000000d0| 70 74 65 64 45 78 63 65 70 74 69 6f 6e 3b 01 00 |ptedException;..|
|000000e0| 0d 68 6f 73 74 49 70 41 64 64 72 65 73 73 01 00 |.hostIpAddress..|
|000000f0| 2d 28 29 4c 6f 72 67 2f 74 65 73 74 63 6f 6e 74 |-()Lorg/testcont|
|00000100| 61 69 6e 65 72 73 2f 75 74 69 6c 69 74 79 2f 52 |ainers/utility/R|
|00000110| 65 73 6f 75 72 63 65 52 65 61 70 65 72 3b 0c 00 |esourceReaper;..|
|00000120| 27 00 28 09 00 02 01 ad 0a 00 02 00 35 01 00 0e |'.(.........5...|
|00000130| 70 65 72 66 6f 72 6d 43 6c 65 61 6e 75 70 01 00 |performCleanup..|
|00000140| 27 28 4c 6a 61 76 61 2f 6c 61 6e 67 2f 4f 62 6a |'(Ljava/lang/Obj|
|00000150| 65 63 74 3b 4c 6a 61 76 61 2f 6c 61 6e 67 2f 4f |ect;Ljava/lang/O|
|00000160| 62 6a 65 63 74 3b 29 56 10 01 b1 01 00 0d 73 74 |bject;)V......st|
|00000170| 6f 70 43 6f 6e 74 61 69 6e 65 72 01 00 27 28 4c |opContainer..'(L|
|00000180| 6a 61 76 61 2f 6c 61 6e 67 2f 53 74 72 69 6e 67 |java/lang/String|
|00000190| 3b 4c 6a 61 76 61 2f 6c 61 6e 67 2f 53 74 72 69 |;Ljava/lang/Stri|
|000001a0| 6e 67 3b 29 56 0c 01 b3 01 b4 0a 00 02 01 b5 0f |ng;)V...........|
|000001b0| 07 01 b6 10 01 b4 01 00 06 61 63 63 65 70 74 01 |.........accept.|
|000001c0| 00 4c 28 4c 6f 72 67 2f 74 65 73 74 63 6f 6e 74 |.L(Lorg/testcont|
|000001d0| 61 69 6e 65 72 73 2f 75 74 69 6c 69 74 79 2f 52 |ainers/utility/R|
|000001e0| 65 73 6f 75 72 63 65 52 65 61 70 65 72 3b 29 4c |esourceReaper;)L|
|000001f0| 6a 61 76 61 2f 75 74 69 6c 2f 66 75 6e 63 74 69 |java/util/functi|
|00000200| 6f 6e 2f 42 69 43 6f 6e 73 75 6d 65 72 3b 0c 01 |on/BiConsumer;..|
|00000210| b9 01 ba 12 00 05 01 bb 01 00 07 66 6f 72 45 61 |...........forEa|
|00000220| 63 68 01 00 22 28 4c 6a 61 76 61 2f 75 74 69 6c |ch.."(Ljava/util|
|00000230| 2f 66 75 6e 63 74 69 6f 6e 2f 42 69 43 6f 6e 73 |/function/BiCons|
|00000240| 75 6d 65 72 3b 29 56 0c 01 bd 01 be 0b 00 0b 01 |umer;)V.........|
|00000250| bf 01 00 15 28 4c 6a 61 76 61 2f 6c 61 6e 67 2f |....(Ljava/lang/|
|00000260| 4f 62 6a 65 63 74 3b 29 56 10 01 c1 01 00 0d 72 |Object;)V......r|
|00000270| 65 6d 6f 76 65 4e 65 74 77 6f 72 6b 0c 01 c3 00 |emoveNetwork....|
|00000280| c8 0a 00 02 01 c4 0f 07 01 c5 10 00 c8 01 00 4a |...............J|
|00000290| 28 4c 6f 72 67 2f 74 65 73 74 63 6f 6e 74 61 69 |(Lorg/testcontai|
|000002a0| 6e 65 72 73 2f 75 74 69 6c 69 74 79 2f 52 65 73 |ners/utility/Res|
|000002b0| 6f 75 72 63 65 52 65 61 70 65 72 3b 29 4c 6a 61 |ourceReaper;)Lja|
|000002c0| 76 61 2f 75 74 69 6c 2f 66 75 6e 63 74 69 6f 6e |va/util/function|
|000002d0| 2f 43 6f 6e 73 75 6d 65 72 3b 0c 01 b9 01 c8 12 |/Consumer;......|
|000002e0| 00 06 01 c9 01 00 20 28 4c 6a 61 76 61 2f 75 74 |...... (Ljava/ut|
|000002f0| 69 6c 2f 66 75 6e 63 74 69 6f 6e 2f 43 6f 6e 73 |il/function/Cons|
|00000300| 75 6d 65 72 3b 29 56 0c 01 bd 01 cb 0b 01 59 01 |umer;)V.......Y.|
|00000310| cc 01 00 18 72 65 67 69 73 74 65 72 46 69 6c 74 |....registerFilt|
|00000320| 65 72 46 6f 72 43 6c 65 61 6e 75 70 01 00 13 28 |erForCleanup...(|
|00000330| 4c 6a 61 76 61 2f 75 74 69 6c 2f 4c 69 73 74 3b |Ljava/util/List;|
|00000340| 29 56 01 00 09 6e 6f 74 69 66 79 41 6c 6c 0c 01 |)V...notifyAll..|
|00000350| d0 00 34 0a 00 04 01 d1 01 00 06 66 69 6c 74 65 |..4........filte|
|00000360| 72 01 00 4d 4c 6a 61 76 61 2f 75 74 69 6c 2f 4c |r..MLjava/util/L|
|00000370| 69 73 74 3c 4c 6a 61 76 61 2f 75 74 69 6c 2f 4d |ist<Ljava/util/M|
|00000380| 61 70 24 45 6e 74 72 79 3c 4c 6a 61 76 61 2f 6c |ap$Entry<Ljava/l|
|00000390| 61 6e 67 2f 53 74 72 69 6e 67 3b 4c 6a 61 76 61 |ang/String;Ljava|
|000003a0| 2f 6c 61 6e 67 2f 53 74 72 69 6e 67 3b 3e 3b 3e |/lang/String;>;>|
|000003b0| 3b 01 00 1b 72 65 67 69 73 74 65 72 43 6f 6e 74 |;...registerCont|
|000003c0| 61 69 6e 65 72 46 6f 72 43 6c 65 61 6e 75 70 01 |ainerForCleanup.|
|000003d0| 00 07 73 65 74 48 6f 6f 6b 0c 01 d6 00 34 0a 00 |..setHook....4..|
|000003e0| 02 01 d7 01 00 03 70 75 74 01 00 38 28 4c 6a 61 |......put..8(Lja|
|000003f0| 76 61 2f 6c 61 6e 67 2f 4f 62 6a 65 63 74 3b 4c |va/lang/Object;L|
+--------+-------------------------------------------------+----------------+
14:03:33.551 [dockerjava-netty-1-10] DEBUG com.github.dockerjava.netty.NettyDockerCmdExecFactory$1 - [id: 0x615d3376, L:/127.0.0.1:52075 - R:localhost/127.0.0.1:52061] READ: DefaultHttpContent(data: PooledSlicedByteBuf(ridx: 0, widx: 1024, cap: 1024/1024, unwrapped: PooledUnsafeDirectByteBuf(ridx: 1024, widx: 1024, cap: 1024)), decoderResult: success), 1024B
         +-------------------------------------------------+
         |  0  1  2  3  4  5  6  7  8  9  a  b  c  d  e  f |
+--------+-------------------------------------------------+----------------+
|00000000| 6a 61 76 61 2f 6c 61 6e 67 2f 4f 62 6a 65 63 74 |java/lang/Object|
|00000010| 3b 29 4c 6a 61 76 61 2f 6c 61 6e 67 2f 4f 62 6a |;)Ljava/lang/Obj|
|00000020| 65 63 74 3b 0c 01 d9 01 da 0b 00 0b 01 db 01 00 |ect;............|
|00000030| 0b 63 6f 6e 74 61 69 6e 65 72 49 64 01 00 09 69 |.containerId...i|
|00000040| 6d 61 67 65 4e 61 6d 65 01 00 16 73 74 6f 70 41 |mageName...stopA|
|00000050| 6e 64 52 65 6d 6f 76 65 43 6f 6e 74 61 69 6e 65 |ndRemoveContaine|
|00000060| 72 0c 01 48 01 1a 0b 00 0b 01 e0 01 00 06 72 65 |r..H..........re|
|00000070| 6d 6f 76 65 0c 01 e2 01 1a 0b 00 0b 01 e3 01 00 |move............|
|00000080| 35 63 6f 6d 2f 67 69 74 68 75 62 2f 64 6f 63 6b |5com/github/dock|
|00000090| 65 72 6a 61 76 61 2f 61 70 69 2f 65 78 63 65 70 |erjava/api/excep|
|000000a0| 74 69 6f 6e 2f 4e 6f 74 46 6f 75 6e 64 45 78 63 |tion/NotFoundExc|
|000000b0| 65 70 74 69 6f 6e 07 01 e5 01 00 33 63 6f 6d 2f |eption.....3com/|
|000000c0| 67 69 74 68 75 62 2f 64 6f 63 6b 65 72 6a 61 76 |github/dockerjav|
|000000d0| 61 2f 61 70 69 2f 65 78 63 65 70 74 69 6f 6e 2f |a/api/exception/|
|000000e0| 44 6f 63 6b 65 72 45 78 63 65 70 74 69 6f 6e 07 |DockerException.|
|000000f0| 01 e7 01 00 40 63 6f 6d 2f 67 69 74 68 75 62 2f |....@com/github/|
|00000100| 64 6f 63 6b 65 72 6a 61 76 61 2f 61 70 69 2f 65 |dockerjava/api/e|
|00000110| 78 63 65 70 74 69 6f 6e 2f 49 6e 74 65 72 6e 61 |xception/Interna|
|00000120| 6c 53 65 72 76 65 72 45 72 72 6f 72 45 78 63 65 |lServerErrorExce|
|00000130| 70 74 69 6f 6e 07 01 e9 01 00 08 67 65 74 53 74 |ption......getSt|
|00000140| 61 74 65 01 00 4d 28 29 4c 63 6f 6d 2f 67 69 74 |ate..M()Lcom/git|
|00000150| 68 75 62 2f 64 6f 63 6b 65 72 6a 61 76 61 2f 61 |hub/dockerjava/a|
|00000160| 70 69 2f 63 6f 6d 6d 61 6e 64 2f 49 6e 73 70 65 |pi/command/Inspe|
|00000170| 63 74 43 6f 6e 74 61 69 6e 65 72 52 65 73 70 6f |ctContainerRespo|
|00000180| 6e 73 65 24 43 6f 6e 74 61 69 6e 65 72 53 74 61 |nse$ContainerSta|
|00000190| 74 65 3b 0c 01 eb 01 ec 0a 00 1a 01 ed 01 00 0a |te;.............|
|000001a0| 67 65 74 52 75 6e 6e 69 6e 67 01 00 15 28 29 4c |getRunning...()L|
|000001b0| 6a 61 76 61 2f 6c 61 6e 67 2f 42 6f 6f 6c 65 61 |java/lang/Boolea|
|000001c0| 6e 3b 0c 01 ef 01 f0 0a 00 18 01 f1 01 00 0c 62 |n;.............b|
|000001d0| 6f 6f 6c 65 61 6e 56 61 6c 75 65 01 00 03 28 29 |ooleanValue...()|
|000001e0| 5a 0c 01 f3 01 f4 0a 00 a1 01 f5 0c 00 23 00 22 |Z............#."|
|000001f0| 09 00 02 01 f7 01 00 42 57 61 73 20 67 6f 69 6e |.......BWas goin|
|00000200| 67 20 74 6f 20 73 74 6f 70 20 63 6f 6e 74 61 69 |g to stop contai|
|00000210| 6e 65 72 20 62 75 74 20 69 74 20 61 70 70 61 72 |ner but it appar|
|00000220| 65 6e 74 6c 79 20 6e 6f 20 6c 6f 6e 67 65 72 20 |ently no longer |
|00000230| 65 78 69 73 74 73 3a 20 7b 7d 08 01 f9 01 00 10 |exists: {}......|
|00000240| 6f 72 67 2f 73 6c 66 34 6a 2f 4c 6f 67 67 65 72 |org/slf4j/Logger|
|00000250| 07 01 fb 01 00 05 74 72 61 63 65 0c 01 fd 00 c8 |......trace.....|
|00000260| 0b 01 fc 01 fe 01 00 7d 45 72 72 6f 72 20 65 6e |.......}Error en|
|00000270| 63 6f 75 6e 74 65 72 65 64 20 77 68 65 6e 20 63 |countered when c|
|00000280| 68 65 63 6b 69 6e 67 20 63 6f 6e 74 61 69 6e 65 |hecking containe|
|00000290| 72 20 66 6f 72 20 73 68 75 74 64 6f 77 6e 20 28 |r for shutdown (|
|000002a0| 49 44 3a 20 7b 7d 29 20 2d 20 69 74 20 6d 61 79 |ID: {}) - it may|
|000002b0| 20 6e 6f 74 20 68 61 76 65 20 62 65 65 6e 20 73 | not have been s|
|000002c0| 74 6f 70 70 65 64 2c 20 6f 72 20 6d 61 79 20 61 |topped, or may a|
|000002d0| 6c 72 65 61 64 79 20 62 65 20 73 74 6f 70 70 65 |lready be stoppe|
|000002e0| 64 3a 20 7b 7d 08 02 00 01 00 0a 67 65 74 4d 65 |d: {}......getMe|
|000002f0| 73 73 61 67 65 0c 02 02 00 62 0a 01 e8 02 03 01 |ssage....b......|
|00000300| 00 39 28 4c 6a 61 76 61 2f 6c 61 6e 67 2f 53 74 |.9(Ljava/lang/St|
|00000310| 72 69 6e 67 3b 4c 6a 61 76 61 2f 6c 61 6e 67 2f |ring;Ljava/lang/|
|00000320| 4f 62 6a 65 63 74 3b 4c 6a 61 76 61 2f 6c 61 6e |Object;Ljava/lan|
|00000330| 67 2f 4f 62 6a 65 63 74 3b 29 56 0c 01 fd 02 05 |g/Object;)V.....|
|00000340| 0b 01 fc 02 06 01 00 16 53 74 6f 70 70 69 6e 67 |........Stopping|
|00000350| 20 63 6f 6e 74 61 69 6e 65 72 3a 20 7b 7d 08 02 | container: {}..|
|00000360| 08 01 00 27 28 4c 6a 61 76 61 2f 6c 61 6e 67 2f |...'(Ljava/lang/|
|00000370| 53 74 72 69 6e 67 3b 4c 6a 61 76 61 2f 6c 61 6e |String;Ljava/lan|
|00000380| 67 2f 4f 62 6a 65 63 74 3b 29 56 0c 01 fd 02 0a |g/Object;)V.....|
|00000390| 0b 01 fc 02 0b 01 00 10 6b 69 6c 6c 43 6f 6e 74 |........killCont|
|000003a0| 61 69 6e 65 72 43 6d 64 01 00 48 28 4c 6a 61 76 |ainerCmd..H(Ljav|
|000003b0| 61 2f 6c 61 6e 67 2f 53 74 72 69 6e 67 3b 29 4c |a/lang/String;)L|
|000003c0| 63 6f 6d 2f 67 69 74 68 75 62 2f 64 6f 63 6b 65 |com/github/docke|
|000003d0| 72 6a 61 76 61 2f 61 70 69 2f 63 6f 6d 6d 61 6e |rjava/api/comman|
|000003e0| 64 2f 4b 69 6c 6c 43 6f 6e 74 61 69 6e 65 72 43 |d/KillContainerC|
|000003f0| 6d 64 3b 0c 02 0d 02 0e 0b 00 8b 02 0f 01 00 32 |md;............2|
+--------+-------------------------------------------------+----------------+
14:03:33.552 [dockerjava-netty-1-10] DEBUG com.github.dockerjava.netty.NettyDockerCmdExecFactory$1 - [id: 0x615d3376, L:/127.0.0.1:52075 - R:localhost/127.0.0.1:52061] READ: DefaultHttpContent(data: PooledSlicedByteBuf(ridx: 0, widx: 1024, cap: 1024/1024, unwrapped: PooledUnsafeDirectByteBuf(ridx: 1024, widx: 1024, cap: 1024)), decoderResult: success), 1024B
         +-------------------------------------------------+
         |  0  1  2  3  4  5  6  7  8  9  a  b  c  d  e  f |
+--------+-------------------------------------------------+----------------+
|00000000| 63 6f 6d 2f 67 69 74 68 75 62 2f 64 6f 63 6b 65 |com/github/docke|
|00000010| 72 6a 61 76 61 2f 61 70 69 2f 63 6f 6d 6d 61 6e |rjava/api/comman|
|00000020| 64 2f 4b 69 6c 6c 43 6f 6e 74 61 69 6e 65 72 43 |d/KillContainerC|
|00000030| 6d 64 07 02 11 0b 02 12 00 f0 01 00 15 53 74 6f |md...........Sto|
|00000040| 70 70 65 64 20 63 6f 6e 74 61 69 6e 65 72 3a 20 |pped container: |
|00000050| 7b 7d 08 02 14 01 00 70 45 72 72 6f 72 20 65 6e |{}.....pError en|
|00000060| 63 6f 75 6e 74 65 72 65 64 20 73 68 75 74 74 69 |countered shutti|
|00000070| 6e 67 20 64 6f 77 6e 20 63 6f 6e 74 61 69 6e 65 |ng down containe|
|00000080| 72 20 28 49 44 3a 20 7b 7d 29 20 2d 20 69 74 20 |r (ID: {}) - it |
|00000090| 6d 61 79 20 6e 6f 74 20 68 61 76 65 20 62 65 65 |may not have bee|
|000000a0| 6e 20 73 74 6f 70 70 65 64 2c 20 6f 72 20 6d 61 |n stopped, or ma|
|000000b0| 79 20 61 6c 72 65 61 64 79 20 62 65 20 73 74 6f |y already be sto|
|000000c0| 70 70 65 64 3a 20 7b 7d 08 02 16 01 00 44 57 61 |pped: {}.....DWa|
|000000d0| 73 20 67 6f 69 6e 67 20 74 6f 20 72 65 6d 6f 76 |s going to remov|
|000000e0| 65 20 63 6f 6e 74 61 69 6e 65 72 20 62 75 74 20 |e container but |
|000000f0| 69 74 20 61 70 70 61 72 65 6e 74 6c 79 20 6e 6f |it apparently no|
|00000100| 20 6c 6f 6e 67 65 72 20 65 78 69 73 74 73 3a 20 | longer exists: |
|00000110| 7b 7d 08 02 18 01 00 16 52 65 6d 6f 76 69 6e 67 |{}......Removing|
|00000120| 20 63 6f 6e 74 61 69 6e 65 72 3a 20 7b 7d 08 02 | container: {}..|
|00000130| 1a 01 00 12 72 65 6d 6f 76 65 43 6f 6e 74 61 69 |....removeContai|
|00000140| 6e 65 72 43 6d 64 01 00 4a 28 4c 6a 61 76 61 2f |nerCmd..J(Ljava/|
|00000150| 6c 61 6e 67 2f 53 74 72 69 6e 67 3b 29 4c 63 6f |lang/String;)Lco|
|00000160| 6d 2f 67 69 74 68 75 62 2f 64 6f 63 6b 65 72 6a |m/github/dockerj|
|00000170| 61 76 61 2f 61 70 69 2f 63 6f 6d 6d 61 6e 64 2f |ava/api/command/|
|00000180| 52 65 6d 6f 76 65 43 6f 6e 74 61 69 6e 65 72 43 |RemoveContainerC|
|00000190| 6d 64 3b 0c 02 1c 02 1d 0b 00 8b 02 1e 01 00 34 |md;............4|
|000001a0| 63 6f 6d 2f 67 69 74 68 75 62 2f 64 6f 63 6b 65 |com/github/docke|
|000001b0| 72 6a 61 76 61 2f 61 70 69 2f 63 6f 6d 6d 61 6e |rjava/api/comman|
|000001c0| 64 2f 52 65 6d 6f 76 65 43 6f 6e 74 61 69 6e 65 |d/RemoveContaine|
|000001d0| 72 43 6d 64 07 02 20 01 00 11 77 69 74 68 52 65 |rCmd.. ...withRe|
|000001e0| 6d 6f 76 65 56 6f 6c 75 6d 65 73 01 00 4b 28 4c |moveVolumes..K(L|
|000001f0| 6a 61 76 61 2f 6c 61 6e 67 2f 42 6f 6f 6c 65 61 |java/lang/Boolea|
|00000200| 6e 3b 29 4c 63 6f 6d 2f 67 69 74 68 75 62 2f 64 |n;)Lcom/github/d|
|00000210| 6f 63 6b 65 72 6a 61 76 61 2f 61 70 69 2f 63 6f |ockerjava/api/co|
|00000220| 6d 6d 61 6e 64 2f 52 65 6d 6f 76 65 43 6f 6e 74 |mmand/RemoveCont|
|00000230| 61 69 6e 65 72 43 6d 64 3b 0c 02 22 02 23 0b 02 |ainerCmd;..".#..|
|00000240| 21 02 24 01 00 09 77 69 74 68 46 6f 72 63 65 0c |!.$...withForce.|
|00000250| 02 26 02 23 0b 02 21 02 27 0b 02 21 00 f0 01 00 |.&.#..!.'..!....|
|00000260| 2e 52 65 6d 6f 76 65 64 20 63 6f 6e 74 61 69 6e |.Removed contain|
|00000270| 65 72 20 61 6e 64 20 61 73 73 6f 63 69 61 74 65 |er and associate|
|00000280| 64 20 76 6f 6c 75 6d 65 28 73 29 3a 20 7b 7d 08 |d volume(s): {}.|
|00000290| 02 2a 01 00 05 64 65 62 75 67 0c 02 2c 02 0a 0b |.*...debug..,...|
|000002a0| 01 fc 02 2d 01 00 4b 45 78 63 65 70 74 69 6f 6e |...-..KException|
|000002b0| 20 77 68 65 6e 20 72 65 6d 6f 76 69 6e 67 20 63 | when removing c|
|000002c0| 6f 6e 74 61 69 6e 65 72 20 77 69 74 68 20 61 73 |ontainer with as|
|000002d0| 73 6f 63 69 61 74 65 64 20 76 6f 6c 75 6d 65 28 |sociated volume(|
|000002e0| 73 29 3a 20 7b 7d 20 28 64 75 65 20 74 6f 20 7b |s): {} (due to {|
|000002f0| 7d 29 08 02 2f 0a 01 ea 02 03 01 00 0d 63 6f 6e |})../........con|
|00000300| 74 61 69 6e 65 72 49 6e 66 6f 01 00 07 72 75 6e |tainerInfo...run|
|00000310| 6e 69 6e 67 01 00 01 5a 01 00 01 65 01 00 37 4c |ning...Z...e..7L|
|00000320| 63 6f 6d 2f 67 69 74 68 75 62 2f 64 6f 63 6b 65 |com/github/docke|
|00000330| 72 6a 61 76 61 2f 61 70 69 2f 65 78 63 65 70 74 |rjava/api/except|
|00000340| 69 6f 6e 2f 4e 6f 74 46 6f 75 6e 64 45 78 63 65 |ion/NotFoundExce|
|00000350| 70 74 69 6f 6e 3b 01 00 35 4c 63 6f 6d 2f 67 69 |ption;..5Lcom/gi|
|00000360| 74 68 75 62 2f 64 6f 63 6b 65 72 6a 61 76 61 2f |thub/dockerjava/|
|00000370| 61 70 69 2f 65 78 63 65 70 74 69 6f 6e 2f 44 6f |api/exception/Do|
|00000380| 63 6b 65 72 45 78 63 65 70 74 69 6f 6e 3b 01 00 |ckerException;..|
|00000390| 42 4c 63 6f 6d 2f 67 69 74 68 75 62 2f 64 6f 63 |BLcom/github/doc|
|000003a0| 6b 65 72 6a 61 76 61 2f 61 70 69 2f 65 78 63 65 |kerjava/api/exce|
|000003b0| 70 74 69 6f 6e 2f 49 6e 74 65 72 6e 61 6c 53 65 |ption/InternalSe|
|000003c0| 72 76 65 72 45 72 72 6f 72 45 78 63 65 70 74 69 |rverErrorExcepti|
|000003d0| 6f 6e 3b 01 00 1b 72 65 67 69 73 74 65 72 4e 65 |on;...registerNe|
|000003e0| 74 77 6f 72 6b 49 64 46 6f 72 43 6c 65 61 6e 75 |tworkIdForCleanu|
|000003f0| 70 0b 01 59 01 72 01 00 02 69 64 01 00 19 72 65 |p..Y.r...id...re|
+--------+-------------------------------------------------+----------------+
14:03:33.552 [dockerjava-netty-1-10] DEBUG com.github.dockerjava.netty.NettyDockerCmdExecFactory$1 - [id: 0x615d3376, L:/127.0.0.1:52075 - R:localhost/127.0.0.1:52061] READ: DefaultHttpContent(data: PooledSlicedByteBuf(ridx: 0, widx: 1024, cap: 1024/1024, unwrapped: PooledUnsafeDirectByteBuf(ridx: 1024, widx: 1024, cap: 1024)), decoderResult: success), 1024B
         +-------------------------------------------------+
         |  0  1  2  3  4  5  6  7  8  9  a  b  c  d  e  f |
+--------+-------------------------------------------------+----------------+
|00000000| 67 69 73 74 65 72 4e 65 74 77 6f 72 6b 46 6f 72 |gisterNetworkFor|
|00000010| 43 6c 65 61 6e 75 70 01 00 16 4c 6a 61 76 61 2f |Cleanup...Ljava/|
|00000020| 6c 61 6e 67 2f 44 65 70 72 65 63 61 74 65 64 3b |lang/Deprecated;|
|00000030| 01 00 13 6a 61 76 61 2f 6c 61 6e 67 2f 45 78 63 |...java/lang/Exc|
|00000040| 65 70 74 69 6f 6e 07 02 3e 01 00 0f 6c 69 73 74 |eption..>...list|
|00000050| 4e 65 74 77 6f 72 6b 73 43 6d 64 01 00 35 28 29 |NetworksCmd..5()|
|00000060| 4c 63 6f 6d 2f 67 69 74 68 75 62 2f 64 6f 63 6b |Lcom/github/dock|
|00000070| 65 72 6a 61 76 61 2f 61 70 69 2f 63 6f 6d 6d 61 |erjava/api/comma|
|00000080| 6e 64 2f 4c 69 73 74 4e 65 74 77 6f 72 6b 73 43 |nd/ListNetworksC|
|00000090| 6d 64 3b 0c 02 40 02 41 0b 00 8b 02 42 01 00 31 |md;..@.A....B..1|
|000000a0| 63 6f 6d 2f 67 69 74 68 75 62 2f 64 6f 63 6b 65 |com/github/docke|
|000000b0| 72 6a 61 76 61 2f 61 70 69 2f 63 6f 6d 6d 61 6e |rjava/api/comman|
|000000c0| 64 2f 4c 69 73 74 4e 65 74 77 6f 72 6b 73 43 6d |d/ListNetworksCm|
|000000d0| 64 07 02 44 01 00 0e 77 69 74 68 4e 61 6d 65 46 |d..D...withNameF|
|000000e0| 69 6c 74 65 72 01 00 48 28 5b 4c 6a 61 76 61 2f |ilter..H([Ljava/|
|000000f0| 6c 61 6e 67 2f 53 74 72 69 6e 67 3b 29 4c 63 6f |lang/String;)Lco|
|00000100| 6d 2f 67 69 74 68 75 62 2f 64 6f 63 6b 65 72 6a |m/github/dockerj|
|00000110| 61 76 61 2f 61 70 69 2f 63 6f 6d 6d 61 6e 64 2f |ava/api/command/|
|00000120| 4c 69 73 74 4e 65 74 77 6f 72 6b 73 43 6d 64 3b |ListNetworksCmd;|
|00000130| 0c 02 46 02 47 0b 02 45 02 48 0c 00 e0 01 49 0b |..F.G..E.H....I.|
|00000140| 02 45 02 4a 01 00 22 6c 61 6d 62 64 61 24 72 65 |.E.J.."lambda$re|
|00000150| 67 69 73 74 65 72 4e 65 74 77 6f 72 6b 46 6f 72 |gisterNetworkFor|
|00000160| 43 6c 65 61 6e 75 70 24 33 01 00 2c 28 4c 63 6f |Cleanup$3..,(Lco|
|00000170| 6d 2f 67 69 74 68 75 62 2f 64 6f 63 6b 65 72 6a |m/github/dockerj|
|00000180| 61 76 61 2f 61 70 69 2f 6d 6f 64 65 6c 2f 4e 65 |ava/api/model/Ne|
|00000190| 74 77 6f 72 6b 3b 29 56 0c 02 4c 02 4d 0a 00 02 |twork;)V..L.M...|
|000001a0| 02 4e 0f 07 02 4f 10 02 4d 12 00 07 01 c9 0b 01 |.N...O..M.......|
|000001b0| 6f 01 cc 01 00 34 45 72 72 6f 72 20 65 6e 63 6f |o....4Error enco|
|000001c0| 75 6e 74 65 72 65 64 20 77 68 65 6e 20 6c 6f 6f |untered when loo|
|000001d0| 6b 69 6e 67 20 75 70 20 6e 65 74 77 6f 72 6b 20 |king up network |
|000001e0| 28 6e 61 6d 65 3a 20 7b 7d 29 08 02 54 01 00 15 |(name: {})..T...|
|000001f0| 4c 6a 61 76 61 2f 6c 61 6e 67 2f 45 78 63 65 70 |Ljava/lang/Excep|
|00000200| 74 69 6f 6e 3b 01 00 0b 6e 65 74 77 6f 72 6b 4e |tion;...networkN|
|00000210| 61 6d 65 01 00 11 72 65 6d 6f 76 65 4e 65 74 77 |ame...removeNetw|
|00000220| 6f 72 6b 42 79 49 64 01 00 0e 72 65 6d 6f 76 65 |orkById...remove|
|00000230| 4e 65 74 77 6f 72 6b 73 0c 02 58 00 c8 0a 00 02 |Networks..X.....|
|00000240| 02 5a 01 00 0a 69 64 65 6e 74 69 66 69 65 72 01 |.Z...identifier.|
|00000250| 00 0c 77 69 74 68 49 64 46 69 6c 74 65 72 0c 02 |..withIdFilter..|
|00000260| 5d 02 47 0b 02 45 02 5e 01 00 5f 45 72 72 6f 72 |].G..E.^.._Error|
|00000270| 20 65 6e 63 6f 75 6e 74 65 72 65 64 20 77 68 65 | encountered whe|
|00000280| 6e 20 6c 6f 6f 6b 69 6e 67 20 75 70 20 6e 65 74 |n looking up net|
|00000290| 77 6f 72 6b 20 66 6f 72 20 72 65 6d 6f 76 61 6c |work for removal|
|000002a0| 20 28 6e 61 6d 65 3a 20 7b 7d 29 20 2d 20 69 74 | (name: {}) - it|
|000002b0| 20 6d 61 79 20 6e 6f 74 20 68 61 76 65 20 62 65 | may not have be|
|000002c0| 65 6e 20 72 65 6d 6f 76 65 64 08 02 60 0c 01 e2 |en removed..`...|
|000002d0| 01 71 0b 01 59 02 62 01 00 08 69 74 65 72 61 74 |.q..Y.b...iterat|
|000002e0| 6f 72 01 00 16 28 29 4c 6a 61 76 61 2f 75 74 69 |or...()Ljava/uti|
|000002f0| 6c 2f 49 74 65 72 61 74 6f 72 3b 0c 02 64 02 65 |l/Iterator;..d.e|
|00000300| 0b 01 6f 02 66 01 00 12 6a 61 76 61 2f 75 74 69 |..o.f...java/uti|
|00000310| 6c 2f 49 74 65 72 61 74 6f 72 07 02 68 01 00 07 |l/Iterator..h...|
|00000320| 68 61 73 4e 65 78 74 0c 02 6a 01 f4 0b 02 69 02 |hasNext..j....i.|
|00000330| 6b 01 00 04 6e 65 78 74 0c 02 6d 01 49 0b 02 69 |k...next..m.I..i|
|00000340| 02 6e 01 00 27 63 6f 6d 2f 67 69 74 68 75 62 2f |.n..'com/github/|
|00000350| 64 6f 63 6b 65 72 6a 61 76 61 2f 61 70 69 2f 6d |dockerjava/api/m|
|00000360| 6f 64 65 6c 2f 4e 65 74 77 6f 72 6b 07 02 70 0a |odel/Network..p.|
|00000370| 02 71 00 e7 01 00 10 72 65 6d 6f 76 65 4e 65 74 |.q.....removeNet|
|00000380| 77 6f 72 6b 43 6d 64 01 00 48 28 4c 6a 61 76 61 |workCmd..H(Ljava|
|00000390| 2f 6c 61 6e 67 2f 53 74 72 69 6e 67 3b 29 4c 63 |/lang/String;)Lc|
|000003a0| 6f 6d 2f 67 69 74 68 75 62 2f 64 6f 63 6b 65 72 |om/github/docker|
|000003b0| 6a 61 76 61 2f 61 70 69 2f 63 6f 6d 6d 61 6e 64 |java/api/command|
|000003c0| 2f 52 65 6d 6f 76 65 4e 65 74 77 6f 72 6b 43 6d |/RemoveNetworkCm|
|000003d0| 64 3b 0c 02 73 02 74 0b 00 8b 02 75 01 00 32 63 |d;..s.t....u..2c|
|000003e0| 6f 6d 2f 67 69 74 68 75 62 2f 64 6f 63 6b 65 72 |om/github/docker|
|000003f0| 6a 61 76 61 2f 61 70 69 2f 63 6f 6d 6d 61 6e 64 |java/api/command|
+--------+-------------------------------------------------+----------------+
14:03:33.553 [dockerjava-netty-1-10] DEBUG com.github.dockerjava.netty.NettyDockerCmdExecFactory$1 - [id: 0x615d3376, L:/127.0.0.1:52075 - R:localhost/127.0.0.1:52061] READ: DefaultHttpContent(data: PooledSlicedByteBuf(ridx: 0, widx: 1024, cap: 1024/1024, unwrapped: PooledUnsafeDirectByteBuf(ridx: 1024, widx: 1024, cap: 1024)), decoderResult: success), 1024B
         +-------------------------------------------------+
         |  0  1  2  3  4  5  6  7  8  9  a  b  c  d  e  f |
+--------+-------------------------------------------------+----------------+
|00000000| 2f 52 65 6d 6f 76 65 4e 65 74 77 6f 72 6b 43 6d |/RemoveNetworkCm|
|00000010| 64 07 02 77 0b 02 78 00 f0 01 00 13 52 65 6d 6f |d..w..x.....Remo|
|00000020| 76 65 64 20 6e 65 74 77 6f 72 6b 3a 20 7b 7d 08 |ved network: {}.|
|00000030| 02 7a 01 00 4c 45 72 72 6f 72 20 65 6e 63 6f 75 |.z..LError encou|
|00000040| 6e 74 65 72 65 64 20 72 65 6d 6f 76 69 6e 67 20 |ntered removing |
|00000050| 6e 65 74 77 6f 72 6b 20 28 6e 61 6d 65 3a 20 7b |network (name: {|
|00000060| 7d 29 20 2d 20 69 74 20 6d 61 79 20 6e 6f 74 20 |}) - it may not |
|00000070| 68 61 76 65 20 62 65 65 6e 20 72 65 6d 6f 76 65 |have been remove|
|00000080| 64 08 02 7c 0a 02 71 00 6f 01 00 08 6e 65 74 77 |d..|..q.o...netw|
|00000090| 6f 72 6b 73 01 00 3b 4c 6a 61 76 61 2f 75 74 69 |orks..;Ljava/uti|
|000000a0| 6c 2f 4c 69 73 74 3c 4c 63 6f 6d 2f 67 69 74 68 |l/List<Lcom/gith|
|000000b0| 75 62 2f 64 6f 63 6b 65 72 6a 61 76 61 2f 61 70 |ub/dockerjava/ap|
|000000c0| 69 2f 6d 6f 64 65 6c 2f 4e 65 74 77 6f 72 6b 3b |i/model/Network;|
|000000d0| 3e 3b 01 00 07 6e 65 74 77 6f 72 6b 01 00 29 4c |>;...network..)L|
|000000e0| 63 6f 6d 2f 67 69 74 68 75 62 2f 64 6f 63 6b 65 |com/github/docke|
|000000f0| 72 6a 61 76 61 2f 61 70 69 2f 6d 6f 64 65 6c 2f |rjava/api/model/|
|00000100| 4e 65 74 77 6f 72 6b 3b 01 00 11 75 6e 72 65 67 |Network;...unreg|
|00000110| 69 73 74 65 72 4e 65 74 77 6f 72 6b 01 00 13 75 |isterNetwork...u|
|00000120| 6e 72 65 67 69 73 74 65 72 43 6f 6e 74 61 69 6e |nregisterContain|
|00000130| 65 72 01 00 0d 63 6f 6d 70 61 72 65 41 6e 64 53 |er...compareAndS|
|00000140| 65 74 01 00 05 28 5a 5a 29 5a 0c 02 85 02 86 0a |et...(ZZ)Z......|
|00000150| 00 45 02 87 01 00 11 6a 61 76 61 2f 6c 61 6e 67 |.E.....java/lang|
|00000160| 2f 52 75 6e 74 69 6d 65 07 02 89 01 00 0a 67 65 |/Runtime......ge|
|00000170| 74 52 75 6e 74 69 6d 65 01 00 15 28 29 4c 6a 61 |tRuntime...()Lja|
|00000180| 76 61 2f 6c 61 6e 67 2f 52 75 6e 74 69 6d 65 3b |va/lang/Runtime;|
|00000190| 0c 02 8b 02 8c 0a 02 8a 02 8d 0c 01 b0 00 34 0a |..............4.|
|000001a0| 00 02 02 8f 0f 05 02 90 01 00 41 28 4c 6f 72 67 |..........A(Lorg|
|000001b0| 2f 74 65 73 74 63 6f 6e 74 61 69 6e 65 72 73 2f |/testcontainers/|
|000001c0| 75 74 69 6c 69 74 79 2f 52 65 73 6f 75 72 63 65 |utility/Resource|
|000001d0| 52 65 61 70 65 72 3b 29 4c 6a 61 76 61 2f 6c 61 |Reaper;)Ljava/la|
|000001e0| 6e 67 2f 52 75 6e 6e 61 62 6c 65 3b 0c 01 7e 02 |ng/Runnable;..~.|
|000001f0| 92 12 00 08 02 93 01 00 17 28 4c 6a 61 76 61 2f |.........(Ljava/|
|00000200| 6c 61 6e 67 2f 52 75 6e 6e 61 62 6c 65 3b 29 56 |lang/Runnable;)V|
|00000210| 0c 00 33 02 95 0a 01 77 02 96 01 00 0f 61 64 64 |..3....w.....add|
|00000220| 53 68 75 74 64 6f 77 6e 48 6f 6f 6b 01 00 15 28 |ShutdownHook...(|
|00000230| 4c 6a 61 76 61 2f 6c 61 6e 67 2f 54 68 72 65 61 |Ljava/lang/Threa|
|00000240| 64 3b 29 56 0c 02 98 02 99 0a 02 8a 02 9a 0c 02 |d;)V............|
|00000250| 39 00 c8 0a 00 02 02 9c 01 00 13 6a 61 76 61 2f |9..........java/|
|00000260| 69 6f 2f 49 4f 45 78 63 65 70 74 69 6f 6e 07 02 |io/IOException..|
|00000270| 9e 01 00 0f 6a 61 76 61 2f 6e 65 74 2f 53 6f 63 |....java/net/Soc|
|00000280| 6b 65 74 07 02 a0 01 00 08 69 6e 74 56 61 6c 75 |ket......intValu|
|00000290| 65 01 00 03 28 29 49 0c 02 a2 02 a3 0a 01 3f 02 |e...()I.......?.|
|000002a0| a4 01 00 16 28 4c 6a 61 76 61 2f 6c 61 6e 67 2f |....(Ljava/lang/|
|000002b0| 53 74 72 69 6e 67 3b 49 29 56 0c 00 33 02 a6 0a |String;I)V..3...|
|000002c0| 02 a1 02 a7 01 00 0f 67 65 74 4f 75 74 70 75 74 |.......getOutput|
|000002d0| 53 74 72 65 61 6d 01 00 18 28 29 4c 6a 61 76 61 |Stream...()Ljava|
|000002e0| 2f 69 6f 2f 4f 75 74 70 75 74 53 74 72 65 61 6d |/io/OutputStream|
|000002f0| 3b 0c 02 a9 02 aa 0a 02 a1 02 ab 01 00 16 6a 61 |;.............ja|
|00000300| 76 61 2f 69 6f 2f 42 75 66 66 65 72 65 64 52 65 |va/io/BufferedRe|
|00000310| 61 64 65 72 07 02 ad 01 00 19 6a 61 76 61 2f 69 |ader......java/i|
|00000320| 6f 2f 49 6e 70 75 74 53 74 72 65 61 6d 52 65 61 |o/InputStreamRea|
|00000330| 64 65 72 07 02 af 01 00 0e 67 65 74 49 6e 70 75 |der......getInpu|
|00000340| 74 53 74 72 65 61 6d 01 00 17 28 29 4c 6a 61 76 |tStream...()Ljav|
|00000350| 61 2f 69 6f 2f 49 6e 70 75 74 53 74 72 65 61 6d |a/io/InputStream|
|00000360| 3b 0c 02 b1 02 b2 0a 02 a1 02 b3 01 00 18 28 4c |;.............(L|
|00000370| 6a 61 76 61 2f 69 6f 2f 49 6e 70 75 74 53 74 72 |java/io/InputStr|
|00000380| 65 61 6d 3b 29 56 0c 00 33 02 b5 0a 02 b0 02 b6 |eam;)V..3.......|
|00000390| 01 00 13 28 4c 6a 61 76 61 2f 69 6f 2f 52 65 61 |...(Ljava/io/Rea|
|000003a0| 64 65 72 3b 29 56 0c 00 33 02 b8 0a 02 ae 02 b9 |der;)V..3.......|
|000003b0| 01 00 14 6a 61 76 61 2f 69 6f 2f 4f 75 74 70 75 |...java/io/Outpu|
|000003c0| 74 53 74 72 65 61 6d 07 02 bb 01 00 04 73 69 7a |tStream......siz|
|000003d0| 65 0c 02 bd 02 a3 0b 01 6f 02 be 05 00 00 00 00 |e.......o.......|
|000003e0| 00 00 03 e8 01 00 04 77 61 69 74 01 00 04 28 4a |.......wait...(J|
|000003f0| 29 56 0c 02 c2 02 c3 0a 00 04 02 c4 01 00 1a 6a |)V.............j|
+--------+-------------------------------------------------+----------------+
14:03:33.553 [dockerjava-netty-1-10] DEBUG com.github.dockerjava.netty.NettyDockerCmdExecFactory$1 - [id: 0x615d3376, L:/127.0.0.1:52075 - R:localhost/127.0.0.1:52061] READ: DefaultHttpContent(data: PooledSlicedByteBuf(ridx: 0, widx: 1024, cap: 1024/1024, unwrapped: PooledUnsafeDirectByteBuf(ridx: 1024, widx: 1024, cap: 1024)), decoderResult: success), 1024B
         +-------------------------------------------------+
         |  0  1  2  3  4  5  6  7  8  9  a  b  c  d  e  f |
+--------+-------------------------------------------------+----------------+
|00000000| 61 76 61 2f 6c 61 6e 67 2f 52 75 6e 74 69 6d 65 |ava/lang/Runtime|
|00000010| 45 78 63 65 70 74 69 6f 6e 07 02 c6 01 00 18 28 |Exception......(|
|00000020| 4c 6a 61 76 61 2f 6c 61 6e 67 2f 54 68 72 6f 77 |Ljava/lang/Throw|
|00000030| 61 62 6c 65 3b 29 56 0c 00 33 02 c8 0a 02 c7 02 |able;)V..3......|
|00000040| c9 01 00 15 28 49 29 4c 6a 61 76 61 2f 6c 61 6e |....(I)Ljava/lan|
|00000050| 67 2f 4f 62 6a 65 63 74 3b 0c 01 48 02 cb 0b 01 |g/Object;..H....|
|00000060| 6f 02 cc 0b 01 6f 01 11 01 00 0d 6c 61 6d 62 64 |o....o.....lambd|
|00000070| 61 24 6e 75 6c 6c 24 31 01 00 5d 28 4c 6a 61 76 |a$null$1..](Ljav|
|00000080| 61 2f 75 74 69 6c 2f 4d 61 70 24 45 6e 74 72 79 |a/util/Map$Entry|
|00000090| 3b 29 4c 6f 72 67 2f 74 65 73 74 63 6f 6e 74 61 |;)Lorg/testconta|
|000000a0| 69 6e 65 72 73 2f 73 68 61 64 65 64 2f 6f 72 67 |iners/shaded/org|
|000000b0| 2f 61 70 61 63 68 65 2f 68 74 74 70 2f 6d 65 73 |/apache/http/mes|
|000000c0| 73 61 67 65 2f 42 61 73 69 63 4e 61 6d 65 56 61 |sage/BasicNameVa|
|000000d0| 6c 75 65 50 61 69 72 3b 0c 02 cf 02 d0 0a 00 02 |luePair;........|
|000000e0| 02 d1 0f 06 02 d2 10 02 d0 12 00 09 01 27 01 00 |.............'..|
|000000f0| 46 6f 72 67 2f 74 65 73 74 63 6f 6e 74 61 69 6e |Forg/testcontain|
|00000100| 65 72 73 2f 73 68 61 64 65 64 2f 6f 72 67 2f 61 |ers/shaded/org/a|
|00000110| 70 61 63 68 65 2f 68 74 74 70 2f 63 6c 69 65 6e |pache/http/clien|
|00000120| 74 2f 75 74 69 6c 73 2f 55 52 4c 45 6e 63 6f 64 |t/utils/URLEncod|
|00000130| 65 64 55 74 69 6c 73 07 02 d6 01 00 06 66 6f 72 |edUtils......for|
|00000140| 6d 61 74 01 00 36 28 4c 6a 61 76 61 2f 75 74 69 |mat..6(Ljava/uti|
|00000150| 6c 2f 4c 69 73 74 3b 4c 6a 61 76 61 2f 6c 61 6e |l/List;Ljava/lan|
|00000160| 67 2f 53 74 72 69 6e 67 3b 29 4c 6a 61 76 61 2f |g/String;)Ljava/|
|00000170| 6c 61 6e 67 2f 53 74 72 69 6e 67 3b 0c 02 d8 02 |lang/String;....|
|00000180| d9 0a 02 d7 02 da 0c 00 21 00 22 09 00 02 02 dc |........!.".....|
|00000190| 01 00 14 53 65 6e 64 69 6e 67 20 27 7b 7d 27 20 |...Sending '{}' |
|000001a0| 74 6f 20 52 79 75 6b 08 02 de 01 00 08 67 65 74 |to Ryuk......get|
|000001b0| 42 79 74 65 73 01 00 04 28 29 5b 42 0c 02 e0 02 |Bytes...()[B....|
|000001c0| e1 0a 00 76 02 e2 01 00 05 77 72 69 74 65 01 00 |...v.....write..|
|000001d0| 05 28 5b 42 29 56 0c 02 e4 02 e5 0a 02 bc 02 e6 |.([B)V..........|
|000001e0| 0c 02 e4 00 99 0a 02 bc 02 e8 01 00 05 66 6c 75 |.............flu|
|000001f0| 73 68 0c 02 ea 00 34 0a 02 bc 02 eb 01 00 03 41 |sh....4........A|
|00000200| 43 4b 08 02 ed 01 00 08 72 65 61 64 4c 69 6e 65 |CK......readLine|
|00000210| 0c 02 ef 00 62 0a 02 ae 02 f0 01 00 10 65 71 75 |....b........equ|
|00000220| 61 6c 73 49 67 6e 6f 72 65 43 61 73 65 01 00 15 |alsIgnoreCase...|
|00000230| 28 4c 6a 61 76 61 2f 6c 61 6e 67 2f 53 74 72 69 |(Ljava/lang/Stri|
|00000240| 6e 67 3b 29 5a 0c 02 f2 02 f3 0a 00 76 02 f4 01 |ng;)Z.......v...|
|00000250| 00 09 63 6f 75 6e 74 44 6f 77 6e 0c 02 f6 00 34 |..countDown....4|
|00000260| 0a 01 4d 02 f7 01 00 05 63 6c 6f 73 65 0c 02 f9 |..M.....close...|
|00000270| 00 34 0a 02 a1 02 fa 01 00 0d 61 64 64 53 75 70 |.4........addSup|
|00000280| 70 72 65 73 73 65 64 0c 02 fc 02 c8 0a 01 75 02 |pressed.......u.|
|00000290| fd 01 00 20 43 61 6e 20 6e 6f 74 20 63 6f 6e 6e |... Can not conn|
|000002a0| 65 63 74 20 74 6f 20 52 79 75 6b 20 61 74 20 7b |ect to Ryuk at {|
|000002b0| 7d 3a 7b 7d 08 02 ff 01 00 04 77 61 72 6e 01 00 |}:{}......warn..|
|000002c0| 28 28 4c 6a 61 76 61 2f 6c 61 6e 67 2f 53 74 72 |((Ljava/lang/Str|
|000002d0| 69 6e 67 3b 5b 4c 6a 61 76 61 2f 6c 61 6e 67 2f |ing;[Ljava/lang/|
|000002e0| 4f 62 6a 65 63 74 3b 29 56 0c 03 01 03 02 0b 01 |Object;)V.......|
|000002f0| fc 03 03 01 00 07 66 69 6c 74 65 72 73 01 00 05 |......filters...|
|00000300| 71 75 65 72 79 01 00 03 6f 75 74 01 00 16 4c 6a |query...out...Lj|
|00000310| 61 76 61 2f 69 6f 2f 4f 75 74 70 75 74 53 74 72 |ava/io/OutputStr|
|00000320| 65 61 6d 3b 01 00 02 69 6e 01 00 18 4c 6a 61 76 |eam;...in...Ljav|
|00000330| 61 2f 69 6f 2f 42 75 66 66 65 72 65 64 52 65 61 |a/io/BufferedRea|
|00000340| 64 65 72 3b 01 00 0c 63 6c 69 65 6e 74 53 6f 63 |der;...clientSoc|
|00000350| 6b 65 74 01 00 11 4c 6a 61 76 61 2f 6e 65 74 2f |ket...Ljava/net/|
|00000360| 53 6f 63 6b 65 74 3b 01 00 15 4c 6a 61 76 61 2f |Socket;...Ljava/|
|00000370| 69 6f 2f 49 4f 45 78 63 65 70 74 69 6f 6e 3b 01 |io/IOException;.|
|00000380| 00 05 69 6e 64 65 78 01 00 01 49 01 00 44 6f 72 |..index...I..Dor|
|00000390| 67 2f 74 65 73 74 63 6f 6e 74 61 69 6e 65 72 73 |g/testcontainers|
|000003a0| 2f 73 68 61 64 65 64 2f 6f 72 67 2f 61 70 61 63 |/shaded/org/apac|
|000003b0| 68 65 2f 68 74 74 70 2f 6d 65 73 73 61 67 65 2f |he/http/message/|
|000003c0| 42 61 73 69 63 4e 61 6d 65 56 61 6c 75 65 50 61 |BasicNameValuePa|
|000003d0| 69 72 07 03 10 01 00 06 67 65 74 4b 65 79 0c 03 |ir......getKey..|
|000003e0| 12 01 49 0b 00 09 03 13 01 00 08 67 65 74 56 61 |..I........getVa|
|000003f0| 6c 75 65 0c 03 15 01 49 0b 00 09 03 16 0c 00 33 |lue....I.......3|
+--------+-------------------------------------------------+----------------+
14:03:33.553 [dockerjava-netty-1-10] DEBUG com.github.dockerjava.netty.NettyDockerCmdExecFactory$1 - [id: 0x615d3376, L:/127.0.0.1:52075 - R:localhost/127.0.0.1:52061] READ: DefaultHttpContent(data: PooledSlicedByteBuf(ridx: 0, widx: 1024, cap: 1024/1024, unwrapped: PooledUnsafeDirectByteBuf(ridx: 1024, widx: 1024, cap: 1024)), decoderResult: success), 1024B
         +-------------------------------------------------+
         |  0  1  2  3  4  5  6  7  8  9  a  b  c  d  e  f |
+--------+-------------------------------------------------+----------------+
|00000000| 01 b4 0a 03 11 03 18 01 00 02 69 74 01 00 15 4c |..........it...L|
|00000010| 6a 61 76 61 2f 75 74 69 6c 2f 4d 61 70 24 45 6e |java/util/Map$En|
|00000020| 74 72 79 3b 01 00 05 6c 61 62 65 6c 08 03 1c 01 |try;...label....|
|00000030| 00 01 3d 08 03 1e 0c 00 33 01 b1 0a 00 0e 03 20 |..=.....3...... |
|00000040| 01 00 08 3c 63 6c 69 6e 69 74 3e 01 00 17 6f 72 |...<clinit>...or|
|00000050| 67 2f 73 6c 66 34 6a 2f 4c 6f 67 67 65 72 46 61 |g/slf4j/LoggerFa|
|00000060| 63 74 6f 72 79 07 03 23 01 00 09 67 65 74 4c 6f |ctory..#...getLo|
|00000070| 67 67 65 72 01 00 25 28 4c 6a 61 76 61 2f 6c 61 |gger..%(Ljava/la|
|00000080| 6e 67 2f 43 6c 61 73 73 3b 29 4c 6f 72 67 2f 73 |ng/Class;)Lorg/s|
|00000090| 6c 66 34 6a 2f 4c 6f 67 67 65 72 3b 0c 03 25 03 |lf4j/Logger;..%.|
|000000a0| 26 0a 03 24 03 27 01 00 13 6a 61 76 61 2f 75 74 |&..$.'...java/ut|
|000000b0| 69 6c 2f 41 72 72 61 79 4c 69 73 74 07 03 29 0a |il/ArrayList..).|
|000000c0| 03 2a 00 35 01 00 09 53 69 67 6e 61 74 75 72 65 |.*.5...Signature|
|000000d0| 01 00 04 43 6f 64 65 01 00 12 4c 6f 63 61 6c 56 |...Code...LocalV|
|000000e0| 61 72 69 61 62 6c 65 54 61 62 6c 65 01 00 0f 4c |ariableTable...L|
|000000f0| 69 6e 65 4e 75 6d 62 65 72 54 61 62 6c 65 01 00 |ineNumberTable..|
|00000100| 0d 53 74 61 63 6b 4d 61 70 54 61 62 6c 65 01 00 |.StackMapTable..|
|00000110| 16 4c 6f 63 61 6c 56 61 72 69 61 62 6c 65 54 79 |.LocalVariableTy|
|00000120| 70 65 54 61 62 6c 65 01 00 50 28 4c 6a 61 76 61 |peTable..P(Ljava|
|00000130| 2f 75 74 69 6c 2f 4c 69 73 74 3c 4c 6a 61 76 61 |/util/List<Ljava|
|00000140| 2f 75 74 69 6c 2f 4d 61 70 24 45 6e 74 72 79 3c |/util/Map$Entry<|
|00000150| 4c 6a 61 76 61 2f 6c 61 6e 67 2f 53 74 72 69 6e |Ljava/lang/Strin|
|00000160| 67 3b 4c 6a 61 76 61 2f 6c 61 6e 67 2f 53 74 72 |g;Ljava/lang/Str|
|00000170| 69 6e 67 3b 3e 3b 3e 3b 29 56 01 00 0a 44 65 70 |ing;>;>;)V...Dep|
|00000180| 72 65 63 61 74 65 64 01 00 19 52 75 6e 74 69 6d |recated...Runtim|
|00000190| 65 56 69 73 69 62 6c 65 41 6e 6e 6f 74 61 74 69 |eVisibleAnnotati|
|000001a0| 6f 6e 73 01 00 10 42 6f 6f 74 73 74 72 61 70 4d |ons...BootstrapM|
|000001b0| 65 74 68 6f 64 73 01 00 0a 53 6f 75 72 63 65 46 |ethods...SourceF|
|000001c0| 69 6c 65 01 00 0c 49 6e 6e 65 72 43 6c 61 73 73 |ile...InnerClass|
|000001d0| 65 73 00 31 00 02 00 04 00 00 00 08 00 1a 00 21 |es.1...........!|
|000001e0| 00 22 00 00 00 1a 00 23 00 22 00 00 00 1a 00 24 |.".....#.".....$|
|000001f0| 00 25 00 01 03 2c 00 00 00 02 00 26 00 0a 00 27 |.%...,.....&...'|
|00000200| 00 28 00 00 00 12 00 29 00 2a 00 00 00 02 00 2b |.(.....).*.....+|
|00000210| 00 2c 00 01 03 2c 00 00 00 02 00 2d 00 02 00 2e |.,...,.....-....|
|00000220| 00 2f 00 01 03 2c 00 00 00 02 00 30 00 02 00 31 |./...,.....0...1|
|00000230| 00 32 00 00 00 16 00 02 00 33 00 34 00 01 03 2d |.2.......3.4...-|
|00000240| 00 00 00 72 00 04 00 01 00 00 00 34 2a b7 00 36 |...r.......4*..6|
|00000250| 2a bb 00 38 59 b7 00 39 b5 00 3b 2a bb 00 38 59 |*..8Y..9..;*..8Y|
|00000260| b7 00 39 b8 00 41 b5 00 43 2a bb 00 45 59 03 b7 |..9..A..C*..EY..|
|00000270| 00 48 b5 00 4a 2a b8 00 4f b6 00 53 b5 00 55 b1 |.H..J*..O..S..U.|
|00000280| 00 00 00 02 03 2e 00 00 00 0c 00 01 00 00 00 34 |...............4|
|00000290| 00 56 00 28 00 00 03 2f 00 00 00 1a 00 06 00 00 |.V.(.../........|
|000002a0| 00 3a 00 04 00 36 00 0f 00 37 00 1d 00 38 00 29 |.:...6...7...8.)|
|000002b0| 00 3b 00 33 00 3c 00 09 00 57 00 58 00 01 03 2d |.;.3.<...W.X...-|
|000002c0| 00 00 03 1a 00 0a 00 0a 00 00 01 ac b8 00 60 b6 |..............`.|
|000002d0| 00 64 4d b8 00 4f 2b 2c b6 00 68 bb 00 6a 59 b7 |.dM..O+,..h..jY.|
|000002e0| 00 6b 12 02 b6 00 70 12 72 12 74 b6 00 7a b6 00 |.k....p.r.t..z..|
|000002f0| 7e 12 80 b6 00 7e b6 00 83 b8 00 89 4e 2b 2c b9 |~....~......N+,.|
|00000300| 00 8f 02 00 bb 00 07 59 b7 00 90 b9 00 96 02 00 |.......Y........|
|00000310| 04 bd 00 98 59 03 bb 00 98 59 11 1f 90 b7 00 9b |....Y....Y......|
|00000320| 53 b9 00 9f 02 00 04 b8 00 a5 b9 00 a9 02 00 bb |S...............|
|00000330| 00 6a 59 b7 00 6b 12 ab b6 00 7e b2 00 af b6 00 |.jY..k....~.....|
|00000340| 7e b6 00 83 b9 00 b2 02 00 b2 00 b5 12 b7 b8 00 |~...............|
|00000350| bb b9 00 bf 02 00 05 bd 00 c1 59 03 bb 00 c1 59 |..........Y....Y|
|00000360| 12 c3 bb 00 c5 59 12 c7 b7 00 ca b7 00 cd 53 59 |.....Y........SY|
|00000370| 04 bb 00 c1 59 2d b6 00 d0 bb 00 c5 59 12 d2 b7 |....Y-......Y...|
|00000380| 00 ca b2 00 d8 b7 00 db 53 b9 00 df 02 00 b9 00 |........S.......|
|00000390| e3 01 00 b6 00 e8 3a 04 2b 19 04 b9 00 ec 02 00 |......:.+.......|
|000003a0| b9 00 f1 01 00 57 2b 19 04 b9 00 f5 02 00 b9 00 |.....W+.........|
|000003b0| fa 01 00 3a 05 19 05 b6 00 fe b6 01 04 b6 01 08 |...:............|
|000003c0| b9 01 0c 01 00 b9 01 12 01 00 ba 01 28 00 00 b9 |............(...|
|000003d0| 01 2c 02 00 b9 01 30 01 00 ba 01 37 00 00 b6 01 |.,....0....7....|
|000003e0| 3d ba 01 47 00 00 b6 01 3d b6 01 4b c0 01 3f 3a |=..G....=..K..?:|
|000003f0| 06 bb 01 4d 59 04 b7 01 4e 3a 07 b2 01 50 59 3a |...MY...N:...PY:|
+--------+-------------------------------------------------+----------------+
14:03:33.554 [dockerjava-netty-1-10] DEBUG com.github.dockerjava.netty.NettyDockerCmdExecFactory$1 - [id: 0x615d3376, L:/127.0.0.1:52075 - R:localhost/127.0.0.1:52061] READ: DefaultHttpContent(data: PooledSlicedByteBuf(ridx: 0, widx: 1024, cap: 1024/1024, unwrapped: PooledUnsafeDirectByteBuf(ridx: 1024, widx: 1024, cap: 1024)), decoderResult: success), 1024B
         +-------------------------------------------------+
         |  0  1  2  3  4  5  6  7  8  9  a  b  c  d  e  f |
+--------+-------------------------------------------------+----------------+
|00000000| 08 c2 b2 01 50 b2 01 53 b9 01 57 01 00 b9 01 5a |....P..S..W....Z|
|00000010| 01 00 ba 01 61 00 00 b9 01 63 02 00 b8 01 69 b9 |....a....c....i.|
|00000020| 01 6d 02 00 b9 01 73 02 00 57 19 08 c3 a7 00 0b |.m....s..W......|
|00000030| 3a 09 19 08 c3 19 09 bf bb 01 77 59 2a 19 06 19 |:.........wY*...|
|00000040| 07 ba 01 81 00 00 13 01 83 b7 01 86 3a 08 19 08 |............:...|
|00000050| 04 b6 01 89 19 08 b6 01 8b 19 07 14 01 8c b2 01 |................|
|00000060| 93 b6 01 97 9a 00 0e bb 01 99 59 13 01 9b b7 01 |..........Y.....|
|00000070| 9c bf 19 04 b0 4d 2c bf 00 03 01 36 01 61 01 64 |.....M,....6.a.d|
|00000080| 00 00 01 64 01 69 01 64 00 00 00 00 01 a8 01 a9 |...d.i.d........|
|00000090| 00 5a 00 03 03 2e 00 00 00 66 00 0a 00 07 01 a2 |.Z.......f......|
|000000a0| 01 9d 00 ad 00 02 00 31 01 78 01 9e 01 9f 00 03 |.......1.x......|
|000000b0| 00 cc 00 dd 01 a0 00 ad 00 04 00 e9 00 c0 01 a1 |................|
|000000c0| 01 a2 00 05 01 25 00 84 01 a3 01 a4 00 06 01 2f |.....%........./|
|000000d0| 00 7a 01 a5 01 a6 00 07 01 82 00 27 01 a7 01 a8 |.z.........'....|
|000000e0| 00 08 01 aa 00 02 01 a9 01 aa 00 02 00 00 01 ac |................|
|000000f0| 01 ab 00 ad 00 00 00 00 01 ac 00 50 00 2a 00 01 |...........P.*..|
|00000100| 03 2f 00 00 00 92 00 24 00 00 00 40 00 07 00 41 |./.....$...@...A|
|00000110| 00 0f 00 43 00 31 00 45 00 3f 00 46 00 55 00 4a |...C.1.E.?.F.U.J|
|00000120| 00 5b 00 4b 00 78 00 4c 00 82 00 4d 00 aa 00 51 |.[.K.x.L...M...Q|
|00000130| 00 bd 00 4e 00 c2 00 53 00 c7 00 54 00 cc 00 56 |...N...S...T...V|
|00000140| 00 da 00 58 00 e9 00 5a 01 03 00 5b 01 08 00 5c |...X...Z...[...\|
|00000150| 01 12 00 5d 01 1a 00 5e 01 1d 00 5f 01 25 00 61 |...]...^..._.%.a|
|00000160| 01 2f 00 63 01 36 00 64 01 3c 00 65 01 4b 00 66 |./.c.6.d.<.e.K.f|
|00000170| 01 50 00 67 01 58 00 64 01 5e 00 69 01 6c 00 6b |.P.g.X.d.^.i.l.k|
|00000180| 01 82 00 99 01 88 00 9a 01 8d 00 9d 01 9b 00 9e |................|
|00000190| 01 a6 00 a1 01 a9 00 3e 03 30 00 00 00 40 00 04 |.......>.0...@..|
|000001a0| ff 01 64 00 09 07 00 76 07 00 8b 07 00 76 07 00 |..d....v.....v..|
|000001b0| 85 07 00 76 07 00 1a 07 01 3f 07 01 4d 07 00 04 |...v.....?..M...|
|000001c0| 00 01 07 01 75 fa 00 07 fc 00 39 07 01 77 ff 00 |....u.....9..w..|
|000001d0| 02 00 02 07 00 76 07 00 8b 00 01 07 00 5a 00 29 |.....v.......Z.)|
|000001e0| 00 27 01 ac 00 01 03 2d 00 00 00 3d 00 02 00 00 |.'.....-...=....|
|000001f0| 00 00 00 14 b2 01 ae c7 00 0d bb 00 02 59 b7 01 |.............Y..|
|00000200| af b3 01 ae b2 01 ae b0 00 00 00 02 03 2f 00 00 |............./..|
|00000210| 00 0e 00 03 00 00 00 a5 00 06 00 a6 00 10 00 a9 |................|
|00000220| 03 30 00 00 00 03 00 01 10 00 21 01 b0 00 34 00 |.0........!...4.|
|00000230| 01 03 2d 00 00 00 51 00 02 00 01 00 00 00 1f 2a |..-...Q........*|
|00000240| b4 00 3b 2a ba 01 bc 00 00 b9 01 c0 02 00 2a b4 |..;*..........*.|
|00000250| 00 43 2a ba 01 ca 00 00 b9 01 cd 02 00 b1 00 00 |.C*.............|
|00000260| 00 02 03 2e 00 00 00 0c 00 01 00 00 00 1f 00 56 |...............V|
|00000270| 00 28 00 00 03 2f 00 00 00 0e 00 03 00 00 00 b1 |.(.../..........|
|00000280| 00 0f 00 b2 00 1e 00 b3 00 01 01 ce 01 cf 00 02 |................|
|00000290| 03 2d 00 00 00 a5 00 02 00 04 00 00 00 21 b2 01 |.-...........!..|
|000002a0| 50 59 4d c2 b2 01 50 2b b9 01 73 02 00 57 b2 01 |PYM...P+..s..W..|
|000002b0| 50 b6 01 d2 2c c3 a7 00 08 4e 2c c3 2d bf b1 00 |P...,....N,.-...|
|000002c0| 02 00 06 00 18 00 1b 00 00 00 1b 00 1e 00 1b 00 |................|
|000002d0| 00 00 04 03 2e 00 00 00 16 00 02 00 00 00 21 00 |..............!.|
|000002e0| 56 00 28 00 00 00 00 00 21 01 d3 00 25 00 01 03 |V.(.....!...%...|
|000002f0| 31 00 00 00 0c 00 01 00 00 00 21 01 d3 01 d4 00 |1.........!.....|
|00000300| 01 03 2f 00 00 00 16 00 05 00 00 00 bb 00 06 00 |../.............|
|00000310| bc 00 10 00 bd 00 16 00 be 00 20 00 bf 03 30 00 |.......... ...0.|
|00000320| 00 00 18 00 02 ff 00 1b 00 03 07 00 02 07 01 6f |...............o|
|00000330| 07 00 04 00 01 07 01 75 fa 00 04 03 2c 00 00 00 |.......u....,...|
|00000340| 02 03 32 00 01 01 d5 01 b4 00 01 03 2d 00 00 00 |..2.........-...|
|00000350| 57 00 03 00 03 00 00 00 11 2a b7 01 d8 2a b4 00 |W........*...*..|
|00000360| 3b 2b 2c b9 01 dc 03 00 57 b1 00 00 00 02 03 2e |;+,.....W.......|
|00000370| 00 00 00 20 00 03 00 00 00 11 00 56 00 28 00 00 |... .......V.(..|
|00000380| 00 00 00 11 01 dd 00 ad 00 01 00 00 00 11 01 de |................|
|00000390| 00 ad 00 02 03 2f 00 00 00 0e 00 03 00 00 00 c8 |...../..........|
|000003a0| 00 04 00 c9 00 10 00 ca 00 01 01 df 00 c8 00 01 |................|
|000003b0| 03 2d 00 00 00 5a 00 04 00 02 00 00 00 1e 2a 2b |.-...Z........*+|
|000003c0| 2a b4 00 3b 2b b9 01 e1 02 00 c0 00 76 b7 01 b6 |*..;+.......v...|
|000003d0| 2a b4 00 3b 2b b9 01 e4 02 00 57 b1 00 00 00 02 |*..;+.....W.....|
|000003e0| 03 2e 00 00 00 16 00 02 00 00 00 1e 00 56 00 28 |.............V.(|
|000003f0| 00 00 00 00 00 1e 01 dd 00 ad 00 01 03 2f 00 00 |............./..|
+--------+-------------------------------------------------+----------------+
14:03:33.554 [dockerjava-netty-1-10] DEBUG com.github.dockerjava.netty.NettyDockerCmdExecFactory$1 - [id: 0x615d3376, L:/127.0.0.1:52075 - R:localhost/127.0.0.1:52061] READ COMPLETE
14:03:33.555 [dockerjava-netty-1-10] DEBUG com.github.dockerjava.netty.NettyDockerCmdExecFactory$1 - [id: 0x615d3376, L:/127.0.0.1:52075 - R:localhost/127.0.0.1:52061] READ: DefaultHttpContent(data: PooledSlicedByteBuf(ridx: 0, widx: 4463, cap: 4463/4463, unwrapped: PooledUnsafeDirectByteBuf(ridx: 4465, widx: 4465, cap: 16384)), decoderResult: success), 4463B
         +-------------------------------------------------+
         |  0  1  2  3  4  5  6  7  8  9  a  b  c  d  e  f |
+--------+-------------------------------------------------+----------------+
|00000000| 00 0e 00 03 00 00 00 d2 00 12 00 d4 00 1d 00 d5 |................|
|00000010| 00 01 01 df 01 b4 00 01 03 2d 00 00 00 58 00 03 |.........-...X..|
|00000020| 00 03 00 00 00 12 2a 2b 2c b7 01 b6 2a b4 00 3b |......*+,...*..;|
|00000030| 2b b9 01 e4 02 00 57 b1 00 00 00 02 03 2e 00 00 |+.....W.........|
|00000040| 00 20 00 03 00 00 00 12 00 56 00 28 00 00 00 00 |. .......V.(....|
|00000050| 00 12 01 dd 00 ad 00 01 00 00 00 12 01 de 00 ad |................|
|00000060| 00 02 03 2f 00 00 00 0e 00 03 00 00 00 de 00 06 |.../............|
|00000070| 00 e0 00 11 00 e1 00 02 01 b3 01 b4 00 01 03 2d |...............-|
|00000080| 00 00 02 6b 00 04 00 05 00 00 01 02 2a b4 00 55 |...k........*..U|
|00000090| 2b b9 00 f5 02 00 b9 00 fa 01 00 4e 2d b6 01 ee |+..........N-...|
|000000a0| b6 01 f2 b6 01 f6 36 04 a7 00 22 4e b2 01 f8 13 |......6..."N....|
|000000b0| 01 fa b9 01 ff 02 00 b1 4e b2 01 f8 13 02 01 2b |........N......+|
|000000c0| 2d b6 02 04 b9 02 07 04 00 b1 15 04 99 00 3f b2 |-.............?.|
|000000d0| 01 f8 13 02 09 2b b9 02 0c 03 00 2a b4 00 55 2b |.....+.....*..U+|
|000000e0| b9 02 10 02 00 b9 02 13 01 00 57 b2 01 f8 13 02 |..........W.....|
|000000f0| 15 2c b9 02 0c 03 00 a7 00 14 4e b2 01 f8 13 02 |.,........N.....|
|00000100| 17 2b 2d b6 02 04 b9 02 07 04 00 2a b4 00 55 2b |.+-........*..U+|
|00000110| b9 00 f5 02 00 b9 00 fa 01 00 57 a7 00 10 4e b2 |..........W...N.|
|00000120| 01 f8 13 02 19 b9 01 ff 02 00 b1 b2 01 f8 13 02 |................|
|00000130| 1b 2b b9 02 0c 03 00 2a b4 00 55 2b b9 02 1f 02 |.+.....*..U+....|
|00000140| 00 04 b8 00 a5 b9 02 25 02 00 04 b8 00 a5 b9 02 |.......%........|
|00000150| 28 02 00 b9 02 29 01 00 57 b2 01 f8 13 02 2b 2c |(....)..W.....+,|
|00000160| b9 02 2e 03 00 a7 00 14 4e b2 01 f8 13 02 30 2c |........N.....0,|
|00000170| 2d b6 02 31 b9 02 07 04 00 a7 00 14 4e b2 01 f8 |-..1........N...|
|00000180| 13 02 17 2b 2d b6 02 04 b9 02 07 04 00 b1 00 06 |...+-...........|
|00000190| 00 00 00 1c 00 1f 01 e6 00 00 00 1c 00 2c 01 e8 |.............,..|
|000001a0| 00 43 00 6b 00 6e 01 e8 00 7f 00 8f 00 92 01 e6 |.C.k.n..........|
|000001b0| 00 ab 00 d9 00 dc 01 ea 00 9f 00 ed 00 f0 01 e8 |................|
|000001c0| 00 03 03 2e 00 00 00 7a 00 0c 00 10 00 0c 02 32 |.......z.......2|
|000001d0| 01 a2 00 03 00 1c 00 03 02 33 02 34 00 04 00 20 |.........3.4... |
|000001e0| 00 0c 02 35 02 36 00 03 00 2d 00 11 02 35 02 37 |...5.6...-...5.7|
|000001f0| 00 03 00 6f 00 10 02 35 02 37 00 03 00 93 00 0c |...o...5.7......|
|00000200| 02 35 02 36 00 03 00 dd 00 10 02 35 02 38 00 03 |.5.6.......5.8..|
|00000210| 00 f1 00 10 02 35 02 37 00 03 00 00 01 02 00 56 |.....5.7.......V|
|00000220| 00 28 00 00 00 00 01 02 01 dd 00 ad 00 01 00 00 |.(..............|
|00000230| 01 02 01 de 00 ad 00 02 00 3e 00 c4 02 33 02 34 |.........>...3.4|
|00000240| 00 04 03 2f 00 00 00 7e 00 1f 00 00 00 e6 00 10 |.../...~........|
|00000250| 00 e7 00 1c 00 ee 00 1f 00 e8 00 20 00 e9 00 2b |........... ...+|
|00000260| 00 ea 00 2c 00 eb 00 2d 00 ec 00 3d 00 ed 00 3e |...,...-...=...>|
|00000270| 00 f0 00 43 00 f2 00 4f 00 f3 00 5f 00 f4 00 6b |...C...O..._...k|
|00000280| 00 f7 00 6e 00 f5 00 6f 00 f6 00 7f 00 fb 00 8f |...n...o........|
|00000290| 00 ff 00 92 00 fc 00 93 00 fd 00 9e 00 fe 00 9f |................|
|000002a0| 01 02 00 ab 01 04 00 cd 01 05 00 d9 01 08 00 dc |................|
|000002b0| 01 06 00 dd 01 07 00 ed 01 0b 00 f0 01 09 00 f1 |................|
|000002c0| 01 0a 01 01 01 0c 03 30 00 00 00 23 00 0b 5f 07 |.......0...#.._.|
|000002d0| 01 e6 4c 07 01 e8 fd 00 11 00 01 6f 07 01 e8 10 |..L........o....|
|000002e0| 52 07 01 e6 0c 7c 07 01 ea 10 42 07 01 e8 10 00 |R....|....B.....|
|000002f0| 01 02 39 00 c8 00 01 03 2d 00 00 00 4c 00 02 00 |..9.....-...L...|
|00000300| 02 00 00 00 10 2a b7 01 d8 2a b4 00 43 2b b9 02 |.....*...*..C+..|
|00000310| 3a 02 00 57 b1 00 00 00 02 03 2e 00 00 00 16 00 |:..W............|
|00000320| 02 00 00 00 10 00 56 00 28 00 00 00 00 00 10 02 |......V.(.......|
|00000330| 3b 00 ad 00 01 03 2f 00 00 00 0e 00 03 00 00 01 |;...../.........|
|00000340| 14 00 04 01 15 00 0f 01 16 00 01 02 3c 00 c8 00 |............<...|
|00000350| 03 03 2d 00 00 00 a9 00 05 00 03 00 00 00 3a 2a |..-...........:*|
|00000360| b4 00 55 b9 02 43 01 00 04 bd 00 76 59 03 2b 53 |..U..C.....vY.+S|
|00000370| b9 02 49 02 00 b9 02 4b 01 00 c0 01 6f 2a ba 02 |..I....K....o*..|
|00000380| 52 00 00 b9 02 53 02 00 a7 00 10 4d b2 01 f8 13 |R....S.....M....|
|00000390| 02 55 2b b9 02 0c 03 00 b1 00 01 00 00 00 29 00 |.U+...........).|
|000003a0| 2c 02 3f 00 03 03 2e 00 00 00 20 00 03 00 2d 00 |,.?....... ...-.|
|000003b0| 0c 02 35 02 56 00 02 00 00 00 3a 00 56 00 28 00 |..5.V.....:.V.(.|
|000003c0| 00 00 00 00 3a 02 57 00 ad 00 01 03 2f 00 00 00 |....:.W...../...|
|000003d0| 22 00 08 00 00 01 20 00 11 01 21 00 16 01 22 00 |"..... ...!...".|
|000003e0| 24 01 23 00 29 01 26 00 2c 01 24 00 2d 01 25 00 |$.#.).&.,.$.-.%.|
|000003f0| 39 01 27 03 30 00 00 00 07 00 02 6c 07 02 3f 0c |9.'.0......l..?.|
|00000400| 03 33 00 00 00 00 03 34 00 00 00 06 00 01 02 3d |.3.....4.......=|
|00000410| 00 00 00 01 02 58 00 c8 00 01 03 2d 00 00 00 3e |.....X.....-...>|
|00000420| 00 02 00 02 00 00 00 06 2a 2b b7 01 c5 b1 00 00 |........*+......|
|00000430| 00 02 03 2e 00 00 00 16 00 02 00 00 00 06 00 56 |...............V|
|00000440| 00 28 00 00 00 00 00 06 02 3b 00 ad 00 01 03 2f |.(.......;...../|
|00000450| 00 00 00 0a 00 02 00 00 01 2e 00 05 01 2f 00 01 |............./..|
|00000460| 02 59 00 c8 00 03 03 2d 00 00 00 3e 00 02 00 02 |.Y.....-...>....|
|00000470| 00 00 00 06 2a 2b b6 02 5b b1 00 00 00 02 03 2e |....*+..[.......|
|00000480| 00 00 00 16 00 02 00 00 00 06 00 56 00 28 00 00 |...........V.(..|
|00000490| 00 00 00 06 02 5c 00 ad 00 01 03 2f 00 00 00 0a |.....\...../....|
|000004a0| 00 02 00 00 01 38 00 05 01 39 03 33 00 00 00 00 |.....8...9.3....|
|000004b0| 03 34 00 00 00 06 00 01 02 3d 00 00 00 02 01 c3 |.4.......=......|
|000004c0| 00 c8 00 01 03 2d 00 00 01 e6 00 05 00 07 00 00 |.....-..........|
|000004d0| 00 bc 2a b4 00 55 b9 02 43 01 00 04 bd 00 76 59 |..*..U..C.....vY|
|000004e0| 03 2b 53 b9 02 5f 02 00 b9 02 4b 01 00 c0 01 6f |.+S.._....K....o|
|000004f0| 4d a7 00 1c 4e b2 01 f8 13 02 61 2b b9 02 0c 03 |M...N.....a+....|
|00000500| 00 2a b4 00 43 2b b9 02 63 02 00 57 b1 2c b9 02 |.*..C+..c..W.,..|
|00000510| 67 01 00 4e 2d b9 02 6c 01 00 99 00 55 2d b9 02 |g..N-..l....U-..|
|00000520| 6f 01 00 c0 02 71 3a 04 2a b4 00 55 19 04 b6 02 |o....q:.*..U....|
|00000530| 72 b9 02 76 02 00 b9 02 79 01 00 57 2a b4 00 43 |r..v....y..W*..C|
|00000540| 19 04 b6 02 72 b9 02 63 02 00 57 b2 01 f8 13 02 |....r..c..W.....|
|00000550| 7b 2b b9 02 2e 03 00 a7 00 15 3a 05 b2 01 f8 13 |{+........:.....|
|00000560| 02 7d 19 04 b6 02 7e b9 02 0c 03 00 a7 ff a8 2a |.}....~........*|
|00000570| b4 00 43 2b b9 02 63 02 00 57 a7 00 13 3a 06 2a |..C+..c..W...:.*|
|00000580| b4 00 43 2b b9 02 63 02 00 57 19 06 bf b1 00 05 |..C+..c..W......|
|00000590| 00 00 00 1f 00 22 02 3f 00 56 00 85 00 88 02 3f |.....".?.V.....?|
|000005a0| 00 00 00 2f 00 ab 00 00 00 3b 00 9d 00 ab 00 00 |.../.....;......|
|000005b0| 00 ab 00 ad 00 ab 00 00 00 04 03 2e 00 00 00 48 |...............H|
|000005c0| 00 07 00 1f 00 03 02 7f 00 25 00 02 00 23 00 18 |.........%...#..|
|000005d0| 02 35 02 56 00 03 00 8a 00 10 02 35 02 56 00 05 |.5.V.......5.V..|
|000005e0| 00 56 00 44 02 81 02 82 00 04 00 3b 00 62 02 7f |.V.D.......;.b..|
|000005f0| 00 25 00 02 00 00 00 bc 00 56 00 28 00 00 00 00 |.%.......V.(....|
|00000600| 00 bc 02 3b 00 ad 00 01 03 31 00 00 00 16 00 02 |...;.....1......|
|00000610| 00 1f 00 03 02 7f 02 80 00 02 00 3b 00 62 02 7f |...........;.b..|
|00000620| 02 80 00 02 03 2f 00 00 00 4a 00 12 00 00 01 41 |...../...J.....A|
|00000630| 00 1f 01 45 00 22 01 42 00 23 01 43 00 2f 01 53 |...E.".B.#.C./.S|
|00000640| 00 3a 01 44 00 3b 01 49 00 56 01 4b 00 6a 01 4c |.:.D.;.I.V.K.j.L|
|00000650| 00 79 01 4d 00 85 01 50 00 88 01 4e 00 8a 01 4f |.y.M...P...N...O|
|00000660| 00 9a 01 51 00 9d 01 53 00 a8 01 54 00 ab 01 53 |...Q...S...T...S|
|00000670| 00 bb 01 55 03 30 00 00 00 36 00 08 62 07 02 3f |...U.0...6..b..?|
|00000680| fc 00 18 07 01 6f fc 00 06 07 02 69 ff 00 45 00 |.....o.....i..E.|
|00000690| 05 07 00 02 07 00 76 07 01 6f 07 02 69 07 02 71 |......v..o..i..q|
|000006a0| 00 01 07 02 3f fa 00 11 f9 00 02 4d 07 01 75 0f |....?......M..u.|
|000006b0| 00 01 02 83 00 c8 00 01 03 2d 00 00 00 44 00 02 |.........-...D..|
|000006c0| 00 02 00 00 00 0c 2a b4 00 43 2b b9 02 63 02 00 |......*..C+..c..|
|000006d0| 57 b1 00 00 00 02 03 2e 00 00 00 16 00 02 00 00 |W...............|
|000006e0| 00 0c 00 56 00 28 00 00 00 00 00 0c 02 5c 00 ad |...V.(.......\..|
|000006f0| 00 01 03 2f 00 00 00 0a 00 02 00 00 01 58 00 0b |.../.........X..|
|00000700| 01 59 00 01 02 84 00 c8 00 01 03 2d 00 00 00 44 |.Y.........-...D|
|00000710| 00 02 00 02 00 00 00 0c 2a b4 00 3b 2b b9 01 e4 |........*..;+...|
|00000720| 02 00 57 b1 00 00 00 02 03 2e 00 00 00 16 00 02 |..W.............|
|00000730| 00 00 00 0c 00 56 00 28 00 00 00 00 00 0c 02 5c |.....V.(.......\|
|00000740| 00 ad 00 01 03 2f 00 00 00 0a 00 02 00 00 01 5c |...../.........\|
|00000750| 00 0b 01 5d 00 02 01 d6 00 34 00 01 03 2d 00 00 |...].....4...-..|
|00000760| 00 5b 00 04 00 01 00 00 00 20 2a b4 00 4a 03 04 |.[....... *..J..|
|00000770| b6 02 88 99 00 16 b8 02 8e bb 01 77 59 2a ba 02 |...........wY*..|
|00000780| 94 00 00 b7 02 97 b6 02 9b b1 00 00 00 03 03 2e |................|
|00000790| 00 00 00 0c 00 01 00 00 00 20 00 56 00 28 00 00 |......... .V.(..|
|000007a0| 03 2f 00 00 00 0e 00 03 00 00 01 60 00 0c 01 62 |./.........`...b|
|000007b0| 00 1f 01 64 03 30 00 00 00 03 00 01 1f 10 02 02 |...d.0..........|
|000007c0| 4c 02 4d 00 01 03 2d 00 00 00 3d 00 02 00 02 00 |L.M...-...=.....|
|000007d0| 00 00 09 2a 2b b6 02 72 b6 02 9d b1 00 00 00 02 |...*+..r........|
|000007e0| 03 2e 00 00 00 16 00 02 00 00 00 09 00 56 00 28 |.............V.(|
|000007f0| 00 00 00 00 00 09 02 81 02 82 00 01 03 2f 00 00 |............./..|
|00000800| 00 06 00 01 00 00 01 23 10 0a 01 79 01 7a 00 01 |.......#...y.z..|
|00000810| 03 2d 00 00 03 17 00 06 00 0e 00 00 01 25 03 3e |.-...........%.>|
|00000820| bb 02 a1 59 2a 2b b6 02 a5 b7 02 a8 3a 04 01 3a |...Y*+......:..:|
|00000830| 05 19 04 b6 02 ac 3a 06 bb 02 ae 59 bb 02 b0 59 |......:....Y...Y|
|00000840| 19 04 b6 02 b4 b7 02 b7 b7 02 ba 3a 07 b2 01 50 |...........:...P|
|00000850| 59 3a 08 c2 b2 01 50 b9 02 bf 01 00 1d a3 00 1b |Y:....P.........|
|00000860| b2 01 50 14 02 c0 b6 02 c5 a7 ff eb 3a 09 bb 02 |..P.........:...|
|00000870| c7 59 19 09 b7 02 ca bf b2 01 50 1d b9 02 cd 02 |.Y........P.....|
|00000880| 00 c0 01 6f 3a 09 19 09 b9 02 ce 01 00 ba 02 d5 |...o:...........|
|00000890| 00 00 b9 01 63 02 00 b8 01 69 b9 01 6d 02 00 c0 |....c....i..m...|
|000008a0| 01 6f 01 c0 00 76 b8 02 db 3a 0a b2 02 dd 13 02 |.o...v...:......|
|000008b0| df 19 0a b9 02 2e 03 00 19 06 19 0a b6 02 e3 b6 |................|
|000008c0| 02 e7 19 06 10 0a b6 02 e9 19 06 b6 02 ec 13 02 |................|
|000008d0| ee 19 07 b6 02 f1 b6 02 f5 9a 00 06 a7 ff f2 2c |...............,|
|000008e0| b6 02 f8 84 03 01 a7 ff 6e 3a 0b 19 08 c3 19 0b |........n:......|
|000008f0| bf 3a 06 19 06 3a 05 19 06 bf 3a 0c 19 04 c6 00 |.:...:....:.....|
|00000900| 21 19 05 c6 00 17 19 04 b6 02 fb a7 00 14 3a 0d |!.............:.|
|00000910| 19 05 19 0d b6 02 fe a7 00 08 19 04 b6 02 fb 19 |................|
|00000920| 0c bf 3a 04 b2 02 dd 13 03 00 06 bd 00 04 59 03 |..:...........Y.|
|00000930| 2a 53 59 04 2b 53 59 05 19 04 53 b9 03 04 03 00 |*SY.+SY...S.....|
|00000940| a7 fe de 00 06 00 42 00 4b 00 4e 00 5a 00 36 00 |......B.K.N.Z.6.|
|00000950| d0 00 cb 00 00 00 13 00 d3 00 d3 01 75 00 e8 00 |............u...|
|00000960| ed 00 f0 01 75 00 13 00 de 00 dc 00 00 00 02 01 |....u...........|
|00000970| 04 01 04 02 9f 00 04 03 2e 00 00 00 70 00 0b 00 |............p...|
|00000980| 50 00 0a 02 35 01 aa 00 09 00 68 00 60 03 05 00 |P...5.....h.`...|
|00000990| 25 00 09 00 8d 00 3b 03 06 00 ad 00 0a 00 1a 00 |%.....;.........|
|000009a0| b9 03 07 03 08 00 06 00 2f 00 a4 03 09 03 0a 00 |......../.......|
|000009b0| 07 00 10 00 f4 03 0b 03 0c 00 04 01 06 00 1c 02 |................|
|000009c0| 35 03 0d 00 04 00 02 01 20 03 0e 03 0f 00 03 00 |5....... .......|
|000009d0| 00 01 25 01 ab 00 ad 00 00 00 00 01 25 01 a3 01 |..%.........%...|
|000009e0| a4 00 01 00 00 01 25 01 a5 01 a6 00 02 03 31 00 |......%.......1.|
|000009f0| 00 00 0c 00 01 00 68 00 60 03 05 01 d4 00 09 03 |......h.`.......|
|00000a00| 2f 00 00 00 76 00 1d 00 00 00 6e 00 02 00 6f 00 |/...v.....n...o.|
|00000a10| 13 00 70 00 1a 00 71 00 2f 00 73 00 36 00 75 00 |..p...q./.s.6.u.|
|00000a20| 42 00 77 00 4b 00 78 00 4e 00 79 00 50 00 7a 00 |B.w.K.x.N.y.P.z.|
|00000a30| 5a 00 7d 00 68 00 7f 00 6a 00 80 00 74 00 81 00 |Z.}.h...j...t...|
|00000a40| 79 00 82 00 88 00 7f 00 8d 00 86 00 9a 00 87 00 |y...............|
|00000a50| a4 00 88 00 ab 00 89 00 b0 00 8b 00 c1 00 8e 00 |................|
|00000a60| c5 00 8f 00 c8 00 90 00 cb 00 91 00 d3 00 6f 00 |..............o.|
|00000a70| dc 00 92 01 06 00 93 01 22 00 95 03 30 00 00 00 |........"...0...|
|00000a80| ac 00 0d 00 ff 00 35 00 09 07 00 76 07 01 3f 07 |......5....v..?.|
|00000a90| 01 4d 01 07 02 a1 07 01 75 07 02 bc 07 02 ae 07 |.M......u.......|
|00000aa0| 00 04 00 00 57 07 00 5a 0b fd 00 55 07 01 6f 07 |....W..Z...U..o.|
|00000ab0| 00 76 10 ff 00 09 00 09 07 00 76 07 01 3f 07 01 |.v........v..?..|
|00000ac0| 4d 01 07 02 a1 07 01 75 07 02 bc 07 02 ae 07 00 |M......u........|
|00000ad0| 04 00 01 07 01 75 ff 00 07 00 06 07 00 76 07 01 |.....u.......v..|
|00000ae0| 3f 07 01 4d 01 07 02 a1 07 01 75 00 01 07 01 75 |?..M......u....u|
|00000af0| 48 07 01 75 ff 00 13 00 0d 07 00 76 07 01 3f 07 |H..u.......v..?.|
|00000b00| 01 4d 01 07 02 a1 07 01 75 00 00 00 00 00 00 07 |.M......u.......|
|00000b10| 01 75 00 01 07 01 75 0b 04 ff 00 02 00 04 07 00 |.u....u.........|
|00000b20| 76 07 01 3f 07 01 4d 01 00 01 07 02 9f 10 0a 02 |v..?..M.........|
|00000b30| cf 02 d0 00 01 03 2d 00 00 00 44 00 04 00 01 00 |......-...D.....|
|00000b40| 00 00 1a bb 03 11 59 2a b9 03 14 01 00 c0 00 76 |......Y*.......v|
|00000b50| 2a b9 03 17 01 00 c0 00 76 b7 03 19 b0 00 00 00 |*.......v.......|
|00000b60| 02 03 2e 00 00 00 0c 00 01 00 00 00 1a 03 1a 03 |................|
|00000b70| 1b 00 00 03 2f 00 00 00 06 00 01 00 00 00 81 10 |..../...........|
|00000b80| 0a 01 5b 01 5c 00 01 03 2d 00 00 00 5d 00 05 00 |..[.\...-...]...|
|00000b90| 01 00 00 00 33 bb 00 0e 59 13 03 1d bb 00 6a 59 |....3...Y.....jY|
|00000ba0| b7 00 6b 2a b9 03 14 01 00 c0 00 76 b6 00 7e 13 |..k*.......v..~.|
|00000bb0| 03 1f b6 00 7e 2a b9 03 17 01 00 c0 00 76 b6 00 |....~*.......v..|
|00000bc0| 7e b6 00 83 b7 03 21 b0 00 00 00 02 03 2e 00 00 |~.....!.........|
|00000bd0| 00 0c 00 01 00 00 00 33 03 1a 03 1b 00 00 03 2f |.......3......./|
|00000be0| 00 00 00 06 00 01 00 00 00 66 00 08 03 22 00 34 |.........f...".4|
|00000bf0| 00 01 03 2d 00 00 00 3b 00 02 00 00 00 00 00 1b |...-...;........|
|00000c00| 12 02 b8 03 28 b3 02 dd 12 02 b8 03 28 b3 01 f8 |....(.......(...|
|00000c10| bb 03 2a 59 b7 03 2b b3 01 50 b1 00 00 00 01 03 |..*Y..+..P......|
|00000c20| 2f 00 00 00 0e 00 03 00 00 00 2d 00 08 00 30 00 |/.........-...0.|
|00000c30| 10 00 32 00 03 03 35 00 00 00 66 00 0a 01 19 00 |..2...5...f.....|
|00000c40| 03 01 1b 01 22 01 24 01 19 00 03 01 1b 01 34 01 |....".$.......4.|
|00000c50| 36 01 19 00 03 01 1b 01 44 01 46 01 19 00 03 01 |6.......D.F.....|
|00000c60| 1b 01 5f 01 60 01 19 00 03 01 78 01 7d 01 78 01 |.._.`.....x.}.x.|
|00000c70| 19 00 03 01 b2 01 b7 01 b8 01 19 00 03 01 c2 01 |................|
|00000c80| c6 01 c7 01 19 00 03 01 c2 02 50 02 51 01 19 00 |..........P.Q...|
|00000c90| 03 01 78 02 91 01 78 01 19 00 03 01 1b 02 d3 02 |..x...x.........|
|00000ca0| d4 03 36 00 00 00 02 00 05 03 37 00 00 00 32 00 |..6.......7...2.|
|00000cb0| 06 00 07 00 00 00 00 00 08 00 09 00 0b 00 0c 06 |................|
|00000cc0| 09 00 0e 00 10 00 11 00 09 00 13 00 15 00 16 00 |................|
|00000cd0| 09 00 18 00 1a 00 1b 00 01 00 1d 00 1f 00 20 00 |.............. .|
|00000ce0| 19 00 00 00 00 00 00 00 00 00 00 00 00 00 00 00 |................|
|00000cf0| 00 00 00 00 00 00 00 00 00 00 00 00 00 00 00 00 |................|
|00000d00| 00 00 00 00 00 00 00 00 00 00 00 00 00 00 00 00 |................|
|00000d10| 00 00 00 00 00 00 00 00 00 00 00 00 00 00 00 00 |................|
|00000d20| 00 00 00 00 00 00 00 00 00 00 00 00 00 00 00 00 |................|
|00000d30| 00 00 00 00 00 00 00 00 00 00 00 00 00 00 00 00 |................|
|00000d40| 00 00 00 00 00 00 00 00 00 00 00 00 00 00 00 00 |................|
|00000d50| 00 00 00 00 00 00 00 00 00 00 00 00 00 00 00 00 |................|
|00000d60| 00 00 00 00 00 00 00 00 00 00 00 00 00 00 00 00 |................|
|00000d70| 00 00 00 00 00 00 00 00 00 00 00 00 00 00 00 00 |................|
|00000d80| 00 00 00 00 00 00 00 00 00 00 00 00 00 00 00 00 |................|
|00000d90| 00 00 00 00 00 00 00 00 00 00 00 00 00 00 00 00 |................|
|00000da0| 00 00 00 00 00 00 00 00 00 00 00 00 00 00 00 00 |................|
|00000db0| 00 00 00 00 00 00 00 00 00 00 00 00 00 00 00 00 |................|
|00000dc0| 00 00 00 00 00 00 00 00 00 00 00 00 00 00 00 00 |................|
|00000dd0| 00 00 00 00 00 00 00 00 00 00 00 00 00 00 00 00 |................|
|00000de0| 00 00 00 00 00 00 00 00 00 00 00 00 00 00 00 00 |................|
|00000df0| 00 00 00 00 00 00 00 00 00 00 00 00 00 00 00 00 |................|
|00000e00| 00 00 00 00 00 00 00 00 00 00 00 00 00 00 00 00 |................|
|00000e10| 00 00 00 00 00 00 00 00 00 00 00 00 00 00 00 00 |................|
|00000e20| 00 00 00 00 00 00 00 00 00 00 00 00 00 00 00 00 |................|
|00000e30| 00 00 00 00 00 00 00 00 00 00 00 00 00 00 00 00 |................|
|00000e40| 00 00 00 00 00 00 00 00 00 00 00 00 00 00 00 00 |................|
|00000e50| 00 00 00 00 00 00 00 00 00 00 00 00 00 00 00 00 |................|
|00000e60| 00 00 00 00 00 00 00 00 00 00 00 00 00 00 00 00 |................|
|00000e70| 00 00 00 00 00 00 00 00 00 00 00 00 00 00 00 00 |................|
|00000e80| 00 00 00 00 00 00 00 00 00 00 00 00 00 00 00 00 |................|
|00000e90| 00 00 00 00 00 00 00 00 00 00 00 00 00 00 00 00 |................|
|00000ea0| 00 00 00 00 00 00 00 00 00 00 00 00 00 00 00 00 |................|
|00000eb0| 00 00 00 00 00 00 00 00 00 00 00 00 00 00 00 00 |................|
|00000ec0| 00 00 00 00 00 00 00 00 00 00 00 00 00 00 00 00 |................|
|00000ed0| 00 00 00 00 00 00 00 00 00 00 00 00 00 00 00 00 |................|
|00000ee0| 00 00 00 00 00 00 00 00 00 00 00 00 00 00 00 00 |................|
|00000ef0| 00 00 00 00 00 00 00 00 00 00 00 00 00 00 00 00 |................|
|00000f00| 00 00 00 00 00 00 00 00 00 00 00 00 00 00 00 00 |................|
|00000f10| 00 00 00 00 00 00 00 00 00 00 00 00 00 00 00 00 |................|
|00000f20| 00 00 00 00 00 00 00 00 00 00 00 00 00 00 00 00 |................|
|00000f30| 00 00 00 00 00 00 00 00 00 00 00 00 00 00 00 00 |................|
|00000f40| 00 00 00 00 00 00 00 00 00 00 00 00 00 00 00 00 |................|
|00000f50| 00 00 00 00 00 00 00 00 00 00 00 00 00 00 00 00 |................|
|00000f60| 00 00 00 00 00 00 00 00 00 00 00 00 00 00 00 00 |................|
|00000f70| 00 00 00 00 00 00 00 00 00 00 00 00 00 00 00 00 |................|
|00000f80| 00 00 00 00 00 00 00 00 00 00 00 00 00 00 00 00 |................|
|00000f90| 00 00 00 00 00 00 00 00 00 00 00 00 00 00 00 00 |................|
|00000fa0| 00 00 00 00 00 00 00 00 00 00 00 00 00 00 00 00 |................|
|00000fb0| 00 00 00 00 00 00 00 00 00 00 00 00 00 00 00 00 |................|
|00000fc0| 00 00 00 00 00 00 00 00 00 00 00 00 00 00 00 00 |................|
|00000fd0| 00 00 00 00 00 00 00 00 00 00 00 00 00 00 00 00 |................|
|00000fe0| 00 00 00 00 00 00 00 00 00 00 00 00 00 00 00 00 |................|
|00000ff0| 00 00 00 00 00 00 00 00 00 00 00 00 00 00 00 00 |................|
|00001000| 00 00 00 00 00 00 00 00 00 00 00 00 00 00 00 00 |................|
|00001010| 00 00 00 00 00 00 00 00 00 00 00 00 00 00 00 00 |................|
|00001020| 00 00 00 00 00 00 00 00 00 00 00 00 00 00 00 00 |................|
|00001030| 00 00 00 00 00 00 00 00 00 00 00 00 00 00 00 00 |................|
|00001040| 00 00 00 00 00 00 00 00 00 00 00 00 00 00 00 00 |................|
|00001050| 00 00 00 00 00 00 00 00 00 00 00 00 00 00 00 00 |................|
|00001060| 00 00 00 00 00 00 00 00 00 00 00 00 00 00 00 00 |................|
|00001070| 00 00 00 00 00 00 00 00 00 00 00 00 00 00 00 00 |................|
|00001080| 00 00 00 00 00 00 00 00 00 00 00 00 00 00 00 00 |................|
|00001090| 00 00 00 00 00 00 00 00 00 00 00 00 00 00 00 00 |................|
|000010a0| 00 00 00 00 00 00 00 00 00 00 00 00 00 00 00 00 |................|
|000010b0| 00 00 00 00 00 00 00 00 00 00 00 00 00 00 00 00 |................|
|000010c0| 00 00 00 00 00 00 00 00 00 00 00 00 00 00 00 00 |................|
|000010d0| 00 00 00 00 00 00 00 00 00 00 00 00 00 00 00 00 |................|
|000010e0| 00 00 00 00 00 00 00 00 00 00 00 00 00 00 00 00 |................|
|000010f0| 00 00 00 00 00 00 00 00 00 00 00 00 00 00 00 00 |................|
|00001100| 00 00 00 00 00 00 00 00 00 00 00 00 00 00 00 00 |................|
|00001110| 00 00 00 00 00 00 00 00 00 00 00 00 00 00 00 00 |................|
|00001120| 00 00 00 00 00 00 00 00 00 00 00 00 00 00 00 00 |................|
|00001130| 00 00 00 00 00 00 00 00 00 00 00 00 00 00 00 00 |................|
|00001140| 00 00 00 00 00 00 00 00 00 00 00 00 00 00 00 00 |................|
|00001150| 00 00 00 00 00 00 00 00 00 00 00 00 00 00 00 00 |................|
|00001160| 00 00 00 00 00 00 00 00 00 00 00 00 00 00 00    |............... |
+--------+-------------------------------------------------+----------------+
14:03:33.556 [main] DEBUG com.github.dockerjava.core.command.AbstrDockerCmd - Cmd: ListImagesCmdImpl[imageNameFilter=<null>,showAll=false,filters=com.github.dockerjava.core.util.FiltersBuilder@0,execution=com.github.dockerjava.netty.exec.ListImagesCmdExec@4c37b5b]
14:03:33.556 [dockerjava-netty-1-10] DEBUG com.github.dockerjava.netty.NettyDockerCmdExecFactory$1 - [id: 0x615d3376, L:/127.0.0.1:52075 - R:localhost/127.0.0.1:52061] READ COMPLETE
14:03:33.557 [Thread-1] DEBUG org.rnorth.tcpunixsocketproxy.ProxyThread - Accepting incoming connection from /127.0.0.1:52076
14:03:33.557 [dockerjava-netty-1-11] DEBUG com.github.dockerjava.netty.NettyDockerCmdExecFactory$1 - [id: 0x7dd16fbe, L:/127.0.0.1:52076 - R:localhost/127.0.0.1:52061] WRITE, DefaultFullHttpRequest(decodeResult: success, version: HTTP/1.1, content: UnpooledByteBufAllocator$InstrumentedUnpooledUnsafeHeapByteBuf(ridx: 0, widx: 0, cap: 0))
GET /images/json HTTP/1.1
host: 
connection: keep-alive
accept-encoding: gzip
accept: application/json, 0B
14:03:33.558 [dockerjava-netty-1-11] DEBUG com.github.dockerjava.netty.NettyDockerCmdExecFactory$1 - [id: 0x7dd16fbe, L:/127.0.0.1:52076 - R:localhost/127.0.0.1:52061] FLUSH
14:03:33.586 [dockerjava-netty-1-11] DEBUG com.github.dockerjava.netty.NettyDockerCmdExecFactory$1 - [id: 0x7dd16fbe, L:/127.0.0.1:52076 - R:localhost/127.0.0.1:52061] READ: DefaultHttpResponse(decodeResult: success, version: HTTP/1.1)
HTTP/1.1 200 OK
Api-Version: 1.37
Content-Type: application/json
Date: Thu, 24 May 2018 12:03:22 GMT
Docker-Experimental: true
Ostype: linux
Server: Docker/18.03.1-ce (linux)
Transfer-Encoding: chunked
14:03:33.587 [dockerjava-netty-1-11] DEBUG com.github.dockerjava.netty.NettyDockerCmdExecFactory$1 - [id: 0x7dd16fbe, L:/127.0.0.1:52076 - R:localhost/127.0.0.1:52061] READ: DefaultHttpContent(data: PooledSlicedByteBuf(ridx: 0, widx: 807, cap: 807/807, unwrapped: PooledUnsafeDirectByteBuf(ridx: 1024, widx: 1024, cap: 1024)), decoderResult: success), 807B
         +-------------------------------------------------+
         |  0  1  2  3  4  5  6  7  8  9  a  b  c  d  e  f |
+--------+-------------------------------------------------+----------------+
|00000000| 5b 7b 22 43 6f 6e 74 61 69 6e 65 72 73 22 3a 2d |[{"Containers":-|
|00000010| 31 2c 22 43 72 65 61 74 65 64 22 3a 31 35 31 39 |1,"Created":1519|
|00000020| 36 35 34 38 34 39 2c 22 49 64 22 3a 22 73 68 61 |654849,"Id":"sha|
|00000030| 32 35 36 3a 61 34 66 64 65 31 38 37 31 33 63 35 |256:a4fde18713c5|
|00000040| 37 32 63 32 38 31 37 66 37 65 35 61 34 61 31 32 |72c2817f7e5a4a12|
|00000050| 35 38 38 37 37 66 66 64 31 30 36 35 65 65 61 38 |58877ffd1065eea8|
|00000060| 38 65 35 63 35 63 62 37 38 32 63 32 66 61 64 63 |8e5c5cb782c2fadc|
|00000070| 39 36 36 36 22 2c 22 4c 61 62 65 6c 73 22 3a 6e |9666","Labels":n|
|00000080| 75 6c 6c 2c 22 50 61 72 65 6e 74 49 64 22 3a 22 |ull,"ParentId":"|
|00000090| 73 68 61 32 35 36 3a 35 62 34 31 62 39 37 36 39 |sha256:5b41b9769|
|000000a0| 33 63 35 33 39 31 62 39 36 39 66 33 39 33 34 39 |3c5391b969f39349|
|000000b0| 35 30 30 36 62 37 35 31 33 34 63 34 39 61 30 35 |5006b75134c49a05|
|000000c0| 31 37 39 62 30 34 34 33 62 31 61 65 34 30 38 61 |179b0443b1ae408a|
|000000d0| 37 32 35 63 35 34 66 22 2c 22 52 65 70 6f 44 69 |725c54f","RepoDi|
|000000e0| 67 65 73 74 73 22 3a 6e 75 6c 6c 2c 22 52 65 70 |gests":null,"Rep|
|000000f0| 6f 54 61 67 73 22 3a 5b 22 70 6f 73 74 67 72 65 |oTags":["postgre|
|00000100| 73 2d 68 6f 74 65 6c 64 62 3a 6c 61 74 65 73 74 |s-hoteldb:latest|
|00000110| 22 5d 2c 22 53 68 61 72 65 64 53 69 7a 65 22 3a |"],"SharedSize":|
|00000120| 2d 31 2c 22 53 69 7a 65 22 3a 32 38 38 30 38 35 |-1,"Size":288085|
|00000130| 39 37 34 2c 22 56 69 72 74 75 61 6c 53 69 7a 65 |974,"VirtualSize|
|00000140| 22 3a 32 38 38 30 38 35 39 37 34 7d 2c 7b 22 43 |":288085974},{"C|
|00000150| 6f 6e 74 61 69 6e 65 72 73 22 3a 2d 31 2c 22 43 |ontainers":-1,"C|
|00000160| 72 65 61 74 65 64 22 3a 31 35 31 39 36 35 34 35 |reated":15196545|
|00000170| 30 38 2c 22 49 64 22 3a 22 73 68 61 32 35 36 3a |08,"Id":"sha256:|
|00000180| 36 61 31 61 63 63 63 63 33 66 37 39 35 64 39 31 |6a1acccc3f795d91|
|00000190| 37 37 64 61 30 64 38 65 30 66 30 37 65 32 37 36 |77da0d8e0f07e276|
|000001a0| 30 35 37 65 38 33 31 34 63 33 34 62 34 35 61 63 |057e8314c34b45ac|
|000001b0| 62 38 38 61 64 35 62 34 33 31 34 38 61 35 63 32 |b88ad5b43148a5c2|
|000001c0| 22 2c 22 4c 61 62 65 6c 73 22 3a 6e 75 6c 6c 2c |","Labels":null,|
|000001d0| 22 50 61 72 65 6e 74 49 64 22 3a 22 73 68 61 32 |"ParentId":"sha2|
|000001e0| 35 36 3a 62 34 62 61 63 65 64 66 36 36 32 66 32 |56:b4bacedf662f2|
|000001f0| 30 65 39 65 34 65 34 30 31 32 32 35 32 66 34 36 |0e9e4e4012252f46|
|00000200| 31 35 63 61 33 62 63 39 62 66 38 32 34 34 37 33 |15ca3bc9bf824473|
|00000210| 34 64 63 66 63 35 37 65 66 66 39 39 39 34 30 62 |4dcfc57eff99940b|
|00000220| 64 35 64 22 2c 22 52 65 70 6f 44 69 67 65 73 74 |d5d","RepoDigest|
|00000230| 73 22 3a 5b 22 3c 6e 6f 6e 65 3e 40 3c 6e 6f 6e |s":["<none>@<non|
|00000240| 65 3e 22 5d 2c 22 52 65 70 6f 54 61 67 73 22 3a |e>"],"RepoTags":|
|00000250| 5b 22 3c 6e 6f 6e 65 3e 3a 3c 6e 6f 6e 65 3e 22 |["<none>:<none>"|
|00000260| 5d 2c 22 53 68 61 72 65 64 53 69 7a 65 22 3a 2d |],"SharedSize":-|
|00000270| 31 2c 22 53 69 7a 65 22 3a 32 38 38 30 38 35 39 |1,"Size":2880859|
|00000280| 37 34 2c 22 56 69 72 74 75 61 6c 53 69 7a 65 22 |74,"VirtualSize"|
|00000290| 3a 32 38 38 30 38 35 39 37 34 7d 2c 7b 22 43 6f |:288085974},{"Co|
|000002a0| 6e 74 61 69 6e 65 72 73 22 3a 2d 31 2c 22 43 72 |ntainers":-1,"Cr|
|000002b0| 65 61 74 65 64 22 3a 31 35 31 39 36 35 34 33 33 |eated":151965433|
|000002c0| 35 2c 22 49 64 22 3a 22 73 68 61 32 35 36 3a 30 |5,"Id":"sha256:0|
|000002d0| 64 31 38 33 32 33 33 30 61 30 35 32 62 32 34 35 |d1832330a052b245|
|000002e0| 30 62 66 65 31 34 66 35 61 34 38 39 38 33 38 38 |0bfe14f5a4898388|
|000002f0| 62 35 62 61 65 64 63 32 33 61 38 39 37 30 34 33 |b5baedc23a897043|
|00000300| 32 30 38 65 62 65 61 31 35 62 33 39 38 34 33 22 |208ebea15b39843"|
|00000310| 2c 22 4c 61 62 65 6c 73 22 3a 6e 75 6c 6c 2c 22 |,"Labels":null,"|
|00000320| 50 61 72 65 6e 74 49                            |ParentI         |
+--------+-------------------------------------------------+----------------+
14:03:33.587 [dockerjava-netty-1-11] DEBUG com.github.dockerjava.netty.NettyDockerCmdExecFactory$1 - [id: 0x7dd16fbe, L:/127.0.0.1:52076 - R:localhost/127.0.0.1:52061] READ: DefaultHttpContent(data: PooledSlicedByteBuf(ridx: 0, widx: 1024, cap: 1024/1024, unwrapped: PooledUnsafeDirectByteBuf(ridx: 1024, widx: 1024, cap: 1024)), decoderResult: success), 1024B
         +-------------------------------------------------+
         |  0  1  2  3  4  5  6  7  8  9  a  b  c  d  e  f |
+--------+-------------------------------------------------+----------------+
|00000000| 64 22 3a 22 73 68 61 32 35 36 3a 32 62 36 66 32 |d":"sha256:2b6f2|
|00000010| 34 64 35 66 63 64 36 66 34 36 33 38 34 64 33 33 |4d5fcd6f46384d33|
|00000020| 33 62 36 66 63 38 65 35 35 39 62 62 66 38 31 35 |3b6fc8e559bbf815|
|00000030| 37 30 61 38 38 31 31 37 34 65 64 65 61 65 62 65 |70a881174edeaebe|
|00000040| 66 62 33 63 36 62 61 37 62 65 64 22 2c 22 52 65 |fb3c6ba7bed","Re|
|00000050| 70 6f 44 69 67 65 73 74 73 22 3a 5b 22 3c 6e 6f |poDigests":["<no|
|00000060| 6e 65 3e 40 3c 6e 6f 6e 65 3e 22 5d 2c 22 52 65 |ne>@<none>"],"Re|
|00000070| 70 6f 54 61 67 73 22 3a 5b 22 3c 6e 6f 6e 65 3e |poTags":["<none>|
|00000080| 3a 3c 6e 6f 6e 65 3e 22 5d 2c 22 53 68 61 72 65 |:<none>"],"Share|
|00000090| 64 53 69 7a 65 22 3a 2d 31 2c 22 53 69 7a 65 22 |dSize":-1,"Size"|
|000000a0| 3a 32 38 38 30 38 32 30 31 33 2c 22 56 69 72 74 |:288082013,"Virt|
|000000b0| 75 61 6c 53 69 7a 65 22 3a 32 38 38 30 38 32 30 |ualSize":2880820|
|000000c0| 31 33 7d 2c 7b 22 43 6f 6e 74 61 69 6e 65 72 73 |13},{"Containers|
|000000d0| 22 3a 2d 31 2c 22 43 72 65 61 74 65 64 22 3a 31 |":-1,"Created":1|
|000000e0| 35 31 39 36 35 34 30 39 35 2c 22 49 64 22 3a 22 |519654095,"Id":"|
|000000f0| 73 68 61 32 35 36 3a 65 31 33 63 35 64 63 62 34 |sha256:e13c5dcb4|
|00000100| 35 65 30 39 31 34 62 32 38 39 61 32 38 36 39 61 |5e0914b289a2869a|
|00000110| 37 30 66 37 31 64 63 32 61 63 33 30 61 39 36 33 |70f71dc2ac30a963|
|00000120| 65 38 35 30 66 38 35 65 62 36 34 62 35 34 38 63 |e850f85eb64b548c|
|00000130| 31 61 61 38 39 33 39 22 2c 22 4c 61 62 65 6c 73 |1aa8939","Labels|
|00000140| 22 3a 6e 75 6c 6c 2c 22 50 61 72 65 6e 74 49 64 |":null,"ParentId|
|00000150| 22 3a 22 73 68 61 32 35 36 3a 66 35 65 66 32 36 |":"sha256:f5ef26|
|00000160| 30 38 62 36 63 39 62 31 39 64 39 66 39 66 34 61 |08b6c9b19d9f9f4a|
|00000170| 61 35 36 39 36 64 64 39 61 35 31 31 37 39 65 39 |a5696dd9a51179e9|
|00000180| 62 32 36 36 62 33 33 62 62 36 34 65 30 65 33 33 |b266b33bb64e0e33|
|00000190| 61 64 30 37 30 30 66 31 64 37 22 2c 22 52 65 70 |ad0700f1d7","Rep|
|000001a0| 6f 44 69 67 65 73 74 73 22 3a 5b 22 3c 6e 6f 6e |oDigests":["<non|
|000001b0| 65 3e 40 3c 6e 6f 6e 65 3e 22 5d 2c 22 52 65 70 |e>@<none>"],"Rep|
|000001c0| 6f 54 61 67 73 22 3a 5b 22 3c 6e 6f 6e 65 3e 3a |oTags":["<none>:|
|000001d0| 3c 6e 6f 6e 65 3e 22 5d 2c 22 53 68 61 72 65 64 |<none>"],"Shared|
|000001e0| 53 69 7a 65 22 3a 2d 31 2c 22 53 69 7a 65 22 3a |Size":-1,"Size":|
|000001f0| 31 33 33 33 30 35 36 37 32 2c 22 56 69 72 74 75 |133305672,"Virtu|
|00000200| 61 6c 53 69 7a 65 22 3a 31 33 33 33 30 35 36 37 |alSize":13330567|
|00000210| 32 7d 2c 7b 22 43 6f 6e 74 61 69 6e 65 72 73 22 |2},{"Containers"|
|00000220| 3a 2d 31 2c 22 43 72 65 61 74 65 64 22 3a 31 35 |:-1,"Created":15|
|00000230| 31 39 35 38 33 38 31 30 2c 22 49 64 22 3a 22 73 |19583810,"Id":"s|
|00000240| 68 61 32 35 36 3a 65 36 66 33 66 61 66 62 35 64 |ha256:e6f3fafb5d|
|00000250| 33 32 66 39 62 62 32 65 65 34 37 64 36 35 62 36 |32f9bb2ee47d65b6|
|00000260| 65 36 36 64 39 36 61 31 31 30 30 37 38 31 39 34 |e66d96a110078194|
|00000270| 64 37 34 65 34 62 62 31 64 65 62 64 62 65 66 66 |d74e4bb1debdbeff|
|00000280| 34 36 35 38 33 39 22 2c 22 4c 61 62 65 6c 73 22 |465839","Labels"|
|00000290| 3a 6e 75 6c 6c 2c 22 50 61 72 65 6e 74 49 64 22 |:null,"ParentId"|
|000002a0| 3a 22 73 68 61 32 35 36 3a 36 34 31 34 32 30 38 |:"sha256:6414208|
|000002b0| 63 36 32 64 63 32 36 36 32 63 31 63 62 65 63 61 |c62dc2662c1cbeca|
|000002c0| 34 66 37 62 63 63 35 31 33 64 37 31 61 33 62 32 |4f7bcc513d71a3b2|
|000002d0| 31 38 31 38 33 34 62 30 32 35 33 33 32 36 38 63 |181834b02533268c|
|000002e0| 36 63 61 37 31 36 39 34 31 22 2c 22 52 65 70 6f |6ca716941","Repo|
|000002f0| 44 69 67 65 73 74 73 22 3a 5b 22 3c 6e 6f 6e 65 |Digests":["<none|
|00000300| 3e 40 3c 6e 6f 6e 65 3e 22 5d 2c 22 52 65 70 6f |>@<none>"],"Repo|
|00000310| 54 61 67 73 22 3a 5b 22 3c 6e 6f 6e 65 3e 3a 3c |Tags":["<none>:<|
|00000320| 6e 6f 6e 65 3e 22 5d 2c 22 53 68 61 72 65 64 53 |none>"],"SharedS|
|00000330| 69 7a 65 22 3a 2d 31 2c 22 53 69 7a 65 22 3a 32 |ize":-1,"Size":2|
|00000340| 38 38 30 38 32 30 31 35 2c 22 56 69 72 74 75 61 |88082015,"Virtua|
|00000350| 6c 53 69 7a 65 22 3a 32 38 38 30 38 32 30 31 35 |lSize":288082015|
|00000360| 7d 2c 7b 22 43 6f 6e 74 61 69 6e 65 72 73 22 3a |},{"Containers":|
|00000370| 2d 31 2c 22 43 72 65 61 74 65 64 22 3a 31 35 31 |-1,"Created":151|
|00000380| 38 36 36 30 30 36 34 2c 22 49 64 22 3a 22 73 68 |8660064,"Id":"sh|
|00000390| 61 32 35 36 3a 31 62 33 65 63 39 64 39 37 37 66 |a256:1b3ec9d977f|
|000003a0| 62 34 31 33 36 32 37 61 63 61 36 32 34 34 62 32 |b413627aca6244b2|
|000003b0| 37 35 33 38 30 31 33 39 30 35 31 36 37 64 62 32 |7538013905167db2|
|000003c0| 35 37 30 32 61 35 30 30 34 37 34 36 31 36 61 63 |5702a500474616ac|
|000003d0| 32 65 33 63 38 22 2c 22 4c 61 62 65 6c 73 22 3a |2e3c8","Labels":|
|000003e0| 6e 75 6c 6c 2c 22 50 61 72 65 6e 74 49 64 22 3a |null,"ParentId":|
|000003f0| 22 22 2c 22 52 65 70 6f 44 69 67 65 73 74 73 22 |"","RepoDigests"|
+--------+-------------------------------------------------+----------------+
14:03:33.587 [dockerjava-netty-1-11] DEBUG com.github.dockerjava.netty.NettyDockerCmdExecFactory$1 - [id: 0x7dd16fbe, L:/127.0.0.1:52076 - R:localhost/127.0.0.1:52061] READ: DefaultHttpContent(data: PooledSlicedByteBuf(ridx: 0, widx: 1024, cap: 1024/1024, unwrapped: PooledUnsafeDirectByteBuf(ridx: 1024, widx: 1024, cap: 1024)), decoderResult: success), 1024B
         +-------------------------------------------------+
         |  0  1  2  3  4  5  6  7  8  9  a  b  c  d  e  f |
+--------+-------------------------------------------------+----------------+
|00000000| 3a 5b 22 64 65 62 69 61 6e 40 73 68 61 32 35 36 |:["debian@sha256|
|00000010| 3a 34 66 63 64 38 63 30 62 36 66 35 65 33 62 64 |:4fcd8c0b6f5e3bd|
|00000020| 34 34 61 33 65 36 33 62 65 32 35 39 66 64 30 63 |44a3e63be259fd0c|
|00000030| 30 33 38 34 37 36 64 34 33 32 39 35 33 64 34 34 |038476d432953d44|
|00000040| 39 65 66 33 34 61 65 64 66 31 36 64 65 66 33 33 |9ef34aedf16def33|
|00000050| 31 22 5d 2c 22 52 65 70 6f 54 61 67 73 22 3a 5b |1"],"RepoTags":[|
|00000060| 22 64 65 62 69 61 6e 3a 73 74 72 65 74 63 68 22 |"debian:stretch"|
|00000070| 5d 2c 22 53 68 61 72 65 64 53 69 7a 65 22 3a 2d |],"SharedSize":-|
|00000080| 31 2c 22 53 69 7a 65 22 3a 31 30 30 31 32 34 30 |1,"Size":1001240|
|00000090| 38 33 2c 22 56 69 72 74 75 61 6c 53 69 7a 65 22 |83,"VirtualSize"|
|000000a0| 3a 31 30 30 31 32 34 30 38 33 7d 2c 7b 22 43 6f |:100124083},{"Co|
|000000b0| 6e 74 61 69 6e 65 72 73 22 3a 2d 31 2c 22 43 72 |ntainers":-1,"Cr|
|000000c0| 65 61 74 65 64 22 3a 31 35 31 36 30 38 37 38 31 |eated":151608781|
|000000d0| 36 2c 22 49 64 22 3a 22 73 68 61 32 35 36 3a 61 |6,"Id":"sha256:a|
|000000e0| 32 37 32 38 33 33 33 38 66 31 62 61 39 30 63 38 |27283338f1ba90c8|
|000000f0| 32 37 30 35 66 35 33 62 32 64 65 63 36 37 65 38 |2705f53b2dec67e8|
|00000100| 38 31 30 37 61 65 65 61 38 64 64 38 36 65 30 30 |8107aeea8dd86e00|
|00000110| 36 39 65 37 65 65 30 65 38 36 64 64 64 34 36 22 |69e7ee0e86ddd46"|
|00000120| 2c 22 4c 61 62 65 6c 73 22 3a 6e 75 6c 6c 2c 22 |,"Labels":null,"|
|00000130| 50 61 72 65 6e 74 49 64 22 3a 22 22 2c 22 52 65 |ParentId":"","Re|
|00000140| 70 6f 44 69 67 65 73 74 73 22 3a 5b 22 62 73 69 |poDigests":["bsi|
|00000150| 64 65 75 70 2f 6d 6f 62 79 2d 72 79 75 6b 40 73 |deup/moby-ryuk@s|
|00000160| 68 61 32 35 36 3a 34 35 33 65 66 31 32 64 62 64 |ha256:453ef12dbd|
|00000170| 61 31 34 35 62 61 66 37 37 63 34 37 31 63 61 35 |a145baf77c471ca5|
|00000180| 65 63 62 35 33 36 35 66 31 34 61 66 63 62 64 30 |ecb5365f14afcbd0|
|00000190| 33 38 66 33 66 66 65 33 36 64 39 33 39 39 35 63 |38f3ffe36d93995c|
|000001a0| 32 64 35 32 63 38 22 5d 2c 22 52 65 70 6f 54 61 |2d52c8"],"RepoTa|
|000001b0| 67 73 22 3a 5b 22 62 73 69 64 65 75 70 2f 6d 6f |gs":["bsideup/mo|
|000001c0| 62 79 2d 72 79 75 6b 3a 30 2e 32 2e 32 22 5d 2c |by-ryuk:0.2.2"],|
|000001d0| 22 53 68 61 72 65 64 53 69 7a 65 22 3a 2d 31 2c |"SharedSize":-1,|
|000001e0| 22 53 69 7a 65 22 3a 39 33 30 36 35 35 30 2c 22 |"Size":9306550,"|
|000001f0| 56 69 72 74 75 61 6c 53 69 7a 65 22 3a 39 33 30 |VirtualSize":930|
|00000200| 36 35 35 30 7d 2c 7b 22 43 6f 6e 74 61 69 6e 65 |6550},{"Containe|
|00000210| 72 73 22 3a 2d 31 2c 22 43 72 65 61 74 65 64 22 |rs":-1,"Created"|
|00000220| 3a 31 35 30 38 39 37 33 36 37 33 2c 22 49 64 22 |:1508973673,"Id"|
|00000230| 3a 22 73 68 61 32 35 36 3a 64 64 66 64 34 38 37 |:"sha256:ddfd487|
|00000240| 30 37 37 62 34 33 65 31 66 65 65 39 36 31 65 66 |077b43e1fee961ef|
|00000250| 34 38 36 31 36 32 35 38 62 33 30 39 31 62 65 34 |48616258b3091be4|
|00000260| 66 37 35 37 38 38 37 30 65 34 35 36 38 39 36 33 |f7578870e4568963|
|00000270| 33 31 37 32 39 33 64 66 36 22 2c 22 4c 61 62 65 |317293df6","Labe|
|00000280| 6c 73 22 3a 6e 75 6c 6c 2c 22 50 61 72 65 6e 74 |ls":null,"Parent|
|00000290| 49 64 22 3a 22 22 2c 22 52 65 70 6f 44 69 67 65 |Id":"","RepoDige|
|000002a0| 73 74 73 22 3a 5b 22 61 6c 70 69 6e 65 40 73 68 |sts":["alpine@sh|
|000002b0| 61 32 35 36 3a 61 61 39 36 63 38 64 63 33 38 31 |a256:aa96c8dc381|
|000002c0| 35 63 34 34 64 34 61 63 65 61 66 31 65 65 37 39 |5c44d4aceaf1ee79|
|000002d0| 30 33 63 65 35 38 37 34 34 66 31 32 32 61 63 62 |03ce58744f122acb|
|000002e0| 37 35 38 61 30 32 66 31 62 30 36 32 63 64 62 38 |758a02f1b062cdb8|
|000002f0| 62 35 64 31 36 22 5d 2c 22 52 65 70 6f 54 61 67 |b5d16"],"RepoTag|
|00000300| 73 22 3a 5b 22 61 6c 70 69 6e 65 3a 33 2e 35 22 |s":["alpine:3.5"|
|00000310| 5d 2c 22 53 68 61 72 65 64 53 69 7a 65 22 3a 2d |],"SharedSize":-|
|00000320| 31 2c 22 53 69 7a 65 22 3a 33 39 39 31 34 32 38 |1,"Size":3991428|
|00000330| 2c 22 56 69 72 74 75 61 6c 53 69 7a 65 22 3a 33 |,"VirtualSize":3|
|00000340| 39 39 31 34 32 38 7d 2c 7b 22 43 6f 6e 74 61 69 |991428},{"Contai|
|00000350| 6e 65 72 73 22 3a 2d 31 2c 22 43 72 65 61 74 65 |ners":-1,"Create|
|00000360| 64 22 3a 31 35 30 38 39 35 38 36 36 38 2c 22 49 |d":1508958668,"I|
|00000370| 64 22 3a 22 73 68 61 32 35 36 3a 31 31 36 31 35 |d":"sha256:11615|
|00000380| 65 32 32 35 63 39 32 34 33 66 38 65 39 30 65 39 |e225c9243f8e90e9|
|00000390| 66 62 37 32 64 63 33 64 36 36 39 30 37 30 61 33 |fb72dc3d669070a3|
|000003a0| 36 36 33 39 38 37 38 38 63 33 35 30 33 39 38 38 |66398788c3503988|
|000003b0| 33 61 64 64 62 33 30 38 63 35 31 22 2c 22 4c 61 |3addb308c51","La|
|000003c0| 62 65 6c 73 22 3a 6e 75 6c 6c 2c 22 50 61 72 65 |bels":null,"Pare|
|000003d0| 6e 74 49 64 22 3a 22 22 2c 22 52 65 70 6f 44 69 |ntId":"","RepoDi|
|000003e0| 67 65 73 74 73 22 3a 5b 22 6d 79 73 71 6c 40 73 |gests":["mysql@s|
|000003f0| 68 61 32 35 36 3a 39 65 64 37 36 66 39 39 30 66 |ha256:9ed76f990f|
+--------+-------------------------------------------------+----------------+
14:03:33.588 [dockerjava-netty-1-11] DEBUG com.github.dockerjava.netty.NettyDockerCmdExecFactory$1 - [id: 0x7dd16fbe, L:/127.0.0.1:52076 - R:localhost/127.0.0.1:52061] READ: DefaultHttpContent(data: PooledSlicedByteBuf(ridx: 0, widx: 1024, cap: 1024/1024, unwrapped: PooledUnsafeDirectByteBuf(ridx: 1024, widx: 1024, cap: 1024)), decoderResult: success), 1024B
         +-------------------------------------------------+
         |  0  1  2  3  4  5  6  7  8  9  a  b  c  d  e  f |
+--------+-------------------------------------------------+----------------+
|00000000| 66 34 65 36 39 39 36 38 32 37 31 34 38 62 38 32 |f4e6996827148b82|
|00000010| 39 62 66 38 32 33 65 39 36 33 38 38 64 61 34 30 |9bf823e96388da40|
|00000020| 30 39 66 31 62 38 62 66 38 64 30 31 36 39 31 63 |09f1b8bf8d01691c|
|00000030| 61 39 33 31 31 33 22 5d 2c 22 52 65 70 6f 54 61 |a93113"],"RepoTa|
|00000040| 67 73 22 3a 5b 22 6d 79 73 71 6c 3a 6c 61 74 65 |gs":["mysql:late|
|00000050| 73 74 22 5d 2c 22 53 68 61 72 65 64 53 69 7a 65 |st"],"SharedSize|
|00000060| 22 3a 2d 31 2c 22 53 69 7a 65 22 3a 34 30 38 31 |":-1,"Size":4081|
|00000070| 37 37 34 32 33 2c 22 56 69 72 74 75 61 6c 53 69 |77423,"VirtualSi|
|00000080| 7a 65 22 3a 34 30 38 31 37 37 34 32 33 7d 2c 7b |ze":408177423},{|
|00000090| 22 43 6f 6e 74 61 69 6e 65 72 73 22 3a 2d 31 2c |"Containers":-1,|
|000000a0| 22 43 72 65 61 74 65 64 22 3a 31 35 30 37 38 34 |"Created":150784|
|000000b0| 35 37 39 36 2c 22 49 64 22 3a 22 73 68 61 32 35 |5796,"Id":"sha25|
|000000c0| 36 3a 62 31 30 36 64 35 61 30 64 63 37 35 66 33 |6:b106d5a0dc75f3|
|000000d0| 33 30 63 65 65 39 61 31 63 39 36 38 31 63 61 36 |30cee9a1c9681ca6|
|000000e0| 37 34 38 34 36 32 33 35 63 30 34 63 38 63 30 38 |74846235c04c8c08|
|000000f0| 34 63 35 63 39 64 65 37 35 36 36 39 39 30 64 36 |4c5c9de7566990d6|
|00000100| 33 35 22 2c 22 4c 61 62 65 6c 73 22 3a 6e 75 6c |35","Labels":nul|
|00000110| 6c 2c 22 50 61 72 65 6e 74 49 64 22 3a 22 22 2c |l,"ParentId":"",|
|00000120| 22 52 65 70 6f 44 69 67 65 73 74 73 22 3a 5b 22 |"RepoDigests":["|
|00000130| 70 6f 73 74 67 72 65 73 40 73 68 61 32 35 36 3a |postgres@sha256:|
|00000140| 37 33 61 31 63 34 65 39 38 66 62 39 36 31 62 62 |73a1c4e98fb961bb|
|00000150| 34 61 35 63 35 35 61 64 36 34 32 38 34 37 30 61 |4a5c55ad6428470a|
|00000160| 33 33 30 33 62 64 33 39 36 36 61 62 63 34 34 32 |3303bd3966abc442|
|00000170| 66 65 39 33 37 38 31 34 66 36 62 62 63 30 30 32 |fe937814f6bbc002|
|00000180| 22 5d 2c 22 52 65 70 6f 54 61 67 73 22 3a 5b 22 |"],"RepoTags":["|
|00000190| 70 6f 73 74 67 72 65 73 3a 6c 61 74 65 73 74 22 |postgres:latest"|
|000001a0| 5d 2c 22 53 68 61 72 65 64 53 69 7a 65 22 3a 2d |],"SharedSize":-|
|000001b0| 31 2c 22 53 69 7a 65 22 3a 32 38 37 31 38 39 35 |1,"Size":2871895|
|000001c0| 34 39 2c 22 56 69 72 74 75 61 6c 53 69 7a 65 22 |49,"VirtualSize"|
|000001d0| 3a 32 38 37 31 38 39 35 34 39 7d 2c 7b 22 43 6f |:287189549},{"Co|
|000001e0| 6e 74 61 69 6e 65 72 73 22 3a 2d 31 2c 22 43 72 |ntainers":-1,"Cr|
|000001f0| 65 61 74 65 64 22 3a 31 34 38 34 33 34 37 38 35 |eated":148434785|
|00000200| 36 2c 22 49 64 22 3a 22 73 68 61 32 35 36 3a 34 |6,"Id":"sha256:4|
|00000210| 38 62 35 31 32 34 62 32 37 36 38 64 32 62 39 31 |8b5124b2768d2b91|
|00000220| 37 65 64 63 62 36 34 30 34 33 35 30 34 34 61 39 |7edcb640435044a9|
|00000230| 37 39 36 37 30 31 35 34 38 35 65 38 31 32 35 34 |7967015485e81254|
|00000240| 35 35 34 36 63 62 65 64 35 63 66 30 32 33 33 22 |5546cbed5cf0233"|
|00000250| 2c 22 4c 61 62 65 6c 73 22 3a 7b 7d 2c 22 50 61 |,"Labels":{},"Pa|
|00000260| 72 65 6e 74 49 64 22 3a 22 22 2c 22 52 65 70 6f |rentId":"","Repo|
|00000270| 44 69 67 65 73 74 73 22 3a 5b 22 68 65 6c 6c 6f |Digests":["hello|
|00000280| 2d 77 6f 72 6c 64 40 73 68 61 32 35 36 3a 63 35 |-world@sha256:c5|
|00000290| 35 31 35 37 35 38 64 34 63 35 65 31 65 38 33 38 |515758d4c5e1e838|
|000002a0| 65 39 63 64 33 30 37 66 36 63 36 61 30 64 36 32 |e9cd307f6c6a0d62|
|000002b0| 30 62 35 65 30 37 65 36 66 39 32 37 62 30 37 64 |0b5e07e6f927b07d|
|000002c0| 30 35 66 36 64 31 32 61 31 61 63 38 64 37 22 5d |05f6d12a1ac8d7"]|
|000002d0| 2c 22 52 65 70 6f 54 61 67 73 22 3a 5b 22 68 65 |,"RepoTags":["he|
|000002e0| 6c 6c 6f 2d 77 6f 72 6c 64 3a 6c 61 74 65 73 74 |llo-world:latest|
|000002f0| 22 5d 2c 22 53 68 61 72 65 64 53 69 7a 65 22 3a |"],"SharedSize":|
|00000300| 2d 31 2c 22 53 69 7a 65 22 3a 31 38 34 30 2c 22 |-1,"Size":1840,"|
|00000310| 56 69 72 74 75 61 6c 53 69 7a 65 22 3a 31 38 34 |VirtualSize":184|
|00000320| 30 7d 2c 7b 22 43 6f 6e 74 61 69 6e 65 72 73 22 |0},{"Containers"|
|00000330| 3a 2d 31 2c 22 43 72 65 61 74 65 64 22 3a 31 34 |:-1,"Created":14|
|00000340| 33 32 35 39 31 34 36 33 2c 22 49 64 22 3a 22 73 |32591463,"Id":"s|
|00000350| 68 61 32 35 36 3a 36 62 33 36 32 61 39 66 37 33 |ha256:6b362a9f73|
|00000360| 65 62 38 63 33 33 62 34 38 63 39 35 66 34 66 63 |eb8c33b48c95f4fc|
|00000370| 63 65 31 62 36 36 33 37 66 63 32 35 36 34 36 37 |ce1b6637fc256467|
|00000380| 32 38 63 66 37 66 62 30 36 37 39 62 32 64 61 32 |28cf7fb0679b2da2|
|00000390| 37 33 63 33 66 34 22 2c 22 4c 61 62 65 6c 73 22 |73c3f4","Labels"|
|000003a0| 3a 7b 7d 2c 22 50 61 72 65 6e 74 49 64 22 3a 22 |:{},"ParentId":"|
|000003b0| 22 2c 22 52 65 70 6f 44 69 67 65 73 74 73 22 3a |","RepoDigests":|
|000003c0| 5b 22 64 6f 63 6b 65 72 2f 77 68 61 6c 65 73 61 |["docker/whalesa|
|000003d0| 79 40 73 68 61 32 35 36 3a 31 37 38 35 39 38 65 |y@sha256:178598e|
|000003e0| 35 31 61 32 36 61 62 62 63 39 35 38 62 38 61 32 |51a26abbc958b8a2|
|000003f0| 65 34 38 38 32 35 63 39 30 62 63 32 32 65 36 34 |e48825c90bc22e64|
+--------+-------------------------------------------------+----------------+
14:03:33.588 [dockerjava-netty-1-11] DEBUG com.github.dockerjava.netty.NettyDockerCmdExecFactory$1 - [id: 0x7dd16fbe, L:/127.0.0.1:52076 - R:localhost/127.0.0.1:52061] READ: DefaultHttpContent(data: PooledSlicedByteBuf(ridx: 0, widx: 125, cap: 125/125, unwrapped: PooledUnsafeDirectByteBuf(ridx: 127, widx: 132, cap: 1024)), decoderResult: success), 125B
         +-------------------------------------------------+
         |  0  1  2  3  4  5  6  7  8  9  a  b  c  d  e  f |
+--------+-------------------------------------------------+----------------+
|00000000| 31 64 65 33 64 33 31 65 31 38 61 61 66 35 35 66 |1de3d31e18aaf55f|
|00000010| 33 32 35 38 62 61 39 33 62 22 5d 2c 22 52 65 70 |3258ba93b"],"Rep|
|00000020| 6f 54 61 67 73 22 3a 5b 22 64 6f 63 6b 65 72 2f |oTags":["docker/|
|00000030| 77 68 61 6c 65 73 61 79 3a 6c 61 74 65 73 74 22 |whalesay:latest"|
|00000040| 5d 2c 22 53 68 61 72 65 64 53 69 7a 65 22 3a 2d |],"SharedSize":-|
|00000050| 31 2c 22 53 69 7a 65 22 3a 32 34 37 30 34 39 30 |1,"Size":2470490|
|00000060| 31 39 2c 22 56 69 72 74 75 61 6c 53 69 7a 65 22 |19,"VirtualSize"|
|00000070| 3a 32 34 37 30 34 39 30 31 39 7d 5d 0a          |:247049019}].   |
+--------+-------------------------------------------------+----------------+
14:03:33.589 [dockerjava-netty-1-11] DEBUG com.github.dockerjava.netty.NettyDockerCmdExecFactory$1 - [id: 0x7dd16fbe, L:/127.0.0.1:52076 - R:localhost/127.0.0.1:52061] READ, EmptyLastHttpContent, 0B
14:03:33.589 [dockerjava-netty-1-11] DEBUG com.github.dockerjava.netty.NettyDockerCmdExecFactory$1 - [id: 0x7dd16fbe, L:/127.0.0.1:52076 - R:localhost/127.0.0.1:52061] CLOSE
14:03:33.589 [dockerjava-netty-1-11] DEBUG com.github.dockerjava.netty.NettyDockerCmdExecFactory$1 - [id: 0x7dd16fbe, L:/127.0.0.1:52076 ! R:localhost/127.0.0.1:52061] READ COMPLETE
14:03:33.589 [dockerjava-netty-1-11] DEBUG com.github.dockerjava.netty.NettyDockerCmdExecFactory$1 - [id: 0x7dd16fbe, L:/127.0.0.1:52076 ! R:localhost/127.0.0.1:52061] INACTIVE
14:03:33.589 [dockerjava-netty-1-11] DEBUG com.github.dockerjava.netty.NettyDockerCmdExecFactory$1 - [id: 0x7dd16fbe, L:/127.0.0.1:52076 ! R:localhost/127.0.0.1:52061] UNREGISTERED
14:03:33.593 [main] DEBUG 🐳 [postgres-hoteldb:latest] - 
+ Profiler [Rule creation - prefetch image]
|---+ Profiler [Obtaining client]
    |-- Subtotal           [Obtaining client]     0.017 milliseconds.
|-- elapsed time       [Obtaining client]     0.017 milliseconds.
|-- elapsed time     [Check local images]    33.986 milliseconds.
|-- Total        [Rule creation - prefetch image]    34.538 milliseconds.

14:03:33.610 [main] DEBUG org.springframework.test.context.BootstrapUtils - Instantiating CacheAwareContextLoaderDelegate from class [org.springframework.test.context.cache.DefaultCacheAwareContextLoaderDelegate]
14:03:33.610 [main] DEBUG org.springframework.test.context.BootstrapUtils - Instantiating BootstrapContext using constructor [public org.springframework.test.context.support.DefaultBootstrapContext(java.lang.Class,org.springframework.test.context.CacheAwareContextLoaderDelegate)]
14:03:33.611 [main] DEBUG org.springframework.test.context.BootstrapUtils - Instantiating TestContextBootstrapper for test class [com.bk.hotel.repo.ITCustomerJUnit5Repo] from class [org.springframework.test.context.support.DefaultTestContextBootstrapper]
14:03:33.616 [main] DEBUG org.springframework.test.context.support.AbstractDelegatingSmartContextLoader - Delegating to AnnotationConfigContextLoader to process context configuration [ContextConfigurationAttributes@4275c20c declaringClass = 'com.bk.hotel.repo.ITCustomerJUnit5Repo', classes = '{class com.bk.hotel.HotelApplication}', locations = '{}', inheritLocations = true, initializers = '{class com.bk.hotel.repo.ITCustomerJUnit5Repo$Initializer}', inheritInitializers = true, name = [null], contextLoaderClass = 'org.springframework.test.context.ContextLoader'].
14:03:33.618 [main] DEBUG org.springframework.test.context.support.ActiveProfilesUtils - Could not find an 'annotation declaring class' for annotation type [org.springframework.test.context.ActiveProfiles] and class [com.bk.hotel.repo.ITCustomerJUnit5Repo]
14:03:33.618 [main] DEBUG org.springframework.test.context.support.DefaultTestContextBootstrapper - @TestExecutionListeners is not present for class [com.bk.hotel.repo.ITCustomerJUnit5Repo]: using defaults.
14:03:33.618 [main] INFO org.springframework.test.context.support.DefaultTestContextBootstrapper - Loaded default TestExecutionListener class names from location [META-INF/spring.factories]: [org.springframework.boot.test.mock.mockito.MockitoTestExecutionListener, org.springframework.boot.test.mock.mockito.ResetMocksTestExecutionListener, org.springframework.boot.test.autoconfigure.restdocs.RestDocsTestExecutionListener, org.springframework.boot.test.autoconfigure.web.client.MockRestServiceServerResetTestExecutionListener, org.springframework.boot.test.autoconfigure.web.servlet.MockMvcPrintOnlyOnFailureTestExecutionListener, org.springframework.boot.test.autoconfigure.web.servlet.WebDriverTestExecutionListener, org.springframework.test.context.web.ServletTestExecutionListener, org.springframework.test.context.support.DirtiesContextBeforeModesTestExecutionListener, org.springframework.test.context.support.DependencyInjectionTestExecutionListener, org.springframework.test.context.support.DirtiesContextTestExecutionListener, org.springframework.test.context.transaction.TransactionalTestExecutionListener, org.springframework.test.context.jdbc.SqlScriptsTestExecutionListener]
14:03:33.619 [main] INFO org.springframework.test.context.support.DefaultTestContextBootstrapper - Using TestExecutionListeners: [org.springframework.test.context.web.ServletTestExecutionListener@7c56e013, org.springframework.test.context.support.DirtiesContextBeforeModesTestExecutionListener@3fc9dfc5, org.springframework.boot.test.mock.mockito.MockitoTestExecutionListener@40258c2f, org.springframework.test.context.support.DependencyInjectionTestExecutionListener@2cac4385, org.springframework.test.context.support.DirtiesContextTestExecutionListener@6731787b, org.springframework.test.context.transaction.TransactionalTestExecutionListener@16f7b4af, org.springframework.test.context.jdbc.SqlScriptsTestExecutionListener@7adf16aa, org.springframework.boot.test.mock.mockito.ResetMocksTestExecutionListener@34a1d21f, org.springframework.boot.test.autoconfigure.restdocs.RestDocsTestExecutionListener@58bf8650, org.springframework.boot.test.autoconfigure.web.client.MockRestServiceServerResetTestExecutionListener@73c60324, org.springframework.boot.test.autoconfigure.web.servlet.MockMvcPrintOnlyOnFailureTestExecutionListener@71ae31b0, org.springframework.boot.test.autoconfigure.web.servlet.WebDriverTestExecutionListener@4ba534b0]
14:03:33.619 [main] DEBUG org.springframework.test.context.support.AbstractDirtiesContextTestExecutionListener - Before test class: context [DefaultTestContext@6f0ca692 testClass = ITCustomerJUnit5Repo, testInstance = [null], testMethod = [null], testException = [null], mergedContextConfiguration = [MergedContextConfiguration@2c104774 testClass = ITCustomerJUnit5Repo, locations = '{}', classes = '{class com.bk.hotel.HotelApplication}', contextInitializerClasses = '[class com.bk.hotel.repo.ITCustomerJUnit5Repo$Initializer]', activeProfiles = '{}', propertySourceLocations = '{}', propertySourceProperties = '{}', contextCustomizers = set[org.springframework.boot.test.context.filter.ExcludeFilterContextCustomizer@3967e60c, org.springframework.boot.test.json.DuplicateJsonObjectContextCustomizerFactory$DuplicateJsonObjectContextCustomizer@7c0c77c7, org.springframework.boot.test.mock.mockito.MockitoContextCustomizer@dccdf49, org.springframework.boot.test.autoconfigure.properties.PropertyMappingContextCustomizer@0, org.springframework.boot.test.autoconfigure.web.servlet.WebDriverContextCustomizerFactory$Customizer@353d0772], contextLoader = 'org.springframework.test.context.support.DelegatingSmartContextLoader', parent = [null]], attributes = map[[empty]]], class annotated with @DirtiesContext [true] with mode [BEFORE_EACH_TEST_METHOD].
14:03:33.621 [main] DEBUG 🐳 [postgres-hoteldb:latest] - Starting container: postgres-hoteldb:latest
14:03:33.621 [main] DEBUG 🐳 [postgres-hoteldb:latest] - Trying to start container: postgres-hoteldb:latest
14:03:33.621 [main] DEBUG 🐳 [postgres-hoteldb:latest] - Trying to start container: postgres-hoteldb:latest (attempt 1/1)
14:03:33.621 [main] DEBUG 🐳 [postgres-hoteldb:latest] - Starting container: postgres-hoteldb:latest
14:03:33.621 [main] INFO 🐳 [postgres-hoteldb:latest] - Creating container for image: postgres-hoteldb:latest
14:03:33.627 [main] DEBUG com.github.dockerjava.core.command.AbstrDockerCmd - Cmd: com.github.dockerjava.core.command.CreateContainerCmdImpl@74e47444[name=<null>,hostName=<null>,domainName=<null>,user=<null>,attachStdin=<null>,attachStdout=<null>,attachStderr=<null>,portSpecs=<null>,tty=<null>,stdinOpen=<null>,stdInOnce=<null>,env={POSTGRES_USER=test,POSTGRES_PASSWORD=test,POSTGRES_DB=test},cmd={postgres},entrypoint=<null>,image=postgres-hoteldb:latest,volumes=com.github.dockerjava.api.model.Volumes@9bd0fa6,workingDir=<null>,macAddress=<null>,networkDisabled=<null>,exposedPorts=com.github.dockerjava.api.model.ExposedPorts@59d2103b,stopSignal=<null>,hostConfig=com.github.dockerjava.api.model.HostConfig@39dcf4b0[binds=com.github.dockerjava.api.model.Binds@6e4de19b,blkioWeight=<null>,blkioWeightDevice=<null>,blkioDeviceReadBps=<null>,blkioDeviceReadIOps=<null>,blkioDeviceWriteBps=<null>,blkioDeviceWriteIOps=<null>,memorySwappiness=<null>,capAdd=<null>,capDrop=<null>,containerIDFile=<null>,cpuPeriod=<null>,cpuShares=<null>,cpuQuota=<null>,cpusetCpus=<null>,cpusetMems=<null>,devices=<null>,dns=<null>,dnsSearch=<null>,extraHosts={},links=com.github.dockerjava.api.model.Links@f6c03cb,logConfig=<null>,lxcConf=<null>,memory=<null>,memorySwap=<null>,memoryReservation=<null>,kernelMemory=<null>,networkMode=<null>,oomKillDisable=<null>,oomScoreAdj=<null>,portBindings={},privileged=<null>,publishAllPorts=true,readonlyRootfs=<null>,restartPolicy=<null>,ulimits=<null>,volumesFrom={},pidMode=<null>,securityOpts=<null>,cgroupParent=<null>,volumeDriver=<null>,shmSize=<null>,pidsLimit=<null>],labels={org.testcontainers=true, org.testcontainers.sessionId=f6cf843c-7040-42b8-b7b7-70cb792f44df},networkingConfig=<null>,ipv4Address=<null>,ipv6Address=<null>,aliases=<null>,execution=com.github.dockerjava.netty.exec.CreateContainerCmdExec@18518ccf]
14:03:33.628 [Thread-1] DEBUG org.rnorth.tcpunixsocketproxy.ProxyThread - Accepting incoming connection from /127.0.0.1:52077
14:03:33.635 [dockerjava-netty-1-12] DEBUG com.github.dockerjava.netty.NettyDockerCmdExecFactory$1 - [id: 0x3e2f5778, L:/127.0.0.1:52077 - R:localhost/127.0.0.1:52061] WRITE: DefaultFullHttpRequest(decodeResult: success, version: HTTP/1.1, content: UnpooledByteBufAllocator$InstrumentedUnpooledUnsafeHeapByteBuf(ridx: 0, widx: 391, cap: 512))
POST /containers/create HTTP/1.1
content-type: application/json
content-length: 391
host: 
connection: keep-alive
accept-encoding: gzip
accept: application/json, 391B
         +-------------------------------------------------+
         |  0  1  2  3  4  5  6  7  8  9  a  b  c  d  e  f |
+--------+-------------------------------------------------+----------------+
|00000000| 7b 22 45 6e 76 22 3a 5b 22 50 4f 53 54 47 52 45 |{"Env":["POSTGRE|
|00000010| 53 5f 55 53 45 52 3d 74 65 73 74 22 2c 22 50 4f |S_USER=test","PO|
|00000020| 53 54 47 52 45 53 5f 50 41 53 53 57 4f 52 44 3d |STGRES_PASSWORD=|
|00000030| 74 65 73 74 22 2c 22 50 4f 53 54 47 52 45 53 5f |test","POSTGRES_|
|00000040| 44 42 3d 74 65 73 74 22 5d 2c 22 43 6d 64 22 3a |DB=test"],"Cmd":|
|00000050| 5b 22 70 6f 73 74 67 72 65 73 22 5d 2c 22 49 6d |["postgres"],"Im|
|00000060| 61 67 65 22 3a 22 70 6f 73 74 67 72 65 73 2d 68 |age":"postgres-h|
|00000070| 6f 74 65 6c 64 62 3a 6c 61 74 65 73 74 22 2c 22 |oteldb:latest","|
|00000080| 56 6f 6c 75 6d 65 73 22 3a 7b 7d 2c 22 45 78 70 |Volumes":{},"Exp|
|00000090| 6f 73 65 64 50 6f 72 74 73 22 3a 7b 22 35 34 33 |osedPorts":{"543|
|000000a0| 32 2f 74 63 70 22 3a 7b 7d 7d 2c 22 48 6f 73 74 |2/tcp":{}},"Host|
|000000b0| 43 6f 6e 66 69 67 22 3a 7b 22 42 69 6e 64 73 22 |Config":{"Binds"|
|000000c0| 3a 5b 5d 2c 22 45 78 74 72 61 48 6f 73 74 73 22 |:[],"ExtraHosts"|
|000000d0| 3a 5b 5d 2c 22 4c 69 6e 6b 73 22 3a 5b 5d 2c 22 |:[],"Links":[],"|
|000000e0| 50 6f 72 74 42 69 6e 64 69 6e 67 73 22 3a 7b 7d |PortBindings":{}|
|000000f0| 2c 22 50 75 62 6c 69 73 68 41 6c 6c 50 6f 72 74 |,"PublishAllPort|
|00000100| 73 22 3a 74 72 75 65 2c 22 56 6f 6c 75 6d 65 73 |s":true,"Volumes|
|00000110| 46 72 6f 6d 22 3a 5b 5d 7d 2c 22 4c 61 62 65 6c |From":[]},"Label|
|00000120| 73 22 3a 7b 22 6f 72 67 2e 74 65 73 74 63 6f 6e |s":{"org.testcon|
|00000130| 74 61 69 6e 65 72 73 22 3a 22 74 72 75 65 22 2c |tainers":"true",|
|00000140| 22 6f 72 67 2e 74 65 73 74 63 6f 6e 74 61 69 6e |"org.testcontain|
|00000150| 65 72 73 2e 73 65 73 73 69 6f 6e 49 64 22 3a 22 |ers.sessionId":"|
|00000160| 66 36 63 66 38 34 33 63 2d 37 30 34 30 2d 34 32 |f6cf843c-7040-42|
|00000170| 62 38 2d 62 37 62 37 2d 37 30 63 62 37 39 32 66 |b8-b7b7-70cb792f|
|00000180| 34 34 64 66 22 7d 7d                            |44df"}}         |
+--------+-------------------------------------------------+----------------+
14:03:33.636 [dockerjava-netty-1-12] DEBUG com.github.dockerjava.netty.NettyDockerCmdExecFactory$1 - [id: 0x3e2f5778, L:/127.0.0.1:52077 - R:localhost/127.0.0.1:52061] FLUSH
14:03:33.787 [dockerjava-netty-1-10] DEBUG com.github.dockerjava.netty.NettyDockerCmdExecFactory$1 - [id: 0x615d3376, L:/127.0.0.1:52075 - R:localhost/127.0.0.1:52061] READ, EmptyLastHttpContent, 0B
14:03:33.787 [dockerjava-netty-1-10] DEBUG com.github.dockerjava.netty.NettyDockerCmdExecFactory$1 - [id: 0x615d3376, L:/127.0.0.1:52075 - R:localhost/127.0.0.1:52061] CLOSE
14:03:33.788 [dockerjava-netty-1-10] DEBUG com.github.dockerjava.netty.NettyDockerCmdExecFactory$1 - [id: 0x615d3376, L:/127.0.0.1:52075 ! R:localhost/127.0.0.1:52061] READ COMPLETE
14:03:33.788 [dockerjava-netty-1-10] DEBUG com.github.dockerjava.netty.NettyDockerCmdExecFactory$1 - [id: 0x615d3376, L:/127.0.0.1:52075 ! R:localhost/127.0.0.1:52061] INACTIVE
14:03:33.788 [dockerjava-netty-1-10] DEBUG com.github.dockerjava.netty.NettyDockerCmdExecFactory$1 - [id: 0x615d3376, L:/127.0.0.1:52075 ! R:localhost/127.0.0.1:52061] UNREGISTERED
14:03:33.796 [dockerjava-netty-1-12] DEBUG com.github.dockerjava.netty.NettyDockerCmdExecFactory$1 - [id: 0x3e2f5778, L:/127.0.0.1:52077 - R:localhost/127.0.0.1:52061] READ: DefaultHttpResponse(decodeResult: success, version: HTTP/1.1)
HTTP/1.1 201 Created
Api-Version: 1.37
Content-Length: 90
Content-Type: application/json
Date: Thu, 24 May 2018 12:03:22 GMT
Docker-Experimental: true
Ostype: linux
Server: Docker/18.03.1-ce (linux)
14:03:33.797 [dockerjava-netty-1-12] DEBUG com.github.dockerjava.netty.NettyDockerCmdExecFactory$1 - [id: 0x3e2f5778, L:/127.0.0.1:52077 - R:localhost/127.0.0.1:52061] READ: DefaultLastHttpContent(data: PooledSlicedByteBuf(ridx: 0, widx: 90, cap: 90/90, unwrapped: PooledUnsafeDirectByteBuf(ridx: 299, widx: 299, cap: 1024)), decoderResult: success), 90B
         +-------------------------------------------------+
         |  0  1  2  3  4  5  6  7  8  9  a  b  c  d  e  f |
+--------+-------------------------------------------------+----------------+
|00000000| 7b 22 49 64 22 3a 22 64 61 65 35 30 66 63 37 30 |{"Id":"dae50fc70|
|00000010| 66 64 66 63 32 39 34 36 66 39 63 31 36 32 62 35 |fdfc2946f9c162b5|
|00000020| 61 65 31 33 39 30 31 38 33 61 63 36 38 62 39 36 |ae1390183ac68b96|
|00000030| 61 30 61 30 62 36 35 31 33 32 35 39 62 33 31 30 |a0a0b6513259b310|
|00000040| 39 37 61 30 61 39 38 22 2c 22 57 61 72 6e 69 6e |97a0a98","Warnin|
|00000050| 67 73 22 3a 6e 75 6c 6c 7d 0a                   |gs":null}.      |
+--------+-------------------------------------------------+----------------+
14:03:33.797 [dockerjava-netty-1-12] DEBUG com.github.dockerjava.netty.NettyDockerCmdExecFactory$1 - [id: 0x3e2f5778, L:/127.0.0.1:52077 - R:localhost/127.0.0.1:52061] CLOSE
14:03:33.797 [dockerjava-netty-1-12] DEBUG com.github.dockerjava.netty.NettyDockerCmdExecFactory$1 - [id: 0x3e2f5778, L:/127.0.0.1:52077 ! R:localhost/127.0.0.1:52061] READ COMPLETE
14:03:33.797 [dockerjava-netty-1-12] DEBUG com.github.dockerjava.netty.NettyDockerCmdExecFactory$1 - [id: 0x3e2f5778, L:/127.0.0.1:52077 ! R:localhost/127.0.0.1:52061] INACTIVE
14:03:33.797 [main] INFO 🐳 [postgres-hoteldb:latest] - Starting container with ID: dae50fc70fdfc2946f9c162b5ae1390183ac68b96a0a0b6513259b31097a0a98
14:03:33.797 [dockerjava-netty-1-12] DEBUG com.github.dockerjava.netty.NettyDockerCmdExecFactory$1 - [id: 0x3e2f5778, L:/127.0.0.1:52077 ! R:localhost/127.0.0.1:52061] UNREGISTERED
14:03:33.797 [main] DEBUG com.github.dockerjava.core.command.AbstrDockerCmd - Cmd: dae50fc70fdfc2946f9c162b5ae1390183ac68b96a0a0b6513259b31097a0a98,com.github.dockerjava.netty.exec.StartContainerCmdExec@659eef7
14:03:33.798 [Thread-1] DEBUG org.rnorth.tcpunixsocketproxy.ProxyThread - Accepting incoming connection from /127.0.0.1:52078
14:03:33.799 [dockerjava-netty-1-13] DEBUG com.github.dockerjava.netty.NettyDockerCmdExecFactory$1 - [id: 0xccc1d275, L:/127.0.0.1:52078 - R:localhost/127.0.0.1:52061] WRITE: DefaultFullHttpRequest(decodeResult: success, version: HTTP/1.1, content: UnpooledByteBufAllocator$InstrumentedUnpooledUnsafeHeapByteBuf(ridx: 0, widx: 2, cap: 64))
POST /containers/dae50fc70fdfc2946f9c162b5ae1390183ac68b96a0a0b6513259b31097a0a98/start HTTP/1.1
content-type: application/json
content-length: 2
host: 
connection: keep-alive
accept-encoding: gzip
accept: application/json, 2B
         +-------------------------------------------------+
         |  0  1  2  3  4  5  6  7  8  9  a  b  c  d  e  f |
+--------+-------------------------------------------------+----------------+
|00000000| 7b 7d                                           |{}              |
+--------+-------------------------------------------------+----------------+
14:03:33.800 [dockerjava-netty-1-13] DEBUG com.github.dockerjava.netty.NettyDockerCmdExecFactory$1 - [id: 0xccc1d275, L:/127.0.0.1:52078 - R:localhost/127.0.0.1:52061] FLUSH
14:03:34.174 [dockerjava-netty-1-13] DEBUG com.github.dockerjava.netty.NettyDockerCmdExecFactory$1 - [id: 0xccc1d275, L:/127.0.0.1:52078 - R:localhost/127.0.0.1:52061] READ: DefaultHttpResponse(decodeResult: success, version: HTTP/1.1)
HTTP/1.1 204 No Content
Api-Version: 1.37
Date: Thu, 24 May 2018 12:03:23 GMT
Docker-Experimental: true
Ostype: linux
Server: Docker/18.03.1-ce (linux)
14:03:34.174 [dockerjava-netty-1-13] DEBUG com.github.dockerjava.netty.NettyDockerCmdExecFactory$1 - [id: 0xccc1d275, L:/127.0.0.1:52078 - R:localhost/127.0.0.1:52061] READ, EmptyLastHttpContent, 0B
14:03:34.174 [dockerjava-netty-1-13] DEBUG com.github.dockerjava.netty.NettyDockerCmdExecFactory$1 - [id: 0xccc1d275, L:/127.0.0.1:52078 - R:localhost/127.0.0.1:52061] CLOSE
14:03:34.174 [dockerjava-netty-1-13] DEBUG com.github.dockerjava.netty.NettyDockerCmdExecFactory$1 - [id: 0xccc1d275, L:/127.0.0.1:52078 ! R:localhost/127.0.0.1:52061] READ COMPLETE
14:03:34.174 [dockerjava-netty-1-13] DEBUG com.github.dockerjava.netty.NettyDockerCmdExecFactory$1 - [id: 0xccc1d275, L:/127.0.0.1:52078 ! R:localhost/127.0.0.1:52061] INACTIVE
14:03:34.174 [dockerjava-netty-1-13] DEBUG com.github.dockerjava.netty.NettyDockerCmdExecFactory$1 - [id: 0xccc1d275, L:/127.0.0.1:52078 ! R:localhost/127.0.0.1:52061] UNREGISTERED
14:03:34.175 [main] INFO 🐳 [postgres-hoteldb:latest] - Container postgres-hoteldb:latest is starting: dae50fc70fdfc2946f9c162b5ae1390183ac68b96a0a0b6513259b31097a0a98
14:03:34.175 [main] DEBUG com.github.dockerjava.core.command.AbstrDockerCmd - Cmd: dae50fc70fdfc2946f9c162b5ae1390183ac68b96a0a0b6513259b31097a0a98,false,com.github.dockerjava.netty.exec.InspectContainerCmdExec@2488b073
14:03:34.175 [main] DEBUG com.github.dockerjava.netty.exec.InspectContainerCmdExec - GET: com.github.dockerjava.netty.WebTarget@c9b9751a
14:03:34.176 [Thread-1] DEBUG org.rnorth.tcpunixsocketproxy.ProxyThread - Accepting incoming connection from /127.0.0.1:52079
14:03:34.176 [dockerjava-netty-1-14] DEBUG com.github.dockerjava.netty.NettyDockerCmdExecFactory$1 - [id: 0xb180fd92, L:/127.0.0.1:52079 - R:localhost/127.0.0.1:52061] WRITE, DefaultFullHttpRequest(decodeResult: success, version: HTTP/1.1, content: UnpooledByteBufAllocator$InstrumentedUnpooledUnsafeHeapByteBuf(ridx: 0, widx: 0, cap: 0))
GET /containers/dae50fc70fdfc2946f9c162b5ae1390183ac68b96a0a0b6513259b31097a0a98/json HTTP/1.1
host: 
connection: keep-alive
accept-encoding: gzip
accept: application/json, 0B
14:03:34.176 [dockerjava-netty-1-14] DEBUG com.github.dockerjava.netty.NettyDockerCmdExecFactory$1 - [id: 0xb180fd92, L:/127.0.0.1:52079 - R:localhost/127.0.0.1:52061] FLUSH
14:03:34.178 [dockerjava-netty-1-14] DEBUG com.github.dockerjava.netty.NettyDockerCmdExecFactory$1 - [id: 0xb180fd92, L:/127.0.0.1:52079 - R:localhost/127.0.0.1:52061] READ: DefaultHttpResponse(decodeResult: success, version: HTTP/1.1)
HTTP/1.1 200 OK
Api-Version: 1.37
Content-Type: application/json
Date: Thu, 24 May 2018 12:03:23 GMT
Docker-Experimental: true
Ostype: linux
Server: Docker/18.03.1-ce (linux)
Transfer-Encoding: chunked
14:03:34.179 [dockerjava-netty-1-14] DEBUG com.github.dockerjava.netty.NettyDockerCmdExecFactory$1 - [id: 0xb180fd92, L:/127.0.0.1:52079 - R:localhost/127.0.0.1:52061] READ: DefaultHttpContent(data: PooledSlicedByteBuf(ridx: 0, widx: 806, cap: 806/806, unwrapped: PooledUnsafeDirectByteBuf(ridx: 1024, widx: 1024, cap: 1024)), decoderResult: success), 806B
         +-------------------------------------------------+
         |  0  1  2  3  4  5  6  7  8  9  a  b  c  d  e  f |
+--------+-------------------------------------------------+----------------+
|00000000| 7b 22 49 64 22 3a 22 64 61 65 35 30 66 63 37 30 |{"Id":"dae50fc70|
|00000010| 66 64 66 63 32 39 34 36 66 39 63 31 36 32 62 35 |fdfc2946f9c162b5|
|00000020| 61 65 31 33 39 30 31 38 33 61 63 36 38 62 39 36 |ae1390183ac68b96|
|00000030| 61 30 61 30 62 36 35 31 33 32 35 39 62 33 31 30 |a0a0b6513259b310|
|00000040| 39 37 61 30 61 39 38 22 2c 22 43 72 65 61 74 65 |97a0a98","Create|
|00000050| 64 22 3a 22 32 30 31 38 2d 30 35 2d 32 34 54 31 |d":"2018-05-24T1|
|00000060| 32 3a 30 33 3a 32 32 2e 37 38 32 31 34 39 37 5a |2:03:22.7821497Z|
|00000070| 22 2c 22 50 61 74 68 22 3a 22 64 6f 63 6b 65 72 |","Path":"docker|
|00000080| 2d 65 6e 74 72 79 70 6f 69 6e 74 2e 73 68 22 2c |-entrypoint.sh",|
|00000090| 22 41 72 67 73 22 3a 5b 22 70 6f 73 74 67 72 65 |"Args":["postgre|
|000000a0| 73 22 5d 2c 22 53 74 61 74 65 22 3a 7b 22 53 74 |s"],"State":{"St|
|000000b0| 61 74 75 73 22 3a 22 72 75 6e 6e 69 6e 67 22 2c |atus":"running",|
|000000c0| 22 52 75 6e 6e 69 6e 67 22 3a 74 72 75 65 2c 22 |"Running":true,"|
|000000d0| 50 61 75 73 65 64 22 3a 66 61 6c 73 65 2c 22 52 |Paused":false,"R|
|000000e0| 65 73 74 61 72 74 69 6e 67 22 3a 66 61 6c 73 65 |estarting":false|
|000000f0| 2c 22 4f 4f 4d 4b 69 6c 6c 65 64 22 3a 66 61 6c |,"OOMKilled":fal|
|00000100| 73 65 2c 22 44 65 61 64 22 3a 66 61 6c 73 65 2c |se,"Dead":false,|
|00000110| 22 50 69 64 22 3a 33 38 35 38 2c 22 45 78 69 74 |"Pid":3858,"Exit|
|00000120| 43 6f 64 65 22 3a 30 2c 22 45 72 72 6f 72 22 3a |Code":0,"Error":|
|00000130| 22 22 2c 22 53 74 61 72 74 65 64 41 74 22 3a 22 |"","StartedAt":"|
|00000140| 32 30 31 38 2d 30 35 2d 32 34 54 31 32 3a 30 33 |2018-05-24T12:03|
|00000150| 3a 32 33 2e 33 31 32 31 39 31 36 5a 22 2c 22 46 |:23.3121916Z","F|
|00000160| 69 6e 69 73 68 65 64 41 74 22 3a 22 30 30 30 31 |inishedAt":"0001|
|00000170| 2d 30 31 2d 30 31 54 30 30 3a 30 30 3a 30 30 5a |-01-01T00:00:00Z|
|00000180| 22 7d 2c 22 49 6d 61 67 65 22 3a 22 73 68 61 32 |"},"Image":"sha2|
|00000190| 35 36 3a 61 34 66 64 65 31 38 37 31 33 63 35 37 |56:a4fde18713c57|
|000001a0| 32 63 32 38 31 37 66 37 65 35 61 34 61 31 32 35 |2c2817f7e5a4a125|
|000001b0| 38 38 37 37 66 66 64 31 30 36 35 65 65 61 38 38 |8877ffd1065eea88|
|000001c0| 65 35 63 35 63 62 37 38 32 63 32 66 61 64 63 39 |e5c5cb782c2fadc9|
|000001d0| 36 36 36 22 2c 22 52 65 73 6f 6c 76 43 6f 6e 66 |666","ResolvConf|
|000001e0| 50 61 74 68 22 3a 22 2f 76 61 72 2f 6c 69 62 2f |Path":"/var/lib/|
|000001f0| 64 6f 63 6b 65 72 2f 63 6f 6e 74 61 69 6e 65 72 |docker/container|
|00000200| 73 2f 64 61 65 35 30 66 63 37 30 66 64 66 63 32 |s/dae50fc70fdfc2|
|00000210| 39 34 36 66 39 63 31 36 32 62 35 61 65 31 33 39 |946f9c162b5ae139|
|00000220| 30 31 38 33 61 63 36 38 62 39 36 61 30 61 30 62 |0183ac68b96a0a0b|
|00000230| 36 35 31 33 32 35 39 62 33 31 30 39 37 61 30 61 |6513259b31097a0a|
|00000240| 39 38 2f 72 65 73 6f 6c 76 2e 63 6f 6e 66 22 2c |98/resolv.conf",|
|00000250| 22 48 6f 73 74 6e 61 6d 65 50 61 74 68 22 3a 22 |"HostnamePath":"|
|00000260| 2f 76 61 72 2f 6c 69 62 2f 64 6f 63 6b 65 72 2f |/var/lib/docker/|
|00000270| 63 6f 6e 74 61 69 6e 65 72 73 2f 64 61 65 35 30 |containers/dae50|
|00000280| 66 63 37 30 66 64 66 63 32 39 34 36 66 39 63 31 |fc70fdfc2946f9c1|
|00000290| 36 32 62 35 61 65 31 33 39 30 31 38 33 61 63 36 |62b5ae1390183ac6|
|000002a0| 38 62 39 36 61 30 61 30 62 36 35 31 33 32 35 39 |8b96a0a0b6513259|
|000002b0| 62 33 31 30 39 37 61 30 61 39 38 2f 68 6f 73 74 |b31097a0a98/host|
|000002c0| 6e 61 6d 65 22 2c 22 48 6f 73 74 73 50 61 74 68 |name","HostsPath|
|000002d0| 22 3a 22 2f 76 61 72 2f 6c 69 62 2f 64 6f 63 6b |":"/var/lib/dock|
|000002e0| 65 72 2f 63 6f 6e 74 61 69 6e 65 72 73 2f 64 61 |er/containers/da|
|000002f0| 65 35 30 66 63 37 30 66 64 66 63 32 39 34 36 66 |e50fc70fdfc2946f|
|00000300| 39 63 31 36 32 62 35 61 65 31 33 39 30 31 38 33 |9c162b5ae1390183|
|00000310| 61 63 36 38 62 39 36 61 30 61 30 62 36 35 31 33 |ac68b96a0a0b6513|
|00000320| 32 35 39 62 33 31                               |259b31          |
+--------+-------------------------------------------------+----------------+
14:03:34.179 [dockerjava-netty-1-14] DEBUG com.github.dockerjava.netty.NettyDockerCmdExecFactory$1 - [id: 0xb180fd92, L:/127.0.0.1:52079 - R:localhost/127.0.0.1:52061] READ: DefaultHttpContent(data: PooledSlicedByteBuf(ridx: 0, widx: 1024, cap: 1024/1024, unwrapped: PooledUnsafeDirectByteBuf(ridx: 1024, widx: 1024, cap: 1024)), decoderResult: success), 1024B
         +-------------------------------------------------+
         |  0  1  2  3  4  5  6  7  8  9  a  b  c  d  e  f |
+--------+-------------------------------------------------+----------------+
|00000000| 30 39 37 61 30 61 39 38 2f 68 6f 73 74 73 22 2c |097a0a98/hosts",|
|00000010| 22 4c 6f 67 50 61 74 68 22 3a 22 2f 76 61 72 2f |"LogPath":"/var/|
|00000020| 6c 69 62 2f 64 6f 63 6b 65 72 2f 63 6f 6e 74 61 |lib/docker/conta|
|00000030| 69 6e 65 72 73 2f 64 61 65 35 30 66 63 37 30 66 |iners/dae50fc70f|
|00000040| 64 66 63 32 39 34 36 66 39 63 31 36 32 62 35 61 |dfc2946f9c162b5a|
|00000050| 65 31 33 39 30 31 38 33 61 63 36 38 62 39 36 61 |e1390183ac68b96a|
|00000060| 30 61 30 62 36 35 31 33 32 35 39 62 33 31 30 39 |0a0b6513259b3109|
|00000070| 37 61 30 61 39 38 2f 64 61 65 35 30 66 63 37 30 |7a0a98/dae50fc70|
|00000080| 66 64 66 63 32 39 34 36 66 39 63 31 36 32 62 35 |fdfc2946f9c162b5|
|00000090| 61 65 31 33 39 30 31 38 33 61 63 36 38 62 39 36 |ae1390183ac68b96|
|000000a0| 61 30 61 30 62 36 35 31 33 32 35 39 62 33 31 30 |a0a0b6513259b310|
|000000b0| 39 37 61 30 61 39 38 2d 6a 73 6f 6e 2e 6c 6f 67 |97a0a98-json.log|
|000000c0| 22 2c 22 4e 61 6d 65 22 3a 22 2f 65 6c 61 73 74 |","Name":"/elast|
|000000d0| 69 63 5f 67 6f 6c 64 62 65 72 67 22 2c 22 52 65 |ic_goldberg","Re|
|000000e0| 73 74 61 72 74 43 6f 75 6e 74 22 3a 30 2c 22 44 |startCount":0,"D|
|000000f0| 72 69 76 65 72 22 3a 22 6f 76 65 72 6c 61 79 32 |river":"overlay2|
|00000100| 22 2c 22 50 6c 61 74 66 6f 72 6d 22 3a 22 6c 69 |","Platform":"li|
|00000110| 6e 75 78 22 2c 22 4d 6f 75 6e 74 4c 61 62 65 6c |nux","MountLabel|
|00000120| 22 3a 22 22 2c 22 50 72 6f 63 65 73 73 4c 61 62 |":"","ProcessLab|
|00000130| 65 6c 22 3a 22 22 2c 22 41 70 70 41 72 6d 6f 72 |el":"","AppArmor|
|00000140| 50 72 6f 66 69 6c 65 22 3a 22 22 2c 22 45 78 65 |Profile":"","Exe|
|00000150| 63 49 44 73 22 3a 6e 75 6c 6c 2c 22 48 6f 73 74 |cIDs":null,"Host|
|00000160| 43 6f 6e 66 69 67 22 3a 7b 22 42 69 6e 64 73 22 |Config":{"Binds"|
|00000170| 3a 5b 5d 2c 22 43 6f 6e 74 61 69 6e 65 72 49 44 |:[],"ContainerID|
|00000180| 46 69 6c 65 22 3a 22 22 2c 22 4c 6f 67 43 6f 6e |File":"","LogCon|
|00000190| 66 69 67 22 3a 7b 22 54 79 70 65 22 3a 22 6a 73 |fig":{"Type":"js|
|000001a0| 6f 6e 2d 66 69 6c 65 22 2c 22 43 6f 6e 66 69 67 |on-file","Config|
|000001b0| 22 3a 7b 7d 7d 2c 22 4e 65 74 77 6f 72 6b 4d 6f |":{}},"NetworkMo|
|000001c0| 64 65 22 3a 22 64 65 66 61 75 6c 74 22 2c 22 50 |de":"default","P|
|000001d0| 6f 72 74 42 69 6e 64 69 6e 67 73 22 3a 7b 7d 2c |ortBindings":{},|
|000001e0| 22 52 65 73 74 61 72 74 50 6f 6c 69 63 79 22 3a |"RestartPolicy":|
|000001f0| 7b 22 4e 61 6d 65 22 3a 22 22 2c 22 4d 61 78 69 |{"Name":"","Maxi|
|00000200| 6d 75 6d 52 65 74 72 79 43 6f 75 6e 74 22 3a 30 |mumRetryCount":0|
|00000210| 7d 2c 22 41 75 74 6f 52 65 6d 6f 76 65 22 3a 66 |},"AutoRemove":f|
|00000220| 61 6c 73 65 2c 22 56 6f 6c 75 6d 65 44 72 69 76 |alse,"VolumeDriv|
|00000230| 65 72 22 3a 22 22 2c 22 56 6f 6c 75 6d 65 73 46 |er":"","VolumesF|
|00000240| 72 6f 6d 22 3a 5b 5d 2c 22 43 61 70 41 64 64 22 |rom":[],"CapAdd"|
|00000250| 3a 6e 75 6c 6c 2c 22 43 61 70 44 72 6f 70 22 3a |:null,"CapDrop":|
|00000260| 6e 75 6c 6c 2c 22 44 6e 73 22 3a 6e 75 6c 6c 2c |null,"Dns":null,|
|00000270| 22 44 6e 73 4f 70 74 69 6f 6e 73 22 3a 6e 75 6c |"DnsOptions":nul|
|00000280| 6c 2c 22 44 6e 73 53 65 61 72 63 68 22 3a 6e 75 |l,"DnsSearch":nu|
|00000290| 6c 6c 2c 22 45 78 74 72 61 48 6f 73 74 73 22 3a |ll,"ExtraHosts":|
|000002a0| 5b 5d 2c 22 47 72 6f 75 70 41 64 64 22 3a 6e 75 |[],"GroupAdd":nu|
|000002b0| 6c 6c 2c 22 49 70 63 4d 6f 64 65 22 3a 22 73 68 |ll,"IpcMode":"sh|
|000002c0| 61 72 65 61 62 6c 65 22 2c 22 43 67 72 6f 75 70 |areable","Cgroup|
|000002d0| 22 3a 22 22 2c 22 4c 69 6e 6b 73 22 3a 6e 75 6c |":"","Links":nul|
|000002e0| 6c 2c 22 4f 6f 6d 53 63 6f 72 65 41 64 6a 22 3a |l,"OomScoreAdj":|
|000002f0| 30 2c 22 50 69 64 4d 6f 64 65 22 3a 22 22 2c 22 |0,"PidMode":"","|
|00000300| 50 72 69 76 69 6c 65 67 65 64 22 3a 66 61 6c 73 |Privileged":fals|
|00000310| 65 2c 22 50 75 62 6c 69 73 68 41 6c 6c 50 6f 72 |e,"PublishAllPor|
|00000320| 74 73 22 3a 74 72 75 65 2c 22 52 65 61 64 6f 6e |ts":true,"Readon|
|00000330| 6c 79 52 6f 6f 74 66 73 22 3a 66 61 6c 73 65 2c |lyRootfs":false,|
|00000340| 22 53 65 63 75 72 69 74 79 4f 70 74 22 3a 6e 75 |"SecurityOpt":nu|
|00000350| 6c 6c 2c 22 55 54 53 4d 6f 64 65 22 3a 22 22 2c |ll,"UTSMode":"",|
|00000360| 22 55 73 65 72 6e 73 4d 6f 64 65 22 3a 22 22 2c |"UsernsMode":"",|
|00000370| 22 53 68 6d 53 69 7a 65 22 3a 36 37 31 30 38 38 |"ShmSize":671088|
|00000380| 36 34 2c 22 52 75 6e 74 69 6d 65 22 3a 22 72 75 |64,"Runtime":"ru|
|00000390| 6e 63 22 2c 22 43 6f 6e 73 6f 6c 65 53 69 7a 65 |nc","ConsoleSize|
|000003a0| 22 3a 5b 30 2c 30 5d 2c 22 49 73 6f 6c 61 74 69 |":[0,0],"Isolati|
|000003b0| 6f 6e 22 3a 22 22 2c 22 43 70 75 53 68 61 72 65 |on":"","CpuShare|
|000003c0| 73 22 3a 30 2c 22 4d 65 6d 6f 72 79 22 3a 30 2c |s":0,"Memory":0,|
|000003d0| 22 4e 61 6e 6f 43 70 75 73 22 3a 30 2c 22 43 67 |"NanoCpus":0,"Cg|
|000003e0| 72 6f 75 70 50 61 72 65 6e 74 22 3a 22 22 2c 22 |roupParent":"","|
|000003f0| 42 6c 6b 69 6f 57 65 69 67 68 74 22 3a 30 2c 22 |BlkioWeight":0,"|
+--------+-------------------------------------------------+----------------+
14:03:34.179 [dockerjava-netty-1-14] DEBUG com.github.dockerjava.netty.NettyDockerCmdExecFactory$1 - [id: 0xb180fd92, L:/127.0.0.1:52079 - R:localhost/127.0.0.1:52061] READ: DefaultHttpContent(data: PooledSlicedByteBuf(ridx: 0, widx: 1024, cap: 1024/1024, unwrapped: PooledUnsafeDirectByteBuf(ridx: 1024, widx: 1024, cap: 1024)), decoderResult: success), 1024B
         +-------------------------------------------------+
         |  0  1  2  3  4  5  6  7  8  9  a  b  c  d  e  f |
+--------+-------------------------------------------------+----------------+
|00000000| 42 6c 6b 69 6f 57 65 69 67 68 74 44 65 76 69 63 |BlkioWeightDevic|
|00000010| 65 22 3a 6e 75 6c 6c 2c 22 42 6c 6b 69 6f 44 65 |e":null,"BlkioDe|
|00000020| 76 69 63 65 52 65 61 64 42 70 73 22 3a 6e 75 6c |viceReadBps":nul|
|00000030| 6c 2c 22 42 6c 6b 69 6f 44 65 76 69 63 65 57 72 |l,"BlkioDeviceWr|
|00000040| 69 74 65 42 70 73 22 3a 6e 75 6c 6c 2c 22 42 6c |iteBps":null,"Bl|
|00000050| 6b 69 6f 44 65 76 69 63 65 52 65 61 64 49 4f 70 |kioDeviceReadIOp|
|00000060| 73 22 3a 6e 75 6c 6c 2c 22 42 6c 6b 69 6f 44 65 |s":null,"BlkioDe|
|00000070| 76 69 63 65 57 72 69 74 65 49 4f 70 73 22 3a 6e |viceWriteIOps":n|
|00000080| 75 6c 6c 2c 22 43 70 75 50 65 72 69 6f 64 22 3a |ull,"CpuPeriod":|
|00000090| 30 2c 22 43 70 75 51 75 6f 74 61 22 3a 30 2c 22 |0,"CpuQuota":0,"|
|000000a0| 43 70 75 52 65 61 6c 74 69 6d 65 50 65 72 69 6f |CpuRealtimePerio|
|000000b0| 64 22 3a 30 2c 22 43 70 75 52 65 61 6c 74 69 6d |d":0,"CpuRealtim|
|000000c0| 65 52 75 6e 74 69 6d 65 22 3a 30 2c 22 43 70 75 |eRuntime":0,"Cpu|
|000000d0| 73 65 74 43 70 75 73 22 3a 22 22 2c 22 43 70 75 |setCpus":"","Cpu|
|000000e0| 73 65 74 4d 65 6d 73 22 3a 22 22 2c 22 44 65 76 |setMems":"","Dev|
|000000f0| 69 63 65 73 22 3a 6e 75 6c 6c 2c 22 44 65 76 69 |ices":null,"Devi|
|00000100| 63 65 43 67 72 6f 75 70 52 75 6c 65 73 22 3a 6e |ceCgroupRules":n|
|00000110| 75 6c 6c 2c 22 44 69 73 6b 51 75 6f 74 61 22 3a |ull,"DiskQuota":|
|00000120| 30 2c 22 4b 65 72 6e 65 6c 4d 65 6d 6f 72 79 22 |0,"KernelMemory"|
|00000130| 3a 30 2c 22 4d 65 6d 6f 72 79 52 65 73 65 72 76 |:0,"MemoryReserv|
|00000140| 61 74 69 6f 6e 22 3a 30 2c 22 4d 65 6d 6f 72 79 |ation":0,"Memory|
|00000150| 53 77 61 70 22 3a 30 2c 22 4d 65 6d 6f 72 79 53 |Swap":0,"MemoryS|
|00000160| 77 61 70 70 69 6e 65 73 73 22 3a 6e 75 6c 6c 2c |wappiness":null,|
|00000170| 22 4f 6f 6d 4b 69 6c 6c 44 69 73 61 62 6c 65 22 |"OomKillDisable"|
|00000180| 3a 66 61 6c 73 65 2c 22 50 69 64 73 4c 69 6d 69 |:false,"PidsLimi|
|00000190| 74 22 3a 30 2c 22 55 6c 69 6d 69 74 73 22 3a 6e |t":0,"Ulimits":n|
|000001a0| 75 6c 6c 2c 22 43 70 75 43 6f 75 6e 74 22 3a 30 |ull,"CpuCount":0|
|000001b0| 2c 22 43 70 75 50 65 72 63 65 6e 74 22 3a 30 2c |,"CpuPercent":0,|
|000001c0| 22 49 4f 4d 61 78 69 6d 75 6d 49 4f 70 73 22 3a |"IOMaximumIOps":|
|000001d0| 30 2c 22 49 4f 4d 61 78 69 6d 75 6d 42 61 6e 64 |0,"IOMaximumBand|
|000001e0| 77 69 64 74 68 22 3a 30 7d 2c 22 47 72 61 70 68 |width":0},"Graph|
|000001f0| 44 72 69 76 65 72 22 3a 7b 22 44 61 74 61 22 3a |Driver":{"Data":|
|00000200| 7b 22 4c 6f 77 65 72 44 69 72 22 3a 22 2f 76 61 |{"LowerDir":"/va|
|00000210| 72 2f 6c 69 62 2f 64 6f 63 6b 65 72 2f 6f 76 65 |r/lib/docker/ove|
|00000220| 72 6c 61 79 32 2f 36 64 63 66 65 34 39 33 31 62 |rlay2/6dcfe4931b|
|00000230| 61 38 33 65 36 37 63 66 35 62 37 64 34 66 62 33 |a83e67cf5b7d4fb3|
|00000240| 32 30 61 32 62 31 62 39 39 30 34 34 33 30 66 65 |20a2b1b9904430fe|
|00000250| 61 32 37 64 61 35 37 65 31 66 38 63 37 65 39 37 |a27da57e1f8c7e97|
|00000260| 35 31 34 63 65 61 2d 69 6e 69 74 2f 64 69 66 66 |514cea-init/diff|
|00000270| 3a 2f 76 61 72 2f 6c 69 62 2f 64 6f 63 6b 65 72 |:/var/lib/docker|
|00000280| 2f 6f 76 65 72 6c 61 79 32 2f 35 38 64 62 30 64 |/overlay2/58db0d|
|00000290| 62 32 32 64 34 34 31 32 33 33 31 38 33 62 35 63 |b22d441233183b5c|
|000002a0| 30 37 30 63 34 30 64 66 62 64 37 66 66 66 66 30 |070c40dfbd7ffff0|
|000002b0| 62 35 32 65 33 34 30 61 64 35 34 33 38 32 63 32 |b52e340ad54382c2|
|000002c0| 61 34 62 35 61 39 39 62 63 39 2f 64 69 66 66 3a |a4b5a99bc9/diff:|
|000002d0| 2f 76 61 72 2f 6c 69 62 2f 64 6f 63 6b 65 72 2f |/var/lib/docker/|
|000002e0| 6f 76 65 72 6c 61 79 32 2f 65 35 66 36 36 39 65 |overlay2/e5f669e|
|000002f0| 36 62 62 39 30 38 34 61 65 37 30 63 61 39 33 62 |6bb9084ae70ca93b|
|00000300| 64 64 31 31 35 65 30 38 30 32 34 36 36 62 37 61 |dd115e0802466b7a|
|00000310| 38 37 62 31 62 64 39 36 33 65 65 33 39 36 30 36 |87b1bd963ee39606|
|00000320| 65 61 62 30 61 36 62 32 65 2f 64 69 66 66 3a 2f |eab0a6b2e/diff:/|
|00000330| 76 61 72 2f 6c 69 62 2f 64 6f 63 6b 65 72 2f 6f |var/lib/docker/o|
|00000340| 76 65 72 6c 61 79 32 2f 61 36 63 65 33 37 61 64 |verlay2/a6ce37ad|
|00000350| 32 63 38 66 39 35 64 61 61 62 36 62 63 35 36 62 |2c8f95daab6bc56b|
|00000360| 61 63 65 39 34 31 65 38 38 39 38 63 36 36 64 32 |ace941e8898c66d2|
|00000370| 62 64 66 32 64 64 64 32 37 33 33 61 35 64 65 39 |bdf2ddd2733a5de9|
|00000380| 34 30 34 66 34 63 65 30 2f 64 69 66 66 3a 2f 76 |404f4ce0/diff:/v|
|00000390| 61 72 2f 6c 69 62 2f 64 6f 63 6b 65 72 2f 6f 76 |ar/lib/docker/ov|
|000003a0| 65 72 6c 61 79 32 2f 33 30 34 62 31 63 37 34 62 |erlay2/304b1c74b|
|000003b0| 38 63 61 30 62 66 37 39 37 64 66 33 30 62 61 34 |8ca0bf797df30ba4|
|000003c0| 35 36 35 37 34 32 61 34 64 34 66 35 62 65 65 62 |565742a4d4f5beeb|
|000003d0| 31 66 36 33 61 31 36 35 30 39 35 61 62 31 38 63 |1f63a165095ab18c|
|000003e0| 30 30 63 32 63 38 66 2f 64 69 66 66 3a 2f 76 61 |00c2c8f/diff:/va|
|000003f0| 72 2f 6c 69 62 2f 64 6f 63 6b 65 72 2f 6f 76 65 |r/lib/docker/ove|
+--------+-------------------------------------------------+----------------+
14:03:34.180 [dockerjava-netty-1-14] DEBUG com.github.dockerjava.netty.NettyDockerCmdExecFactory$1 - [id: 0xb180fd92, L:/127.0.0.1:52079 - R:localhost/127.0.0.1:52061] READ: DefaultHttpContent(data: PooledSlicedByteBuf(ridx: 0, widx: 1024, cap: 1024/1024, unwrapped: PooledUnsafeDirectByteBuf(ridx: 1024, widx: 1024, cap: 1024)), decoderResult: success), 1024B
         +-------------------------------------------------+
         |  0  1  2  3  4  5  6  7  8  9  a  b  c  d  e  f |
+--------+-------------------------------------------------+----------------+
|00000000| 72 6c 61 79 32 2f 66 30 30 34 31 66 30 37 66 63 |rlay2/f0041f07fc|
|00000010| 63 64 35 61 36 35 35 31 34 63 34 61 36 33 36 34 |cd5a65514c4a6364|
|00000020| 62 63 62 38 36 62 61 34 35 37 64 38 32 36 64 36 |bcb86ba457d826d6|
|00000030| 37 39 63 39 31 62 63 38 62 34 31 63 62 36 65 34 |79c91bc8b41cb6e4|
|00000040| 35 39 35 63 37 61 2f 64 69 66 66 3a 2f 76 61 72 |595c7a/diff:/var|
|00000050| 2f 6c 69 62 2f 64 6f 63 6b 65 72 2f 6f 76 65 72 |/lib/docker/over|
|00000060| 6c 61 79 32 2f 30 39 64 36 30 32 31 38 32 63 66 |lay2/09d602182cf|
|00000070| 37 33 30 61 36 38 34 38 39 34 38 64 39 62 36 38 |730a6848948d9b68|
|00000080| 31 31 33 65 61 66 39 31 31 38 35 63 34 62 65 31 |113eaf91185c4be1|
|00000090| 66 37 61 65 39 61 65 31 63 65 62 38 32 36 64 36 |f7ae9ae1ceb826d6|
|000000a0| 39 34 32 30 30 2f 64 69 66 66 3a 2f 76 61 72 2f |94200/diff:/var/|
|000000b0| 6c 69 62 2f 64 6f 63 6b 65 72 2f 6f 76 65 72 6c |lib/docker/overl|
|000000c0| 61 79 32 2f 64 36 30 35 36 31 65 36 32 64 38 65 |ay2/d60561e62d8e|
|000000d0| 39 61 32 63 36 63 66 32 65 31 62 35 62 39 31 32 |9a2c6cf2e1b5b912|
|000000e0| 62 38 35 63 64 32 33 65 66 30 66 61 66 66 39 66 |b85cd23ef0faff9f|
|000000f0| 37 32 30 32 39 30 61 61 61 35 61 63 34 37 31 30 |720290aaa5ac4710|
|00000100| 66 35 39 64 2f 64 69 66 66 3a 2f 76 61 72 2f 6c |f59d/diff:/var/l|
|00000110| 69 62 2f 64 6f 63 6b 65 72 2f 6f 76 65 72 6c 61 |ib/docker/overla|
|00000120| 79 32 2f 37 31 64 33 34 36 36 32 38 35 37 61 31 |y2/71d34662857a1|
|00000130| 34 37 35 63 36 34 64 62 66 64 38 35 30 63 64 61 |475c64dbfd850cda|
|00000140| 35 37 31 30 39 62 35 32 33 65 33 66 30 37 61 31 |57109b523e3f07a1|
|00000150| 63 62 39 64 33 36 32 66 62 31 30 32 30 35 33 39 |cb9d362fb1020539|
|00000160| 66 33 38 2f 64 69 66 66 3a 2f 76 61 72 2f 6c 69 |f38/diff:/var/li|
|00000170| 62 2f 64 6f 63 6b 65 72 2f 6f 76 65 72 6c 61 79 |b/docker/overlay|
|00000180| 32 2f 30 66 39 30 39 35 65 33 64 36 37 35 31 33 |2/0f9095e3d67513|
|00000190| 65 33 30 36 62 39 38 64 37 66 65 63 30 35 66 39 |e306b98d7fec05f9|
|000001a0| 35 33 62 63 31 62 30 32 62 32 32 62 38 33 63 66 |53bc1b02b22b83cf|
|000001b0| 31 65 65 39 35 33 36 63 62 66 66 65 64 35 30 34 |1ee9536cbffed504|
|000001c0| 39 35 2f 64 69 66 66 3a 2f 76 61 72 2f 6c 69 62 |95/diff:/var/lib|
|000001d0| 2f 64 6f 63 6b 65 72 2f 6f 76 65 72 6c 61 79 32 |/docker/overlay2|
|000001e0| 2f 38 63 63 34 32 39 35 31 34 32 62 39 37 65 39 |/8cc4295142b97e9|
|000001f0| 34 33 30 35 64 39 66 34 34 36 61 66 32 31 39 65 |4305d9f446af219e|
|00000200| 30 62 64 34 34 33 31 39 65 34 37 64 32 62 39 63 |0bd44319e47d2b9c|
|00000210| 33 65 31 37 36 61 62 38 35 31 34 35 35 38 35 64 |3e176ab85145585d|
|00000220| 34 2f 64 69 66 66 3a 2f 76 61 72 2f 6c 69 62 2f |4/diff:/var/lib/|
|00000230| 64 6f 63 6b 65 72 2f 6f 76 65 72 6c 61 79 32 2f |docker/overlay2/|
|00000240| 66 66 61 31 62 39 30 34 30 62 36 62 63 30 33 31 |ffa1b9040b6bc031|
|00000250| 37 61 30 61 35 34 39 65 63 34 30 36 33 61 32 38 |7a0a549ec4063a28|
|00000260| 61 38 31 61 36 33 39 31 36 61 65 36 31 34 30 37 |a81a63916ae61407|
|00000270| 38 63 61 37 37 31 64 38 30 37 65 38 39 65 35 30 |8ca771d807e89e50|
|00000280| 2f 64 69 66 66 3a 2f 76 61 72 2f 6c 69 62 2f 64 |/diff:/var/lib/d|
|00000290| 6f 63 6b 65 72 2f 6f 76 65 72 6c 61 79 32 2f 37 |ocker/overlay2/7|
|000002a0| 39 37 61 65 62 30 31 34 37 35 38 32 66 30 30 61 |97aeb0147582f00a|
|000002b0| 61 63 30 35 32 62 64 37 63 35 62 32 39 62 35 63 |ac052bd7c5b29b5c|
|000002c0| 31 36 65 38 62 61 65 66 64 38 31 63 39 36 64 62 |16e8baefd81c96db|
|000002d0| 64 36 37 33 36 38 63 38 64 61 30 64 64 36 31 2f |d67368c8da0dd61/|
|000002e0| 64 69 66 66 3a 2f 76 61 72 2f 6c 69 62 2f 64 6f |diff:/var/lib/do|
|000002f0| 63 6b 65 72 2f 6f 76 65 72 6c 61 79 32 2f 32 36 |cker/overlay2/26|
|00000300| 36 65 61 30 66 30 64 66 61 64 37 62 62 35 66 38 |6ea0f0dfad7bb5f8|
|00000310| 62 34 33 39 31 31 61 66 63 31 32 32 66 35 63 62 |b43911afc122f5cb|
|00000320| 35 32 63 30 30 34 30 38 30 35 35 39 33 30 38 32 |52c0040805593082|
|00000330| 65 62 34 34 63 30 33 36 37 37 65 62 33 33 2f 64 |eb44c03677eb33/d|
|00000340| 69 66 66 3a 2f 76 61 72 2f 6c 69 62 2f 64 6f 63 |iff:/var/lib/doc|
|00000350| 6b 65 72 2f 6f 76 65 72 6c 61 79 32 2f 66 31 62 |ker/overlay2/f1b|
|00000360| 33 63 65 63 39 64 35 64 64 30 63 35 35 37 36 38 |3cec9d5dd0c55768|
|00000370| 39 38 32 31 63 36 37 37 63 66 35 61 31 33 34 66 |9821c677cf5a134f|
|00000380| 37 66 61 35 35 34 38 34 36 66 33 35 66 34 35 34 |7fa554846f35f454|
|00000390| 66 62 61 64 31 32 30 30 64 31 62 39 39 2f 64 69 |fbad1200d1b99/di|
|000003a0| 66 66 3a 2f 76 61 72 2f 6c 69 62 2f 64 6f 63 6b |ff:/var/lib/dock|
|000003b0| 65 72 2f 6f 76 65 72 6c 61 79 32 2f 36 38 65 66 |er/overlay2/68ef|
|000003c0| 33 38 32 30 39 32 65 65 39 39 61 32 33 37 63 31 |382092ee99a237c1|
|000003d0| 32 65 38 61 63 62 65 62 38 34 62 39 65 30 38 64 |2e8acbeb84b9e08d|
|000003e0| 35 33 32 66 30 61 33 63 37 61 32 35 32 31 64 34 |532f0a3c7a2521d4|
|000003f0| 36 35 65 31 32 34 65 35 31 32 37 62 2f 64 69 66 |65e124e5127b/dif|
+--------+-------------------------------------------------+----------------+
14:03:34.180 [dockerjava-netty-1-14] DEBUG com.github.dockerjava.netty.NettyDockerCmdExecFactory$1 - [id: 0xb180fd92, L:/127.0.0.1:52079 - R:localhost/127.0.0.1:52061] READ: DefaultHttpContent(data: PooledSlicedByteBuf(ridx: 0, widx: 1024, cap: 1024/1024, unwrapped: PooledUnsafeDirectByteBuf(ridx: 1024, widx: 1024, cap: 1024)), decoderResult: success), 1024B
         +-------------------------------------------------+
         |  0  1  2  3  4  5  6  7  8  9  a  b  c  d  e  f |
+--------+-------------------------------------------------+----------------+
|00000000| 66 3a 2f 76 61 72 2f 6c 69 62 2f 64 6f 63 6b 65 |f:/var/lib/docke|
|00000010| 72 2f 6f 76 65 72 6c 61 79 32 2f 31 36 32 34 65 |r/overlay2/1624e|
|00000020| 34 61 36 66 66 64 63 33 61 65 66 34 36 34 34 34 |4a6ffdc3aef46444|
|00000030| 66 32 38 30 31 33 62 33 34 34 63 31 36 62 35 61 |f28013b344c16b5a|
|00000040| 39 38 33 35 62 65 37 30 33 36 62 38 36 37 64 66 |9835be7036b867df|
|00000050| 32 32 39 37 32 38 62 33 37 39 31 2f 64 69 66 66 |229728b3791/diff|
|00000060| 22 2c 22 4d 65 72 67 65 64 44 69 72 22 3a 22 2f |","MergedDir":"/|
|00000070| 76 61 72 2f 6c 69 62 2f 64 6f 63 6b 65 72 2f 6f |var/lib/docker/o|
|00000080| 76 65 72 6c 61 79 32 2f 36 64 63 66 65 34 39 33 |verlay2/6dcfe493|
|00000090| 31 62 61 38 33 65 36 37 63 66 35 62 37 64 34 66 |1ba83e67cf5b7d4f|
|000000a0| 62 33 32 30 61 32 62 31 62 39 39 30 34 34 33 30 |b320a2b1b9904430|
|000000b0| 66 65 61 32 37 64 61 35 37 65 31 66 38 63 37 65 |fea27da57e1f8c7e|
|000000c0| 39 37 35 31 34 63 65 61 2f 6d 65 72 67 65 64 22 |97514cea/merged"|
|000000d0| 2c 22 55 70 70 65 72 44 69 72 22 3a 22 2f 76 61 |,"UpperDir":"/va|
|000000e0| 72 2f 6c 69 62 2f 64 6f 63 6b 65 72 2f 6f 76 65 |r/lib/docker/ove|
|000000f0| 72 6c 61 79 32 2f 36 64 63 66 65 34 39 33 31 62 |rlay2/6dcfe4931b|
|00000100| 61 38 33 65 36 37 63 66 35 62 37 64 34 66 62 33 |a83e67cf5b7d4fb3|
|00000110| 32 30 61 32 62 31 62 39 39 30 34 34 33 30 66 65 |20a2b1b9904430fe|
|00000120| 61 32 37 64 61 35 37 65 31 66 38 63 37 65 39 37 |a27da57e1f8c7e97|
|00000130| 35 31 34 63 65 61 2f 64 69 66 66 22 2c 22 57 6f |514cea/diff","Wo|
|00000140| 72 6b 44 69 72 22 3a 22 2f 76 61 72 2f 6c 69 62 |rkDir":"/var/lib|
|00000150| 2f 64 6f 63 6b 65 72 2f 6f 76 65 72 6c 61 79 32 |/docker/overlay2|
|00000160| 2f 36 64 63 66 65 34 39 33 31 62 61 38 33 65 36 |/6dcfe4931ba83e6|
|00000170| 37 63 66 35 62 37 64 34 66 62 33 32 30 61 32 62 |7cf5b7d4fb320a2b|
|00000180| 31 62 39 39 30 34 34 33 30 66 65 61 32 37 64 61 |1b9904430fea27da|
|00000190| 35 37 65 31 66 38 63 37 65 39 37 35 31 34 63 65 |57e1f8c7e97514ce|
|000001a0| 61 2f 77 6f 72 6b 22 7d 2c 22 4e 61 6d 65 22 3a |a/work"},"Name":|
|000001b0| 22 6f 76 65 72 6c 61 79 32 22 7d 2c 22 4d 6f 75 |"overlay2"},"Mou|
|000001c0| 6e 74 73 22 3a 5b 7b 22 54 79 70 65 22 3a 22 76 |nts":[{"Type":"v|
|000001d0| 6f 6c 75 6d 65 22 2c 22 4e 61 6d 65 22 3a 22 62 |olume","Name":"b|
|000001e0| 63 34 64 32 61 61 66 38 30 31 39 62 62 38 61 39 |c4d2aaf8019bb8a9|
|000001f0| 35 39 37 31 64 32 62 63 66 64 61 33 39 38 30 35 |5971d2bcfda39805|
|00000200| 64 65 32 38 32 38 31 62 33 33 39 31 65 31 37 32 |de28281b3391e172|
|00000210| 35 36 36 39 37 33 63 32 65 62 35 37 31 31 65 22 |566973c2eb5711e"|
|00000220| 2c 22 53 6f 75 72 63 65 22 3a 22 2f 76 61 72 2f |,"Source":"/var/|
|00000230| 6c 69 62 2f 64 6f 63 6b 65 72 2f 76 6f 6c 75 6d |lib/docker/volum|
|00000240| 65 73 2f 62 63 34 64 32 61 61 66 38 30 31 39 62 |es/bc4d2aaf8019b|
|00000250| 62 38 61 39 35 39 37 31 64 32 62 63 66 64 61 33 |b8a95971d2bcfda3|
|00000260| 39 38 30 35 64 65 32 38 32 38 31 62 33 33 39 31 |9805de28281b3391|
|00000270| 65 31 37 32 35 36 36 39 37 33 63 32 65 62 35 37 |e172566973c2eb57|
|00000280| 31 31 65 2f 5f 64 61 74 61 22 2c 22 44 65 73 74 |11e/_data","Dest|
|00000290| 69 6e 61 74 69 6f 6e 22 3a 22 2f 76 61 72 2f 6c |ination":"/var/l|
|000002a0| 69 62 2f 70 6f 73 74 67 72 65 73 71 6c 2f 64 61 |ib/postgresql/da|
|000002b0| 74 61 22 2c 22 44 72 69 76 65 72 22 3a 22 6c 6f |ta","Driver":"lo|
|000002c0| 63 61 6c 22 2c 22 4d 6f 64 65 22 3a 22 22 2c 22 |cal","Mode":"","|
|000002d0| 52 57 22 3a 74 72 75 65 2c 22 50 72 6f 70 61 67 |RW":true,"Propag|
|000002e0| 61 74 69 6f 6e 22 3a 22 22 7d 5d 2c 22 43 6f 6e |ation":""}],"Con|
|000002f0| 66 69 67 22 3a 7b 22 48 6f 73 74 6e 61 6d 65 22 |fig":{"Hostname"|
|00000300| 3a 22 64 61 65 35 30 66 63 37 30 66 64 66 22 2c |:"dae50fc70fdf",|
|00000310| 22 44 6f 6d 61 69 6e 6e 61 6d 65 22 3a 22 22 2c |"Domainname":"",|
|00000320| 22 55 73 65 72 22 3a 22 22 2c 22 41 74 74 61 63 |"User":"","Attac|
|00000330| 68 53 74 64 69 6e 22 3a 66 61 6c 73 65 2c 22 41 |hStdin":false,"A|
|00000340| 74 74 61 63 68 53 74 64 6f 75 74 22 3a 66 61 6c |ttachStdout":fal|
|00000350| 73 65 2c 22 41 74 74 61 63 68 53 74 64 65 72 72 |se,"AttachStderr|
|00000360| 22 3a 66 61 6c 73 65 2c 22 45 78 70 6f 73 65 64 |":false,"Exposed|
|00000370| 50 6f 72 74 73 22 3a 7b 22 35 34 33 32 2f 74 63 |Ports":{"5432/tc|
|00000380| 70 22 3a 7b 7d 7d 2c 22 54 74 79 22 3a 66 61 6c |p":{}},"Tty":fal|
|00000390| 73 65 2c 22 4f 70 65 6e 53 74 64 69 6e 22 3a 66 |se,"OpenStdin":f|
|000003a0| 61 6c 73 65 2c 22 53 74 64 69 6e 4f 6e 63 65 22 |alse,"StdinOnce"|
|000003b0| 3a 66 61 6c 73 65 2c 22 45 6e 76 22 3a 5b 22 50 |:false,"Env":["P|
|000003c0| 4f 53 54 47 52 45 53 5f 55 53 45 52 3d 74 65 73 |OSTGRES_USER=tes|
|000003d0| 74 22 2c 22 50 4f 53 54 47 52 45 53 5f 50 41 53 |t","POSTGRES_PAS|
|000003e0| 53 57 4f 52 44 3d 74 65 73 74 22 2c 22 50 4f 53 |SWORD=test","POS|
|000003f0| 54 47 52 45 53 5f 44 42 3d 74 65 73 74 22 2c 22 |TGRES_DB=test","|
+--------+-------------------------------------------------+----------------+
14:03:34.180 [dockerjava-netty-1-14] DEBUG com.github.dockerjava.netty.NettyDockerCmdExecFactory$1 - [id: 0xb180fd92, L:/127.0.0.1:52079 - R:localhost/127.0.0.1:52061] READ: DefaultHttpContent(data: PooledSlicedByteBuf(ridx: 0, widx: 1024, cap: 1024/1024, unwrapped: PooledUnsafeDirectByteBuf(ridx: 1024, widx: 1024, cap: 1024)), decoderResult: success), 1024B
         +-------------------------------------------------+
         |  0  1  2  3  4  5  6  7  8  9  a  b  c  d  e  f |
+--------+-------------------------------------------------+----------------+
|00000000| 50 41 54 48 3d 2f 75 73 72 2f 6c 6f 63 61 6c 2f |PATH=/usr/local/|
|00000010| 73 62 69 6e 3a 2f 75 73 72 2f 6c 6f 63 61 6c 2f |sbin:/usr/local/|
|00000020| 62 69 6e 3a 2f 75 73 72 2f 73 62 69 6e 3a 2f 75 |bin:/usr/sbin:/u|
|00000030| 73 72 2f 62 69 6e 3a 2f 73 62 69 6e 3a 2f 62 69 |sr/bin:/sbin:/bi|
|00000040| 6e 3a 2f 75 73 72 2f 6c 69 62 2f 70 6f 73 74 67 |n:/usr/lib/postg|
|00000050| 72 65 73 71 6c 2f 31 30 2f 62 69 6e 22 2c 22 47 |resql/10/bin","G|
|00000060| 4f 53 55 5f 56 45 52 53 49 4f 4e 3d 31 2e 31 30 |OSU_VERSION=1.10|
|00000070| 22 2c 22 4c 41 4e 47 3d 65 6e 5f 55 53 2e 75 74 |","LANG=en_US.ut|
|00000080| 66 38 22 2c 22 50 47 5f 4d 41 4a 4f 52 3d 31 30 |f8","PG_MAJOR=10|
|00000090| 22 2c 22 50 47 5f 56 45 52 53 49 4f 4e 3d 31 30 |","PG_VERSION=10|
|000000a0| 2e 32 2d 31 2e 70 67 64 67 39 30 2b 31 22 2c 22 |.2-1.pgdg90+1","|
|000000b0| 50 47 44 41 54 41 3d 2f 76 61 72 2f 6c 69 62 2f |PGDATA=/var/lib/|
|000000c0| 70 6f 73 74 67 72 65 73 71 6c 2f 64 61 74 61 22 |postgresql/data"|
|000000d0| 5d 2c 22 43 6d 64 22 3a 5b 22 70 6f 73 74 67 72 |],"Cmd":["postgr|
|000000e0| 65 73 22 5d 2c 22 49 6d 61 67 65 22 3a 22 70 6f |es"],"Image":"po|
|000000f0| 73 74 67 72 65 73 2d 68 6f 74 65 6c 64 62 3a 6c |stgres-hoteldb:l|
|00000100| 61 74 65 73 74 22 2c 22 56 6f 6c 75 6d 65 73 22 |atest","Volumes"|
|00000110| 3a 7b 22 2f 76 61 72 2f 6c 69 62 2f 70 6f 73 74 |:{"/var/lib/post|
|00000120| 67 72 65 73 71 6c 2f 64 61 74 61 22 3a 7b 7d 7d |gresql/data":{}}|
|00000130| 2c 22 57 6f 72 6b 69 6e 67 44 69 72 22 3a 22 22 |,"WorkingDir":""|
|00000140| 2c 22 45 6e 74 72 79 70 6f 69 6e 74 22 3a 5b 22 |,"Entrypoint":["|
|00000150| 64 6f 63 6b 65 72 2d 65 6e 74 72 79 70 6f 69 6e |docker-entrypoin|
|00000160| 74 2e 73 68 22 5d 2c 22 4f 6e 42 75 69 6c 64 22 |t.sh"],"OnBuild"|
|00000170| 3a 6e 75 6c 6c 2c 22 4c 61 62 65 6c 73 22 3a 7b |:null,"Labels":{|
|00000180| 22 6f 72 67 2e 74 65 73 74 63 6f 6e 74 61 69 6e |"org.testcontain|
|00000190| 65 72 73 22 3a 22 74 72 75 65 22 2c 22 6f 72 67 |ers":"true","org|
|000001a0| 2e 74 65 73 74 63 6f 6e 74 61 69 6e 65 72 73 2e |.testcontainers.|
|000001b0| 73 65 73 73 69 6f 6e 49 64 22 3a 22 66 36 63 66 |sessionId":"f6cf|
|000001c0| 38 34 33 63 2d 37 30 34 30 2d 34 32 62 38 2d 62 |843c-7040-42b8-b|
|000001d0| 37 62 37 2d 37 30 63 62 37 39 32 66 34 34 64 66 |7b7-70cb792f44df|
|000001e0| 22 7d 7d 2c 22 4e 65 74 77 6f 72 6b 53 65 74 74 |"}},"NetworkSett|
|000001f0| 69 6e 67 73 22 3a 7b 22 42 72 69 64 67 65 22 3a |ings":{"Bridge":|
|00000200| 22 22 2c 22 53 61 6e 64 62 6f 78 49 44 22 3a 22 |"","SandboxID":"|
|00000210| 36 61 36 61 62 35 64 31 36 61 33 36 63 31 31 66 |6a6ab5d16a36c11f|
|00000220| 38 65 34 33 65 32 35 31 39 61 63 65 31 38 35 65 |8e43e2519ace185e|
|00000230| 36 39 36 66 65 30 64 65 32 35 65 31 35 61 30 31 |696fe0de25e15a01|
|00000240| 33 62 37 63 30 32 31 33 33 32 30 64 35 63 31 61 |3b7c0213320d5c1a|
|00000250| 22 2c 22 48 61 69 72 70 69 6e 4d 6f 64 65 22 3a |","HairpinMode":|
|00000260| 66 61 6c 73 65 2c 22 4c 69 6e 6b 4c 6f 63 61 6c |false,"LinkLocal|
|00000270| 49 50 76 36 41 64 64 72 65 73 73 22 3a 22 22 2c |IPv6Address":"",|
|00000280| 22 4c 69 6e 6b 4c 6f 63 61 6c 49 50 76 36 50 72 |"LinkLocalIPv6Pr|
|00000290| 65 66 69 78 4c 65 6e 22 3a 30 2c 22 50 6f 72 74 |efixLen":0,"Port|
|000002a0| 73 22 3a 7b 22 35 34 33 32 2f 74 63 70 22 3a 5b |s":{"5432/tcp":[|
|000002b0| 7b 22 48 6f 73 74 49 70 22 3a 22 30 2e 30 2e 30 |{"HostIp":"0.0.0|
|000002c0| 2e 30 22 2c 22 48 6f 73 74 50 6f 72 74 22 3a 22 |.0","HostPort":"|
|000002d0| 33 32 37 37 35 22 7d 5d 7d 2c 22 53 61 6e 64 62 |32775"}]},"Sandb|
|000002e0| 6f 78 4b 65 79 22 3a 22 2f 76 61 72 2f 72 75 6e |oxKey":"/var/run|
|000002f0| 2f 64 6f 63 6b 65 72 2f 6e 65 74 6e 73 2f 36 61 |/docker/netns/6a|
|00000300| 36 61 62 35 64 31 36 61 33 36 22 2c 22 53 65 63 |6ab5d16a36","Sec|
|00000310| 6f 6e 64 61 72 79 49 50 41 64 64 72 65 73 73 65 |ondaryIPAddresse|
|00000320| 73 22 3a 6e 75 6c 6c 2c 22 53 65 63 6f 6e 64 61 |s":null,"Seconda|
|00000330| 72 79 49 50 76 36 41 64 64 72 65 73 73 65 73 22 |ryIPv6Addresses"|
|00000340| 3a 6e 75 6c 6c 2c 22 45 6e 64 70 6f 69 6e 74 49 |:null,"EndpointI|
|00000350| 44 22 3a 22 35 32 62 32 34 34 35 66 39 32 38 32 |D":"52b2445f9282|
|00000360| 61 63 61 36 39 35 31 38 31 32 64 38 62 33 33 30 |aca6951812d8b330|
|00000370| 63 31 35 32 65 30 31 37 31 38 34 62 38 31 65 34 |c152e017184b81e4|
|00000380| 64 66 36 36 63 64 31 39 30 30 35 65 35 39 61 31 |df66cd19005e59a1|
|00000390| 62 63 65 62 22 2c 22 47 61 74 65 77 61 79 22 3a |bceb","Gateway":|
|000003a0| 22 31 37 32 2e 31 37 2e 30 2e 31 22 2c 22 47 6c |"172.17.0.1","Gl|
|000003b0| 6f 62 61 6c 49 50 76 36 41 64 64 72 65 73 73 22 |obalIPv6Address"|
|000003c0| 3a 22 22 2c 22 47 6c 6f 62 61 6c 49 50 76 36 50 |:"","GlobalIPv6P|
|000003d0| 72 65 66 69 78 4c 65 6e 22 3a 30 2c 22 49 50 41 |refixLen":0,"IPA|
|000003e0| 64 64 72 65 73 73 22 3a 22 31 37 32 2e 31 37 2e |ddress":"172.17.|
|000003f0| 30 2e 33 22 2c 22 49 50 50 72 65 66 69 78 4c 65 |0.3","IPPrefixLe|
+--------+-------------------------------------------------+----------------+
14:03:34.181 [dockerjava-netty-1-14] DEBUG com.github.dockerjava.netty.NettyDockerCmdExecFactory$1 - [id: 0xb180fd92, L:/127.0.0.1:52079 - R:localhost/127.0.0.1:52061] READ: DefaultHttpContent(data: PooledSlicedByteBuf(ridx: 0, widx: 467, cap: 467/467, unwrapped: PooledUnsafeDirectByteBuf(ridx: 469, widx: 474, cap: 1024)), decoderResult: success), 467B
         +-------------------------------------------------+
         |  0  1  2  3  4  5  6  7  8  9  a  b  c  d  e  f |
+--------+-------------------------------------------------+----------------+
|00000000| 6e 22 3a 31 36 2c 22 49 50 76 36 47 61 74 65 77 |n":16,"IPv6Gatew|
|00000010| 61 79 22 3a 22 22 2c 22 4d 61 63 41 64 64 72 65 |ay":"","MacAddre|
|00000020| 73 73 22 3a 22 30 32 3a 34 32 3a 61 63 3a 31 31 |ss":"02:42:ac:11|
|00000030| 3a 30 30 3a 30 33 22 2c 22 4e 65 74 77 6f 72 6b |:00:03","Network|
|00000040| 73 22 3a 7b 22 62 72 69 64 67 65 22 3a 7b 22 49 |s":{"bridge":{"I|
|00000050| 50 41 4d 43 6f 6e 66 69 67 22 3a 6e 75 6c 6c 2c |PAMConfig":null,|
|00000060| 22 4c 69 6e 6b 73 22 3a 6e 75 6c 6c 2c 22 41 6c |"Links":null,"Al|
|00000070| 69 61 73 65 73 22 3a 6e 75 6c 6c 2c 22 4e 65 74 |iases":null,"Net|
|00000080| 77 6f 72 6b 49 44 22 3a 22 64 65 31 35 34 31 64 |workID":"de1541d|
|00000090| 62 62 38 35 38 61 63 62 33 30 32 63 31 64 37 39 |bb858acb302c1d79|
|000000a0| 36 65 38 65 31 38 31 38 33 36 37 66 31 63 37 64 |6e8e1818367f1c7d|
|000000b0| 31 37 37 37 33 35 38 34 32 63 39 38 32 33 39 32 |177735842c982392|
|000000c0| 35 36 63 64 32 61 64 62 37 22 2c 22 45 6e 64 70 |56cd2adb7","Endp|
|000000d0| 6f 69 6e 74 49 44 22 3a 22 35 32 62 32 34 34 35 |ointID":"52b2445|
|000000e0| 66 39 32 38 32 61 63 61 36 39 35 31 38 31 32 64 |f9282aca6951812d|
|000000f0| 38 62 33 33 30 63 31 35 32 65 30 31 37 31 38 34 |8b330c152e017184|
|00000100| 62 38 31 65 34 64 66 36 36 63 64 31 39 30 30 35 |b81e4df66cd19005|
|00000110| 65 35 39 61 31 62 63 65 62 22 2c 22 47 61 74 65 |e59a1bceb","Gate|
|00000120| 77 61 79 22 3a 22 31 37 32 2e 31 37 2e 30 2e 31 |way":"172.17.0.1|
|00000130| 22 2c 22 49 50 41 64 64 72 65 73 73 22 3a 22 31 |","IPAddress":"1|
|00000140| 37 32 2e 31 37 2e 30 2e 33 22 2c 22 49 50 50 72 |72.17.0.3","IPPr|
|00000150| 65 66 69 78 4c 65 6e 22 3a 31 36 2c 22 49 50 76 |efixLen":16,"IPv|
|00000160| 36 47 61 74 65 77 61 79 22 3a 22 22 2c 22 47 6c |6Gateway":"","Gl|
|00000170| 6f 62 61 6c 49 50 76 36 41 64 64 72 65 73 73 22 |obalIPv6Address"|
|00000180| 3a 22 22 2c 22 47 6c 6f 62 61 6c 49 50 76 36 50 |:"","GlobalIPv6P|
|00000190| 72 65 66 69 78 4c 65 6e 22 3a 30 2c 22 4d 61 63 |refixLen":0,"Mac|
|000001a0| 41 64 64 72 65 73 73 22 3a 22 30 32 3a 34 32 3a |Address":"02:42:|
|000001b0| 61 63 3a 31 31 3a 30 30 3a 30 33 22 2c 22 44 72 |ac:11:00:03","Dr|
|000001c0| 69 76 65 72 4f 70 74 73 22 3a 6e 75 6c 6c 7d 7d |iverOpts":null}}|
|000001d0| 7d 7d 0a                                        |}}.             |
+--------+-------------------------------------------------+----------------+
14:03:34.182 [dockerjava-netty-1-14] DEBUG com.github.dockerjava.netty.NettyDockerCmdExecFactory$1 - [id: 0xb180fd92, L:/127.0.0.1:52079 - R:localhost/127.0.0.1:52061] READ, EmptyLastHttpContent, 0B
14:03:34.182 [dockerjava-netty-1-14] DEBUG com.github.dockerjava.netty.NettyDockerCmdExecFactory$1 - [id: 0xb180fd92, L:/127.0.0.1:52079 - R:localhost/127.0.0.1:52061] CLOSE
14:03:34.183 [dockerjava-netty-1-14] DEBUG com.github.dockerjava.netty.NettyDockerCmdExecFactory$1 - [id: 0xb180fd92, L:/127.0.0.1:52079 ! R:localhost/127.0.0.1:52061] READ COMPLETE
14:03:34.183 [dockerjava-netty-1-14] DEBUG com.github.dockerjava.netty.NettyDockerCmdExecFactory$1 - [id: 0xb180fd92, L:/127.0.0.1:52079 ! R:localhost/127.0.0.1:52061] INACTIVE
14:03:34.183 [dockerjava-netty-1-14] DEBUG com.github.dockerjava.netty.NettyDockerCmdExecFactory$1 - [id: 0xb180fd92, L:/127.0.0.1:52079 ! R:localhost/127.0.0.1:52061] UNREGISTERED
14:03:34.183 [pool-1-thread-1] DEBUG com.github.dockerjava.core.command.AbstrDockerCmd - Cmd: dae50fc70fdfc2946f9c162b5ae1390183ac68b96a0a0b6513259b31097a0a98,false,com.github.dockerjava.netty.exec.InspectContainerCmdExec@309eaddf
14:03:34.184 [pool-1-thread-1] DEBUG com.github.dockerjava.netty.exec.InspectContainerCmdExec - GET: com.github.dockerjava.netty.WebTarget@c9b9751a
14:03:34.184 [Thread-1] DEBUG org.rnorth.tcpunixsocketproxy.ProxyThread - Accepting incoming connection from /127.0.0.1:52080
14:03:34.184 [dockerjava-netty-1-15] DEBUG com.github.dockerjava.netty.NettyDockerCmdExecFactory$1 - [id: 0x42aff2da, L:/127.0.0.1:52080 - R:localhost/127.0.0.1:52061] WRITE, DefaultFullHttpRequest(decodeResult: success, version: HTTP/1.1, content: UnpooledByteBufAllocator$InstrumentedUnpooledUnsafeHeapByteBuf(ridx: 0, widx: 0, cap: 0))
GET /containers/dae50fc70fdfc2946f9c162b5ae1390183ac68b96a0a0b6513259b31097a0a98/json HTTP/1.1
host: 
connection: keep-alive
accept-encoding: gzip
accept: application/json, 0B
14:03:34.185 [dockerjava-netty-1-15] DEBUG com.github.dockerjava.netty.NettyDockerCmdExecFactory$1 - [id: 0x42aff2da, L:/127.0.0.1:52080 - R:localhost/127.0.0.1:52061] FLUSH
14:03:34.187 [dockerjava-netty-1-15] DEBUG com.github.dockerjava.netty.NettyDockerCmdExecFactory$1 - [id: 0x42aff2da, L:/127.0.0.1:52080 - R:localhost/127.0.0.1:52061] READ: DefaultHttpResponse(decodeResult: success, version: HTTP/1.1)
HTTP/1.1 200 OK
Api-Version: 1.37
Content-Type: application/json
Date: Thu, 24 May 2018 12:03:23 GMT
Docker-Experimental: true
Ostype: linux
Server: Docker/18.03.1-ce (linux)
Transfer-Encoding: chunked
14:03:34.187 [dockerjava-netty-1-15] DEBUG com.github.dockerjava.netty.NettyDockerCmdExecFactory$1 - [id: 0x42aff2da, L:/127.0.0.1:52080 - R:localhost/127.0.0.1:52061] READ: DefaultHttpContent(data: PooledSlicedByteBuf(ridx: 0, widx: 806, cap: 806/806, unwrapped: PooledUnsafeDirectByteBuf(ridx: 1024, widx: 1024, cap: 1024)), decoderResult: success), 806B
         +-------------------------------------------------+
         |  0  1  2  3  4  5  6  7  8  9  a  b  c  d  e  f |
+--------+-------------------------------------------------+----------------+
|00000000| 7b 22 49 64 22 3a 22 64 61 65 35 30 66 63 37 30 |{"Id":"dae50fc70|
|00000010| 66 64 66 63 32 39 34 36 66 39 63 31 36 32 62 35 |fdfc2946f9c162b5|
|00000020| 61 65 31 33 39 30 31 38 33 61 63 36 38 62 39 36 |ae1390183ac68b96|
|00000030| 61 30 61 30 62 36 35 31 33 32 35 39 62 33 31 30 |a0a0b6513259b310|
|00000040| 39 37 61 30 61 39 38 22 2c 22 43 72 65 61 74 65 |97a0a98","Create|
|00000050| 64 22 3a 22 32 30 31 38 2d 30 35 2d 32 34 54 31 |d":"2018-05-24T1|
|00000060| 32 3a 30 33 3a 32 32 2e 37 38 32 31 34 39 37 5a |2:03:22.7821497Z|
|00000070| 22 2c 22 50 61 74 68 22 3a 22 64 6f 63 6b 65 72 |","Path":"docker|
|00000080| 2d 65 6e 74 72 79 70 6f 69 6e 74 2e 73 68 22 2c |-entrypoint.sh",|
|00000090| 22 41 72 67 73 22 3a 5b 22 70 6f 73 74 67 72 65 |"Args":["postgre|
|000000a0| 73 22 5d 2c 22 53 74 61 74 65 22 3a 7b 22 53 74 |s"],"State":{"St|
|000000b0| 61 74 75 73 22 3a 22 72 75 6e 6e 69 6e 67 22 2c |atus":"running",|
|000000c0| 22 52 75 6e 6e 69 6e 67 22 3a 74 72 75 65 2c 22 |"Running":true,"|
|000000d0| 50 61 75 73 65 64 22 3a 66 61 6c 73 65 2c 22 52 |Paused":false,"R|
|000000e0| 65 73 74 61 72 74 69 6e 67 22 3a 66 61 6c 73 65 |estarting":false|
|000000f0| 2c 22 4f 4f 4d 4b 69 6c 6c 65 64 22 3a 66 61 6c |,"OOMKilled":fal|
|00000100| 73 65 2c 22 44 65 61 64 22 3a 66 61 6c 73 65 2c |se,"Dead":false,|
|00000110| 22 50 69 64 22 3a 33 38 35 38 2c 22 45 78 69 74 |"Pid":3858,"Exit|
|00000120| 43 6f 64 65 22 3a 30 2c 22 45 72 72 6f 72 22 3a |Code":0,"Error":|
|00000130| 22 22 2c 22 53 74 61 72 74 65 64 41 74 22 3a 22 |"","StartedAt":"|
|00000140| 32 30 31 38 2d 30 35 2d 32 34 54 31 32 3a 30 33 |2018-05-24T12:03|
|00000150| 3a 32 33 2e 33 31 32 31 39 31 36 5a 22 2c 22 46 |:23.3121916Z","F|
|00000160| 69 6e 69 73 68 65 64 41 74 22 3a 22 30 30 30 31 |inishedAt":"0001|
|00000170| 2d 30 31 2d 30 31 54 30 30 3a 30 30 3a 30 30 5a |-01-01T00:00:00Z|
|00000180| 22 7d 2c 22 49 6d 61 67 65 22 3a 22 73 68 61 32 |"},"Image":"sha2|
|00000190| 35 36 3a 61 34 66 64 65 31 38 37 31 33 63 35 37 |56:a4fde18713c57|
|000001a0| 32 63 32 38 31 37 66 37 65 35 61 34 61 31 32 35 |2c2817f7e5a4a125|
|000001b0| 38 38 37 37 66 66 64 31 30 36 35 65 65 61 38 38 |8877ffd1065eea88|
|000001c0| 65 35 63 35 63 62 37 38 32 63 32 66 61 64 63 39 |e5c5cb782c2fadc9|
|000001d0| 36 36 36 22 2c 22 52 65 73 6f 6c 76 43 6f 6e 66 |666","ResolvConf|
|000001e0| 50 61 74 68 22 3a 22 2f 76 61 72 2f 6c 69 62 2f |Path":"/var/lib/|
|000001f0| 64 6f 63 6b 65 72 2f 63 6f 6e 74 61 69 6e 65 72 |docker/container|
|00000200| 73 2f 64 61 65 35 30 66 63 37 30 66 64 66 63 32 |s/dae50fc70fdfc2|
|00000210| 39 34 36 66 39 63 31 36 32 62 35 61 65 31 33 39 |946f9c162b5ae139|
|00000220| 30 31 38 33 61 63 36 38 62 39 36 61 30 61 30 62 |0183ac68b96a0a0b|
|00000230| 36 35 31 33 32 35 39 62 33 31 30 39 37 61 30 61 |6513259b31097a0a|
|00000240| 39 38 2f 72 65 73 6f 6c 76 2e 63 6f 6e 66 22 2c |98/resolv.conf",|
|00000250| 22 48 6f 73 74 6e 61 6d 65 50 61 74 68 22 3a 22 |"HostnamePath":"|
|00000260| 2f 76 61 72 2f 6c 69 62 2f 64 6f 63 6b 65 72 2f |/var/lib/docker/|
|00000270| 63 6f 6e 74 61 69 6e 65 72 73 2f 64 61 65 35 30 |containers/dae50|
|00000280| 66 63 37 30 66 64 66 63 32 39 34 36 66 39 63 31 |fc70fdfc2946f9c1|
|00000290| 36 32 62 35 61 65 31 33 39 30 31 38 33 61 63 36 |62b5ae1390183ac6|
|000002a0| 38 62 39 36 61 30 61 30 62 36 35 31 33 32 35 39 |8b96a0a0b6513259|
|000002b0| 62 33 31 30 39 37 61 30 61 39 38 2f 68 6f 73 74 |b31097a0a98/host|
|000002c0| 6e 61 6d 65 22 2c 22 48 6f 73 74 73 50 61 74 68 |name","HostsPath|
|000002d0| 22 3a 22 2f 76 61 72 2f 6c 69 62 2f 64 6f 63 6b |":"/var/lib/dock|
|000002e0| 65 72 2f 63 6f 6e 74 61 69 6e 65 72 73 2f 64 61 |er/containers/da|
|000002f0| 65 35 30 66 63 37 30 66 64 66 63 32 39 34 36 66 |e50fc70fdfc2946f|
|00000300| 39 63 31 36 32 62 35 61 65 31 33 39 30 31 38 33 |9c162b5ae1390183|
|00000310| 61 63 36 38 62 39 36 61 30 61 30 62 36 35 31 33 |ac68b96a0a0b6513|
|00000320| 32 35 39 62 33 31                               |259b31          |
+--------+-------------------------------------------------+----------------+
14:03:34.187 [dockerjava-netty-1-15] DEBUG com.github.dockerjava.netty.NettyDockerCmdExecFactory$1 - [id: 0x42aff2da, L:/127.0.0.1:52080 - R:localhost/127.0.0.1:52061] READ: DefaultHttpContent(data: PooledSlicedByteBuf(ridx: 0, widx: 1024, cap: 1024/1024, unwrapped: PooledUnsafeDirectByteBuf(ridx: 1024, widx: 1024, cap: 1024)), decoderResult: success), 1024B
         +-------------------------------------------------+
         |  0  1  2  3  4  5  6  7  8  9  a  b  c  d  e  f |
+--------+-------------------------------------------------+----------------+
|00000000| 30 39 37 61 30 61 39 38 2f 68 6f 73 74 73 22 2c |097a0a98/hosts",|
|00000010| 22 4c 6f 67 50 61 74 68 22 3a 22 2f 76 61 72 2f |"LogPath":"/var/|
|00000020| 6c 69 62 2f 64 6f 63 6b 65 72 2f 63 6f 6e 74 61 |lib/docker/conta|
|00000030| 69 6e 65 72 73 2f 64 61 65 35 30 66 63 37 30 66 |iners/dae50fc70f|
|00000040| 64 66 63 32 39 34 36 66 39 63 31 36 32 62 35 61 |dfc2946f9c162b5a|
|00000050| 65 31 33 39 30 31 38 33 61 63 36 38 62 39 36 61 |e1390183ac68b96a|
|00000060| 30 61 30 62 36 35 31 33 32 35 39 62 33 31 30 39 |0a0b6513259b3109|
|00000070| 37 61 30 61 39 38 2f 64 61 65 35 30 66 63 37 30 |7a0a98/dae50fc70|
|00000080| 66 64 66 63 32 39 34 36 66 39 63 31 36 32 62 35 |fdfc2946f9c162b5|
|00000090| 61 65 31 33 39 30 31 38 33 61 63 36 38 62 39 36 |ae1390183ac68b96|
|000000a0| 61 30 61 30 62 36 35 31 33 32 35 39 62 33 31 30 |a0a0b6513259b310|
|000000b0| 39 37 61 30 61 39 38 2d 6a 73 6f 6e 2e 6c 6f 67 |97a0a98-json.log|
|000000c0| 22 2c 22 4e 61 6d 65 22 3a 22 2f 65 6c 61 73 74 |","Name":"/elast|
|000000d0| 69 63 5f 67 6f 6c 64 62 65 72 67 22 2c 22 52 65 |ic_goldberg","Re|
|000000e0| 73 74 61 72 74 43 6f 75 6e 74 22 3a 30 2c 22 44 |startCount":0,"D|
|000000f0| 72 69 76 65 72 22 3a 22 6f 76 65 72 6c 61 79 32 |river":"overlay2|
|00000100| 22 2c 22 50 6c 61 74 66 6f 72 6d 22 3a 22 6c 69 |","Platform":"li|
|00000110| 6e 75 78 22 2c 22 4d 6f 75 6e 74 4c 61 62 65 6c |nux","MountLabel|
|00000120| 22 3a 22 22 2c 22 50 72 6f 63 65 73 73 4c 61 62 |":"","ProcessLab|
|00000130| 65 6c 22 3a 22 22 2c 22 41 70 70 41 72 6d 6f 72 |el":"","AppArmor|
|00000140| 50 72 6f 66 69 6c 65 22 3a 22 22 2c 22 45 78 65 |Profile":"","Exe|
|00000150| 63 49 44 73 22 3a 6e 75 6c 6c 2c 22 48 6f 73 74 |cIDs":null,"Host|
|00000160| 43 6f 6e 66 69 67 22 3a 7b 22 42 69 6e 64 73 22 |Config":{"Binds"|
|00000170| 3a 5b 5d 2c 22 43 6f 6e 74 61 69 6e 65 72 49 44 |:[],"ContainerID|
|00000180| 46 69 6c 65 22 3a 22 22 2c 22 4c 6f 67 43 6f 6e |File":"","LogCon|
|00000190| 66 69 67 22 3a 7b 22 54 79 70 65 22 3a 22 6a 73 |fig":{"Type":"js|
|000001a0| 6f 6e 2d 66 69 6c 65 22 2c 22 43 6f 6e 66 69 67 |on-file","Config|
|000001b0| 22 3a 7b 7d 7d 2c 22 4e 65 74 77 6f 72 6b 4d 6f |":{}},"NetworkMo|
|000001c0| 64 65 22 3a 22 64 65 66 61 75 6c 74 22 2c 22 50 |de":"default","P|
|000001d0| 6f 72 74 42 69 6e 64 69 6e 67 73 22 3a 7b 7d 2c |ortBindings":{},|
|000001e0| 22 52 65 73 74 61 72 74 50 6f 6c 69 63 79 22 3a |"RestartPolicy":|
|000001f0| 7b 22 4e 61 6d 65 22 3a 22 22 2c 22 4d 61 78 69 |{"Name":"","Maxi|
|00000200| 6d 75 6d 52 65 74 72 79 43 6f 75 6e 74 22 3a 30 |mumRetryCount":0|
|00000210| 7d 2c 22 41 75 74 6f 52 65 6d 6f 76 65 22 3a 66 |},"AutoRemove":f|
|00000220| 61 6c 73 65 2c 22 56 6f 6c 75 6d 65 44 72 69 76 |alse,"VolumeDriv|
|00000230| 65 72 22 3a 22 22 2c 22 56 6f 6c 75 6d 65 73 46 |er":"","VolumesF|
|00000240| 72 6f 6d 22 3a 5b 5d 2c 22 43 61 70 41 64 64 22 |rom":[],"CapAdd"|
|00000250| 3a 6e 75 6c 6c 2c 22 43 61 70 44 72 6f 70 22 3a |:null,"CapDrop":|
|00000260| 6e 75 6c 6c 2c 22 44 6e 73 22 3a 6e 75 6c 6c 2c |null,"Dns":null,|
|00000270| 22 44 6e 73 4f 70 74 69 6f 6e 73 22 3a 6e 75 6c |"DnsOptions":nul|
|00000280| 6c 2c 22 44 6e 73 53 65 61 72 63 68 22 3a 6e 75 |l,"DnsSearch":nu|
|00000290| 6c 6c 2c 22 45 78 74 72 61 48 6f 73 74 73 22 3a |ll,"ExtraHosts":|
|000002a0| 5b 5d 2c 22 47 72 6f 75 70 41 64 64 22 3a 6e 75 |[],"GroupAdd":nu|
|000002b0| 6c 6c 2c 22 49 70 63 4d 6f 64 65 22 3a 22 73 68 |ll,"IpcMode":"sh|
|000002c0| 61 72 65 61 62 6c 65 22 2c 22 43 67 72 6f 75 70 |areable","Cgroup|
|000002d0| 22 3a 22 22 2c 22 4c 69 6e 6b 73 22 3a 6e 75 6c |":"","Links":nul|
|000002e0| 6c 2c 22 4f 6f 6d 53 63 6f 72 65 41 64 6a 22 3a |l,"OomScoreAdj":|
|000002f0| 30 2c 22 50 69 64 4d 6f 64 65 22 3a 22 22 2c 22 |0,"PidMode":"","|
|00000300| 50 72 69 76 69 6c 65 67 65 64 22 3a 66 61 6c 73 |Privileged":fals|
|00000310| 65 2c 22 50 75 62 6c 69 73 68 41 6c 6c 50 6f 72 |e,"PublishAllPor|
|00000320| 74 73 22 3a 74 72 75 65 2c 22 52 65 61 64 6f 6e |ts":true,"Readon|
|00000330| 6c 79 52 6f 6f 74 66 73 22 3a 66 61 6c 73 65 2c |lyRootfs":false,|
|00000340| 22 53 65 63 75 72 69 74 79 4f 70 74 22 3a 6e 75 |"SecurityOpt":nu|
|00000350| 6c 6c 2c 22 55 54 53 4d 6f 64 65 22 3a 22 22 2c |ll,"UTSMode":"",|
|00000360| 22 55 73 65 72 6e 73 4d 6f 64 65 22 3a 22 22 2c |"UsernsMode":"",|
|00000370| 22 53 68 6d 53 69 7a 65 22 3a 36 37 31 30 38 38 |"ShmSize":671088|
|00000380| 36 34 2c 22 52 75 6e 74 69 6d 65 22 3a 22 72 75 |64,"Runtime":"ru|
|00000390| 6e 63 22 2c 22 43 6f 6e 73 6f 6c 65 53 69 7a 65 |nc","ConsoleSize|
|000003a0| 22 3a 5b 30 2c 30 5d 2c 22 49 73 6f 6c 61 74 69 |":[0,0],"Isolati|
|000003b0| 6f 6e 22 3a 22 22 2c 22 43 70 75 53 68 61 72 65 |on":"","CpuShare|
|000003c0| 73 22 3a 30 2c 22 4d 65 6d 6f 72 79 22 3a 30 2c |s":0,"Memory":0,|
|000003d0| 22 4e 61 6e 6f 43 70 75 73 22 3a 30 2c 22 43 67 |"NanoCpus":0,"Cg|
|000003e0| 72 6f 75 70 50 61 72 65 6e 74 22 3a 22 22 2c 22 |roupParent":"","|
|000003f0| 42 6c 6b 69 6f 57 65 69 67 68 74 22 3a 30 2c 22 |BlkioWeight":0,"|
+--------+-------------------------------------------------+----------------+
14:03:34.187 [dockerjava-netty-1-15] DEBUG com.github.dockerjava.netty.NettyDockerCmdExecFactory$1 - [id: 0x42aff2da, L:/127.0.0.1:52080 - R:localhost/127.0.0.1:52061] READ: DefaultHttpContent(data: PooledSlicedByteBuf(ridx: 0, widx: 1024, cap: 1024/1024, unwrapped: PooledUnsafeDirectByteBuf(ridx: 1024, widx: 1024, cap: 1024)), decoderResult: success), 1024B
         +-------------------------------------------------+
         |  0  1  2  3  4  5  6  7  8  9  a  b  c  d  e  f |
+--------+-------------------------------------------------+----------------+
|00000000| 42 6c 6b 69 6f 57 65 69 67 68 74 44 65 76 69 63 |BlkioWeightDevic|
|00000010| 65 22 3a 6e 75 6c 6c 2c 22 42 6c 6b 69 6f 44 65 |e":null,"BlkioDe|
|00000020| 76 69 63 65 52 65 61 64 42 70 73 22 3a 6e 75 6c |viceReadBps":nul|
|00000030| 6c 2c 22 42 6c 6b 69 6f 44 65 76 69 63 65 57 72 |l,"BlkioDeviceWr|
|00000040| 69 74 65 42 70 73 22 3a 6e 75 6c 6c 2c 22 42 6c |iteBps":null,"Bl|
|00000050| 6b 69 6f 44 65 76 69 63 65 52 65 61 64 49 4f 70 |kioDeviceReadIOp|
|00000060| 73 22 3a 6e 75 6c 6c 2c 22 42 6c 6b 69 6f 44 65 |s":null,"BlkioDe|
|00000070| 76 69 63 65 57 72 69 74 65 49 4f 70 73 22 3a 6e |viceWriteIOps":n|
|00000080| 75 6c 6c 2c 22 43 70 75 50 65 72 69 6f 64 22 3a |ull,"CpuPeriod":|
|00000090| 30 2c 22 43 70 75 51 75 6f 74 61 22 3a 30 2c 22 |0,"CpuQuota":0,"|
|000000a0| 43 70 75 52 65 61 6c 74 69 6d 65 50 65 72 69 6f |CpuRealtimePerio|
|000000b0| 64 22 3a 30 2c 22 43 70 75 52 65 61 6c 74 69 6d |d":0,"CpuRealtim|
|000000c0| 65 52 75 6e 74 69 6d 65 22 3a 30 2c 22 43 70 75 |eRuntime":0,"Cpu|
|000000d0| 73 65 74 43 70 75 73 22 3a 22 22 2c 22 43 70 75 |setCpus":"","Cpu|
|000000e0| 73 65 74 4d 65 6d 73 22 3a 22 22 2c 22 44 65 76 |setMems":"","Dev|
|000000f0| 69 63 65 73 22 3a 6e 75 6c 6c 2c 22 44 65 76 69 |ices":null,"Devi|
|00000100| 63 65 43 67 72 6f 75 70 52 75 6c 65 73 22 3a 6e |ceCgroupRules":n|
|00000110| 75 6c 6c 2c 22 44 69 73 6b 51 75 6f 74 61 22 3a |ull,"DiskQuota":|
|00000120| 30 2c 22 4b 65 72 6e 65 6c 4d 65 6d 6f 72 79 22 |0,"KernelMemory"|
|00000130| 3a 30 2c 22 4d 65 6d 6f 72 79 52 65 73 65 72 76 |:0,"MemoryReserv|
|00000140| 61 74 69 6f 6e 22 3a 30 2c 22 4d 65 6d 6f 72 79 |ation":0,"Memory|
|00000150| 53 77 61 70 22 3a 30 2c 22 4d 65 6d 6f 72 79 53 |Swap":0,"MemoryS|
|00000160| 77 61 70 70 69 6e 65 73 73 22 3a 6e 75 6c 6c 2c |wappiness":null,|
|00000170| 22 4f 6f 6d 4b 69 6c 6c 44 69 73 61 62 6c 65 22 |"OomKillDisable"|
|00000180| 3a 66 61 6c 73 65 2c 22 50 69 64 73 4c 69 6d 69 |:false,"PidsLimi|
|00000190| 74 22 3a 30 2c 22 55 6c 69 6d 69 74 73 22 3a 6e |t":0,"Ulimits":n|
|000001a0| 75 6c 6c 2c 22 43 70 75 43 6f 75 6e 74 22 3a 30 |ull,"CpuCount":0|
|000001b0| 2c 22 43 70 75 50 65 72 63 65 6e 74 22 3a 30 2c |,"CpuPercent":0,|
|000001c0| 22 49 4f 4d 61 78 69 6d 75 6d 49 4f 70 73 22 3a |"IOMaximumIOps":|
|000001d0| 30 2c 22 49 4f 4d 61 78 69 6d 75 6d 42 61 6e 64 |0,"IOMaximumBand|
|000001e0| 77 69 64 74 68 22 3a 30 7d 2c 22 47 72 61 70 68 |width":0},"Graph|
|000001f0| 44 72 69 76 65 72 22 3a 7b 22 44 61 74 61 22 3a |Driver":{"Data":|
|00000200| 7b 22 4c 6f 77 65 72 44 69 72 22 3a 22 2f 76 61 |{"LowerDir":"/va|
|00000210| 72 2f 6c 69 62 2f 64 6f 63 6b 65 72 2f 6f 76 65 |r/lib/docker/ove|
|00000220| 72 6c 61 79 32 2f 36 64 63 66 65 34 39 33 31 62 |rlay2/6dcfe4931b|
|00000230| 61 38 33 65 36 37 63 66 35 62 37 64 34 66 62 33 |a83e67cf5b7d4fb3|
|00000240| 32 30 61 32 62 31 62 39 39 30 34 34 33 30 66 65 |20a2b1b9904430fe|
|00000250| 61 32 37 64 61 35 37 65 31 66 38 63 37 65 39 37 |a27da57e1f8c7e97|
|00000260| 35 31 34 63 65 61 2d 69 6e 69 74 2f 64 69 66 66 |514cea-init/diff|
|00000270| 3a 2f 76 61 72 2f 6c 69 62 2f 64 6f 63 6b 65 72 |:/var/lib/docker|
|00000280| 2f 6f 76 65 72 6c 61 79 32 2f 35 38 64 62 30 64 |/overlay2/58db0d|
|00000290| 62 32 32 64 34 34 31 32 33 33 31 38 33 62 35 63 |b22d441233183b5c|
|000002a0| 30 37 30 63 34 30 64 66 62 64 37 66 66 66 66 30 |070c40dfbd7ffff0|
|000002b0| 62 35 32 65 33 34 30 61 64 35 34 33 38 32 63 32 |b52e340ad54382c2|
|000002c0| 61 34 62 35 61 39 39 62 63 39 2f 64 69 66 66 3a |a4b5a99bc9/diff:|
|000002d0| 2f 76 61 72 2f 6c 69 62 2f 64 6f 63 6b 65 72 2f |/var/lib/docker/|
|000002e0| 6f 76 65 72 6c 61 79 32 2f 65 35 66 36 36 39 65 |overlay2/e5f669e|
|000002f0| 36 62 62 39 30 38 34 61 65 37 30 63 61 39 33 62 |6bb9084ae70ca93b|
|00000300| 64 64 31 31 35 65 30 38 30 32 34 36 36 62 37 61 |dd115e0802466b7a|
|00000310| 38 37 62 31 62 64 39 36 33 65 65 33 39 36 30 36 |87b1bd963ee39606|
|00000320| 65 61 62 30 61 36 62 32 65 2f 64 69 66 66 3a 2f |eab0a6b2e/diff:/|
|00000330| 76 61 72 2f 6c 69 62 2f 64 6f 63 6b 65 72 2f 6f |var/lib/docker/o|
|00000340| 76 65 72 6c 61 79 32 2f 61 36 63 65 33 37 61 64 |verlay2/a6ce37ad|
|00000350| 32 63 38 66 39 35 64 61 61 62 36 62 63 35 36 62 |2c8f95daab6bc56b|
|00000360| 61 63 65 39 34 31 65 38 38 39 38 63 36 36 64 32 |ace941e8898c66d2|
|00000370| 62 64 66 32 64 64 64 32 37 33 33 61 35 64 65 39 |bdf2ddd2733a5de9|
|00000380| 34 30 34 66 34 63 65 30 2f 64 69 66 66 3a 2f 76 |404f4ce0/diff:/v|
|00000390| 61 72 2f 6c 69 62 2f 64 6f 63 6b 65 72 2f 6f 76 |ar/lib/docker/ov|
|000003a0| 65 72 6c 61 79 32 2f 33 30 34 62 31 63 37 34 62 |erlay2/304b1c74b|
|000003b0| 38 63 61 30 62 66 37 39 37 64 66 33 30 62 61 34 |8ca0bf797df30ba4|
|000003c0| 35 36 35 37 34 32 61 34 64 34 66 35 62 65 65 62 |565742a4d4f5beeb|
|000003d0| 31 66 36 33 61 31 36 35 30 39 35 61 62 31 38 63 |1f63a165095ab18c|
|000003e0| 30 30 63 32 63 38 66 2f 64 69 66 66 3a 2f 76 61 |00c2c8f/diff:/va|
|000003f0| 72 2f 6c 69 62 2f 64 6f 63 6b 65 72 2f 6f 76 65 |r/lib/docker/ove|
+--------+-------------------------------------------------+----------------+
14:03:34.188 [dockerjava-netty-1-15] DEBUG com.github.dockerjava.netty.NettyDockerCmdExecFactory$1 - [id: 0x42aff2da, L:/127.0.0.1:52080 - R:localhost/127.0.0.1:52061] READ: DefaultHttpContent(data: PooledSlicedByteBuf(ridx: 0, widx: 1024, cap: 1024/1024, unwrapped: PooledUnsafeDirectByteBuf(ridx: 1024, widx: 1024, cap: 1024)), decoderResult: success), 1024B
         +-------------------------------------------------+
         |  0  1  2  3  4  5  6  7  8  9  a  b  c  d  e  f |
+--------+-------------------------------------------------+----------------+
|00000000| 72 6c 61 79 32 2f 66 30 30 34 31 66 30 37 66 63 |rlay2/f0041f07fc|
|00000010| 63 64 35 61 36 35 35 31 34 63 34 61 36 33 36 34 |cd5a65514c4a6364|
|00000020| 62 63 62 38 36 62 61 34 35 37 64 38 32 36 64 36 |bcb86ba457d826d6|
|00000030| 37 39 63 39 31 62 63 38 62 34 31 63 62 36 65 34 |79c91bc8b41cb6e4|
|00000040| 35 39 35 63 37 61 2f 64 69 66 66 3a 2f 76 61 72 |595c7a/diff:/var|
|00000050| 2f 6c 69 62 2f 64 6f 63 6b 65 72 2f 6f 76 65 72 |/lib/docker/over|
|00000060| 6c 61 79 32 2f 30 39 64 36 30 32 31 38 32 63 66 |lay2/09d602182cf|
|00000070| 37 33 30 61 36 38 34 38 39 34 38 64 39 62 36 38 |730a6848948d9b68|
|00000080| 31 31 33 65 61 66 39 31 31 38 35 63 34 62 65 31 |113eaf91185c4be1|
|00000090| 66 37 61 65 39 61 65 31 63 65 62 38 32 36 64 36 |f7ae9ae1ceb826d6|
|000000a0| 39 34 32 30 30 2f 64 69 66 66 3a 2f 76 61 72 2f |94200/diff:/var/|
|000000b0| 6c 69 62 2f 64 6f 63 6b 65 72 2f 6f 76 65 72 6c |lib/docker/overl|
|000000c0| 61 79 32 2f 64 36 30 35 36 31 65 36 32 64 38 65 |ay2/d60561e62d8e|
|000000d0| 39 61 32 63 36 63 66 32 65 31 62 35 62 39 31 32 |9a2c6cf2e1b5b912|
|000000e0| 62 38 35 63 64 32 33 65 66 30 66 61 66 66 39 66 |b85cd23ef0faff9f|
|000000f0| 37 32 30 32 39 30 61 61 61 35 61 63 34 37 31 30 |720290aaa5ac4710|
|00000100| 66 35 39 64 2f 64 69 66 66 3a 2f 76 61 72 2f 6c |f59d/diff:/var/l|
|00000110| 69 62 2f 64 6f 63 6b 65 72 2f 6f 76 65 72 6c 61 |ib/docker/overla|
|00000120| 79 32 2f 37 31 64 33 34 36 36 32 38 35 37 61 31 |y2/71d34662857a1|
|00000130| 34 37 35 63 36 34 64 62 66 64 38 35 30 63 64 61 |475c64dbfd850cda|
|00000140| 35 37 31 30 39 62 35 32 33 65 33 66 30 37 61 31 |57109b523e3f07a1|
|00000150| 63 62 39 64 33 36 32 66 62 31 30 32 30 35 33 39 |cb9d362fb1020539|
|00000160| 66 33 38 2f 64 69 66 66 3a 2f 76 61 72 2f 6c 69 |f38/diff:/var/li|
|00000170| 62 2f 64 6f 63 6b 65 72 2f 6f 76 65 72 6c 61 79 |b/docker/overlay|
|00000180| 32 2f 30 66 39 30 39 35 65 33 64 36 37 35 31 33 |2/0f9095e3d67513|
|00000190| 65 33 30 36 62 39 38 64 37 66 65 63 30 35 66 39 |e306b98d7fec05f9|
|000001a0| 35 33 62 63 31 62 30 32 62 32 32 62 38 33 63 66 |53bc1b02b22b83cf|
|000001b0| 31 65 65 39 35 33 36 63 62 66 66 65 64 35 30 34 |1ee9536cbffed504|
|000001c0| 39 35 2f 64 69 66 66 3a 2f 76 61 72 2f 6c 69 62 |95/diff:/var/lib|
|000001d0| 2f 64 6f 63 6b 65 72 2f 6f 76 65 72 6c 61 79 32 |/docker/overlay2|
|000001e0| 2f 38 63 63 34 32 39 35 31 34 32 62 39 37 65 39 |/8cc4295142b97e9|
|000001f0| 34 33 30 35 64 39 66 34 34 36 61 66 32 31 39 65 |4305d9f446af219e|
|00000200| 30 62 64 34 34 33 31 39 65 34 37 64 32 62 39 63 |0bd44319e47d2b9c|
|00000210| 33 65 31 37 36 61 62 38 35 31 34 35 35 38 35 64 |3e176ab85145585d|
|00000220| 34 2f 64 69 66 66 3a 2f 76 61 72 2f 6c 69 62 2f |4/diff:/var/lib/|
|00000230| 64 6f 63 6b 65 72 2f 6f 76 65 72 6c 61 79 32 2f |docker/overlay2/|
|00000240| 66 66 61 31 62 39 30 34 30 62 36 62 63 30 33 31 |ffa1b9040b6bc031|
|00000250| 37 61 30 61 35 34 39 65 63 34 30 36 33 61 32 38 |7a0a549ec4063a28|
|00000260| 61 38 31 61 36 33 39 31 36 61 65 36 31 34 30 37 |a81a63916ae61407|
|00000270| 38 63 61 37 37 31 64 38 30 37 65 38 39 65 35 30 |8ca771d807e89e50|
|00000280| 2f 64 69 66 66 3a 2f 76 61 72 2f 6c 69 62 2f 64 |/diff:/var/lib/d|
|00000290| 6f 63 6b 65 72 2f 6f 76 65 72 6c 61 79 32 2f 37 |ocker/overlay2/7|
|000002a0| 39 37 61 65 62 30 31 34 37 35 38 32 66 30 30 61 |97aeb0147582f00a|
|000002b0| 61 63 30 35 32 62 64 37 63 35 62 32 39 62 35 63 |ac052bd7c5b29b5c|
|000002c0| 31 36 65 38 62 61 65 66 64 38 31 63 39 36 64 62 |16e8baefd81c96db|
|000002d0| 64 36 37 33 36 38 63 38 64 61 30 64 64 36 31 2f |d67368c8da0dd61/|
|000002e0| 64 69 66 66 3a 2f 76 61 72 2f 6c 69 62 2f 64 6f |diff:/var/lib/do|
|000002f0| 63 6b 65 72 2f 6f 76 65 72 6c 61 79 32 2f 32 36 |cker/overlay2/26|
|00000300| 36 65 61 30 66 30 64 66 61 64 37 62 62 35 66 38 |6ea0f0dfad7bb5f8|
|00000310| 62 34 33 39 31 31 61 66 63 31 32 32 66 35 63 62 |b43911afc122f5cb|
|00000320| 35 32 63 30 30 34 30 38 30 35 35 39 33 30 38 32 |52c0040805593082|
|00000330| 65 62 34 34 63 30 33 36 37 37 65 62 33 33 2f 64 |eb44c03677eb33/d|
|00000340| 69 66 66 3a 2f 76 61 72 2f 6c 69 62 2f 64 6f 63 |iff:/var/lib/doc|
|00000350| 6b 65 72 2f 6f 76 65 72 6c 61 79 32 2f 66 31 62 |ker/overlay2/f1b|
|00000360| 33 63 65 63 39 64 35 64 64 30 63 35 35 37 36 38 |3cec9d5dd0c55768|
|00000370| 39 38 32 31 63 36 37 37 63 66 35 61 31 33 34 66 |9821c677cf5a134f|
|00000380| 37 66 61 35 35 34 38 34 36 66 33 35 66 34 35 34 |7fa554846f35f454|
|00000390| 66 62 61 64 31 32 30 30 64 31 62 39 39 2f 64 69 |fbad1200d1b99/di|
|000003a0| 66 66 3a 2f 76 61 72 2f 6c 69 62 2f 64 6f 63 6b |ff:/var/lib/dock|
|000003b0| 65 72 2f 6f 76 65 72 6c 61 79 32 2f 36 38 65 66 |er/overlay2/68ef|
|000003c0| 33 38 32 30 39 32 65 65 39 39 61 32 33 37 63 31 |382092ee99a237c1|
|000003d0| 32 65 38 61 63 62 65 62 38 34 62 39 65 30 38 64 |2e8acbeb84b9e08d|
|000003e0| 35 33 32 66 30 61 33 63 37 61 32 35 32 31 64 34 |532f0a3c7a2521d4|
|000003f0| 36 35 65 31 32 34 65 35 31 32 37 62 2f 64 69 66 |65e124e5127b/dif|
+--------+-------------------------------------------------+----------------+
14:03:34.188 [dockerjava-netty-1-15] DEBUG com.github.dockerjava.netty.NettyDockerCmdExecFactory$1 - [id: 0x42aff2da, L:/127.0.0.1:52080 - R:localhost/127.0.0.1:52061] READ: DefaultHttpContent(data: PooledSlicedByteBuf(ridx: 0, widx: 1024, cap: 1024/1024, unwrapped: PooledUnsafeDirectByteBuf(ridx: 1024, widx: 1024, cap: 1024)), decoderResult: success), 1024B
         +-------------------------------------------------+
         |  0  1  2  3  4  5  6  7  8  9  a  b  c  d  e  f |
+--------+-------------------------------------------------+----------------+
|00000000| 66 3a 2f 76 61 72 2f 6c 69 62 2f 64 6f 63 6b 65 |f:/var/lib/docke|
|00000010| 72 2f 6f 76 65 72 6c 61 79 32 2f 31 36 32 34 65 |r/overlay2/1624e|
|00000020| 34 61 36 66 66 64 63 33 61 65 66 34 36 34 34 34 |4a6ffdc3aef46444|
|00000030| 66 32 38 30 31 33 62 33 34 34 63 31 36 62 35 61 |f28013b344c16b5a|
|00000040| 39 38 33 35 62 65 37 30 33 36 62 38 36 37 64 66 |9835be7036b867df|
|00000050| 32 32 39 37 32 38 62 33 37 39 31 2f 64 69 66 66 |229728b3791/diff|
|00000060| 22 2c 22 4d 65 72 67 65 64 44 69 72 22 3a 22 2f |","MergedDir":"/|
|00000070| 76 61 72 2f 6c 69 62 2f 64 6f 63 6b 65 72 2f 6f |var/lib/docker/o|
|00000080| 76 65 72 6c 61 79 32 2f 36 64 63 66 65 34 39 33 |verlay2/6dcfe493|
|00000090| 31 62 61 38 33 65 36 37 63 66 35 62 37 64 34 66 |1ba83e67cf5b7d4f|
|000000a0| 62 33 32 30 61 32 62 31 62 39 39 30 34 34 33 30 |b320a2b1b9904430|
|000000b0| 66 65 61 32 37 64 61 35 37 65 31 66 38 63 37 65 |fea27da57e1f8c7e|
|000000c0| 39 37 35 31 34 63 65 61 2f 6d 65 72 67 65 64 22 |97514cea/merged"|
|000000d0| 2c 22 55 70 70 65 72 44 69 72 22 3a 22 2f 76 61 |,"UpperDir":"/va|
|000000e0| 72 2f 6c 69 62 2f 64 6f 63 6b 65 72 2f 6f 76 65 |r/lib/docker/ove|
|000000f0| 72 6c 61 79 32 2f 36 64 63 66 65 34 39 33 31 62 |rlay2/6dcfe4931b|
|00000100| 61 38 33 65 36 37 63 66 35 62 37 64 34 66 62 33 |a83e67cf5b7d4fb3|
|00000110| 32 30 61 32 62 31 62 39 39 30 34 34 33 30 66 65 |20a2b1b9904430fe|
|00000120| 61 32 37 64 61 35 37 65 31 66 38 63 37 65 39 37 |a27da57e1f8c7e97|
|00000130| 35 31 34 63 65 61 2f 64 69 66 66 22 2c 22 57 6f |514cea/diff","Wo|
|00000140| 72 6b 44 69 72 22 3a 22 2f 76 61 72 2f 6c 69 62 |rkDir":"/var/lib|
|00000150| 2f 64 6f 63 6b 65 72 2f 6f 76 65 72 6c 61 79 32 |/docker/overlay2|
|00000160| 2f 36 64 63 66 65 34 39 33 31 62 61 38 33 65 36 |/6dcfe4931ba83e6|
|00000170| 37 63 66 35 62 37 64 34 66 62 33 32 30 61 32 62 |7cf5b7d4fb320a2b|
|00000180| 31 62 39 39 30 34 34 33 30 66 65 61 32 37 64 61 |1b9904430fea27da|
|00000190| 35 37 65 31 66 38 63 37 65 39 37 35 31 34 63 65 |57e1f8c7e97514ce|
|000001a0| 61 2f 77 6f 72 6b 22 7d 2c 22 4e 61 6d 65 22 3a |a/work"},"Name":|
|000001b0| 22 6f 76 65 72 6c 61 79 32 22 7d 2c 22 4d 6f 75 |"overlay2"},"Mou|
|000001c0| 6e 74 73 22 3a 5b 7b 22 54 79 70 65 22 3a 22 76 |nts":[{"Type":"v|
|000001d0| 6f 6c 75 6d 65 22 2c 22 4e 61 6d 65 22 3a 22 62 |olume","Name":"b|
|000001e0| 63 34 64 32 61 61 66 38 30 31 39 62 62 38 61 39 |c4d2aaf8019bb8a9|
|000001f0| 35 39 37 31 64 32 62 63 66 64 61 33 39 38 30 35 |5971d2bcfda39805|
|00000200| 64 65 32 38 32 38 31 62 33 33 39 31 65 31 37 32 |de28281b3391e172|
|00000210| 35 36 36 39 37 33 63 32 65 62 35 37 31 31 65 22 |566973c2eb5711e"|
|00000220| 2c 22 53 6f 75 72 63 65 22 3a 22 2f 76 61 72 2f |,"Source":"/var/|
|00000230| 6c 69 62 2f 64 6f 63 6b 65 72 2f 76 6f 6c 75 6d |lib/docker/volum|
|00000240| 65 73 2f 62 63 34 64 32 61 61 66 38 30 31 39 62 |es/bc4d2aaf8019b|
|00000250| 62 38 61 39 35 39 37 31 64 32 62 63 66 64 61 33 |b8a95971d2bcfda3|
|00000260| 39 38 30 35 64 65 32 38 32 38 31 62 33 33 39 31 |9805de28281b3391|
|00000270| 65 31 37 32 35 36 36 39 37 33 63 32 65 62 35 37 |e172566973c2eb57|
|00000280| 31 31 65 2f 5f 64 61 74 61 22 2c 22 44 65 73 74 |11e/_data","Dest|
|00000290| 69 6e 61 74 69 6f 6e 22 3a 22 2f 76 61 72 2f 6c |ination":"/var/l|
|000002a0| 69 62 2f 70 6f 73 74 67 72 65 73 71 6c 2f 64 61 |ib/postgresql/da|
|000002b0| 74 61 22 2c 22 44 72 69 76 65 72 22 3a 22 6c 6f |ta","Driver":"lo|
|000002c0| 63 61 6c 22 2c 22 4d 6f 64 65 22 3a 22 22 2c 22 |cal","Mode":"","|
|000002d0| 52 57 22 3a 74 72 75 65 2c 22 50 72 6f 70 61 67 |RW":true,"Propag|
|000002e0| 61 74 69 6f 6e 22 3a 22 22 7d 5d 2c 22 43 6f 6e |ation":""}],"Con|
|000002f0| 66 69 67 22 3a 7b 22 48 6f 73 74 6e 61 6d 65 22 |fig":{"Hostname"|
|00000300| 3a 22 64 61 65 35 30 66 63 37 30 66 64 66 22 2c |:"dae50fc70fdf",|
|00000310| 22 44 6f 6d 61 69 6e 6e 61 6d 65 22 3a 22 22 2c |"Domainname":"",|
|00000320| 22 55 73 65 72 22 3a 22 22 2c 22 41 74 74 61 63 |"User":"","Attac|
|00000330| 68 53 74 64 69 6e 22 3a 66 61 6c 73 65 2c 22 41 |hStdin":false,"A|
|00000340| 74 74 61 63 68 53 74 64 6f 75 74 22 3a 66 61 6c |ttachStdout":fal|
|00000350| 73 65 2c 22 41 74 74 61 63 68 53 74 64 65 72 72 |se,"AttachStderr|
|00000360| 22 3a 66 61 6c 73 65 2c 22 45 78 70 6f 73 65 64 |":false,"Exposed|
|00000370| 50 6f 72 74 73 22 3a 7b 22 35 34 33 32 2f 74 63 |Ports":{"5432/tc|
|00000380| 70 22 3a 7b 7d 7d 2c 22 54 74 79 22 3a 66 61 6c |p":{}},"Tty":fal|
|00000390| 73 65 2c 22 4f 70 65 6e 53 74 64 69 6e 22 3a 66 |se,"OpenStdin":f|
|000003a0| 61 6c 73 65 2c 22 53 74 64 69 6e 4f 6e 63 65 22 |alse,"StdinOnce"|
|000003b0| 3a 66 61 6c 73 65 2c 22 45 6e 76 22 3a 5b 22 50 |:false,"Env":["P|
|000003c0| 4f 53 54 47 52 45 53 5f 55 53 45 52 3d 74 65 73 |OSTGRES_USER=tes|
|000003d0| 74 22 2c 22 50 4f 53 54 47 52 45 53 5f 50 41 53 |t","POSTGRES_PAS|
|000003e0| 53 57 4f 52 44 3d 74 65 73 74 22 2c 22 50 4f 53 |SWORD=test","POS|
|000003f0| 54 47 52 45 53 5f 44 42 3d 74 65 73 74 22 2c 22 |TGRES_DB=test","|
+--------+-------------------------------------------------+----------------+
14:03:34.188 [dockerjava-netty-1-15] DEBUG com.github.dockerjava.netty.NettyDockerCmdExecFactory$1 - [id: 0x42aff2da, L:/127.0.0.1:52080 - R:localhost/127.0.0.1:52061] READ: DefaultHttpContent(data: PooledSlicedByteBuf(ridx: 0, widx: 1024, cap: 1024/1024, unwrapped: PooledUnsafeDirectByteBuf(ridx: 1024, widx: 1024, cap: 1024)), decoderResult: success), 1024B
         +-------------------------------------------------+
         |  0  1  2  3  4  5  6  7  8  9  a  b  c  d  e  f |
+--------+-------------------------------------------------+----------------+
|00000000| 50 41 54 48 3d 2f 75 73 72 2f 6c 6f 63 61 6c 2f |PATH=/usr/local/|
|00000010| 73 62 69 6e 3a 2f 75 73 72 2f 6c 6f 63 61 6c 2f |sbin:/usr/local/|
|00000020| 62 69 6e 3a 2f 75 73 72 2f 73 62 69 6e 3a 2f 75 |bin:/usr/sbin:/u|
|00000030| 73 72 2f 62 69 6e 3a 2f 73 62 69 6e 3a 2f 62 69 |sr/bin:/sbin:/bi|
|00000040| 6e 3a 2f 75 73 72 2f 6c 69 62 2f 70 6f 73 74 67 |n:/usr/lib/postg|
|00000050| 72 65 73 71 6c 2f 31 30 2f 62 69 6e 22 2c 22 47 |resql/10/bin","G|
|00000060| 4f 53 55 5f 56 45 52 53 49 4f 4e 3d 31 2e 31 30 |OSU_VERSION=1.10|
|00000070| 22 2c 22 4c 41 4e 47 3d 65 6e 5f 55 53 2e 75 74 |","LANG=en_US.ut|
|00000080| 66 38 22 2c 22 50 47 5f 4d 41 4a 4f 52 3d 31 30 |f8","PG_MAJOR=10|
|00000090| 22 2c 22 50 47 5f 56 45 52 53 49 4f 4e 3d 31 30 |","PG_VERSION=10|
|000000a0| 2e 32 2d 31 2e 70 67 64 67 39 30 2b 31 22 2c 22 |.2-1.pgdg90+1","|
|000000b0| 50 47 44 41 54 41 3d 2f 76 61 72 2f 6c 69 62 2f |PGDATA=/var/lib/|
|000000c0| 70 6f 73 74 67 72 65 73 71 6c 2f 64 61 74 61 22 |postgresql/data"|
|000000d0| 5d 2c 22 43 6d 64 22 3a 5b 22 70 6f 73 74 67 72 |],"Cmd":["postgr|
|000000e0| 65 73 22 5d 2c 22 49 6d 61 67 65 22 3a 22 70 6f |es"],"Image":"po|
|000000f0| 73 74 67 72 65 73 2d 68 6f 74 65 6c 64 62 3a 6c |stgres-hoteldb:l|
|00000100| 61 74 65 73 74 22 2c 22 56 6f 6c 75 6d 65 73 22 |atest","Volumes"|
|00000110| 3a 7b 22 2f 76 61 72 2f 6c 69 62 2f 70 6f 73 74 |:{"/var/lib/post|
|00000120| 67 72 65 73 71 6c 2f 64 61 74 61 22 3a 7b 7d 7d |gresql/data":{}}|
|00000130| 2c 22 57 6f 72 6b 69 6e 67 44 69 72 22 3a 22 22 |,"WorkingDir":""|
|00000140| 2c 22 45 6e 74 72 79 70 6f 69 6e 74 22 3a 5b 22 |,"Entrypoint":["|
|00000150| 64 6f 63 6b 65 72 2d 65 6e 74 72 79 70 6f 69 6e |docker-entrypoin|
|00000160| 74 2e 73 68 22 5d 2c 22 4f 6e 42 75 69 6c 64 22 |t.sh"],"OnBuild"|
|00000170| 3a 6e 75 6c 6c 2c 22 4c 61 62 65 6c 73 22 3a 7b |:null,"Labels":{|
|00000180| 22 6f 72 67 2e 74 65 73 74 63 6f 6e 74 61 69 6e |"org.testcontain|
|00000190| 65 72 73 22 3a 22 74 72 75 65 22 2c 22 6f 72 67 |ers":"true","org|
|000001a0| 2e 74 65 73 74 63 6f 6e 74 61 69 6e 65 72 73 2e |.testcontainers.|
|000001b0| 73 65 73 73 69 6f 6e 49 64 22 3a 22 66 36 63 66 |sessionId":"f6cf|
|000001c0| 38 34 33 63 2d 37 30 34 30 2d 34 32 62 38 2d 62 |843c-7040-42b8-b|
|000001d0| 37 62 37 2d 37 30 63 62 37 39 32 66 34 34 64 66 |7b7-70cb792f44df|
|000001e0| 22 7d 7d 2c 22 4e 65 74 77 6f 72 6b 53 65 74 74 |"}},"NetworkSett|
|000001f0| 69 6e 67 73 22 3a 7b 22 42 72 69 64 67 65 22 3a |ings":{"Bridge":|
|00000200| 22 22 2c 22 53 61 6e 64 62 6f 78 49 44 22 3a 22 |"","SandboxID":"|
|00000210| 36 61 36 61 62 35 64 31 36 61 33 36 63 31 31 66 |6a6ab5d16a36c11f|
|00000220| 38 65 34 33 65 32 35 31 39 61 63 65 31 38 35 65 |8e43e2519ace185e|
|00000230| 36 39 36 66 65 30 64 65 32 35 65 31 35 61 30 31 |696fe0de25e15a01|
|00000240| 33 62 37 63 30 32 31 33 33 32 30 64 35 63 31 61 |3b7c0213320d5c1a|
|00000250| 22 2c 22 48 61 69 72 70 69 6e 4d 6f 64 65 22 3a |","HairpinMode":|
|00000260| 66 61 6c 73 65 2c 22 4c 69 6e 6b 4c 6f 63 61 6c |false,"LinkLocal|
|00000270| 49 50 76 36 41 64 64 72 65 73 73 22 3a 22 22 2c |IPv6Address":"",|
|00000280| 22 4c 69 6e 6b 4c 6f 63 61 6c 49 50 76 36 50 72 |"LinkLocalIPv6Pr|
|00000290| 65 66 69 78 4c 65 6e 22 3a 30 2c 22 50 6f 72 74 |efixLen":0,"Port|
|000002a0| 73 22 3a 7b 22 35 34 33 32 2f 74 63 70 22 3a 5b |s":{"5432/tcp":[|
|000002b0| 7b 22 48 6f 73 74 49 70 22 3a 22 30 2e 30 2e 30 |{"HostIp":"0.0.0|
|000002c0| 2e 30 22 2c 22 48 6f 73 74 50 6f 72 74 22 3a 22 |.0","HostPort":"|
|000002d0| 33 32 37 37 35 22 7d 5d 7d 2c 22 53 61 6e 64 62 |32775"}]},"Sandb|
|000002e0| 6f 78 4b 65 79 22 3a 22 2f 76 61 72 2f 72 75 6e |oxKey":"/var/run|
|000002f0| 2f 64 6f 63 6b 65 72 2f 6e 65 74 6e 73 2f 36 61 |/docker/netns/6a|
|00000300| 36 61 62 35 64 31 36 61 33 36 22 2c 22 53 65 63 |6ab5d16a36","Sec|
|00000310| 6f 6e 64 61 72 79 49 50 41 64 64 72 65 73 73 65 |ondaryIPAddresse|
|00000320| 73 22 3a 6e 75 6c 6c 2c 22 53 65 63 6f 6e 64 61 |s":null,"Seconda|
|00000330| 72 79 49 50 76 36 41 64 64 72 65 73 73 65 73 22 |ryIPv6Addresses"|
|00000340| 3a 6e 75 6c 6c 2c 22 45 6e 64 70 6f 69 6e 74 49 |:null,"EndpointI|
|00000350| 44 22 3a 22 35 32 62 32 34 34 35 66 39 32 38 32 |D":"52b2445f9282|
|00000360| 61 63 61 36 39 35 31 38 31 32 64 38 62 33 33 30 |aca6951812d8b330|
|00000370| 63 31 35 32 65 30 31 37 31 38 34 62 38 31 65 34 |c152e017184b81e4|
|00000380| 64 66 36 36 63 64 31 39 30 30 35 65 35 39 61 31 |df66cd19005e59a1|
|00000390| 62 63 65 62 22 2c 22 47 61 74 65 77 61 79 22 3a |bceb","Gateway":|
|000003a0| 22 31 37 32 2e 31 37 2e 30 2e 31 22 2c 22 47 6c |"172.17.0.1","Gl|
|000003b0| 6f 62 61 6c 49 50 76 36 41 64 64 72 65 73 73 22 |obalIPv6Address"|
|000003c0| 3a 22 22 2c 22 47 6c 6f 62 61 6c 49 50 76 36 50 |:"","GlobalIPv6P|
|000003d0| 72 65 66 69 78 4c 65 6e 22 3a 30 2c 22 49 50 41 |refixLen":0,"IPA|
|000003e0| 64 64 72 65 73 73 22 3a 22 31 37 32 2e 31 37 2e |ddress":"172.17.|
|000003f0| 30 2e 33 22 2c 22 49 50 50 72 65 66 69 78 4c 65 |0.3","IPPrefixLe|
+--------+-------------------------------------------------+----------------+
14:03:34.188 [dockerjava-netty-1-15] DEBUG com.github.dockerjava.netty.NettyDockerCmdExecFactory$1 - [id: 0x42aff2da, L:/127.0.0.1:52080 - R:localhost/127.0.0.1:52061] READ: DefaultHttpContent(data: PooledSlicedByteBuf(ridx: 0, widx: 467, cap: 467/467, unwrapped: PooledUnsafeDirectByteBuf(ridx: 469, widx: 474, cap: 1024)), decoderResult: success), 467B
         +-------------------------------------------------+
         |  0  1  2  3  4  5  6  7  8  9  a  b  c  d  e  f |
+--------+-------------------------------------------------+----------------+
|00000000| 6e 22 3a 31 36 2c 22 49 50 76 36 47 61 74 65 77 |n":16,"IPv6Gatew|
|00000010| 61 79 22 3a 22 22 2c 22 4d 61 63 41 64 64 72 65 |ay":"","MacAddre|
|00000020| 73 73 22 3a 22 30 32 3a 34 32 3a 61 63 3a 31 31 |ss":"02:42:ac:11|
|00000030| 3a 30 30 3a 30 33 22 2c 22 4e 65 74 77 6f 72 6b |:00:03","Network|
|00000040| 73 22 3a 7b 22 62 72 69 64 67 65 22 3a 7b 22 49 |s":{"bridge":{"I|
|00000050| 50 41 4d 43 6f 6e 66 69 67 22 3a 6e 75 6c 6c 2c |PAMConfig":null,|
|00000060| 22 4c 69 6e 6b 73 22 3a 6e 75 6c 6c 2c 22 41 6c |"Links":null,"Al|
|00000070| 69 61 73 65 73 22 3a 6e 75 6c 6c 2c 22 4e 65 74 |iases":null,"Net|
|00000080| 77 6f 72 6b 49 44 22 3a 22 64 65 31 35 34 31 64 |workID":"de1541d|
|00000090| 62 62 38 35 38 61 63 62 33 30 32 63 31 64 37 39 |bb858acb302c1d79|
|000000a0| 36 65 38 65 31 38 31 38 33 36 37 66 31 63 37 64 |6e8e1818367f1c7d|
|000000b0| 31 37 37 37 33 35 38 34 32 63 39 38 32 33 39 32 |177735842c982392|
|000000c0| 35 36 63 64 32 61 64 62 37 22 2c 22 45 6e 64 70 |56cd2adb7","Endp|
|000000d0| 6f 69 6e 74 49 44 22 3a 22 35 32 62 32 34 34 35 |ointID":"52b2445|
|000000e0| 66 39 32 38 32 61 63 61 36 39 35 31 38 31 32 64 |f9282aca6951812d|
|000000f0| 38 62 33 33 30 63 31 35 32 65 30 31 37 31 38 34 |8b330c152e017184|
|00000100| 62 38 31 65 34 64 66 36 36 63 64 31 39 30 30 35 |b81e4df66cd19005|
|00000110| 65 35 39 61 31 62 63 65 62 22 2c 22 47 61 74 65 |e59a1bceb","Gate|
|00000120| 77 61 79 22 3a 22 31 37 32 2e 31 37 2e 30 2e 31 |way":"172.17.0.1|
|00000130| 22 2c 22 49 50 41 64 64 72 65 73 73 22 3a 22 31 |","IPAddress":"1|
|00000140| 37 32 2e 31 37 2e 30 2e 33 22 2c 22 49 50 50 72 |72.17.0.3","IPPr|
|00000150| 65 66 69 78 4c 65 6e 22 3a 31 36 2c 22 49 50 76 |efixLen":16,"IPv|
|00000160| 36 47 61 74 65 77 61 79 22 3a 22 22 2c 22 47 6c |6Gateway":"","Gl|
|00000170| 6f 62 61 6c 49 50 76 36 41 64 64 72 65 73 73 22 |obalIPv6Address"|
|00000180| 3a 22 22 2c 22 47 6c 6f 62 61 6c 49 50 76 36 50 |:"","GlobalIPv6P|
|00000190| 72 65 66 69 78 4c 65 6e 22 3a 30 2c 22 4d 61 63 |refixLen":0,"Mac|
|000001a0| 41 64 64 72 65 73 73 22 3a 22 30 32 3a 34 32 3a |Address":"02:42:|
|000001b0| 61 63 3a 31 31 3a 30 30 3a 30 33 22 2c 22 44 72 |ac:11:00:03","Dr|
|000001c0| 69 76 65 72 4f 70 74 73 22 3a 6e 75 6c 6c 7d 7d |iverOpts":null}}|
|000001d0| 7d 7d 0a                                        |}}.             |
+--------+-------------------------------------------------+----------------+
14:03:34.190 [dockerjava-netty-1-15] DEBUG com.github.dockerjava.netty.NettyDockerCmdExecFactory$1 - [id: 0x42aff2da, L:/127.0.0.1:52080 - R:localhost/127.0.0.1:52061] READ, EmptyLastHttpContent, 0B
14:03:34.190 [dockerjava-netty-1-15] DEBUG com.github.dockerjava.netty.NettyDockerCmdExecFactory$1 - [id: 0x42aff2da, L:/127.0.0.1:52080 - R:localhost/127.0.0.1:52061] CLOSE
14:03:34.190 [dockerjava-netty-1-15] DEBUG com.github.dockerjava.netty.NettyDockerCmdExecFactory$1 - [id: 0x42aff2da, L:/127.0.0.1:52080 ! R:localhost/127.0.0.1:52061] READ COMPLETE
14:03:34.190 [dockerjava-netty-1-15] DEBUG com.github.dockerjava.netty.NettyDockerCmdExecFactory$1 - [id: 0x42aff2da, L:/127.0.0.1:52080 ! R:localhost/127.0.0.1:52061] INACTIVE
14:03:34.190 [dockerjava-netty-1-15] DEBUG com.github.dockerjava.netty.NettyDockerCmdExecFactory$1 - [id: 0x42aff2da, L:/127.0.0.1:52080 ! R:localhost/127.0.0.1:52061] UNREGISTERED
14:03:34.194 [Thread-1] DEBUG org.rnorth.tcpunixsocketproxy.ProxyThread - Accepting incoming connection from /127.0.0.1:52081
14:03:34.195 [dockerjava-netty-1-16] DEBUG com.github.dockerjava.netty.NettyDockerCmdExecFactory$1 - [id: 0x2747a9c3, L:/127.0.0.1:52081 - R:localhost/127.0.0.1:52061] WRITE, DefaultFullHttpRequest(decodeResult: success, version: HTTP/1.1, content: UnpooledByteBufAllocator$InstrumentedUnpooledUnsafeHeapByteBuf(ridx: 0, widx: 0, cap: 0))
GET /containers/dae50fc70fdfc2946f9c162b5ae1390183ac68b96a0a0b6513259b31097a0a98/logs?since=0&stdout=true&stderr=true&follow=true HTTP/1.1
host: 
connection: keep-alive
accept-encoding: gzip, 0B
14:03:34.195 [dockerjava-netty-1-16] DEBUG com.github.dockerjava.netty.NettyDockerCmdExecFactory$1 - [id: 0x2747a9c3, L:/127.0.0.1:52081 - R:localhost/127.0.0.1:52061] FLUSH
14:03:34.197 [dockerjava-netty-1-16] DEBUG com.github.dockerjava.netty.NettyDockerCmdExecFactory$1 - [id: 0x2747a9c3, L:/127.0.0.1:52081 - R:localhost/127.0.0.1:52061] READ: DefaultHttpResponse(decodeResult: success, version: HTTP/1.1)
HTTP/1.1 200 OK
Api-Version: 1.37
Content-Type: text/plain; charset=utf-8
Date: Thu, 24 May 2018 12:03:23 GMT
Docker-Experimental: true
Ostype: linux
Server: Docker/18.03.1-ce (linux)
Transfer-Encoding: chunked
14:03:34.197 [dockerjava-netty-1-16] DEBUG com.github.dockerjava.netty.NettyDockerCmdExecFactory$1 - [id: 0x2747a9c3, L:/127.0.0.1:52081 - R:localhost/127.0.0.1:52061] READ COMPLETE
14:03:34.199 [dockerjava-netty-1-16] DEBUG com.github.dockerjava.netty.NettyDockerCmdExecFactory$1 - [id: 0x2747a9c3, L:/127.0.0.1:52081 - R:localhost/127.0.0.1:52061] READ: DefaultHttpContent(data: PooledSlicedByteBuf(ridx: 0, widx: 548, cap: 548/548, unwrapped: PooledUnsafeDirectByteBuf(ridx: 555, widx: 555, cap: 1024)), decoderResult: success), 548B
         +-------------------------------------------------+
         |  0  1  2  3  4  5  6  7  8  9  a  b  c  d  e  f |
+--------+-------------------------------------------------+----------------+
|00000000| 01 00 00 00 00 00 00 4e 54 68 65 20 66 69 6c 65 |.......NThe file|
|00000010| 73 20 62 65 6c 6f 6e 67 69 6e 67 20 74 6f 20 74 |s belonging to t|
|00000020| 68 69 73 20 64 61 74 61 62 61 73 65 20 73 79 73 |his database sys|
|00000030| 74 65 6d 20 77 69 6c 6c 20 62 65 20 6f 77 6e 65 |tem will be owne|
|00000040| 64 20 62 79 20 75 73 65 72 20 22 70 6f 73 74 67 |d by user "postg|
|00000050| 72 65 73 22 2e 0a 01 00 00 00 00 00 00 2c 54 68 |res".........,Th|
|00000060| 69 73 20 75 73 65 72 20 6d 75 73 74 20 61 6c 73 |is user must als|
|00000070| 6f 20 6f 77 6e 20 74 68 65 20 73 65 72 76 65 72 |o own the server|
|00000080| 20 70 72 6f 63 65 73 73 2e 0a 01 00 00 00 00 00 | process........|
|00000090| 00 01 0a 01 00 00 00 00 00 00 43 54 68 65 20 64 |..........CThe d|
|000000a0| 61 74 61 62 61 73 65 20 63 6c 75 73 74 65 72 20 |atabase cluster |
|000000b0| 77 69 6c 6c 20 62 65 20 69 6e 69 74 69 61 6c 69 |will be initiali|
|000000c0| 7a 65 64 20 77 69 74 68 20 6c 6f 63 61 6c 65 20 |zed with locale |
|000000d0| 22 65 6e 5f 55 53 2e 75 74 66 38 22 2e 0a 01 00 |"en_US.utf8"....|
|000000e0| 00 00 00 00 00 42 54 68 65 20 64 65 66 61 75 6c |.....BThe defaul|
|000000f0| 74 20 64 61 74 61 62 61 73 65 20 65 6e 63 6f 64 |t database encod|
|00000100| 69 6e 67 20 68 61 73 20 61 63 63 6f 72 64 69 6e |ing has accordin|
|00000110| 67 6c 79 20 62 65 65 6e 20 73 65 74 20 74 6f 20 |gly been set to |
|00000120| 22 55 54 46 38 22 2e 0a 01 00 00 00 00 00 00 40 |"UTF8".........@|
|00000130| 54 68 65 20 64 65 66 61 75 6c 74 20 74 65 78 74 |The default text|
|00000140| 20 73 65 61 72 63 68 20 63 6f 6e 66 69 67 75 72 | search configur|
|00000150| 61 74 69 6f 6e 20 77 69 6c 6c 20 62 65 20 73 65 |ation will be se|
|00000160| 74 20 74 6f 20 22 65 6e 67 6c 69 73 68 22 2e 0a |t to "english"..|
|00000170| 01 00 00 00 00 00 00 01 0a 01 00 00 00 00 00 00 |................|
|00000180| 22 44 61 74 61 20 70 61 67 65 20 63 68 65 63 6b |"Data page check|
|00000190| 73 75 6d 73 20 61 72 65 20 64 69 73 61 62 6c 65 |sums are disable|
|000001a0| 64 2e 0a 01 00 00 00 00 00 00 01 0a 01 00 00 00 |d...............|
|000001b0| 00 00 00 49 66 69 78 69 6e 67 20 70 65 72 6d 69 |...Ifixing permi|
|000001c0| 73 73 69 6f 6e 73 20 6f 6e 20 65 78 69 73 74 69 |ssions on existi|
|000001d0| 6e 67 20 64 69 72 65 63 74 6f 72 79 20 2f 76 61 |ng directory /va|
|000001e0| 72 2f 6c 69 62 2f 70 6f 73 74 67 72 65 73 71 6c |r/lib/postgresql|
|000001f0| 2f 64 61 74 61 20 2e 2e 2e 20 6f 6b 0a 01 00 00 |/data ... ok....|
|00000200| 00 00 00 00 1f 63 72 65 61 74 69 6e 67 20 73 75 |.....creating su|
|00000210| 62 64 69 72 65 63 74 6f 72 69 65 73 20 2e 2e 2e |bdirectories ...|
|00000220| 20 6f 6b 0a                                     | ok.            |
+--------+-------------------------------------------------+----------------+
14:03:34.200 [dockerjava-netty-1-16] DEBUG com.github.dockerjava.netty.NettyDockerCmdExecFactory$1 - [id: 0x2747a9c3, L:/127.0.0.1:52081 - R:localhost/127.0.0.1:52061] READ COMPLETE
14:03:34.200 [main] DEBUG org.testcontainers.containers.output.WaitingConsumer - STDOUT: 
14:03:34.200 [main] DEBUG org.testcontainers.containers.output.WaitingConsumer - STDOUT: creating subdirectories ... ok
14:03:34.200 [main] DEBUG org.testcontainers.containers.output.WaitingConsumer - STDOUT: fixing permissions on existing directory /var/lib/postgresql/data ... ok
14:03:34.200 [main] DEBUG org.testcontainers.containers.output.WaitingConsumer - STDOUT: 
14:03:34.200 [main] DEBUG org.testcontainers.containers.output.WaitingConsumer - STDOUT: Data page checksums are disabled.
14:03:34.200 [main] DEBUG org.testcontainers.containers.output.WaitingConsumer - STDOUT: 
14:03:34.200 [main] DEBUG org.testcontainers.containers.output.WaitingConsumer - STDOUT: The default text search configuration will be set to "english".
14:03:34.200 [main] DEBUG org.testcontainers.containers.output.WaitingConsumer - STDOUT: The default database encoding has accordingly been set to "UTF8".
14:03:34.200 [main] DEBUG org.testcontainers.containers.output.WaitingConsumer - STDOUT: The database cluster will be initialized with locale "en_US.utf8".
14:03:34.200 [main] DEBUG org.testcontainers.containers.output.WaitingConsumer - STDOUT: This user must also own the server process.
14:03:34.201 [main] DEBUG org.testcontainers.containers.output.WaitingConsumer - STDOUT: The files belonging to this database system will be owned by user "postgres".
14:03:34.203 [dockerjava-netty-1-16] DEBUG com.github.dockerjava.netty.NettyDockerCmdExecFactory$1 - [id: 0x2747a9c3, L:/127.0.0.1:52081 - R:localhost/127.0.0.1:52061] READ: DefaultHttpContent(data: PooledSlicedByteBuf(ridx: 0, widx: 50, cap: 50/50, unwrapped: PooledUnsafeDirectByteBuf(ridx: 56, widx: 56, cap: 1024)), decoderResult: success), 50B
         +-------------------------------------------------+
         |  0  1  2  3  4  5  6  7  8  9  a  b  c  d  e  f |
+--------+-------------------------------------------------+----------------+
|00000000| 01 00 00 00 00 00 00 2a 73 65 6c 65 63 74 69 6e |.......*selectin|
|00000010| 67 20 64 65 66 61 75 6c 74 20 6d 61 78 5f 63 6f |g default max_co|
|00000020| 6e 6e 65 63 74 69 6f 6e 73 20 2e 2e 2e 20 31 30 |nnections ... 10|
|00000030| 30 0a                                           |0.              |
+--------+-------------------------------------------------+----------------+
14:03:34.203 [dockerjava-netty-1-16] DEBUG com.github.dockerjava.netty.NettyDockerCmdExecFactory$1 - [id: 0x2747a9c3, L:/127.0.0.1:52081 - R:localhost/127.0.0.1:52061] READ COMPLETE
14:03:34.212 [main] DEBUG org.testcontainers.containers.output.WaitingConsumer - STDOUT: selecting default max_connections ... 100
14:03:34.214 [dockerjava-netty-1-16] DEBUG com.github.dockerjava.netty.NettyDockerCmdExecFactory$1 - [id: 0x2747a9c3, L:/127.0.0.1:52081 - R:localhost/127.0.0.1:52061] READ: DefaultHttpContent(data: PooledSlicedByteBuf(ridx: 0, widx: 116, cap: 116/116, unwrapped: PooledUnsafeDirectByteBuf(ridx: 122, widx: 122, cap: 512)), decoderResult: success), 116B
         +-------------------------------------------------+
         |  0  1  2  3  4  5  6  7  8  9  a  b  c  d  e  f |
+--------+-------------------------------------------------+----------------+
|00000000| 01 00 00 00 00 00 00 2b 73 65 6c 65 63 74 69 6e |.......+selectin|
|00000010| 67 20 64 65 66 61 75 6c 74 20 73 68 61 72 65 64 |g default shared|
|00000020| 5f 62 75 66 66 65 72 73 20 2e 2e 2e 20 31 32 38 |_buffers ... 128|
|00000030| 4d 42 0a 01 00 00 00 00 00 00 39 73 65 6c 65 63 |MB........9selec|
|00000040| 74 69 6e 67 20 64 79 6e 61 6d 69 63 20 73 68 61 |ting dynamic sha|
|00000050| 72 65 64 20 6d 65 6d 6f 72 79 20 69 6d 70 6c 65 |red memory imple|
|00000060| 6d 65 6e 74 61 74 69 6f 6e 20 2e 2e 2e 20 70 6f |mentation ... po|
|00000070| 73 69 78 0a                                     |six.            |
+--------+-------------------------------------------------+----------------+
14:03:34.214 [dockerjava-netty-1-16] DEBUG com.github.dockerjava.netty.NettyDockerCmdExecFactory$1 - [id: 0x2747a9c3, L:/127.0.0.1:52081 - R:localhost/127.0.0.1:52061] READ COMPLETE
14:03:34.224 [main] DEBUG org.testcontainers.containers.output.WaitingConsumer - STDOUT: selecting dynamic shared memory implementation ... posix
14:03:34.224 [main] DEBUG org.testcontainers.containers.output.WaitingConsumer - STDOUT: selecting default shared_buffers ... 128MB
14:03:34.459 [dockerjava-netty-1-16] DEBUG com.github.dockerjava.netty.NettyDockerCmdExecFactory$1 - [id: 0x2747a9c3, L:/127.0.0.1:52081 - R:localhost/127.0.0.1:52061] READ: DefaultHttpContent(data: PooledSlicedByteBuf(ridx: 0, widx: 44, cap: 44/44, unwrapped: PooledUnsafeDirectByteBuf(ridx: 50, widx: 50, cap: 512)), decoderResult: success), 44B
         +-------------------------------------------------+
         |  0  1  2  3  4  5  6  7  8  9  a  b  c  d  e  f |
+--------+-------------------------------------------------+----------------+
|00000000| 01 00 00 00 00 00 00 24 63 72 65 61 74 69 6e 67 |.......$creating|
|00000010| 20 63 6f 6e 66 69 67 75 72 61 74 69 6f 6e 20 66 | configuration f|
|00000020| 69 6c 65 73 20 2e 2e 2e 20 6f 6b 0a             |iles ... ok.    |
+--------+-------------------------------------------------+----------------+
14:03:34.459 [dockerjava-netty-1-16] DEBUG com.github.dockerjava.netty.NettyDockerCmdExecFactory$1 - [id: 0x2747a9c3, L:/127.0.0.1:52081 - R:localhost/127.0.0.1:52061] READ COMPLETE
14:03:34.460 [main] DEBUG org.testcontainers.containers.output.WaitingConsumer - STDOUT: creating configuration files ... ok
14:03:34.552 [dockerjava-netty-1-16] DEBUG com.github.dockerjava.netty.NettyDockerCmdExecFactory$1 - [id: 0x2747a9c3, L:/127.0.0.1:52081 - R:localhost/127.0.0.1:52061] READ: DefaultHttpContent(data: PooledSlicedByteBuf(ridx: 0, widx: 40, cap: 40/40, unwrapped: PooledUnsafeDirectByteBuf(ridx: 46, widx: 46, cap: 496)), decoderResult: success), 40B
         +-------------------------------------------------+
         |  0  1  2  3  4  5  6  7  8  9  a  b  c  d  e  f |
+--------+-------------------------------------------------+----------------+
|00000000| 01 00 00 00 00 00 00 20 72 75 6e 6e 69 6e 67 20 |....... running |
|00000010| 62 6f 6f 74 73 74 72 61 70 20 73 63 72 69 70 74 |bootstrap script|
|00000020| 20 2e 2e 2e 20 6f 6b 0a                         | ... ok.        |
+--------+-------------------------------------------------+----------------+
14:03:34.552 [dockerjava-netty-1-16] DEBUG com.github.dockerjava.netty.NettyDockerCmdExecFactory$1 - [id: 0x2747a9c3, L:/127.0.0.1:52081 - R:localhost/127.0.0.1:52061] READ COMPLETE
14:03:34.552 [main] DEBUG org.testcontainers.containers.output.WaitingConsumer - STDOUT: running bootstrap script ... ok
14:03:34.894 [dockerjava-netty-1-16] DEBUG com.github.dockerjava.netty.NettyDockerCmdExecFactory$1 - [id: 0x2747a9c3, L:/127.0.0.1:52081 - R:localhost/127.0.0.1:52061] READ: DefaultHttpContent(data: PooledSlicedByteBuf(ridx: 0, widx: 56, cap: 56/56, unwrapped: PooledUnsafeDirectByteBuf(ridx: 62, widx: 62, cap: 496)), decoderResult: success), 56B
         +-------------------------------------------------+
         |  0  1  2  3  4  5  6  7  8  9  a  b  c  d  e  f |
+--------+-------------------------------------------------+----------------+
|00000000| 01 00 00 00 00 00 00 30 70 65 72 66 6f 72 6d 69 |.......0performi|
|00000010| 6e 67 20 70 6f 73 74 2d 62 6f 6f 74 73 74 72 61 |ng post-bootstra|
|00000020| 70 20 69 6e 69 74 69 61 6c 69 7a 61 74 69 6f 6e |p initialization|
|00000030| 20 2e 2e 2e 20 6f 6b 0a                         | ... ok.        |
+--------+-------------------------------------------------+----------------+
14:03:34.894 [dockerjava-netty-1-16] DEBUG com.github.dockerjava.netty.NettyDockerCmdExecFactory$1 - [id: 0x2747a9c3, L:/127.0.0.1:52081 - R:localhost/127.0.0.1:52061] READ COMPLETE
14:03:34.895 [main] DEBUG org.testcontainers.containers.output.WaitingConsumer - STDOUT: performing post-bootstrap initialization ... ok
14:03:35.067 [dockerjava-netty-1-16] DEBUG com.github.dockerjava.netty.NettyDockerCmdExecFactory$1 - [id: 0x2747a9c3, L:/127.0.0.1:52081 - R:localhost/127.0.0.1:52061] READ: DefaultHttpContent(data: PooledSlicedByteBuf(ridx: 0, widx: 189, cap: 189/189, unwrapped: PooledUnsafeDirectByteBuf(ridx: 195, widx: 195, cap: 480)), decoderResult: success), 189B
         +-------------------------------------------------+
         |  0  1  2  3  4  5  6  7  8  9  a  b  c  d  e  f |
+--------+-------------------------------------------------+----------------+
|00000000| 01 00 00 00 00 00 00 1c 73 79 6e 63 69 6e 67 20 |........syncing |
|00000010| 64 61 74 61 20 74 6f 20 64 69 73 6b 20 2e 2e 2e |data to disk ...|
|00000020| 20 6f 6b 0a 01 00 00 00 00 00 00 01 0a 01 00 00 | ok.............|
|00000030| 00 00 00 00 36 53 75 63 63 65 73 73 2e 20 59 6f |....6Success. Yo|
|00000040| 75 20 63 61 6e 20 6e 6f 77 20 73 74 61 72 74 20 |u can now start |
|00000050| 74 68 65 20 64 61 74 61 62 61 73 65 20 73 65 72 |the database ser|
|00000060| 76 65 72 20 75 73 69 6e 67 3a 0a 01 00 00 00 00 |ver using:......|
|00000070| 00 00 01 0a 01 00 00 00 00 00 00 38 20 20 20 20 |...........8    |
|00000080| 70 67 5f 63 74 6c 20 2d 44 20 2f 76 61 72 2f 6c |pg_ctl -D /var/l|
|00000090| 69 62 2f 70 6f 73 74 67 72 65 73 71 6c 2f 64 61 |ib/postgresql/da|
|000000a0| 74 61 20 2d 6c 20 6c 6f 67 66 69 6c 65 20 73 74 |ta -l logfile st|
|000000b0| 61 72 74 0a 01 00 00 00 00 00 00 01 0a          |art..........   |
+--------+-------------------------------------------------+----------------+
14:03:35.067 [dockerjava-netty-1-16] DEBUG com.github.dockerjava.netty.NettyDockerCmdExecFactory$1 - [id: 0x2747a9c3, L:/127.0.0.1:52081 - R:localhost/127.0.0.1:52061] READ COMPLETE
14:03:35.067 [main] DEBUG org.testcontainers.containers.output.WaitingConsumer - STDOUT: Success. You can now start the database server using:
14:03:35.067 [main] DEBUG org.testcontainers.containers.output.WaitingConsumer - STDOUT: 
14:03:35.067 [main] DEBUG org.testcontainers.containers.output.WaitingConsumer - STDOUT:     pg_ctl -D /var/lib/postgresql/data -l logfile start
14:03:35.067 [main] DEBUG org.testcontainers.containers.output.WaitingConsumer - STDOUT: 
14:03:35.067 [main] DEBUG org.testcontainers.containers.output.WaitingConsumer - STDOUT: 
14:03:35.068 [main] DEBUG org.testcontainers.containers.output.WaitingConsumer - STDOUT: syncing data to disk ... ok
14:03:35.073 [dockerjava-netty-1-16] DEBUG com.github.dockerjava.netty.NettyDockerCmdExecFactory$1 - [id: 0x2747a9c3, L:/127.0.0.1:52081 - R:localhost/127.0.0.1:52061] READ: DefaultHttpContent(data: PooledSlicedByteBuf(ridx: 0, widx: 9, cap: 9/9, unwrapped: PooledUnsafeDirectByteBuf(ridx: 14, widx: 91, cap: 480)), decoderResult: success), 9B
         +-------------------------------------------------+
         |  0  1  2  3  4  5  6  7  8  9  a  b  c  d  e  f |
+--------+-------------------------------------------------+----------------+
|00000000| 02 00 00 00 00 00 00 01 0a                      |.........       |
+--------+-------------------------------------------------+----------------+
14:03:35.073 [dockerjava-netty-1-16] DEBUG com.github.dockerjava.netty.NettyDockerCmdExecFactory$1 - [id: 0x2747a9c3, L:/127.0.0.1:52081 - R:localhost/127.0.0.1:52061] READ: DefaultHttpContent(data: PooledSlicedByteBuf(ridx: 0, widx: 71, cap: 71/71, unwrapped: PooledUnsafeDirectByteBuf(ridx: 91, widx: 91, cap: 480)), decoderResult: success), 71B
         +-------------------------------------------------+
         |  0  1  2  3  4  5  6  7  8  9  a  b  c  d  e  f |
+--------+-------------------------------------------------+----------------+
|00000000| 02 00 00 00 00 00 00 3f 57 41 52 4e 49 4e 47 3a |.......?WARNING:|
|00000010| 20 65 6e 61 62 6c 69 6e 67 20 22 74 72 75 73 74 | enabling "trust|
|00000020| 22 20 61 75 74 68 65 6e 74 69 63 61 74 69 6f 6e |" authentication|
|00000030| 20 66 6f 72 20 6c 6f 63 61 6c 20 63 6f 6e 6e 65 | for local conne|
|00000040| 63 74 69 6f 6e 73 0a                            |ctions.         |
+--------+-------------------------------------------------+----------------+
14:03:35.073 [dockerjava-netty-1-16] DEBUG com.github.dockerjava.netty.NettyDockerCmdExecFactory$1 - [id: 0x2747a9c3, L:/127.0.0.1:52081 - R:localhost/127.0.0.1:52061] READ COMPLETE
14:03:35.074 [dockerjava-netty-1-16] DEBUG com.github.dockerjava.netty.NettyDockerCmdExecFactory$1 - [id: 0x2747a9c3, L:/127.0.0.1:52081 - R:localhost/127.0.0.1:52061] READ: DefaultHttpContent(data: PooledSlicedByteBuf(ridx: 0, widx: 78, cap: 78/78, unwrapped: PooledUnsafeDirectByteBuf(ridx: 84, widx: 158, cap: 464)), decoderResult: success), 78B
         +-------------------------------------------------+
         |  0  1  2  3  4  5  6  7  8  9  a  b  c  d  e  f |
+--------+-------------------------------------------------+----------------+
|00000000| 02 00 00 00 00 00 00 46 59 6f 75 20 63 61 6e 20 |.......FYou can |
|00000010| 63 68 61 6e 67 65 20 74 68 69 73 20 62 79 20 65 |change this by e|
|00000020| 64 69 74 69 6e 67 20 70 67 5f 68 62 61 2e 63 6f |diting pg_hba.co|
|00000030| 6e 66 20 6f 72 20 75 73 69 6e 67 20 74 68 65 20 |nf or using the |
|00000040| 6f 70 74 69 6f 6e 20 2d 41 2c 20 6f 72 0a       |option -A, or.  |
+--------+-------------------------------------------------+----------------+
14:03:35.074 [dockerjava-netty-1-16] DEBUG com.github.dockerjava.netty.NettyDockerCmdExecFactory$1 - [id: 0x2747a9c3, L:/127.0.0.1:52081 - R:localhost/127.0.0.1:52061] READ: DefaultHttpContent(data: PooledSlicedByteBuf(ridx: 0, widx: 68, cap: 68/68, unwrapped: PooledUnsafeDirectByteBuf(ridx: 158, widx: 158, cap: 464)), decoderResult: success), 68B
         +-------------------------------------------------+
         |  0  1  2  3  4  5  6  7  8  9  a  b  c  d  e  f |
+--------+-------------------------------------------------+----------------+
|00000000| 02 00 00 00 00 00 00 3c 2d 2d 61 75 74 68 2d 6c |.......<--auth-l|
|00000010| 6f 63 61 6c 20 61 6e 64 20 2d 2d 61 75 74 68 2d |ocal and --auth-|
|00000020| 68 6f 73 74 2c 20 74 68 65 20 6e 65 78 74 20 74 |host, the next t|
|00000030| 69 6d 65 20 79 6f 75 20 72 75 6e 20 69 6e 69 74 |ime you run init|
|00000040| 64 62 2e 0a                                     |db..            |
+--------+-------------------------------------------------+----------------+
14:03:35.074 [dockerjava-netty-1-16] DEBUG com.github.dockerjava.netty.NettyDockerCmdExecFactory$1 - [id: 0x2747a9c3, L:/127.0.0.1:52081 - R:localhost/127.0.0.1:52061] READ COMPLETE
14:03:35.080 [main] DEBUG org.testcontainers.containers.output.WaitingConsumer - STDERR: --auth-local and --auth-host, the next time you run initdb.
14:03:35.080 [main] DEBUG org.testcontainers.containers.output.WaitingConsumer - STDERR: You can change this by editing pg_hba.conf or using the option -A, or
14:03:35.080 [main] DEBUG org.testcontainers.containers.output.WaitingConsumer - STDERR: WARNING: enabling "trust" authentication for local connections
14:03:35.080 [main] DEBUG org.testcontainers.containers.output.WaitingConsumer - STDERR: 
14:03:35.088 [dockerjava-netty-1-16] DEBUG com.github.dockerjava.netty.NettyDockerCmdExecFactory$1 - [id: 0x2747a9c3, L:/127.0.0.1:52081 - R:localhost/127.0.0.1:52061] READ: DefaultHttpContent(data: PooledSlicedByteBuf(ridx: 0, widx: 127, cap: 127/127, unwrapped: PooledUnsafeDirectByteBuf(ridx: 133, widx: 133, cap: 464)), decoderResult: success), 127B
         +-------------------------------------------------+
         |  0  1  2  3  4  5  6  7  8  9  a  b  c  d  e  f |
+--------+-------------------------------------------------+----------------+
|00000000| 01 00 00 00 00 00 00 77 77 61 69 74 69 6e 67 20 |.......wwaiting |
|00000010| 66 6f 72 20 73 65 72 76 65 72 20 74 6f 20 73 74 |for server to st|
|00000020| 61 72 74 2e 2e 2e 2e 32 30 31 38 2d 30 35 2d 32 |art....2018-05-2|
|00000030| 34 20 31 32 3a 30 33 3a 32 34 2e 32 33 31 20 55 |4 12:03:24.231 U|
|00000040| 54 43 20 5b 34 30 5d 20 4c 4f 47 3a 20 20 6c 69 |TC [40] LOG:  li|
|00000050| 73 74 65 6e 69 6e 67 20 6f 6e 20 49 50 76 34 20 |stening on IPv4 |
|00000060| 61 64 64 72 65 73 73 20 22 31 32 37 2e 30 2e 30 |address "127.0.0|
|00000070| 2e 31 22 2c 20 70 6f 72 74 20 35 34 33 32 0a    |.1", port 5432. |
+--------+-------------------------------------------------+----------------+
14:03:35.088 [dockerjava-netty-1-16] DEBUG com.github.dockerjava.netty.NettyDockerCmdExecFactory$1 - [id: 0x2747a9c3, L:/127.0.0.1:52081 - R:localhost/127.0.0.1:52061] READ COMPLETE
14:03:35.089 [dockerjava-netty-1-16] DEBUG com.github.dockerjava.netty.NettyDockerCmdExecFactory$1 - [id: 0x2747a9c3, L:/127.0.0.1:52081 - R:localhost/127.0.0.1:52061] READ: DefaultHttpContent(data: PooledSlicedByteBuf(ridx: 0, widx: 114, cap: 114/114, unwrapped: PooledUnsafeDirectByteBuf(ridx: 120, widx: 264, cap: 448)), decoderResult: success), 114B
         +-------------------------------------------------+
         |  0  1  2  3  4  5  6  7  8  9  a  b  c  d  e  f |
+--------+-------------------------------------------------+----------------+
|00000000| 01 00 00 00 00 00 00 6a 32 30 31 38 2d 30 35 2d |.......j2018-05-|
|00000010| 32 34 20 31 32 3a 30 33 3a 32 34 2e 32 33 31 20 |24 12:03:24.231 |
|00000020| 55 54 43 20 5b 34 30 5d 20 4c 4f 47 3a 20 20 63 |UTC [40] LOG:  c|
|00000030| 6f 75 6c 64 20 6e 6f 74 20 62 69 6e 64 20 49 50 |ould not bind IP|
|00000040| 76 36 20 61 64 64 72 65 73 73 20 22 3a 3a 31 22 |v6 address "::1"|
|00000050| 3a 20 43 61 6e 6e 6f 74 20 61 73 73 69 67 6e 20 |: Cannot assign |
|00000060| 72 65 71 75 65 73 74 65 64 20 61 64 64 72 65 73 |requested addres|
|00000070| 73 0a                                           |s.              |
+--------+-------------------------------------------------+----------------+
14:03:35.089 [dockerjava-netty-1-16] DEBUG com.github.dockerjava.netty.NettyDockerCmdExecFactory$1 - [id: 0x2747a9c3, L:/127.0.0.1:52081 - R:localhost/127.0.0.1:52061] READ: DefaultHttpContent(data: PooledSlicedByteBuf(ridx: 0, widx: 138, cap: 138/138, unwrapped: PooledUnsafeDirectByteBuf(ridx: 264, widx: 264, cap: 448)), decoderResult: success), 138B
         +-------------------------------------------------+
         |  0  1  2  3  4  5  6  7  8  9  a  b  c  d  e  f |
+--------+-------------------------------------------------+----------------+
|00000000| 01 00 00 00 00 00 00 82 32 30 31 38 2d 30 35 2d |........2018-05-|
|00000010| 32 34 20 31 32 3a 30 33 3a 32 34 2e 32 33 31 20 |24 12:03:24.231 |
|00000020| 55 54 43 20 5b 34 30 5d 20 48 49 4e 54 3a 20 20 |UTC [40] HINT:  |
|00000030| 49 73 20 61 6e 6f 74 68 65 72 20 70 6f 73 74 6d |Is another postm|
|00000040| 61 73 74 65 72 20 61 6c 72 65 61 64 79 20 72 75 |aster already ru|
|00000050| 6e 6e 69 6e 67 20 6f 6e 20 70 6f 72 74 20 35 34 |nning on port 54|
|00000060| 33 32 3f 20 49 66 20 6e 6f 74 2c 20 77 61 69 74 |32? If not, wait|
|00000070| 20 61 20 66 65 77 20 73 65 63 6f 6e 64 73 20 61 | a few seconds a|
|00000080| 6e 64 20 72 65 74 72 79 2e 0a                   |nd retry..      |
+--------+-------------------------------------------------+----------------+
14:03:35.089 [dockerjava-netty-1-16] DEBUG com.github.dockerjava.netty.NettyDockerCmdExecFactory$1 - [id: 0x2747a9c3, L:/127.0.0.1:52081 - R:localhost/127.0.0.1:52061] READ COMPLETE
14:03:35.091 [dockerjava-netty-1-16] DEBUG com.github.dockerjava.netty.NettyDockerCmdExecFactory$1 - [id: 0x2747a9c3, L:/127.0.0.1:52081 - R:localhost/127.0.0.1:52061] READ: DefaultHttpContent(data: PooledSlicedByteBuf(ridx: 0, widx: 108, cap: 108/108, unwrapped: PooledUnsafeDirectByteBuf(ridx: 114, widx: 114, cap: 448)), decoderResult: success), 108B
         +-------------------------------------------------+
         |  0  1  2  3  4  5  6  7  8  9  a  b  c  d  e  f |
+--------+-------------------------------------------------+----------------+
|00000000| 01 00 00 00 00 00 00 64 32 30 31 38 2d 30 35 2d |.......d2018-05-|
|00000010| 32 34 20 31 32 3a 30 33 3a 32 34 2e 32 33 34 20 |24 12:03:24.234 |
|00000020| 55 54 43 20 5b 34 30 5d 20 4c 4f 47 3a 20 20 6c |UTC [40] LOG:  l|
|00000030| 69 73 74 65 6e 69 6e 67 20 6f 6e 20 55 6e 69 78 |istening on Unix|
|00000040| 20 73 6f 63 6b 65 74 20 22 2f 76 61 72 2f 72 75 | socket "/var/ru|
|00000050| 6e 2f 70 6f 73 74 67 72 65 73 71 6c 2f 2e 73 2e |n/postgresql/.s.|
|00000060| 50 47 53 51 4c 2e 35 34 33 32 22 0a             |PGSQL.5432".    |
+--------+-------------------------------------------------+----------------+
14:03:35.091 [dockerjava-netty-1-16] DEBUG com.github.dockerjava.netty.NettyDockerCmdExecFactory$1 - [id: 0x2747a9c3, L:/127.0.0.1:52081 - R:localhost/127.0.0.1:52061] READ COMPLETE
14:03:35.092 [main] DEBUG org.testcontainers.containers.output.WaitingConsumer - STDOUT: 2018-05-24 12:03:24.234 UTC [40] LOG:  listening on Unix socket "/var/run/postgresql/.s.PGSQL.5432"
14:03:35.092 [main] DEBUG org.testcontainers.containers.output.WaitingConsumer - STDOUT: 2018-05-24 12:03:24.231 UTC [40] HINT:  Is another postmaster already running on port 5432? If not, wait a few seconds and retry.
14:03:35.092 [main] DEBUG org.testcontainers.containers.output.WaitingConsumer - STDOUT: 2018-05-24 12:03:24.231 UTC [40] LOG:  could not bind IPv6 address "::1": Cannot assign requested address
14:03:35.092 [main] DEBUG org.testcontainers.containers.output.WaitingConsumer - STDOUT: waiting for server to start....2018-05-24 12:03:24.231 UTC [40] LOG:  listening on IPv4 address "127.0.0.1", port 5432
14:03:35.102 [dockerjava-netty-1-16] DEBUG com.github.dockerjava.netty.NettyDockerCmdExecFactory$1 - [id: 0x2747a9c3, L:/127.0.0.1:52081 - R:localhost/127.0.0.1:52061] READ: DefaultHttpContent(data: PooledSlicedByteBuf(ridx: 0, widx: 104, cap: 104/104, unwrapped: PooledUnsafeDirectByteBuf(ridx: 110, widx: 110, cap: 432)), decoderResult: success), 104B
         +-------------------------------------------------+
         |  0  1  2  3  4  5  6  7  8  9  a  b  c  d  e  f |
+--------+-------------------------------------------------+----------------+
|00000000| 01 00 00 00 00 00 00 60 32 30 31 38 2d 30 35 2d |.......`2018-05-|
|00000010| 32 34 20 31 32 3a 30 33 3a 32 34 2e 32 34 35 20 |24 12:03:24.245 |
|00000020| 55 54 43 20 5b 34 31 5d 20 4c 4f 47 3a 20 20 64 |UTC [41] LOG:  d|
|00000030| 61 74 61 62 61 73 65 20 73 79 73 74 65 6d 20 77 |atabase system w|
|00000040| 61 73 20 73 68 75 74 20 64 6f 77 6e 20 61 74 20 |as shut down at |
|00000050| 32 30 31 38 2d 30 35 2d 32 34 20 31 32 3a 30 33 |2018-05-24 12:03|
|00000060| 3a 32 34 20 55 54 43 0a                         |:24 UTC.        |
+--------+-------------------------------------------------+----------------+
14:03:35.102 [dockerjava-netty-1-16] DEBUG com.github.dockerjava.netty.NettyDockerCmdExecFactory$1 - [id: 0x2747a9c3, L:/127.0.0.1:52081 - R:localhost/127.0.0.1:52061] READ COMPLETE
14:03:35.102 [main] DEBUG org.testcontainers.containers.output.WaitingConsumer - STDOUT: 2018-05-24 12:03:24.245 UTC [41] LOG:  database system was shut down at 2018-05-24 12:03:24 UTC
14:03:35.106 [dockerjava-netty-1-16] DEBUG com.github.dockerjava.netty.NettyDockerCmdExecFactory$1 - [id: 0x2747a9c3, L:/127.0.0.1:52081 - R:localhost/127.0.0.1:52061] READ: DefaultHttpContent(data: PooledSlicedByteBuf(ridx: 0, widx: 94, cap: 94/94, unwrapped: PooledUnsafeDirectByteBuf(ridx: 100, widx: 100, cap: 432)), decoderResult: success), 94B
         +-------------------------------------------------+
         |  0  1  2  3  4  5  6  7  8  9  a  b  c  d  e  f |
+--------+-------------------------------------------------+----------------+
|00000000| 01 00 00 00 00 00 00 56 32 30 31 38 2d 30 35 2d |.......V2018-05-|
|00000010| 32 34 20 31 32 3a 30 33 3a 32 34 2e 32 34 39 20 |24 12:03:24.249 |
|00000020| 55 54 43 20 5b 34 30 5d 20 4c 4f 47 3a 20 20 64 |UTC [40] LOG:  d|
|00000030| 61 74 61 62 61 73 65 20 73 79 73 74 65 6d 20 69 |atabase system i|
|00000040| 73 20 72 65 61 64 79 20 74 6f 20 61 63 63 65 70 |s ready to accep|
|00000050| 74 20 63 6f 6e 6e 65 63 74 69 6f 6e 73 0a       |t connections.  |
+--------+-------------------------------------------------+----------------+
14:03:35.106 [dockerjava-netty-1-16] DEBUG com.github.dockerjava.netty.NettyDockerCmdExecFactory$1 - [id: 0x2747a9c3, L:/127.0.0.1:52081 - R:localhost/127.0.0.1:52061] READ COMPLETE
14:03:35.115 [main] DEBUG org.testcontainers.containers.output.WaitingConsumer - STDOUT: 2018-05-24 12:03:24.249 UTC [40] LOG:  database system is ready to accept connections
14:03:35.180 [dockerjava-netty-1-16] DEBUG com.github.dockerjava.netty.NettyDockerCmdExecFactory$1 - [id: 0x2747a9c3, L:/127.0.0.1:52081 - R:localhost/127.0.0.1:52061] READ: DefaultHttpContent(data: PooledSlicedByteBuf(ridx: 0, widx: 37, cap: 37/37, unwrapped: PooledUnsafeDirectByteBuf(ridx: 43, widx: 43, cap: 416)), decoderResult: success), 37B
         +-------------------------------------------------+
         |  0  1  2  3  4  5  6  7  8  9  a  b  c  d  e  f |
+--------+-------------------------------------------------+----------------+
|00000000| 01 00 00 00 00 00 00 06 20 64 6f 6e 65 0a 01 00 |........ done...|
|00000010| 00 00 00 00 00 0f 73 65 72 76 65 72 20 73 74 61 |......server sta|
|00000020| 72 74 65 64 0a                                  |rted.           |
+--------+-------------------------------------------------+----------------+
14:03:35.180 [dockerjava-netty-1-16] DEBUG com.github.dockerjava.netty.NettyDockerCmdExecFactory$1 - [id: 0x2747a9c3, L:/127.0.0.1:52081 - R:localhost/127.0.0.1:52061] READ COMPLETE
14:03:35.180 [main] DEBUG org.testcontainers.containers.output.WaitingConsumer - STDOUT: server started
14:03:35.181 [main] DEBUG org.testcontainers.containers.output.WaitingConsumer - STDOUT:  done
14:03:35.479 [dockerjava-netty-1-16] DEBUG com.github.dockerjava.netty.NettyDockerCmdExecFactory$1 - [id: 0x2747a9c3, L:/127.0.0.1:52081 - R:localhost/127.0.0.1:52061] READ: DefaultHttpContent(data: PooledSlicedByteBuf(ridx: 0, widx: 24, cap: 24/24, unwrapped: PooledUnsafeDirectByteBuf(ridx: 30, widx: 30, cap: 416)), decoderResult: success), 24B
         +-------------------------------------------------+
         |  0  1  2  3  4  5  6  7  8  9  a  b  c  d  e  f |
+--------+-------------------------------------------------+----------------+
|00000000| 01 00 00 00 00 00 00 10 43 52 45 41 54 45 20 44 |........CREATE D|
|00000010| 41 54 41 42 41 53 45 0a                         |ATABASE.        |
+--------+-------------------------------------------------+----------------+
14:03:35.480 [dockerjava-netty-1-16] DEBUG com.github.dockerjava.netty.NettyDockerCmdExecFactory$1 - [id: 0x2747a9c3, L:/127.0.0.1:52081 - R:localhost/127.0.0.1:52061] READ COMPLETE
14:03:35.480 [main] DEBUG org.testcontainers.containers.output.WaitingConsumer - STDOUT: CREATE DATABASE
14:03:35.489 [dockerjava-netty-1-16] DEBUG com.github.dockerjava.netty.NettyDockerCmdExecFactory$1 - [id: 0x2747a9c3, L:/127.0.0.1:52081 - R:localhost/127.0.0.1:52061] READ: DefaultHttpContent(data: PooledSlicedByteBuf(ridx: 0, widx: 9, cap: 9/9, unwrapped: PooledUnsafeDirectByteBuf(ridx: 14, widx: 14, cap: 400)), decoderResult: success), 9B
         +-------------------------------------------------+
         |  0  1  2  3  4  5  6  7  8  9  a  b  c  d  e  f |
+--------+-------------------------------------------------+----------------+
|00000000| 01 00 00 00 00 00 00 01 0a                      |.........       |
+--------+-------------------------------------------------+----------------+
14:03:35.489 [dockerjava-netty-1-16] DEBUG com.github.dockerjava.netty.NettyDockerCmdExecFactory$1 - [id: 0x2747a9c3, L:/127.0.0.1:52081 - R:localhost/127.0.0.1:52061] READ COMPLETE
14:03:35.490 [main] DEBUG org.testcontainers.containers.output.WaitingConsumer - STDOUT: 
14:03:35.515 [dockerjava-netty-1-16] DEBUG com.github.dockerjava.netty.NettyDockerCmdExecFactory$1 - [id: 0x2747a9c3, L:/127.0.0.1:52081 - R:localhost/127.0.0.1:52061] READ: DefaultHttpContent(data: PooledSlicedByteBuf(ridx: 0, widx: 20, cap: 20/20, unwrapped: PooledUnsafeDirectByteBuf(ridx: 26, widx: 26, cap: 400)), decoderResult: success), 20B
         +-------------------------------------------------+
         |  0  1  2  3  4  5  6  7  8  9  a  b  c  d  e  f |
+--------+-------------------------------------------------+----------------+
|00000000| 01 00 00 00 00 00 00 0c 43 52 45 41 54 45 20 52 |........CREATE R|
|00000010| 4f 4c 45 0a                                     |OLE.            |
+--------+-------------------------------------------------+----------------+
14:03:35.515 [dockerjava-netty-1-16] DEBUG com.github.dockerjava.netty.NettyDockerCmdExecFactory$1 - [id: 0x2747a9c3, L:/127.0.0.1:52081 - R:localhost/127.0.0.1:52061] READ COMPLETE
14:03:35.516 [main] DEBUG org.testcontainers.containers.output.WaitingConsumer - STDOUT: CREATE ROLE
14:03:35.521 [dockerjava-netty-1-16] DEBUG com.github.dockerjava.netty.NettyDockerCmdExecFactory$1 - [id: 0x2747a9c3, L:/127.0.0.1:52081 - R:localhost/127.0.0.1:52061] READ: DefaultHttpContent(data: PooledSlicedByteBuf(ridx: 0, widx: 112, cap: 112/112, unwrapped: PooledUnsafeDirectByteBuf(ridx: 118, widx: 118, cap: 384)), decoderResult: success), 112B
         +-------------------------------------------------+
         |  0  1  2  3  4  5  6  7  8  9  a  b  c  d  e  f |
+--------+-------------------------------------------------+----------------+
|00000000| 01 00 00 00 00 00 00 01 0a 01 00 00 00 00 00 00 |................|
|00000010| 01 0a 01 00 00 00 00 00 00 56 2f 75 73 72 2f 6c |.........V/usr/l|
|00000020| 6f 63 61 6c 2f 62 69 6e 2f 64 6f 63 6b 65 72 2d |ocal/bin/docker-|
|00000030| 65 6e 74 72 79 70 6f 69 6e 74 2e 73 68 3a 20 72 |entrypoint.sh: r|
|00000040| 75 6e 6e 69 6e 67 20 2f 64 6f 63 6b 65 72 2d 65 |unning /docker-e|
|00000050| 6e 74 72 79 70 6f 69 6e 74 2d 69 6e 69 74 64 62 |ntrypoint-initdb|
|00000060| 2e 64 2f 31 5f 73 63 68 65 6d 61 2e 73 71 6c 0a |.d/1_schema.sql.|
+--------+-------------------------------------------------+----------------+
14:03:35.521 [dockerjava-netty-1-16] DEBUG com.github.dockerjava.netty.NettyDockerCmdExecFactory$1 - [id: 0x2747a9c3, L:/127.0.0.1:52081 - R:localhost/127.0.0.1:52061] READ COMPLETE
14:03:35.526 [main] DEBUG org.testcontainers.containers.output.WaitingConsumer - STDOUT: /usr/local/bin/docker-entrypoint.sh: running /docker-entrypoint-initdb.d/1_schema.sql
14:03:35.526 [main] DEBUG org.testcontainers.containers.output.WaitingConsumer - STDOUT: 
14:03:35.526 [main] DEBUG org.testcontainers.containers.output.WaitingConsumer - STDOUT: 
14:03:35.558 [dockerjava-netty-1-16] DEBUG com.github.dockerjava.netty.NettyDockerCmdExecFactory$1 - [id: 0x2747a9c3, L:/127.0.0.1:52081 - R:localhost/127.0.0.1:52061] READ: DefaultHttpContent(data: PooledSlicedByteBuf(ridx: 0, widx: 21, cap: 21/21, unwrapped: PooledUnsafeDirectByteBuf(ridx: 27, widx: 27, cap: 384)), decoderResult: success), 21B
         +-------------------------------------------------+
         |  0  1  2  3  4  5  6  7  8  9  a  b  c  d  e  f |
+--------+-------------------------------------------------+----------------+
|00000000| 01 00 00 00 00 00 00 0d 43 52 45 41 54 45 20 54 |........CREATE T|
|00000010| 41 42 4c 45 0a                                  |ABLE.           |
+--------+-------------------------------------------------+----------------+
14:03:35.558 [dockerjava-netty-1-16] DEBUG com.github.dockerjava.netty.NettyDockerCmdExecFactory$1 - [id: 0x2747a9c3, L:/127.0.0.1:52081 - R:localhost/127.0.0.1:52061] READ COMPLETE
14:03:35.558 [main] DEBUG org.testcontainers.containers.output.WaitingConsumer - STDOUT: CREATE TABLE
14:03:35.561 [dockerjava-netty-1-16] DEBUG com.github.dockerjava.netty.NettyDockerCmdExecFactory$1 - [id: 0x2747a9c3, L:/127.0.0.1:52081 - R:localhost/127.0.0.1:52061] READ: DefaultHttpContent(data: PooledSlicedByteBuf(ridx: 0, widx: 110, cap: 110/110, unwrapped: PooledUnsafeDirectByteBuf(ridx: 116, widx: 116, cap: 368)), decoderResult: success), 110B
         +-------------------------------------------------+
         |  0  1  2  3  4  5  6  7  8  9  a  b  c  d  e  f |
+--------+-------------------------------------------------+----------------+
|00000000| 01 00 00 00 00 00 00 01 0a 01 00 00 00 00 00 00 |................|
|00000010| 01 0a 01 00 00 00 00 00 00 54 2f 75 73 72 2f 6c |.........T/usr/l|
|00000020| 6f 63 61 6c 2f 62 69 6e 2f 64 6f 63 6b 65 72 2d |ocal/bin/docker-|
|00000030| 65 6e 74 72 79 70 6f 69 6e 74 2e 73 68 3a 20 72 |entrypoint.sh: r|
|00000040| 75 6e 6e 69 6e 67 20 2f 64 6f 63 6b 65 72 2d 65 |unning /docker-e|
|00000050| 6e 74 72 79 70 6f 69 6e 74 2d 69 6e 69 74 64 62 |ntrypoint-initdb|
|00000060| 2e 64 2f 32 5f 64 61 74 61 2e 73 71 6c 0a       |.d/2_data.sql.  |
+--------+-------------------------------------------------+----------------+
14:03:35.561 [dockerjava-netty-1-16] DEBUG com.github.dockerjava.netty.NettyDockerCmdExecFactory$1 - [id: 0x2747a9c3, L:/127.0.0.1:52081 - R:localhost/127.0.0.1:52061] READ COMPLETE
14:03:35.571 [main] DEBUG org.testcontainers.containers.output.WaitingConsumer - STDOUT: /usr/local/bin/docker-entrypoint.sh: running /docker-entrypoint-initdb.d/2_data.sql
14:03:35.571 [main] DEBUG org.testcontainers.containers.output.WaitingConsumer - STDOUT: 
14:03:35.571 [main] DEBUG org.testcontainers.containers.output.WaitingConsumer - STDOUT: 
14:03:35.595 [dockerjava-netty-1-16] DEBUG com.github.dockerjava.netty.NettyDockerCmdExecFactory$1 - [id: 0x2747a9c3, L:/127.0.0.1:52081 - R:localhost/127.0.0.1:52061] READ: DefaultHttpContent(data: PooledSlicedByteBuf(ridx: 0, widx: 19, cap: 19/19, unwrapped: PooledUnsafeDirectByteBuf(ridx: 25, widx: 25, cap: 368)), decoderResult: success), 19B
         +-------------------------------------------------+
         |  0  1  2  3  4  5  6  7  8  9  a  b  c  d  e  f |
+--------+-------------------------------------------------+----------------+
|00000000| 01 00 00 00 00 00 00 0b 49 4e 53 45 52 54 20 30 |........INSERT 0|
|00000010| 20 31 0a                                        | 1.             |
+--------+-------------------------------------------------+----------------+
14:03:35.595 [dockerjava-netty-1-16] DEBUG com.github.dockerjava.netty.NettyDockerCmdExecFactory$1 - [id: 0x2747a9c3, L:/127.0.0.1:52081 - R:localhost/127.0.0.1:52061] READ COMPLETE
14:03:35.595 [main] DEBUG org.testcontainers.containers.output.WaitingConsumer - STDOUT: INSERT 0 1
14:03:35.598 [dockerjava-netty-1-16] DEBUG com.github.dockerjava.netty.NettyDockerCmdExecFactory$1 - [id: 0x2747a9c3, L:/127.0.0.1:52081 - R:localhost/127.0.0.1:52061] READ: DefaultHttpContent(data: PooledSlicedByteBuf(ridx: 0, widx: 19, cap: 19/19, unwrapped: PooledUnsafeDirectByteBuf(ridx: 25, widx: 25, cap: 352)), decoderResult: success), 19B
         +-------------------------------------------------+
         |  0  1  2  3  4  5  6  7  8  9  a  b  c  d  e  f |
+--------+-------------------------------------------------+----------------+
|00000000| 01 00 00 00 00 00 00 0b 49 4e 53 45 52 54 20 30 |........INSERT 0|
|00000010| 20 31 0a                                        | 1.             |
+--------+-------------------------------------------------+----------------+
14:03:35.599 [dockerjava-netty-1-16] DEBUG com.github.dockerjava.netty.NettyDockerCmdExecFactory$1 - [id: 0x2747a9c3, L:/127.0.0.1:52081 - R:localhost/127.0.0.1:52061] READ COMPLETE
14:03:35.604 [dockerjava-netty-1-16] DEBUG com.github.dockerjava.netty.NettyDockerCmdExecFactory$1 - [id: 0x2747a9c3, L:/127.0.0.1:52081 - R:localhost/127.0.0.1:52061] READ: DefaultHttpContent(data: PooledSlicedByteBuf(ridx: 0, widx: 131, cap: 131/131, unwrapped: PooledUnsafeDirectByteBuf(ridx: 137, widx: 137, cap: 352)), decoderResult: success), 131B
         +-------------------------------------------------+
         |  0  1  2  3  4  5  6  7  8  9  a  b  c  d  e  f |
+--------+-------------------------------------------------+----------------+
|00000000| 01 00 00 00 00 00 00 01 0a 01 00 00 00 00 00 00 |................|
|00000010| 01 0a 01 00 00 00 00 00 00 69 77 61 69 74 69 6e |.........iwaitin|
|00000020| 67 20 66 6f 72 20 73 65 72 76 65 72 20 74 6f 20 |g for server to |
|00000030| 73 68 75 74 20 64 6f 77 6e 2e 2e 2e 2e 32 30 31 |shut down....201|
|00000040| 38 2d 30 35 2d 32 34 20 31 32 3a 30 33 3a 32 34 |8-05-24 12:03:24|
|00000050| 2e 37 34 34 20 55 54 43 20 5b 34 30 5d 20 4c 4f |.744 UTC [40] LO|
|00000060| 47 3a 20 20 72 65 63 65 69 76 65 64 20 66 61 73 |G:  received fas|
|00000070| 74 20 73 68 75 74 64 6f 77 6e 20 72 65 71 75 65 |t shutdown reque|
|00000080| 73 74 0a                                        |st.             |
+--------+-------------------------------------------------+----------------+
14:03:35.605 [dockerjava-netty-1-16] DEBUG com.github.dockerjava.netty.NettyDockerCmdExecFactory$1 - [id: 0x2747a9c3, L:/127.0.0.1:52081 - R:localhost/127.0.0.1:52061] READ COMPLETE
14:03:35.605 [main] DEBUG org.testcontainers.containers.output.WaitingConsumer - STDOUT: waiting for server to shut down....2018-05-24 12:03:24.744 UTC [40] LOG:  received fast shutdown request
14:03:35.605 [main] DEBUG org.testcontainers.containers.output.WaitingConsumer - STDOUT: 
14:03:35.606 [main] DEBUG org.testcontainers.containers.output.WaitingConsumer - STDOUT: 
14:03:35.606 [main] DEBUG org.testcontainers.containers.output.WaitingConsumer - STDOUT: INSERT 0 1
14:03:35.608 [dockerjava-netty-1-16] DEBUG com.github.dockerjava.netty.NettyDockerCmdExecFactory$1 - [id: 0x2747a9c3, L:/127.0.0.1:52081 - R:localhost/127.0.0.1:52061] READ: DefaultHttpContent(data: PooledSlicedByteBuf(ridx: 0, widx: 80, cap: 80/80, unwrapped: PooledUnsafeDirectByteBuf(ridx: 86, widx: 86, cap: 336)), decoderResult: success), 80B
         +-------------------------------------------------+
         |  0  1  2  3  4  5  6  7  8  9  a  b  c  d  e  f |
+--------+-------------------------------------------------+----------------+
|00000000| 01 00 00 00 00 00 00 48 32 30 31 38 2d 30 35 2d |.......H2018-05-|
|00000010| 32 34 20 31 32 3a 30 33 3a 32 34 2e 37 34 36 20 |24 12:03:24.746 |
|00000020| 55 54 43 20 5b 34 30 5d 20 4c 4f 47 3a 20 20 61 |UTC [40] LOG:  a|
|00000030| 62 6f 72 74 69 6e 67 20 61 6e 79 20 61 63 74 69 |borting any acti|
|00000040| 76 65 20 74 72 61 6e 73 61 63 74 69 6f 6e 73 0a |ve transactions.|
+--------+-------------------------------------------------+----------------+
14:03:35.608 [dockerjava-netty-1-16] DEBUG com.github.dockerjava.netty.NettyDockerCmdExecFactory$1 - [id: 0x2747a9c3, L:/127.0.0.1:52081 - R:localhost/127.0.0.1:52061] READ COMPLETE
14:03:35.608 [dockerjava-netty-1-16] DEBUG com.github.dockerjava.netty.NettyDockerCmdExecFactory$1 - [id: 0x2747a9c3, L:/127.0.0.1:52081 - R:localhost/127.0.0.1:52061] READ: DefaultHttpContent(data: PooledSlicedByteBuf(ridx: 0, widx: 125, cap: 125/125, unwrapped: PooledUnsafeDirectByteBuf(ridx: 131, widx: 198, cap: 336)), decoderResult: success), 125B
         +-------------------------------------------------+
         |  0  1  2  3  4  5  6  7  8  9  a  b  c  d  e  f |
+--------+-------------------------------------------------+----------------+
|00000000| 01 00 00 00 00 00 00 75 32 30 31 38 2d 30 35 2d |.......u2018-05-|
|00000010| 32 34 20 31 32 3a 30 33 3a 32 34 2e 37 34 38 20 |24 12:03:24.748 |
|00000020| 55 54 43 20 5b 34 30 5d 20 4c 4f 47 3a 20 20 77 |UTC [40] LOG:  w|
|00000030| 6f 72 6b 65 72 20 70 72 6f 63 65 73 73 3a 20 6c |orker process: l|
|00000040| 6f 67 69 63 61 6c 20 72 65 70 6c 69 63 61 74 69 |ogical replicati|
|00000050| 6f 6e 20 6c 61 75 6e 63 68 65 72 20 28 50 49 44 |on launcher (PID|
|00000060| 20 34 37 29 20 65 78 69 74 65 64 20 77 69 74 68 | 47) exited with|
|00000070| 20 65 78 69 74 20 63 6f 64 65 20 31 0a          | exit code 1.   |
+--------+-------------------------------------------------+----------------+
14:03:35.608 [dockerjava-netty-1-16] DEBUG com.github.dockerjava.netty.NettyDockerCmdExecFactory$1 - [id: 0x2747a9c3, L:/127.0.0.1:52081 - R:localhost/127.0.0.1:52061] READ: DefaultHttpContent(data: PooledSlicedByteBuf(ridx: 0, widx: 61, cap: 61/61, unwrapped: PooledUnsafeDirectByteBuf(ridx: 198, widx: 198, cap: 336)), decoderResult: success), 61B
         +-------------------------------------------------+
         |  0  1  2  3  4  5  6  7  8  9  a  b  c  d  e  f |
+--------+-------------------------------------------------+----------------+
|00000000| 01 00 00 00 00 00 00 35 32 30 31 38 2d 30 35 2d |.......52018-05-|
|00000010| 32 34 20 31 32 3a 30 33 3a 32 34 2e 37 34 39 20 |24 12:03:24.749 |
|00000020| 55 54 43 20 5b 34 32 5d 20 4c 4f 47 3a 20 20 73 |UTC [42] LOG:  s|
|00000030| 68 75 74 74 69 6e 67 20 64 6f 77 6e 0a          |hutting down.   |
+--------+-------------------------------------------------+----------------+
14:03:35.608 [dockerjava-netty-1-16] DEBUG com.github.dockerjava.netty.NettyDockerCmdExecFactory$1 - [id: 0x2747a9c3, L:/127.0.0.1:52081 - R:localhost/127.0.0.1:52061] READ COMPLETE
14:03:35.616 [main] DEBUG org.testcontainers.containers.output.WaitingConsumer - STDOUT: 2018-05-24 12:03:24.749 UTC [42] LOG:  shutting down
14:03:35.616 [main] DEBUG org.testcontainers.containers.output.WaitingConsumer - STDOUT: 2018-05-24 12:03:24.748 UTC [40] LOG:  worker process: logical replication launcher (PID 47) exited with exit code 1
14:03:35.616 [main] DEBUG org.testcontainers.containers.output.WaitingConsumer - STDOUT: 2018-05-24 12:03:24.746 UTC [40] LOG:  aborting any active transactions
14:03:35.631 [dockerjava-netty-1-16] DEBUG com.github.dockerjava.netty.NettyDockerCmdExecFactory$1 - [id: 0x2747a9c3, L:/127.0.0.1:52081 - R:localhost/127.0.0.1:52061] READ: DefaultHttpContent(data: PooledSlicedByteBuf(ridx: 0, widx: 76, cap: 76/76, unwrapped: PooledUnsafeDirectByteBuf(ridx: 82, widx: 82, cap: 320)), decoderResult: success), 76B
         +-------------------------------------------------+
         |  0  1  2  3  4  5  6  7  8  9  a  b  c  d  e  f |
+--------+-------------------------------------------------+----------------+
|00000000| 01 00 00 00 00 00 00 44 32 30 31 38 2d 30 35 2d |.......D2018-05-|
|00000010| 32 34 20 31 32 3a 30 33 3a 32 34 2e 37 37 34 20 |24 12:03:24.774 |
|00000020| 55 54 43 20 5b 34 30 5d 20 4c 4f 47 3a 20 20 64 |UTC [40] LOG:  d|
|00000030| 61 74 61 62 61 73 65 20 73 79 73 74 65 6d 20 69 |atabase system i|
|00000040| 73 20 73 68 75 74 20 64 6f 77 6e 0a             |s shut down.    |
+--------+-------------------------------------------------+----------------+
14:03:35.631 [dockerjava-netty-1-16] DEBUG com.github.dockerjava.netty.NettyDockerCmdExecFactory$1 - [id: 0x2747a9c3, L:/127.0.0.1:52081 - R:localhost/127.0.0.1:52061] READ COMPLETE
14:03:35.631 [main] DEBUG org.testcontainers.containers.output.WaitingConsumer - STDOUT: 2018-05-24 12:03:24.774 UTC [40] LOG:  database system is shut down
14:03:35.703 [dockerjava-netty-1-16] DEBUG com.github.dockerjava.netty.NettyDockerCmdExecFactory$1 - [id: 0x2747a9c3, L:/127.0.0.1:52081 - R:localhost/127.0.0.1:52061] READ: DefaultHttpContent(data: PooledSlicedByteBuf(ridx: 0, widx: 14, cap: 14/14, unwrapped: PooledUnsafeDirectByteBuf(ridx: 19, widx: 48, cap: 320)), decoderResult: success), 14B
         +-------------------------------------------------+
         |  0  1  2  3  4  5  6  7  8  9  a  b  c  d  e  f |
+--------+-------------------------------------------------+----------------+
|00000000| 01 00 00 00 00 00 00 06 20 64 6f 6e 65 0a       |........ done.  |
+--------+-------------------------------------------------+----------------+
14:03:35.703 [dockerjava-netty-1-16] DEBUG com.github.dockerjava.netty.NettyDockerCmdExecFactory$1 - [id: 0x2747a9c3, L:/127.0.0.1:52081 - R:localhost/127.0.0.1:52061] READ: DefaultHttpContent(data: PooledSlicedByteBuf(ridx: 0, widx: 23, cap: 23/23, unwrapped: PooledUnsafeDirectByteBuf(ridx: 48, widx: 48, cap: 320)), decoderResult: success), 23B
         +-------------------------------------------------+
         |  0  1  2  3  4  5  6  7  8  9  a  b  c  d  e  f |
+--------+-------------------------------------------------+----------------+
|00000000| 01 00 00 00 00 00 00 0f 73 65 72 76 65 72 20 73 |........server s|
|00000010| 74 6f 70 70 65 64 0a                            |topped.         |
+--------+-------------------------------------------------+----------------+
14:03:35.703 [main] DEBUG org.testcontainers.containers.output.WaitingConsumer - STDOUT:  done
14:03:35.703 [dockerjava-netty-1-16] DEBUG com.github.dockerjava.netty.NettyDockerCmdExecFactory$1 - [id: 0x2747a9c3, L:/127.0.0.1:52081 - R:localhost/127.0.0.1:52061] READ COMPLETE
14:03:35.703 [main] DEBUG org.testcontainers.containers.output.WaitingConsumer - STDOUT: server stopped
14:03:35.703 [dockerjava-netty-1-16] DEBUG com.github.dockerjava.netty.NettyDockerCmdExecFactory$1 - [id: 0x2747a9c3, L:/127.0.0.1:52081 - R:localhost/127.0.0.1:52061] READ: DefaultHttpContent(data: PooledSlicedByteBuf(ridx: 0, widx: 9, cap: 9/9, unwrapped: PooledUnsafeDirectByteBuf(ridx: 14, widx: 96, cap: 304)), decoderResult: success), 9B
         +-------------------------------------------------+
         |  0  1  2  3  4  5  6  7  8  9  a  b  c  d  e  f |
+--------+-------------------------------------------------+----------------+
|00000000| 01 00 00 00 00 00 00 01 0a                      |.........       |
+--------+-------------------------------------------------+----------------+
14:03:35.704 [dockerjava-netty-1-16] DEBUG com.github.dockerjava.netty.NettyDockerCmdExecFactory$1 - [id: 0x2747a9c3, L:/127.0.0.1:52081 - R:localhost/127.0.0.1:52061] READ: DefaultHttpContent(data: PooledSlicedByteBuf(ridx: 0, widx: 62, cap: 62/62, unwrapped: PooledUnsafeDirectByteBuf(ridx: 82, widx: 96, cap: 304)), decoderResult: success), 62B
         +-------------------------------------------------+
         |  0  1  2  3  4  5  6  7  8  9  a  b  c  d  e  f |
+--------+-------------------------------------------------+----------------+
|00000000| 01 00 00 00 00 00 00 36 50 6f 73 74 67 72 65 53 |.......6PostgreS|
|00000010| 51 4c 20 69 6e 69 74 20 70 72 6f 63 65 73 73 20 |QL init process |
|00000020| 63 6f 6d 70 6c 65 74 65 3b 20 72 65 61 64 79 20 |complete; ready |
|00000030| 66 6f 72 20 73 74 61 72 74 20 75 70 2e 0a       |for start up..  |
+--------+-------------------------------------------------+----------------+
14:03:35.704 [dockerjava-netty-1-16] DEBUG com.github.dockerjava.netty.NettyDockerCmdExecFactory$1 - [id: 0x2747a9c3, L:/127.0.0.1:52081 - R:localhost/127.0.0.1:52061] READ: DefaultHttpContent(data: PooledSlicedByteBuf(ridx: 0, widx: 9, cap: 9/9, unwrapped: PooledUnsafeDirectByteBuf(ridx: 96, widx: 96, cap: 304)), decoderResult: success), 9B
         +-------------------------------------------------+
         |  0  1  2  3  4  5  6  7  8  9  a  b  c  d  e  f |
+--------+-------------------------------------------------+----------------+
|00000000| 01 00 00 00 00 00 00 01 0a                      |.........       |
+--------+-------------------------------------------------+----------------+
14:03:35.704 [dockerjava-netty-1-16] DEBUG com.github.dockerjava.netty.NettyDockerCmdExecFactory$1 - [id: 0x2747a9c3, L:/127.0.0.1:52081 - R:localhost/127.0.0.1:52061] READ COMPLETE
14:03:35.716 [main] DEBUG org.testcontainers.containers.output.WaitingConsumer - STDOUT: 
14:03:35.716 [main] DEBUG org.testcontainers.containers.output.WaitingConsumer - STDOUT: PostgreSQL init process complete; ready for start up.
14:03:35.716 [main] DEBUG org.testcontainers.containers.output.WaitingConsumer - STDOUT: 
14:03:35.716 [dockerjava-netty-1-16] DEBUG com.github.dockerjava.netty.NettyDockerCmdExecFactory$1 - [id: 0x2747a9c3, L:/127.0.0.1:52081 - R:localhost/127.0.0.1:52061] READ: DefaultHttpContent(data: PooledSlicedByteBuf(ridx: 0, widx: 181, cap: 181/181, unwrapped: PooledUnsafeDirectByteBuf(ridx: 187, widx: 187, cap: 304)), decoderResult: success), 181B
         +-------------------------------------------------+
         |  0  1  2  3  4  5  6  7  8  9  a  b  c  d  e  f |
+--------+-------------------------------------------------+----------------+
|00000000| 02 00 00 00 00 00 00 55 32 30 31 38 2d 30 35 2d |.......U2018-05-|
|00000010| 32 34 20 31 32 3a 30 33 3a 32 34 2e 38 35 38 20 |24 12:03:24.858 |
|00000020| 55 54 43 20 5b 31 5d 20 4c 4f 47 3a 20 20 6c 69 |UTC [1] LOG:  li|
|00000030| 73 74 65 6e 69 6e 67 20 6f 6e 20 49 50 76 34 20 |stening on IPv4 |
|00000040| 61 64 64 72 65 73 73 20 22 30 2e 30 2e 30 2e 30 |address "0.0.0.0|
|00000050| 22 2c 20 70 6f 72 74 20 35 34 33 32 0a 02 00 00 |", port 5432....|
|00000060| 00 00 00 00 50 32 30 31 38 2d 30 35 2d 32 34 20 |....P2018-05-24 |
|00000070| 31 32 3a 30 33 3a 32 34 2e 38 35 38 20 55 54 43 |12:03:24.858 UTC|
|00000080| 20 5b 31 5d 20 4c 4f 47 3a 20 20 6c 69 73 74 65 | [1] LOG:  liste|
|00000090| 6e 69 6e 67 20 6f 6e 20 49 50 76 36 20 61 64 64 |ning on IPv6 add|
|000000a0| 72 65 73 73 20 22 3a 3a 22 2c 20 70 6f 72 74 20 |ress "::", port |
|000000b0| 35 34 33 32 0a                                  |5432.           |
+--------+-------------------------------------------------+----------------+
14:03:35.716 [dockerjava-netty-1-16] DEBUG com.github.dockerjava.netty.NettyDockerCmdExecFactory$1 - [id: 0x2747a9c3, L:/127.0.0.1:52081 - R:localhost/127.0.0.1:52061] READ COMPLETE
14:03:35.717 [dockerjava-netty-1-16] DEBUG com.github.dockerjava.netty.NettyDockerCmdExecFactory$1 - [id: 0x2747a9c3, L:/127.0.0.1:52081 - R:localhost/127.0.0.1:52061] READ: DefaultHttpContent(data: PooledSlicedByteBuf(ridx: 0, widx: 107, cap: 107/107, unwrapped: PooledUnsafeDirectByteBuf(ridx: 113, widx: 113, cap: 288)), decoderResult: success), 107B
         +-------------------------------------------------+
         |  0  1  2  3  4  5  6  7  8  9  a  b  c  d  e  f |
+--------+-------------------------------------------------+----------------+
|00000000| 02 00 00 00 00 00 00 63 32 30 31 38 2d 30 35 2d |.......c2018-05-|
|00000010| 32 34 20 31 32 3a 30 33 3a 32 34 2e 38 36 30 20 |24 12:03:24.860 |
|00000020| 55 54 43 20 5b 31 5d 20 4c 4f 47 3a 20 20 6c 69 |UTC [1] LOG:  li|
|00000030| 73 74 65 6e 69 6e 67 20 6f 6e 20 55 6e 69 78 20 |stening on Unix |
|00000040| 73 6f 63 6b 65 74 20 22 2f 76 61 72 2f 72 75 6e |socket "/var/run|
|00000050| 2f 70 6f 73 74 67 72 65 73 71 6c 2f 2e 73 2e 50 |/postgresql/.s.P|
|00000060| 47 53 51 4c 2e 35 34 33 32 22 0a                |GSQL.5432".     |
+--------+-------------------------------------------------+----------------+
14:03:35.717 [dockerjava-netty-1-16] DEBUG com.github.dockerjava.netty.NettyDockerCmdExecFactory$1 - [id: 0x2747a9c3, L:/127.0.0.1:52081 - R:localhost/127.0.0.1:52061] READ COMPLETE
14:03:35.726 [main] DEBUG org.testcontainers.containers.output.WaitingConsumer - STDERR: 2018-05-24 12:03:24.860 UTC [1] LOG:  listening on Unix socket "/var/run/postgresql/.s.PGSQL.5432"
14:03:35.726 [main] DEBUG org.testcontainers.containers.output.WaitingConsumer - STDERR: 2018-05-24 12:03:24.858 UTC [1] LOG:  listening on IPv6 address "::", port 5432
14:03:35.726 [main] DEBUG org.testcontainers.containers.output.WaitingConsumer - STDERR: 2018-05-24 12:03:24.858 UTC [1] LOG:  listening on IPv4 address "0.0.0.0", port 5432
14:03:35.728 [dockerjava-netty-1-16] DEBUG com.github.dockerjava.netty.NettyDockerCmdExecFactory$1 - [id: 0x2747a9c3, L:/127.0.0.1:52081 - R:localhost/127.0.0.1:52061] READ: DefaultHttpContent(data: PooledSlicedByteBuf(ridx: 0, widx: 104, cap: 104/104, unwrapped: PooledUnsafeDirectByteBuf(ridx: 110, widx: 110, cap: 288)), decoderResult: success), 104B
         +-------------------------------------------------+
         |  0  1  2  3  4  5  6  7  8  9  a  b  c  d  e  f |
+--------+-------------------------------------------------+----------------+
|00000000| 02 00 00 00 00 00 00 60 32 30 31 38 2d 30 35 2d |.......`2018-05-|
|00000010| 32 34 20 31 32 3a 30 33 3a 32 34 2e 38 37 30 20 |24 12:03:24.870 |
|00000020| 55 54 43 20 5b 38 35 5d 20 4c 4f 47 3a 20 20 64 |UTC [85] LOG:  d|
|00000030| 61 74 61 62 61 73 65 20 73 79 73 74 65 6d 20 77 |atabase system w|
|00000040| 61 73 20 73 68 75 74 20 64 6f 77 6e 20 61 74 20 |as shut down at |
|00000050| 32 30 31 38 2d 30 35 2d 32 34 20 31 32 3a 30 33 |2018-05-24 12:03|
|00000060| 3a 32 34 20 55 54 43 0a                         |:24 UTC.        |
+--------+-------------------------------------------------+----------------+
14:03:35.729 [dockerjava-netty-1-16] DEBUG com.github.dockerjava.netty.NettyDockerCmdExecFactory$1 - [id: 0x2747a9c3, L:/127.0.0.1:52081 - R:localhost/127.0.0.1:52061] READ COMPLETE
14:03:35.733 [dockerjava-netty-1-16] DEBUG com.github.dockerjava.netty.NettyDockerCmdExecFactory$1 - [id: 0x2747a9c3, L:/127.0.0.1:52081 - R:localhost/127.0.0.1:52061] READ: DefaultHttpContent(data: PooledSlicedByteBuf(ridx: 0, widx: 93, cap: 93/93, unwrapped: PooledUnsafeDirectByteBuf(ridx: 99, widx: 99, cap: 272)), decoderResult: success), 93B
         +-------------------------------------------------+
         |  0  1  2  3  4  5  6  7  8  9  a  b  c  d  e  f |
+--------+-------------------------------------------------+----------------+
|00000000| 02 00 00 00 00 00 00 55 32 30 31 38 2d 30 35 2d |.......U2018-05-|
|00000010| 32 34 20 31 32 3a 30 33 3a 32 34 2e 38 37 34 20 |24 12:03:24.874 |
|00000020| 55 54 43 20 5b 31 5d 20 4c 4f 47 3a 20 20 64 61 |UTC [1] LOG:  da|
|00000030| 74 61 62 61 73 65 20 73 79 73 74 65 6d 20 69 73 |tabase system is|
|00000040| 20 72 65 61 64 79 20 74 6f 20 61 63 63 65 70 74 | ready to accept|
|00000050| 20 63 6f 6e 6e 65 63 74 69 6f 6e 73 0a          | connections.   |
+--------+-------------------------------------------------+----------------+
14:03:35.733 [dockerjava-netty-1-16] DEBUG com.github.dockerjava.netty.NettyDockerCmdExecFactory$1 - [id: 0x2747a9c3, L:/127.0.0.1:52081 - R:localhost/127.0.0.1:52061] READ COMPLETE
14:03:35.737 [main] DEBUG org.testcontainers.containers.output.WaitingConsumer - STDERR: 2018-05-24 12:03:24.874 UTC [1] LOG:  database system is ready to accept connections
14:03:35.737 [main] INFO 🐳 [postgres-hoteldb:latest] - Container postgres-hoteldb:latest started
14:03:35.737 [main] DEBUG 🐳 [postgres-hoteldb:latest] - 
+ Profiler [Container startup]
|-- elapsed time [Prepare container configuration and host configuration]     0.600 milliseconds.
|---+ Profiler [Container startup attempt]
    |-- elapsed time       [Create container]   175.558 milliseconds.
    |-- elapsed time        [Start container]   377.559 milliseconds.
    |-- elapsed time   [Inspecting container]     8.050 milliseconds.
    |-- elapsed time [Call containerIsStarting on subclasses]     0.010 milliseconds.
    |-- elapsed time [Wait until container has started properly, or there's evidence it failed to start.]     7.833 milliseconds.
    |-- elapsed time [Wait until container started properly]  1546.817 milliseconds.
    |-- Subtotal     [Container startup attempt]  2115.888 milliseconds.
|-- elapsed time [Container startup attempt]  2115.888 milliseconds.
|-- Total             [Container startup]  2116.516 milliseconds.

14:03:35.741 [main] DEBUG org.springframework.test.context.support.AbstractDelegatingSmartContextLoader - Delegating to AnnotationConfigContextLoader to load context from [MergedContextConfiguration@2c104774 testClass = ITCustomerJUnit5Repo, locations = '{}', classes = '{class com.bk.hotel.HotelApplication}', contextInitializerClasses = '[class com.bk.hotel.repo.ITCustomerJUnit5Repo$Initializer]', activeProfiles = '{}', propertySourceLocations = '{}', propertySourceProperties = '{}', contextCustomizers = set[org.springframework.boot.test.context.filter.ExcludeFilterContextCustomizer@3967e60c, org.springframework.boot.test.json.DuplicateJsonObjectContextCustomizerFactory$DuplicateJsonObjectContextCustomizer@7c0c77c7, org.springframework.boot.test.mock.mockito.MockitoContextCustomizer@dccdf49, org.springframework.boot.test.autoconfigure.properties.PropertyMappingContextCustomizer@0, org.springframework.boot.test.autoconfigure.web.servlet.WebDriverContextCustomizerFactory$Customizer@353d0772], contextLoader = 'org.springframework.test.context.support.DelegatingSmartContextLoader', parent = [null]].
14:03:35.741 [main] DEBUG org.springframework.test.context.support.AbstractGenericContextLoader - Loading ApplicationContext for merged context configuration [[MergedContextConfiguration@2c104774 testClass = ITCustomerJUnit5Repo, locations = '{}', classes = '{class com.bk.hotel.HotelApplication}', contextInitializerClasses = '[class com.bk.hotel.repo.ITCustomerJUnit5Repo$Initializer]', activeProfiles = '{}', propertySourceLocations = '{}', propertySourceProperties = '{}', contextCustomizers = set[org.springframework.boot.test.context.filter.ExcludeFilterContextCustomizer@3967e60c, org.springframework.boot.test.json.DuplicateJsonObjectContextCustomizerFactory$DuplicateJsonObjectContextCustomizer@7c0c77c7, org.springframework.boot.test.mock.mockito.MockitoContextCustomizer@dccdf49, org.springframework.boot.test.autoconfigure.properties.PropertyMappingContextCustomizer@0, org.springframework.boot.test.autoconfigure.web.servlet.WebDriverContextCustomizerFactory$Customizer@353d0772], contextLoader = 'org.springframework.test.context.support.DelegatingSmartContextLoader', parent = [null]]].
14:03:35.768 [main] DEBUG org.springframework.core.env.StandardEnvironment - Adding PropertySource 'systemProperties' with lowest search precedence
14:03:35.768 [main] DEBUG org.springframework.core.env.StandardEnvironment - Adding PropertySource 'systemEnvironment' with lowest search precedence
14:03:35.768 [main] DEBUG org.springframework.core.env.StandardEnvironment - Initialized StandardEnvironment with PropertySources [MapPropertySource@73688220 {name='systemProperties', properties={java.runtime.name=Java(TM) SE Runtime Environment, sun.boot.library.path=/Library/Java/JavaVirtualMachines/jdk1.8.0_111.jdk/Contents/Home/jre/lib, java.vm.version=25.111-b14, gopherProxySet=false, java.vm.vendor=Oracle Corporation, java.vendor.url=http://java.oracle.com/, org.testcontainers.shaded.io.netty.packagePrefix=org.testcontainers.shaded., path.separator=:, java.vm.name=Java HotSpot(TM) 64-Bit Server VM, file.encoding.pkg=sun.io, user.country=US, sun.java.launcher=SUN_STANDARD, sun.os.patch.level=unknown, java.vm.specification.name=Java Virtual Machine Specification, user.dir=/Users/williamkorando/Documents/WelcomeJUnit5/JUnit5Demo, java.runtime.version=1.8.0_111-b14, basedir=/Users/williamkorando/Documents/WelcomeJUnit5/JUnit5Demo, java.awt.graphicsenv=sun.awt.CGraphicsEnvironment, java.endorsed.dirs=/Library/Java/JavaVirtualMachines/jdk1.8.0_111.jdk/Contents/Home/jre/lib/endorsed, os.arch=x86_64, surefire.real.class.path=/Users/williamkorando/Documents/WelcomeJUnit5/JUnit5Demo/target/surefire/surefirebooter5084527383140656633.jar, java.io.tmpdir=/var/folders/c1/bsm5c1496v30qs3zlhx2gml00000gn/T/, line.separator=
, java.vm.specification.vendor=Oracle Corporation, os.name=Mac OS X, sun.jnu.encoding=UTF-8, java.library.path=/Users/williamkorando/Library/Java/Extensions:/Library/Java/Extensions:/Network/Library/Java/Extensions:/System/Library/Java/Extensions:/usr/lib/java:., sun.nio.ch.bugLevel=, surefire.test.class.path=/Users/williamkorando/Documents/WelcomeJUnit5/JUnit5Demo/target/test-classes:/Users/williamkorando/Documents/WelcomeJUnit5/JUnit5Demo/target/classes:/Users/williamkorando/.m2/repository/org/springframework/boot/spring-boot-starter-data-jpa/2.0.1.RELEASE/spring-boot-starter-data-jpa-2.0.1.RELEASE.jar:/Users/williamkorando/.m2/repository/org/springframework/boot/spring-boot-starter/2.0.1.RELEASE/spring-boot-starter-2.0.1.RELEASE.jar:/Users/williamkorando/.m2/repository/org/springframework/boot/spring-boot/2.0.1.RELEASE/spring-boot-2.0.1.RELEASE.jar:/Users/williamkorando/.m2/repository/org/springframework/boot/spring-boot-autoconfigure/2.0.1.RELEASE/spring-boot-autoconfigure-2.0.1.RELEASE.jar:/Users/williamkorando/.m2/repository/org/springframework/boot/spring-boot-starter-logging/2.0.1.RELEASE/spring-boot-starter-logging-2.0.1.RELEASE.jar:/Users/williamkorando/.m2/repository/ch/qos/logback/logback-classic/1.2.3/logback-classic-1.2.3.jar:/Users/williamkorando/.m2/repository/ch/qos/logback/logback-core/1.2.3/logback-core-1.2.3.jar:/Users/williamkorando/.m2/repository/org/apache/logging/log4j/log4j-to-slf4j/2.10.0/log4j-to-slf4j-2.10.0.jar:/Users/williamkorando/.m2/repository/org/apache/logging/log4j/log4j-api/2.10.0/log4j-api-2.10.0.jar:/Users/williamkorando/.m2/repository/org/slf4j/jul-to-slf4j/1.7.25/jul-to-slf4j-1.7.25.jar:/Users/williamkorando/.m2/repository/javax/annotation/javax.annotation-api/1.3.2/javax.annotation-api-1.3.2.jar:/Users/williamkorando/.m2/repository/org/yaml/snakeyaml/1.19/snakeyaml-1.19.jar:/Users/williamkorando/.m2/repository/org/springframework/boot/spring-boot-starter-aop/2.0.1.RELEASE/spring-boot-starter-aop-2.0.1.RELEASE.jar:/Users/williamkorando/.m2/repository/org/springframework/spring-aop/5.0.5.RELEASE/spring-aop-5.0.5.RELEASE.jar:/Users/williamkorando/.m2/repository/org/aspectj/aspectjweaver/1.8.13/aspectjweaver-1.8.13.jar:/Users/williamkorando/.m2/repository/org/springframework/boot/spring-boot-starter-jdbc/2.0.1.RELEASE/spring-boot-starter-jdbc-2.0.1.RELEASE.jar:/Users/williamkorando/.m2/repository/com/zaxxer/HikariCP/2.7.8/HikariCP-2.7.8.jar:/Users/williamkorando/.m2/repository/org/springframework/spring-jdbc/5.0.5.RELEASE/spring-jdbc-5.0.5.RELEASE.jar:/Users/williamkorando/.m2/repository/org/hibernate/hibernate-core/5.2.16.Final/hibernate-core-5.2.16.Final.jar:/Users/williamkorando/.m2/repository/org/hibernate/javax/persistence/hibernate-jpa-2.1-api/1.0.0.Final/hibernate-jpa-2.1-api-1.0.0.Final.jar:/Users/williamkorando/.m2/repository/org/javassist/javassist/3.22.0-GA/javassist-3.22.0-GA.jar:/Users/williamkorando/.m2/repository/antlr/antlr/2.7.7/antlr-2.7.7.jar:/Users/williamkorando/.m2/repository/org/jboss/jandex/2.0.3.Final/jandex-2.0.3.Final.jar:/Users/williamkorando/.m2/repository/dom4j/dom4j/1.6.1/dom4j-1.6.1.jar:/Users/williamkorando/.m2/repository/org/hibernate/common/hibernate-commons-annotations/5.0.1.Final/hibernate-commons-annotations-5.0.1.Final.jar:/Users/williamkorando/.m2/repository/javax/transaction/javax.transaction-api/1.2/javax.transaction-api-1.2.jar:/Users/williamkorando/.m2/repository/org/springframework/data/spring-data-jpa/2.0.6.RELEASE/spring-data-jpa-2.0.6.RELEASE.jar:/Users/williamkorando/.m2/repository/org/springframework/data/spring-data-commons/2.0.6.RELEASE/spring-data-commons-2.0.6.RELEASE.jar:/Users/williamkorando/.m2/repository/org/springframework/spring-orm/5.0.5.RELEASE/spring-orm-5.0.5.RELEASE.jar:/Users/williamkorando/.m2/repository/org/springframework/spring-context/5.0.5.RELEASE/spring-context-5.0.5.RELEASE.jar:/Users/williamkorando/.m2/repository/org/springframework/spring-tx/5.0.5.RELEASE/spring-tx-5.0.5.RELEASE.jar:/Users/williamkorando/.m2/repository/org/springframework/spring-beans/5.0.5.RELEASE/spring-beans-5.0.5.RELEASE.jar:/Users/williamkorando/.m2/repository/org/slf4j/slf4j-api/1.7.25/slf4j-api-1.7.25.jar:/Users/williamkorando/.m2/repository/org/springframework/spring-aspects/5.0.5.RELEASE/spring-aspects-5.0.5.RELEASE.jar:/Users/williamkorando/.m2/repository/org/springframework/boot/spring-boot-starter-thymeleaf/2.0.1.RELEASE/spring-boot-starter-thymeleaf-2.0.1.RELEASE.jar:/Users/williamkorando/.m2/repository/org/thymeleaf/thymeleaf-spring5/3.0.9.RELEASE/thymeleaf-spring5-3.0.9.RELEASE.jar:/Users/williamkorando/.m2/repository/org/thymeleaf/thymeleaf/3.0.9.RELEASE/thymeleaf-3.0.9.RELEASE.jar:/Users/williamkorando/.m2/repository/org/attoparser/attoparser/2.0.4.RELEASE/attoparser-2.0.4.RELEASE.jar:/Users/williamkorando/.m2/repository/org/unbescape/unbescape/1.1.5.RELEASE/unbescape-1.1.5.RELEASE.jar:/Users/williamkorando/.m2/repository/org/thymeleaf/extras/thymeleaf-extras-java8time/3.0.1.RELEASE/thymeleaf-extras-java8time-3.0.1.RELEASE.jar:/Users/williamkorando/.m2/repository/org/springframework/boot/spring-boot-starter-web/2.0.1.RELEASE/spring-boot-starter-web-2.0.1.RELEASE.jar:/Users/williamkorando/.m2/repository/org/springframework/boot/spring-boot-starter-json/2.0.1.RELEASE/spring-boot-starter-json-2.0.1.RELEASE.jar:/Users/williamkorando/.m2/repository/com/fasterxml/jackson/core/jackson-databind/2.9.5/jackson-databind-2.9.5.jar:/Users/williamkorando/.m2/repository/com/fasterxml/jackson/core/jackson-annotations/2.9.0/jackson-annotations-2.9.0.jar:/Users/williamkorando/.m2/repository/com/fasterxml/jackson/core/jackson-core/2.9.5/jackson-core-2.9.5.jar:/Users/williamkorando/.m2/repository/com/fasterxml/jackson/datatype/jackson-datatype-jdk8/2.9.5/jackson-datatype-jdk8-2.9.5.jar:/Users/williamkorando/.m2/repository/com/fasterxml/jackson/datatype/jackson-datatype-jsr310/2.9.5/jackson-datatype-jsr310-2.9.5.jar:/Users/williamkorando/.m2/repository/com/fasterxml/jackson/module/jackson-module-parameter-names/2.9.5/jackson-module-parameter-names-2.9.5.jar:/Users/williamkorando/.m2/repository/org/springframework/boot/spring-boot-starter-tomcat/2.0.1.RELEASE/spring-boot-starter-tomcat-2.0.1.RELEASE.jar:/Users/williamkorando/.m2/repository/org/apache/tomcat/embed/tomcat-embed-core/8.5.29/tomcat-embed-core-8.5.29.jar:/Users/williamkorando/.m2/repository/org/apache/tomcat/embed/tomcat-embed-el/8.5.29/tomcat-embed-el-8.5.29.jar:/Users/williamkorando/.m2/repository/org/apache/tomcat/embed/tomcat-embed-websocket/8.5.29/tomcat-embed-websocket-8.5.29.jar:/Users/williamkorando/.m2/repository/org/hibernate/validator/hibernate-validator/6.0.9.Final/hibernate-validator-6.0.9.Final.jar:/Users/williamkorando/.m2/repository/org/springframework/spring-web/5.0.5.RELEASE/spring-web-5.0.5.RELEASE.jar:/Users/williamkorando/.m2/repository/org/springframework/spring-webmvc/5.0.5.RELEASE/spring-webmvc-5.0.5.RELEASE.jar:/Users/williamkorando/.m2/repository/org/springframework/spring-expression/5.0.5.RELEASE/spring-expression-5.0.5.RELEASE.jar:/Users/williamkorando/.m2/repository/org/hibernate/hibernate-validator/5.2.4.Final/hibernate-validator-5.2.4.Final.jar:/Users/williamkorando/.m2/repository/javax/validation/validation-api/2.0.1.Final/validation-api-2.0.1.Final.jar:/Users/williamkorando/.m2/repository/org/jboss/logging/jboss-logging/3.3.2.Final/jboss-logging-3.3.2.Final.jar:/Users/williamkorando/.m2/repository/com/fasterxml/classmate/1.3.4/classmate-1.3.4.jar:/Users/williamkorando/.m2/repository/com/h2database/h2/1.4.197/h2-1.4.197.jar:/Users/williamkorando/.m2/repository/org/springframework/boot/spring-boot-starter-test/2.0.1.RELEASE/spring-boot-starter-test-2.0.1.RELEASE.jar:/Users/williamkorando/.m2/repository/org/springframework/boot/spring-boot-test/2.0.1.RELEASE/spring-boot-test-2.0.1.RELEASE.jar:/Users/williamkorando/.m2/repository/org/springframework/boot/spring-boot-test-autoconfigure/2.0.1.RELEASE/spring-boot-test-autoconfigure-2.0.1.RELEASE.jar:/Users/williamkorando/.m2/repository/com/jayway/jsonpath/json-path/2.4.0/json-path-2.4.0.jar:/Users/williamkorando/.m2/repository/net/minidev/json-smart/2.3/json-smart-2.3.jar:/Users/williamkorando/.m2/repository/net/minidev/accessors-smart/1.2/accessors-smart-1.2.jar:/Users/williamkorando/.m2/repository/org/ow2/asm/asm/5.0.4/asm-5.0.4.jar:/Users/williamkorando/.m2/repository/junit/junit/4.12/junit-4.12.jar:/Users/williamkorando/.m2/repository/org/assertj/assertj-core/3.9.1/assertj-core-3.9.1.jar:/Users/williamkorando/.m2/repository/org/mockito/mockito-core/2.15.0/mockito-core-2.15.0.jar:/Users/williamkorando/.m2/repository/net/bytebuddy/byte-buddy/1.7.11/byte-buddy-1.7.11.jar:/Users/williamkorando/.m2/repository/net/bytebuddy/byte-buddy-agent/1.7.11/byte-buddy-agent-1.7.11.jar:/Users/williamkorando/.m2/repository/org/objenesis/objenesis/2.6/objenesis-2.6.jar:/Users/williamkorando/.m2/repository/org/hamcrest/hamcrest-core/1.3/hamcrest-core-1.3.jar:/Users/williamkorando/.m2/repository/org/hamcrest/hamcrest-library/1.3/hamcrest-library-1.3.jar:/Users/williamkorando/.m2/repository/org/skyscreamer/jsonassert/1.5.0/jsonassert-1.5.0.jar:/Users/williamkorando/.m2/repository/com/vaadin/external/google/android-json/0.0.20131108.vaadin1/android-json-0.0.20131108.vaadin1.jar:/Users/williamkorando/.m2/repository/org/springframework/spring-core/5.0.5.RELEASE/spring-core-5.0.5.RELEASE.jar:/Users/williamkorando/.m2/repository/org/springframework/spring-jcl/5.0.5.RELEASE/spring-jcl-5.0.5.RELEASE.jar:/Users/williamkorando/.m2/repository/org/springframework/spring-test/5.0.5.RELEASE/spring-test-5.0.5.RELEASE.jar:/Users/williamkorando/.m2/repository/org/xmlunit/xmlunit-core/2.5.1/xmlunit-core-2.5.1.jar:/Users/williamkorando/.m2/repository/org/testcontainers/postgresql/1.6.0/postgresql-1.6.0.jar:/Users/williamkorando/.m2/repository/org/testcontainers/jdbc/1.6.0/jdbc-1.6.0.jar:/Users/williamkorando/.m2/repository/org/testcontainers/testcontainers/1.6.0/testcontainers-1.6.0.jar:/Users/williamkorando/.m2/repository/com/kohlschutter/junixsocket/junixsocket-common/2.0.4/junixsocket-common-2.0.4.jar:/Users/williamkorando/.m2/repository/com/kohlschutter/junixsocket/junixsocket-native-common/2.0.4/junixsocket-native-common-2.0.4.jar:/Users/williamkorando/.m2/repository/org/scijava/native-lib-loader/2.0.2/native-lib-loader-2.0.2.jar:/Users/williamkorando/.m2/repository/org/apache/commons/commons-compress/1.12/commons-compress-1.12.jar:/Users/williamkorando/.m2/repository/commons-codec/commons-codec/1.11/commons-codec-1.11.jar:/Users/williamkorando/.m2/repository/commons-lang/commons-lang/2.6/commons-lang-2.6.jar:/Users/williamkorando/.m2/repository/commons-io/commons-io/2.5/commons-io-2.5.jar:/Users/williamkorando/.m2/repository/org/slf4j/jcl-over-slf4j/1.7.25/jcl-over-slf4j-1.7.25.jar:/Users/williamkorando/.m2/repository/javax/xml/bind/jaxb-api/2.3.0/jaxb-api-2.3.0.jar:/Users/williamkorando/.m2/repository/org/rnorth/tcp-unix-socket-proxy/1.0.1/tcp-unix-socket-proxy-1.0.1.jar:/Users/williamkorando/.m2/repository/org/zeroturnaround/zt-exec/1.8/zt-exec-1.8.jar:/Users/williamkorando/.m2/repository/org/rnorth/duct-tape/duct-tape/1.0.6/duct-tape-1.0.6.jar:/Users/williamkorando/.m2/repository/org/jetbrains/annotations/13.0/annotations-13.0.jar:/Users/williamkorando/.m2/repository/org/slf4j/slf4j-ext/1.7.25/slf4j-ext-1.7.25.jar:/Users/williamkorando/.m2/repository/org/rnorth/visible-assertions/visible-assertions/2.1.0/visible-assertions-2.1.0.jar:/Users/williamkorando/.m2/repository/net/java/dev/jna/jna/4.5.1/jna-4.5.1.jar:/Users/williamkorando/.m2/repository/org/postgresql/postgresql/42.2.2/postgresql-42.2.2.jar:/Users/williamkorando/.m2/repository/org/junit/jupiter/junit-jupiter-api/5.2.0/junit-jupiter-api-5.2.0.jar:/Users/williamkorando/.m2/repository/org/apiguardian/apiguardian-api/1.0.0/apiguardian-api-1.0.0.jar:/Users/williamkorando/.m2/repository/org/opentest4j/opentest4j/1.1.0/opentest4j-1.1.0.jar:/Users/williamkorando/.m2/repository/org/junit/platform/junit-platform-commons/1.2.0/junit-platform-commons-1.2.0.jar:/Users/williamkorando/.m2/repository/org/junit/jupiter/junit-jupiter-engine/5.2.0/junit-jupiter-engine-5.2.0.jar:/Users/williamkorando/.m2/repository/org/junit/vintage/junit-vintage-engine/5.2.0/junit-vintage-engine-5.2.0.jar:/Users/williamkorando/.m2/repository/org/junit/jupiter/junit-jupiter-migrationsupport/5.2.0/junit-jupiter-migrationsupport-5.2.0.jar:/Users/williamkorando/.m2/repository/org/junit/jupiter/junit-jupiter-params/5.2.0/junit-jupiter-params-5.2.0.jar:/Users/williamkorando/.m2/repository/org/junit/platform/junit-platform-engine/1.2.0/junit-platform-engine-1.2.0.jar:/Users/williamkorando/.m2/repository/org/junit/platform/junit-platform-launcher/1.2.0/junit-platform-launcher-1.2.0.jar:, java.specification.name=Java Platform API Specification, java.class.version=52.0, sun.management.compiler=HotSpot 64-Bit Tiered Compilers, os.version=10.13.4, http.nonProxyHosts=local|*.local|169.254/16|*.169.254/16, user.home=/Users/williamkorando, user.timezone=Europe/Madrid, java.awt.printerjob=sun.lwawt.macosx.CPrinterJob, file.encoding=UTF-8, java.specification.version=1.8, java.class.path=/Users/williamkorando/Documents/WelcomeJUnit5/JUnit5Demo/target/test-classes:/Users/williamkorando/Documents/WelcomeJUnit5/JUnit5Demo/target/classes:/Users/williamkorando/.m2/repository/org/springframework/boot/spring-boot-starter-data-jpa/2.0.1.RELEASE/spring-boot-starter-data-jpa-2.0.1.RELEASE.jar:/Users/williamkorando/.m2/repository/org/springframework/boot/spring-boot-starter/2.0.1.RELEASE/spring-boot-starter-2.0.1.RELEASE.jar:/Users/williamkorando/.m2/repository/org/springframework/boot/spring-boot/2.0.1.RELEASE/spring-boot-2.0.1.RELEASE.jar:/Users/williamkorando/.m2/repository/org/springframework/boot/spring-boot-autoconfigure/2.0.1.RELEASE/spring-boot-autoconfigure-2.0.1.RELEASE.jar:/Users/williamkorando/.m2/repository/org/springframework/boot/spring-boot-starter-logging/2.0.1.RELEASE/spring-boot-starter-logging-2.0.1.RELEASE.jar:/Users/williamkorando/.m2/repository/ch/qos/logback/logback-classic/1.2.3/logback-classic-1.2.3.jar:/Users/williamkorando/.m2/repository/ch/qos/logback/logback-core/1.2.3/logback-core-1.2.3.jar:/Users/williamkorando/.m2/repository/org/apache/logging/log4j/log4j-to-slf4j/2.10.0/log4j-to-slf4j-2.10.0.jar:/Users/williamkorando/.m2/repository/org/apache/logging/log4j/log4j-api/2.10.0/log4j-api-2.10.0.jar:/Users/williamkorando/.m2/repository/org/slf4j/jul-to-slf4j/1.7.25/jul-to-slf4j-1.7.25.jar:/Users/williamkorando/.m2/repository/javax/annotation/javax.annotation-api/1.3.2/javax.annotation-api-1.3.2.jar:/Users/williamkorando/.m2/repository/org/yaml/snakeyaml/1.19/snakeyaml-1.19.jar:/Users/williamkorando/.m2/repository/org/springframework/boot/spring-boot-starter-aop/2.0.1.RELEASE/spring-boot-starter-aop-2.0.1.RELEASE.jar:/Users/williamkorando/.m2/repository/org/springframework/spring-aop/5.0.5.RELEASE/spring-aop-5.0.5.RELEASE.jar:/Users/williamkorando/.m2/repository/org/aspectj/aspectjweaver/1.8.13/aspectjweaver-1.8.13.jar:/Users/williamkorando/.m2/repository/org/springframework/boot/spring-boot-starter-jdbc/2.0.1.RELEASE/spring-boot-starter-jdbc-2.0.1.RELEASE.jar:/Users/williamkorando/.m2/repository/com/zaxxer/HikariCP/2.7.8/HikariCP-2.7.8.jar:/Users/williamkorando/.m2/repository/org/springframework/spring-jdbc/5.0.5.RELEASE/spring-jdbc-5.0.5.RELEASE.jar:/Users/williamkorando/.m2/repository/org/hibernate/hibernate-core/5.2.16.Final/hibernate-core-5.2.16.Final.jar:/Users/williamkorando/.m2/repository/org/hibernate/javax/persistence/hibernate-jpa-2.1-api/1.0.0.Final/hibernate-jpa-2.1-api-1.0.0.Final.jar:/Users/williamkorando/.m2/repository/org/javassist/javassist/3.22.0-GA/javassist-3.22.0-GA.jar:/Users/williamkorando/.m2/repository/antlr/antlr/2.7.7/antlr-2.7.7.jar:/Users/williamkorando/.m2/repository/org/jboss/jandex/2.0.3.Final/jandex-2.0.3.Final.jar:/Users/williamkorando/.m2/repository/dom4j/dom4j/1.6.1/dom4j-1.6.1.jar:/Users/williamkorando/.m2/repository/org/hibernate/common/hibernate-commons-annotations/5.0.1.Final/hibernate-commons-annotations-5.0.1.Final.jar:/Users/williamkorando/.m2/repository/javax/transaction/javax.transaction-api/1.2/javax.transaction-api-1.2.jar:/Users/williamkorando/.m2/repository/org/springframework/data/spring-data-jpa/2.0.6.RELEASE/spring-data-jpa-2.0.6.RELEASE.jar:/Users/williamkorando/.m2/repository/org/springframework/data/spring-data-commons/2.0.6.RELEASE/spring-data-commons-2.0.6.RELEASE.jar:/Users/williamkorando/.m2/repository/org/springframework/spring-orm/5.0.5.RELEASE/spring-orm-5.0.5.RELEASE.jar:/Users/williamkorando/.m2/repository/org/springframework/spring-context/5.0.5.RELEASE/spring-context-5.0.5.RELEASE.jar:/Users/williamkorando/.m2/repository/org/springframework/spring-tx/5.0.5.RELEASE/spring-tx-5.0.5.RELEASE.jar:/Users/williamkorando/.m2/repository/org/springframework/spring-beans/5.0.5.RELEASE/spring-beans-5.0.5.RELEASE.jar:/Users/williamkorando/.m2/repository/org/slf4j/slf4j-api/1.7.25/slf4j-api-1.7.25.jar:/Users/williamkorando/.m2/repository/org/springframework/spring-aspects/5.0.5.RELEASE/spring-aspects-5.0.5.RELEASE.jar:/Users/williamkorando/.m2/repository/org/springframework/boot/spring-boot-starter-thymeleaf/2.0.1.RELEASE/spring-boot-starter-thymeleaf-2.0.1.RELEASE.jar:/Users/williamkorando/.m2/repository/org/thymeleaf/thymeleaf-spring5/3.0.9.RELEASE/thymeleaf-spring5-3.0.9.RELEASE.jar:/Users/williamkorando/.m2/repository/org/thymeleaf/thymeleaf/3.0.9.RELEASE/thymeleaf-3.0.9.RELEASE.jar:/Users/williamkorando/.m2/repository/org/attoparser/attoparser/2.0.4.RELEASE/attoparser-2.0.4.RELEASE.jar:/Users/williamkorando/.m2/repository/org/unbescape/unbescape/1.1.5.RELEASE/unbescape-1.1.5.RELEASE.jar:/Users/williamkorando/.m2/repository/org/thymeleaf/extras/thymeleaf-extras-java8time/3.0.1.RELEASE/thymeleaf-extras-java8time-3.0.1.RELEASE.jar:/Users/williamkorando/.m2/repository/org/springframework/boot/spring-boot-starter-web/2.0.1.RELEASE/spring-boot-starter-web-2.0.1.RELEASE.jar:/Users/williamkorando/.m2/repository/org/springframework/boot/spring-boot-starter-json/2.0.1.RELEASE/spring-boot-starter-json-2.0.1.RELEASE.jar:/Users/williamkorando/.m2/repository/com/fasterxml/jackson/core/jackson-databind/2.9.5/jackson-databind-2.9.5.jar:/Users/williamkorando/.m2/repository/com/fasterxml/jackson/core/jackson-annotations/2.9.0/jackson-annotations-2.9.0.jar:/Users/williamkorando/.m2/repository/com/fasterxml/jackson/core/jackson-core/2.9.5/jackson-core-2.9.5.jar:/Users/williamkorando/.m2/repository/com/fasterxml/jackson/datatype/jackson-datatype-jdk8/2.9.5/jackson-datatype-jdk8-2.9.5.jar:/Users/williamkorando/.m2/repository/com/fasterxml/jackson/datatype/jackson-datatype-jsr310/2.9.5/jackson-datatype-jsr310-2.9.5.jar:/Users/williamkorando/.m2/repository/com/fasterxml/jackson/module/jackson-module-parameter-names/2.9.5/jackson-module-parameter-names-2.9.5.jar:/Users/williamkorando/.m2/repository/org/springframework/boot/spring-boot-starter-tomcat/2.0.1.RELEASE/spring-boot-starter-tomcat-2.0.1.RELEASE.jar:/Users/williamkorando/.m2/repository/org/apache/tomcat/embed/tomcat-embed-core/8.5.29/tomcat-embed-core-8.5.29.jar:/Users/williamkorando/.m2/repository/org/apache/tomcat/embed/tomcat-embed-el/8.5.29/tomcat-embed-el-8.5.29.jar:/Users/williamkorando/.m2/repository/org/apache/tomcat/embed/tomcat-embed-websocket/8.5.29/tomcat-embed-websocket-8.5.29.jar:/Users/williamkorando/.m2/repository/org/hibernate/validator/hibernate-validator/6.0.9.Final/hibernate-validator-6.0.9.Final.jar:/Users/williamkorando/.m2/repository/org/springframework/spring-web/5.0.5.RELEASE/spring-web-5.0.5.RELEASE.jar:/Users/williamkorando/.m2/repository/org/springframework/spring-webmvc/5.0.5.RELEASE/spring-webmvc-5.0.5.RELEASE.jar:/Users/williamkorando/.m2/repository/org/springframework/spring-expression/5.0.5.RELEASE/spring-expression-5.0.5.RELEASE.jar:/Users/williamkorando/.m2/repository/org/hibernate/hibernate-validator/5.2.4.Final/hibernate-validator-5.2.4.Final.jar:/Users/williamkorando/.m2/repository/javax/validation/validation-api/2.0.1.Final/validation-api-2.0.1.Final.jar:/Users/williamkorando/.m2/repository/org/jboss/logging/jboss-logging/3.3.2.Final/jboss-logging-3.3.2.Final.jar:/Users/williamkorando/.m2/repository/com/fasterxml/classmate/1.3.4/classmate-1.3.4.jar:/Users/williamkorando/.m2/repository/com/h2database/h2/1.4.197/h2-1.4.197.jar:/Users/williamkorando/.m2/repository/org/springframework/boot/spring-boot-starter-test/2.0.1.RELEASE/spring-boot-starter-test-2.0.1.RELEASE.jar:/Users/williamkorando/.m2/repository/org/springframework/boot/spring-boot-test/2.0.1.RELEASE/spring-boot-test-2.0.1.RELEASE.jar:/Users/williamkorando/.m2/repository/org/springframework/boot/spring-boot-test-autoconfigure/2.0.1.RELEASE/spring-boot-test-autoconfigure-2.0.1.RELEASE.jar:/Users/williamkorando/.m2/repository/com/jayway/jsonpath/json-path/2.4.0/json-path-2.4.0.jar:/Users/williamkorando/.m2/repository/net/minidev/json-smart/2.3/json-smart-2.3.jar:/Users/williamkorando/.m2/repository/net/minidev/accessors-smart/1.2/accessors-smart-1.2.jar:/Users/williamkorando/.m2/repository/org/ow2/asm/asm/5.0.4/asm-5.0.4.jar:/Users/williamkorando/.m2/repository/junit/junit/4.12/junit-4.12.jar:/Users/williamkorando/.m2/repository/org/assertj/assertj-core/3.9.1/assertj-core-3.9.1.jar:/Users/williamkorando/.m2/repository/org/mockito/mockito-core/2.15.0/mockito-core-2.15.0.jar:/Users/williamkorando/.m2/repository/net/bytebuddy/byte-buddy/1.7.11/byte-buddy-1.7.11.jar:/Users/williamkorando/.m2/repository/net/bytebuddy/byte-buddy-agent/1.7.11/byte-buddy-agent-1.7.11.jar:/Users/williamkorando/.m2/repository/org/objenesis/objenesis/2.6/objenesis-2.6.jar:/Users/williamkorando/.m2/repository/org/hamcrest/hamcrest-core/1.3/hamcrest-core-1.3.jar:/Users/williamkorando/.m2/repository/org/hamcrest/hamcrest-library/1.3/hamcrest-library-1.3.jar:/Users/williamkorando/.m2/repository/org/skyscreamer/jsonassert/1.5.0/jsonassert-1.5.0.jar:/Users/williamkorando/.m2/repository/com/vaadin/external/google/android-json/0.0.20131108.vaadin1/android-json-0.0.20131108.vaadin1.jar:/Users/williamkorando/.m2/repository/org/springframework/spring-core/5.0.5.RELEASE/spring-core-5.0.5.RELEASE.jar:/Users/williamkorando/.m2/repository/org/springframework/spring-jcl/5.0.5.RELEASE/spring-jcl-5.0.5.RELEASE.jar:/Users/williamkorando/.m2/repository/org/springframework/spring-test/5.0.5.RELEASE/spring-test-5.0.5.RELEASE.jar:/Users/williamkorando/.m2/repository/org/xmlunit/xmlunit-core/2.5.1/xmlunit-core-2.5.1.jar:/Users/williamkorando/.m2/repository/org/testcontainers/postgresql/1.6.0/postgresql-1.6.0.jar:/Users/williamkorando/.m2/repository/org/testcontainers/jdbc/1.6.0/jdbc-1.6.0.jar:/Users/williamkorando/.m2/repository/org/testcontainers/testcontainers/1.6.0/testcontainers-1.6.0.jar:/Users/williamkorando/.m2/repository/com/kohlschutter/junixsocket/junixsocket-common/2.0.4/junixsocket-common-2.0.4.jar:/Users/williamkorando/.m2/repository/com/kohlschutter/junixsocket/junixsocket-native-common/2.0.4/junixsocket-native-common-2.0.4.jar:/Users/williamkorando/.m2/repository/org/scijava/native-lib-loader/2.0.2/native-lib-loader-2.0.2.jar:/Users/williamkorando/.m2/repository/org/apache/commons/commons-compress/1.12/commons-compress-1.12.jar:/Users/williamkorando/.m2/repository/commons-codec/commons-codec/1.11/commons-codec-1.11.jar:/Users/williamkorando/.m2/repository/commons-lang/commons-lang/2.6/commons-lang-2.6.jar:/Users/williamkorando/.m2/repository/commons-io/commons-io/2.5/commons-io-2.5.jar:/Users/williamkorando/.m2/repository/org/slf4j/jcl-over-slf4j/1.7.25/jcl-over-slf4j-1.7.25.jar:/Users/williamkorando/.m2/repository/javax/xml/bind/jaxb-api/2.3.0/jaxb-api-2.3.0.jar:/Users/williamkorando/.m2/repository/org/rnorth/tcp-unix-socket-proxy/1.0.1/tcp-unix-socket-proxy-1.0.1.jar:/Users/williamkorando/.m2/repository/org/zeroturnaround/zt-exec/1.8/zt-exec-1.8.jar:/Users/williamkorando/.m2/repository/org/rnorth/duct-tape/duct-tape/1.0.6/duct-tape-1.0.6.jar:/Users/williamkorando/.m2/repository/org/jetbrains/annotations/13.0/annotations-13.0.jar:/Users/williamkorando/.m2/repository/org/slf4j/slf4j-ext/1.7.25/slf4j-ext-1.7.25.jar:/Users/williamkorando/.m2/repository/org/rnorth/visible-assertions/visible-assertions/2.1.0/visible-assertions-2.1.0.jar:/Users/williamkorando/.m2/repository/net/java/dev/jna/jna/4.5.1/jna-4.5.1.jar:/Users/williamkorando/.m2/repository/org/postgresql/postgresql/42.2.2/postgresql-42.2.2.jar:/Users/williamkorando/.m2/repository/org/junit/jupiter/junit-jupiter-api/5.2.0/junit-jupiter-api-5.2.0.jar:/Users/williamkorando/.m2/repository/org/apiguardian/apiguardian-api/1.0.0/apiguardian-api-1.0.0.jar:/Users/williamkorando/.m2/repository/org/opentest4j/opentest4j/1.1.0/opentest4j-1.1.0.jar:/Users/williamkorando/.m2/repository/org/junit/platform/junit-platform-commons/1.2.0/junit-platform-commons-1.2.0.jar:/Users/williamkorando/.m2/repository/org/junit/jupiter/junit-jupiter-engine/5.2.0/junit-jupiter-engine-5.2.0.jar:/Users/williamkorando/.m2/repository/org/junit/vintage/junit-vintage-engine/5.2.0/junit-vintage-engine-5.2.0.jar:/Users/williamkorando/.m2/repository/org/junit/jupiter/junit-jupiter-migrationsupport/5.2.0/junit-jupiter-migrationsupport-5.2.0.jar:/Users/williamkorando/.m2/repository/org/junit/jupiter/junit-jupiter-params/5.2.0/junit-jupiter-params-5.2.0.jar:/Users/williamkorando/.m2/repository/org/junit/platform/junit-platform-engine/1.2.0/junit-platform-engine-1.2.0.jar:/Users/williamkorando/.m2/repository/org/junit/platform/junit-platform-launcher/1.2.0/junit-platform-launcher-1.2.0.jar:, user.name=williamkorando, java.vm.specification.version=1.8, sun.java.command=/Users/williamkorando/Documents/WelcomeJUnit5/JUnit5Demo/target/surefire/surefirebooter5084527383140656633.jar /Users/williamkorando/Documents/WelcomeJUnit5/JUnit5Demo/target/surefire 2018-05-24T14-03-31_062-jvmRun1 surefire2686665449646322920tmp surefire_01753888768706316849tmp, java.home=/Library/Java/JavaVirtualMachines/jdk1.8.0_111.jdk/Contents/Home/jre, sun.arch.data.model=64, user.language=en, java.specification.vendor=Oracle Corporation, awt.toolkit=sun.lwawt.macosx.LWCToolkit, java.vm.info=mixed mode, java.version=1.8.0_111, java.ext.dirs=/Users/williamkorando/Library/Java/Extensions:/Library/Java/JavaVirtualMachines/jdk1.8.0_111.jdk/Contents/Home/jre/lib/ext:/Library/Java/Extensions:/Network/Library/Java/Extensions:/System/Library/Java/Extensions:/usr/lib/java, sun.boot.class.path=/Library/Java/JavaVirtualMachines/jdk1.8.0_111.jdk/Contents/Home/jre/lib/resources.jar:/Library/Java/JavaVirtualMachines/jdk1.8.0_111.jdk/Contents/Home/jre/lib/rt.jar:/Library/Java/JavaVirtualMachines/jdk1.8.0_111.jdk/Contents/Home/jre/lib/sunrsasign.jar:/Library/Java/JavaVirtualMachines/jdk1.8.0_111.jdk/Contents/Home/jre/lib/jsse.jar:/Library/Java/JavaVirtualMachines/jdk1.8.0_111.jdk/Contents/Home/jre/lib/jce.jar:/Library/Java/JavaVirtualMachines/jdk1.8.0_111.jdk/Contents/Home/jre/lib/charsets.jar:/Library/Java/JavaVirtualMachines/jdk1.8.0_111.jdk/Contents/Home/jre/lib/jfr.jar:/Library/Java/JavaVirtualMachines/jdk1.8.0_111.jdk/Contents/Home/jre/classes, java.vendor=Oracle Corporation, localRepository=/Users/williamkorando/.m2/repository, file.separator=/, java.vendor.url.bug=http://bugreport.sun.com/bugreport/, sun.io.unicode.encoding=UnicodeBig, sun.cpu.endian=little, socksNonProxyHosts=local|*.local|169.254/16|*.169.254/16, ftp.nonProxyHosts=local|*.local|169.254/16|*.169.254/16, sun.cpu.isalist=}}, SystemEnvironmentPropertySource@130166095 {name='systemEnvironment', properties={PATH=/usr/bin:/bin:/usr/sbin:/sbin, SHELL=/bin/bash, JAVA_STARTED_ON_FIRST_THREAD_46154=1, OLDPWD=/Users/williamkorando/Documents/WelcomeJUnit5/JUnit5Demo, USER=williamkorando, JAVA_MAIN_CLASS_48048=org.codehaus.plexus.classworlds.launcher.Launcher, TMPDIR=/var/folders/c1/bsm5c1496v30qs3zlhx2gml00000gn/T/, SSH_AUTH_SOCK=/private/tmp/com.apple.launchd.kmug7iflar/Listeners, XPC_FLAGS=0x0, APP_ICON_46154=../Resources/sts.icns, __CF_USER_TEXT_ENCODING=0x1F5:0x0:0x0, JAVA_MAIN_CLASS_48061=org.apache.maven.surefire.booter.ForkedBooter, Apple_PubSub_Socket_Render=/private/tmp/com.apple.launchd.uaAYxIniVe/Render, LOGNAME=williamkorando, XPC_SERVICE_NAME=0, PWD=/Users/williamkorando/Documents/WelcomeJUnit5/JUnit5Demo, HOME=/Users/williamkorando, SHLVL=1, _=/Library/Java/JavaVirtualMachines/jdk1.8.0_111.jdk/Contents/Home/jre/bin/java}}]
14:03:35.772 [main] DEBUG org.springframework.core.env.StandardEnvironment - Adding PropertySource 'test' with highest search precedence
14:03:35.773 [main] DEBUG org.springframework.core.env.StandardEnvironment - Adding PropertySource 'configurationProperties' with highest search precedence
14:03:35.773 [main] DEBUG org.springframework.test.context.support.AnnotationConfigContextLoader - Registering annotated classes: {class com.bk.hotel.HotelApplication}
14:03:35.798 [main] INFO org.springframework.context.support.GenericApplicationContext - Refreshing org.springframework.context.support.GenericApplicationContext@2a1edad4: startup date [Thu May 24 14:03:35 CEST 2018]; root of context hierarchy
14:03:35.798 [main] DEBUG org.springframework.context.support.GenericApplicationContext - Bean factory for org.springframework.context.support.GenericApplicationContext@2a1edad4: org.springframework.beans.factory.support.DefaultListableBeanFactory@523424b5: defining beans [org.springframework.context.annotation.internalConfigurationAnnotationProcessor,org.springframework.context.annotation.internalAutowiredAnnotationProcessor,org.springframework.context.annotation.internalRequiredAnnotationProcessor,org.springframework.context.annotation.internalCommonAnnotationProcessor,org.springframework.context.annotation.internalPersistenceAnnotationProcessor,org.springframework.context.event.internalEventListenerProcessor,org.springframework.context.event.internalEventListenerFactory,hotelApplication,org.springframework.boot.test.mock.mockito.MockitoPostProcessor$SpyPostProcessor,org.springframework.boot.test.mock.mockito.MockitoPostProcessor]; root of factory hierarchy
14:03:35.806 [main] DEBUG org.springframework.beans.factory.support.DefaultListableBeanFactory - Creating shared instance of singleton bean 'org.springframework.context.annotation.internalConfigurationAnnotationProcessor'
14:03:35.807 [main] DEBUG org.springframework.beans.factory.support.DefaultListableBeanFactory - Creating instance of bean 'org.springframework.context.annotation.internalConfigurationAnnotationProcessor'
14:03:35.817 [main] DEBUG org.springframework.beans.factory.support.DefaultListableBeanFactory - Eagerly caching bean 'org.springframework.context.annotation.internalConfigurationAnnotationProcessor' to allow for resolving potential circular references
14:03:35.819 [main] DEBUG org.springframework.beans.factory.support.DefaultListableBeanFactory - Finished creating instance of bean 'org.springframework.context.annotation.internalConfigurationAnnotationProcessor'
14:03:35.835 [main] DEBUG org.springframework.context.annotation.ClassPathBeanDefinitionScanner - JSR-250 'javax.annotation.ManagedBean' found and supported for component scanning
14:03:35.839 [main] DEBUG org.springframework.core.io.support.PathMatchingResourcePatternResolver - Resolved classpath location [com/bk/hotel/] to resources [URL [file:/Users/williamkorando/Documents/WelcomeJUnit5/JUnit5Demo/target/test-classes/com/bk/hotel/], URL [file:/Users/williamkorando/Documents/WelcomeJUnit5/JUnit5Demo/target/classes/com/bk/hotel/]]
14:03:35.840 [main] DEBUG org.springframework.core.io.support.PathMatchingResourcePatternResolver - Looking for matching resources in directory tree [/Users/williamkorando/Documents/WelcomeJUnit5/JUnit5Demo/target/test-classes/com/bk/hotel]
14:03:35.840 [main] DEBUG org.springframework.core.io.support.PathMatchingResourcePatternResolver - Searching directory [/Users/williamkorando/Documents/WelcomeJUnit5/JUnit5Demo/target/test-classes/com/bk/hotel] for files matching pattern [/Users/williamkorando/Documents/WelcomeJUnit5/JUnit5Demo/target/test-classes/com/bk/hotel/**/*.class]
14:03:35.841 [main] DEBUG org.springframework.core.io.support.PathMatchingResourcePatternResolver - Searching directory [/Users/williamkorando/Documents/WelcomeJUnit5/JUnit5Demo/target/test-classes/com/bk/hotel/controller] for files matching pattern [/Users/williamkorando/Documents/WelcomeJUnit5/JUnit5Demo/target/test-classes/com/bk/hotel/**/*.class]
14:03:35.842 [main] DEBUG org.springframework.core.io.support.PathMatchingResourcePatternResolver - Searching directory [/Users/williamkorando/Documents/WelcomeJUnit5/JUnit5Demo/target/test-classes/com/bk/hotel/junit4] for files matching pattern [/Users/williamkorando/Documents/WelcomeJUnit5/JUnit5Demo/target/test-classes/com/bk/hotel/**/*.class]
14:03:35.843 [main] DEBUG org.springframework.core.io.support.PathMatchingResourcePatternResolver - Searching directory [/Users/williamkorando/Documents/WelcomeJUnit5/JUnit5Demo/target/test-classes/com/bk/hotel/repo] for files matching pattern [/Users/williamkorando/Documents/WelcomeJUnit5/JUnit5Demo/target/test-classes/com/bk/hotel/**/*.class]
14:03:35.843 [main] DEBUG org.springframework.core.io.support.PathMatchingResourcePatternResolver - Searching directory [/Users/williamkorando/Documents/WelcomeJUnit5/JUnit5Demo/target/test-classes/com/bk/hotel/service] for files matching pattern [/Users/williamkorando/Documents/WelcomeJUnit5/JUnit5Demo/target/test-classes/com/bk/hotel/**/*.class]
14:03:35.843 [main] DEBUG org.springframework.core.io.support.PathMatchingResourcePatternResolver - Searching directory [/Users/williamkorando/Documents/WelcomeJUnit5/JUnit5Demo/target/test-classes/com/bk/hotel/service/impl] for files matching pattern [/Users/williamkorando/Documents/WelcomeJUnit5/JUnit5Demo/target/test-classes/com/bk/hotel/**/*.class]
14:03:35.846 [main] DEBUG org.springframework.core.io.support.PathMatchingResourcePatternResolver - Looking for matching resources in directory tree [/Users/williamkorando/Documents/WelcomeJUnit5/JUnit5Demo/target/classes/com/bk/hotel]
14:03:35.847 [main] DEBUG org.springframework.core.io.support.PathMatchingResourcePatternResolver - Searching directory [/Users/williamkorando/Documents/WelcomeJUnit5/JUnit5Demo/target/classes/com/bk/hotel] for files matching pattern [/Users/williamkorando/Documents/WelcomeJUnit5/JUnit5Demo/target/classes/com/bk/hotel/**/*.class]
14:03:35.847 [main] DEBUG org.springframework.core.io.support.PathMatchingResourcePatternResolver - Searching directory [/Users/williamkorando/Documents/WelcomeJUnit5/JUnit5Demo/target/classes/com/bk/hotel/controller] for files matching pattern [/Users/williamkorando/Documents/WelcomeJUnit5/JUnit5Demo/target/classes/com/bk/hotel/**/*.class]
14:03:35.847 [main] DEBUG org.springframework.core.io.support.PathMatchingResourcePatternResolver - Searching directory [/Users/williamkorando/Documents/WelcomeJUnit5/JUnit5Demo/target/classes/com/bk/hotel/model] for files matching pattern [/Users/williamkorando/Documents/WelcomeJUnit5/JUnit5Demo/target/classes/com/bk/hotel/**/*.class]
14:03:35.848 [main] DEBUG org.springframework.core.io.support.PathMatchingResourcePatternResolver - Searching directory [/Users/williamkorando/Documents/WelcomeJUnit5/JUnit5Demo/target/classes/com/bk/hotel/repo] for files matching pattern [/Users/williamkorando/Documents/WelcomeJUnit5/JUnit5Demo/target/classes/com/bk/hotel/**/*.class]
14:03:35.848 [main] DEBUG org.springframework.core.io.support.PathMatchingResourcePatternResolver - Searching directory [/Users/williamkorando/Documents/WelcomeJUnit5/JUnit5Demo/target/classes/com/bk/hotel/service] for files matching pattern [/Users/williamkorando/Documents/WelcomeJUnit5/JUnit5Demo/target/classes/com/bk/hotel/**/*.class]
14:03:35.848 [main] DEBUG org.springframework.core.io.support.PathMatchingResourcePatternResolver - Searching directory [/Users/williamkorando/Documents/WelcomeJUnit5/JUnit5Demo/target/classes/com/bk/hotel/service/impl] for files matching pattern [/Users/williamkorando/Documents/WelcomeJUnit5/JUnit5Demo/target/classes/com/bk/hotel/**/*.class]
14:03:35.849 [main] DEBUG org.springframework.core.io.support.PathMatchingResourcePatternResolver - Resolved location pattern [classpath*:com/bk/hotel/**/*.class] to resources [file [/Users/williamkorando/Documents/WelcomeJUnit5/JUnit5Demo/target/test-classes/com/bk/hotel/controller/DeleteResourceEndpointTest.class], file [/Users/williamkorando/Documents/WelcomeJUnit5/JUnit5Demo/target/test-classes/com/bk/hotel/controller/EndpointTest.class], file [/Users/williamkorando/Documents/WelcomeJUnit5/JUnit5Demo/target/test-classes/com/bk/hotel/controller/GetResourceEndpointTest.class], file [/Users/williamkorando/Documents/WelcomeJUnit5/JUnit5Demo/target/test-classes/com/bk/hotel/controller/PutPostEndpointTesting.class], file [/Users/williamkorando/Documents/WelcomeJUnit5/JUnit5Demo/target/test-classes/com/bk/hotel/controller/RoomControllerTest.class], file [/Users/williamkorando/Documents/WelcomeJUnit5/JUnit5Demo/target/test-classes/com/bk/hotel/controller/SearchEndpointTest.class], file [/Users/williamkorando/Documents/WelcomeJUnit5/JUnit5Demo/target/test-classes/com/bk/hotel/controller/SuccessfulSearchScenario.class], file [/Users/williamkorando/Documents/WelcomeJUnit5/JUnit5Demo/target/test-classes/com/bk/hotel/controller/TestCustomersController$1.class], file [/Users/williamkorando/Documents/WelcomeJUnit5/JUnit5Demo/target/test-classes/com/bk/hotel/controller/TestCustomersController.class], file [/Users/williamkorando/Documents/WelcomeJUnit5/JUnit5Demo/target/test-classes/com/bk/hotel/junit4/CustomerRepoTest.class], file [/Users/williamkorando/Documents/WelcomeJUnit5/JUnit5Demo/target/test-classes/com/bk/hotel/junit4/ITCustomerRepo$Initializer.class], file [/Users/williamkorando/Documents/WelcomeJUnit5/JUnit5Demo/target/test-classes/com/bk/hotel/junit4/ITCustomerRepo.class], file [/Users/williamkorando/Documents/WelcomeJUnit5/JUnit5Demo/target/test-classes/com/bk/hotel/junit4/ParameterizedReservationServiceImplTest.class], file [/Users/williamkorando/Documents/WelcomeJUnit5/JUnit5Demo/target/test-classes/com/bk/hotel/junit4/RoomServiceImplTest.class], file [/Users/williamkorando/Documents/WelcomeJUnit5/JUnit5Demo/target/test-classes/com/bk/hotel/repo/CustomerRepoJUnit5Test.class], file [/Users/williamkorando/Documents/WelcomeJUnit5/JUnit5Demo/target/test-classes/com/bk/hotel/repo/ITCustomerJUnit5Repo$Initializer.class], file [/Users/williamkorando/Documents/WelcomeJUnit5/JUnit5Demo/target/test-classes/com/bk/hotel/repo/ITCustomerJUnit5Repo.class], file [/Users/williamkorando/Documents/WelcomeJUnit5/JUnit5Demo/target/test-classes/com/bk/hotel/service/impl/ArgumentsAccessorParamterizedTest.class], file [/Users/williamkorando/Documents/WelcomeJUnit5/JUnit5Demo/target/test-classes/com/bk/hotel/service/impl/CheatRoomServiceImplJUnit5Test.class], file [/Users/williamkorando/Documents/WelcomeJUnit5/JUnit5Demo/target/test-classes/com/bk/hotel/service/impl/DateValidationBean.class], file [/Users/williamkorando/Documents/WelcomeJUnit5/JUnit5Demo/target/test-classes/com/bk/hotel/service/impl/DateValidationBeanAggregator.class], file [/Users/williamkorando/Documents/WelcomeJUnit5/JUnit5Demo/target/test-classes/com/bk/hotel/service/impl/DisableOnMacCondition.class], file [/Users/williamkorando/Documents/WelcomeJUnit5/JUnit5Demo/target/test-classes/com/bk/hotel/service/impl/DisabledOnMac.class], file [/Users/williamkorando/Documents/WelcomeJUnit5/JUnit5Demo/target/test-classes/com/bk/hotel/service/impl/DisabledOnNixSystems.class], file [/Users/williamkorando/Documents/WelcomeJUnit5/JUnit5Demo/target/test-classes/com/bk/hotel/service/impl/EnabledOnNixSystems.class], file [/Users/williamkorando/Documents/WelcomeJUnit5/JUnit5Demo/target/test-classes/com/bk/hotel/service/impl/ExternalMethodSourceParameterizedTest.class], file [/Users/williamkorando/Documents/WelcomeJUnit5/JUnit5Demo/target/test-classes/com/bk/hotel/service/impl/IntegrationTest.class], file [/Users/williamkorando/Documents/WelcomeJUnit5/JUnit5Demo/target/test-classes/com/bk/hotel/service/impl/JUnit5ParameterizedTest.class], file [/Users/williamkorando/Documents/WelcomeJUnit5/JUnit5Demo/target/test-classes/com/bk/hotel/service/impl/JUnit5ParameterizedTestImprovements.class], file [/Users/williamkorando/Documents/WelcomeJUnit5/JUnit5Demo/target/test-classes/com/bk/hotel/service/impl/ParameterizedTestData.class], file [/Users/williamkorando/Documents/WelcomeJUnit5/JUnit5Demo/target/test-classes/com/bk/hotel/service/impl/RepeatedTestDemo.class], file [/Users/williamkorando/Documents/WelcomeJUnit5/JUnit5Demo/target/test-classes/com/bk/hotel/service/impl/SpringTestContainersExtension.class], file [/Users/williamkorando/Documents/WelcomeJUnit5/JUnit5Demo/target/test-classes/com/bk/hotel/service/impl/StringArrayConverter.class], file [/Users/williamkorando/Documents/WelcomeJUnit5/JUnit5Demo/target/test-classes/com/bk/hotel/service/impl/ToDataValidationBean.class], file [/Users/williamkorando/Documents/WelcomeJUnit5/JUnit5Demo/target/classes/com/bk/hotel/ControllerLoggingAspect.class], file [/Users/williamkorando/Documents/WelcomeJUnit5/JUnit5Demo/target/classes/com/bk/hotel/HotelApplication.class], file [/Users/williamkorando/Documents/WelcomeJUnit5/JUnit5Demo/target/classes/com/bk/hotel/RoomServiceException.class], file [/Users/williamkorando/Documents/WelcomeJUnit5/JUnit5Demo/target/classes/com/bk/hotel/controller/CustomerController.class], file [/Users/williamkorando/Documents/WelcomeJUnit5/JUnit5Demo/target/classes/com/bk/hotel/controller/ReservationController.class], file [/Users/williamkorando/Documents/WelcomeJUnit5/JUnit5Demo/target/classes/com/bk/hotel/controller/RoomController.class], file [/Users/williamkorando/Documents/WelcomeJUnit5/JUnit5Demo/target/classes/com/bk/hotel/model/Customer$CustomerBuilder.class], file [/Users/williamkorando/Documents/WelcomeJUnit5/JUnit5Demo/target/classes/com/bk/hotel/model/Customer.class], file [/Users/williamkorando/Documents/WelcomeJUnit5/JUnit5Demo/target/classes/com/bk/hotel/model/ErrorResponse.class], file [/Users/williamkorando/Documents/WelcomeJUnit5/JUnit5Demo/target/classes/com/bk/hotel/model/Reservation.class], file [/Users/williamkorando/Documents/WelcomeJUnit5/JUnit5Demo/target/classes/com/bk/hotel/model/Room.class], file [/Users/williamkorando/Documents/WelcomeJUnit5/JUnit5Demo/target/classes/com/bk/hotel/repo/CustomerRepo.class], file [/Users/williamkorando/Documents/WelcomeJUnit5/JUnit5Demo/target/classes/com/bk/hotel/repo/RoomRepo.class], file [/Users/williamkorando/Documents/WelcomeJUnit5/JUnit5Demo/target/classes/com/bk/hotel/service/CustomerService.class], file [/Users/williamkorando/Documents/WelcomeJUnit5/JUnit5Demo/target/classes/com/bk/hotel/service/ReservationService.class], file [/Users/williamkorando/Documents/WelcomeJUnit5/JUnit5Demo/target/classes/com/bk/hotel/service/RoomService.class], file [/Users/williamkorando/Documents/WelcomeJUnit5/JUnit5Demo/target/classes/com/bk/hotel/service/impl/ReservationServiceImpl.class], file [/Users/williamkorando/Documents/WelcomeJUnit5/JUnit5Demo/target/classes/com/bk/hotel/service/impl/RoomServiceImpl.class]]
14:03:35.862 [main] DEBUG org.springframework.beans.factory.support.DefaultListableBeanFactory - Returning cached instance of singleton bean 'org.springframework.boot.test.context.filter.TestTypeExcludeFilter'
14:03:35.862 [main] DEBUG org.springframework.beans.factory.support.DefaultListableBeanFactory - Returning cached instance of singleton bean 'org.springframework.boot.test.context.filter.TestTypeExcludeFilter'
14:03:35.863 [main] DEBUG org.springframework.beans.factory.support.DefaultListableBeanFactory - Returning cached instance of singleton bean 'org.springframework.boot.test.context.filter.TestTypeExcludeFilter'
14:03:35.864 [main] DEBUG org.springframework.beans.factory.support.DefaultListableBeanFactory - Returning cached instance of singleton bean 'org.springframework.boot.test.context.filter.TestTypeExcludeFilter'
14:03:35.873 [main] DEBUG org.springframework.beans.factory.support.DefaultListableBeanFactory - Returning cached instance of singleton bean 'org.springframework.boot.test.context.filter.TestTypeExcludeFilter'
14:03:35.878 [main] DEBUG org.springframework.beans.factory.support.DefaultListableBeanFactory - Returning cached instance of singleton bean 'org.springframework.boot.test.context.filter.TestTypeExcludeFilter'
14:03:35.879 [main] DEBUG org.springframework.beans.factory.support.DefaultListableBeanFactory - Returning cached instance of singleton bean 'org.springframework.boot.test.context.filter.TestTypeExcludeFilter'
14:03:35.879 [main] DEBUG org.springframework.beans.factory.support.DefaultListableBeanFactory - Returning cached instance of singleton bean 'org.springframework.boot.test.context.filter.TestTypeExcludeFilter'
14:03:35.882 [main] DEBUG org.springframework.beans.factory.support.DefaultListableBeanFactory - Returning cached instance of singleton bean 'org.springframework.boot.test.context.filter.TestTypeExcludeFilter'
14:03:35.890 [main] DEBUG org.springframework.beans.factory.support.DefaultListableBeanFactory - Returning cached instance of singleton bean 'org.springframework.boot.test.context.filter.TestTypeExcludeFilter'
14:03:35.891 [main] DEBUG org.springframework.beans.factory.support.DefaultListableBeanFactory - Returning cached instance of singleton bean 'org.springframework.boot.test.context.filter.TestTypeExcludeFilter'
14:03:35.892 [main] DEBUG org.springframework.beans.factory.support.DefaultListableBeanFactory - Returning cached instance of singleton bean 'org.springframework.boot.test.context.filter.TestTypeExcludeFilter'
14:03:35.893 [main] DEBUG org.springframework.beans.factory.support.DefaultListableBeanFactory - Returning cached instance of singleton bean 'org.springframework.boot.test.context.filter.TestTypeExcludeFilter'
14:03:35.893 [main] DEBUG org.springframework.beans.factory.support.DefaultListableBeanFactory - Returning cached instance of singleton bean 'org.springframework.boot.test.context.filter.TestTypeExcludeFilter'
14:03:35.895 [main] DEBUG org.springframework.beans.factory.support.DefaultListableBeanFactory - Returning cached instance of singleton bean 'org.springframework.boot.test.context.filter.TestTypeExcludeFilter'
14:03:35.895 [main] DEBUG org.springframework.beans.factory.support.DefaultListableBeanFactory - Returning cached instance of singleton bean 'org.springframework.boot.test.context.filter.TestTypeExcludeFilter'
14:03:35.897 [main] DEBUG org.springframework.beans.factory.support.DefaultListableBeanFactory - Returning cached instance of singleton bean 'org.springframework.boot.test.context.filter.TestTypeExcludeFilter'
14:03:35.899 [main] DEBUG org.springframework.beans.factory.support.DefaultListableBeanFactory - Returning cached instance of singleton bean 'org.springframework.boot.test.context.filter.TestTypeExcludeFilter'
14:03:35.904 [main] DEBUG org.springframework.beans.factory.support.DefaultListableBeanFactory - Returning cached instance of singleton bean 'org.springframework.boot.test.context.filter.TestTypeExcludeFilter'
14:03:35.904 [main] DEBUG org.springframework.beans.factory.support.DefaultListableBeanFactory - Returning cached instance of singleton bean 'org.springframework.boot.test.context.filter.TestTypeExcludeFilter'
14:03:35.905 [main] DEBUG org.springframework.beans.factory.support.DefaultListableBeanFactory - Returning cached instance of singleton bean 'org.springframework.boot.test.context.filter.TestTypeExcludeFilter'
14:03:35.905 [main] DEBUG org.springframework.beans.factory.support.DefaultListableBeanFactory - Returning cached instance of singleton bean 'org.springframework.boot.test.context.filter.TestTypeExcludeFilter'
14:03:35.906 [main] DEBUG org.springframework.beans.factory.support.DefaultListableBeanFactory - Returning cached instance of singleton bean 'org.springframework.boot.test.context.filter.TestTypeExcludeFilter'
14:03:35.907 [main] DEBUG org.springframework.beans.factory.support.DefaultListableBeanFactory - Returning cached instance of singleton bean 'org.springframework.boot.test.context.filter.TestTypeExcludeFilter'
14:03:35.909 [main] DEBUG org.springframework.beans.factory.support.DefaultListableBeanFactory - Returning cached instance of singleton bean 'org.springframework.boot.test.context.filter.TestTypeExcludeFilter'
14:03:35.909 [main] DEBUG org.springframework.beans.factory.support.DefaultListableBeanFactory - Returning cached instance of singleton bean 'org.springframework.boot.test.context.filter.TestTypeExcludeFilter'
14:03:35.910 [main] DEBUG org.springframework.beans.factory.support.DefaultListableBeanFactory - Returning cached instance of singleton bean 'org.springframework.boot.test.context.filter.TestTypeExcludeFilter'
14:03:35.910 [main] DEBUG org.springframework.beans.factory.support.DefaultListableBeanFactory - Returning cached instance of singleton bean 'org.springframework.boot.test.context.filter.TestTypeExcludeFilter'
14:03:35.912 [main] DEBUG org.springframework.beans.factory.support.DefaultListableBeanFactory - Returning cached instance of singleton bean 'org.springframework.boot.test.context.filter.TestTypeExcludeFilter'
14:03:35.912 [main] DEBUG org.springframework.beans.factory.support.DefaultListableBeanFactory - Returning cached instance of singleton bean 'org.springframework.boot.test.context.filter.TestTypeExcludeFilter'
14:03:35.913 [main] DEBUG org.springframework.beans.factory.support.DefaultListableBeanFactory - Returning cached instance of singleton bean 'org.springframework.boot.test.context.filter.TestTypeExcludeFilter'
14:03:35.914 [main] DEBUG org.springframework.beans.factory.support.DefaultListableBeanFactory - Returning cached instance of singleton bean 'org.springframework.boot.test.context.filter.TestTypeExcludeFilter'
14:03:35.914 [main] DEBUG org.springframework.beans.factory.support.DefaultListableBeanFactory - Returning cached instance of singleton bean 'org.springframework.boot.test.context.filter.TestTypeExcludeFilter'
14:03:35.915 [main] DEBUG org.springframework.beans.factory.support.DefaultListableBeanFactory - Returning cached instance of singleton bean 'org.springframework.boot.test.context.filter.TestTypeExcludeFilter'
14:03:35.917 [main] DEBUG org.springframework.beans.factory.support.DefaultListableBeanFactory - Returning cached instance of singleton bean 'org.springframework.boot.test.context.filter.TestTypeExcludeFilter'
14:03:35.918 [main] DEBUG org.springframework.context.annotation.ClassPathBeanDefinitionScanner - Identified candidate component class: file [/Users/williamkorando/Documents/WelcomeJUnit5/JUnit5Demo/target/classes/com/bk/hotel/ControllerLoggingAspect.class]
14:03:35.923 [main] DEBUG org.springframework.beans.factory.support.DefaultListableBeanFactory - Returning cached instance of singleton bean 'org.springframework.boot.test.context.filter.TestTypeExcludeFilter'
14:03:35.931 [main] DEBUG org.springframework.beans.factory.support.DefaultListableBeanFactory - Returning cached instance of singleton bean 'org.springframework.boot.test.context.filter.TestTypeExcludeFilter'
14:03:35.931 [main] DEBUG org.springframework.context.annotation.ClassPathBeanDefinitionScanner - Identified candidate component class: file [/Users/williamkorando/Documents/WelcomeJUnit5/JUnit5Demo/target/classes/com/bk/hotel/controller/CustomerController.class]
14:03:35.931 [main] DEBUG org.springframework.beans.factory.support.DefaultListableBeanFactory - Returning cached instance of singleton bean 'org.springframework.boot.test.context.filter.TestTypeExcludeFilter'
14:03:35.931 [main] DEBUG org.springframework.context.annotation.ClassPathBeanDefinitionScanner - Identified candidate component class: file [/Users/williamkorando/Documents/WelcomeJUnit5/JUnit5Demo/target/classes/com/bk/hotel/controller/ReservationController.class]
14:03:35.932 [main] DEBUG org.springframework.beans.factory.support.DefaultListableBeanFactory - Returning cached instance of singleton bean 'org.springframework.boot.test.context.filter.TestTypeExcludeFilter'
14:03:35.932 [main] DEBUG org.springframework.context.annotation.ClassPathBeanDefinitionScanner - Identified candidate component class: file [/Users/williamkorando/Documents/WelcomeJUnit5/JUnit5Demo/target/classes/com/bk/hotel/controller/RoomController.class]
14:03:35.932 [main] DEBUG org.springframework.beans.factory.support.DefaultListableBeanFactory - Returning cached instance of singleton bean 'org.springframework.boot.test.context.filter.TestTypeExcludeFilter'
14:03:35.934 [main] DEBUG org.springframework.beans.factory.support.DefaultListableBeanFactory - Returning cached instance of singleton bean 'org.springframework.boot.test.context.filter.TestTypeExcludeFilter'
14:03:35.934 [main] DEBUG org.springframework.beans.factory.support.DefaultListableBeanFactory - Returning cached instance of singleton bean 'org.springframework.boot.test.context.filter.TestTypeExcludeFilter'
14:03:35.935 [main] DEBUG org.springframework.beans.factory.support.DefaultListableBeanFactory - Returning cached instance of singleton bean 'org.springframework.boot.test.context.filter.TestTypeExcludeFilter'
14:03:35.935 [main] DEBUG org.springframework.beans.factory.support.DefaultListableBeanFactory - Returning cached instance of singleton bean 'org.springframework.boot.test.context.filter.TestTypeExcludeFilter'
14:03:35.935 [main] DEBUG org.springframework.beans.factory.support.DefaultListableBeanFactory - Returning cached instance of singleton bean 'org.springframework.boot.test.context.filter.TestTypeExcludeFilter'
14:03:35.935 [main] DEBUG org.springframework.beans.factory.support.DefaultListableBeanFactory - Returning cached instance of singleton bean 'org.springframework.boot.test.context.filter.TestTypeExcludeFilter'
14:03:35.936 [main] DEBUG org.springframework.beans.factory.support.DefaultListableBeanFactory - Returning cached instance of singleton bean 'org.springframework.boot.test.context.filter.TestTypeExcludeFilter'
14:03:35.936 [main] DEBUG org.springframework.beans.factory.support.DefaultListableBeanFactory - Returning cached instance of singleton bean 'org.springframework.boot.test.context.filter.TestTypeExcludeFilter'
14:03:35.936 [main] DEBUG org.springframework.beans.factory.support.DefaultListableBeanFactory - Returning cached instance of singleton bean 'org.springframework.boot.test.context.filter.TestTypeExcludeFilter'
14:03:35.937 [main] DEBUG org.springframework.beans.factory.support.DefaultListableBeanFactory - Returning cached instance of singleton bean 'org.springframework.boot.test.context.filter.TestTypeExcludeFilter'
14:03:35.937 [main] DEBUG org.springframework.context.annotation.ClassPathBeanDefinitionScanner - Identified candidate component class: file [/Users/williamkorando/Documents/WelcomeJUnit5/JUnit5Demo/target/classes/com/bk/hotel/service/impl/ReservationServiceImpl.class]
14:03:35.937 [main] DEBUG org.springframework.beans.factory.support.DefaultListableBeanFactory - Returning cached instance of singleton bean 'org.springframework.boot.test.context.filter.TestTypeExcludeFilter'
14:03:35.937 [main] DEBUG org.springframework.context.annotation.ClassPathBeanDefinitionScanner - Identified candidate component class: file [/Users/williamkorando/Documents/WelcomeJUnit5/JUnit5Demo/target/classes/com/bk/hotel/service/impl/RoomServiceImpl.class]
14:03:35.956 [main] DEBUG org.springframework.core.env.PropertySourcesPropertyResolver - Could not find key 'spring.boot.enableautoconfiguration' in any property source
14:03:35.991 [main] DEBUG org.springframework.beans.factory.support.DefaultListableBeanFactory - Returning cached instance of singleton bean 'autoConfigurationReport'
14:03:36.009 [main] DEBUG org.springframework.core.env.PropertySourcesPropertyResolver - Could not find key 'spring.messages.basename' in any property source
14:03:36.009 [main] DEBUG org.springframework.core.io.support.PathMatchingResourcePatternResolver - Resolved classpath location [messages.properties] to resources []
14:03:36.009 [main] DEBUG org.springframework.beans.factory.support.DefaultListableBeanFactory - Returning cached instance of singleton bean 'autoConfigurationReport'
14:03:36.013 [main] DEBUG org.springframework.beans.factory.support.DefaultListableBeanFactory - Returning cached instance of singleton bean 'autoConfigurationReport'
14:03:36.014 [main] DEBUG org.springframework.beans.factory.support.DefaultListableBeanFactory - Returning cached instance of singleton bean 'autoConfigurationReport'
14:03:36.015 [main] DEBUG org.springframework.beans.factory.support.DefaultListableBeanFactory - Returning cached instance of singleton bean 'autoConfigurationReport'
14:03:36.015 [main] DEBUG org.springframework.beans.factory.support.DefaultListableBeanFactory - Returning cached instance of singleton bean 'autoConfigurationReport'
14:03:36.015 [main] DEBUG org.springframework.beans.factory.support.DefaultListableBeanFactory - Returning cached instance of singleton bean 'autoConfigurationReport'
14:03:36.017 [main] DEBUG org.springframework.beans.factory.support.DefaultListableBeanFactory - Returning cached instance of singleton bean 'autoConfigurationReport'
14:03:36.018 [main] DEBUG org.springframework.beans.factory.support.DefaultListableBeanFactory - Returning cached instance of singleton bean 'autoConfigurationReport'
14:03:36.018 [main] DEBUG org.springframework.beans.factory.support.DefaultListableBeanFactory - Returning cached instance of singleton bean 'autoConfigurationReport'
14:03:36.019 [main] DEBUG org.springframework.beans.factory.support.DefaultListableBeanFactory - Returning cached instance of singleton bean 'autoConfigurationReport'
14:03:36.019 [main] DEBUG org.springframework.beans.factory.support.DefaultListableBeanFactory - Returning cached instance of singleton bean 'autoConfigurationReport'
14:03:36.021 [main] DEBUG org.springframework.beans.factory.support.DefaultListableBeanFactory - Returning cached instance of singleton bean 'autoConfigurationReport'
14:03:36.021 [main] DEBUG org.springframework.beans.factory.support.DefaultListableBeanFactory - Returning cached instance of singleton bean 'autoConfigurationReport'
14:03:36.024 [main] DEBUG org.springframework.beans.factory.support.DefaultListableBeanFactory - Returning cached instance of singleton bean 'autoConfigurationReport'
14:03:36.025 [main] DEBUG org.springframework.beans.factory.support.DefaultListableBeanFactory - Returning cached instance of singleton bean 'autoConfigurationReport'
14:03:36.026 [main] DEBUG org.springframework.beans.factory.support.DefaultListableBeanFactory - Returning cached instance of singleton bean 'autoConfigurationReport'
14:03:36.026 [main] DEBUG org.springframework.beans.factory.support.DefaultListableBeanFactory - Returning cached instance of singleton bean 'autoConfigurationReport'
14:03:36.027 [main] DEBUG org.springframework.beans.factory.support.DefaultListableBeanFactory - Returning cached instance of singleton bean 'autoConfigurationReport'
14:03:36.029 [main] DEBUG org.springframework.beans.factory.support.DefaultListableBeanFactory - Returning cached instance of singleton bean 'autoConfigurationReport'
14:03:36.030 [main] DEBUG org.springframework.beans.factory.support.DefaultListableBeanFactory - Returning cached instance of singleton bean 'autoConfigurationReport'
14:03:36.032 [main] DEBUG org.springframework.beans.factory.support.DefaultListableBeanFactory - Returning cached instance of singleton bean 'autoConfigurationReport'
14:03:36.032 [main] DEBUG org.springframework.beans.factory.support.DefaultListableBeanFactory - Returning cached instance of singleton bean 'autoConfigurationReport'
14:03:36.033 [main] DEBUG org.springframework.beans.factory.support.DefaultListableBeanFactory - Returning cached instance of singleton bean 'autoConfigurationReport'
14:03:36.036 [main] DEBUG org.springframework.beans.factory.support.DefaultListableBeanFactory - Returning cached instance of singleton bean 'autoConfigurationReport'
14:03:36.037 [main] DEBUG org.springframework.beans.factory.support.DefaultListableBeanFactory - Returning cached instance of singleton bean 'autoConfigurationReport'
14:03:36.039 [main] DEBUG org.springframework.beans.factory.support.DefaultListableBeanFactory - Returning cached instance of singleton bean 'autoConfigurationReport'
14:03:36.053 [main] DEBUG org.springframework.beans.factory.support.DefaultListableBeanFactory - Returning cached instance of singleton bean 'autoConfigurationReport'
14:03:36.055 [main] DEBUG org.springframework.beans.factory.support.DefaultListableBeanFactory - Returning cached instance of singleton bean 'autoConfigurationReport'
14:03:36.056 [main] DEBUG org.springframework.beans.factory.support.DefaultListableBeanFactory - Returning cached instance of singleton bean 'autoConfigurationReport'
14:03:36.057 [main] DEBUG org.springframework.beans.factory.support.DefaultListableBeanFactory - Returning cached instance of singleton bean 'autoConfigurationReport'
14:03:36.057 [main] DEBUG org.springframework.beans.factory.support.DefaultListableBeanFactory - Returning cached instance of singleton bean 'autoConfigurationReport'
14:03:36.058 [main] DEBUG org.springframework.beans.factory.support.DefaultListableBeanFactory - Returning cached instance of singleton bean 'autoConfigurationReport'
14:03:36.058 [main] DEBUG org.springframework.beans.factory.support.DefaultListableBeanFactory - Returning cached instance of singleton bean 'autoConfigurationReport'
14:03:36.059 [main] DEBUG org.springframework.beans.factory.support.DefaultListableBeanFactory - Returning cached instance of singleton bean 'autoConfigurationReport'
14:03:36.060 [main] DEBUG org.springframework.beans.factory.support.DefaultListableBeanFactory - Returning cached instance of singleton bean 'autoConfigurationReport'
14:03:36.060 [main] DEBUG org.springframework.beans.factory.support.DefaultListableBeanFactory - Returning cached instance of singleton bean 'autoConfigurationReport'
14:03:36.062 [main] DEBUG org.springframework.beans.factory.support.DefaultListableBeanFactory - Returning cached instance of singleton bean 'autoConfigurationReport'
14:03:36.062 [main] DEBUG org.springframework.beans.factory.support.DefaultListableBeanFactory - Returning cached instance of singleton bean 'autoConfigurationReport'
14:03:36.063 [main] DEBUG org.springframework.beans.factory.support.DefaultListableBeanFactory - Returning cached instance of singleton bean 'autoConfigurationReport'
14:03:36.063 [main] DEBUG org.springframework.beans.factory.support.DefaultListableBeanFactory - Returning cached instance of singleton bean 'autoConfigurationReport'
14:03:36.064 [main] DEBUG org.springframework.beans.factory.support.DefaultListableBeanFactory - Returning cached instance of singleton bean 'autoConfigurationReport'
14:03:36.072 [main] DEBUG org.springframework.beans.factory.support.DefaultListableBeanFactory - Returning cached instance of singleton bean 'autoConfigurationReport'
14:03:36.075 [main] DEBUG org.springframework.beans.factory.support.DefaultListableBeanFactory - Returning cached instance of singleton bean 'autoConfigurationReport'
14:03:36.075 [main] DEBUG org.springframework.beans.factory.support.DefaultListableBeanFactory - Returning cached instance of singleton bean 'autoConfigurationReport'
14:03:36.076 [main] DEBUG org.springframework.beans.factory.support.DefaultListableBeanFactory - Returning cached instance of singleton bean 'autoConfigurationReport'
14:03:36.076 [main] DEBUG org.springframework.beans.factory.support.DefaultListableBeanFactory - Returning cached instance of singleton bean 'autoConfigurationReport'
14:03:36.077 [main] DEBUG org.springframework.beans.factory.support.DefaultListableBeanFactory - Returning cached instance of singleton bean 'autoConfigurationReport'
14:03:36.078 [main] DEBUG org.springframework.beans.factory.support.DefaultListableBeanFactory - Returning cached instance of singleton bean 'autoConfigurationReport'
14:03:36.085 [main] DEBUG org.springframework.beans.factory.support.DefaultListableBeanFactory - Returning cached instance of singleton bean 'autoConfigurationReport'
14:03:36.087 [main] DEBUG org.springframework.beans.factory.support.DefaultListableBeanFactory - Returning cached instance of singleton bean 'autoConfigurationReport'
14:03:36.087 [main] DEBUG org.springframework.beans.factory.support.DefaultListableBeanFactory - Returning cached instance of singleton bean 'autoConfigurationReport'
14:03:36.087 [main] DEBUG org.springframework.beans.factory.support.DefaultListableBeanFactory - Returning cached instance of singleton bean 'autoConfigurationReport'
14:03:36.088 [main] DEBUG org.springframework.beans.factory.support.DefaultListableBeanFactory - Returning cached instance of singleton bean 'autoConfigurationReport'
14:03:36.088 [main] DEBUG org.springframework.beans.factory.support.DefaultListableBeanFactory - Returning cached instance of singleton bean 'autoConfigurationReport'
14:03:36.088 [main] DEBUG org.springframework.beans.factory.support.DefaultListableBeanFactory - Returning cached instance of singleton bean 'autoConfigurationReport'
14:03:36.089 [main] DEBUG org.springframework.beans.factory.support.DefaultListableBeanFactory - Returning cached instance of singleton bean 'autoConfigurationReport'
14:03:36.089 [main] DEBUG org.springframework.beans.factory.support.DefaultListableBeanFactory - Returning cached instance of singleton bean 'autoConfigurationReport'
14:03:36.090 [main] DEBUG org.springframework.beans.factory.support.DefaultListableBeanFactory - Returning cached instance of singleton bean 'autoConfigurationReport'
14:03:36.091 [main] DEBUG org.springframework.beans.factory.support.DefaultListableBeanFactory - Returning cached instance of singleton bean 'autoConfigurationReport'
14:03:36.091 [main] DEBUG org.springframework.beans.factory.support.DefaultListableBeanFactory - Returning cached instance of singleton bean 'autoConfigurationReport'
14:03:36.093 [main] DEBUG org.springframework.beans.factory.support.DefaultListableBeanFactory - Returning cached instance of singleton bean 'autoConfigurationReport'
14:03:36.095 [main] DEBUG org.springframework.beans.factory.support.DefaultListableBeanFactory - Returning cached instance of singleton bean 'autoConfigurationReport'
14:03:36.096 [main] DEBUG org.springframework.beans.factory.support.DefaultListableBeanFactory - Returning cached instance of singleton bean 'autoConfigurationReport'
14:03:36.096 [main] DEBUG org.springframework.beans.factory.support.DefaultListableBeanFactory - Returning cached instance of singleton bean 'autoConfigurationReport'
14:03:36.100 [main] DEBUG org.springframework.beans.factory.support.DefaultListableBeanFactory - Returning cached instance of singleton bean 'autoConfigurationReport'
14:03:36.121 [main] DEBUG org.springframework.beans.factory.support.DefaultListableBeanFactory - Returning cached instance of singleton bean 'autoConfigurationReport'
14:03:36.124 [main] DEBUG org.springframework.beans.factory.support.DefaultListableBeanFactory - Returning cached instance of singleton bean 'autoConfigurationReport'
14:03:36.124 [main] DEBUG org.springframework.beans.factory.support.DefaultListableBeanFactory - Returning cached instance of singleton bean 'autoConfigurationReport'
14:03:36.125 [main] DEBUG org.springframework.beans.factory.support.DefaultListableBeanFactory - Returning cached instance of singleton bean 'autoConfigurationReport'
14:03:36.126 [main] DEBUG org.springframework.beans.factory.support.DefaultListableBeanFactory - Returning cached instance of singleton bean 'autoConfigurationReport'
14:03:36.130 [main] DEBUG org.springframework.beans.factory.support.DefaultListableBeanFactory - Returning cached instance of singleton bean 'autoConfigurationReport'
14:03:36.133 [main] DEBUG org.springframework.beans.factory.support.DefaultListableBeanFactory - Returning cached instance of singleton bean 'autoConfigurationReport'
14:03:36.134 [main] DEBUG org.springframework.beans.factory.support.DefaultListableBeanFactory - Returning cached instance of singleton bean 'autoConfigurationReport'
14:03:36.135 [main] DEBUG org.springframework.beans.factory.support.DefaultListableBeanFactory - Returning cached instance of singleton bean 'autoConfigurationReport'
14:03:36.136 [main] DEBUG org.springframework.beans.factory.support.DefaultListableBeanFactory - Returning cached instance of singleton bean 'autoConfigurationReport'
14:03:36.137 [main] DEBUG org.springframework.beans.factory.support.DefaultListableBeanFactory - Returning cached instance of singleton bean 'autoConfigurationReport'
14:03:36.138 [main] DEBUG org.springframework.beans.factory.support.DefaultListableBeanFactory - Returning cached instance of singleton bean 'autoConfigurationReport'
14:03:36.139 [main] DEBUG org.springframework.beans.factory.support.DefaultListableBeanFactory - Returning cached instance of singleton bean 'autoConfigurationReport'
14:03:36.142 [main] DEBUG org.springframework.beans.factory.support.DefaultListableBeanFactory - Returning cached instance of singleton bean 'autoConfigurationReport'
14:03:36.142 [main] DEBUG org.springframework.beans.factory.support.DefaultListableBeanFactory - Returning cached instance of singleton bean 'autoConfigurationReport'
14:03:36.142 [main] DEBUG org.springframework.beans.factory.support.DefaultListableBeanFactory - Returning cached instance of singleton bean 'autoConfigurationReport'
14:03:36.142 [main] DEBUG org.springframework.beans.factory.support.DefaultListableBeanFactory - Returning cached instance of singleton bean 'autoConfigurationReport'
14:03:36.143 [main] DEBUG org.springframework.beans.factory.support.DefaultListableBeanFactory - Returning cached instance of singleton bean 'autoConfigurationReport'
14:03:36.144 [main] DEBUG org.springframework.beans.factory.support.DefaultListableBeanFactory - Returning cached instance of singleton bean 'autoConfigurationReport'
14:03:36.144 [main] DEBUG org.springframework.beans.factory.support.DefaultListableBeanFactory - Returning cached instance of singleton bean 'autoConfigurationReport'
14:03:36.145 [main] DEBUG org.springframework.beans.factory.support.DefaultListableBeanFactory - Returning cached instance of singleton bean 'autoConfigurationReport'
14:03:36.145 [main] DEBUG org.springframework.beans.factory.support.DefaultListableBeanFactory - Returning cached instance of singleton bean 'autoConfigurationReport'
14:03:36.145 [main] DEBUG org.springframework.beans.factory.support.DefaultListableBeanFactory - Returning cached instance of singleton bean 'autoConfigurationReport'
14:03:36.145 [main] DEBUG org.springframework.beans.factory.support.DefaultListableBeanFactory - Returning cached instance of singleton bean 'autoConfigurationReport'
14:03:36.148 [main] DEBUG org.springframework.beans.factory.support.DefaultListableBeanFactory - Returning cached instance of singleton bean 'autoConfigurationReport'
14:03:36.152 [main] DEBUG org.springframework.beans.factory.support.DefaultListableBeanFactory - Returning cached instance of singleton bean 'autoConfigurationReport'
14:03:36.154 [main] DEBUG org.springframework.beans.factory.support.DefaultListableBeanFactory - Returning cached instance of singleton bean 'autoConfigurationReport'
14:03:36.155 [main] DEBUG org.springframework.beans.factory.support.DefaultListableBeanFactory - Returning cached instance of singleton bean 'autoConfigurationReport'
14:03:36.159 [main] DEBUG org.springframework.beans.factory.support.DefaultListableBeanFactory - Returning cached instance of singleton bean 'autoConfigurationReport'
14:03:36.159 [main] DEBUG org.springframework.beans.factory.support.DefaultListableBeanFactory - Returning cached instance of singleton bean 'autoConfigurationReport'
14:03:36.160 [main] DEBUG org.springframework.beans.factory.support.DefaultListableBeanFactory - Returning cached instance of singleton bean 'autoConfigurationReport'
14:03:36.160 [main] DEBUG org.springframework.beans.factory.support.DefaultListableBeanFactory - Returning cached instance of singleton bean 'autoConfigurationReport'
14:03:36.160 [main] DEBUG org.springframework.beans.factory.support.DefaultListableBeanFactory - Returning cached instance of singleton bean 'autoConfigurationReport'
14:03:36.160 [main] DEBUG org.springframework.beans.factory.support.DefaultListableBeanFactory - Returning cached instance of singleton bean 'autoConfigurationReport'
14:03:36.160 [main] DEBUG org.springframework.beans.factory.support.DefaultListableBeanFactory - Returning cached instance of singleton bean 'autoConfigurationReport'
14:03:36.161 [main] DEBUG org.springframework.beans.factory.support.DefaultListableBeanFactory - Returning cached instance of singleton bean 'autoConfigurationReport'
14:03:36.162 [main] DEBUG org.springframework.beans.factory.support.DefaultListableBeanFactory - Returning cached instance of singleton bean 'autoConfigurationReport'
14:03:36.164 [main] DEBUG org.springframework.beans.factory.support.DefaultListableBeanFactory - Returning cached instance of singleton bean 'autoConfigurationReport'
14:03:36.169 [main] DEBUG org.springframework.beans.factory.support.DefaultListableBeanFactory - Returning cached instance of singleton bean 'autoConfigurationReport'
14:03:36.170 [main] DEBUG org.springframework.beans.factory.support.DefaultListableBeanFactory - Returning cached instance of singleton bean 'autoConfigurationReport'
14:03:36.171 [main] DEBUG org.springframework.beans.factory.support.DefaultListableBeanFactory - Returning cached instance of singleton bean 'autoConfigurationReport'
14:03:36.171 [main] DEBUG org.springframework.beans.factory.support.DefaultListableBeanFactory - Returning cached instance of singleton bean 'autoConfigurationReport'
14:03:36.172 [main] DEBUG org.springframework.beans.factory.support.DefaultListableBeanFactory - Returning cached instance of singleton bean 'autoConfigurationReport'
14:03:36.173 [main] DEBUG org.springframework.beans.factory.support.DefaultListableBeanFactory - Returning cached instance of singleton bean 'autoConfigurationReport'
14:03:36.174 [main] DEBUG org.springframework.beans.factory.support.DefaultListableBeanFactory - Returning cached instance of singleton bean 'autoConfigurationReport'
14:03:36.174 [main] DEBUG org.springframework.beans.factory.support.DefaultListableBeanFactory - Returning cached instance of singleton bean 'autoConfigurationReport'
14:03:36.175 [main] DEBUG org.springframework.beans.factory.support.DefaultListableBeanFactory - Returning cached instance of singleton bean 'autoConfigurationReport'
14:03:36.178 [main] DEBUG org.springframework.context.annotation.ConfigurationClassBeanDefinitionReader - Registering bean definition for @Bean method com.bk.hotel.HotelApplication.roomTypes()
14:03:36.179 [main] DEBUG org.springframework.context.annotation.ConfigurationClassBeanDefinitionReader - Registered bean definition for imported class 'org.springframework.boot.autoconfigure.context.PropertyPlaceholderAutoConfiguration'
14:03:36.183 [main] DEBUG org.springframework.beans.factory.support.DefaultListableBeanFactory - Creating shared instance of singleton bean 'org.springframework.boot.autoconfigure.condition.BeanTypeRegistry'
14:03:36.183 [main] DEBUG org.springframework.beans.factory.support.DefaultListableBeanFactory - Creating instance of bean 'org.springframework.boot.autoconfigure.condition.BeanTypeRegistry'
14:03:36.190 [main] DEBUG org.springframework.beans.factory.support.DefaultListableBeanFactory - Eagerly caching bean 'org.springframework.boot.autoconfigure.condition.BeanTypeRegistry' to allow for resolving potential circular references
14:03:36.191 [main] DEBUG org.springframework.beans.factory.support.DefaultListableBeanFactory - Finished creating instance of bean 'org.springframework.boot.autoconfigure.condition.BeanTypeRegistry'
14:03:36.200 [main] DEBUG org.springframework.beans.factory.support.DefaultListableBeanFactory - Returning cached instance of singleton bean 'autoConfigurationReport'
14:03:36.200 [main] DEBUG org.springframework.context.annotation.ConfigurationClassBeanDefinitionReader - Registering bean definition for @Bean method org.springframework.boot.autoconfigure.context.PropertyPlaceholderAutoConfiguration.propertySourcesPlaceholderConfigurer()
14:03:36.200 [main] DEBUG org.springframework.beans.factory.support.DefaultListableBeanFactory - Returning cached instance of singleton bean 'autoConfigurationReport'
14:03:36.200 [main] DEBUG org.springframework.beans.factory.support.DefaultListableBeanFactory - Returning cached instance of singleton bean 'autoConfigurationReport'
14:03:36.200 [main] DEBUG org.springframework.context.annotation.ConfigurationClassBeanDefinitionReader - Registered bean definition for imported class 'org.springframework.boot.autoconfigure.validation.ValidationAutoConfiguration'
14:03:36.201 [main] DEBUG org.springframework.beans.factory.support.DefaultListableBeanFactory - Returning cached instance of singleton bean 'org.springframework.boot.autoconfigure.condition.BeanTypeRegistry'
14:03:36.201 [main] DEBUG org.springframework.beans.factory.support.DefaultListableBeanFactory - Returning cached instance of singleton bean 'autoConfigurationReport'
14:03:36.202 [main] DEBUG org.springframework.context.annotation.ConfigurationClassBeanDefinitionReader - Registering bean definition for @Bean method org.springframework.boot.autoconfigure.validation.ValidationAutoConfiguration.defaultValidator()
14:03:36.202 [main] DEBUG org.springframework.beans.factory.support.DefaultListableBeanFactory - Returning cached instance of singleton bean 'org.springframework.boot.autoconfigure.condition.BeanTypeRegistry'
14:03:36.204 [main] DEBUG org.springframework.beans.factory.support.DefaultListableBeanFactory - Returning cached instance of singleton bean 'autoConfigurationReport'
14:03:36.204 [main] DEBUG org.springframework.context.annotation.ConfigurationClassBeanDefinitionReader - Registering bean definition for @Bean method org.springframework.boot.autoconfigure.validation.ValidationAutoConfiguration.methodValidationPostProcessor()
14:03:36.205 [main] DEBUG org.springframework.beans.factory.support.DefaultListableBeanFactory - Returning cached instance of singleton bean 'autoConfigurationReport'
14:03:36.205 [main] DEBUG org.springframework.beans.factory.support.DefaultListableBeanFactory - Returning cached instance of singleton bean 'autoConfigurationReport'
14:03:36.205 [main] DEBUG org.springframework.context.annotation.ConfigurationClassBeanDefinitionReader - Registered bean definition for imported class 'org.springframework.boot.autoconfigure.jmx.JmxAutoConfiguration'
14:03:36.205 [main] DEBUG org.springframework.beans.factory.support.DefaultListableBeanFactory - Returning cached instance of singleton bean 'org.springframework.boot.autoconfigure.condition.BeanTypeRegistry'
14:03:36.206 [main] DEBUG org.springframework.beans.factory.support.DefaultListableBeanFactory - Returning cached instance of singleton bean 'autoConfigurationReport'
14:03:36.206 [main] DEBUG org.springframework.context.annotation.ConfigurationClassBeanDefinitionReader - Registering bean definition for @Bean method org.springframework.boot.autoconfigure.jmx.JmxAutoConfiguration.mbeanExporter()
14:03:36.206 [main] DEBUG org.springframework.beans.factory.support.DefaultListableBeanFactory - Returning cached instance of singleton bean 'org.springframework.boot.autoconfigure.condition.BeanTypeRegistry'
14:03:36.208 [main] DEBUG org.springframework.beans.factory.support.DefaultListableBeanFactory - Returning cached instance of singleton bean 'autoConfigurationReport'
14:03:36.208 [main] DEBUG org.springframework.context.annotation.ConfigurationClassBeanDefinitionReader - Registering bean definition for @Bean method org.springframework.boot.autoconfigure.jmx.JmxAutoConfiguration.objectNamingStrategy()
14:03:36.208 [main] DEBUG org.springframework.beans.factory.support.DefaultListableBeanFactory - Returning cached instance of singleton bean 'org.springframework.boot.autoconfigure.condition.BeanTypeRegistry'
14:03:36.208 [main] DEBUG org.springframework.beans.factory.support.DefaultListableBeanFactory - Returning cached instance of singleton bean 'autoConfigurationReport'
14:03:36.208 [main] DEBUG org.springframework.context.annotation.ConfigurationClassBeanDefinitionReader - Registering bean definition for @Bean method org.springframework.boot.autoconfigure.jmx.JmxAutoConfiguration.mbeanServer()
14:03:36.209 [main] DEBUG org.springframework.beans.factory.support.DefaultListableBeanFactory - Returning cached instance of singleton bean 'autoConfigurationReport'
14:03:36.209 [main] DEBUG org.springframework.beans.factory.support.DefaultListableBeanFactory - Returning cached instance of singleton bean 'autoConfigurationReport'
14:03:36.209 [main] DEBUG org.springframework.beans.factory.support.DefaultListableBeanFactory - Returning cached instance of singleton bean 'autoConfigurationReport'
14:03:36.210 [main] DEBUG org.springframework.context.annotation.ConfigurationClassBeanDefinitionReader - Registered bean definition for imported class 'org.springframework.boot.autoconfigure.aop.AopAutoConfiguration$CglibAutoProxyConfiguration'
14:03:36.213 [main] DEBUG org.springframework.context.annotation.ConfigurationClassBeanDefinitionReader - Registered bean definition for imported class 'org.springframework.boot.autoconfigure.aop.AopAutoConfiguration'
14:03:36.213 [main] DEBUG org.springframework.beans.factory.support.DefaultListableBeanFactory - Returning cached instance of singleton bean 'autoConfigurationReport'
14:03:36.214 [main] DEBUG org.springframework.beans.factory.support.DefaultListableBeanFactory - Returning cached instance of singleton bean 'org.springframework.boot.autoconfigure.condition.BeanTypeRegistry'
14:03:36.215 [main] DEBUG org.springframework.beans.factory.support.DefaultListableBeanFactory - Returning cached instance of singleton bean 'autoConfigurationReport'
14:03:36.216 [main] DEBUG org.springframework.context.annotation.ConfigurationClassBeanDefinitionReader - Registered bean definition for imported class 'org.springframework.boot.autoconfigure.context.ConfigurationPropertiesAutoConfiguration'
14:03:36.218 [main] DEBUG org.springframework.beans.factory.support.DefaultListableBeanFactory - Returning cached instance of singleton bean 'autoConfigurationReport'
14:03:36.218 [main] DEBUG org.springframework.context.annotation.ConfigurationClassBeanDefinitionReader - Registered bean definition for imported class 'org.springframework.boot.autoconfigure.dao.PersistenceExceptionTranslationAutoConfiguration'
14:03:36.218 [main] DEBUG org.springframework.beans.factory.support.DefaultListableBeanFactory - Returning cached instance of singleton bean 'autoConfigurationReport'
14:03:36.218 [main] DEBUG org.springframework.beans.factory.support.DefaultListableBeanFactory - Returning cached instance of singleton bean 'org.springframework.boot.autoconfigure.condition.BeanTypeRegistry'
14:03:36.219 [main] DEBUG org.springframework.beans.factory.support.DefaultListableBeanFactory - Returning cached instance of singleton bean 'autoConfigurationReport'
14:03:36.219 [main] DEBUG org.springframework.context.annotation.ConfigurationClassBeanDefinitionReader - Registering bean definition for @Bean method org.springframework.boot.autoconfigure.dao.PersistenceExceptionTranslationAutoConfiguration.persistenceExceptionTranslationPostProcessor()
14:03:36.219 [main] DEBUG org.springframework.beans.factory.support.DefaultListableBeanFactory - Returning cached instance of singleton bean 'autoConfigurationReport'
14:03:36.220 [main] DEBUG org.springframework.beans.factory.support.DefaultListableBeanFactory - Returning cached instance of singleton bean 'autoConfigurationReport'
14:03:36.222 [main] DEBUG org.springframework.context.annotation.ConfigurationClassBeanDefinitionReader - Registered bean definition for imported class 'org.springframework.boot.autoconfigure.transaction.jta.JtaAutoConfiguration'
14:03:36.225 [main] DEBUG org.springframework.beans.factory.support.DefaultListableBeanFactory - Returning cached instance of singleton bean 'autoConfigurationReport'
14:03:36.225 [main] DEBUG org.springframework.beans.factory.support.DefaultListableBeanFactory - Returning cached instance of singleton bean 'org.springframework.boot.autoconfigure.condition.BeanTypeRegistry'
14:03:36.225 [main] DEBUG org.springframework.beans.factory.support.DefaultListableBeanFactory - Returning cached instance of singleton bean 'autoConfigurationReport'
14:03:36.226 [main] DEBUG org.springframework.beans.factory.support.DefaultListableBeanFactory - Returning cached instance of singleton bean 'autoConfigurationReport'
14:03:36.226 [main] DEBUG org.springframework.beans.factory.support.DefaultListableBeanFactory - Returning cached instance of singleton bean 'org.springframework.boot.autoconfigure.condition.BeanTypeRegistry'
14:03:36.226 [main] DEBUG org.springframework.beans.factory.support.DefaultListableBeanFactory - Returning cached instance of singleton bean 'org.springframework.boot.autoconfigure.condition.BeanTypeRegistry'
14:03:36.226 [main] DEBUG org.springframework.beans.factory.support.DefaultListableBeanFactory - Returning cached instance of singleton bean 'autoConfigurationReport'
14:03:36.226 [main] DEBUG org.springframework.beans.factory.support.DefaultListableBeanFactory - Returning cached instance of singleton bean 'autoConfigurationReport'
14:03:36.226 [main] DEBUG org.springframework.beans.factory.support.DefaultListableBeanFactory - Returning cached instance of singleton bean 'autoConfigurationReport'
14:03:36.226 [main] DEBUG org.springframework.context.annotation.ConfigurationClassBeanDefinitionReader - Registered bean definition for imported class 'org.springframework.boot.autoconfigure.jdbc.DataSourceConfiguration$Hikari'
14:03:36.227 [main] DEBUG org.springframework.context.annotation.ConfigurationClassBeanDefinitionReader - Registering bean definition for @Bean method org.springframework.boot.autoconfigure.jdbc.DataSourceConfiguration$Hikari.dataSource()
14:03:36.227 [main] DEBUG org.springframework.beans.factory.support.DefaultListableBeanFactory - Returning cached instance of singleton bean 'autoConfigurationReport'
14:03:36.227 [main] DEBUG org.springframework.beans.factory.support.DefaultListableBeanFactory - Returning cached instance of singleton bean 'autoConfigurationReport'
14:03:36.227 [main] DEBUG org.springframework.beans.factory.support.DefaultListableBeanFactory - Returning cached instance of singleton bean 'org.springframework.boot.autoconfigure.condition.BeanTypeRegistry'
14:03:36.228 [main] DEBUG org.springframework.beans.factory.support.DefaultListableBeanFactory - Returning cached instance of singleton bean 'autoConfigurationReport'
14:03:36.228 [main] DEBUG org.springframework.context.annotation.ConfigurationClassBeanDefinitionReader - Registered bean definition for imported class 'org.springframework.boot.autoconfigure.jdbc.DataSourceJmxConfiguration$Hikari'
14:03:36.229 [main] DEBUG org.springframework.context.annotation.ConfigurationClassBeanDefinitionReader - Registered bean definition for imported class 'org.springframework.boot.autoconfigure.jdbc.DataSourceJmxConfiguration'
14:03:36.229 [main] DEBUG org.springframework.context.annotation.ConfigurationClassBeanDefinitionReader - Registered bean definition for imported class 'org.springframework.boot.autoconfigure.jdbc.DataSourceAutoConfiguration$PooledDataSourceConfiguration'
14:03:36.229 [main] DEBUG org.springframework.beans.factory.support.DefaultListableBeanFactory - Returning cached instance of singleton bean 'autoConfigurationReport'
14:03:36.229 [main] DEBUG org.springframework.context.annotation.ConfigurationClassBeanDefinitionReader - Registered bean definition for imported class 'org.springframework.boot.autoconfigure.jdbc.metadata.DataSourcePoolMetadataProvidersConfiguration$HikariPoolDataSourceMetadataProviderConfiguration'
14:03:36.230 [main] DEBUG org.springframework.context.annotation.ConfigurationClassBeanDefinitionReader - Registering bean definition for @Bean method org.springframework.boot.autoconfigure.jdbc.metadata.DataSourcePoolMetadataProvidersConfiguration$HikariPoolDataSourceMetadataProviderConfiguration.hikariPoolDataSourceMetadataProvider()
14:03:36.230 [main] DEBUG org.springframework.context.annotation.ConfigurationClassBeanDefinitionReader - Registered bean definition for imported class 'org.springframework.boot.autoconfigure.jdbc.metadata.DataSourcePoolMetadataProvidersConfiguration'
14:03:36.230 [main] DEBUG org.springframework.context.annotation.ConfigurationClassBeanDefinitionReader - Registered bean definition for imported class 'org.springframework.boot.autoconfigure.jdbc.DataSourceInitializerInvoker'
14:03:36.230 [main] DEBUG org.springframework.context.annotation.ConfigurationClassBeanDefinitionReader - Registered bean definition for imported class 'org.springframework.boot.autoconfigure.jdbc.DataSourceInitializationConfiguration'
14:03:36.231 [main] DEBUG org.springframework.context.annotation.ConfigurationClassBeanDefinitionReader - Registered bean definition for imported class 'org.springframework.boot.autoconfigure.jdbc.DataSourceAutoConfiguration'
14:03:36.231 [main] DEBUG org.springframework.beans.factory.support.DefaultListableBeanFactory - Returning cached instance of singleton bean 'autoConfigurationReport'
14:03:36.231 [main] DEBUG org.springframework.beans.factory.support.DefaultListableBeanFactory - Returning cached instance of singleton bean 'autoConfigurationReport'
14:03:36.231 [main] DEBUG org.springframework.beans.factory.support.DefaultListableBeanFactory - Returning cached instance of singleton bean 'org.springframework.boot.autoconfigure.condition.BeanTypeRegistry'
14:03:36.234 [main] DEBUG org.springframework.beans.factory.support.DefaultListableBeanFactory - Returning cached instance of singleton bean 'autoConfigurationReport'
14:03:36.234 [main] DEBUG org.springframework.context.annotation.ConfigurationClassBeanDefinitionReader - Registered bean definition for imported class 'org.springframework.boot.autoconfigure.orm.jpa.HibernateJpaConfiguration'
14:03:36.235 [main] DEBUG org.springframework.beans.factory.support.DefaultListableBeanFactory - Returning cached instance of singleton bean 'org.springframework.boot.autoconfigure.condition.BeanTypeRegistry'
14:03:36.236 [main] DEBUG org.springframework.beans.factory.support.DefaultListableBeanFactory - Returning cached instance of singleton bean 'autoConfigurationReport'
14:03:36.236 [main] DEBUG org.springframework.context.annotation.ConfigurationClassBeanDefinitionReader - Registering bean definition for @Bean method org.springframework.boot.autoconfigure.orm.jpa.HibernateJpaConfiguration.transactionManager()
14:03:36.237 [main] DEBUG org.springframework.beans.factory.support.DefaultListableBeanFactory - Returning cached instance of singleton bean 'org.springframework.boot.autoconfigure.condition.BeanTypeRegistry'
14:03:36.239 [main] DEBUG org.springframework.beans.factory.support.DefaultListableBeanFactory - Returning cached instance of singleton bean 'autoConfigurationReport'
14:03:36.239 [main] DEBUG org.springframework.context.annotation.ConfigurationClassBeanDefinitionReader - Registering bean definition for @Bean method org.springframework.boot.autoconfigure.orm.jpa.HibernateJpaConfiguration.jpaVendorAdapter()
14:03:36.239 [main] DEBUG org.springframework.beans.factory.support.DefaultListableBeanFactory - Returning cached instance of singleton bean 'org.springframework.boot.autoconfigure.condition.BeanTypeRegistry'
14:03:36.239 [main] DEBUG org.springframework.beans.factory.support.DefaultListableBeanFactory - Returning cached instance of singleton bean 'autoConfigurationReport'
14:03:36.240 [main] DEBUG org.springframework.context.annotation.ConfigurationClassBeanDefinitionReader - Registering bean definition for @Bean method org.springframework.boot.autoconfigure.orm.jpa.HibernateJpaConfiguration.entityManagerFactoryBuilder()
14:03:36.240 [main] DEBUG org.springframework.beans.factory.support.DefaultListableBeanFactory - Returning cached instance of singleton bean 'org.springframework.boot.autoconfigure.condition.BeanTypeRegistry'
14:03:36.240 [main] DEBUG org.springframework.beans.factory.support.DefaultListableBeanFactory - Returning cached instance of singleton bean 'org.springframework.boot.autoconfigure.condition.BeanTypeRegistry'
14:03:36.240 [main] DEBUG org.springframework.beans.factory.support.DefaultListableBeanFactory - Returning cached instance of singleton bean 'autoConfigurationReport'
14:03:36.240 [main] DEBUG org.springframework.context.annotation.ConfigurationClassBeanDefinitionReader - Registering bean definition for @Bean method org.springframework.boot.autoconfigure.orm.jpa.HibernateJpaConfiguration.entityManagerFactory()
14:03:36.241 [main] DEBUG org.springframework.context.annotation.ConfigurationClassBeanDefinitionReader - Registered bean definition for imported class 'org.springframework.boot.autoconfigure.orm.jpa.HibernateJpaAutoConfiguration'
14:03:36.241 [main] DEBUG org.springframework.beans.factory.support.DefaultListableBeanFactory - Returning cached instance of singleton bean 'autoConfigurationReport'
14:03:36.241 [main] DEBUG org.springframework.beans.factory.support.DefaultListableBeanFactory - Returning cached instance of singleton bean 'autoConfigurationReport'
14:03:36.241 [main] DEBUG org.springframework.beans.factory.support.DefaultListableBeanFactory - Returning cached instance of singleton bean 'org.springframework.boot.autoconfigure.condition.BeanTypeRegistry'
14:03:36.244 [main] DEBUG org.springframework.beans.factory.support.DefaultListableBeanFactory - Returning cached instance of singleton bean 'org.springframework.boot.autoconfigure.condition.BeanTypeRegistry'
14:03:36.244 [main] DEBUG org.springframework.beans.factory.support.DefaultListableBeanFactory - Returning cached instance of singleton bean 'org.springframework.boot.autoconfigure.condition.BeanTypeRegistry'
14:03:36.244 [main] DEBUG org.springframework.beans.factory.support.DefaultListableBeanFactory - Returning cached instance of singleton bean 'autoConfigurationReport'
14:03:36.244 [main] DEBUG org.springframework.beans.factory.support.DefaultListableBeanFactory - Returning cached instance of singleton bean 'org.springframework.boot.autoconfigure.condition.BeanTypeRegistry'
14:03:36.244 [main] DEBUG org.springframework.beans.factory.support.DefaultListableBeanFactory - Returning cached instance of singleton bean 'org.springframework.boot.autoconfigure.condition.BeanTypeRegistry'
14:03:36.245 [main] DEBUG org.springframework.beans.factory.support.DefaultListableBeanFactory - Returning cached instance of singleton bean 'org.springframework.boot.autoconfigure.condition.BeanTypeRegistry'
14:03:36.245 [main] DEBUG org.springframework.beans.factory.support.DefaultListableBeanFactory - Returning cached instance of singleton bean 'autoConfigurationReport'
14:03:36.245 [main] DEBUG org.springframework.context.annotation.ConfigurationClassBeanDefinitionReader - Registered bean definition for imported class 'org.springframework.boot.autoconfigure.data.jpa.JpaRepositoriesAutoConfiguration'
14:03:36.254 [main] DEBUG org.springframework.core.env.StandardEnvironment - Adding PropertySource 'systemProperties' with lowest search precedence
14:03:36.254 [main] DEBUG org.springframework.core.env.StandardEnvironment - Adding PropertySource 'systemEnvironment' with lowest search precedence
14:03:36.254 [main] DEBUG org.springframework.core.env.StandardEnvironment - Initialized StandardEnvironment with PropertySources [MapPropertySource@1643379640 {name='systemProperties', properties={java.runtime.name=Java(TM) SE Runtime Environment, sun.boot.library.path=/Library/Java/JavaVirtualMachines/jdk1.8.0_111.jdk/Contents/Home/jre/lib, java.vm.version=25.111-b14, gopherProxySet=false, java.vm.vendor=Oracle Corporation, java.vendor.url=http://java.oracle.com/, org.testcontainers.shaded.io.netty.packagePrefix=org.testcontainers.shaded., path.separator=:, java.vm.name=Java HotSpot(TM) 64-Bit Server VM, file.encoding.pkg=sun.io, user.country=US, sun.java.launcher=SUN_STANDARD, sun.os.patch.level=unknown, java.vm.specification.name=Java Virtual Machine Specification, user.dir=/Users/williamkorando/Documents/WelcomeJUnit5/JUnit5Demo, java.runtime.version=1.8.0_111-b14, basedir=/Users/williamkorando/Documents/WelcomeJUnit5/JUnit5Demo, java.awt.graphicsenv=sun.awt.CGraphicsEnvironment, java.endorsed.dirs=/Library/Java/JavaVirtualMachines/jdk1.8.0_111.jdk/Contents/Home/jre/lib/endorsed, os.arch=x86_64, surefire.real.class.path=/Users/williamkorando/Documents/WelcomeJUnit5/JUnit5Demo/target/surefire/surefirebooter5084527383140656633.jar, java.io.tmpdir=/var/folders/c1/bsm5c1496v30qs3zlhx2gml00000gn/T/, line.separator=
, java.vm.specification.vendor=Oracle Corporation, os.name=Mac OS X, sun.jnu.encoding=UTF-8, java.library.path=/Users/williamkorando/Library/Java/Extensions:/Library/Java/Extensions:/Network/Library/Java/Extensions:/System/Library/Java/Extensions:/usr/lib/java:., sun.nio.ch.bugLevel=, surefire.test.class.path=/Users/williamkorando/Documents/WelcomeJUnit5/JUnit5Demo/target/test-classes:/Users/williamkorando/Documents/WelcomeJUnit5/JUnit5Demo/target/classes:/Users/williamkorando/.m2/repository/org/springframework/boot/spring-boot-starter-data-jpa/2.0.1.RELEASE/spring-boot-starter-data-jpa-2.0.1.RELEASE.jar:/Users/williamkorando/.m2/repository/org/springframework/boot/spring-boot-starter/2.0.1.RELEASE/spring-boot-starter-2.0.1.RELEASE.jar:/Users/williamkorando/.m2/repository/org/springframework/boot/spring-boot/2.0.1.RELEASE/spring-boot-2.0.1.RELEASE.jar:/Users/williamkorando/.m2/repository/org/springframework/boot/spring-boot-autoconfigure/2.0.1.RELEASE/spring-boot-autoconfigure-2.0.1.RELEASE.jar:/Users/williamkorando/.m2/repository/org/springframework/boot/spring-boot-starter-logging/2.0.1.RELEASE/spring-boot-starter-logging-2.0.1.RELEASE.jar:/Users/williamkorando/.m2/repository/ch/qos/logback/logback-classic/1.2.3/logback-classic-1.2.3.jar:/Users/williamkorando/.m2/repository/ch/qos/logback/logback-core/1.2.3/logback-core-1.2.3.jar:/Users/williamkorando/.m2/repository/org/apache/logging/log4j/log4j-to-slf4j/2.10.0/log4j-to-slf4j-2.10.0.jar:/Users/williamkorando/.m2/repository/org/apache/logging/log4j/log4j-api/2.10.0/log4j-api-2.10.0.jar:/Users/williamkorando/.m2/repository/org/slf4j/jul-to-slf4j/1.7.25/jul-to-slf4j-1.7.25.jar:/Users/williamkorando/.m2/repository/javax/annotation/javax.annotation-api/1.3.2/javax.annotation-api-1.3.2.jar:/Users/williamkorando/.m2/repository/org/yaml/snakeyaml/1.19/snakeyaml-1.19.jar:/Users/williamkorando/.m2/repository/org/springframework/boot/spring-boot-starter-aop/2.0.1.RELEASE/spring-boot-starter-aop-2.0.1.RELEASE.jar:/Users/williamkorando/.m2/repository/org/springframework/spring-aop/5.0.5.RELEASE/spring-aop-5.0.5.RELEASE.jar:/Users/williamkorando/.m2/repository/org/aspectj/aspectjweaver/1.8.13/aspectjweaver-1.8.13.jar:/Users/williamkorando/.m2/repository/org/springframework/boot/spring-boot-starter-jdbc/2.0.1.RELEASE/spring-boot-starter-jdbc-2.0.1.RELEASE.jar:/Users/williamkorando/.m2/repository/com/zaxxer/HikariCP/2.7.8/HikariCP-2.7.8.jar:/Users/williamkorando/.m2/repository/org/springframework/spring-jdbc/5.0.5.RELEASE/spring-jdbc-5.0.5.RELEASE.jar:/Users/williamkorando/.m2/repository/org/hibernate/hibernate-core/5.2.16.Final/hibernate-core-5.2.16.Final.jar:/Users/williamkorando/.m2/repository/org/hibernate/javax/persistence/hibernate-jpa-2.1-api/1.0.0.Final/hibernate-jpa-2.1-api-1.0.0.Final.jar:/Users/williamkorando/.m2/repository/org/javassist/javassist/3.22.0-GA/javassist-3.22.0-GA.jar:/Users/williamkorando/.m2/repository/antlr/antlr/2.7.7/antlr-2.7.7.jar:/Users/williamkorando/.m2/repository/org/jboss/jandex/2.0.3.Final/jandex-2.0.3.Final.jar:/Users/williamkorando/.m2/repository/dom4j/dom4j/1.6.1/dom4j-1.6.1.jar:/Users/williamkorando/.m2/repository/org/hibernate/common/hibernate-commons-annotations/5.0.1.Final/hibernate-commons-annotations-5.0.1.Final.jar:/Users/williamkorando/.m2/repository/javax/transaction/javax.transaction-api/1.2/javax.transaction-api-1.2.jar:/Users/williamkorando/.m2/repository/org/springframework/data/spring-data-jpa/2.0.6.RELEASE/spring-data-jpa-2.0.6.RELEASE.jar:/Users/williamkorando/.m2/repository/org/springframework/data/spring-data-commons/2.0.6.RELEASE/spring-data-commons-2.0.6.RELEASE.jar:/Users/williamkorando/.m2/repository/org/springframework/spring-orm/5.0.5.RELEASE/spring-orm-5.0.5.RELEASE.jar:/Users/williamkorando/.m2/repository/org/springframework/spring-context/5.0.5.RELEASE/spring-context-5.0.5.RELEASE.jar:/Users/williamkorando/.m2/repository/org/springframework/spring-tx/5.0.5.RELEASE/spring-tx-5.0.5.RELEASE.jar:/Users/williamkorando/.m2/repository/org/springframework/spring-beans/5.0.5.RELEASE/spring-beans-5.0.5.RELEASE.jar:/Users/williamkorando/.m2/repository/org/slf4j/slf4j-api/1.7.25/slf4j-api-1.7.25.jar:/Users/williamkorando/.m2/repository/org/springframework/spring-aspects/5.0.5.RELEASE/spring-aspects-5.0.5.RELEASE.jar:/Users/williamkorando/.m2/repository/org/springframework/boot/spring-boot-starter-thymeleaf/2.0.1.RELEASE/spring-boot-starter-thymeleaf-2.0.1.RELEASE.jar:/Users/williamkorando/.m2/repository/org/thymeleaf/thymeleaf-spring5/3.0.9.RELEASE/thymeleaf-spring5-3.0.9.RELEASE.jar:/Users/williamkorando/.m2/repository/org/thymeleaf/thymeleaf/3.0.9.RELEASE/thymeleaf-3.0.9.RELEASE.jar:/Users/williamkorando/.m2/repository/org/attoparser/attoparser/2.0.4.RELEASE/attoparser-2.0.4.RELEASE.jar:/Users/williamkorando/.m2/repository/org/unbescape/unbescape/1.1.5.RELEASE/unbescape-1.1.5.RELEASE.jar:/Users/williamkorando/.m2/repository/org/thymeleaf/extras/thymeleaf-extras-java8time/3.0.1.RELEASE/thymeleaf-extras-java8time-3.0.1.RELEASE.jar:/Users/williamkorando/.m2/repository/org/springframework/boot/spring-boot-starter-web/2.0.1.RELEASE/spring-boot-starter-web-2.0.1.RELEASE.jar:/Users/williamkorando/.m2/repository/org/springframework/boot/spring-boot-starter-json/2.0.1.RELEASE/spring-boot-starter-json-2.0.1.RELEASE.jar:/Users/williamkorando/.m2/repository/com/fasterxml/jackson/core/jackson-databind/2.9.5/jackson-databind-2.9.5.jar:/Users/williamkorando/.m2/repository/com/fasterxml/jackson/core/jackson-annotations/2.9.0/jackson-annotations-2.9.0.jar:/Users/williamkorando/.m2/repository/com/fasterxml/jackson/core/jackson-core/2.9.5/jackson-core-2.9.5.jar:/Users/williamkorando/.m2/repository/com/fasterxml/jackson/datatype/jackson-datatype-jdk8/2.9.5/jackson-datatype-jdk8-2.9.5.jar:/Users/williamkorando/.m2/repository/com/fasterxml/jackson/datatype/jackson-datatype-jsr310/2.9.5/jackson-datatype-jsr310-2.9.5.jar:/Users/williamkorando/.m2/repository/com/fasterxml/jackson/module/jackson-module-parameter-names/2.9.5/jackson-module-parameter-names-2.9.5.jar:/Users/williamkorando/.m2/repository/org/springframework/boot/spring-boot-starter-tomcat/2.0.1.RELEASE/spring-boot-starter-tomcat-2.0.1.RELEASE.jar:/Users/williamkorando/.m2/repository/org/apache/tomcat/embed/tomcat-embed-core/8.5.29/tomcat-embed-core-8.5.29.jar:/Users/williamkorando/.m2/repository/org/apache/tomcat/embed/tomcat-embed-el/8.5.29/tomcat-embed-el-8.5.29.jar:/Users/williamkorando/.m2/repository/org/apache/tomcat/embed/tomcat-embed-websocket/8.5.29/tomcat-embed-websocket-8.5.29.jar:/Users/williamkorando/.m2/repository/org/hibernate/validator/hibernate-validator/6.0.9.Final/hibernate-validator-6.0.9.Final.jar:/Users/williamkorando/.m2/repository/org/springframework/spring-web/5.0.5.RELEASE/spring-web-5.0.5.RELEASE.jar:/Users/williamkorando/.m2/repository/org/springframework/spring-webmvc/5.0.5.RELEASE/spring-webmvc-5.0.5.RELEASE.jar:/Users/williamkorando/.m2/repository/org/springframework/spring-expression/5.0.5.RELEASE/spring-expression-5.0.5.RELEASE.jar:/Users/williamkorando/.m2/repository/org/hibernate/hibernate-validator/5.2.4.Final/hibernate-validator-5.2.4.Final.jar:/Users/williamkorando/.m2/repository/javax/validation/validation-api/2.0.1.Final/validation-api-2.0.1.Final.jar:/Users/williamkorando/.m2/repository/org/jboss/logging/jboss-logging/3.3.2.Final/jboss-logging-3.3.2.Final.jar:/Users/williamkorando/.m2/repository/com/fasterxml/classmate/1.3.4/classmate-1.3.4.jar:/Users/williamkorando/.m2/repository/com/h2database/h2/1.4.197/h2-1.4.197.jar:/Users/williamkorando/.m2/repository/org/springframework/boot/spring-boot-starter-test/2.0.1.RELEASE/spring-boot-starter-test-2.0.1.RELEASE.jar:/Users/williamkorando/.m2/repository/org/springframework/boot/spring-boot-test/2.0.1.RELEASE/spring-boot-test-2.0.1.RELEASE.jar:/Users/williamkorando/.m2/repository/org/springframework/boot/spring-boot-test-autoconfigure/2.0.1.RELEASE/spring-boot-test-autoconfigure-2.0.1.RELEASE.jar:/Users/williamkorando/.m2/repository/com/jayway/jsonpath/json-path/2.4.0/json-path-2.4.0.jar:/Users/williamkorando/.m2/repository/net/minidev/json-smart/2.3/json-smart-2.3.jar:/Users/williamkorando/.m2/repository/net/minidev/accessors-smart/1.2/accessors-smart-1.2.jar:/Users/williamkorando/.m2/repository/org/ow2/asm/asm/5.0.4/asm-5.0.4.jar:/Users/williamkorando/.m2/repository/junit/junit/4.12/junit-4.12.jar:/Users/williamkorando/.m2/repository/org/assertj/assertj-core/3.9.1/assertj-core-3.9.1.jar:/Users/williamkorando/.m2/repository/org/mockito/mockito-core/2.15.0/mockito-core-2.15.0.jar:/Users/williamkorando/.m2/repository/net/bytebuddy/byte-buddy/1.7.11/byte-buddy-1.7.11.jar:/Users/williamkorando/.m2/repository/net/bytebuddy/byte-buddy-agent/1.7.11/byte-buddy-agent-1.7.11.jar:/Users/williamkorando/.m2/repository/org/objenesis/objenesis/2.6/objenesis-2.6.jar:/Users/williamkorando/.m2/repository/org/hamcrest/hamcrest-core/1.3/hamcrest-core-1.3.jar:/Users/williamkorando/.m2/repository/org/hamcrest/hamcrest-library/1.3/hamcrest-library-1.3.jar:/Users/williamkorando/.m2/repository/org/skyscreamer/jsonassert/1.5.0/jsonassert-1.5.0.jar:/Users/williamkorando/.m2/repository/com/vaadin/external/google/android-json/0.0.20131108.vaadin1/android-json-0.0.20131108.vaadin1.jar:/Users/williamkorando/.m2/repository/org/springframework/spring-core/5.0.5.RELEASE/spring-core-5.0.5.RELEASE.jar:/Users/williamkorando/.m2/repository/org/springframework/spring-jcl/5.0.5.RELEASE/spring-jcl-5.0.5.RELEASE.jar:/Users/williamkorando/.m2/repository/org/springframework/spring-test/5.0.5.RELEASE/spring-test-5.0.5.RELEASE.jar:/Users/williamkorando/.m2/repository/org/xmlunit/xmlunit-core/2.5.1/xmlunit-core-2.5.1.jar:/Users/williamkorando/.m2/repository/org/testcontainers/postgresql/1.6.0/postgresql-1.6.0.jar:/Users/williamkorando/.m2/repository/org/testcontainers/jdbc/1.6.0/jdbc-1.6.0.jar:/Users/williamkorando/.m2/repository/org/testcontainers/testcontainers/1.6.0/testcontainers-1.6.0.jar:/Users/williamkorando/.m2/repository/com/kohlschutter/junixsocket/junixsocket-common/2.0.4/junixsocket-common-2.0.4.jar:/Users/williamkorando/.m2/repository/com/kohlschutter/junixsocket/junixsocket-native-common/2.0.4/junixsocket-native-common-2.0.4.jar:/Users/williamkorando/.m2/repository/org/scijava/native-lib-loader/2.0.2/native-lib-loader-2.0.2.jar:/Users/williamkorando/.m2/repository/org/apache/commons/commons-compress/1.12/commons-compress-1.12.jar:/Users/williamkorando/.m2/repository/commons-codec/commons-codec/1.11/commons-codec-1.11.jar:/Users/williamkorando/.m2/repository/commons-lang/commons-lang/2.6/commons-lang-2.6.jar:/Users/williamkorando/.m2/repository/commons-io/commons-io/2.5/commons-io-2.5.jar:/Users/williamkorando/.m2/repository/org/slf4j/jcl-over-slf4j/1.7.25/jcl-over-slf4j-1.7.25.jar:/Users/williamkorando/.m2/repository/javax/xml/bind/jaxb-api/2.3.0/jaxb-api-2.3.0.jar:/Users/williamkorando/.m2/repository/org/rnorth/tcp-unix-socket-proxy/1.0.1/tcp-unix-socket-proxy-1.0.1.jar:/Users/williamkorando/.m2/repository/org/zeroturnaround/zt-exec/1.8/zt-exec-1.8.jar:/Users/williamkorando/.m2/repository/org/rnorth/duct-tape/duct-tape/1.0.6/duct-tape-1.0.6.jar:/Users/williamkorando/.m2/repository/org/jetbrains/annotations/13.0/annotations-13.0.jar:/Users/williamkorando/.m2/repository/org/slf4j/slf4j-ext/1.7.25/slf4j-ext-1.7.25.jar:/Users/williamkorando/.m2/repository/org/rnorth/visible-assertions/visible-assertions/2.1.0/visible-assertions-2.1.0.jar:/Users/williamkorando/.m2/repository/net/java/dev/jna/jna/4.5.1/jna-4.5.1.jar:/Users/williamkorando/.m2/repository/org/postgresql/postgresql/42.2.2/postgresql-42.2.2.jar:/Users/williamkorando/.m2/repository/org/junit/jupiter/junit-jupiter-api/5.2.0/junit-jupiter-api-5.2.0.jar:/Users/williamkorando/.m2/repository/org/apiguardian/apiguardian-api/1.0.0/apiguardian-api-1.0.0.jar:/Users/williamkorando/.m2/repository/org/opentest4j/opentest4j/1.1.0/opentest4j-1.1.0.jar:/Users/williamkorando/.m2/repository/org/junit/platform/junit-platform-commons/1.2.0/junit-platform-commons-1.2.0.jar:/Users/williamkorando/.m2/repository/org/junit/jupiter/junit-jupiter-engine/5.2.0/junit-jupiter-engine-5.2.0.jar:/Users/williamkorando/.m2/repository/org/junit/vintage/junit-vintage-engine/5.2.0/junit-vintage-engine-5.2.0.jar:/Users/williamkorando/.m2/repository/org/junit/jupiter/junit-jupiter-migrationsupport/5.2.0/junit-jupiter-migrationsupport-5.2.0.jar:/Users/williamkorando/.m2/repository/org/junit/jupiter/junit-jupiter-params/5.2.0/junit-jupiter-params-5.2.0.jar:/Users/williamkorando/.m2/repository/org/junit/platform/junit-platform-engine/1.2.0/junit-platform-engine-1.2.0.jar:/Users/williamkorando/.m2/repository/org/junit/platform/junit-platform-launcher/1.2.0/junit-platform-launcher-1.2.0.jar:, java.specification.name=Java Platform API Specification, java.class.version=52.0, sun.management.compiler=HotSpot 64-Bit Tiered Compilers, os.version=10.13.4, http.nonProxyHosts=local|*.local|169.254/16|*.169.254/16, user.home=/Users/williamkorando, user.timezone=Europe/Madrid, java.awt.printerjob=sun.lwawt.macosx.CPrinterJob, file.encoding=UTF-8, java.specification.version=1.8, java.class.path=/Users/williamkorando/Documents/WelcomeJUnit5/JUnit5Demo/target/test-classes:/Users/williamkorando/Documents/WelcomeJUnit5/JUnit5Demo/target/classes:/Users/williamkorando/.m2/repository/org/springframework/boot/spring-boot-starter-data-jpa/2.0.1.RELEASE/spring-boot-starter-data-jpa-2.0.1.RELEASE.jar:/Users/williamkorando/.m2/repository/org/springframework/boot/spring-boot-starter/2.0.1.RELEASE/spring-boot-starter-2.0.1.RELEASE.jar:/Users/williamkorando/.m2/repository/org/springframework/boot/spring-boot/2.0.1.RELEASE/spring-boot-2.0.1.RELEASE.jar:/Users/williamkorando/.m2/repository/org/springframework/boot/spring-boot-autoconfigure/2.0.1.RELEASE/spring-boot-autoconfigure-2.0.1.RELEASE.jar:/Users/williamkorando/.m2/repository/org/springframework/boot/spring-boot-starter-logging/2.0.1.RELEASE/spring-boot-starter-logging-2.0.1.RELEASE.jar:/Users/williamkorando/.m2/repository/ch/qos/logback/logback-classic/1.2.3/logback-classic-1.2.3.jar:/Users/williamkorando/.m2/repository/ch/qos/logback/logback-core/1.2.3/logback-core-1.2.3.jar:/Users/williamkorando/.m2/repository/org/apache/logging/log4j/log4j-to-slf4j/2.10.0/log4j-to-slf4j-2.10.0.jar:/Users/williamkorando/.m2/repository/org/apache/logging/log4j/log4j-api/2.10.0/log4j-api-2.10.0.jar:/Users/williamkorando/.m2/repository/org/slf4j/jul-to-slf4j/1.7.25/jul-to-slf4j-1.7.25.jar:/Users/williamkorando/.m2/repository/javax/annotation/javax.annotation-api/1.3.2/javax.annotation-api-1.3.2.jar:/Users/williamkorando/.m2/repository/org/yaml/snakeyaml/1.19/snakeyaml-1.19.jar:/Users/williamkorando/.m2/repository/org/springframework/boot/spring-boot-starter-aop/2.0.1.RELEASE/spring-boot-starter-aop-2.0.1.RELEASE.jar:/Users/williamkorando/.m2/repository/org/springframework/spring-aop/5.0.5.RELEASE/spring-aop-5.0.5.RELEASE.jar:/Users/williamkorando/.m2/repository/org/aspectj/aspectjweaver/1.8.13/aspectjweaver-1.8.13.jar:/Users/williamkorando/.m2/repository/org/springframework/boot/spring-boot-starter-jdbc/2.0.1.RELEASE/spring-boot-starter-jdbc-2.0.1.RELEASE.jar:/Users/williamkorando/.m2/repository/com/zaxxer/HikariCP/2.7.8/HikariCP-2.7.8.jar:/Users/williamkorando/.m2/repository/org/springframework/spring-jdbc/5.0.5.RELEASE/spring-jdbc-5.0.5.RELEASE.jar:/Users/williamkorando/.m2/repository/org/hibernate/hibernate-core/5.2.16.Final/hibernate-core-5.2.16.Final.jar:/Users/williamkorando/.m2/repository/org/hibernate/javax/persistence/hibernate-jpa-2.1-api/1.0.0.Final/hibernate-jpa-2.1-api-1.0.0.Final.jar:/Users/williamkorando/.m2/repository/org/javassist/javassist/3.22.0-GA/javassist-3.22.0-GA.jar:/Users/williamkorando/.m2/repository/antlr/antlr/2.7.7/antlr-2.7.7.jar:/Users/williamkorando/.m2/repository/org/jboss/jandex/2.0.3.Final/jandex-2.0.3.Final.jar:/Users/williamkorando/.m2/repository/dom4j/dom4j/1.6.1/dom4j-1.6.1.jar:/Users/williamkorando/.m2/repository/org/hibernate/common/hibernate-commons-annotations/5.0.1.Final/hibernate-commons-annotations-5.0.1.Final.jar:/Users/williamkorando/.m2/repository/javax/transaction/javax.transaction-api/1.2/javax.transaction-api-1.2.jar:/Users/williamkorando/.m2/repository/org/springframework/data/spring-data-jpa/2.0.6.RELEASE/spring-data-jpa-2.0.6.RELEASE.jar:/Users/williamkorando/.m2/repository/org/springframework/data/spring-data-commons/2.0.6.RELEASE/spring-data-commons-2.0.6.RELEASE.jar:/Users/williamkorando/.m2/repository/org/springframework/spring-orm/5.0.5.RELEASE/spring-orm-5.0.5.RELEASE.jar:/Users/williamkorando/.m2/repository/org/springframework/spring-context/5.0.5.RELEASE/spring-context-5.0.5.RELEASE.jar:/Users/williamkorando/.m2/repository/org/springframework/spring-tx/5.0.5.RELEASE/spring-tx-5.0.5.RELEASE.jar:/Users/williamkorando/.m2/repository/org/springframework/spring-beans/5.0.5.RELEASE/spring-beans-5.0.5.RELEASE.jar:/Users/williamkorando/.m2/repository/org/slf4j/slf4j-api/1.7.25/slf4j-api-1.7.25.jar:/Users/williamkorando/.m2/repository/org/springframework/spring-aspects/5.0.5.RELEASE/spring-aspects-5.0.5.RELEASE.jar:/Users/williamkorando/.m2/repository/org/springframework/boot/spring-boot-starter-thymeleaf/2.0.1.RELEASE/spring-boot-starter-thymeleaf-2.0.1.RELEASE.jar:/Users/williamkorando/.m2/repository/org/thymeleaf/thymeleaf-spring5/3.0.9.RELEASE/thymeleaf-spring5-3.0.9.RELEASE.jar:/Users/williamkorando/.m2/repository/org/thymeleaf/thymeleaf/3.0.9.RELEASE/thymeleaf-3.0.9.RELEASE.jar:/Users/williamkorando/.m2/repository/org/attoparser/attoparser/2.0.4.RELEASE/attoparser-2.0.4.RELEASE.jar:/Users/williamkorando/.m2/repository/org/unbescape/unbescape/1.1.5.RELEASE/unbescape-1.1.5.RELEASE.jar:/Users/williamkorando/.m2/repository/org/thymeleaf/extras/thymeleaf-extras-java8time/3.0.1.RELEASE/thymeleaf-extras-java8time-3.0.1.RELEASE.jar:/Users/williamkorando/.m2/repository/org/springframework/boot/spring-boot-starter-web/2.0.1.RELEASE/spring-boot-starter-web-2.0.1.RELEASE.jar:/Users/williamkorando/.m2/repository/org/springframework/boot/spring-boot-starter-json/2.0.1.RELEASE/spring-boot-starter-json-2.0.1.RELEASE.jar:/Users/williamkorando/.m2/repository/com/fasterxml/jackson/core/jackson-databind/2.9.5/jackson-databind-2.9.5.jar:/Users/williamkorando/.m2/repository/com/fasterxml/jackson/core/jackson-annotations/2.9.0/jackson-annotations-2.9.0.jar:/Users/williamkorando/.m2/repository/com/fasterxml/jackson/core/jackson-core/2.9.5/jackson-core-2.9.5.jar:/Users/williamkorando/.m2/repository/com/fasterxml/jackson/datatype/jackson-datatype-jdk8/2.9.5/jackson-datatype-jdk8-2.9.5.jar:/Users/williamkorando/.m2/repository/com/fasterxml/jackson/datatype/jackson-datatype-jsr310/2.9.5/jackson-datatype-jsr310-2.9.5.jar:/Users/williamkorando/.m2/repository/com/fasterxml/jackson/module/jackson-module-parameter-names/2.9.5/jackson-module-parameter-names-2.9.5.jar:/Users/williamkorando/.m2/repository/org/springframework/boot/spring-boot-starter-tomcat/2.0.1.RELEASE/spring-boot-starter-tomcat-2.0.1.RELEASE.jar:/Users/williamkorando/.m2/repository/org/apache/tomcat/embed/tomcat-embed-core/8.5.29/tomcat-embed-core-8.5.29.jar:/Users/williamkorando/.m2/repository/org/apache/tomcat/embed/tomcat-embed-el/8.5.29/tomcat-embed-el-8.5.29.jar:/Users/williamkorando/.m2/repository/org/apache/tomcat/embed/tomcat-embed-websocket/8.5.29/tomcat-embed-websocket-8.5.29.jar:/Users/williamkorando/.m2/repository/org/hibernate/validator/hibernate-validator/6.0.9.Final/hibernate-validator-6.0.9.Final.jar:/Users/williamkorando/.m2/repository/org/springframework/spring-web/5.0.5.RELEASE/spring-web-5.0.5.RELEASE.jar:/Users/williamkorando/.m2/repository/org/springframework/spring-webmvc/5.0.5.RELEASE/spring-webmvc-5.0.5.RELEASE.jar:/Users/williamkorando/.m2/repository/org/springframework/spring-expression/5.0.5.RELEASE/spring-expression-5.0.5.RELEASE.jar:/Users/williamkorando/.m2/repository/org/hibernate/hibernate-validator/5.2.4.Final/hibernate-validator-5.2.4.Final.jar:/Users/williamkorando/.m2/repository/javax/validation/validation-api/2.0.1.Final/validation-api-2.0.1.Final.jar:/Users/williamkorando/.m2/repository/org/jboss/logging/jboss-logging/3.3.2.Final/jboss-logging-3.3.2.Final.jar:/Users/williamkorando/.m2/repository/com/fasterxml/classmate/1.3.4/classmate-1.3.4.jar:/Users/williamkorando/.m2/repository/com/h2database/h2/1.4.197/h2-1.4.197.jar:/Users/williamkorando/.m2/repository/org/springframework/boot/spring-boot-starter-test/2.0.1.RELEASE/spring-boot-starter-test-2.0.1.RELEASE.jar:/Users/williamkorando/.m2/repository/org/springframework/boot/spring-boot-test/2.0.1.RELEASE/spring-boot-test-2.0.1.RELEASE.jar:/Users/williamkorando/.m2/repository/org/springframework/boot/spring-boot-test-autoconfigure/2.0.1.RELEASE/spring-boot-test-autoconfigure-2.0.1.RELEASE.jar:/Users/williamkorando/.m2/repository/com/jayway/jsonpath/json-path/2.4.0/json-path-2.4.0.jar:/Users/williamkorando/.m2/repository/net/minidev/json-smart/2.3/json-smart-2.3.jar:/Users/williamkorando/.m2/repository/net/minidev/accessors-smart/1.2/accessors-smart-1.2.jar:/Users/williamkorando/.m2/repository/org/ow2/asm/asm/5.0.4/asm-5.0.4.jar:/Users/williamkorando/.m2/repository/junit/junit/4.12/junit-4.12.jar:/Users/williamkorando/.m2/repository/org/assertj/assertj-core/3.9.1/assertj-core-3.9.1.jar:/Users/williamkorando/.m2/repository/org/mockito/mockito-core/2.15.0/mockito-core-2.15.0.jar:/Users/williamkorando/.m2/repository/net/bytebuddy/byte-buddy/1.7.11/byte-buddy-1.7.11.jar:/Users/williamkorando/.m2/repository/net/bytebuddy/byte-buddy-agent/1.7.11/byte-buddy-agent-1.7.11.jar:/Users/williamkorando/.m2/repository/org/objenesis/objenesis/2.6/objenesis-2.6.jar:/Users/williamkorando/.m2/repository/org/hamcrest/hamcrest-core/1.3/hamcrest-core-1.3.jar:/Users/williamkorando/.m2/repository/org/hamcrest/hamcrest-library/1.3/hamcrest-library-1.3.jar:/Users/williamkorando/.m2/repository/org/skyscreamer/jsonassert/1.5.0/jsonassert-1.5.0.jar:/Users/williamkorando/.m2/repository/com/vaadin/external/google/android-json/0.0.20131108.vaadin1/android-json-0.0.20131108.vaadin1.jar:/Users/williamkorando/.m2/repository/org/springframework/spring-core/5.0.5.RELEASE/spring-core-5.0.5.RELEASE.jar:/Users/williamkorando/.m2/repository/org/springframework/spring-jcl/5.0.5.RELEASE/spring-jcl-5.0.5.RELEASE.jar:/Users/williamkorando/.m2/repository/org/springframework/spring-test/5.0.5.RELEASE/spring-test-5.0.5.RELEASE.jar:/Users/williamkorando/.m2/repository/org/xmlunit/xmlunit-core/2.5.1/xmlunit-core-2.5.1.jar:/Users/williamkorando/.m2/repository/org/testcontainers/postgresql/1.6.0/postgresql-1.6.0.jar:/Users/williamkorando/.m2/repository/org/testcontainers/jdbc/1.6.0/jdbc-1.6.0.jar:/Users/williamkorando/.m2/repository/org/testcontainers/testcontainers/1.6.0/testcontainers-1.6.0.jar:/Users/williamkorando/.m2/repository/com/kohlschutter/junixsocket/junixsocket-common/2.0.4/junixsocket-common-2.0.4.jar:/Users/williamkorando/.m2/repository/com/kohlschutter/junixsocket/junixsocket-native-common/2.0.4/junixsocket-native-common-2.0.4.jar:/Users/williamkorando/.m2/repository/org/scijava/native-lib-loader/2.0.2/native-lib-loader-2.0.2.jar:/Users/williamkorando/.m2/repository/org/apache/commons/commons-compress/1.12/commons-compress-1.12.jar:/Users/williamkorando/.m2/repository/commons-codec/commons-codec/1.11/commons-codec-1.11.jar:/Users/williamkorando/.m2/repository/commons-lang/commons-lang/2.6/commons-lang-2.6.jar:/Users/williamkorando/.m2/repository/commons-io/commons-io/2.5/commons-io-2.5.jar:/Users/williamkorando/.m2/repository/org/slf4j/jcl-over-slf4j/1.7.25/jcl-over-slf4j-1.7.25.jar:/Users/williamkorando/.m2/repository/javax/xml/bind/jaxb-api/2.3.0/jaxb-api-2.3.0.jar:/Users/williamkorando/.m2/repository/org/rnorth/tcp-unix-socket-proxy/1.0.1/tcp-unix-socket-proxy-1.0.1.jar:/Users/williamkorando/.m2/repository/org/zeroturnaround/zt-exec/1.8/zt-exec-1.8.jar:/Users/williamkorando/.m2/repository/org/rnorth/duct-tape/duct-tape/1.0.6/duct-tape-1.0.6.jar:/Users/williamkorando/.m2/repository/org/jetbrains/annotations/13.0/annotations-13.0.jar:/Users/williamkorando/.m2/repository/org/slf4j/slf4j-ext/1.7.25/slf4j-ext-1.7.25.jar:/Users/williamkorando/.m2/repository/org/rnorth/visible-assertions/visible-assertions/2.1.0/visible-assertions-2.1.0.jar:/Users/williamkorando/.m2/repository/net/java/dev/jna/jna/4.5.1/jna-4.5.1.jar:/Users/williamkorando/.m2/repository/org/postgresql/postgresql/42.2.2/postgresql-42.2.2.jar:/Users/williamkorando/.m2/repository/org/junit/jupiter/junit-jupiter-api/5.2.0/junit-jupiter-api-5.2.0.jar:/Users/williamkorando/.m2/repository/org/apiguardian/apiguardian-api/1.0.0/apiguardian-api-1.0.0.jar:/Users/williamkorando/.m2/repository/org/opentest4j/opentest4j/1.1.0/opentest4j-1.1.0.jar:/Users/williamkorando/.m2/repository/org/junit/platform/junit-platform-commons/1.2.0/junit-platform-commons-1.2.0.jar:/Users/williamkorando/.m2/repository/org/junit/jupiter/junit-jupiter-engine/5.2.0/junit-jupiter-engine-5.2.0.jar:/Users/williamkorando/.m2/repository/org/junit/vintage/junit-vintage-engine/5.2.0/junit-vintage-engine-5.2.0.jar:/Users/williamkorando/.m2/repository/org/junit/jupiter/junit-jupiter-migrationsupport/5.2.0/junit-jupiter-migrationsupport-5.2.0.jar:/Users/williamkorando/.m2/repository/org/junit/jupiter/junit-jupiter-params/5.2.0/junit-jupiter-params-5.2.0.jar:/Users/williamkorando/.m2/repository/org/junit/platform/junit-platform-engine/1.2.0/junit-platform-engine-1.2.0.jar:/Users/williamkorando/.m2/repository/org/junit/platform/junit-platform-launcher/1.2.0/junit-platform-launcher-1.2.0.jar:, user.name=williamkorando, java.vm.specification.version=1.8, sun.java.command=/Users/williamkorando/Documents/WelcomeJUnit5/JUnit5Demo/target/surefire/surefirebooter5084527383140656633.jar /Users/williamkorando/Documents/WelcomeJUnit5/JUnit5Demo/target/surefire 2018-05-24T14-03-31_062-jvmRun1 surefire2686665449646322920tmp surefire_01753888768706316849tmp, java.home=/Library/Java/JavaVirtualMachines/jdk1.8.0_111.jdk/Contents/Home/jre, sun.arch.data.model=64, user.language=en, java.specification.vendor=Oracle Corporation, awt.toolkit=sun.lwawt.macosx.LWCToolkit, java.vm.info=mixed mode, java.version=1.8.0_111, java.ext.dirs=/Users/williamkorando/Library/Java/Extensions:/Library/Java/JavaVirtualMachines/jdk1.8.0_111.jdk/Contents/Home/jre/lib/ext:/Library/Java/Extensions:/Network/Library/Java/Extensions:/System/Library/Java/Extensions:/usr/lib/java, sun.boot.class.path=/Library/Java/JavaVirtualMachines/jdk1.8.0_111.jdk/Contents/Home/jre/lib/resources.jar:/Library/Java/JavaVirtualMachines/jdk1.8.0_111.jdk/Contents/Home/jre/lib/rt.jar:/Library/Java/JavaVirtualMachines/jdk1.8.0_111.jdk/Contents/Home/jre/lib/sunrsasign.jar:/Library/Java/JavaVirtualMachines/jdk1.8.0_111.jdk/Contents/Home/jre/lib/jsse.jar:/Library/Java/JavaVirtualMachines/jdk1.8.0_111.jdk/Contents/Home/jre/lib/jce.jar:/Library/Java/JavaVirtualMachines/jdk1.8.0_111.jdk/Contents/Home/jre/lib/charsets.jar:/Library/Java/JavaVirtualMachines/jdk1.8.0_111.jdk/Contents/Home/jre/lib/jfr.jar:/Library/Java/JavaVirtualMachines/jdk1.8.0_111.jdk/Contents/Home/jre/classes, java.vendor=Oracle Corporation, localRepository=/Users/williamkorando/.m2/repository, file.separator=/, java.vendor.url.bug=http://bugreport.sun.com/bugreport/, sun.io.unicode.encoding=UnicodeBig, sun.cpu.endian=little, socksNonProxyHosts=local|*.local|169.254/16|*.169.254/16, ftp.nonProxyHosts=local|*.local|169.254/16|*.169.254/16, sun.cpu.isalist=}}, SystemEnvironmentPropertySource@1968298538 {name='systemEnvironment', properties={PATH=/usr/bin:/bin:/usr/sbin:/sbin, SHELL=/bin/bash, JAVA_STARTED_ON_FIRST_THREAD_46154=1, OLDPWD=/Users/williamkorando/Documents/WelcomeJUnit5/JUnit5Demo, USER=williamkorando, JAVA_MAIN_CLASS_48048=org.codehaus.plexus.classworlds.launcher.Launcher, TMPDIR=/var/folders/c1/bsm5c1496v30qs3zlhx2gml00000gn/T/, SSH_AUTH_SOCK=/private/tmp/com.apple.launchd.kmug7iflar/Listeners, XPC_FLAGS=0x0, APP_ICON_46154=../Resources/sts.icns, __CF_USER_TEXT_ENCODING=0x1F5:0x0:0x0, JAVA_MAIN_CLASS_48061=org.apache.maven.surefire.booter.ForkedBooter, Apple_PubSub_Socket_Render=/private/tmp/com.apple.launchd.uaAYxIniVe/Render, LOGNAME=williamkorando, XPC_SERVICE_NAME=0, PWD=/Users/williamkorando/Documents/WelcomeJUnit5/JUnit5Demo, HOME=/Users/williamkorando, SHLVL=1, _=/Library/Java/JavaVirtualMachines/jdk1.8.0_111.jdk/Contents/Home/jre/bin/java}}]
14:03:36.257 [main] DEBUG org.springframework.beans.factory.support.DefaultListableBeanFactory - Creating shared instance of singleton bean 'org.springframework.boot.autoconfigure.AutoConfigurationPackages'
14:03:36.257 [main] DEBUG org.springframework.beans.factory.support.DefaultListableBeanFactory - Creating instance of bean 'org.springframework.boot.autoconfigure.AutoConfigurationPackages'
14:03:36.257 [main] DEBUG org.springframework.beans.factory.support.DefaultListableBeanFactory - Eagerly caching bean 'org.springframework.boot.autoconfigure.AutoConfigurationPackages' to allow for resolving potential circular references
14:03:36.257 [main] DEBUG org.springframework.beans.factory.support.DefaultListableBeanFactory - Finished creating instance of bean 'org.springframework.boot.autoconfigure.AutoConfigurationPackages'
14:03:36.258 [main] DEBUG org.springframework.boot.autoconfigure.AutoConfigurationPackages - @EnableAutoConfiguration was declared on a class in the package 'com.bk.hotel'. Automatic @Repository and @Entity scanning is enabled.
14:03:36.259 [main] DEBUG org.springframework.core.io.support.PathMatchingResourcePatternResolver - Resolved classpath location [com/bk/hotel/] to resources [URL [file:/Users/williamkorando/Documents/WelcomeJUnit5/JUnit5Demo/target/test-classes/com/bk/hotel/], URL [file:/Users/williamkorando/Documents/WelcomeJUnit5/JUnit5Demo/target/classes/com/bk/hotel/]]
14:03:36.259 [main] DEBUG org.springframework.core.io.support.PathMatchingResourcePatternResolver - Looking for matching resources in directory tree [/Users/williamkorando/Documents/WelcomeJUnit5/JUnit5Demo/target/test-classes/com/bk/hotel]
14:03:36.259 [main] DEBUG org.springframework.core.io.support.PathMatchingResourcePatternResolver - Searching directory [/Users/williamkorando/Documents/WelcomeJUnit5/JUnit5Demo/target/test-classes/com/bk/hotel] for files matching pattern [/Users/williamkorando/Documents/WelcomeJUnit5/JUnit5Demo/target/test-classes/com/bk/hotel/**/*.class]
14:03:36.259 [main] DEBUG org.springframework.core.io.support.PathMatchingResourcePatternResolver - Searching directory [/Users/williamkorando/Documents/WelcomeJUnit5/JUnit5Demo/target/test-classes/com/bk/hotel/controller] for files matching pattern [/Users/williamkorando/Documents/WelcomeJUnit5/JUnit5Demo/target/test-classes/com/bk/hotel/**/*.class]
14:03:36.259 [main] DEBUG org.springframework.core.io.support.PathMatchingResourcePatternResolver - Searching directory [/Users/williamkorando/Documents/WelcomeJUnit5/JUnit5Demo/target/test-classes/com/bk/hotel/junit4] for files matching pattern [/Users/williamkorando/Documents/WelcomeJUnit5/JUnit5Demo/target/test-classes/com/bk/hotel/**/*.class]
14:03:36.260 [main] DEBUG org.springframework.core.io.support.PathMatchingResourcePatternResolver - Searching directory [/Users/williamkorando/Documents/WelcomeJUnit5/JUnit5Demo/target/test-classes/com/bk/hotel/repo] for files matching pattern [/Users/williamkorando/Documents/WelcomeJUnit5/JUnit5Demo/target/test-classes/com/bk/hotel/**/*.class]
14:03:36.260 [main] DEBUG org.springframework.core.io.support.PathMatchingResourcePatternResolver - Searching directory [/Users/williamkorando/Documents/WelcomeJUnit5/JUnit5Demo/target/test-classes/com/bk/hotel/service] for files matching pattern [/Users/williamkorando/Documents/WelcomeJUnit5/JUnit5Demo/target/test-classes/com/bk/hotel/**/*.class]
14:03:36.260 [main] DEBUG org.springframework.core.io.support.PathMatchingResourcePatternResolver - Searching directory [/Users/williamkorando/Documents/WelcomeJUnit5/JUnit5Demo/target/test-classes/com/bk/hotel/service/impl] for files matching pattern [/Users/williamkorando/Documents/WelcomeJUnit5/JUnit5Demo/target/test-classes/com/bk/hotel/**/*.class]
14:03:36.262 [main] DEBUG org.springframework.core.io.support.PathMatchingResourcePatternResolver - Looking for matching resources in directory tree [/Users/williamkorando/Documents/WelcomeJUnit5/JUnit5Demo/target/classes/com/bk/hotel]
14:03:36.262 [main] DEBUG org.springframework.core.io.support.PathMatchingResourcePatternResolver - Searching directory [/Users/williamkorando/Documents/WelcomeJUnit5/JUnit5Demo/target/classes/com/bk/hotel] for files matching pattern [/Users/williamkorando/Documents/WelcomeJUnit5/JUnit5Demo/target/classes/com/bk/hotel/**/*.class]
14:03:36.262 [main] DEBUG org.springframework.core.io.support.PathMatchingResourcePatternResolver - Searching directory [/Users/williamkorando/Documents/WelcomeJUnit5/JUnit5Demo/target/classes/com/bk/hotel/controller] for files matching pattern [/Users/williamkorando/Documents/WelcomeJUnit5/JUnit5Demo/target/classes/com/bk/hotel/**/*.class]
14:03:36.263 [main] DEBUG org.springframework.core.io.support.PathMatchingResourcePatternResolver - Searching directory [/Users/williamkorando/Documents/WelcomeJUnit5/JUnit5Demo/target/classes/com/bk/hotel/model] for files matching pattern [/Users/williamkorando/Documents/WelcomeJUnit5/JUnit5Demo/target/classes/com/bk/hotel/**/*.class]
14:03:36.263 [main] DEBUG org.springframework.core.io.support.PathMatchingResourcePatternResolver - Searching directory [/Users/williamkorando/Documents/WelcomeJUnit5/JUnit5Demo/target/classes/com/bk/hotel/repo] for files matching pattern [/Users/williamkorando/Documents/WelcomeJUnit5/JUnit5Demo/target/classes/com/bk/hotel/**/*.class]
14:03:36.263 [main] DEBUG org.springframework.core.io.support.PathMatchingResourcePatternResolver - Searching directory [/Users/williamkorando/Documents/WelcomeJUnit5/JUnit5Demo/target/classes/com/bk/hotel/service] for files matching pattern [/Users/williamkorando/Documents/WelcomeJUnit5/JUnit5Demo/target/classes/com/bk/hotel/**/*.class]
14:03:36.263 [main] DEBUG org.springframework.core.io.support.PathMatchingResourcePatternResolver - Searching directory [/Users/williamkorando/Documents/WelcomeJUnit5/JUnit5Demo/target/classes/com/bk/hotel/service/impl] for files matching pattern [/Users/williamkorando/Documents/WelcomeJUnit5/JUnit5Demo/target/classes/com/bk/hotel/**/*.class]
14:03:36.264 [main] DEBUG org.springframework.core.io.support.PathMatchingResourcePatternResolver - Resolved location pattern [classpath*:com/bk/hotel/**/*.class] to resources [file [/Users/williamkorando/Documents/WelcomeJUnit5/JUnit5Demo/target/test-classes/com/bk/hotel/controller/DeleteResourceEndpointTest.class], file [/Users/williamkorando/Documents/WelcomeJUnit5/JUnit5Demo/target/test-classes/com/bk/hotel/controller/EndpointTest.class], file [/Users/williamkorando/Documents/WelcomeJUnit5/JUnit5Demo/target/test-classes/com/bk/hotel/controller/GetResourceEndpointTest.class], file [/Users/williamkorando/Documents/WelcomeJUnit5/JUnit5Demo/target/test-classes/com/bk/hotel/controller/PutPostEndpointTesting.class], file [/Users/williamkorando/Documents/WelcomeJUnit5/JUnit5Demo/target/test-classes/com/bk/hotel/controller/RoomControllerTest.class], file [/Users/williamkorando/Documents/WelcomeJUnit5/JUnit5Demo/target/test-classes/com/bk/hotel/controller/SearchEndpointTest.class], file [/Users/williamkorando/Documents/WelcomeJUnit5/JUnit5Demo/target/test-classes/com/bk/hotel/controller/SuccessfulSearchScenario.class], file [/Users/williamkorando/Documents/WelcomeJUnit5/JUnit5Demo/target/test-classes/com/bk/hotel/controller/TestCustomersController$1.class], file [/Users/williamkorando/Documents/WelcomeJUnit5/JUnit5Demo/target/test-classes/com/bk/hotel/controller/TestCustomersController.class], file [/Users/williamkorando/Documents/WelcomeJUnit5/JUnit5Demo/target/test-classes/com/bk/hotel/junit4/CustomerRepoTest.class], file [/Users/williamkorando/Documents/WelcomeJUnit5/JUnit5Demo/target/test-classes/com/bk/hotel/junit4/ITCustomerRepo$Initializer.class], file [/Users/williamkorando/Documents/WelcomeJUnit5/JUnit5Demo/target/test-classes/com/bk/hotel/junit4/ITCustomerRepo.class], file [/Users/williamkorando/Documents/WelcomeJUnit5/JUnit5Demo/target/test-classes/com/bk/hotel/junit4/ParameterizedReservationServiceImplTest.class], file [/Users/williamkorando/Documents/WelcomeJUnit5/JUnit5Demo/target/test-classes/com/bk/hotel/junit4/RoomServiceImplTest.class], file [/Users/williamkorando/Documents/WelcomeJUnit5/JUnit5Demo/target/test-classes/com/bk/hotel/repo/CustomerRepoJUnit5Test.class], file [/Users/williamkorando/Documents/WelcomeJUnit5/JUnit5Demo/target/test-classes/com/bk/hotel/repo/ITCustomerJUnit5Repo$Initializer.class], file [/Users/williamkorando/Documents/WelcomeJUnit5/JUnit5Demo/target/test-classes/com/bk/hotel/repo/ITCustomerJUnit5Repo.class], file [/Users/williamkorando/Documents/WelcomeJUnit5/JUnit5Demo/target/test-classes/com/bk/hotel/service/impl/ArgumentsAccessorParamterizedTest.class], file [/Users/williamkorando/Documents/WelcomeJUnit5/JUnit5Demo/target/test-classes/com/bk/hotel/service/impl/CheatRoomServiceImplJUnit5Test.class], file [/Users/williamkorando/Documents/WelcomeJUnit5/JUnit5Demo/target/test-classes/com/bk/hotel/service/impl/DateValidationBean.class], file [/Users/williamkorando/Documents/WelcomeJUnit5/JUnit5Demo/target/test-classes/com/bk/hotel/service/impl/DateValidationBeanAggregator.class], file [/Users/williamkorando/Documents/WelcomeJUnit5/JUnit5Demo/target/test-classes/com/bk/hotel/service/impl/DisableOnMacCondition.class], file [/Users/williamkorando/Documents/WelcomeJUnit5/JUnit5Demo/target/test-classes/com/bk/hotel/service/impl/DisabledOnMac.class], file [/Users/williamkorando/Documents/WelcomeJUnit5/JUnit5Demo/target/test-classes/com/bk/hotel/service/impl/DisabledOnNixSystems.class], file [/Users/williamkorando/Documents/WelcomeJUnit5/JUnit5Demo/target/test-classes/com/bk/hotel/service/impl/EnabledOnNixSystems.class], file [/Users/williamkorando/Documents/WelcomeJUnit5/JUnit5Demo/target/test-classes/com/bk/hotel/service/impl/ExternalMethodSourceParameterizedTest.class], file [/Users/williamkorando/Documents/WelcomeJUnit5/JUnit5Demo/target/test-classes/com/bk/hotel/service/impl/IntegrationTest.class], file [/Users/williamkorando/Documents/WelcomeJUnit5/JUnit5Demo/target/test-classes/com/bk/hotel/service/impl/JUnit5ParameterizedTest.class], file [/Users/williamkorando/Documents/WelcomeJUnit5/JUnit5Demo/target/test-classes/com/bk/hotel/service/impl/JUnit5ParameterizedTestImprovements.class], file [/Users/williamkorando/Documents/WelcomeJUnit5/JUnit5Demo/target/test-classes/com/bk/hotel/service/impl/ParameterizedTestData.class], file [/Users/williamkorando/Documents/WelcomeJUnit5/JUnit5Demo/target/test-classes/com/bk/hotel/service/impl/RepeatedTestDemo.class], file [/Users/williamkorando/Documents/WelcomeJUnit5/JUnit5Demo/target/test-classes/com/bk/hotel/service/impl/SpringTestContainersExtension.class], file [/Users/williamkorando/Documents/WelcomeJUnit5/JUnit5Demo/target/test-classes/com/bk/hotel/service/impl/StringArrayConverter.class], file [/Users/williamkorando/Documents/WelcomeJUnit5/JUnit5Demo/target/test-classes/com/bk/hotel/service/impl/ToDataValidationBean.class], file [/Users/williamkorando/Documents/WelcomeJUnit5/JUnit5Demo/target/classes/com/bk/hotel/ControllerLoggingAspect.class], file [/Users/williamkorando/Documents/WelcomeJUnit5/JUnit5Demo/target/classes/com/bk/hotel/HotelApplication.class], file [/Users/williamkorando/Documents/WelcomeJUnit5/JUnit5Demo/target/classes/com/bk/hotel/RoomServiceException.class], file [/Users/williamkorando/Documents/WelcomeJUnit5/JUnit5Demo/target/classes/com/bk/hotel/controller/CustomerController.class], file [/Users/williamkorando/Documents/WelcomeJUnit5/JUnit5Demo/target/classes/com/bk/hotel/controller/ReservationController.class], file [/Users/williamkorando/Documents/WelcomeJUnit5/JUnit5Demo/target/classes/com/bk/hotel/controller/RoomController.class], file [/Users/williamkorando/Documents/WelcomeJUnit5/JUnit5Demo/target/classes/com/bk/hotel/model/Customer$CustomerBuilder.class], file [/Users/williamkorando/Documents/WelcomeJUnit5/JUnit5Demo/target/classes/com/bk/hotel/model/Customer.class], file [/Users/williamkorando/Documents/WelcomeJUnit5/JUnit5Demo/target/classes/com/bk/hotel/model/ErrorResponse.class], file [/Users/williamkorando/Documents/WelcomeJUnit5/JUnit5Demo/target/classes/com/bk/hotel/model/Reservation.class], file [/Users/williamkorando/Documents/WelcomeJUnit5/JUnit5Demo/target/classes/com/bk/hotel/model/Room.class], file [/Users/williamkorando/Documents/WelcomeJUnit5/JUnit5Demo/target/classes/com/bk/hotel/repo/CustomerRepo.class], file [/Users/williamkorando/Documents/WelcomeJUnit5/JUnit5Demo/target/classes/com/bk/hotel/repo/RoomRepo.class], file [/Users/williamkorando/Documents/WelcomeJUnit5/JUnit5Demo/target/classes/com/bk/hotel/service/CustomerService.class], file [/Users/williamkorando/Documents/WelcomeJUnit5/JUnit5Demo/target/classes/com/bk/hotel/service/ReservationService.class], file [/Users/williamkorando/Documents/WelcomeJUnit5/JUnit5Demo/target/classes/com/bk/hotel/service/RoomService.class], file [/Users/williamkorando/Documents/WelcomeJUnit5/JUnit5Demo/target/classes/com/bk/hotel/service/impl/ReservationServiceImpl.class], file [/Users/williamkorando/Documents/WelcomeJUnit5/JUnit5Demo/target/classes/com/bk/hotel/service/impl/RoomServiceImpl.class]]
14:03:36.272 [main] DEBUG org.springframework.data.repository.config.RepositoryComponentProvider - Identified candidate component class: file [/Users/williamkorando/Documents/WelcomeJUnit5/JUnit5Demo/target/classes/com/bk/hotel/repo/CustomerRepo.class]
14:03:36.272 [main] DEBUG org.springframework.data.repository.config.RepositoryComponentProvider - Identified candidate component class: file [/Users/williamkorando/Documents/WelcomeJUnit5/JUnit5Demo/target/classes/com/bk/hotel/repo/RoomRepo.class]
14:03:36.294 [main] DEBUG org.springframework.core.io.support.PathMatchingResourcePatternResolver - Resolved classpath location [com/bk/hotel/repo/] to resources [URL [file:/Users/williamkorando/Documents/WelcomeJUnit5/JUnit5Demo/target/test-classes/com/bk/hotel/repo/], URL [file:/Users/williamkorando/Documents/WelcomeJUnit5/JUnit5Demo/target/classes/com/bk/hotel/repo/]]
14:03:36.294 [main] DEBUG org.springframework.core.io.support.PathMatchingResourcePatternResolver - Looking for matching resources in directory tree [/Users/williamkorando/Documents/WelcomeJUnit5/JUnit5Demo/target/test-classes/com/bk/hotel/repo]
14:03:36.294 [main] DEBUG org.springframework.core.io.support.PathMatchingResourcePatternResolver - Searching directory [/Users/williamkorando/Documents/WelcomeJUnit5/JUnit5Demo/target/test-classes/com/bk/hotel/repo] for files matching pattern [/Users/williamkorando/Documents/WelcomeJUnit5/JUnit5Demo/target/test-classes/com/bk/hotel/repo/**/*RoomRepoImpl.class]
14:03:36.295 [main] DEBUG org.springframework.core.io.support.PathMatchingResourcePatternResolver - Looking for matching resources in directory tree [/Users/williamkorando/Documents/WelcomeJUnit5/JUnit5Demo/target/classes/com/bk/hotel/repo]
14:03:36.295 [main] DEBUG org.springframework.core.io.support.PathMatchingResourcePatternResolver - Searching directory [/Users/williamkorando/Documents/WelcomeJUnit5/JUnit5Demo/target/classes/com/bk/hotel/repo] for files matching pattern [/Users/williamkorando/Documents/WelcomeJUnit5/JUnit5Demo/target/classes/com/bk/hotel/repo/**/*RoomRepoImpl.class]
14:03:36.295 [main] DEBUG org.springframework.core.io.support.PathMatchingResourcePatternResolver - Resolved location pattern [classpath*:com/bk/hotel/repo/**/*RoomRepoImpl.class] to resources []
14:03:36.301 [main] DEBUG org.springframework.data.repository.config.RepositoryConfigurationDelegate - Spring Data JPA - Registering repository: roomRepo - Interface: com.bk.hotel.repo.RoomRepo - Factory: org.springframework.data.jpa.repository.support.JpaRepositoryFactoryBean
14:03:36.303 [main] DEBUG org.springframework.core.io.support.PathMatchingResourcePatternResolver - Resolved classpath location [com/bk/hotel/repo/] to resources [URL [file:/Users/williamkorando/Documents/WelcomeJUnit5/JUnit5Demo/target/test-classes/com/bk/hotel/repo/], URL [file:/Users/williamkorando/Documents/WelcomeJUnit5/JUnit5Demo/target/classes/com/bk/hotel/repo/]]
14:03:36.303 [main] DEBUG org.springframework.core.io.support.PathMatchingResourcePatternResolver - Looking for matching resources in directory tree [/Users/williamkorando/Documents/WelcomeJUnit5/JUnit5Demo/target/test-classes/com/bk/hotel/repo]
14:03:36.303 [main] DEBUG org.springframework.core.io.support.PathMatchingResourcePatternResolver - Searching directory [/Users/williamkorando/Documents/WelcomeJUnit5/JUnit5Demo/target/test-classes/com/bk/hotel/repo] for files matching pattern [/Users/williamkorando/Documents/WelcomeJUnit5/JUnit5Demo/target/test-classes/com/bk/hotel/repo/**/*CustomerRepoImpl.class]
14:03:36.303 [main] DEBUG org.springframework.core.io.support.PathMatchingResourcePatternResolver - Looking for matching resources in directory tree [/Users/williamkorando/Documents/WelcomeJUnit5/JUnit5Demo/target/classes/com/bk/hotel/repo]
14:03:36.303 [main] DEBUG org.springframework.core.io.support.PathMatchingResourcePatternResolver - Searching directory [/Users/williamkorando/Documents/WelcomeJUnit5/JUnit5Demo/target/classes/com/bk/hotel/repo] for files matching pattern [/Users/williamkorando/Documents/WelcomeJUnit5/JUnit5Demo/target/classes/com/bk/hotel/repo/**/*CustomerRepoImpl.class]
14:03:36.303 [main] DEBUG org.springframework.core.io.support.PathMatchingResourcePatternResolver - Resolved location pattern [classpath*:com/bk/hotel/repo/**/*CustomerRepoImpl.class] to resources []
14:03:36.303 [main] DEBUG org.springframework.data.repository.config.RepositoryConfigurationDelegate - Spring Data JPA - Registering repository: customerRepo - Interface: com.bk.hotel.repo.CustomerRepo - Factory: org.springframework.data.jpa.repository.support.JpaRepositoryFactoryBean
14:03:36.303 [main] DEBUG org.springframework.beans.factory.support.DefaultListableBeanFactory - Returning cached instance of singleton bean 'autoConfigurationReport'
14:03:36.304 [main] DEBUG org.springframework.beans.factory.support.DefaultListableBeanFactory - Returning cached instance of singleton bean 'autoConfigurationReport'
14:03:36.304 [main] DEBUG org.springframework.context.annotation.ConfigurationClassBeanDefinitionReader - Registered bean definition for imported class 'org.springframework.boot.autoconfigure.jackson.JacksonAutoConfiguration$Jackson2ObjectMapperBuilderCustomizerConfiguration'
14:03:36.304 [main] DEBUG org.springframework.context.annotation.ConfigurationClassBeanDefinitionReader - Registering bean definition for @Bean method org.springframework.boot.autoconfigure.jackson.JacksonAutoConfiguration$Jackson2ObjectMapperBuilderCustomizerConfiguration.standardJacksonObjectMapperBuilderCustomizer()
14:03:36.304 [main] DEBUG org.springframework.beans.factory.support.DefaultListableBeanFactory - Returning cached instance of singleton bean 'autoConfigurationReport'
14:03:36.304 [main] DEBUG org.springframework.context.annotation.ConfigurationClassBeanDefinitionReader - Registered bean definition for imported class 'org.springframework.boot.autoconfigure.jackson.JacksonAutoConfiguration$JacksonObjectMapperBuilderConfiguration'
14:03:36.305 [main] DEBUG org.springframework.beans.factory.support.DefaultListableBeanFactory - Returning cached instance of singleton bean 'org.springframework.boot.autoconfigure.condition.BeanTypeRegistry'
14:03:36.308 [main] DEBUG org.springframework.beans.factory.support.DefaultListableBeanFactory - Returning cached instance of singleton bean 'autoConfigurationReport'
14:03:36.308 [main] DEBUG org.springframework.context.annotation.ConfigurationClassBeanDefinitionReader - Registering bean definition for @Bean method org.springframework.boot.autoconfigure.jackson.JacksonAutoConfiguration$JacksonObjectMapperBuilderConfiguration.jacksonObjectMapperBuilder()
14:03:36.308 [main] DEBUG org.springframework.beans.factory.support.DefaultListableBeanFactory - Returning cached instance of singleton bean 'autoConfigurationReport'
14:03:36.308 [main] DEBUG org.springframework.context.annotation.ConfigurationClassBeanDefinitionReader - Registered bean definition for imported class 'org.springframework.boot.autoconfigure.jackson.JacksonAutoConfiguration$ParameterNamesModuleConfiguration'
14:03:36.308 [main] DEBUG org.springframework.beans.factory.support.DefaultListableBeanFactory - Returning cached instance of singleton bean 'org.springframework.boot.autoconfigure.condition.BeanTypeRegistry'
14:03:36.308 [main] DEBUG org.springframework.beans.factory.support.DefaultListableBeanFactory - Returning cached instance of singleton bean 'autoConfigurationReport'
14:03:36.309 [main] DEBUG org.springframework.context.annotation.ConfigurationClassBeanDefinitionReader - Registering bean definition for @Bean method org.springframework.boot.autoconfigure.jackson.JacksonAutoConfiguration$ParameterNamesModuleConfiguration.parameterNamesModule()
14:03:36.309 [main] DEBUG org.springframework.beans.factory.support.DefaultListableBeanFactory - Returning cached instance of singleton bean 'autoConfigurationReport'
14:03:36.309 [main] DEBUG org.springframework.context.annotation.ConfigurationClassBeanDefinitionReader - Registered bean definition for imported class 'org.springframework.boot.autoconfigure.jackson.JacksonAutoConfiguration$JacksonObjectMapperConfiguration'
14:03:36.309 [main] DEBUG org.springframework.beans.factory.support.DefaultListableBeanFactory - Returning cached instance of singleton bean 'org.springframework.boot.autoconfigure.condition.BeanTypeRegistry'
14:03:36.309 [main] DEBUG org.springframework.beans.factory.support.DefaultListableBeanFactory - Returning cached instance of singleton bean 'autoConfigurationReport'
14:03:36.309 [main] DEBUG org.springframework.context.annotation.ConfigurationClassBeanDefinitionReader - Registering bean definition for @Bean method org.springframework.boot.autoconfigure.jackson.JacksonAutoConfiguration$JacksonObjectMapperConfiguration.jacksonObjectMapper()
14:03:36.309 [main] DEBUG org.springframework.context.annotation.ConfigurationClassBeanDefinitionReader - Registered bean definition for imported class 'org.springframework.boot.autoconfigure.jackson.JacksonAutoConfiguration'
14:03:36.309 [main] DEBUG org.springframework.context.annotation.ConfigurationClassBeanDefinitionReader - Registering bean definition for @Bean method org.springframework.boot.autoconfigure.jackson.JacksonAutoConfiguration.jsonComponentModule()
14:03:36.309 [main] DEBUG org.springframework.beans.factory.support.DefaultListableBeanFactory - Returning cached instance of singleton bean 'autoConfigurationReport'
14:03:36.309 [main] DEBUG org.springframework.beans.factory.support.DefaultListableBeanFactory - Returning cached instance of singleton bean 'autoConfigurationReport'
14:03:36.310 [main] DEBUG org.springframework.context.annotation.ConfigurationClassBeanDefinitionReader - Registered bean definition for imported class 'org.springframework.boot.autoconfigure.http.HttpMessageConvertersAutoConfiguration$StringHttpMessageConverterConfiguration'
14:03:36.310 [main] DEBUG org.springframework.beans.factory.support.DefaultListableBeanFactory - Returning cached instance of singleton bean 'org.springframework.boot.autoconfigure.condition.BeanTypeRegistry'
14:03:36.311 [main] DEBUG org.springframework.beans.factory.support.DefaultListableBeanFactory - Returning cached instance of singleton bean 'autoConfigurationReport'
14:03:36.311 [main] DEBUG org.springframework.context.annotation.ConfigurationClassBeanDefinitionReader - Registering bean definition for @Bean method org.springframework.boot.autoconfigure.http.HttpMessageConvertersAutoConfiguration$StringHttpMessageConverterConfiguration.stringHttpMessageConverter()
14:03:36.311 [main] DEBUG org.springframework.beans.factory.support.DefaultListableBeanFactory - Returning cached instance of singleton bean 'autoConfigurationReport'
14:03:36.311 [main] DEBUG org.springframework.beans.factory.support.DefaultListableBeanFactory - Returning cached instance of singleton bean 'autoConfigurationReport'
14:03:36.311 [main] DEBUG org.springframework.beans.factory.support.DefaultListableBeanFactory - Returning cached instance of singleton bean 'org.springframework.boot.autoconfigure.condition.BeanTypeRegistry'
14:03:36.312 [main] DEBUG org.springframework.beans.factory.support.DefaultListableBeanFactory - Returning cached instance of singleton bean 'autoConfigurationReport'
14:03:36.312 [main] DEBUG org.springframework.context.annotation.ConfigurationClassBeanDefinitionReader - Registered bean definition for imported class 'org.springframework.boot.autoconfigure.http.JacksonHttpMessageConvertersConfiguration$MappingJackson2HttpMessageConverterConfiguration'
14:03:36.313 [main] DEBUG org.springframework.beans.factory.support.DefaultListableBeanFactory - Returning cached instance of singleton bean 'org.springframework.boot.autoconfigure.condition.BeanTypeRegistry'
14:03:36.313 [main] DEBUG org.springframework.beans.factory.support.DefaultListableBeanFactory - Returning cached instance of singleton bean 'autoConfigurationReport'
14:03:36.314 [main] DEBUG org.springframework.context.annotation.ConfigurationClassBeanDefinitionReader - Registering bean definition for @Bean method org.springframework.boot.autoconfigure.http.JacksonHttpMessageConvertersConfiguration$MappingJackson2HttpMessageConverterConfiguration.mappingJackson2HttpMessageConverter()
14:03:36.314 [main] DEBUG org.springframework.context.annotation.ConfigurationClassBeanDefinitionReader - Registered bean definition for imported class 'org.springframework.boot.autoconfigure.http.JacksonHttpMessageConvertersConfiguration'
14:03:36.314 [main] DEBUG org.springframework.context.annotation.ConfigurationClassBeanDefinitionReader - Registered bean definition for imported class 'org.springframework.boot.autoconfigure.http.HttpMessageConvertersAutoConfiguration'
14:03:36.315 [main] DEBUG org.springframework.beans.factory.support.DefaultListableBeanFactory - Returning cached instance of singleton bean 'org.springframework.boot.autoconfigure.condition.BeanTypeRegistry'
14:03:36.315 [main] DEBUG org.springframework.beans.factory.support.DefaultListableBeanFactory - Returning cached instance of singleton bean 'autoConfigurationReport'
14:03:36.315 [main] DEBUG org.springframework.context.annotation.ConfigurationClassBeanDefinitionReader - Registering bean definition for @Bean method org.springframework.boot.autoconfigure.http.HttpMessageConvertersAutoConfiguration.messageConverters()
14:03:36.315 [main] DEBUG org.springframework.beans.factory.support.DefaultListableBeanFactory - Returning cached instance of singleton bean 'autoConfigurationReport'
14:03:36.315 [main] DEBUG org.springframework.beans.factory.support.DefaultListableBeanFactory - Returning cached instance of singleton bean 'autoConfigurationReport'
14:03:36.315 [main] DEBUG org.springframework.context.annotation.ConfigurationClassBeanDefinitionReader - Registered bean definition for imported class 'org.springframework.boot.autoconfigure.http.codec.CodecsAutoConfiguration$JacksonCodecConfiguration'
14:03:36.316 [main] DEBUG org.springframework.beans.factory.support.DefaultListableBeanFactory - Returning cached instance of singleton bean 'org.springframework.boot.autoconfigure.condition.BeanTypeRegistry'
14:03:36.316 [main] DEBUG org.springframework.beans.factory.support.DefaultListableBeanFactory - Returning cached instance of singleton bean 'autoConfigurationReport'
14:03:36.316 [main] DEBUG org.springframework.context.annotation.ConfigurationClassBeanDefinitionReader - Registering bean definition for @Bean method org.springframework.boot.autoconfigure.http.codec.CodecsAutoConfiguration$JacksonCodecConfiguration.jacksonCodecCustomizer()
14:03:36.316 [main] DEBUG org.springframework.context.annotation.ConfigurationClassBeanDefinitionReader - Registered bean definition for imported class 'org.springframework.boot.autoconfigure.http.codec.CodecsAutoConfiguration'
14:03:36.317 [main] DEBUG org.springframework.context.annotation.ConfigurationClassBeanDefinitionReader - Registered bean definition for imported class 'org.springframework.boot.autoconfigure.info.ProjectInfoAutoConfiguration'
14:03:36.317 [main] DEBUG org.springframework.core.env.PropertySourcesPropertyResolver - Could not find key 'spring.info.git.location' in any property source
14:03:36.317 [main] DEBUG org.springframework.beans.factory.support.DefaultListableBeanFactory - Returning cached instance of singleton bean 'autoConfigurationReport'
14:03:36.317 [main] DEBUG org.springframework.core.env.PropertySourcesPropertyResolver - Could not find key 'spring.info.build.location:classpath:META-INF/build-info.properties' in any property source
14:03:36.318 [main] DEBUG org.springframework.core.env.PropertySourcesPropertyResolver - Could not find key 'spring.info.build.location' in any property source
14:03:36.318 [main] DEBUG org.springframework.beans.factory.support.DefaultListableBeanFactory - Returning cached instance of singleton bean 'autoConfigurationReport'
14:03:36.318 [main] DEBUG org.springframework.beans.factory.support.DefaultListableBeanFactory - Returning cached instance of singleton bean 'autoConfigurationReport'
14:03:36.318 [main] DEBUG org.springframework.beans.factory.support.DefaultListableBeanFactory - Returning cached instance of singleton bean 'org.springframework.boot.autoconfigure.condition.BeanTypeRegistry'
14:03:36.319 [main] DEBUG org.springframework.beans.factory.support.DefaultListableBeanFactory - Returning cached instance of singleton bean 'autoConfigurationReport'
14:03:36.319 [main] DEBUG org.springframework.context.annotation.ConfigurationClassBeanDefinitionReader - Registered bean definition for imported class 'org.springframework.boot.autoconfigure.jdbc.JdbcTemplateAutoConfiguration$JdbcTemplateConfiguration'
14:03:36.320 [main] DEBUG org.springframework.beans.factory.support.DefaultListableBeanFactory - Returning cached instance of singleton bean 'org.springframework.boot.autoconfigure.condition.BeanTypeRegistry'
14:03:36.320 [main] DEBUG org.springframework.beans.factory.support.DefaultListableBeanFactory - Returning cached instance of singleton bean 'autoConfigurationReport'
14:03:36.320 [main] DEBUG org.springframework.context.annotation.ConfigurationClassBeanDefinitionReader - Registering bean definition for @Bean method org.springframework.boot.autoconfigure.jdbc.JdbcTemplateAutoConfiguration$JdbcTemplateConfiguration.jdbcTemplate()
14:03:36.320 [main] DEBUG org.springframework.context.annotation.ConfigurationClassBeanDefinitionReader - Registered bean definition for imported class 'org.springframework.boot.autoconfigure.jdbc.JdbcTemplateAutoConfiguration$NamedParameterJdbcTemplateConfiguration'
14:03:36.320 [main] DEBUG org.springframework.beans.factory.support.DefaultListableBeanFactory - Returning cached instance of singleton bean 'org.springframework.boot.autoconfigure.condition.BeanTypeRegistry'
14:03:36.321 [main] DEBUG org.springframework.beans.factory.support.DefaultListableBeanFactory - Returning cached instance of singleton bean 'org.springframework.boot.autoconfigure.condition.BeanTypeRegistry'
14:03:36.321 [main] DEBUG org.springframework.beans.factory.support.DefaultListableBeanFactory - Returning cached instance of singleton bean 'autoConfigurationReport'
14:03:36.321 [main] DEBUG org.springframework.beans.factory.support.DefaultListableBeanFactory - Returning cached instance of singleton bean 'org.springframework.boot.autoconfigure.condition.BeanTypeRegistry'
14:03:36.321 [main] DEBUG org.springframework.beans.factory.support.DefaultListableBeanFactory - Returning cached instance of singleton bean 'org.springframework.boot.autoconfigure.condition.BeanTypeRegistry'
14:03:36.321 [main] DEBUG org.springframework.beans.factory.support.DefaultListableBeanFactory - Returning cached instance of singleton bean 'autoConfigurationReport'
14:03:36.321 [main] DEBUG org.springframework.context.annotation.ConfigurationClassBeanDefinitionReader - Registering bean definition for @Bean method org.springframework.boot.autoconfigure.jdbc.JdbcTemplateAutoConfiguration$NamedParameterJdbcTemplateConfiguration.namedParameterJdbcTemplate()
14:03:36.322 [main] DEBUG org.springframework.context.annotation.ConfigurationClassBeanDefinitionReader - Registered bean definition for imported class 'org.springframework.boot.autoconfigure.jdbc.JdbcTemplateAutoConfiguration'
14:03:36.322 [main] DEBUG org.springframework.context.annotation.ConfigurationClassBeanDefinitionReader - Registered bean definition for imported class 'org.springframework.boot.autoconfigure.security.reactive.ReactiveSecurityAutoConfiguration'
14:03:36.323 [main] DEBUG org.springframework.beans.factory.support.DefaultListableBeanFactory - Returning cached instance of singleton bean 'autoConfigurationReport'
14:03:36.323 [main] DEBUG org.springframework.beans.factory.support.DefaultListableBeanFactory - Returning cached instance of singleton bean 'autoConfigurationReport'
14:03:36.323 [main] DEBUG org.springframework.context.annotation.ConfigurationClassBeanDefinitionReader - Registered bean definition for imported class 'org.springframework.boot.autoconfigure.thymeleaf.ThymeleafAutoConfiguration$ThymeleafJava8TimeDialect'
14:03:36.323 [main] DEBUG org.springframework.beans.factory.support.DefaultListableBeanFactory - Returning cached instance of singleton bean 'org.springframework.boot.autoconfigure.condition.BeanTypeRegistry'
14:03:36.324 [main] DEBUG org.springframework.beans.factory.support.DefaultListableBeanFactory - Returning cached instance of singleton bean 'autoConfigurationReport'
14:03:36.324 [main] DEBUG org.springframework.context.annotation.ConfigurationClassBeanDefinitionReader - Registering bean definition for @Bean method org.springframework.boot.autoconfigure.thymeleaf.ThymeleafAutoConfiguration$ThymeleafJava8TimeDialect.java8TimeDialect()
14:03:36.324 [main] DEBUG org.springframework.context.annotation.ConfigurationClassBeanDefinitionReader - Registered bean definition for imported class 'org.springframework.boot.autoconfigure.thymeleaf.ThymeleafAutoConfiguration$ThymeleafDefaultConfiguration'
14:03:36.326 [main] DEBUG org.springframework.beans.factory.support.DefaultListableBeanFactory - Returning cached instance of singleton bean 'org.springframework.boot.autoconfigure.condition.BeanTypeRegistry'
14:03:36.326 [main] DEBUG org.springframework.beans.factory.support.DefaultListableBeanFactory - Returning cached instance of singleton bean 'autoConfigurationReport'
14:03:36.326 [main] DEBUG org.springframework.context.annotation.ConfigurationClassBeanDefinitionReader - Registering bean definition for @Bean method org.springframework.boot.autoconfigure.thymeleaf.ThymeleafAutoConfiguration$ThymeleafDefaultConfiguration.templateEngine()
14:03:36.326 [main] DEBUG org.springframework.beans.factory.support.DefaultListableBeanFactory - Returning cached instance of singleton bean 'autoConfigurationReport'
14:03:36.326 [main] DEBUG org.springframework.context.annotation.ConfigurationClassBeanDefinitionReader - Registered bean definition for imported class 'org.springframework.boot.autoconfigure.thymeleaf.ThymeleafAutoConfiguration$DefaultTemplateResolverConfiguration'
14:03:36.326 [main] DEBUG org.springframework.context.annotation.ConfigurationClassBeanDefinitionReader - Registering bean definition for @Bean method org.springframework.boot.autoconfigure.thymeleaf.ThymeleafAutoConfiguration$DefaultTemplateResolverConfiguration.defaultTemplateResolver()
14:03:36.327 [main] DEBUG org.springframework.context.annotation.ConfigurationClassBeanDefinitionReader - Registered bean definition for imported class 'org.springframework.boot.autoconfigure.thymeleaf.ThymeleafAutoConfiguration'
14:03:36.327 [main] DEBUG org.springframework.beans.factory.support.DefaultListableBeanFactory - Returning cached instance of singleton bean 'autoConfigurationReport'
14:03:36.328 [main] DEBUG org.springframework.beans.factory.support.DefaultListableBeanFactory - Returning cached instance of singleton bean 'org.springframework.boot.autoconfigure.condition.BeanTypeRegistry'
14:03:36.329 [main] DEBUG org.springframework.beans.factory.support.DefaultListableBeanFactory - Returning cached instance of singleton bean 'autoConfigurationReport'
14:03:36.330 [main] DEBUG org.springframework.context.annotation.ConfigurationClassBeanDefinitionReader - Registered bean definition for imported class 'org.springframework.boot.autoconfigure.jdbc.DataSourceTransactionManagerAutoConfiguration$DataSourceTransactionManagerConfiguration'
14:03:36.330 [main] DEBUG org.springframework.beans.factory.support.DefaultListableBeanFactory - Returning cached instance of singleton bean 'org.springframework.boot.autoconfigure.condition.BeanTypeRegistry'
14:03:36.330 [main] DEBUG org.springframework.beans.factory.support.DefaultListableBeanFactory - Returning cached instance of singleton bean 'autoConfigurationReport'
14:03:36.330 [main] DEBUG org.springframework.context.annotation.ConfigurationClassBeanDefinitionReader - Registered bean definition for imported class 'org.springframework.boot.autoconfigure.jdbc.DataSourceTransactionManagerAutoConfiguration'
14:03:36.331 [main] DEBUG org.springframework.beans.factory.support.DefaultListableBeanFactory - Returning cached instance of singleton bean 'autoConfigurationReport'
14:03:36.331 [main] DEBUG org.springframework.beans.factory.support.DefaultListableBeanFactory - Returning cached instance of singleton bean 'org.springframework.boot.autoconfigure.condition.BeanTypeRegistry'
14:03:36.331 [main] DEBUG org.springframework.beans.factory.support.DefaultListableBeanFactory - Returning cached instance of singleton bean 'org.springframework.boot.autoconfigure.condition.BeanTypeRegistry'
14:03:36.331 [main] DEBUG org.springframework.beans.factory.support.DefaultListableBeanFactory - Returning cached instance of singleton bean 'autoConfigurationReport'
14:03:36.331 [main] DEBUG org.springframework.beans.factory.support.DefaultListableBeanFactory - Returning cached instance of singleton bean 'org.springframework.boot.autoconfigure.condition.BeanTypeRegistry'
14:03:36.331 [main] DEBUG org.springframework.beans.factory.support.DefaultListableBeanFactory - Returning cached instance of singleton bean 'org.springframework.boot.autoconfigure.condition.BeanTypeRegistry'
14:03:36.331 [main] DEBUG org.springframework.beans.factory.support.DefaultListableBeanFactory - Returning cached instance of singleton bean 'autoConfigurationReport'
14:03:36.331 [main] DEBUG org.springframework.beans.factory.support.DefaultListableBeanFactory - Returning cached instance of singleton bean 'autoConfigurationReport'
14:03:36.331 [main] DEBUG org.springframework.context.annotation.ConfigurationClassBeanDefinitionReader - Registered bean definition for imported class 'org.springframework.transaction.annotation.ProxyTransactionManagementConfiguration'
14:03:36.332 [main] DEBUG org.springframework.context.annotation.ConfigurationClassBeanDefinitionReader - Registering bean definition for @Bean method org.springframework.transaction.annotation.ProxyTransactionManagementConfiguration.org.springframework.transaction.config.internalTransactionAdvisor()
14:03:36.332 [main] DEBUG org.springframework.context.annotation.ConfigurationClassBeanDefinitionReader - Registering bean definition for @Bean method org.springframework.transaction.annotation.ProxyTransactionManagementConfiguration.transactionAttributeSource()
14:03:36.332 [main] DEBUG org.springframework.context.annotation.ConfigurationClassBeanDefinitionReader - Registering bean definition for @Bean method org.springframework.transaction.annotation.ProxyTransactionManagementConfiguration.transactionInterceptor()
14:03:36.332 [main] DEBUG org.springframework.context.annotation.ConfigurationClassBeanDefinitionReader - Registering bean definition for @Bean method org.springframework.transaction.annotation.ProxyTransactionManagementConfiguration.org.springframework.transaction.config.internalTransactionalEventListenerFactory()
14:03:36.332 [main] DEBUG org.springframework.context.annotation.ConfigurationClassBeanDefinitionReader - Registered bean definition for imported class 'org.springframework.boot.autoconfigure.transaction.TransactionAutoConfiguration$EnableTransactionManagementConfiguration$CglibAutoProxyConfiguration'
14:03:36.332 [main] DEBUG org.springframework.context.annotation.ConfigurationClassBeanDefinitionReader - Registered bean definition for imported class 'org.springframework.boot.autoconfigure.transaction.TransactionAutoConfiguration$EnableTransactionManagementConfiguration'
14:03:36.332 [main] DEBUG org.springframework.beans.factory.support.DefaultListableBeanFactory - Returning cached instance of singleton bean 'org.springframework.boot.autoconfigure.condition.BeanTypeRegistry'
14:03:36.335 [main] DEBUG org.springframework.beans.factory.support.DefaultListableBeanFactory - Returning cached instance of singleton bean 'autoConfigurationReport'
14:03:36.335 [main] DEBUG org.springframework.context.annotation.ConfigurationClassBeanDefinitionReader - Registered bean definition for imported class 'org.springframework.boot.autoconfigure.transaction.TransactionAutoConfiguration$TransactionTemplateConfiguration'
14:03:36.335 [main] DEBUG org.springframework.beans.factory.support.DefaultListableBeanFactory - Returning cached instance of singleton bean 'org.springframework.boot.autoconfigure.condition.BeanTypeRegistry'
14:03:36.335 [main] DEBUG org.springframework.beans.factory.support.DefaultListableBeanFactory - Returning cached instance of singleton bean 'autoConfigurationReport'
14:03:36.336 [main] DEBUG org.springframework.context.annotation.ConfigurationClassBeanDefinitionReader - Registering bean definition for @Bean method org.springframework.boot.autoconfigure.transaction.TransactionAutoConfiguration$TransactionTemplateConfiguration.transactionTemplate()
14:03:36.336 [main] DEBUG org.springframework.context.annotation.ConfigurationClassBeanDefinitionReader - Registered bean definition for imported class 'org.springframework.boot.autoconfigure.transaction.TransactionAutoConfiguration'
14:03:36.337 [main] DEBUG org.springframework.beans.factory.support.DefaultListableBeanFactory - Returning cached instance of singleton bean 'org.springframework.boot.autoconfigure.condition.BeanTypeRegistry'
14:03:36.337 [main] DEBUG org.springframework.beans.factory.support.DefaultListableBeanFactory - Returning cached instance of singleton bean 'autoConfigurationReport'
14:03:36.337 [main] DEBUG org.springframework.context.annotation.ConfigurationClassBeanDefinitionReader - Registering bean definition for @Bean method org.springframework.boot.autoconfigure.transaction.TransactionAutoConfiguration.platformTransactionManagerCustomizers()
14:03:36.337 [main] DEBUG org.springframework.beans.factory.support.DefaultListableBeanFactory - Returning cached instance of singleton bean 'autoConfigurationReport'
14:03:36.337 [main] DEBUG org.springframework.context.annotation.ConfigurationClassBeanDefinitionReader - Registered bean definition for imported class 'org.springframework.boot.autoconfigure.web.client.RestTemplateAutoConfiguration'
14:03:36.338 [main] DEBUG org.springframework.beans.factory.support.DefaultListableBeanFactory - Returning cached instance of singleton bean 'org.springframework.boot.autoconfigure.condition.BeanTypeRegistry'
14:03:36.338 [main] DEBUG org.springframework.beans.factory.support.DefaultListableBeanFactory - Returning cached instance of singleton bean 'autoConfigurationReport'
14:03:36.338 [main] DEBUG org.springframework.context.annotation.ConfigurationClassBeanDefinitionReader - Registering bean definition for @Bean method org.springframework.boot.autoconfigure.web.client.RestTemplateAutoConfiguration.restTemplateBuilder()
14:03:36.338 [main] DEBUG org.springframework.beans.factory.support.DefaultListableBeanFactory - Returning cached instance of singleton bean 'autoConfigurationReport'
14:03:36.339 [main] DEBUG org.springframework.context.annotation.ConfigurationClassBeanDefinitionReader - Registered bean definition for imported class 'org.springframework.boot.autoconfigure.web.embedded.EmbeddedWebServerFactoryCustomizerAutoConfiguration$TomcatWebServerFactoryCustomizerConfiguration'
14:03:36.339 [main] DEBUG org.springframework.context.annotation.ConfigurationClassBeanDefinitionReader - Registering bean definition for @Bean method org.springframework.boot.autoconfigure.web.embedded.EmbeddedWebServerFactoryCustomizerAutoConfiguration$TomcatWebServerFactoryCustomizerConfiguration.tomcatWebServerFactoryCustomizer()
14:03:36.339 [main] DEBUG org.springframework.context.annotation.ConfigurationClassBeanDefinitionReader - Registered bean definition for imported class 'org.springframework.boot.autoconfigure.web.embedded.EmbeddedWebServerFactoryCustomizerAutoConfiguration'
14:03:36.402 [main] DEBUG org.springframework.context.annotation.ConfigurationClassEnhancer - Successfully enhanced com.bk.hotel.HotelApplication; enhanced class name is: com.bk.hotel.HotelApplication$$EnhancerBySpringCGLIB$$b36251bb
14:03:36.402 [main] DEBUG org.springframework.context.annotation.ConfigurationClassPostProcessor - Replacing bean definition 'hotelApplication' existing class 'com.bk.hotel.HotelApplication' with enhanced class 'com.bk.hotel.HotelApplication$$EnhancerBySpringCGLIB$$b36251bb'
14:03:36.404 [main] DEBUG org.springframework.context.annotation.ConfigurationClassEnhancer - Successfully enhanced org.springframework.boot.autoconfigure.context.PropertyPlaceholderAutoConfiguration; enhanced class name is: org.springframework.boot.autoconfigure.context.PropertyPlaceholderAutoConfiguration$$EnhancerBySpringCGLIB$$c5e64fa1
14:03:36.404 [main] DEBUG org.springframework.context.annotation.ConfigurationClassPostProcessor - Replacing bean definition 'org.springframework.boot.autoconfigure.context.PropertyPlaceholderAutoConfiguration' existing class 'org.springframework.boot.autoconfigure.context.PropertyPlaceholderAutoConfiguration' with enhanced class 'org.springframework.boot.autoconfigure.context.PropertyPlaceholderAutoConfiguration$$EnhancerBySpringCGLIB$$c5e64fa1'
14:03:36.405 [main] DEBUG org.springframework.context.annotation.ConfigurationClassEnhancer - Successfully enhanced org.springframework.boot.autoconfigure.validation.ValidationAutoConfiguration; enhanced class name is: org.springframework.boot.autoconfigure.validation.ValidationAutoConfiguration$$EnhancerBySpringCGLIB$$362f6df2
14:03:36.405 [main] DEBUG org.springframework.context.annotation.ConfigurationClassPostProcessor - Replacing bean definition 'org.springframework.boot.autoconfigure.validation.ValidationAutoConfiguration' existing class 'org.springframework.boot.autoconfigure.validation.ValidationAutoConfiguration' with enhanced class 'org.springframework.boot.autoconfigure.validation.ValidationAutoConfiguration$$EnhancerBySpringCGLIB$$362f6df2'
14:03:36.409 [main] DEBUG org.springframework.context.annotation.ConfigurationClassEnhancer - Successfully enhanced org.springframework.boot.autoconfigure.jmx.JmxAutoConfiguration; enhanced class name is: org.springframework.boot.autoconfigure.jmx.JmxAutoConfiguration$$EnhancerBySpringCGLIB$$449b4c84
14:03:36.410 [main] DEBUG org.springframework.context.annotation.ConfigurationClassPostProcessor - Replacing bean definition 'org.springframework.boot.autoconfigure.jmx.JmxAutoConfiguration' existing class 'org.springframework.boot.autoconfigure.jmx.JmxAutoConfiguration' with enhanced class 'org.springframework.boot.autoconfigure.jmx.JmxAutoConfiguration$$EnhancerBySpringCGLIB$$449b4c84'
14:03:36.412 [main] DEBUG org.springframework.context.annotation.ConfigurationClassEnhancer - Successfully enhanced org.springframework.boot.autoconfigure.aop.AopAutoConfiguration$CglibAutoProxyConfiguration; enhanced class name is: org.springframework.boot.autoconfigure.aop.AopAutoConfiguration$CglibAutoProxyConfiguration$$EnhancerBySpringCGLIB$$14c5c9e
14:03:36.412 [main] DEBUG org.springframework.context.annotation.ConfigurationClassPostProcessor - Replacing bean definition 'org.springframework.boot.autoconfigure.aop.AopAutoConfiguration$CglibAutoProxyConfiguration' existing class 'org.springframework.boot.autoconfigure.aop.AopAutoConfiguration$CglibAutoProxyConfiguration' with enhanced class 'org.springframework.boot.autoconfigure.aop.AopAutoConfiguration$CglibAutoProxyConfiguration$$EnhancerBySpringCGLIB$$14c5c9e'
14:03:36.414 [main] DEBUG org.springframework.context.annotation.ConfigurationClassEnhancer - Successfully enhanced org.springframework.boot.autoconfigure.aop.AopAutoConfiguration; enhanced class name is: org.springframework.boot.autoconfigure.aop.AopAutoConfiguration$$EnhancerBySpringCGLIB$$10865c2a
14:03:36.414 [main] DEBUG org.springframework.context.annotation.ConfigurationClassPostProcessor - Replacing bean definition 'org.springframework.boot.autoconfigure.aop.AopAutoConfiguration' existing class 'org.springframework.boot.autoconfigure.aop.AopAutoConfiguration' with enhanced class 'org.springframework.boot.autoconfigure.aop.AopAutoConfiguration$$EnhancerBySpringCGLIB$$10865c2a'
14:03:36.415 [main] DEBUG org.springframework.context.annotation.ConfigurationClassEnhancer - Successfully enhanced org.springframework.boot.autoconfigure.context.ConfigurationPropertiesAutoConfiguration; enhanced class name is: org.springframework.boot.autoconfigure.context.ConfigurationPropertiesAutoConfiguration$$EnhancerBySpringCGLIB$$b4b968b6
14:03:36.415 [main] DEBUG org.springframework.context.annotation.ConfigurationClassPostProcessor - Replacing bean definition 'org.springframework.boot.autoconfigure.context.ConfigurationPropertiesAutoConfiguration' existing class 'org.springframework.boot.autoconfigure.context.ConfigurationPropertiesAutoConfiguration' with enhanced class 'org.springframework.boot.autoconfigure.context.ConfigurationPropertiesAutoConfiguration$$EnhancerBySpringCGLIB$$b4b968b6'
14:03:36.418 [main] DEBUG org.springframework.context.annotation.ConfigurationClassEnhancer - Successfully enhanced org.springframework.boot.autoconfigure.jdbc.DataSourceJmxConfiguration$Hikari; enhanced class name is: org.springframework.boot.autoconfigure.jdbc.DataSourceJmxConfiguration$Hikari$$EnhancerBySpringCGLIB$$aed43ed2
14:03:36.418 [main] DEBUG org.springframework.context.annotation.ConfigurationClassPostProcessor - Replacing bean definition 'org.springframework.boot.autoconfigure.jdbc.DataSourceJmxConfiguration$Hikari' existing class 'org.springframework.boot.autoconfigure.jdbc.DataSourceJmxConfiguration$Hikari' with enhanced class 'org.springframework.boot.autoconfigure.jdbc.DataSourceJmxConfiguration$Hikari$$EnhancerBySpringCGLIB$$aed43ed2'
14:03:36.420 [main] DEBUG org.springframework.context.annotation.ConfigurationClassEnhancer - Successfully enhanced org.springframework.boot.autoconfigure.jdbc.DataSourceJmxConfiguration; enhanced class name is: org.springframework.boot.autoconfigure.jdbc.DataSourceJmxConfiguration$$EnhancerBySpringCGLIB$$948f4a3a
14:03:36.420 [main] DEBUG org.springframework.context.annotation.ConfigurationClassPostProcessor - Replacing bean definition 'org.springframework.boot.autoconfigure.jdbc.DataSourceJmxConfiguration' existing class 'org.springframework.boot.autoconfigure.jdbc.DataSourceJmxConfiguration' with enhanced class 'org.springframework.boot.autoconfigure.jdbc.DataSourceJmxConfiguration$$EnhancerBySpringCGLIB$$948f4a3a'
14:03:36.422 [main] DEBUG org.springframework.context.annotation.ConfigurationClassEnhancer - Successfully enhanced org.springframework.boot.autoconfigure.jdbc.DataSourceAutoConfiguration$PooledDataSourceConfiguration; enhanced class name is: org.springframework.boot.autoconfigure.jdbc.DataSourceAutoConfiguration$PooledDataSourceConfiguration$$EnhancerBySpringCGLIB$$43d3ce5a
14:03:36.422 [main] DEBUG org.springframework.context.annotation.ConfigurationClassPostProcessor - Replacing bean definition 'org.springframework.boot.autoconfigure.jdbc.DataSourceAutoConfiguration$PooledDataSourceConfiguration' existing class 'org.springframework.boot.autoconfigure.jdbc.DataSourceAutoConfiguration$PooledDataSourceConfiguration' with enhanced class 'org.springframework.boot.autoconfigure.jdbc.DataSourceAutoConfiguration$PooledDataSourceConfiguration$$EnhancerBySpringCGLIB$$43d3ce5a'
14:03:36.424 [main] DEBUG org.springframework.context.annotation.ConfigurationClassEnhancer - Successfully enhanced org.springframework.boot.autoconfigure.jdbc.metadata.DataSourcePoolMetadataProvidersConfiguration$HikariPoolDataSourceMetadataProviderConfiguration; enhanced class name is: org.springframework.boot.autoconfigure.jdbc.metadata.DataSourcePoolMetadataProvidersConfiguration$HikariPoolDataSourceMetadataProviderConfiguration$$EnhancerBySpringCGLIB$$2587054c
14:03:36.425 [main] DEBUG org.springframework.context.annotation.ConfigurationClassPostProcessor - Replacing bean definition 'org.springframework.boot.autoconfigure.jdbc.metadata.DataSourcePoolMetadataProvidersConfiguration$HikariPoolDataSourceMetadataProviderConfiguration' existing class 'org.springframework.boot.autoconfigure.jdbc.metadata.DataSourcePoolMetadataProvidersConfiguration$HikariPoolDataSourceMetadataProviderConfiguration' with enhanced class 'org.springframework.boot.autoconfigure.jdbc.metadata.DataSourcePoolMetadataProvidersConfiguration$HikariPoolDataSourceMetadataProviderConfiguration$$EnhancerBySpringCGLIB$$2587054c'
14:03:36.426 [main] DEBUG org.springframework.context.annotation.ConfigurationClassEnhancer - Successfully enhanced org.springframework.boot.autoconfigure.jdbc.metadata.DataSourcePoolMetadataProvidersConfiguration; enhanced class name is: org.springframework.boot.autoconfigure.jdbc.metadata.DataSourcePoolMetadataProvidersConfiguration$$EnhancerBySpringCGLIB$$a220c5a9
14:03:36.427 [main] DEBUG org.springframework.context.annotation.ConfigurationClassPostProcessor - Replacing bean definition 'org.springframework.boot.autoconfigure.jdbc.metadata.DataSourcePoolMetadataProvidersConfiguration' existing class 'org.springframework.boot.autoconfigure.jdbc.metadata.DataSourcePoolMetadataProvidersConfiguration' with enhanced class 'org.springframework.boot.autoconfigure.jdbc.metadata.DataSourcePoolMetadataProvidersConfiguration$$EnhancerBySpringCGLIB$$a220c5a9'
14:03:36.428 [main] DEBUG org.springframework.context.annotation.ConfigurationClassEnhancer - Successfully enhanced org.springframework.boot.autoconfigure.jdbc.DataSourceInitializationConfiguration; enhanced class name is: org.springframework.boot.autoconfigure.jdbc.DataSourceInitializationConfiguration$$EnhancerBySpringCGLIB$$6095cf57
14:03:36.428 [main] DEBUG org.springframework.context.annotation.ConfigurationClassPostProcessor - Replacing bean definition 'org.springframework.boot.autoconfigure.jdbc.DataSourceInitializationConfiguration' existing class 'org.springframework.boot.autoconfigure.jdbc.DataSourceInitializationConfiguration' with enhanced class 'org.springframework.boot.autoconfigure.jdbc.DataSourceInitializationConfiguration$$EnhancerBySpringCGLIB$$6095cf57'
14:03:36.430 [main] DEBUG org.springframework.context.annotation.ConfigurationClassEnhancer - Successfully enhanced org.springframework.boot.autoconfigure.jdbc.DataSourceAutoConfiguration; enhanced class name is: org.springframework.boot.autoconfigure.jdbc.DataSourceAutoConfiguration$$EnhancerBySpringCGLIB$$a72380c8
14:03:36.430 [main] DEBUG org.springframework.context.annotation.ConfigurationClassPostProcessor - Replacing bean definition 'org.springframework.boot.autoconfigure.jdbc.DataSourceAutoConfiguration' existing class 'org.springframework.boot.autoconfigure.jdbc.DataSourceAutoConfiguration' with enhanced class 'org.springframework.boot.autoconfigure.jdbc.DataSourceAutoConfiguration$$EnhancerBySpringCGLIB$$a72380c8'
14:03:36.433 [main] DEBUG org.springframework.context.annotation.ConfigurationClassEnhancer - Successfully enhanced org.springframework.boot.autoconfigure.orm.jpa.HibernateJpaConfiguration; enhanced class name is: org.springframework.boot.autoconfigure.orm.jpa.HibernateJpaConfiguration$$EnhancerBySpringCGLIB$$e4069fd7
14:03:36.433 [main] DEBUG org.springframework.context.annotation.ConfigurationClassPostProcessor - Replacing bean definition 'org.springframework.boot.autoconfigure.orm.jpa.HibernateJpaConfiguration' existing class 'org.springframework.boot.autoconfigure.orm.jpa.HibernateJpaConfiguration' with enhanced class 'org.springframework.boot.autoconfigure.orm.jpa.HibernateJpaConfiguration$$EnhancerBySpringCGLIB$$e4069fd7'
14:03:36.435 [main] DEBUG org.springframework.context.annotation.ConfigurationClassEnhancer - Successfully enhanced org.springframework.boot.autoconfigure.orm.jpa.HibernateJpaAutoConfiguration; enhanced class name is: org.springframework.boot.autoconfigure.orm.jpa.HibernateJpaAutoConfiguration$$EnhancerBySpringCGLIB$$2eb64188
14:03:36.435 [main] DEBUG org.springframework.context.annotation.ConfigurationClassPostProcessor - Replacing bean definition 'org.springframework.boot.autoconfigure.orm.jpa.HibernateJpaAutoConfiguration' existing class 'org.springframework.boot.autoconfigure.orm.jpa.HibernateJpaAutoConfiguration' with enhanced class 'org.springframework.boot.autoconfigure.orm.jpa.HibernateJpaAutoConfiguration$$EnhancerBySpringCGLIB$$2eb64188'
14:03:36.436 [main] DEBUG org.springframework.context.annotation.ConfigurationClassEnhancer - Successfully enhanced org.springframework.boot.autoconfigure.data.jpa.JpaRepositoriesAutoConfiguration; enhanced class name is: org.springframework.boot.autoconfigure.data.jpa.JpaRepositoriesAutoConfiguration$$EnhancerBySpringCGLIB$$750acb1c
14:03:36.436 [main] DEBUG org.springframework.context.annotation.ConfigurationClassPostProcessor - Replacing bean definition 'org.springframework.boot.autoconfigure.data.jpa.JpaRepositoriesAutoConfiguration' existing class 'org.springframework.boot.autoconfigure.data.jpa.JpaRepositoriesAutoConfiguration' with enhanced class 'org.springframework.boot.autoconfigure.data.jpa.JpaRepositoriesAutoConfiguration$$EnhancerBySpringCGLIB$$750acb1c'
14:03:36.438 [main] DEBUG org.springframework.context.annotation.ConfigurationClassEnhancer - Successfully enhanced org.springframework.boot.autoconfigure.jackson.JacksonAutoConfiguration$Jackson2ObjectMapperBuilderCustomizerConfiguration; enhanced class name is: org.springframework.boot.autoconfigure.jackson.JacksonAutoConfiguration$Jackson2ObjectMapperBuilderCustomizerConfiguration$$EnhancerBySpringCGLIB$$8e270501
14:03:36.438 [main] DEBUG org.springframework.context.annotation.ConfigurationClassPostProcessor - Replacing bean definition 'org.springframework.boot.autoconfigure.jackson.JacksonAutoConfiguration$Jackson2ObjectMapperBuilderCustomizerConfiguration' existing class 'org.springframework.boot.autoconfigure.jackson.JacksonAutoConfiguration$Jackson2ObjectMapperBuilderCustomizerConfiguration' with enhanced class 'org.springframework.boot.autoconfigure.jackson.JacksonAutoConfiguration$Jackson2ObjectMapperBuilderCustomizerConfiguration$$EnhancerBySpringCGLIB$$8e270501'
14:03:36.439 [main] DEBUG org.springframework.context.annotation.ConfigurationClassEnhancer - Successfully enhanced org.springframework.boot.autoconfigure.jackson.JacksonAutoConfiguration$JacksonObjectMapperBuilderConfiguration; enhanced class name is: org.springframework.boot.autoconfigure.jackson.JacksonAutoConfiguration$JacksonObjectMapperBuilderConfiguration$$EnhancerBySpringCGLIB$$d3101f12
14:03:36.439 [main] DEBUG org.springframework.context.annotation.ConfigurationClassPostProcessor - Replacing bean definition 'org.springframework.boot.autoconfigure.jackson.JacksonAutoConfiguration$JacksonObjectMapperBuilderConfiguration' existing class 'org.springframework.boot.autoconfigure.jackson.JacksonAutoConfiguration$JacksonObjectMapperBuilderConfiguration' with enhanced class 'org.springframework.boot.autoconfigure.jackson.JacksonAutoConfiguration$JacksonObjectMapperBuilderConfiguration$$EnhancerBySpringCGLIB$$d3101f12'
14:03:36.441 [main] DEBUG org.springframework.context.annotation.ConfigurationClassEnhancer - Successfully enhanced org.springframework.boot.autoconfigure.jackson.JacksonAutoConfiguration$ParameterNamesModuleConfiguration; enhanced class name is: org.springframework.boot.autoconfigure.jackson.JacksonAutoConfiguration$ParameterNamesModuleConfiguration$$EnhancerBySpringCGLIB$$b4f27c2f
14:03:36.441 [main] DEBUG org.springframework.context.annotation.ConfigurationClassPostProcessor - Replacing bean definition 'org.springframework.boot.autoconfigure.jackson.JacksonAutoConfiguration$ParameterNamesModuleConfiguration' existing class 'org.springframework.boot.autoconfigure.jackson.JacksonAutoConfiguration$ParameterNamesModuleConfiguration' with enhanced class 'org.springframework.boot.autoconfigure.jackson.JacksonAutoConfiguration$ParameterNamesModuleConfiguration$$EnhancerBySpringCGLIB$$b4f27c2f'
14:03:36.443 [main] DEBUG org.springframework.context.annotation.ConfigurationClassEnhancer - Successfully enhanced org.springframework.boot.autoconfigure.jackson.JacksonAutoConfiguration$JacksonObjectMapperConfiguration; enhanced class name is: org.springframework.boot.autoconfigure.jackson.JacksonAutoConfiguration$JacksonObjectMapperConfiguration$$EnhancerBySpringCGLIB$$20c35cf9
14:03:36.443 [main] DEBUG org.springframework.context.annotation.ConfigurationClassPostProcessor - Replacing bean definition 'org.springframework.boot.autoconfigure.jackson.JacksonAutoConfiguration$JacksonObjectMapperConfiguration' existing class 'org.springframework.boot.autoconfigure.jackson.JacksonAutoConfiguration$JacksonObjectMapperConfiguration' with enhanced class 'org.springframework.boot.autoconfigure.jackson.JacksonAutoConfiguration$JacksonObjectMapperConfiguration$$EnhancerBySpringCGLIB$$20c35cf9'
14:03:36.446 [main] DEBUG org.springframework.context.annotation.ConfigurationClassEnhancer - Successfully enhanced org.springframework.boot.autoconfigure.jackson.JacksonAutoConfiguration; enhanced class name is: org.springframework.boot.autoconfigure.jackson.JacksonAutoConfiguration$$EnhancerBySpringCGLIB$$2cefa88
14:03:36.446 [main] DEBUG org.springframework.context.annotation.ConfigurationClassPostProcessor - Replacing bean definition 'org.springframework.boot.autoconfigure.jackson.JacksonAutoConfiguration' existing class 'org.springframework.boot.autoconfigure.jackson.JacksonAutoConfiguration' with enhanced class 'org.springframework.boot.autoconfigure.jackson.JacksonAutoConfiguration$$EnhancerBySpringCGLIB$$2cefa88'
14:03:36.447 [main] DEBUG org.springframework.context.annotation.ConfigurationClassEnhancer - Successfully enhanced org.springframework.boot.autoconfigure.http.HttpMessageConvertersAutoConfiguration$StringHttpMessageConverterConfiguration; enhanced class name is: org.springframework.boot.autoconfigure.http.HttpMessageConvertersAutoConfiguration$StringHttpMessageConverterConfiguration$$EnhancerBySpringCGLIB$$12716f9c
14:03:36.447 [main] DEBUG org.springframework.context.annotation.ConfigurationClassPostProcessor - Replacing bean definition 'org.springframework.boot.autoconfigure.http.HttpMessageConvertersAutoConfiguration$StringHttpMessageConverterConfiguration' existing class 'org.springframework.boot.autoconfigure.http.HttpMessageConvertersAutoConfiguration$StringHttpMessageConverterConfiguration' with enhanced class 'org.springframework.boot.autoconfigure.http.HttpMessageConvertersAutoConfiguration$StringHttpMessageConverterConfiguration$$EnhancerBySpringCGLIB$$12716f9c'
14:03:36.449 [main] DEBUG org.springframework.context.annotation.ConfigurationClassEnhancer - Successfully enhanced org.springframework.boot.autoconfigure.http.JacksonHttpMessageConvertersConfiguration$MappingJackson2HttpMessageConverterConfiguration; enhanced class name is: org.springframework.boot.autoconfigure.http.JacksonHttpMessageConvertersConfiguration$MappingJackson2HttpMessageConverterConfiguration$$EnhancerBySpringCGLIB$$4c476b9c
14:03:36.449 [main] DEBUG org.springframework.context.annotation.ConfigurationClassPostProcessor - Replacing bean definition 'org.springframework.boot.autoconfigure.http.JacksonHttpMessageConvertersConfiguration$MappingJackson2HttpMessageConverterConfiguration' existing class 'org.springframework.boot.autoconfigure.http.JacksonHttpMessageConvertersConfiguration$MappingJackson2HttpMessageConverterConfiguration' with enhanced class 'org.springframework.boot.autoconfigure.http.JacksonHttpMessageConvertersConfiguration$MappingJackson2HttpMessageConverterConfiguration$$EnhancerBySpringCGLIB$$4c476b9c'
14:03:36.451 [main] DEBUG org.springframework.context.annotation.ConfigurationClassEnhancer - Successfully enhanced org.springframework.boot.autoconfigure.http.JacksonHttpMessageConvertersConfiguration; enhanced class name is: org.springframework.boot.autoconfigure.http.JacksonHttpMessageConvertersConfiguration$$EnhancerBySpringCGLIB$$42ba9f2a
14:03:36.451 [main] DEBUG org.springframework.context.annotation.ConfigurationClassPostProcessor - Replacing bean definition 'org.springframework.boot.autoconfigure.http.JacksonHttpMessageConvertersConfiguration' existing class 'org.springframework.boot.autoconfigure.http.JacksonHttpMessageConvertersConfiguration' with enhanced class 'org.springframework.boot.autoconfigure.http.JacksonHttpMessageConvertersConfiguration$$EnhancerBySpringCGLIB$$42ba9f2a'
14:03:36.453 [main] DEBUG org.springframework.context.annotation.ConfigurationClassEnhancer - Successfully enhanced org.springframework.boot.autoconfigure.http.HttpMessageConvertersAutoConfiguration; enhanced class name is: org.springframework.boot.autoconfigure.http.HttpMessageConvertersAutoConfiguration$$EnhancerBySpringCGLIB$$df63a8fc
14:03:36.453 [main] DEBUG org.springframework.context.annotation.ConfigurationClassPostProcessor - Replacing bean definition 'org.springframework.boot.autoconfigure.http.HttpMessageConvertersAutoConfiguration' existing class 'org.springframework.boot.autoconfigure.http.HttpMessageConvertersAutoConfiguration' with enhanced class 'org.springframework.boot.autoconfigure.http.HttpMessageConvertersAutoConfiguration$$EnhancerBySpringCGLIB$$df63a8fc'
14:03:36.456 [main] DEBUG org.springframework.context.annotation.ConfigurationClassEnhancer - Successfully enhanced org.springframework.boot.autoconfigure.http.codec.CodecsAutoConfiguration$JacksonCodecConfiguration; enhanced class name is: org.springframework.boot.autoconfigure.http.codec.CodecsAutoConfiguration$JacksonCodecConfiguration$$EnhancerBySpringCGLIB$$2d09f8b4
14:03:36.456 [main] DEBUG org.springframework.context.annotation.ConfigurationClassPostProcessor - Replacing bean definition 'org.springframework.boot.autoconfigure.http.codec.CodecsAutoConfiguration$JacksonCodecConfiguration' existing class 'org.springframework.boot.autoconfigure.http.codec.CodecsAutoConfiguration$JacksonCodecConfiguration' with enhanced class 'org.springframework.boot.autoconfigure.http.codec.CodecsAutoConfiguration$JacksonCodecConfiguration$$EnhancerBySpringCGLIB$$2d09f8b4'
14:03:36.458 [main] DEBUG org.springframework.context.annotation.ConfigurationClassEnhancer - Successfully enhanced org.springframework.boot.autoconfigure.http.codec.CodecsAutoConfiguration; enhanced class name is: org.springframework.boot.autoconfigure.http.codec.CodecsAutoConfiguration$$EnhancerBySpringCGLIB$$37d77065
14:03:36.458 [main] DEBUG org.springframework.context.annotation.ConfigurationClassPostProcessor - Replacing bean definition 'org.springframework.boot.autoconfigure.http.codec.CodecsAutoConfiguration' existing class 'org.springframework.boot.autoconfigure.http.codec.CodecsAutoConfiguration' with enhanced class 'org.springframework.boot.autoconfigure.http.codec.CodecsAutoConfiguration$$EnhancerBySpringCGLIB$$37d77065'
14:03:36.462 [main] DEBUG org.springframework.context.annotation.ConfigurationClassEnhancer - Successfully enhanced org.springframework.boot.autoconfigure.info.ProjectInfoAutoConfiguration; enhanced class name is: org.springframework.boot.autoconfigure.info.ProjectInfoAutoConfiguration$$EnhancerBySpringCGLIB$$129ea81
14:03:36.462 [main] DEBUG org.springframework.context.annotation.ConfigurationClassPostProcessor - Replacing bean definition 'org.springframework.boot.autoconfigure.info.ProjectInfoAutoConfiguration' existing class 'org.springframework.boot.autoconfigure.info.ProjectInfoAutoConfiguration' with enhanced class 'org.springframework.boot.autoconfigure.info.ProjectInfoAutoConfiguration$$EnhancerBySpringCGLIB$$129ea81'
14:03:36.464 [main] DEBUG org.springframework.context.annotation.ConfigurationClassEnhancer - Successfully enhanced org.springframework.boot.autoconfigure.jdbc.JdbcTemplateAutoConfiguration$JdbcTemplateConfiguration; enhanced class name is: org.springframework.boot.autoconfigure.jdbc.JdbcTemplateAutoConfiguration$JdbcTemplateConfiguration$$EnhancerBySpringCGLIB$$ddbb0bd5
14:03:36.465 [main] DEBUG org.springframework.context.annotation.ConfigurationClassPostProcessor - Replacing bean definition 'org.springframework.boot.autoconfigure.jdbc.JdbcTemplateAutoConfiguration$JdbcTemplateConfiguration' existing class 'org.springframework.boot.autoconfigure.jdbc.JdbcTemplateAutoConfiguration$JdbcTemplateConfiguration' with enhanced class 'org.springframework.boot.autoconfigure.jdbc.JdbcTemplateAutoConfiguration$JdbcTemplateConfiguration$$EnhancerBySpringCGLIB$$ddbb0bd5'
14:03:36.467 [main] DEBUG org.springframework.context.annotation.ConfigurationClassEnhancer - Successfully enhanced org.springframework.boot.autoconfigure.jdbc.JdbcTemplateAutoConfiguration$NamedParameterJdbcTemplateConfiguration; enhanced class name is: org.springframework.boot.autoconfigure.jdbc.JdbcTemplateAutoConfiguration$NamedParameterJdbcTemplateConfiguration$$EnhancerBySpringCGLIB$$cf9c0305
14:03:36.467 [main] DEBUG org.springframework.context.annotation.ConfigurationClassPostProcessor - Replacing bean definition 'org.springframework.boot.autoconfigure.jdbc.JdbcTemplateAutoConfiguration$NamedParameterJdbcTemplateConfiguration' existing class 'org.springframework.boot.autoconfigure.jdbc.JdbcTemplateAutoConfiguration$NamedParameterJdbcTemplateConfiguration' with enhanced class 'org.springframework.boot.autoconfigure.jdbc.JdbcTemplateAutoConfiguration$NamedParameterJdbcTemplateConfiguration$$EnhancerBySpringCGLIB$$cf9c0305'
14:03:36.468 [main] DEBUG org.springframework.context.annotation.ConfigurationClassEnhancer - Successfully enhanced org.springframework.boot.autoconfigure.jdbc.JdbcTemplateAutoConfiguration; enhanced class name is: org.springframework.boot.autoconfigure.jdbc.JdbcTemplateAutoConfiguration$$EnhancerBySpringCGLIB$$e5141258
14:03:36.468 [main] DEBUG org.springframework.context.annotation.ConfigurationClassPostProcessor - Replacing bean definition 'org.springframework.boot.autoconfigure.jdbc.JdbcTemplateAutoConfiguration' existing class 'org.springframework.boot.autoconfigure.jdbc.JdbcTemplateAutoConfiguration' with enhanced class 'org.springframework.boot.autoconfigure.jdbc.JdbcTemplateAutoConfiguration$$EnhancerBySpringCGLIB$$e5141258'
14:03:36.470 [main] DEBUG org.springframework.context.annotation.ConfigurationClassEnhancer - Successfully enhanced org.springframework.boot.autoconfigure.security.reactive.ReactiveSecurityAutoConfiguration; enhanced class name is: org.springframework.boot.autoconfigure.security.reactive.ReactiveSecurityAutoConfiguration$$EnhancerBySpringCGLIB$$278dbbe8
14:03:36.470 [main] DEBUG org.springframework.context.annotation.ConfigurationClassPostProcessor - Replacing bean definition 'org.springframework.boot.autoconfigure.security.reactive.ReactiveSecurityAutoConfiguration' existing class 'org.springframework.boot.autoconfigure.security.reactive.ReactiveSecurityAutoConfiguration' with enhanced class 'org.springframework.boot.autoconfigure.security.reactive.ReactiveSecurityAutoConfiguration$$EnhancerBySpringCGLIB$$278dbbe8'
14:03:36.471 [main] DEBUG org.springframework.context.annotation.ConfigurationClassEnhancer - Successfully enhanced org.springframework.boot.autoconfigure.thymeleaf.ThymeleafAutoConfiguration$ThymeleafJava8TimeDialect; enhanced class name is: org.springframework.boot.autoconfigure.thymeleaf.ThymeleafAutoConfiguration$ThymeleafJava8TimeDialect$$EnhancerBySpringCGLIB$$914546f2
14:03:36.471 [main] DEBUG org.springframework.context.annotation.ConfigurationClassPostProcessor - Replacing bean definition 'org.springframework.boot.autoconfigure.thymeleaf.ThymeleafAutoConfiguration$ThymeleafJava8TimeDialect' existing class 'org.springframework.boot.autoconfigure.thymeleaf.ThymeleafAutoConfiguration$ThymeleafJava8TimeDialect' with enhanced class 'org.springframework.boot.autoconfigure.thymeleaf.ThymeleafAutoConfiguration$ThymeleafJava8TimeDialect$$EnhancerBySpringCGLIB$$914546f2'
14:03:36.473 [main] DEBUG org.springframework.context.annotation.ConfigurationClassEnhancer - Successfully enhanced org.springframework.boot.autoconfigure.thymeleaf.ThymeleafAutoConfiguration$ThymeleafDefaultConfiguration; enhanced class name is: org.springframework.boot.autoconfigure.thymeleaf.ThymeleafAutoConfiguration$ThymeleafDefaultConfiguration$$EnhancerBySpringCGLIB$$83f82004
14:03:36.473 [main] DEBUG org.springframework.context.annotation.ConfigurationClassPostProcessor - Replacing bean definition 'org.springframework.boot.autoconfigure.thymeleaf.ThymeleafAutoConfiguration$ThymeleafDefaultConfiguration' existing class 'org.springframework.boot.autoconfigure.thymeleaf.ThymeleafAutoConfiguration$ThymeleafDefaultConfiguration' with enhanced class 'org.springframework.boot.autoconfigure.thymeleaf.ThymeleafAutoConfiguration$ThymeleafDefaultConfiguration$$EnhancerBySpringCGLIB$$83f82004'
14:03:36.475 [main] DEBUG org.springframework.context.annotation.ConfigurationClassEnhancer - Successfully enhanced org.springframework.boot.autoconfigure.thymeleaf.ThymeleafAutoConfiguration$DefaultTemplateResolverConfiguration; enhanced class name is: org.springframework.boot.autoconfigure.thymeleaf.ThymeleafAutoConfiguration$DefaultTemplateResolverConfiguration$$EnhancerBySpringCGLIB$$4228a55b
14:03:36.475 [main] DEBUG org.springframework.context.annotation.ConfigurationClassPostProcessor - Replacing bean definition 'org.springframework.boot.autoconfigure.thymeleaf.ThymeleafAutoConfiguration$DefaultTemplateResolverConfiguration' existing class 'org.springframework.boot.autoconfigure.thymeleaf.ThymeleafAutoConfiguration$DefaultTemplateResolverConfiguration' with enhanced class 'org.springframework.boot.autoconfigure.thymeleaf.ThymeleafAutoConfiguration$DefaultTemplateResolverConfiguration$$EnhancerBySpringCGLIB$$4228a55b'
14:03:36.479 [main] DEBUG org.springframework.context.annotation.ConfigurationClassEnhancer - Successfully enhanced org.springframework.boot.autoconfigure.thymeleaf.ThymeleafAutoConfiguration; enhanced class name is: org.springframework.boot.autoconfigure.thymeleaf.ThymeleafAutoConfiguration$$EnhancerBySpringCGLIB$$aedb7af8
14:03:36.479 [main] DEBUG org.springframework.context.annotation.ConfigurationClassPostProcessor - Replacing bean definition 'org.springframework.boot.autoconfigure.thymeleaf.ThymeleafAutoConfiguration' existing class 'org.springframework.boot.autoconfigure.thymeleaf.ThymeleafAutoConfiguration' with enhanced class 'org.springframework.boot.autoconfigure.thymeleaf.ThymeleafAutoConfiguration$$EnhancerBySpringCGLIB$$aedb7af8'
14:03:36.483 [main] DEBUG org.springframework.context.annotation.ConfigurationClassEnhancer - Successfully enhanced org.springframework.boot.autoconfigure.jdbc.DataSourceTransactionManagerAutoConfiguration$DataSourceTransactionManagerConfiguration; enhanced class name is: org.springframework.boot.autoconfigure.jdbc.DataSourceTransactionManagerAutoConfiguration$DataSourceTransactionManagerConfiguration$$EnhancerBySpringCGLIB$$723075d7
14:03:36.483 [main] DEBUG org.springframework.context.annotation.ConfigurationClassPostProcessor - Replacing bean definition 'org.springframework.boot.autoconfigure.jdbc.DataSourceTransactionManagerAutoConfiguration$DataSourceTransactionManagerConfiguration' existing class 'org.springframework.boot.autoconfigure.jdbc.DataSourceTransactionManagerAutoConfiguration$DataSourceTransactionManagerConfiguration' with enhanced class 'org.springframework.boot.autoconfigure.jdbc.DataSourceTransactionManagerAutoConfiguration$DataSourceTransactionManagerConfiguration$$EnhancerBySpringCGLIB$$723075d7'
14:03:36.486 [main] DEBUG org.springframework.context.annotation.ConfigurationClassEnhancer - Successfully enhanced org.springframework.boot.autoconfigure.jdbc.DataSourceTransactionManagerAutoConfiguration; enhanced class name is: org.springframework.boot.autoconfigure.jdbc.DataSourceTransactionManagerAutoConfiguration$$EnhancerBySpringCGLIB$$d606cdb9
14:03:36.486 [main] DEBUG org.springframework.context.annotation.ConfigurationClassPostProcessor - Replacing bean definition 'org.springframework.boot.autoconfigure.jdbc.DataSourceTransactionManagerAutoConfiguration' existing class 'org.springframework.boot.autoconfigure.jdbc.DataSourceTransactionManagerAutoConfiguration' with enhanced class 'org.springframework.boot.autoconfigure.jdbc.DataSourceTransactionManagerAutoConfiguration$$EnhancerBySpringCGLIB$$d606cdb9'
14:03:36.489 [main] DEBUG org.springframework.context.annotation.ConfigurationClassEnhancer - Successfully enhanced org.springframework.transaction.annotation.ProxyTransactionManagementConfiguration; enhanced class name is: org.springframework.transaction.annotation.ProxyTransactionManagementConfiguration$$EnhancerBySpringCGLIB$$c52fdd68
14:03:36.489 [main] DEBUG org.springframework.context.annotation.ConfigurationClassPostProcessor - Replacing bean definition 'org.springframework.transaction.annotation.ProxyTransactionManagementConfiguration' existing class 'org.springframework.transaction.annotation.ProxyTransactionManagementConfiguration' with enhanced class 'org.springframework.transaction.annotation.ProxyTransactionManagementConfiguration$$EnhancerBySpringCGLIB$$c52fdd68'
14:03:36.491 [main] DEBUG org.springframework.context.annotation.ConfigurationClassEnhancer - Successfully enhanced org.springframework.boot.autoconfigure.transaction.TransactionAutoConfiguration$EnableTransactionManagementConfiguration$CglibAutoProxyConfiguration; enhanced class name is: org.springframework.boot.autoconfigure.transaction.TransactionAutoConfiguration$EnableTransactionManagementConfiguration$CglibAutoProxyConfiguration$$EnhancerBySpringCGLIB$$31152198
14:03:36.491 [main] DEBUG org.springframework.context.annotation.ConfigurationClassPostProcessor - Replacing bean definition 'org.springframework.boot.autoconfigure.transaction.TransactionAutoConfiguration$EnableTransactionManagementConfiguration$CglibAutoProxyConfiguration' existing class 'org.springframework.boot.autoconfigure.transaction.TransactionAutoConfiguration$EnableTransactionManagementConfiguration$CglibAutoProxyConfiguration' with enhanced class 'org.springframework.boot.autoconfigure.transaction.TransactionAutoConfiguration$EnableTransactionManagementConfiguration$CglibAutoProxyConfiguration$$EnhancerBySpringCGLIB$$31152198'
14:03:36.492 [main] DEBUG org.springframework.context.annotation.ConfigurationClassEnhancer - Successfully enhanced org.springframework.boot.autoconfigure.transaction.TransactionAutoConfiguration$EnableTransactionManagementConfiguration; enhanced class name is: org.springframework.boot.autoconfigure.transaction.TransactionAutoConfiguration$EnableTransactionManagementConfiguration$$EnhancerBySpringCGLIB$$4f9e7c24
14:03:36.492 [main] DEBUG org.springframework.context.annotation.ConfigurationClassPostProcessor - Replacing bean definition 'org.springframework.boot.autoconfigure.transaction.TransactionAutoConfiguration$EnableTransactionManagementConfiguration' existing class 'org.springframework.boot.autoconfigure.transaction.TransactionAutoConfiguration$EnableTransactionManagementConfiguration' with enhanced class 'org.springframework.boot.autoconfigure.transaction.TransactionAutoConfiguration$EnableTransactionManagementConfiguration$$EnhancerBySpringCGLIB$$4f9e7c24'
14:03:36.494 [main] DEBUG org.springframework.context.annotation.ConfigurationClassEnhancer - Successfully enhanced org.springframework.boot.autoconfigure.transaction.TransactionAutoConfiguration$TransactionTemplateConfiguration; enhanced class name is: org.springframework.boot.autoconfigure.transaction.TransactionAutoConfiguration$TransactionTemplateConfiguration$$EnhancerBySpringCGLIB$$c3ba3aaa
14:03:36.494 [main] DEBUG org.springframework.context.annotation.ConfigurationClassPostProcessor - Replacing bean definition 'org.springframework.boot.autoconfigure.transaction.TransactionAutoConfiguration$TransactionTemplateConfiguration' existing class 'org.springframework.boot.autoconfigure.transaction.TransactionAutoConfiguration$TransactionTemplateConfiguration' with enhanced class 'org.springframework.boot.autoconfigure.transaction.TransactionAutoConfiguration$TransactionTemplateConfiguration$$EnhancerBySpringCGLIB$$c3ba3aaa'
14:03:36.495 [main] DEBUG org.springframework.context.annotation.ConfigurationClassEnhancer - Successfully enhanced org.springframework.boot.autoconfigure.transaction.TransactionAutoConfiguration; enhanced class name is: org.springframework.boot.autoconfigure.transaction.TransactionAutoConfiguration$$EnhancerBySpringCGLIB$$59a3d872
14:03:36.496 [main] DEBUG org.springframework.context.annotation.ConfigurationClassPostProcessor - Replacing bean definition 'org.springframework.boot.autoconfigure.transaction.TransactionAutoConfiguration' existing class 'org.springframework.boot.autoconfigure.transaction.TransactionAutoConfiguration' with enhanced class 'org.springframework.boot.autoconfigure.transaction.TransactionAutoConfiguration$$EnhancerBySpringCGLIB$$59a3d872'
14:03:36.497 [main] DEBUG org.springframework.context.annotation.ConfigurationClassEnhancer - Successfully enhanced org.springframework.boot.autoconfigure.web.client.RestTemplateAutoConfiguration; enhanced class name is: org.springframework.boot.autoconfigure.web.client.RestTemplateAutoConfiguration$$EnhancerBySpringCGLIB$$6045d6e9
14:03:36.497 [main] DEBUG org.springframework.context.annotation.ConfigurationClassPostProcessor - Replacing bean definition 'org.springframework.boot.autoconfigure.web.client.RestTemplateAutoConfiguration' existing class 'org.springframework.boot.autoconfigure.web.client.RestTemplateAutoConfiguration' with enhanced class 'org.springframework.boot.autoconfigure.web.client.RestTemplateAutoConfiguration$$EnhancerBySpringCGLIB$$6045d6e9'
14:03:36.498 [main] DEBUG org.springframework.context.annotation.ConfigurationClassEnhancer - Successfully enhanced org.springframework.boot.autoconfigure.web.embedded.EmbeddedWebServerFactoryCustomizerAutoConfiguration; enhanced class name is: org.springframework.boot.autoconfigure.web.embedded.EmbeddedWebServerFactoryCustomizerAutoConfiguration$$EnhancerBySpringCGLIB$$da97dd4a
14:03:36.499 [main] DEBUG org.springframework.context.annotation.ConfigurationClassPostProcessor - Replacing bean definition 'org.springframework.boot.autoconfigure.web.embedded.EmbeddedWebServerFactoryCustomizerAutoConfiguration' existing class 'org.springframework.boot.autoconfigure.web.embedded.EmbeddedWebServerFactoryCustomizerAutoConfiguration' with enhanced class 'org.springframework.boot.autoconfigure.web.embedded.EmbeddedWebServerFactoryCustomizerAutoConfiguration$$EnhancerBySpringCGLIB$$da97dd4a'
14:03:36.501 [main] DEBUG org.springframework.beans.factory.support.DefaultListableBeanFactory - Creating shared instance of singleton bean 'propertySourcesPlaceholderConfigurer'
14:03:36.501 [main] DEBUG org.springframework.beans.factory.support.DefaultListableBeanFactory - Creating instance of bean 'propertySourcesPlaceholderConfigurer'
14:03:36.503 [main] DEBUG org.springframework.beans.factory.support.DefaultListableBeanFactory - Eagerly caching bean 'propertySourcesPlaceholderConfigurer' to allow for resolving potential circular references
14:03:36.520 [main] DEBUG org.springframework.beans.factory.support.DefaultListableBeanFactory - Finished creating instance of bean 'propertySourcesPlaceholderConfigurer'
14:03:36.520 [main] DEBUG org.springframework.core.env.MutablePropertySources - Adding PropertySource 'environmentProperties' with lowest search precedence
14:03:36.520 [main] DEBUG org.springframework.core.env.MutablePropertySources - Adding PropertySource 'localProperties' with lowest search precedence
14:03:36.522 [main] DEBUG org.springframework.beans.factory.support.DefaultListableBeanFactory - Creating shared instance of singleton bean 'org.springframework.boot.test.mock.mockito.MockitoPostProcessor'
14:03:36.522 [main] DEBUG org.springframework.beans.factory.support.DefaultListableBeanFactory - Creating instance of bean 'org.springframework.boot.test.mock.mockito.MockitoPostProcessor'
14:03:36.524 [main] DEBUG org.springframework.beans.factory.support.DefaultListableBeanFactory - Eagerly caching bean 'org.springframework.boot.test.mock.mockito.MockitoPostProcessor' to allow for resolving potential circular references
14:03:36.529 [main] DEBUG org.springframework.beans.factory.support.DefaultListableBeanFactory - Finished creating instance of bean 'org.springframework.boot.test.mock.mockito.MockitoPostProcessor'
14:03:36.852 [main] DEBUG org.springframework.beans.factory.support.DefaultListableBeanFactory - Creating shared instance of singleton bean 'org.springframework.boot.context.properties.ConfigurationBeanFactoryMetadata'
14:03:36.852 [main] DEBUG org.springframework.beans.factory.support.DefaultListableBeanFactory - Creating instance of bean 'org.springframework.boot.context.properties.ConfigurationBeanFactoryMetadata'
14:03:36.852 [main] DEBUG org.springframework.beans.factory.support.DefaultListableBeanFactory - Eagerly caching bean 'org.springframework.boot.context.properties.ConfigurationBeanFactoryMetadata' to allow for resolving potential circular references
14:03:36.853 [main] DEBUG org.springframework.beans.factory.support.DefaultListableBeanFactory - Finished creating instance of bean 'org.springframework.boot.context.properties.ConfigurationBeanFactoryMetadata'
14:03:36.853 [main] DEBUG org.springframework.beans.factory.support.DefaultListableBeanFactory - Creating shared instance of singleton bean 'emBeanDefinitionRegistrarPostProcessor'
14:03:36.853 [main] DEBUG org.springframework.beans.factory.support.DefaultListableBeanFactory - Creating instance of bean 'emBeanDefinitionRegistrarPostProcessor'
14:03:36.853 [main] DEBUG org.springframework.beans.factory.support.DefaultListableBeanFactory - Eagerly caching bean 'emBeanDefinitionRegistrarPostProcessor' to allow for resolving potential circular references
14:03:36.854 [main] DEBUG org.springframework.beans.factory.support.DefaultListableBeanFactory - Finished creating instance of bean 'emBeanDefinitionRegistrarPostProcessor'
14:03:36.860 [main] DEBUG org.springframework.beans.factory.support.DefaultListableBeanFactory - Creating shared instance of singleton bean 'org.springframework.context.annotation.internalAutowiredAnnotationProcessor'
14:03:36.860 [main] DEBUG org.springframework.beans.factory.support.DefaultListableBeanFactory - Creating instance of bean 'org.springframework.context.annotation.internalAutowiredAnnotationProcessor'
14:03:36.860 [main] DEBUG org.springframework.beans.factory.support.DefaultListableBeanFactory - Eagerly caching bean 'org.springframework.context.annotation.internalAutowiredAnnotationProcessor' to allow for resolving potential circular references
14:03:36.862 [main] DEBUG org.springframework.beans.factory.support.DefaultListableBeanFactory - Finished creating instance of bean 'org.springframework.context.annotation.internalAutowiredAnnotationProcessor'
14:03:36.862 [main] DEBUG org.springframework.beans.factory.support.DefaultListableBeanFactory - Creating shared instance of singleton bean 'org.springframework.context.annotation.internalRequiredAnnotationProcessor'
14:03:36.862 [main] DEBUG org.springframework.beans.factory.support.DefaultListableBeanFactory - Creating instance of bean 'org.springframework.context.annotation.internalRequiredAnnotationProcessor'
14:03:36.863 [main] DEBUG org.springframework.beans.factory.support.DefaultListableBeanFactory - Eagerly caching bean 'org.springframework.context.annotation.internalRequiredAnnotationProcessor' to allow for resolving potential circular references
14:03:36.864 [main] DEBUG org.springframework.beans.factory.support.DefaultListableBeanFactory - Finished creating instance of bean 'org.springframework.context.annotation.internalRequiredAnnotationProcessor'
14:03:36.864 [main] DEBUG org.springframework.beans.factory.support.DefaultListableBeanFactory - Creating shared instance of singleton bean 'org.springframework.context.annotation.internalCommonAnnotationProcessor'
14:03:36.864 [main] DEBUG org.springframework.beans.factory.support.DefaultListableBeanFactory - Creating instance of bean 'org.springframework.context.annotation.internalCommonAnnotationProcessor'
14:03:36.865 [main] DEBUG org.springframework.beans.factory.support.DefaultListableBeanFactory - Eagerly caching bean 'org.springframework.context.annotation.internalCommonAnnotationProcessor' to allow for resolving potential circular references
14:03:36.869 [main] DEBUG org.springframework.beans.factory.support.DefaultListableBeanFactory - Finished creating instance of bean 'org.springframework.context.annotation.internalCommonAnnotationProcessor'
14:03:36.869 [main] DEBUG org.springframework.beans.factory.support.DefaultListableBeanFactory - Creating shared instance of singleton bean 'org.springframework.context.annotation.internalPersistenceAnnotationProcessor'
14:03:36.869 [main] DEBUG org.springframework.beans.factory.support.DefaultListableBeanFactory - Creating instance of bean 'org.springframework.context.annotation.internalPersistenceAnnotationProcessor'
14:03:36.869 [main] DEBUG org.springframework.beans.factory.support.DefaultListableBeanFactory - Eagerly caching bean 'org.springframework.context.annotation.internalPersistenceAnnotationProcessor' to allow for resolving potential circular references
14:03:36.871 [main] DEBUG org.springframework.beans.factory.support.DefaultListableBeanFactory - Finished creating instance of bean 'org.springframework.context.annotation.internalPersistenceAnnotationProcessor'
14:03:36.871 [main] DEBUG org.springframework.beans.factory.support.DefaultListableBeanFactory - Creating shared instance of singleton bean 'org.springframework.boot.test.mock.mockito.MockitoPostProcessor$SpyPostProcessor'
14:03:36.871 [main] DEBUG org.springframework.beans.factory.support.DefaultListableBeanFactory - Creating instance of bean 'org.springframework.boot.test.mock.mockito.MockitoPostProcessor$SpyPostProcessor'
14:03:36.871 [main] DEBUG org.springframework.beans.factory.support.DefaultListableBeanFactory - Returning cached instance of singleton bean 'org.springframework.boot.test.mock.mockito.MockitoPostProcessor'
14:03:36.872 [main] DEBUG org.springframework.beans.factory.support.DefaultListableBeanFactory - Eagerly caching bean 'org.springframework.boot.test.mock.mockito.MockitoPostProcessor$SpyPostProcessor' to allow for resolving potential circular references
14:03:36.873 [main] DEBUG org.springframework.beans.factory.support.DefaultListableBeanFactory - Finished creating instance of bean 'org.springframework.boot.test.mock.mockito.MockitoPostProcessor$SpyPostProcessor'
14:03:36.873 [main] DEBUG org.springframework.beans.factory.support.DefaultListableBeanFactory - Creating shared instance of singleton bean 'org.springframework.boot.context.properties.ConfigurationPropertiesBindingPostProcessor'
14:03:36.873 [main] DEBUG org.springframework.beans.factory.support.DefaultListableBeanFactory - Creating instance of bean 'org.springframework.boot.context.properties.ConfigurationPropertiesBindingPostProcessor'
14:03:36.873 [main] DEBUG org.springframework.beans.factory.support.DefaultListableBeanFactory - Eagerly caching bean 'org.springframework.boot.context.properties.ConfigurationPropertiesBindingPostProcessor' to allow for resolving potential circular references
14:03:36.875 [main] DEBUG org.springframework.beans.factory.support.DefaultListableBeanFactory - Invoking afterPropertiesSet() on bean with name 'org.springframework.boot.context.properties.ConfigurationPropertiesBindingPostProcessor'
14:03:36.875 [main] DEBUG org.springframework.beans.factory.support.DefaultListableBeanFactory - Returning cached instance of singleton bean 'org.springframework.boot.context.properties.ConfigurationBeanFactoryMetadata'
14:03:36.877 [main] DEBUG org.springframework.beans.factory.support.DefaultListableBeanFactory - Returning cached instance of singleton bean 'propertySourcesPlaceholderConfigurer'
14:03:36.878 [main] DEBUG org.springframework.beans.factory.support.DefaultListableBeanFactory - Finished creating instance of bean 'org.springframework.boot.context.properties.ConfigurationPropertiesBindingPostProcessor'
14:03:36.878 [main] DEBUG org.springframework.beans.factory.support.DefaultListableBeanFactory - Returning cached instance of singleton bean 'org.springframework.boot.test.mock.mockito.MockitoPostProcessor'
14:03:36.878 [main] DEBUG org.springframework.beans.factory.support.DefaultListableBeanFactory - Creating shared instance of singleton bean 'methodValidationPostProcessor'
14:03:36.878 [main] DEBUG org.springframework.beans.factory.support.DefaultListableBeanFactory - Creating instance of bean 'methodValidationPostProcessor'
14:03:36.880 [main] DEBUG org.springframework.beans.factory.support.DefaultListableBeanFactory - Returning cached instance of singleton bean 'environment'
14:03:36.884 [main] DEBUG org.springframework.aop.framework.JdkDynamicAopProxy - Creating JDK dynamic proxy: target source is org.springframework.context.annotation.ContextAnnotationAutowireCandidateResolver$1@e4e1ef5
14:03:36.888 [main] DEBUG org.springframework.beans.factory.support.DefaultListableBeanFactory - Autowiring by type from bean name 'methodValidationPostProcessor' via factory method to bean named 'environment'
14:03:36.888 [main] DEBUG org.springframework.core.env.PropertySourcesPropertyResolver - Could not find key 'spring.aop.proxy-target-class' in any property source
14:03:36.892 [main] DEBUG org.springframework.beans.factory.support.DefaultListableBeanFactory - Eagerly caching bean 'methodValidationPostProcessor' to allow for resolving potential circular references
14:03:36.897 [main] DEBUG org.springframework.beans.factory.support.DefaultListableBeanFactory - Invoking afterPropertiesSet() on bean with name 'methodValidationPostProcessor'
14:03:36.899 [main] DEBUG org.springframework.beans.factory.support.DefaultListableBeanFactory - Finished creating instance of bean 'methodValidationPostProcessor'
14:03:36.899 [main] DEBUG org.springframework.beans.factory.support.DefaultListableBeanFactory - Creating shared instance of singleton bean 'org.springframework.aop.config.internalAutoProxyCreator'
14:03:36.899 [main] DEBUG org.springframework.beans.factory.support.DefaultListableBeanFactory - Creating instance of bean 'org.springframework.aop.config.internalAutoProxyCreator'
14:03:36.903 [main] DEBUG org.springframework.beans.factory.support.DefaultListableBeanFactory - Eagerly caching bean 'org.springframework.aop.config.internalAutoProxyCreator' to allow for resolving potential circular references
14:03:36.914 [main] DEBUG org.springframework.beans.factory.support.DefaultListableBeanFactory - Finished creating instance of bean 'org.springframework.aop.config.internalAutoProxyCreator'
14:03:36.914 [main] DEBUG org.springframework.beans.factory.support.DefaultListableBeanFactory - Creating shared instance of singleton bean 'persistenceExceptionTranslationPostProcessor'
14:03:36.914 [main] DEBUG org.springframework.beans.factory.support.DefaultListableBeanFactory - Creating instance of bean 'persistenceExceptionTranslationPostProcessor'
14:03:36.915 [main] DEBUG org.springframework.beans.factory.support.DefaultListableBeanFactory - Returning cached instance of singleton bean 'environment'
14:03:36.915 [main] DEBUG org.springframework.beans.factory.support.DefaultListableBeanFactory - Autowiring by type from bean name 'persistenceExceptionTranslationPostProcessor' via factory method to bean named 'environment'
14:03:36.915 [main] DEBUG org.springframework.core.env.PropertySourcesPropertyResolver - Could not find key 'spring.aop.proxy-target-class' in any property source
14:03:36.915 [main] DEBUG org.springframework.beans.factory.support.DefaultListableBeanFactory - Eagerly caching bean 'persistenceExceptionTranslationPostProcessor' to allow for resolving potential circular references
14:03:36.918 [main] DEBUG org.springframework.beans.factory.support.DefaultListableBeanFactory - Finished creating instance of bean 'persistenceExceptionTranslationPostProcessor'
14:03:36.918 [main] DEBUG org.springframework.beans.factory.support.DefaultListableBeanFactory - Creating shared instance of singleton bean 'dataSourceInitializerPostProcessor'
14:03:36.918 [main] DEBUG org.springframework.beans.factory.support.DefaultListableBeanFactory - Creating instance of bean 'dataSourceInitializerPostProcessor'
14:03:36.919 [main] DEBUG org.springframework.beans.factory.annotation.InjectionMetadata - Registered injected element on class [org.springframework.boot.autoconfigure.jdbc.DataSourceInitializerPostProcessor]: AutowiredFieldElement for private org.springframework.beans.factory.BeanFactory org.springframework.boot.autoconfigure.jdbc.DataSourceInitializerPostProcessor.beanFactory
14:03:36.919 [main] DEBUG org.springframework.beans.factory.support.DefaultListableBeanFactory - Eagerly caching bean 'dataSourceInitializerPostProcessor' to allow for resolving potential circular references
14:03:36.920 [main] DEBUG org.springframework.beans.factory.annotation.InjectionMetadata - Processing injected element of bean 'dataSourceInitializerPostProcessor': AutowiredFieldElement for private org.springframework.beans.factory.BeanFactory org.springframework.boot.autoconfigure.jdbc.DataSourceInitializerPostProcessor.beanFactory
14:03:36.920 [main] DEBUG org.springframework.core.annotation.AnnotationUtils - Failed to meta-introspect annotation interface org.springframework.beans.factory.annotation.Autowired: java.lang.NullPointerException
14:03:36.921 [main] DEBUG org.springframework.beans.factory.annotation.AutowiredAnnotationBeanPostProcessor - Autowiring by type from bean name 'dataSourceInitializerPostProcessor' to bean named 'org.springframework.beans.factory.support.DefaultListableBeanFactory@523424b5'
14:03:36.921 [main] DEBUG org.springframework.beans.factory.support.DefaultListableBeanFactory - Finished creating instance of bean 'dataSourceInitializerPostProcessor'
14:03:36.921 [main] DEBUG org.springframework.beans.factory.support.DefaultListableBeanFactory - Creating shared instance of singleton bean 'dataSourceInitializedPublisher'
14:03:36.921 [main] DEBUG org.springframework.beans.factory.support.DefaultListableBeanFactory - Creating instance of bean 'dataSourceInitializedPublisher'
14:03:36.921 [main] DEBUG org.springframework.beans.factory.annotation.InjectionMetadata - Registered injected element on class [org.springframework.boot.autoconfigure.orm.jpa.DataSourceInitializedPublisher]: AutowiredFieldElement for private org.springframework.context.ApplicationContext org.springframework.boot.autoconfigure.orm.jpa.DataSourceInitializedPublisher.applicationContext
14:03:36.921 [main] DEBUG org.springframework.beans.factory.support.DefaultListableBeanFactory - Eagerly caching bean 'dataSourceInitializedPublisher' to allow for resolving potential circular references
14:03:36.922 [main] DEBUG org.springframework.beans.factory.annotation.InjectionMetadata - Processing injected element of bean 'dataSourceInitializedPublisher': AutowiredFieldElement for private org.springframework.context.ApplicationContext org.springframework.boot.autoconfigure.orm.jpa.DataSourceInitializedPublisher.applicationContext
14:03:36.922 [main] DEBUG org.springframework.core.annotation.AnnotationUtils - Failed to meta-introspect annotation interface org.springframework.beans.factory.annotation.Autowired: java.lang.NullPointerException
14:03:36.923 [main] DEBUG org.springframework.beans.factory.annotation.AutowiredAnnotationBeanPostProcessor - Autowiring by type from bean name 'dataSourceInitializedPublisher' to bean named 'org.springframework.context.support.GenericApplicationContext@2a1edad4'
14:03:36.923 [main] DEBUG org.springframework.beans.factory.support.DefaultListableBeanFactory - Finished creating instance of bean 'dataSourceInitializedPublisher'
14:03:36.923 [main] DEBUG org.springframework.beans.factory.support.DefaultListableBeanFactory - Returning cached instance of singleton bean 'org.springframework.boot.test.autoconfigure.properties.PropertyMappingContextCustomizer$PropertyMappingCheckBeanPostProcessor'
14:03:36.924 [main] DEBUG org.springframework.context.support.GenericApplicationContext - Unable to locate MessageSource with name 'messageSource': using default [org.springframework.context.support.DelegatingMessageSource@20f6f88c]
14:03:36.926 [main] DEBUG org.springframework.context.support.GenericApplicationContext - Unable to locate ApplicationEventMulticaster with name 'applicationEventMulticaster': using default [org.springframework.context.event.SimpleApplicationEventMulticaster@2c05ff9d]
14:03:36.927 [main] DEBUG org.springframework.beans.factory.support.DefaultListableBeanFactory - Creating shared instance of singleton bean 'entityManagerFactory'
14:03:36.927 [main] DEBUG org.springframework.beans.factory.support.DefaultListableBeanFactory - Creating instance of bean 'entityManagerFactory'
14:03:36.928 [main] DEBUG org.springframework.beans.factory.support.DefaultListableBeanFactory - Creating shared instance of singleton bean 'org.springframework.transaction.config.internalTransactionAdvisor'
14:03:36.928 [main] DEBUG org.springframework.beans.factory.support.DefaultListableBeanFactory - Creating instance of bean 'org.springframework.transaction.config.internalTransactionAdvisor'
14:03:36.928 [main] DEBUG org.springframework.beans.factory.support.DefaultListableBeanFactory - Creating shared instance of singleton bean 'org.springframework.transaction.annotation.ProxyTransactionManagementConfiguration'
14:03:36.928 [main] DEBUG org.springframework.beans.factory.support.DefaultListableBeanFactory - Creating instance of bean 'org.springframework.transaction.annotation.ProxyTransactionManagementConfiguration'
14:03:36.928 [main] DEBUG org.springframework.aop.framework.autoproxy.BeanFactoryAdvisorRetrievalHelper - Skipping currently created advisor 'org.springframework.transaction.config.internalTransactionAdvisor'
14:03:36.941 [main] DEBUG org.springframework.aop.aspectj.annotation.ReflectiveAspectJAdvisorFactory - Found AspectJ method: public void com.bk.hotel.ControllerLoggingAspect.logBefore(org.aspectj.lang.JoinPoint)
14:03:36.942 [main] DEBUG org.springframework.aop.aspectj.annotation.ReflectiveAspectJAdvisorFactory - Found AspectJ method: public void com.bk.hotel.ControllerLoggingAspect.logAfterReturn(org.aspectj.lang.JoinPoint,java.lang.Object)
14:03:36.946 [main] DEBUG org.springframework.aop.aspectj.annotation.ReflectiveAspectJAdvisorFactory - Found AspectJ method: public void com.bk.hotel.ControllerLoggingAspect.logAfterException(org.aspectj.lang.JoinPoint,java.lang.Throwable)
14:03:36.953 [main] DEBUG org.springframework.beans.factory.annotation.InjectionMetadata - Registered injected element on class [org.springframework.transaction.annotation.ProxyTransactionManagementConfiguration$$EnhancerBySpringCGLIB$$c52fdd68]: AutowiredMethodElement for void org.springframework.transaction.annotation.AbstractTransactionManagementConfiguration.setConfigurers(java.util.Collection)
14:03:36.953 [main] DEBUG org.springframework.beans.factory.support.DefaultListableBeanFactory - Eagerly caching bean 'org.springframework.transaction.annotation.ProxyTransactionManagementConfiguration' to allow for resolving potential circular references
14:03:36.953 [main] DEBUG org.springframework.beans.factory.annotation.InjectionMetadata - Processing injected element of bean 'org.springframework.transaction.annotation.ProxyTransactionManagementConfiguration': AutowiredMethodElement for void org.springframework.transaction.annotation.AbstractTransactionManagementConfiguration.setConfigurers(java.util.Collection)
14:03:36.956 [main] DEBUG org.springframework.beans.factory.support.DefaultListableBeanFactory - Returning cached instance of singleton bean 'org.springframework.context.annotation.ConfigurationClassPostProcessor.importRegistry'
14:03:36.957 [main] DEBUG org.springframework.aop.framework.autoproxy.BeanFactoryAdvisorRetrievalHelper - Skipping currently created advisor 'org.springframework.transaction.config.internalTransactionAdvisor'
14:03:36.957 [main] DEBUG org.springframework.aop.framework.autoproxy.BeanFactoryAdvisorRetrievalHelper - Skipping currently created advisor 'org.springframework.transaction.config.internalTransactionAdvisor'
14:03:37.080 [main] DEBUG org.springframework.beans.factory.support.DefaultListableBeanFactory - Finished creating instance of bean 'org.springframework.transaction.annotation.ProxyTransactionManagementConfiguration'
14:03:37.090 [main] DEBUG org.springframework.beans.factory.support.DefaultListableBeanFactory - Creating shared instance of singleton bean 'transactionAttributeSource'
14:03:37.090 [main] DEBUG org.springframework.beans.factory.support.DefaultListableBeanFactory - Creating instance of bean 'transactionAttributeSource'
14:03:37.091 [main] DEBUG org.springframework.aop.framework.autoproxy.BeanFactoryAdvisorRetrievalHelper - Skipping currently created advisor 'org.springframework.transaction.config.internalTransactionAdvisor'
14:03:37.091 [main] DEBUG org.springframework.beans.factory.support.DefaultListableBeanFactory - Returning cached instance of singleton bean 'org.springframework.transaction.annotation.ProxyTransactionManagementConfiguration'
14:03:37.091 [main] DEBUG org.springframework.beans.factory.support.DefaultListableBeanFactory - Eagerly caching bean 'transactionAttributeSource' to allow for resolving potential circular references
14:03:37.094 [main] DEBUG org.springframework.aop.framework.autoproxy.BeanFactoryAdvisorRetrievalHelper - Skipping currently created advisor 'org.springframework.transaction.config.internalTransactionAdvisor'
14:03:37.094 [main] DEBUG org.springframework.aop.framework.autoproxy.BeanFactoryAdvisorRetrievalHelper - Skipping currently created advisor 'org.springframework.transaction.config.internalTransactionAdvisor'
14:03:37.098 [main] DEBUG org.springframework.beans.factory.support.DefaultListableBeanFactory - Finished creating instance of bean 'transactionAttributeSource'
14:03:37.098 [main] DEBUG org.springframework.beans.factory.support.DefaultListableBeanFactory - Creating shared instance of singleton bean 'transactionInterceptor'
14:03:37.098 [main] DEBUG org.springframework.beans.factory.support.DefaultListableBeanFactory - Creating instance of bean 'transactionInterceptor'
14:03:37.099 [main] DEBUG org.springframework.beans.factory.support.DefaultListableBeanFactory - Returning cached instance of singleton bean 'org.springframework.transaction.annotation.ProxyTransactionManagementConfiguration'
14:03:37.101 [main] DEBUG org.springframework.beans.factory.support.DefaultListableBeanFactory - Returning cached instance of singleton bean 'transactionAttributeSource'
14:03:37.102 [main] DEBUG org.springframework.beans.factory.support.DefaultListableBeanFactory - Eagerly caching bean 'transactionInterceptor' to allow for resolving potential circular references
14:03:37.105 [main] DEBUG org.springframework.beans.factory.support.DefaultListableBeanFactory - Invoking afterPropertiesSet() on bean with name 'transactionInterceptor'
14:03:37.105 [main] DEBUG org.springframework.beans.factory.support.DefaultListableBeanFactory - Finished creating instance of bean 'transactionInterceptor'
14:03:37.105 [main] DEBUG org.springframework.beans.factory.support.DefaultListableBeanFactory - Eagerly caching bean 'org.springframework.transaction.config.internalTransactionAdvisor' to allow for resolving potential circular references
14:03:37.109 [main] DEBUG org.springframework.beans.factory.support.DefaultListableBeanFactory - Finished creating instance of bean 'org.springframework.transaction.config.internalTransactionAdvisor'
14:03:37.109 [main] DEBUG org.springframework.beans.factory.support.DefaultListableBeanFactory - Creating shared instance of singleton bean 'org.springframework.boot.autoconfigure.orm.jpa.HibernateJpaConfiguration'
14:03:37.109 [main] DEBUG org.springframework.beans.factory.support.DefaultListableBeanFactory - Creating instance of bean 'org.springframework.boot.autoconfigure.orm.jpa.HibernateJpaConfiguration'
14:03:37.110 [main] DEBUG org.springframework.beans.factory.support.DefaultListableBeanFactory - Returning cached instance of singleton bean 'org.springframework.transaction.config.internalTransactionAdvisor'
14:03:37.110 [main] DEBUG org.springframework.core.LocalVariableTableParameterNameDiscoverer - Cannot find '.class' file for class [class org.springframework.boot.autoconfigure.orm.jpa.HibernateJpaConfiguration$$EnhancerBySpringCGLIB$$e4069fd7] - unable to determine constructor/method parameter names
14:03:37.111 [main] DEBUG org.springframework.beans.factory.support.DefaultListableBeanFactory - Creating shared instance of singleton bean 'dataSource'
14:03:37.111 [main] DEBUG org.springframework.beans.factory.support.DefaultListableBeanFactory - Creating instance of bean 'dataSource'
14:03:37.111 [main] DEBUG org.springframework.beans.factory.support.DefaultListableBeanFactory - Returning cached instance of singleton bean 'org.springframework.transaction.config.internalTransactionAdvisor'
14:03:37.111 [main] DEBUG org.springframework.beans.factory.support.DefaultListableBeanFactory - Creating shared instance of singleton bean 'org.springframework.boot.autoconfigure.jdbc.DataSourceConfiguration$Hikari'
14:03:37.111 [main] DEBUG org.springframework.beans.factory.support.DefaultListableBeanFactory - Creating instance of bean 'org.springframework.boot.autoconfigure.jdbc.DataSourceConfiguration$Hikari'
14:03:37.111 [main] DEBUG org.springframework.beans.factory.support.DefaultListableBeanFactory - Returning cached instance of singleton bean 'org.springframework.transaction.config.internalTransactionAdvisor'
14:03:37.112 [main] DEBUG org.springframework.beans.factory.support.DefaultListableBeanFactory - Eagerly caching bean 'org.springframework.boot.autoconfigure.jdbc.DataSourceConfiguration$Hikari' to allow for resolving potential circular references
14:03:37.113 [main] DEBUG org.springframework.beans.factory.support.DefaultListableBeanFactory - Returning cached instance of singleton bean 'org.springframework.transaction.config.internalTransactionAdvisor'
14:03:37.113 [main] DEBUG org.springframework.beans.factory.support.DefaultListableBeanFactory - Returning cached instance of singleton bean 'org.springframework.transaction.config.internalTransactionAdvisor'
14:03:37.117 [main] DEBUG org.springframework.beans.factory.support.DefaultListableBeanFactory - Finished creating instance of bean 'org.springframework.boot.autoconfigure.jdbc.DataSourceConfiguration$Hikari'
14:03:37.117 [main] DEBUG org.springframework.beans.factory.support.DefaultListableBeanFactory - Creating shared instance of singleton bean 'spring.datasource-org.springframework.boot.autoconfigure.jdbc.DataSourceProperties'
14:03:37.117 [main] DEBUG org.springframework.beans.factory.support.DefaultListableBeanFactory - Creating instance of bean 'spring.datasource-org.springframework.boot.autoconfigure.jdbc.DataSourceProperties'
14:03:37.117 [main] DEBUG org.springframework.beans.factory.support.DefaultListableBeanFactory - Returning cached instance of singleton bean 'org.springframework.transaction.config.internalTransactionAdvisor'
14:03:37.118 [main] DEBUG org.springframework.beans.factory.support.DefaultListableBeanFactory - Eagerly caching bean 'spring.datasource-org.springframework.boot.autoconfigure.jdbc.DataSourceProperties' to allow for resolving potential circular references
14:03:37.122 [main] DEBUG org.springframework.beans.factory.support.DefaultListableBeanFactory - Creating instance of bean 'org.springframework.boot.context.properties.ConversionServiceDeducer$Factory'
14:03:37.122 [main] DEBUG org.springframework.beans.factory.support.DefaultListableBeanFactory - Returning cached instance of singleton bean 'org.springframework.transaction.config.internalTransactionAdvisor'
14:03:37.124 [main] DEBUG org.springframework.beans.factory.annotation.InjectionMetadata - Registered injected element on class [org.springframework.boot.context.properties.ConversionServiceDeducer$Factory]: AutowiredMethodElement for public void org.springframework.boot.context.properties.ConversionServiceDeducer$Factory.setConverters(java.util.List)
14:03:37.125 [main] DEBUG org.springframework.beans.factory.annotation.InjectionMetadata - Registered injected element on class [org.springframework.boot.context.properties.ConversionServiceDeducer$Factory]: AutowiredMethodElement for public void org.springframework.boot.context.properties.ConversionServiceDeducer$Factory.setGenericConverters(java.util.List)
14:03:37.125 [main] DEBUG org.springframework.beans.factory.annotation.InjectionMetadata - Processing injected element of bean 'org.springframework.boot.context.properties.ConversionServiceDeducer$Factory': AutowiredMethodElement for public void org.springframework.boot.context.properties.ConversionServiceDeducer$Factory.setConverters(java.util.List)
14:03:37.126 [main] DEBUG org.springframework.beans.factory.annotation.InjectionMetadata - Processing injected element of bean 'org.springframework.boot.context.properties.ConversionServiceDeducer$Factory': AutowiredMethodElement for public void org.springframework.boot.context.properties.ConversionServiceDeducer$Factory.setGenericConverters(java.util.List)
14:03:37.128 [main] DEBUG org.springframework.beans.factory.support.DefaultListableBeanFactory - Returning cached instance of singleton bean 'org.springframework.transaction.config.internalTransactionAdvisor'
14:03:37.128 [main] DEBUG org.springframework.beans.factory.support.DefaultListableBeanFactory - Returning cached instance of singleton bean 'org.springframework.transaction.config.internalTransactionAdvisor'
14:03:37.131 [main] DEBUG org.springframework.beans.factory.support.DefaultListableBeanFactory - Finished creating instance of bean 'org.springframework.boot.context.properties.ConversionServiceDeducer$Factory'
14:03:37.147 [main] DEBUG org.springframework.beans.factory.support.DefaultListableBeanFactory - Invoking afterPropertiesSet() on bean with name 'spring.datasource-org.springframework.boot.autoconfigure.jdbc.DataSourceProperties'
14:03:37.148 [main] DEBUG org.springframework.beans.factory.support.DefaultListableBeanFactory - Returning cached instance of singleton bean 'org.springframework.transaction.config.internalTransactionAdvisor'
14:03:37.148 [main] DEBUG org.springframework.beans.factory.support.DefaultListableBeanFactory - Returning cached instance of singleton bean 'org.springframework.transaction.config.internalTransactionAdvisor'
14:03:37.157 [main] DEBUG org.springframework.beans.factory.support.DefaultListableBeanFactory - Finished creating instance of bean 'spring.datasource-org.springframework.boot.autoconfigure.jdbc.DataSourceProperties'
14:03:37.157 [main] DEBUG org.springframework.beans.factory.support.DefaultListableBeanFactory - Autowiring by type from bean name 'dataSource' via factory method to bean named 'spring.datasource-org.springframework.boot.autoconfigure.jdbc.DataSourceProperties'
14:03:37.170 [main] DEBUG com.zaxxer.hikari.HikariConfig - Driver class org.postgresql.Driver found in Thread context class loader sun.misc.Launcher$AppClassLoader@28d93b30
14:03:37.177 [main] DEBUG org.springframework.beans.factory.support.DefaultListableBeanFactory - Eagerly caching bean 'dataSource' to allow for resolving potential circular references
14:03:37.183 [main] DEBUG org.springframework.beans.factory.support.DefaultListableBeanFactory - Returning cached instance of singleton bean 'org.springframework.transaction.config.internalTransactionAdvisor'
14:03:37.183 [main] DEBUG org.springframework.beans.factory.support.DefaultListableBeanFactory - Returning cached instance of singleton bean 'org.springframework.transaction.config.internalTransactionAdvisor'
14:03:37.203 [main] DEBUG org.springframework.beans.factory.support.DefaultListableBeanFactory - Creating shared instance of singleton bean 'org.springframework.boot.autoconfigure.jdbc.DataSourceInitializerInvoker'
14:03:37.203 [main] DEBUG org.springframework.beans.factory.support.DefaultListableBeanFactory - Creating instance of bean 'org.springframework.boot.autoconfigure.jdbc.DataSourceInitializerInvoker'
14:03:37.203 [main] DEBUG org.springframework.beans.factory.support.DefaultListableBeanFactory - Returning cached instance of singleton bean 'org.springframework.transaction.config.internalTransactionAdvisor'
14:03:37.206 [main] DEBUG org.springframework.beans.factory.support.DefaultListableBeanFactory - Returning cached instance of singleton bean 'spring.datasource-org.springframework.boot.autoconfigure.jdbc.DataSourceProperties'
14:03:37.206 [main] DEBUG org.springframework.beans.factory.support.DefaultListableBeanFactory - Autowiring by type from bean name 'org.springframework.boot.autoconfigure.jdbc.DataSourceInitializerInvoker' via constructor to bean named 'spring.datasource-org.springframework.boot.autoconfigure.jdbc.DataSourceProperties'
14:03:37.207 [main] DEBUG org.springframework.beans.factory.support.DefaultListableBeanFactory - Autowiring by type from bean name 'org.springframework.boot.autoconfigure.jdbc.DataSourceInitializerInvoker' via constructor to bean named 'org.springframework.context.support.GenericApplicationContext@2a1edad4'
14:03:37.207 [main] DEBUG org.springframework.beans.factory.support.DefaultListableBeanFactory - Eagerly caching bean 'org.springframework.boot.autoconfigure.jdbc.DataSourceInitializerInvoker' to allow for resolving potential circular references
14:03:37.209 [main] DEBUG org.springframework.beans.factory.support.DefaultListableBeanFactory - Invoking afterPropertiesSet() on bean with name 'org.springframework.boot.autoconfigure.jdbc.DataSourceInitializerInvoker'
14:03:37.210 [main] DEBUG org.springframework.beans.factory.support.DefaultListableBeanFactory - Returning eagerly cached instance of singleton bean 'dataSource' that is not fully initialized yet - a consequence of a circular reference
14:03:37.211 [main] DEBUG org.springframework.core.io.support.PathMatchingResourcePatternResolver - Resolved classpath location [schema-all.sql] to resources []
14:03:37.211 [main] DEBUG org.springframework.core.io.support.PathMatchingResourcePatternResolver - Resolved classpath location [schema.sql] to resources []
14:03:37.211 [main] DEBUG org.springframework.beans.factory.support.DefaultListableBeanFactory - Returning cached instance of singleton bean 'org.springframework.transaction.config.internalTransactionAdvisor'
14:03:37.211 [main] DEBUG org.springframework.beans.factory.support.DefaultListableBeanFactory - Returning cached instance of singleton bean 'org.springframework.transaction.config.internalTransactionAdvisor'
14:03:37.213 [main] DEBUG org.springframework.beans.factory.support.DefaultListableBeanFactory - Finished creating instance of bean 'org.springframework.boot.autoconfigure.jdbc.DataSourceInitializerInvoker'
14:03:37.213 [main] DEBUG org.springframework.beans.factory.support.DefaultListableBeanFactory - Finished creating instance of bean 'dataSource'
14:03:37.214 [main] DEBUG org.springframework.beans.factory.support.DefaultListableBeanFactory - Creating shared instance of singleton bean 'spring.jpa-org.springframework.boot.autoconfigure.orm.jpa.JpaProperties'
14:03:37.214 [main] DEBUG org.springframework.beans.factory.support.DefaultListableBeanFactory - Creating instance of bean 'spring.jpa-org.springframework.boot.autoconfigure.orm.jpa.JpaProperties'
14:03:37.214 [main] DEBUG org.springframework.beans.factory.support.DefaultListableBeanFactory - Returning cached instance of singleton bean 'org.springframework.transaction.config.internalTransactionAdvisor'
14:03:37.215 [main] DEBUG org.springframework.beans.factory.support.DefaultListableBeanFactory - Eagerly caching bean 'spring.jpa-org.springframework.boot.autoconfigure.orm.jpa.JpaProperties' to allow for resolving potential circular references
14:03:37.219 [main] DEBUG org.springframework.beans.factory.support.DefaultListableBeanFactory - Returning cached instance of singleton bean 'org.springframework.transaction.config.internalTransactionAdvisor'
14:03:37.219 [main] DEBUG org.springframework.beans.factory.support.DefaultListableBeanFactory - Returning cached instance of singleton bean 'org.springframework.transaction.config.internalTransactionAdvisor'
14:03:37.222 [main] DEBUG org.springframework.beans.factory.support.DefaultListableBeanFactory - Finished creating instance of bean 'spring.jpa-org.springframework.boot.autoconfigure.orm.jpa.JpaProperties'
14:03:37.222 [main] DEBUG org.springframework.beans.factory.support.DefaultListableBeanFactory - Autowiring by type from bean name 'org.springframework.boot.autoconfigure.orm.jpa.HibernateJpaConfiguration' via constructor to bean named 'dataSource'
14:03:37.222 [main] DEBUG org.springframework.beans.factory.support.DefaultListableBeanFactory - Autowiring by type from bean name 'org.springframework.boot.autoconfigure.orm.jpa.HibernateJpaConfiguration' via constructor to bean named 'spring.jpa-org.springframework.boot.autoconfigure.orm.jpa.JpaProperties'
14:03:37.224 [main] DEBUG org.springframework.beans.factory.support.DefaultListableBeanFactory - Creating shared instance of singleton bean 'platformTransactionManagerCustomizers'
14:03:37.224 [main] DEBUG org.springframework.beans.factory.support.DefaultListableBeanFactory - Creating instance of bean 'platformTransactionManagerCustomizers'
14:03:37.224 [main] DEBUG org.springframework.beans.factory.support.DefaultListableBeanFactory - Returning cached instance of singleton bean 'org.springframework.transaction.config.internalTransactionAdvisor'
14:03:37.224 [main] DEBUG org.springframework.beans.factory.support.DefaultListableBeanFactory - Creating shared instance of singleton bean 'org.springframework.boot.autoconfigure.transaction.TransactionAutoConfiguration'
14:03:37.224 [main] DEBUG org.springframework.beans.factory.support.DefaultListableBeanFactory - Creating instance of bean 'org.springframework.boot.autoconfigure.transaction.TransactionAutoConfiguration'
14:03:37.224 [main] DEBUG org.springframework.beans.factory.support.DefaultListableBeanFactory - Returning cached instance of singleton bean 'org.springframework.transaction.config.internalTransactionAdvisor'
14:03:37.224 [main] DEBUG org.springframework.beans.factory.support.DefaultListableBeanFactory - Eagerly caching bean 'org.springframework.boot.autoconfigure.transaction.TransactionAutoConfiguration' to allow for resolving potential circular references
14:03:37.227 [main] DEBUG org.springframework.beans.factory.support.DefaultListableBeanFactory - Returning cached instance of singleton bean 'org.springframework.transaction.config.internalTransactionAdvisor'
14:03:37.227 [main] DEBUG org.springframework.beans.factory.support.DefaultListableBeanFactory - Returning cached instance of singleton bean 'org.springframework.transaction.config.internalTransactionAdvisor'
14:03:37.229 [main] DEBUG org.springframework.beans.factory.support.DefaultListableBeanFactory - Finished creating instance of bean 'org.springframework.boot.autoconfigure.transaction.TransactionAutoConfiguration'
14:03:37.234 [main] DEBUG org.springframework.beans.factory.support.DefaultListableBeanFactory - Creating shared instance of singleton bean 'spring.transaction-org.springframework.boot.autoconfigure.transaction.TransactionProperties'
14:03:37.234 [main] DEBUG org.springframework.beans.factory.support.DefaultListableBeanFactory - Creating instance of bean 'spring.transaction-org.springframework.boot.autoconfigure.transaction.TransactionProperties'
14:03:37.234 [main] DEBUG org.springframework.beans.factory.support.DefaultListableBeanFactory - Returning cached instance of singleton bean 'org.springframework.transaction.config.internalTransactionAdvisor'
14:03:37.236 [main] DEBUG org.springframework.beans.factory.support.DefaultListableBeanFactory - Eagerly caching bean 'spring.transaction-org.springframework.boot.autoconfigure.transaction.TransactionProperties' to allow for resolving potential circular references
14:03:37.239 [main] DEBUG org.springframework.beans.factory.support.DefaultListableBeanFactory - Returning cached instance of singleton bean 'org.springframework.transaction.config.internalTransactionAdvisor'
14:03:37.239 [main] DEBUG org.springframework.beans.factory.support.DefaultListableBeanFactory - Returning cached instance of singleton bean 'org.springframework.transaction.config.internalTransactionAdvisor'
14:03:37.241 [main] DEBUG org.springframework.beans.factory.support.DefaultListableBeanFactory - Finished creating instance of bean 'spring.transaction-org.springframework.boot.autoconfigure.transaction.TransactionProperties'
14:03:37.243 [main] DEBUG org.springframework.beans.factory.support.DefaultListableBeanFactory - Eagerly caching bean 'platformTransactionManagerCustomizers' to allow for resolving potential circular references
14:03:37.244 [main] DEBUG org.springframework.beans.factory.support.DefaultListableBeanFactory - Returning cached instance of singleton bean 'org.springframework.transaction.config.internalTransactionAdvisor'
14:03:37.244 [main] DEBUG org.springframework.beans.factory.support.DefaultListableBeanFactory - Returning cached instance of singleton bean 'org.springframework.transaction.config.internalTransactionAdvisor'
14:03:37.246 [main] DEBUG org.springframework.beans.factory.support.DefaultListableBeanFactory - Finished creating instance of bean 'platformTransactionManagerCustomizers'
14:03:37.249 [main] DEBUG org.springframework.beans.factory.support.DefaultListableBeanFactory - Creating shared instance of singleton bean 'hikariPoolDataSourceMetadataProvider'
14:03:37.249 [main] DEBUG org.springframework.beans.factory.support.DefaultListableBeanFactory - Creating instance of bean 'hikariPoolDataSourceMetadataProvider'
14:03:37.250 [main] DEBUG org.springframework.beans.factory.support.DefaultListableBeanFactory - Returning cached instance of singleton bean 'org.springframework.transaction.config.internalTransactionAdvisor'
14:03:37.250 [main] DEBUG org.springframework.beans.factory.support.DefaultListableBeanFactory - Creating shared instance of singleton bean 'org.springframework.boot.autoconfigure.jdbc.metadata.DataSourcePoolMetadataProvidersConfiguration$HikariPoolDataSourceMetadataProviderConfiguration'
14:03:37.250 [main] DEBUG org.springframework.beans.factory.support.DefaultListableBeanFactory - Creating instance of bean 'org.springframework.boot.autoconfigure.jdbc.metadata.DataSourcePoolMetadataProvidersConfiguration$HikariPoolDataSourceMetadataProviderConfiguration'
14:03:37.250 [main] DEBUG org.springframework.beans.factory.support.DefaultListableBeanFactory - Returning cached instance of singleton bean 'org.springframework.transaction.config.internalTransactionAdvisor'
14:03:37.250 [main] DEBUG org.springframework.beans.factory.support.DefaultListableBeanFactory - Eagerly caching bean 'org.springframework.boot.autoconfigure.jdbc.metadata.DataSourcePoolMetadataProvidersConfiguration$HikariPoolDataSourceMetadataProviderConfiguration' to allow for resolving potential circular references
14:03:37.252 [main] DEBUG org.springframework.beans.factory.support.DefaultListableBeanFactory - Returning cached instance of singleton bean 'org.springframework.transaction.config.internalTransactionAdvisor'
14:03:37.252 [main] DEBUG org.springframework.beans.factory.support.DefaultListableBeanFactory - Returning cached instance of singleton bean 'org.springframework.transaction.config.internalTransactionAdvisor'
14:03:37.256 [main] DEBUG org.springframework.beans.factory.support.DefaultListableBeanFactory - Finished creating instance of bean 'org.springframework.boot.autoconfigure.jdbc.metadata.DataSourcePoolMetadataProvidersConfiguration$HikariPoolDataSourceMetadataProviderConfiguration'
14:03:37.261 [main] DEBUG org.springframework.beans.factory.support.DefaultListableBeanFactory - Eagerly caching bean 'hikariPoolDataSourceMetadataProvider' to allow for resolving potential circular references
14:03:37.262 [main] DEBUG org.springframework.beans.factory.support.DefaultListableBeanFactory - Returning cached instance of singleton bean 'org.springframework.transaction.config.internalTransactionAdvisor'
14:03:37.262 [main] DEBUG org.springframework.beans.factory.support.DefaultListableBeanFactory - Returning cached instance of singleton bean 'org.springframework.transaction.config.internalTransactionAdvisor'
14:03:37.266 [main] DEBUG org.springframework.beans.factory.support.DefaultListableBeanFactory - Finished creating instance of bean 'hikariPoolDataSourceMetadataProvider'
14:03:37.271 [main] DEBUG org.springframework.beans.factory.support.DefaultListableBeanFactory - Eagerly caching bean 'org.springframework.boot.autoconfigure.orm.jpa.HibernateJpaConfiguration' to allow for resolving potential circular references
14:03:37.280 [main] DEBUG org.springframework.beans.factory.support.DefaultListableBeanFactory - Returning cached instance of singleton bean 'org.springframework.transaction.config.internalTransactionAdvisor'
14:03:37.281 [main] DEBUG org.springframework.beans.factory.support.DefaultListableBeanFactory - Returning cached instance of singleton bean 'org.springframework.transaction.config.internalTransactionAdvisor'
14:03:37.286 [main] DEBUG org.springframework.beans.factory.support.DefaultListableBeanFactory - Finished creating instance of bean 'org.springframework.boot.autoconfigure.orm.jpa.HibernateJpaConfiguration'
14:03:37.287 [main] DEBUG org.springframework.beans.factory.support.DefaultListableBeanFactory - Creating shared instance of singleton bean 'entityManagerFactoryBuilder'
14:03:37.287 [main] DEBUG org.springframework.beans.factory.support.DefaultListableBeanFactory - Creating instance of bean 'entityManagerFactoryBuilder'
14:03:37.287 [main] DEBUG org.springframework.beans.factory.support.DefaultListableBeanFactory - Returning cached instance of singleton bean 'org.springframework.transaction.config.internalTransactionAdvisor'
14:03:37.287 [main] DEBUG org.springframework.beans.factory.support.DefaultListableBeanFactory - Returning cached instance of singleton bean 'org.springframework.boot.autoconfigure.orm.jpa.HibernateJpaConfiguration'
14:03:37.288 [main] DEBUG org.springframework.beans.factory.support.DefaultListableBeanFactory - Creating shared instance of singleton bean 'jpaVendorAdapter'
14:03:37.288 [main] DEBUG org.springframework.beans.factory.support.DefaultListableBeanFactory - Creating instance of bean 'jpaVendorAdapter'
14:03:37.288 [main] DEBUG org.springframework.beans.factory.support.DefaultListableBeanFactory - Returning cached instance of singleton bean 'org.springframework.transaction.config.internalTransactionAdvisor'
14:03:37.288 [main] DEBUG org.springframework.beans.factory.support.DefaultListableBeanFactory - Returning cached instance of singleton bean 'org.springframework.boot.autoconfigure.orm.jpa.HibernateJpaConfiguration'
14:03:37.319 [main] DEBUG org.jboss.logging - Logging Provider: org.jboss.logging.Log4j2LoggerProvider
14:03:37.327 [main] DEBUG org.springframework.jdbc.datasource.DataSourceUtils - Fetching JDBC Connection from DataSource
14:03:37.328 [main] DEBUG com.zaxxer.hikari.HikariConfig - HikariPool-1 - configuration:
14:03:37.330 [main] DEBUG com.zaxxer.hikari.HikariConfig - allowPoolSuspension.............false
14:03:37.330 [main] DEBUG com.zaxxer.hikari.HikariConfig - autoCommit......................true
14:03:37.330 [main] DEBUG com.zaxxer.hikari.HikariConfig - catalog.........................none
14:03:37.330 [main] DEBUG com.zaxxer.hikari.HikariConfig - connectionInitSql...............none
14:03:37.330 [main] DEBUG com.zaxxer.hikari.HikariConfig - connectionTestQuery.............none
14:03:37.330 [main] DEBUG com.zaxxer.hikari.HikariConfig - connectionTimeout...............30000
14:03:37.330 [main] DEBUG com.zaxxer.hikari.HikariConfig - dataSource......................none
14:03:37.330 [main] DEBUG com.zaxxer.hikari.HikariConfig - dataSourceClassName.............none
14:03:37.330 [main] DEBUG com.zaxxer.hikari.HikariConfig - dataSourceJNDI..................none
14:03:37.331 [main] DEBUG com.zaxxer.hikari.HikariConfig - dataSourceProperties............{password=<masked>}
14:03:37.331 [main] DEBUG com.zaxxer.hikari.HikariConfig - driverClassName................."org.postgresql.Driver"
14:03:37.331 [main] DEBUG com.zaxxer.hikari.HikariConfig - healthCheckProperties...........{}
14:03:37.331 [main] DEBUG com.zaxxer.hikari.HikariConfig - healthCheckRegistry.............none
14:03:37.331 [main] DEBUG com.zaxxer.hikari.HikariConfig - idleTimeout.....................600000
14:03:37.331 [main] DEBUG com.zaxxer.hikari.HikariConfig - initializationFailFast..........true
14:03:37.331 [main] DEBUG com.zaxxer.hikari.HikariConfig - initializationFailTimeout.......1
14:03:37.331 [main] DEBUG com.zaxxer.hikari.HikariConfig - isolateInternalQueries..........false
14:03:37.331 [main] DEBUG com.zaxxer.hikari.HikariConfig - jdbc4ConnectionTest.............false
14:03:37.331 [main] DEBUG com.zaxxer.hikari.HikariConfig - jdbcUrl.........................jdbc:postgresql://localhost:32775/test
14:03:37.331 [main] DEBUG com.zaxxer.hikari.HikariConfig - leakDetectionThreshold..........0
14:03:37.331 [main] DEBUG com.zaxxer.hikari.HikariConfig - maxLifetime.....................1800000
14:03:37.331 [main] DEBUG com.zaxxer.hikari.HikariConfig - maximumPoolSize.................10
14:03:37.331 [main] DEBUG com.zaxxer.hikari.HikariConfig - metricRegistry..................none
14:03:37.332 [main] DEBUG com.zaxxer.hikari.HikariConfig - metricsTrackerFactory...........none
14:03:37.332 [main] DEBUG com.zaxxer.hikari.HikariConfig - minimumIdle.....................10
14:03:37.332 [main] DEBUG com.zaxxer.hikari.HikariConfig - password........................<masked>
14:03:37.332 [main] DEBUG com.zaxxer.hikari.HikariConfig - poolName........................"HikariPool-1"
14:03:37.332 [main] DEBUG com.zaxxer.hikari.HikariConfig - readOnly........................false
14:03:37.332 [main] DEBUG com.zaxxer.hikari.HikariConfig - registerMbeans..................false
14:03:37.332 [main] DEBUG com.zaxxer.hikari.HikariConfig - scheduledExecutor...............none
14:03:37.332 [main] DEBUG com.zaxxer.hikari.HikariConfig - scheduledExecutorService........internal
14:03:37.332 [main] DEBUG com.zaxxer.hikari.HikariConfig - schema..........................none
14:03:37.332 [main] DEBUG com.zaxxer.hikari.HikariConfig - threadFactory...................internal
14:03:37.332 [main] DEBUG com.zaxxer.hikari.HikariConfig - transactionIsolation............default
14:03:37.332 [main] DEBUG com.zaxxer.hikari.HikariConfig - username........................"test"
14:03:37.332 [main] DEBUG com.zaxxer.hikari.HikariConfig - validationTimeout...............5000
14:03:37.332 [main] INFO com.zaxxer.hikari.HikariDataSource - HikariPool-1 - Starting...
14:03:37.421 [main] DEBUG com.zaxxer.hikari.pool.HikariPool - HikariPool-1 - Added connection org.postgresql.jdbc.PgConnection@23ed382c
14:03:37.423 [main] INFO com.zaxxer.hikari.HikariDataSource - HikariPool-1 - Start completed.
14:03:37.430 [main] DEBUG org.springframework.jdbc.datasource.DataSourceUtils - Returning JDBC Connection to DataSource
14:03:37.434 [main] DEBUG org.springframework.beans.factory.support.DefaultListableBeanFactory - Eagerly caching bean 'jpaVendorAdapter' to allow for resolving potential circular references
14:03:37.440 [main] DEBUG org.springframework.beans.factory.support.DefaultListableBeanFactory - Returning cached instance of singleton bean 'org.springframework.transaction.config.internalTransactionAdvisor'
14:03:37.440 [main] DEBUG org.springframework.beans.factory.support.DefaultListableBeanFactory - Returning cached instance of singleton bean 'org.springframework.transaction.config.internalTransactionAdvisor'
14:03:37.446 [main] DEBUG org.springframework.beans.factory.support.DefaultListableBeanFactory - Finished creating instance of bean 'jpaVendorAdapter'
14:03:37.446 [main] DEBUG org.springframework.beans.factory.support.DefaultListableBeanFactory - Autowiring by type from bean name 'entityManagerFactoryBuilder' via factory method to bean named 'jpaVendorAdapter'
14:03:37.448 [main] DEBUG org.springframework.beans.factory.support.DefaultListableBeanFactory - Eagerly caching bean 'entityManagerFactoryBuilder' to allow for resolving potential circular references
14:03:37.450 [main] DEBUG org.springframework.beans.factory.support.DefaultListableBeanFactory - Returning cached instance of singleton bean 'org.springframework.transaction.config.internalTransactionAdvisor'
14:03:37.450 [main] DEBUG org.springframework.beans.factory.support.DefaultListableBeanFactory - Returning cached instance of singleton bean 'org.springframework.transaction.config.internalTransactionAdvisor'
14:03:37.452 [main] DEBUG org.springframework.beans.factory.support.DefaultListableBeanFactory - Finished creating instance of bean 'entityManagerFactoryBuilder'
14:03:37.452 [main] DEBUG org.springframework.beans.factory.support.DefaultListableBeanFactory - Autowiring by type from bean name 'entityManagerFactory' via factory method to bean named 'entityManagerFactoryBuilder'
14:03:37.458 [main] DEBUG org.springframework.jdbc.datasource.DataSourceUtils - Fetching JDBC Connection from DataSource
14:03:37.463 [main] DEBUG org.springframework.jdbc.datasource.DataSourceUtils - Returning JDBC Connection to DataSource
14:03:37.465 [main] DEBUG org.springframework.beans.factory.support.DefaultListableBeanFactory - Returning cached instance of singleton bean 'org.springframework.boot.autoconfigure.AutoConfigurationPackages'
14:03:37.465 [main] DEBUG org.springframework.beans.factory.support.DefaultListableBeanFactory - Returning cached instance of singleton bean 'org.springframework.boot.autoconfigure.AutoConfigurationPackages'
14:03:37.473 [main] DEBUG org.springframework.beans.factory.support.DefaultListableBeanFactory - Eagerly caching bean 'entityManagerFactory' to allow for resolving potential circular references
14:03:37.490 [main] DEBUG org.springframework.beans.factory.support.DefaultListableBeanFactory - Invoking afterPropertiesSet() on bean with name 'entityManagerFactory'
14:03:37.494 [main] DEBUG org.springframework.core.io.support.PathMatchingResourcePatternResolver - Resolved classpath location [META-INF/persistence.xml] to resources []
14:03:37.494 [main] DEBUG org.springframework.core.io.support.PathMatchingResourcePatternResolver - Resolved classpath location [com/bk/hotel/] to resources [URL [file:/Users/williamkorando/Documents/WelcomeJUnit5/JUnit5Demo/target/test-classes/com/bk/hotel/], URL [file:/Users/williamkorando/Documents/WelcomeJUnit5/JUnit5Demo/target/classes/com/bk/hotel/]]
14:03:37.494 [main] DEBUG org.springframework.core.io.support.PathMatchingResourcePatternResolver - Looking for matching resources in directory tree [/Users/williamkorando/Documents/WelcomeJUnit5/JUnit5Demo/target/test-classes/com/bk/hotel]
14:03:37.495 [main] DEBUG org.springframework.core.io.support.PathMatchingResourcePatternResolver - Searching directory [/Users/williamkorando/Documents/WelcomeJUnit5/JUnit5Demo/target/test-classes/com/bk/hotel] for files matching pattern [/Users/williamkorando/Documents/WelcomeJUnit5/JUnit5Demo/target/test-classes/com/bk/hotel/**/*.class]
14:03:37.495 [main] DEBUG org.springframework.core.io.support.PathMatchingResourcePatternResolver - Searching directory [/Users/williamkorando/Documents/WelcomeJUnit5/JUnit5Demo/target/test-classes/com/bk/hotel/controller] for files matching pattern [/Users/williamkorando/Documents/WelcomeJUnit5/JUnit5Demo/target/test-classes/com/bk/hotel/**/*.class]
14:03:37.496 [main] DEBUG org.springframework.core.io.support.PathMatchingResourcePatternResolver - Searching directory [/Users/williamkorando/Documents/WelcomeJUnit5/JUnit5Demo/target/test-classes/com/bk/hotel/junit4] for files matching pattern [/Users/williamkorando/Documents/WelcomeJUnit5/JUnit5Demo/target/test-classes/com/bk/hotel/**/*.class]
14:03:37.497 [main] DEBUG org.springframework.core.io.support.PathMatchingResourcePatternResolver - Searching directory [/Users/williamkorando/Documents/WelcomeJUnit5/JUnit5Demo/target/test-classes/com/bk/hotel/repo] for files matching pattern [/Users/williamkorando/Documents/WelcomeJUnit5/JUnit5Demo/target/test-classes/com/bk/hotel/**/*.class]
14:03:37.497 [main] DEBUG org.springframework.core.io.support.PathMatchingResourcePatternResolver - Searching directory [/Users/williamkorando/Documents/WelcomeJUnit5/JUnit5Demo/target/test-classes/com/bk/hotel/service] for files matching pattern [/Users/williamkorando/Documents/WelcomeJUnit5/JUnit5Demo/target/test-classes/com/bk/hotel/**/*.class]
14:03:37.497 [main] DEBUG org.springframework.core.io.support.PathMatchingResourcePatternResolver - Searching directory [/Users/williamkorando/Documents/WelcomeJUnit5/JUnit5Demo/target/test-classes/com/bk/hotel/service/impl] for files matching pattern [/Users/williamkorando/Documents/WelcomeJUnit5/JUnit5Demo/target/test-classes/com/bk/hotel/**/*.class]
14:03:37.499 [main] DEBUG org.springframework.core.io.support.PathMatchingResourcePatternResolver - Looking for matching resources in directory tree [/Users/williamkorando/Documents/WelcomeJUnit5/JUnit5Demo/target/classes/com/bk/hotel]
14:03:37.499 [main] DEBUG org.springframework.core.io.support.PathMatchingResourcePatternResolver - Searching directory [/Users/williamkorando/Documents/WelcomeJUnit5/JUnit5Demo/target/classes/com/bk/hotel] for files matching pattern [/Users/williamkorando/Documents/WelcomeJUnit5/JUnit5Demo/target/classes/com/bk/hotel/**/*.class]
14:03:37.499 [main] DEBUG org.springframework.core.io.support.PathMatchingResourcePatternResolver - Searching directory [/Users/williamkorando/Documents/WelcomeJUnit5/JUnit5Demo/target/classes/com/bk/hotel/controller] for files matching pattern [/Users/williamkorando/Documents/WelcomeJUnit5/JUnit5Demo/target/classes/com/bk/hotel/**/*.class]
14:03:37.499 [main] DEBUG org.springframework.core.io.support.PathMatchingResourcePatternResolver - Searching directory [/Users/williamkorando/Documents/WelcomeJUnit5/JUnit5Demo/target/classes/com/bk/hotel/model] for files matching pattern [/Users/williamkorando/Documents/WelcomeJUnit5/JUnit5Demo/target/classes/com/bk/hotel/**/*.class]
14:03:37.500 [main] DEBUG org.springframework.core.io.support.PathMatchingResourcePatternResolver - Searching directory [/Users/williamkorando/Documents/WelcomeJUnit5/JUnit5Demo/target/classes/com/bk/hotel/repo] for files matching pattern [/Users/williamkorando/Documents/WelcomeJUnit5/JUnit5Demo/target/classes/com/bk/hotel/**/*.class]
14:03:37.500 [main] DEBUG org.springframework.core.io.support.PathMatchingResourcePatternResolver - Searching directory [/Users/williamkorando/Documents/WelcomeJUnit5/JUnit5Demo/target/classes/com/bk/hotel/service] for files matching pattern [/Users/williamkorando/Documents/WelcomeJUnit5/JUnit5Demo/target/classes/com/bk/hotel/**/*.class]
14:03:37.500 [main] DEBUG org.springframework.core.io.support.PathMatchingResourcePatternResolver - Searching directory [/Users/williamkorando/Documents/WelcomeJUnit5/JUnit5Demo/target/classes/com/bk/hotel/service/impl] for files matching pattern [/Users/williamkorando/Documents/WelcomeJUnit5/JUnit5Demo/target/classes/com/bk/hotel/**/*.class]
14:03:37.501 [main] DEBUG org.springframework.core.io.support.PathMatchingResourcePatternResolver - Resolved location pattern [classpath*:com/bk/hotel/**/*.class] to resources [file [/Users/williamkorando/Documents/WelcomeJUnit5/JUnit5Demo/target/test-classes/com/bk/hotel/controller/DeleteResourceEndpointTest.class], file [/Users/williamkorando/Documents/WelcomeJUnit5/JUnit5Demo/target/test-classes/com/bk/hotel/controller/EndpointTest.class], file [/Users/williamkorando/Documents/WelcomeJUnit5/JUnit5Demo/target/test-classes/com/bk/hotel/controller/GetResourceEndpointTest.class], file [/Users/williamkorando/Documents/WelcomeJUnit5/JUnit5Demo/target/test-classes/com/bk/hotel/controller/PutPostEndpointTesting.class], file [/Users/williamkorando/Documents/WelcomeJUnit5/JUnit5Demo/target/test-classes/com/bk/hotel/controller/RoomControllerTest.class], file [/Users/williamkorando/Documents/WelcomeJUnit5/JUnit5Demo/target/test-classes/com/bk/hotel/controller/SearchEndpointTest.class], file [/Users/williamkorando/Documents/WelcomeJUnit5/JUnit5Demo/target/test-classes/com/bk/hotel/controller/SuccessfulSearchScenario.class], file [/Users/williamkorando/Documents/WelcomeJUnit5/JUnit5Demo/target/test-classes/com/bk/hotel/controller/TestCustomersController$1.class], file [/Users/williamkorando/Documents/WelcomeJUnit5/JUnit5Demo/target/test-classes/com/bk/hotel/controller/TestCustomersController.class], file [/Users/williamkorando/Documents/WelcomeJUnit5/JUnit5Demo/target/test-classes/com/bk/hotel/junit4/CustomerRepoTest.class], file [/Users/williamkorando/Documents/WelcomeJUnit5/JUnit5Demo/target/test-classes/com/bk/hotel/junit4/ITCustomerRepo$Initializer.class], file [/Users/williamkorando/Documents/WelcomeJUnit5/JUnit5Demo/target/test-classes/com/bk/hotel/junit4/ITCustomerRepo.class], file [/Users/williamkorando/Documents/WelcomeJUnit5/JUnit5Demo/target/test-classes/com/bk/hotel/junit4/ParameterizedReservationServiceImplTest.class], file [/Users/williamkorando/Documents/WelcomeJUnit5/JUnit5Demo/target/test-classes/com/bk/hotel/junit4/RoomServiceImplTest.class], file [/Users/williamkorando/Documents/WelcomeJUnit5/JUnit5Demo/target/test-classes/com/bk/hotel/repo/CustomerRepoJUnit5Test.class], file [/Users/williamkorando/Documents/WelcomeJUnit5/JUnit5Demo/target/test-classes/com/bk/hotel/repo/ITCustomerJUnit5Repo$Initializer.class], file [/Users/williamkorando/Documents/WelcomeJUnit5/JUnit5Demo/target/test-classes/com/bk/hotel/repo/ITCustomerJUnit5Repo.class], file [/Users/williamkorando/Documents/WelcomeJUnit5/JUnit5Demo/target/test-classes/com/bk/hotel/service/impl/ArgumentsAccessorParamterizedTest.class], file [/Users/williamkorando/Documents/WelcomeJUnit5/JUnit5Demo/target/test-classes/com/bk/hotel/service/impl/CheatRoomServiceImplJUnit5Test.class], file [/Users/williamkorando/Documents/WelcomeJUnit5/JUnit5Demo/target/test-classes/com/bk/hotel/service/impl/DateValidationBean.class], file [/Users/williamkorando/Documents/WelcomeJUnit5/JUnit5Demo/target/test-classes/com/bk/hotel/service/impl/DateValidationBeanAggregator.class], file [/Users/williamkorando/Documents/WelcomeJUnit5/JUnit5Demo/target/test-classes/com/bk/hotel/service/impl/DisableOnMacCondition.class], file [/Users/williamkorando/Documents/WelcomeJUnit5/JUnit5Demo/target/test-classes/com/bk/hotel/service/impl/DisabledOnMac.class], file [/Users/williamkorando/Documents/WelcomeJUnit5/JUnit5Demo/target/test-classes/com/bk/hotel/service/impl/DisabledOnNixSystems.class], file [/Users/williamkorando/Documents/WelcomeJUnit5/JUnit5Demo/target/test-classes/com/bk/hotel/service/impl/EnabledOnNixSystems.class], file [/Users/williamkorando/Documents/WelcomeJUnit5/JUnit5Demo/target/test-classes/com/bk/hotel/service/impl/ExternalMethodSourceParameterizedTest.class], file [/Users/williamkorando/Documents/WelcomeJUnit5/JUnit5Demo/target/test-classes/com/bk/hotel/service/impl/IntegrationTest.class], file [/Users/williamkorando/Documents/WelcomeJUnit5/JUnit5Demo/target/test-classes/com/bk/hotel/service/impl/JUnit5ParameterizedTest.class], file [/Users/williamkorando/Documents/WelcomeJUnit5/JUnit5Demo/target/test-classes/com/bk/hotel/service/impl/JUnit5ParameterizedTestImprovements.class], file [/Users/williamkorando/Documents/WelcomeJUnit5/JUnit5Demo/target/test-classes/com/bk/hotel/service/impl/ParameterizedTestData.class], file [/Users/williamkorando/Documents/WelcomeJUnit5/JUnit5Demo/target/test-classes/com/bk/hotel/service/impl/RepeatedTestDemo.class], file [/Users/williamkorando/Documents/WelcomeJUnit5/JUnit5Demo/target/test-classes/com/bk/hotel/service/impl/SpringTestContainersExtension.class], file [/Users/williamkorando/Documents/WelcomeJUnit5/JUnit5Demo/target/test-classes/com/bk/hotel/service/impl/StringArrayConverter.class], file [/Users/williamkorando/Documents/WelcomeJUnit5/JUnit5Demo/target/test-classes/com/bk/hotel/service/impl/ToDataValidationBean.class], file [/Users/williamkorando/Documents/WelcomeJUnit5/JUnit5Demo/target/classes/com/bk/hotel/ControllerLoggingAspect.class], file [/Users/williamkorando/Documents/WelcomeJUnit5/JUnit5Demo/target/classes/com/bk/hotel/HotelApplication.class], file [/Users/williamkorando/Documents/WelcomeJUnit5/JUnit5Demo/target/classes/com/bk/hotel/RoomServiceException.class], file [/Users/williamkorando/Documents/WelcomeJUnit5/JUnit5Demo/target/classes/com/bk/hotel/controller/CustomerController.class], file [/Users/williamkorando/Documents/WelcomeJUnit5/JUnit5Demo/target/classes/com/bk/hotel/controller/ReservationController.class], file [/Users/williamkorando/Documents/WelcomeJUnit5/JUnit5Demo/target/classes/com/bk/hotel/controller/RoomController.class], file [/Users/williamkorando/Documents/WelcomeJUnit5/JUnit5Demo/target/classes/com/bk/hotel/model/Customer$CustomerBuilder.class], file [/Users/williamkorando/Documents/WelcomeJUnit5/JUnit5Demo/target/classes/com/bk/hotel/model/Customer.class], file [/Users/williamkorando/Documents/WelcomeJUnit5/JUnit5Demo/target/classes/com/bk/hotel/model/ErrorResponse.class], file [/Users/williamkorando/Documents/WelcomeJUnit5/JUnit5Demo/target/classes/com/bk/hotel/model/Reservation.class], file [/Users/williamkorando/Documents/WelcomeJUnit5/JUnit5Demo/target/classes/com/bk/hotel/model/Room.class], file [/Users/williamkorando/Documents/WelcomeJUnit5/JUnit5Demo/target/classes/com/bk/hotel/repo/CustomerRepo.class], file [/Users/williamkorando/Documents/WelcomeJUnit5/JUnit5Demo/target/classes/com/bk/hotel/repo/RoomRepo.class], file [/Users/williamkorando/Documents/WelcomeJUnit5/JUnit5Demo/target/classes/com/bk/hotel/service/CustomerService.class], file [/Users/williamkorando/Documents/WelcomeJUnit5/JUnit5Demo/target/classes/com/bk/hotel/service/ReservationService.class], file [/Users/williamkorando/Documents/WelcomeJUnit5/JUnit5Demo/target/classes/com/bk/hotel/service/RoomService.class], file [/Users/williamkorando/Documents/WelcomeJUnit5/JUnit5Demo/target/classes/com/bk/hotel/service/impl/ReservationServiceImpl.class], file [/Users/williamkorando/Documents/WelcomeJUnit5/JUnit5Demo/target/classes/com/bk/hotel/service/impl/RoomServiceImpl.class]]
14:03:37.505 [main] INFO org.springframework.orm.jpa.LocalContainerEntityManagerFactoryBean - Building JPA container EntityManagerFactory for persistence unit 'default'
14:03:37.525 [HikariPool-1 housekeeper] DEBUG com.zaxxer.hikari.pool.HikariPool - HikariPool-1 - Pool stats (total=1, active=0, idle=1, waiting=0)
14:03:37.530 [main] DEBUG org.hibernate.jpa.internal.util.LogHelper - PersistenceUnitInfo [
	name: default
	persistence provider classname: null
	classloader: sun.misc.Launcher$AppClassLoader@28d93b30
	excludeUnlistedClasses: true
	JTA datasource: null
	Non JTA datasource: HikariDataSource (HikariPool-1)
	Transaction type: RESOURCE_LOCAL
	PU root URL: file:/Users/williamkorando/Documents/WelcomeJUnit5/JUnit5Demo/target/test-classes/
	Shared Cache Mode: UNSPECIFIED
	Validation Mode: AUTO
	Jar files URLs []
	Managed classes names [
		com.bk.hotel.model.Customer
		com.bk.hotel.model.Room]
	Mapping files names []
	Properties []
14:03:37.535 [HikariPool-1 connection adder] DEBUG com.zaxxer.hikari.pool.HikariPool - HikariPool-1 - Added connection org.postgresql.jdbc.PgConnection@14dcbce4
14:03:37.544 [HikariPool-1 connection adder] DEBUG com.zaxxer.hikari.pool.HikariPool - HikariPool-1 - Added connection org.postgresql.jdbc.PgConnection@1a1b500f
14:03:37.551 [HikariPool-1 connection adder] DEBUG com.zaxxer.hikari.pool.HikariPool - HikariPool-1 - Added connection org.postgresql.jdbc.PgConnection@1e24d794
14:03:37.553 [main] DEBUG org.hibernate.integrator.internal.IntegratorServiceImpl - Adding Integrator [org.hibernate.cfg.beanvalidation.BeanValidationIntegrator].
14:03:37.556 [main] DEBUG org.hibernate.integrator.internal.IntegratorServiceImpl - Adding Integrator [org.hibernate.secure.spi.JaccIntegrator].
14:03:37.557 [HikariPool-1 connection adder] DEBUG com.zaxxer.hikari.pool.HikariPool - HikariPool-1 - Added connection org.postgresql.jdbc.PgConnection@5b265a34
14:03:37.584 [main] DEBUG org.hibernate.integrator.internal.IntegratorServiceImpl - Adding Integrator [org.hibernate.cache.internal.CollectionCacheInvalidator].
14:03:37.585 [main] DEBUG org.hibernate.integrator.internal.IntegratorServiceImpl - Adding Integrator [org.hibernate.jpa.event.spi.JpaIntegrator].
14:03:37.585 [HikariPool-1 connection adder] DEBUG com.zaxxer.hikari.pool.HikariPool - HikariPool-1 - Added connection org.postgresql.jdbc.PgConnection@2a6cf628
14:03:37.592 [HikariPool-1 connection adder] DEBUG com.zaxxer.hikari.pool.HikariPool - HikariPool-1 - Added connection org.postgresql.jdbc.PgConnection@6a374042
14:03:37.599 [HikariPool-1 connection adder] DEBUG com.zaxxer.hikari.pool.HikariPool - HikariPool-1 - Added connection org.postgresql.jdbc.PgConnection@5297b2e7
14:03:37.606 [HikariPool-1 connection adder] DEBUG com.zaxxer.hikari.pool.HikariPool - HikariPool-1 - Added connection org.postgresql.jdbc.PgConnection@3b09a57b
14:03:37.612 [HikariPool-1 connection adder] DEBUG com.zaxxer.hikari.pool.HikariPool - HikariPool-1 - Added connection org.postgresql.jdbc.PgConnection@7699d984
14:03:37.612 [HikariPool-1 connection adder] DEBUG com.zaxxer.hikari.pool.HikariPool - HikariPool-1 - After adding stats (total=10, active=0, idle=10, waiting=0)
14:03:37.643 [main] INFO org.hibernate.Version - HHH000412: Hibernate Core {5.2.16.Final}
14:03:37.644 [main] INFO org.hibernate.cfg.Environment - HHH000206: hibernate.properties not found
14:03:37.655 [main] DEBUG org.hibernate.service.spi.ServiceBinding - Overriding existing service binding [org.hibernate.secure.spi.JaccService]
14:03:37.672 [main] DEBUG org.hibernate.cache.internal.RegionFactoryInitiator - Cache region factory : org.hibernate.cache.internal.NoCachingRegionFactory
14:03:37.678 [main] INFO org.hibernate.annotations.common.Version - HCANN000001: Hibernate Commons Annotations {5.0.1.Final}
14:03:37.727 [main] DEBUG org.hibernate.type.BasicTypeRegistry - Adding type registration boolean -> org.hibernate.type.BooleanType@1ac6dd3d
14:03:37.727 [main] DEBUG org.hibernate.type.BasicTypeRegistry - Adding type registration boolean -> org.hibernate.type.BooleanType@1ac6dd3d
14:03:37.727 [main] DEBUG org.hibernate.type.BasicTypeRegistry - Adding type registration java.lang.Boolean -> org.hibernate.type.BooleanType@1ac6dd3d
14:03:37.727 [main] DEBUG org.hibernate.type.BasicTypeRegistry - Adding type registration numeric_boolean -> org.hibernate.type.NumericBooleanType@43245559
14:03:37.728 [main] DEBUG org.hibernate.type.BasicTypeRegistry - Adding type registration true_false -> org.hibernate.type.TrueFalseType@2c1f8dbd
14:03:37.728 [main] DEBUG org.hibernate.type.BasicTypeRegistry - Adding type registration yes_no -> org.hibernate.type.YesNoType@335f5c69
14:03:37.729 [main] DEBUG org.hibernate.type.BasicTypeRegistry - Adding type registration byte -> org.hibernate.type.ByteType@4b56b031
14:03:37.729 [main] DEBUG org.hibernate.type.BasicTypeRegistry - Adding type registration byte -> org.hibernate.type.ByteType@4b56b031
14:03:37.729 [main] DEBUG org.hibernate.type.BasicTypeRegistry - Adding type registration java.lang.Byte -> org.hibernate.type.ByteType@4b56b031
14:03:37.730 [main] DEBUG org.hibernate.type.BasicTypeRegistry - Adding type registration character -> org.hibernate.type.CharacterType@733e6df7
14:03:37.730 [main] DEBUG org.hibernate.type.BasicTypeRegistry - Adding type registration char -> org.hibernate.type.CharacterType@733e6df7
14:03:37.730 [main] DEBUG org.hibernate.type.BasicTypeRegistry - Adding type registration java.lang.Character -> org.hibernate.type.CharacterType@733e6df7
14:03:37.731 [main] DEBUG org.hibernate.type.BasicTypeRegistry - Adding type registration short -> org.hibernate.type.ShortType@79a201cf
14:03:37.731 [main] DEBUG org.hibernate.type.BasicTypeRegistry - Adding type registration short -> org.hibernate.type.ShortType@79a201cf
14:03:37.731 [main] DEBUG org.hibernate.type.BasicTypeRegistry - Adding type registration java.lang.Short -> org.hibernate.type.ShortType@79a201cf
14:03:37.731 [main] DEBUG org.hibernate.type.BasicTypeRegistry - Adding type registration integer -> org.hibernate.type.IntegerType@4e375bba
14:03:37.731 [main] DEBUG org.hibernate.type.BasicTypeRegistry - Adding type registration int -> org.hibernate.type.IntegerType@4e375bba
14:03:37.731 [main] DEBUG org.hibernate.type.BasicTypeRegistry - Adding type registration java.lang.Integer -> org.hibernate.type.IntegerType@4e375bba
14:03:37.732 [main] DEBUG org.hibernate.type.BasicTypeRegistry - Adding type registration long -> org.hibernate.type.LongType@bd3eff4
14:03:37.732 [main] DEBUG org.hibernate.type.BasicTypeRegistry - Adding type registration long -> org.hibernate.type.LongType@bd3eff4
14:03:37.732 [main] DEBUG org.hibernate.type.BasicTypeRegistry - Adding type registration java.lang.Long -> org.hibernate.type.LongType@bd3eff4
14:03:37.733 [main] DEBUG org.hibernate.type.BasicTypeRegistry - Adding type registration float -> org.hibernate.type.FloatType@2ba42204
14:03:37.733 [main] DEBUG org.hibernate.type.BasicTypeRegistry - Adding type registration float -> org.hibernate.type.FloatType@2ba42204
14:03:37.733 [main] DEBUG org.hibernate.type.BasicTypeRegistry - Adding type registration java.lang.Float -> org.hibernate.type.FloatType@2ba42204
14:03:37.734 [main] DEBUG org.hibernate.type.BasicTypeRegistry - Adding type registration double -> org.hibernate.type.DoubleType@4c731956
14:03:37.734 [main] DEBUG org.hibernate.type.BasicTypeRegistry - Adding type registration double -> org.hibernate.type.DoubleType@4c731956
14:03:37.734 [main] DEBUG org.hibernate.type.BasicTypeRegistry - Adding type registration java.lang.Double -> org.hibernate.type.DoubleType@4c731956
14:03:37.734 [main] DEBUG org.hibernate.type.BasicTypeRegistry - Adding type registration big_decimal -> org.hibernate.type.BigDecimalType@2b6c7012
14:03:37.735 [main] DEBUG org.hibernate.type.BasicTypeRegistry - Adding type registration java.math.BigDecimal -> org.hibernate.type.BigDecimalType@2b6c7012
14:03:37.735 [main] DEBUG org.hibernate.type.BasicTypeRegistry - Adding type registration big_integer -> org.hibernate.type.BigIntegerType@50b46e24
14:03:37.735 [main] DEBUG org.hibernate.type.BasicTypeRegistry - Adding type registration java.math.BigInteger -> org.hibernate.type.BigIntegerType@50b46e24
14:03:37.736 [main] DEBUG org.hibernate.type.BasicTypeRegistry - Adding type registration string -> org.hibernate.type.StringType@1d15c0a1
14:03:37.736 [main] DEBUG org.hibernate.type.BasicTypeRegistry - Adding type registration java.lang.String -> org.hibernate.type.StringType@1d15c0a1
14:03:37.736 [main] DEBUG org.hibernate.type.BasicTypeRegistry - Adding type registration nstring -> org.hibernate.type.StringNVarcharType@681c0ae6
14:03:37.737 [main] DEBUG org.hibernate.type.BasicTypeRegistry - Adding type registration ncharacter -> org.hibernate.type.CharacterNCharType@7459a21e
14:03:37.737 [main] DEBUG org.hibernate.type.BasicTypeRegistry - Adding type registration url -> org.hibernate.type.UrlType@739265f1
14:03:37.737 [main] DEBUG org.hibernate.type.BasicTypeRegistry - Adding type registration java.net.URL -> org.hibernate.type.UrlType@739265f1
14:03:37.738 [main] DEBUG org.hibernate.type.BasicTypeRegistry - Adding type registration Duration -> org.hibernate.type.DurationType@f2d890c
14:03:37.738 [main] DEBUG org.hibernate.type.BasicTypeRegistry - Adding type registration java.time.Duration -> org.hibernate.type.DurationType@f2d890c
14:03:37.739 [main] DEBUG org.hibernate.type.BasicTypeRegistry - Adding type registration Instant -> org.hibernate.type.InstantType@49c099b
14:03:37.739 [main] DEBUG org.hibernate.type.BasicTypeRegistry - Adding type registration java.time.Instant -> org.hibernate.type.InstantType@49c099b
14:03:37.739 [main] DEBUG org.hibernate.type.BasicTypeRegistry - Adding type registration LocalDateTime -> org.hibernate.type.LocalDateTimeType@188a5fc2
14:03:37.739 [main] DEBUG org.hibernate.type.BasicTypeRegistry - Adding type registration java.time.LocalDateTime -> org.hibernate.type.LocalDateTimeType@188a5fc2
14:03:37.740 [main] DEBUG org.hibernate.type.BasicTypeRegistry - Adding type registration LocalDate -> org.hibernate.type.LocalDateType@4a89ef44
14:03:37.740 [main] DEBUG org.hibernate.type.BasicTypeRegistry - Adding type registration java.time.LocalDate -> org.hibernate.type.LocalDateType@4a89ef44
14:03:37.741 [main] DEBUG org.hibernate.type.BasicTypeRegistry - Adding type registration LocalTime -> org.hibernate.type.LocalTimeType@1416ff46
14:03:37.741 [main] DEBUG org.hibernate.type.BasicTypeRegistry - Adding type registration java.time.LocalTime -> org.hibernate.type.LocalTimeType@1416ff46
14:03:37.742 [main] DEBUG org.hibernate.type.BasicTypeRegistry - Adding type registration OffsetDateTime -> org.hibernate.type.OffsetDateTimeType@489bc8fd
14:03:37.742 [main] DEBUG org.hibernate.type.BasicTypeRegistry - Adding type registration java.time.OffsetDateTime -> org.hibernate.type.OffsetDateTimeType@489bc8fd
14:03:37.742 [main] DEBUG org.hibernate.type.BasicTypeRegistry - Adding type registration OffsetTime -> org.hibernate.type.OffsetTimeType@653fb8d1
14:03:37.742 [main] DEBUG org.hibernate.type.BasicTypeRegistry - Adding type registration java.time.OffsetTime -> org.hibernate.type.OffsetTimeType@653fb8d1
14:03:37.744 [main] DEBUG org.hibernate.type.BasicTypeRegistry - Adding type registration ZonedDateTime -> org.hibernate.type.ZonedDateTimeType@6c17c0f8
14:03:37.744 [main] DEBUG org.hibernate.type.BasicTypeRegistry - Adding type registration java.time.ZonedDateTime -> org.hibernate.type.ZonedDateTimeType@6c17c0f8
14:03:37.745 [main] DEBUG org.hibernate.type.BasicTypeRegistry - Adding type registration date -> org.hibernate.type.DateType@1578b8ec
14:03:37.745 [main] DEBUG org.hibernate.type.BasicTypeRegistry - Adding type registration java.sql.Date -> org.hibernate.type.DateType@1578b8ec
14:03:37.746 [main] DEBUG org.hibernate.type.BasicTypeRegistry - Adding type registration time -> org.hibernate.type.TimeType@74667e6a
14:03:37.746 [main] DEBUG org.hibernate.type.BasicTypeRegistry - Adding type registration java.sql.Time -> org.hibernate.type.TimeType@74667e6a
14:03:37.746 [main] DEBUG org.hibernate.type.BasicTypeRegistry - Adding type registration timestamp -> org.hibernate.type.TimestampType@7df6d663
14:03:37.746 [main] DEBUG org.hibernate.type.BasicTypeRegistry - Adding type registration java.sql.Timestamp -> org.hibernate.type.TimestampType@7df6d663
14:03:37.746 [main] DEBUG org.hibernate.type.BasicTypeRegistry - Adding type registration java.util.Date -> org.hibernate.type.TimestampType@7df6d663
14:03:37.747 [main] DEBUG org.hibernate.type.BasicTypeRegistry - Adding type registration dbtimestamp -> org.hibernate.type.DbTimestampType@415a3f6a
14:03:37.748 [main] DEBUG org.hibernate.type.BasicTypeRegistry - Adding type registration calendar -> org.hibernate.type.CalendarType@c2df90e
14:03:37.748 [main] DEBUG org.hibernate.type.BasicTypeRegistry - Adding type registration java.util.Calendar -> org.hibernate.type.CalendarType@c2df90e
14:03:37.748 [main] DEBUG org.hibernate.type.BasicTypeRegistry - Adding type registration java.util.GregorianCalendar -> org.hibernate.type.CalendarType@c2df90e
14:03:37.748 [main] DEBUG org.hibernate.type.BasicTypeRegistry - Adding type registration calendar_date -> org.hibernate.type.CalendarDateType@5f9f3e58
14:03:37.748 [main] DEBUG org.hibernate.type.BasicTypeRegistry - Adding type registration locale -> org.hibernate.type.LocaleType@7e5b621b
14:03:37.748 [main] DEBUG org.hibernate.type.BasicTypeRegistry - Adding type registration java.util.Locale -> org.hibernate.type.LocaleType@7e5b621b
14:03:37.749 [main] DEBUG org.hibernate.type.BasicTypeRegistry - Adding type registration currency -> org.hibernate.type.CurrencyType@647b9364
14:03:37.749 [main] DEBUG org.hibernate.type.BasicTypeRegistry - Adding type registration java.util.Currency -> org.hibernate.type.CurrencyType@647b9364
14:03:37.750 [main] DEBUG org.hibernate.type.BasicTypeRegistry - Adding type registration timezone -> org.hibernate.type.TimeZoneType@34330f77
14:03:37.750 [main] DEBUG org.hibernate.type.BasicTypeRegistry - Adding type registration java.util.TimeZone -> org.hibernate.type.TimeZoneType@34330f77
14:03:37.750 [main] DEBUG org.hibernate.type.BasicTypeRegistry - Adding type registration class -> org.hibernate.type.ClassType@51a16adf
14:03:37.750 [main] DEBUG org.hibernate.type.BasicTypeRegistry - Adding type registration java.lang.Class -> org.hibernate.type.ClassType@51a16adf
14:03:37.751 [main] DEBUG org.hibernate.type.BasicTypeRegistry - Adding type registration uuid-binary -> org.hibernate.type.UUIDBinaryType@193eb1ba
14:03:37.751 [main] DEBUG org.hibernate.type.BasicTypeRegistry - Adding type registration java.util.UUID -> org.hibernate.type.UUIDBinaryType@193eb1ba
14:03:37.751 [main] DEBUG org.hibernate.type.BasicTypeRegistry - Adding type registration uuid-char -> org.hibernate.type.UUIDCharType@32256e68
14:03:37.752 [main] DEBUG org.hibernate.type.BasicTypeRegistry - Adding type registration binary -> org.hibernate.type.BinaryType@71560f51
14:03:37.752 [main] DEBUG org.hibernate.type.BasicTypeRegistry - Adding type registration byte[] -> org.hibernate.type.BinaryType@71560f51
14:03:37.752 [main] DEBUG org.hibernate.type.BasicTypeRegistry - Adding type registration [B -> org.hibernate.type.BinaryType@71560f51
14:03:37.753 [main] DEBUG org.hibernate.type.BasicTypeRegistry - Adding type registration wrapper-binary -> org.hibernate.type.WrapperBinaryType@5b251fb9
14:03:37.753 [main] DEBUG org.hibernate.type.BasicTypeRegistry - Adding type registration Byte[] -> org.hibernate.type.WrapperBinaryType@5b251fb9
14:03:37.753 [main] DEBUG org.hibernate.type.BasicTypeRegistry - Adding type registration [Ljava.lang.Byte; -> org.hibernate.type.WrapperBinaryType@5b251fb9
14:03:37.753 [main] DEBUG org.hibernate.type.BasicTypeRegistry - Adding type registration row_version -> org.hibernate.type.RowVersionType@798deee8
14:03:37.754 [main] DEBUG org.hibernate.type.BasicTypeRegistry - Adding type registration image -> org.hibernate.type.ImageType@79afa369
14:03:37.754 [main] DEBUG org.hibernate.type.BasicTypeRegistry - Adding type registration characters -> org.hibernate.type.CharArrayType@267f9765
14:03:37.754 [main] DEBUG org.hibernate.type.BasicTypeRegistry - Adding type registration char[] -> org.hibernate.type.CharArrayType@267f9765
14:03:37.754 [main] DEBUG org.hibernate.type.BasicTypeRegistry - Adding type registration [C -> org.hibernate.type.CharArrayType@267f9765
14:03:37.755 [main] DEBUG org.hibernate.type.BasicTypeRegistry - Adding type registration wrapper-characters -> org.hibernate.type.CharacterArrayType@ce12fbb
14:03:37.755 [main] DEBUG org.hibernate.type.BasicTypeRegistry - Adding type registration [Ljava.lang.Character; -> org.hibernate.type.CharacterArrayType@ce12fbb
14:03:37.755 [main] DEBUG org.hibernate.type.BasicTypeRegistry - Adding type registration Character[] -> org.hibernate.type.CharacterArrayType@ce12fbb
14:03:37.755 [main] DEBUG org.hibernate.type.BasicTypeRegistry - Adding type registration text -> org.hibernate.type.TextType@32a72c4
14:03:37.756 [main] DEBUG org.hibernate.type.BasicTypeRegistry - Adding type registration ntext -> org.hibernate.type.NTextType@5d352de0
14:03:37.758 [main] DEBUG org.hibernate.type.BasicTypeRegistry - Adding type registration blob -> org.hibernate.type.BlobType@34d480b9
14:03:37.758 [main] DEBUG org.hibernate.type.BasicTypeRegistry - Adding type registration java.sql.Blob -> org.hibernate.type.BlobType@34d480b9
14:03:37.758 [main] DEBUG org.hibernate.type.BasicTypeRegistry - Adding type registration materialized_blob -> org.hibernate.type.MaterializedBlobType@7135ce0a
14:03:37.760 [main] DEBUG org.hibernate.type.BasicTypeRegistry - Adding type registration clob -> org.hibernate.type.ClobType@28e8888d
14:03:37.760 [main] DEBUG org.hibernate.type.BasicTypeRegistry - Adding type registration java.sql.Clob -> org.hibernate.type.ClobType@28e8888d
14:03:37.762 [main] DEBUG org.hibernate.type.BasicTypeRegistry - Adding type registration nclob -> org.hibernate.type.NClobType@668cc9a2
14:03:37.762 [main] DEBUG org.hibernate.type.BasicTypeRegistry - Adding type registration java.sql.NClob -> org.hibernate.type.NClobType@668cc9a2
14:03:37.762 [main] DEBUG org.hibernate.type.BasicTypeRegistry - Adding type registration materialized_clob -> org.hibernate.type.MaterializedClobType@3c9ef6e9
14:03:37.762 [main] DEBUG org.hibernate.type.BasicTypeRegistry - Adding type registration materialized_nclob -> org.hibernate.type.MaterializedNClobType@2f054f70
14:03:37.763 [main] DEBUG org.hibernate.type.BasicTypeRegistry - Adding type registration serializable -> org.hibernate.type.SerializableType@7ab802f4
14:03:37.765 [main] DEBUG org.hibernate.type.BasicTypeRegistry - Adding type registration object -> org.hibernate.type.ObjectType@63f40ca0
14:03:37.765 [main] DEBUG org.hibernate.type.BasicTypeRegistry - Adding type registration java.lang.Object -> org.hibernate.type.ObjectType@63f40ca0
14:03:37.766 [main] DEBUG org.hibernate.type.BasicTypeRegistry - Adding type registration imm_date -> org.hibernate.type.AdaptedImmutableType@ccd341d
14:03:37.766 [main] DEBUG org.hibernate.type.BasicTypeRegistry - Adding type registration imm_time -> org.hibernate.type.AdaptedImmutableType@4f1fb828
14:03:37.766 [main] DEBUG org.hibernate.type.BasicTypeRegistry - Adding type registration imm_timestamp -> org.hibernate.type.AdaptedImmutableType@6ee5f485
14:03:37.766 [main] DEBUG org.hibernate.type.BasicTypeRegistry - Adding type registration imm_dbtimestamp -> org.hibernate.type.AdaptedImmutableType@20d19f2c
14:03:37.766 [main] DEBUG org.hibernate.type.BasicTypeRegistry - Adding type registration imm_calendar -> org.hibernate.type.AdaptedImmutableType@45592af7
14:03:37.766 [main] DEBUG org.hibernate.type.BasicTypeRegistry - Adding type registration imm_calendar_date -> org.hibernate.type.AdaptedImmutableType@77b5148c
14:03:37.766 [main] DEBUG org.hibernate.type.BasicTypeRegistry - Adding type registration imm_binary -> org.hibernate.type.AdaptedImmutableType@36359723
14:03:37.766 [main] DEBUG org.hibernate.type.BasicTypeRegistry - Adding type registration imm_serializable -> org.hibernate.type.AdaptedImmutableType@1ab14636
14:03:37.771 [main] DEBUG org.hibernate.engine.jdbc.env.internal.JdbcEnvironmentInitiator - Database ->
       name : PostgreSQL
    version : 10.2 (Debian 10.2-1.pgdg90+1)
      major : 10
      minor : 2
14:03:37.771 [main] DEBUG org.hibernate.engine.jdbc.env.internal.JdbcEnvironmentInitiator - Driver ->
       name : PostgreSQL JDBC Driver
    version : 42.2.2
      major : 42
      minor : 2
14:03:37.771 [main] DEBUG org.hibernate.engine.jdbc.env.internal.JdbcEnvironmentInitiator - JDBC version : 4.2
14:03:37.779 [main] INFO org.hibernate.dialect.Dialect - HHH000400: Using dialect: org.hibernate.dialect.PostgreSQLDialect
14:03:37.926 [main] DEBUG org.hibernate.engine.jdbc.env.spi.IdentifierHelperBuilder - JDBC driver metadata reported database stores quoted identifiers in neither upper, lower nor mixed case
14:03:37.937 [main] INFO org.hibernate.engine.jdbc.env.internal.LobCreatorBuilderImpl - HHH000424: Disabling contextual LOB creation as createClob() method threw error : java.lang.reflect.InvocationTargetException
java.lang.reflect.InvocationTargetException: null
	at sun.reflect.NativeMethodAccessorImpl.invoke0(Native Method)
	at sun.reflect.NativeMethodAccessorImpl.invoke(NativeMethodAccessorImpl.java:62)
	at sun.reflect.DelegatingMethodAccessorImpl.invoke(DelegatingMethodAccessorImpl.java:43)
	at java.lang.reflect.Method.invoke(Method.java:498)
	at org.hibernate.engine.jdbc.env.internal.LobCreatorBuilderImpl.useContextualLobCreation(LobCreatorBuilderImpl.java:113)
	at org.hibernate.engine.jdbc.env.internal.LobCreatorBuilderImpl.makeLobCreatorBuilder(LobCreatorBuilderImpl.java:54)
	at org.hibernate.engine.jdbc.env.internal.JdbcEnvironmentImpl.<init>(JdbcEnvironmentImpl.java:271)
	at org.hibernate.engine.jdbc.env.internal.JdbcEnvironmentInitiator.initiateService(JdbcEnvironmentInitiator.java:114)
	at org.hibernate.engine.jdbc.env.internal.JdbcEnvironmentInitiator.initiateService(JdbcEnvironmentInitiator.java:35)
	at org.hibernate.boot.registry.internal.StandardServiceRegistryImpl.initiateService(StandardServiceRegistryImpl.java:88)
	at org.hibernate.service.internal.AbstractServiceRegistryImpl.createService(AbstractServiceRegistryImpl.java:259)
	at org.hibernate.service.internal.AbstractServiceRegistryImpl.initializeService(AbstractServiceRegistryImpl.java:233)
	at org.hibernate.service.internal.AbstractServiceRegistryImpl.getService(AbstractServiceRegistryImpl.java:210)
	at org.hibernate.engine.jdbc.internal.JdbcServicesImpl.configure(JdbcServicesImpl.java:51)
	at org.hibernate.boot.registry.internal.StandardServiceRegistryImpl.configureService(StandardServiceRegistryImpl.java:94)
	at org.hibernate.service.internal.AbstractServiceRegistryImpl.initializeService(AbstractServiceRegistryImpl.java:242)
	at org.hibernate.service.internal.AbstractServiceRegistryImpl.getService(AbstractServiceRegistryImpl.java:210)
	at org.hibernate.boot.model.process.spi.MetadataBuildingProcess.handleTypes(MetadataBuildingProcess.java:352)
	at org.hibernate.boot.model.process.spi.MetadataBuildingProcess.complete(MetadataBuildingProcess.java:111)
	at org.hibernate.jpa.boot.internal.EntityManagerFactoryBuilderImpl.metadata(EntityManagerFactoryBuilderImpl.java:861)
	at org.hibernate.jpa.boot.internal.EntityManagerFactoryBuilderImpl.build(EntityManagerFactoryBuilderImpl.java:888)
	at org.springframework.orm.jpa.vendor.SpringHibernateJpaPersistenceProvider.createContainerEntityManagerFactory(SpringHibernateJpaPersistenceProvider.java:57)
	at org.springframework.orm.jpa.LocalContainerEntityManagerFactoryBean.createNativeEntityManagerFactory(LocalContainerEntityManagerFactoryBean.java:365)
	at org.springframework.orm.jpa.AbstractEntityManagerFactoryBean.buildNativeEntityManagerFactory(AbstractEntityManagerFactoryBean.java:390)
	at org.springframework.orm.jpa.AbstractEntityManagerFactoryBean.afterPropertiesSet(AbstractEntityManagerFactoryBean.java:377)
	at org.springframework.orm.jpa.LocalContainerEntityManagerFactoryBean.afterPropertiesSet(LocalContainerEntityManagerFactoryBean.java:341)
	at org.springframework.beans.factory.support.AbstractAutowireCapableBeanFactory.invokeInitMethods(AbstractAutowireCapableBeanFactory.java:1761)
	at org.springframework.beans.factory.support.AbstractAutowireCapableBeanFactory.initializeBean(AbstractAutowireCapableBeanFactory.java:1698)
	at org.springframework.beans.factory.support.AbstractAutowireCapableBeanFactory.doCreateBean(AbstractAutowireCapableBeanFactory.java:579)
	at org.springframework.beans.factory.support.AbstractAutowireCapableBeanFactory.createBean(AbstractAutowireCapableBeanFactory.java:501)
	at org.springframework.beans.factory.support.AbstractBeanFactory.lambda$doGetBean$0(AbstractBeanFactory.java:317)
	at org.springframework.beans.factory.support.DefaultSingletonBeanRegistry.getSingleton(DefaultSingletonBeanRegistry.java:228)
	at org.springframework.beans.factory.support.AbstractBeanFactory.doGetBean(AbstractBeanFactory.java:315)
	at org.springframework.beans.factory.support.AbstractBeanFactory.getBean(AbstractBeanFactory.java:199)
	at org.springframework.context.support.AbstractApplicationContext.getBean(AbstractApplicationContext.java:1089)
	at org.springframework.context.support.AbstractApplicationContext.finishBeanFactoryInitialization(AbstractApplicationContext.java:859)
	at org.springframework.context.support.AbstractApplicationContext.refresh(AbstractApplicationContext.java:550)
	at org.springframework.test.context.support.AbstractGenericContextLoader.loadContext(AbstractGenericContextLoader.java:128)
	at org.springframework.test.context.support.AbstractGenericContextLoader.loadContext(AbstractGenericContextLoader.java:60)
	at org.springframework.test.context.support.AbstractDelegatingSmartContextLoader.delegateLoading(AbstractDelegatingSmartContextLoader.java:107)
	at org.springframework.test.context.support.AbstractDelegatingSmartContextLoader.loadContext(AbstractDelegatingSmartContextLoader.java:243)
	at org.springframework.test.context.cache.DefaultCacheAwareContextLoaderDelegate.loadContextInternal(DefaultCacheAwareContextLoaderDelegate.java:99)
	at org.springframework.test.context.cache.DefaultCacheAwareContextLoaderDelegate.loadContext(DefaultCacheAwareContextLoaderDelegate.java:117)
	at org.springframework.test.context.support.DefaultTestContext.getApplicationContext(DefaultTestContext.java:108)
	at org.springframework.boot.test.mock.mockito.MockitoTestExecutionListener.postProcessFields(MockitoTestExecutionListener.java:99)
	at org.springframework.boot.test.mock.mockito.MockitoTestExecutionListener.injectFields(MockitoTestExecutionListener.java:79)
	at org.springframework.boot.test.mock.mockito.MockitoTestExecutionListener.prepareTestInstance(MockitoTestExecutionListener.java:54)
	at org.springframework.test.context.TestContextManager.prepareTestInstance(TestContextManager.java:246)
	at org.springframework.test.context.junit.jupiter.SpringExtension.postProcessTestInstance(SpringExtension.java:97)
	at com.bk.hotel.service.impl.SpringTestContainersExtension.postProcessTestInstance(SpringTestContainersExtension.java:34)
	at org.junit.jupiter.engine.descriptor.ClassTestDescriptor.lambda$invokeTestInstancePostProcessors$3(ClassTestDescriptor.java:215)
	at org.junit.jupiter.engine.descriptor.JupiterTestDescriptor.executeAndMaskThrowable(JupiterTestDescriptor.java:141)
	at org.junit.jupiter.engine.descriptor.ClassTestDescriptor.lambda$invokeTestInstancePostProcessors$4(ClassTestDescriptor.java:215)
	at java.util.stream.ReferencePipeline$3$1.accept(ReferencePipeline.java:193)
	at java.util.stream.ReferencePipeline$2$1.accept(ReferencePipeline.java:175)
	at java.util.ArrayList$ArrayListSpliterator.forEachRemaining(ArrayList.java:1374)
	at java.util.stream.AbstractPipeline.copyInto(AbstractPipeline.java:481)
	at java.util.stream.AbstractPipeline.wrapAndCopyInto(AbstractPipeline.java:471)
	at java.util.stream.StreamSpliterators$WrappingSpliterator.forEachRemaining(StreamSpliterators.java:312)
	at java.util.stream.Streams$ConcatSpliterator.forEachRemaining(Streams.java:743)
	at java.util.stream.Streams$ConcatSpliterator.forEachRemaining(Streams.java:742)
	at java.util.stream.ReferencePipeline$Head.forEach(ReferencePipeline.java:580)
	at org.junit.jupiter.engine.descriptor.ClassTestDescriptor.invokeTestInstancePostProcessors(ClassTestDescriptor.java:214)
	at org.junit.jupiter.engine.descriptor.ClassTestDescriptor.instantiateAndPostProcessTestInstance(ClassTestDescriptor.java:196)
	at org.junit.jupiter.engine.descriptor.ClassTestDescriptor.lambda$testInstanceProvider$0(ClassTestDescriptor.java:185)
	at org.junit.jupiter.engine.descriptor.ClassTestDescriptor.lambda$testInstanceProvider$1(ClassTestDescriptor.java:189)
	at java.util.Optional.orElseGet(Optional.java:267)
	at org.junit.jupiter.engine.descriptor.ClassTestDescriptor.lambda$testInstanceProvider$2(ClassTestDescriptor.java:188)
	at org.junit.jupiter.engine.descriptor.TestMethodTestDescriptor.prepare(TestMethodTestDescriptor.java:81)
	at org.junit.jupiter.engine.descriptor.TestMethodTestDescriptor.prepare(TestMethodTestDescriptor.java:58)
	at org.junit.platform.engine.support.hierarchical.HierarchicalTestExecutor$NodeExecutor.prepare(HierarchicalTestExecutor.java:89)
	at org.junit.platform.engine.support.hierarchical.HierarchicalTestExecutor$NodeExecutor.execute(HierarchicalTestExecutor.java:74)
	at org.junit.platform.engine.support.hierarchical.HierarchicalTestExecutor$NodeExecutor.lambda$executeRecursively$2(HierarchicalTestExecutor.java:121)
	at java.util.stream.ForEachOps$ForEachOp$OfRef.accept(ForEachOps.java:184)
	at java.util.stream.ReferencePipeline$2$1.accept(ReferencePipeline.java:175)
	at java.util.Iterator.forEachRemaining(Iterator.java:116)
	at java.util.Spliterators$IteratorSpliterator.forEachRemaining(Spliterators.java:1801)
	at java.util.stream.AbstractPipeline.copyInto(AbstractPipeline.java:481)
	at java.util.stream.AbstractPipeline.wrapAndCopyInto(AbstractPipeline.java:471)
	at java.util.stream.ForEachOps$ForEachOp.evaluateSequential(ForEachOps.java:151)
	at java.util.stream.ForEachOps$ForEachOp$OfRef.evaluateSequential(ForEachOps.java:174)
	at java.util.stream.AbstractPipeline.evaluate(AbstractPipeline.java:234)
	at java.util.stream.ReferencePipeline.forEach(ReferencePipeline.java:418)
	at org.junit.platform.engine.support.hierarchical.HierarchicalTestExecutor$NodeExecutor.lambda$executeRecursively$3(HierarchicalTestExecutor.java:121)
	at org.junit.platform.engine.support.hierarchical.SingleTestExecutor.executeSafely(SingleTestExecutor.java:66)
	at org.junit.platform.engine.support.hierarchical.HierarchicalTestExecutor$NodeExecutor.executeRecursively(HierarchicalTestExecutor.java:108)
	at org.junit.platform.engine.support.hierarchical.HierarchicalTestExecutor$NodeExecutor.execute(HierarchicalTestExecutor.java:79)
	at org.junit.platform.engine.support.hierarchical.HierarchicalTestExecutor$NodeExecutor.lambda$executeRecursively$2(HierarchicalTestExecutor.java:121)
	at java.util.stream.ForEachOps$ForEachOp$OfRef.accept(ForEachOps.java:184)
	at java.util.stream.ReferencePipeline$2$1.accept(ReferencePipeline.java:175)
	at java.util.Iterator.forEachRemaining(Iterator.java:116)
	at java.util.Spliterators$IteratorSpliterator.forEachRemaining(Spliterators.java:1801)
	at java.util.stream.AbstractPipeline.copyInto(AbstractPipeline.java:481)
	at java.util.stream.AbstractPipeline.wrapAndCopyInto(AbstractPipeline.java:471)
	at java.util.stream.ForEachOps$ForEachOp.evaluateSequential(ForEachOps.java:151)
	at java.util.stream.ForEachOps$ForEachOp$OfRef.evaluateSequential(ForEachOps.java:174)
	at java.util.stream.AbstractPipeline.evaluate(AbstractPipeline.java:234)
	at java.util.stream.ReferencePipeline.forEach(ReferencePipeline.java:418)
	at org.junit.platform.engine.support.hierarchical.HierarchicalTestExecutor$NodeExecutor.lambda$executeRecursively$3(HierarchicalTestExecutor.java:121)
	at org.junit.platform.engine.support.hierarchical.SingleTestExecutor.executeSafely(SingleTestExecutor.java:66)
	at org.junit.platform.engine.support.hierarchical.HierarchicalTestExecutor$NodeExecutor.executeRecursively(HierarchicalTestExecutor.java:108)
	at org.junit.platform.engine.support.hierarchical.HierarchicalTestExecutor$NodeExecutor.execute(HierarchicalTestExecutor.java:79)
	at org.junit.platform.engine.support.hierarchical.HierarchicalTestExecutor.execute(HierarchicalTestExecutor.java:55)
	at org.junit.platform.engine.support.hierarchical.HierarchicalTestEngine.execute(HierarchicalTestEngine.java:43)
	at org.junit.platform.launcher.core.DefaultLauncher.execute(DefaultLauncher.java:170)
	at org.junit.platform.launcher.core.DefaultLauncher.execute(DefaultLauncher.java:154)
	at org.junit.platform.launcher.core.DefaultLauncher.execute(DefaultLauncher.java:90)
	at org.junit.platform.surefire.provider.JUnitPlatformProvider.invokeAllTests(JUnitPlatformProvider.java:132)
	at org.junit.platform.surefire.provider.JUnitPlatformProvider.invoke(JUnitPlatformProvider.java:111)
	at org.apache.maven.surefire.booter.ForkedBooter.invokeProviderInSameClassLoader(ForkedBooter.java:379)
	at org.apache.maven.surefire.booter.ForkedBooter.runSuitesInProcess(ForkedBooter.java:340)
	at org.apache.maven.surefire.booter.ForkedBooter.execute(ForkedBooter.java:125)
	at org.apache.maven.surefire.booter.ForkedBooter.main(ForkedBooter.java:413)
Caused by: java.sql.SQLFeatureNotSupportedException: Method org.postgresql.jdbc.PgConnection.createClob() is not yet implemented.
	at org.postgresql.Driver.notImplemented(Driver.java:683)
	at org.postgresql.jdbc.PgConnection.createClob(PgConnection.java:1252)
	... 113 common frames omitted
14:03:37.938 [main] DEBUG org.hibernate.type.BasicTypeRegistry - Adding type registration pg-uuid -> org.hibernate.type.PostgresUUIDType@22791b75
14:03:37.939 [main] DEBUG org.hibernate.type.BasicTypeRegistry - Adding type registration java.util.UUID -> org.hibernate.type.PostgresUUIDType@22791b75
14:03:37.939 [main] INFO org.hibernate.type.BasicTypeRegistry - HHH000270: Type registration [java.util.UUID] overrides previous : org.hibernate.type.UUIDBinaryType@193eb1ba
14:03:37.957 [main] DEBUG org.hibernate.id.factory.internal.DefaultIdentifierGeneratorFactory - Registering IdentifierGenerator strategy [uuid2] -> [org.hibernate.id.UUIDGenerator]
14:03:37.957 [main] DEBUG org.hibernate.id.factory.internal.DefaultIdentifierGeneratorFactory - Registering IdentifierGenerator strategy [guid] -> [org.hibernate.id.GUIDGenerator]
14:03:37.958 [main] DEBUG org.hibernate.id.factory.internal.DefaultIdentifierGeneratorFactory - Registering IdentifierGenerator strategy [uuid] -> [org.hibernate.id.UUIDHexGenerator]
14:03:37.958 [main] DEBUG org.hibernate.id.factory.internal.DefaultIdentifierGeneratorFactory - Registering IdentifierGenerator strategy [uuid.hex] -> [org.hibernate.id.UUIDHexGenerator]
14:03:37.958 [main] DEBUG org.hibernate.id.factory.internal.DefaultIdentifierGeneratorFactory - Registering IdentifierGenerator strategy [assigned] -> [org.hibernate.id.Assigned]
14:03:37.958 [main] DEBUG org.hibernate.id.factory.internal.DefaultIdentifierGeneratorFactory - Registering IdentifierGenerator strategy [identity] -> [org.hibernate.id.IdentityGenerator]
14:03:37.959 [main] DEBUG org.hibernate.id.factory.internal.DefaultIdentifierGeneratorFactory - Registering IdentifierGenerator strategy [select] -> [org.hibernate.id.SelectGenerator]
14:03:37.959 [main] DEBUG org.hibernate.id.factory.internal.DefaultIdentifierGeneratorFactory - Registering IdentifierGenerator strategy [sequence] -> [org.hibernate.id.enhanced.SequenceStyleGenerator]
14:03:37.960 [main] DEBUG org.hibernate.id.factory.internal.DefaultIdentifierGeneratorFactory - Registering IdentifierGenerator strategy [seqhilo] -> [org.hibernate.id.SequenceHiLoGenerator]
14:03:37.960 [main] DEBUG org.hibernate.id.factory.internal.DefaultIdentifierGeneratorFactory - Registering IdentifierGenerator strategy [increment] -> [org.hibernate.id.IncrementGenerator]
14:03:37.960 [main] DEBUG org.hibernate.id.factory.internal.DefaultIdentifierGeneratorFactory - Registering IdentifierGenerator strategy [foreign] -> [org.hibernate.id.ForeignGenerator]
14:03:37.961 [main] DEBUG org.hibernate.id.factory.internal.DefaultIdentifierGeneratorFactory - Registering IdentifierGenerator strategy [sequence-identity] -> [org.hibernate.id.SequenceIdentityGenerator]
14:03:37.961 [main] DEBUG org.hibernate.id.factory.internal.DefaultIdentifierGeneratorFactory - Registering IdentifierGenerator strategy [enhanced-sequence] -> [org.hibernate.id.enhanced.SequenceStyleGenerator]
14:03:37.961 [main] DEBUG org.hibernate.id.factory.internal.DefaultIdentifierGeneratorFactory - Registering IdentifierGenerator strategy [enhanced-table] -> [org.hibernate.id.enhanced.TableGenerator]
14:03:37.981 [main] DEBUG org.hibernate.boot.model.relational.Namespace - Created database namespace [logicalName=Name{catalog=null, schema=null}, physicalName=Name{catalog=null, schema=null}]
14:03:37.999 [main] DEBUG org.hibernate.cfg.AnnotationBinder - Binding entity from annotated class: com.bk.hotel.model.Customer
14:03:38.017 [main] DEBUG org.hibernate.cfg.Ejb3Column - Binding column: Ejb3DiscriminatorColumn{logicalColumnName'DTYPE', discriminatorTypeName='string'}
14:03:38.021 [main] DEBUG org.hibernate.cfg.annotations.EntityBinder - Import with entity name Customer
14:03:38.024 [main] DEBUG org.hibernate.cfg.annotations.EntityBinder - Bind entity com.bk.hotel.model.Customer on table customers
14:03:38.048 [main] DEBUG org.hibernate.cfg.Ejb3Column - Binding column: Ejb3Column{table=org.hibernate.mapping.Table(customers), mappingColumn=id, insertable=true, updatable=true, unique=false}
14:03:38.051 [main] DEBUG org.hibernate.cfg.annotations.PropertyBinder - MetadataSourceProcessor property id with lazy=false
14:03:38.053 [main] DEBUG org.hibernate.cfg.AbstractPropertyHolder - Attempting to locate auto-apply AttributeConverter for property [com.bk.hotel.model.Customer:id]
14:03:38.054 [main] DEBUG org.hibernate.cfg.annotations.SimpleValueBinder - building SimpleValue for id
14:03:38.056 [main] DEBUG org.hibernate.cfg.annotations.PropertyBinder - Building property id
14:03:38.059 [main] DEBUG org.hibernate.cfg.Ejb3Column - Binding column: Ejb3Column{table=org.hibernate.mapping.Table(customers), mappingColumn=first_name, insertable=true, updatable=true, unique=false}
14:03:38.059 [main] DEBUG org.hibernate.cfg.annotations.PropertyBinder - MetadataSourceProcessor property firstName with lazy=false
14:03:38.059 [main] DEBUG org.hibernate.cfg.AbstractPropertyHolder - Attempting to locate auto-apply AttributeConverter for property [com.bk.hotel.model.Customer:firstName]
14:03:38.059 [main] DEBUG org.hibernate.cfg.annotations.SimpleValueBinder - building SimpleValue for firstName
14:03:38.059 [main] DEBUG org.hibernate.cfg.annotations.PropertyBinder - Building property firstName
14:03:38.059 [main] DEBUG org.hibernate.cfg.Ejb3Column - Binding column: Ejb3Column{table=org.hibernate.mapping.Table(customers), mappingColumn=last_name, insertable=true, updatable=true, unique=false}
14:03:38.059 [main] DEBUG org.hibernate.cfg.annotations.PropertyBinder - MetadataSourceProcessor property lastName with lazy=false
14:03:38.059 [main] DEBUG org.hibernate.cfg.AbstractPropertyHolder - Attempting to locate auto-apply AttributeConverter for property [com.bk.hotel.model.Customer:lastName]
14:03:38.059 [main] DEBUG org.hibernate.cfg.annotations.SimpleValueBinder - building SimpleValue for lastName
14:03:38.059 [main] DEBUG org.hibernate.cfg.annotations.PropertyBinder - Building property lastName
14:03:38.060 [main] DEBUG org.hibernate.cfg.Ejb3Column - Binding column: Ejb3Column{table=org.hibernate.mapping.Table(customers), mappingColumn=middle_name, insertable=true, updatable=true, unique=false}
14:03:38.060 [main] DEBUG org.hibernate.cfg.annotations.PropertyBinder - MetadataSourceProcessor property middleName with lazy=false
14:03:38.060 [main] DEBUG org.hibernate.cfg.AbstractPropertyHolder - Attempting to locate auto-apply AttributeConverter for property [com.bk.hotel.model.Customer:middleName]
14:03:38.060 [main] DEBUG org.hibernate.cfg.annotations.SimpleValueBinder - building SimpleValue for middleName
14:03:38.060 [main] DEBUG org.hibernate.cfg.annotations.PropertyBinder - Building property middleName
14:03:38.060 [main] DEBUG org.hibernate.cfg.Ejb3Column - Binding column: Ejb3Column{table=org.hibernate.mapping.Table(customers), mappingColumn=suffix, insertable=true, updatable=true, unique=false}
14:03:38.060 [main] DEBUG org.hibernate.cfg.annotations.PropertyBinder - MetadataSourceProcessor property suffix with lazy=false
14:03:38.060 [main] DEBUG org.hibernate.cfg.AbstractPropertyHolder - Attempting to locate auto-apply AttributeConverter for property [com.bk.hotel.model.Customer:suffix]
14:03:38.060 [main] DEBUG org.hibernate.cfg.annotations.SimpleValueBinder - building SimpleValue for suffix
14:03:38.060 [main] DEBUG org.hibernate.cfg.annotations.PropertyBinder - Building property suffix
14:03:38.061 [main] DEBUG org.hibernate.cfg.AnnotationBinder - Binding entity from annotated class: com.bk.hotel.model.Room
14:03:38.061 [main] DEBUG org.hibernate.cfg.Ejb3Column - Binding column: Ejb3DiscriminatorColumn{logicalColumnName'DTYPE', discriminatorTypeName='string'}
14:03:38.061 [main] DEBUG org.hibernate.cfg.annotations.EntityBinder - Import with entity name Room
14:03:38.061 [main] DEBUG org.hibernate.cfg.annotations.EntityBinder - Bind entity com.bk.hotel.model.Room on table customers
14:03:38.062 [main] DEBUG org.hibernate.cfg.Ejb3Column - Binding column: Ejb3Column{table=org.hibernate.mapping.Table(customers), mappingColumn=id, insertable=true, updatable=true, unique=false}
14:03:38.062 [main] DEBUG org.hibernate.cfg.annotations.PropertyBinder - MetadataSourceProcessor property id with lazy=false
14:03:38.062 [main] DEBUG org.hibernate.cfg.AbstractPropertyHolder - Attempting to locate auto-apply AttributeConverter for property [com.bk.hotel.model.Room:id]
14:03:38.062 [main] DEBUG org.hibernate.cfg.annotations.SimpleValueBinder - building SimpleValue for id
14:03:38.062 [main] DEBUG org.hibernate.cfg.annotations.PropertyBinder - Building property id
14:03:38.062 [main] DEBUG org.hibernate.cfg.Ejb3Column - Binding column: Ejb3Column{table=org.hibernate.mapping.Table(customers), mappingColumn=room_number, insertable=true, updatable=true, unique=false}
14:03:38.062 [main] DEBUG org.hibernate.cfg.annotations.PropertyBinder - MetadataSourceProcessor property roomNumber with lazy=false
14:03:38.062 [main] DEBUG org.hibernate.cfg.AbstractPropertyHolder - Attempting to locate auto-apply AttributeConverter for property [com.bk.hotel.model.Room:roomNumber]
14:03:38.063 [main] DEBUG org.hibernate.cfg.annotations.SimpleValueBinder - building SimpleValue for roomNumber
14:03:38.063 [main] DEBUG org.hibernate.cfg.annotations.PropertyBinder - Building property roomNumber
14:03:38.063 [main] DEBUG org.hibernate.cfg.Ejb3Column - Binding column: Ejb3Column{table=org.hibernate.mapping.Table(customers), mappingColumn=room_rate, insertable=true, updatable=true, unique=false}
14:03:38.063 [main] DEBUG org.hibernate.cfg.annotations.PropertyBinder - MetadataSourceProcessor property roomRate with lazy=false
14:03:38.063 [main] DEBUG org.hibernate.cfg.AbstractPropertyHolder - Attempting to locate auto-apply AttributeConverter for property [com.bk.hotel.model.Room:roomRate]
14:03:38.063 [main] DEBUG org.hibernate.cfg.annotations.SimpleValueBinder - building SimpleValue for roomRate
14:03:38.063 [main] DEBUG org.hibernate.cfg.annotations.PropertyBinder - Building property roomRate
14:03:38.063 [main] DEBUG org.hibernate.cfg.Ejb3Column - Binding column: Ejb3Column{table=org.hibernate.mapping.Table(customers), mappingColumn=room_type, insertable=true, updatable=true, unique=false}
14:03:38.063 [main] DEBUG org.hibernate.cfg.annotations.PropertyBinder - MetadataSourceProcessor property roomType with lazy=false
14:03:38.063 [main] DEBUG org.hibernate.cfg.AbstractPropertyHolder - Attempting to locate auto-apply AttributeConverter for property [com.bk.hotel.model.Room:roomType]
14:03:38.063 [main] DEBUG org.hibernate.cfg.annotations.SimpleValueBinder - building SimpleValue for roomType
14:03:38.063 [main] DEBUG org.hibernate.cfg.annotations.PropertyBinder - Building property roomType
14:03:38.064 [main] DEBUG org.hibernate.cfg.annotations.SimpleValueBinder - Starting fillSimpleValue for id
14:03:38.064 [main] DEBUG org.hibernate.cfg.annotations.SimpleValueBinder - Starting fillSimpleValue for firstName
14:03:38.064 [main] DEBUG org.hibernate.cfg.annotations.SimpleValueBinder - Starting fillSimpleValue for lastName
14:03:38.064 [main] DEBUG org.hibernate.cfg.annotations.SimpleValueBinder - Starting fillSimpleValue for middleName
14:03:38.064 [main] DEBUG org.hibernate.cfg.annotations.SimpleValueBinder - Starting fillSimpleValue for suffix
14:03:38.064 [main] DEBUG org.hibernate.cfg.annotations.SimpleValueBinder - Starting fillSimpleValue for id
14:03:38.064 [main] DEBUG org.hibernate.cfg.annotations.SimpleValueBinder - Starting fillSimpleValue for roomNumber
14:03:38.064 [main] DEBUG org.hibernate.cfg.annotations.SimpleValueBinder - Starting fillSimpleValue for roomRate
14:03:38.065 [main] DEBUG org.hibernate.cfg.annotations.SimpleValueBinder - Starting fillSimpleValue for roomType
14:03:38.066 [main] DEBUG org.hibernate.mapping.PrimaryKey - Forcing column [id] to be non-null as it is part of the primary key for table [customers]
14:03:38.066 [main] DEBUG org.hibernate.mapping.PrimaryKey - Forcing column [id] to be non-null as it is part of the primary key for table [customers]
14:03:38.109 [main] DEBUG org.hibernate.internal.SessionFactoryImpl - Building session factory
14:03:38.110 [main] DEBUG org.hibernate.cfg.Settings - SessionFactory name : null
14:03:38.110 [main] DEBUG org.hibernate.cfg.Settings - Automatic flush during beforeCompletion(): enabled
14:03:38.110 [main] DEBUG org.hibernate.cfg.Settings - Automatic session close at end of transaction: disabled
14:03:38.110 [main] DEBUG org.hibernate.cfg.Settings - Statistics: disabled
14:03:38.110 [main] DEBUG org.hibernate.cfg.Settings - Deleted entity synthetic identifier rollback: disabled
14:03:38.110 [main] DEBUG org.hibernate.cfg.Settings - Default entity-mode: pojo
14:03:38.110 [main] DEBUG org.hibernate.cfg.Settings - Check Nullability in Core (should be disabled when Bean Validation is on): enabled
14:03:38.110 [main] DEBUG org.hibernate.cfg.Settings - Allow initialization of lazy state outside session : disabled
14:03:38.110 [main] DEBUG org.hibernate.cfg.Settings - Using BatchFetchStyle : LEGACY
14:03:38.110 [main] DEBUG org.hibernate.cfg.Settings - Default batch fetch size: -1
14:03:38.110 [main] DEBUG org.hibernate.cfg.Settings - Maximum outer join fetch depth: null
14:03:38.110 [main] DEBUG org.hibernate.cfg.Settings - Default null ordering: NONE
14:03:38.110 [main] DEBUG org.hibernate.cfg.Settings - Order SQL updates by primary key: disabled
14:03:38.110 [main] DEBUG org.hibernate.cfg.Settings - Order SQL inserts for batching: disabled
14:03:38.110 [main] DEBUG org.hibernate.cfg.Settings - multi-tenancy strategy : NONE
14:03:38.110 [main] DEBUG org.hibernate.cfg.Settings - JTA Track by Thread: enabled
14:03:38.110 [main] DEBUG org.hibernate.cfg.Settings - Query language substitutions: {}
14:03:38.110 [main] DEBUG org.hibernate.cfg.Settings - JPA query language strict compliance: disabled
14:03:38.110 [main] DEBUG org.hibernate.cfg.Settings - Named query checking : enabled
14:03:38.110 [main] DEBUG org.hibernate.cfg.Settings - Second-level cache: enabled
14:03:38.110 [main] DEBUG org.hibernate.cfg.Settings - Second-level query cache: disabled
14:03:38.110 [main] DEBUG org.hibernate.cfg.Settings - Second-level query cache factory: org.hibernate.cache.internal.StandardQueryCacheFactory@41f785e3
14:03:38.110 [main] DEBUG org.hibernate.cfg.Settings - Second-level cache region prefix: null
14:03:38.111 [main] DEBUG org.hibernate.cfg.Settings - Optimize second-level cache for minimal puts: disabled
14:03:38.111 [main] DEBUG org.hibernate.cfg.Settings - Structured second-level cache entries: disabled
14:03:38.111 [main] DEBUG org.hibernate.cfg.Settings - Second-level cache direct-reference entries: disabled
14:03:38.111 [main] DEBUG org.hibernate.cfg.Settings - Automatic eviction of collection cache: disabled
14:03:38.111 [main] DEBUG org.hibernate.cfg.Settings - JDBC batch size: 15
14:03:38.111 [main] DEBUG org.hibernate.cfg.Settings - JDBC batch updates for versioned data: enabled
14:03:38.111 [main] DEBUG org.hibernate.cfg.Settings - Scrollable result sets: enabled
14:03:38.111 [main] DEBUG org.hibernate.cfg.Settings - Wrap result sets: disabled
14:03:38.111 [main] DEBUG org.hibernate.cfg.Settings - JDBC3 getGeneratedKeys(): enabled
14:03:38.111 [main] DEBUG org.hibernate.cfg.Settings - JDBC result set fetch size: null
14:03:38.111 [main] DEBUG org.hibernate.cfg.Settings - Connection release mode: ON_CLOSE
14:03:38.111 [main] DEBUG org.hibernate.cfg.Settings - Generate SQL with comments: disabled
14:03:38.157 [main] DEBUG org.hibernate.internal.SessionFactoryImpl - Session factory constructed with filter configurations : {}
14:03:38.157 [main] DEBUG org.hibernate.internal.SessionFactoryImpl - Instantiating session factory with properties: {gopherProxySet=false, awt.toolkit=sun.lwawt.macosx.LWCToolkit, hibernate.id.new_generator_mappings=true, file.encoding.pkg=sun.io, java.specification.version=1.8, sun.cpu.isalist=, hibernate.connection.handling_mode=DELAYED_ACQUISITION_AND_HOLD, sun.jnu.encoding=UTF-8, hibernate.dialect=org.hibernate.dialect.PostgreSQLDialect, hibernate.implicit_naming_strategy=org.springframework.boot.orm.jpa.hibernate.SpringImplicitNamingStrategy, java.class.path=/Users/williamkorando/Documents/WelcomeJUnit5/JUnit5Demo/target/test-classes:/Users/williamkorando/Documents/WelcomeJUnit5/JUnit5Demo/target/classes:/Users/williamkorando/.m2/repository/org/springframework/boot/spring-boot-starter-data-jpa/2.0.1.RELEASE/spring-boot-starter-data-jpa-2.0.1.RELEASE.jar:/Users/williamkorando/.m2/repository/org/springframework/boot/spring-boot-starter/2.0.1.RELEASE/spring-boot-starter-2.0.1.RELEASE.jar:/Users/williamkorando/.m2/repository/org/springframework/boot/spring-boot/2.0.1.RELEASE/spring-boot-2.0.1.RELEASE.jar:/Users/williamkorando/.m2/repository/org/springframework/boot/spring-boot-autoconfigure/2.0.1.RELEASE/spring-boot-autoconfigure-2.0.1.RELEASE.jar:/Users/williamkorando/.m2/repository/org/springframework/boot/spring-boot-starter-logging/2.0.1.RELEASE/spring-boot-starter-logging-2.0.1.RELEASE.jar:/Users/williamkorando/.m2/repository/ch/qos/logback/logback-classic/1.2.3/logback-classic-1.2.3.jar:/Users/williamkorando/.m2/repository/ch/qos/logback/logback-core/1.2.3/logback-core-1.2.3.jar:/Users/williamkorando/.m2/repository/org/apache/logging/log4j/log4j-to-slf4j/2.10.0/log4j-to-slf4j-2.10.0.jar:/Users/williamkorando/.m2/repository/org/apache/logging/log4j/log4j-api/2.10.0/log4j-api-2.10.0.jar:/Users/williamkorando/.m2/repository/org/slf4j/jul-to-slf4j/1.7.25/jul-to-slf4j-1.7.25.jar:/Users/williamkorando/.m2/repository/javax/annotation/javax.annotation-api/1.3.2/javax.annotation-api-1.3.2.jar:/Users/williamkorando/.m2/repository/org/yaml/snakeyaml/1.19/snakeyaml-1.19.jar:/Users/williamkorando/.m2/repository/org/springframework/boot/spring-boot-starter-aop/2.0.1.RELEASE/spring-boot-starter-aop-2.0.1.RELEASE.jar:/Users/williamkorando/.m2/repository/org/springframework/spring-aop/5.0.5.RELEASE/spring-aop-5.0.5.RELEASE.jar:/Users/williamkorando/.m2/repository/org/aspectj/aspectjweaver/1.8.13/aspectjweaver-1.8.13.jar:/Users/williamkorando/.m2/repository/org/springframework/boot/spring-boot-starter-jdbc/2.0.1.RELEASE/spring-boot-starter-jdbc-2.0.1.RELEASE.jar:/Users/williamkorando/.m2/repository/com/zaxxer/HikariCP/2.7.8/HikariCP-2.7.8.jar:/Users/williamkorando/.m2/repository/org/springframework/spring-jdbc/5.0.5.RELEASE/spring-jdbc-5.0.5.RELEASE.jar:/Users/williamkorando/.m2/repository/org/hibernate/hibernate-core/5.2.16.Final/hibernate-core-5.2.16.Final.jar:/Users/williamkorando/.m2/repository/org/hibernate/javax/persistence/hibernate-jpa-2.1-api/1.0.0.Final/hibernate-jpa-2.1-api-1.0.0.Final.jar:/Users/williamkorando/.m2/repository/org/javassist/javassist/3.22.0-GA/javassist-3.22.0-GA.jar:/Users/williamkorando/.m2/repository/antlr/antlr/2.7.7/antlr-2.7.7.jar:/Users/williamkorando/.m2/repository/org/jboss/jandex/2.0.3.Final/jandex-2.0.3.Final.jar:/Users/williamkorando/.m2/repository/dom4j/dom4j/1.6.1/dom4j-1.6.1.jar:/Users/williamkorando/.m2/repository/org/hibernate/common/hibernate-commons-annotations/5.0.1.Final/hibernate-commons-annotations-5.0.1.Final.jar:/Users/williamkorando/.m2/repository/javax/transaction/javax.transaction-api/1.2/javax.transaction-api-1.2.jar:/Users/williamkorando/.m2/repository/org/springframework/data/spring-data-jpa/2.0.6.RELEASE/spring-data-jpa-2.0.6.RELEASE.jar:/Users/williamkorando/.m2/repository/org/springframework/data/spring-data-commons/2.0.6.RELEASE/spring-data-commons-2.0.6.RELEASE.jar:/Users/williamkorando/.m2/repository/org/springframework/spring-orm/5.0.5.RELEASE/spring-orm-5.0.5.RELEASE.jar:/Users/williamkorando/.m2/repository/org/springframework/spring-context/5.0.5.RELEASE/spring-context-5.0.5.RELEASE.jar:/Users/williamkorando/.m2/repository/org/springframework/spring-tx/5.0.5.RELEASE/spring-tx-5.0.5.RELEASE.jar:/Users/williamkorando/.m2/repository/org/springframework/spring-beans/5.0.5.RELEASE/spring-beans-5.0.5.RELEASE.jar:/Users/williamkorando/.m2/repository/org/slf4j/slf4j-api/1.7.25/slf4j-api-1.7.25.jar:/Users/williamkorando/.m2/repository/org/springframework/spring-aspects/5.0.5.RELEASE/spring-aspects-5.0.5.RELEASE.jar:/Users/williamkorando/.m2/repository/org/springframework/boot/spring-boot-starter-thymeleaf/2.0.1.RELEASE/spring-boot-starter-thymeleaf-2.0.1.RELEASE.jar:/Users/williamkorando/.m2/repository/org/thymeleaf/thymeleaf-spring5/3.0.9.RELEASE/thymeleaf-spring5-3.0.9.RELEASE.jar:/Users/williamkorando/.m2/repository/org/thymeleaf/thymeleaf/3.0.9.RELEASE/thymeleaf-3.0.9.RELEASE.jar:/Users/williamkorando/.m2/repository/org/attoparser/attoparser/2.0.4.RELEASE/attoparser-2.0.4.RELEASE.jar:/Users/williamkorando/.m2/repository/org/unbescape/unbescape/1.1.5.RELEASE/unbescape-1.1.5.RELEASE.jar:/Users/williamkorando/.m2/repository/org/thymeleaf/extras/thymeleaf-extras-java8time/3.0.1.RELEASE/thymeleaf-extras-java8time-3.0.1.RELEASE.jar:/Users/williamkorando/.m2/repository/org/springframework/boot/spring-boot-starter-web/2.0.1.RELEASE/spring-boot-starter-web-2.0.1.RELEASE.jar:/Users/williamkorando/.m2/repository/org/springframework/boot/spring-boot-starter-json/2.0.1.RELEASE/spring-boot-starter-json-2.0.1.RELEASE.jar:/Users/williamkorando/.m2/repository/com/fasterxml/jackson/core/jackson-databind/2.9.5/jackson-databind-2.9.5.jar:/Users/williamkorando/.m2/repository/com/fasterxml/jackson/core/jackson-annotations/2.9.0/jackson-annotations-2.9.0.jar:/Users/williamkorando/.m2/repository/com/fasterxml/jackson/core/jackson-core/2.9.5/jackson-core-2.9.5.jar:/Users/williamkorando/.m2/repository/com/fasterxml/jackson/datatype/jackson-datatype-jdk8/2.9.5/jackson-datatype-jdk8-2.9.5.jar:/Users/williamkorando/.m2/repository/com/fasterxml/jackson/datatype/jackson-datatype-jsr310/2.9.5/jackson-datatype-jsr310-2.9.5.jar:/Users/williamkorando/.m2/repository/com/fasterxml/jackson/module/jackson-module-parameter-names/2.9.5/jackson-module-parameter-names-2.9.5.jar:/Users/williamkorando/.m2/repository/org/springframework/boot/spring-boot-starter-tomcat/2.0.1.RELEASE/spring-boot-starter-tomcat-2.0.1.RELEASE.jar:/Users/williamkorando/.m2/repository/org/apache/tomcat/embed/tomcat-embed-core/8.5.29/tomcat-embed-core-8.5.29.jar:/Users/williamkorando/.m2/repository/org/apache/tomcat/embed/tomcat-embed-el/8.5.29/tomcat-embed-el-8.5.29.jar:/Users/williamkorando/.m2/repository/org/apache/tomcat/embed/tomcat-embed-websocket/8.5.29/tomcat-embed-websocket-8.5.29.jar:/Users/williamkorando/.m2/repository/org/hibernate/validator/hibernate-validator/6.0.9.Final/hibernate-validator-6.0.9.Final.jar:/Users/williamkorando/.m2/repository/org/springframework/spring-web/5.0.5.RELEASE/spring-web-5.0.5.RELEASE.jar:/Users/williamkorando/.m2/repository/org/springframework/spring-webmvc/5.0.5.RELEASE/spring-webmvc-5.0.5.RELEASE.jar:/Users/williamkorando/.m2/repository/org/springframework/spring-expression/5.0.5.RELEASE/spring-expression-5.0.5.RELEASE.jar:/Users/williamkorando/.m2/repository/org/hibernate/hibernate-validator/5.2.4.Final/hibernate-validator-5.2.4.Final.jar:/Users/williamkorando/.m2/repository/javax/validation/validation-api/2.0.1.Final/validation-api-2.0.1.Final.jar:/Users/williamkorando/.m2/repository/org/jboss/logging/jboss-logging/3.3.2.Final/jboss-logging-3.3.2.Final.jar:/Users/williamkorando/.m2/repository/com/fasterxml/classmate/1.3.4/classmate-1.3.4.jar:/Users/williamkorando/.m2/repository/com/h2database/h2/1.4.197/h2-1.4.197.jar:/Users/williamkorando/.m2/repository/org/springframework/boot/spring-boot-starter-test/2.0.1.RELEASE/spring-boot-starter-test-2.0.1.RELEASE.jar:/Users/williamkorando/.m2/repository/org/springframework/boot/spring-boot-test/2.0.1.RELEASE/spring-boot-test-2.0.1.RELEASE.jar:/Users/williamkorando/.m2/repository/org/springframework/boot/spring-boot-test-autoconfigure/2.0.1.RELEASE/spring-boot-test-autoconfigure-2.0.1.RELEASE.jar:/Users/williamkorando/.m2/repository/com/jayway/jsonpath/json-path/2.4.0/json-path-2.4.0.jar:/Users/williamkorando/.m2/repository/net/minidev/json-smart/2.3/json-smart-2.3.jar:/Users/williamkorando/.m2/repository/net/minidev/accessors-smart/1.2/accessors-smart-1.2.jar:/Users/williamkorando/.m2/repository/org/ow2/asm/asm/5.0.4/asm-5.0.4.jar:/Users/williamkorando/.m2/repository/junit/junit/4.12/junit-4.12.jar:/Users/williamkorando/.m2/repository/org/assertj/assertj-core/3.9.1/assertj-core-3.9.1.jar:/Users/williamkorando/.m2/repository/org/mockito/mockito-core/2.15.0/mockito-core-2.15.0.jar:/Users/williamkorando/.m2/repository/net/bytebuddy/byte-buddy/1.7.11/byte-buddy-1.7.11.jar:/Users/williamkorando/.m2/repository/net/bytebuddy/byte-buddy-agent/1.7.11/byte-buddy-agent-1.7.11.jar:/Users/williamkorando/.m2/repository/org/objenesis/objenesis/2.6/objenesis-2.6.jar:/Users/williamkorando/.m2/repository/org/hamcrest/hamcrest-core/1.3/hamcrest-core-1.3.jar:/Users/williamkorando/.m2/repository/org/hamcrest/hamcrest-library/1.3/hamcrest-library-1.3.jar:/Users/williamkorando/.m2/repository/org/skyscreamer/jsonassert/1.5.0/jsonassert-1.5.0.jar:/Users/williamkorando/.m2/repository/com/vaadin/external/google/android-json/0.0.20131108.vaadin1/android-json-0.0.20131108.vaadin1.jar:/Users/williamkorando/.m2/repository/org/springframework/spring-core/5.0.5.RELEASE/spring-core-5.0.5.RELEASE.jar:/Users/williamkorando/.m2/repository/org/springframework/spring-jcl/5.0.5.RELEASE/spring-jcl-5.0.5.RELEASE.jar:/Users/williamkorando/.m2/repository/org/springframework/spring-test/5.0.5.RELEASE/spring-test-5.0.5.RELEASE.jar:/Users/williamkorando/.m2/repository/org/xmlunit/xmlunit-core/2.5.1/xmlunit-core-2.5.1.jar:/Users/williamkorando/.m2/repository/org/testcontainers/postgresql/1.6.0/postgresql-1.6.0.jar:/Users/williamkorando/.m2/repository/org/testcontainers/jdbc/1.6.0/jdbc-1.6.0.jar:/Users/williamkorando/.m2/repository/org/testcontainers/testcontainers/1.6.0/testcontainers-1.6.0.jar:/Users/williamkorando/.m2/repository/com/kohlschutter/junixsocket/junixsocket-common/2.0.4/junixsocket-common-2.0.4.jar:/Users/williamkorando/.m2/repository/com/kohlschutter/junixsocket/junixsocket-native-common/2.0.4/junixsocket-native-common-2.0.4.jar:/Users/williamkorando/.m2/repository/org/scijava/native-lib-loader/2.0.2/native-lib-loader-2.0.2.jar:/Users/williamkorando/.m2/repository/org/apache/commons/commons-compress/1.12/commons-compress-1.12.jar:/Users/williamkorando/.m2/repository/commons-codec/commons-codec/1.11/commons-codec-1.11.jar:/Users/williamkorando/.m2/repository/commons-lang/commons-lang/2.6/commons-lang-2.6.jar:/Users/williamkorando/.m2/repository/commons-io/commons-io/2.5/commons-io-2.5.jar:/Users/williamkorando/.m2/repository/org/slf4j/jcl-over-slf4j/1.7.25/jcl-over-slf4j-1.7.25.jar:/Users/williamkorando/.m2/repository/javax/xml/bind/jaxb-api/2.3.0/jaxb-api-2.3.0.jar:/Users/williamkorando/.m2/repository/org/rnorth/tcp-unix-socket-proxy/1.0.1/tcp-unix-socket-proxy-1.0.1.jar:/Users/williamkorando/.m2/repository/org/zeroturnaround/zt-exec/1.8/zt-exec-1.8.jar:/Users/williamkorando/.m2/repository/org/rnorth/duct-tape/duct-tape/1.0.6/duct-tape-1.0.6.jar:/Users/williamkorando/.m2/repository/org/jetbrains/annotations/13.0/annotations-13.0.jar:/Users/williamkorando/.m2/repository/org/slf4j/slf4j-ext/1.7.25/slf4j-ext-1.7.25.jar:/Users/williamkorando/.m2/repository/org/rnorth/visible-assertions/visible-assertions/2.1.0/visible-assertions-2.1.0.jar:/Users/williamkorando/.m2/repository/net/java/dev/jna/jna/4.5.1/jna-4.5.1.jar:/Users/williamkorando/.m2/repository/org/postgresql/postgresql/42.2.2/postgresql-42.2.2.jar:/Users/williamkorando/.m2/repository/org/junit/jupiter/junit-jupiter-api/5.2.0/junit-jupiter-api-5.2.0.jar:/Users/williamkorando/.m2/repository/org/apiguardian/apiguardian-api/1.0.0/apiguardian-api-1.0.0.jar:/Users/williamkorando/.m2/repository/org/opentest4j/opentest4j/1.1.0/opentest4j-1.1.0.jar:/Users/williamkorando/.m2/repository/org/junit/platform/junit-platform-commons/1.2.0/junit-platform-commons-1.2.0.jar:/Users/williamkorando/.m2/repository/org/junit/jupiter/junit-jupiter-engine/5.2.0/junit-jupiter-engine-5.2.0.jar:/Users/williamkorando/.m2/repository/org/junit/vintage/junit-vintage-engine/5.2.0/junit-vintage-engine-5.2.0.jar:/Users/williamkorando/.m2/repository/org/junit/jupiter/junit-jupiter-migrationsupport/5.2.0/junit-jupiter-migrationsupport-5.2.0.jar:/Users/williamkorando/.m2/repository/org/junit/jupiter/junit-jupiter-params/5.2.0/junit-jupiter-params-5.2.0.jar:/Users/williamkorando/.m2/repository/org/junit/platform/junit-platform-engine/1.2.0/junit-platform-engine-1.2.0.jar:/Users/williamkorando/.m2/repository/org/junit/platform/junit-platform-launcher/1.2.0/junit-platform-launcher-1.2.0.jar:, java.vm.vendor=Oracle Corporation, sun.arch.data.model=64, java.vendor.url=http://java.oracle.com/, user.timezone=Europe/Madrid, os.name=Mac OS X, java.vm.specification.version=1.8, javax.persistence.validation.mode=AUTO, sun.java.launcher=SUN_STANDARD, user.country=US, sun.boot.library.path=/Library/Java/JavaVirtualMachines/jdk1.8.0_111.jdk/Contents/Home/jre/lib, sun.java.command=/Users/williamkorando/Documents/WelcomeJUnit5/JUnit5Demo/target/surefire/surefirebooter5084527383140656633.jar /Users/williamkorando/Documents/WelcomeJUnit5/JUnit5Demo/target/surefire 2018-05-24T14-03-31_062-jvmRun1 surefire2686665449646322920tmp surefire_01753888768706316849tmp, hibernate.transaction.jta.platform=org.hibernate.engine.transaction.jta.platform.internal.NoJtaPlatform@240a2619, http.nonProxyHosts=local|*.local|169.254/16|*.169.254/16, javax.persistence.sharedCache.mode=UNSPECIFIED, surefire.test.class.path=/Users/williamkorando/Documents/WelcomeJUnit5/JUnit5Demo/target/test-classes:/Users/williamkorando/Documents/WelcomeJUnit5/JUnit5Demo/target/classes:/Users/williamkorando/.m2/repository/org/springframework/boot/spring-boot-starter-data-jpa/2.0.1.RELEASE/spring-boot-starter-data-jpa-2.0.1.RELEASE.jar:/Users/williamkorando/.m2/repository/org/springframework/boot/spring-boot-starter/2.0.1.RELEASE/spring-boot-starter-2.0.1.RELEASE.jar:/Users/williamkorando/.m2/repository/org/springframework/boot/spring-boot/2.0.1.RELEASE/spring-boot-2.0.1.RELEASE.jar:/Users/williamkorando/.m2/repository/org/springframework/boot/spring-boot-autoconfigure/2.0.1.RELEASE/spring-boot-autoconfigure-2.0.1.RELEASE.jar:/Users/williamkorando/.m2/repository/org/springframework/boot/spring-boot-starter-logging/2.0.1.RELEASE/spring-boot-starter-logging-2.0.1.RELEASE.jar:/Users/williamkorando/.m2/repository/ch/qos/logback/logback-classic/1.2.3/logback-classic-1.2.3.jar:/Users/williamkorando/.m2/repository/ch/qos/logback/logback-core/1.2.3/logback-core-1.2.3.jar:/Users/williamkorando/.m2/repository/org/apache/logging/log4j/log4j-to-slf4j/2.10.0/log4j-to-slf4j-2.10.0.jar:/Users/williamkorando/.m2/repository/org/apache/logging/log4j/log4j-api/2.10.0/log4j-api-2.10.0.jar:/Users/williamkorando/.m2/repository/org/slf4j/jul-to-slf4j/1.7.25/jul-to-slf4j-1.7.25.jar:/Users/williamkorando/.m2/repository/javax/annotation/javax.annotation-api/1.3.2/javax.annotation-api-1.3.2.jar:/Users/williamkorando/.m2/repository/org/yaml/snakeyaml/1.19/snakeyaml-1.19.jar:/Users/williamkorando/.m2/repository/org/springframework/boot/spring-boot-starter-aop/2.0.1.RELEASE/spring-boot-starter-aop-2.0.1.RELEASE.jar:/Users/williamkorando/.m2/repository/org/springframework/spring-aop/5.0.5.RELEASE/spring-aop-5.0.5.RELEASE.jar:/Users/williamkorando/.m2/repository/org/aspectj/aspectjweaver/1.8.13/aspectjweaver-1.8.13.jar:/Users/williamkorando/.m2/repository/org/springframework/boot/spring-boot-starter-jdbc/2.0.1.RELEASE/spring-boot-starter-jdbc-2.0.1.RELEASE.jar:/Users/williamkorando/.m2/repository/com/zaxxer/HikariCP/2.7.8/HikariCP-2.7.8.jar:/Users/williamkorando/.m2/repository/org/springframework/spring-jdbc/5.0.5.RELEASE/spring-jdbc-5.0.5.RELEASE.jar:/Users/williamkorando/.m2/repository/org/hibernate/hibernate-core/5.2.16.Final/hibernate-core-5.2.16.Final.jar:/Users/williamkorando/.m2/repository/org/hibernate/javax/persistence/hibernate-jpa-2.1-api/1.0.0.Final/hibernate-jpa-2.1-api-1.0.0.Final.jar:/Users/williamkorando/.m2/repository/org/javassist/javassist/3.22.0-GA/javassist-3.22.0-GA.jar:/Users/williamkorando/.m2/repository/antlr/antlr/2.7.7/antlr-2.7.7.jar:/Users/williamkorando/.m2/repository/org/jboss/jandex/2.0.3.Final/jandex-2.0.3.Final.jar:/Users/williamkorando/.m2/repository/dom4j/dom4j/1.6.1/dom4j-1.6.1.jar:/Users/williamkorando/.m2/repository/org/hibernate/common/hibernate-commons-annotations/5.0.1.Final/hibernate-commons-annotations-5.0.1.Final.jar:/Users/williamkorando/.m2/repository/javax/transaction/javax.transaction-api/1.2/javax.transaction-api-1.2.jar:/Users/williamkorando/.m2/repository/org/springframework/data/spring-data-jpa/2.0.6.RELEASE/spring-data-jpa-2.0.6.RELEASE.jar:/Users/williamkorando/.m2/repository/org/springframework/data/spring-data-commons/2.0.6.RELEASE/spring-data-commons-2.0.6.RELEASE.jar:/Users/williamkorando/.m2/repository/org/springframework/spring-orm/5.0.5.RELEASE/spring-orm-5.0.5.RELEASE.jar:/Users/williamkorando/.m2/repository/org/springframework/spring-context/5.0.5.RELEASE/spring-context-5.0.5.RELEASE.jar:/Users/williamkorando/.m2/repository/org/springframework/spring-tx/5.0.5.RELEASE/spring-tx-5.0.5.RELEASE.jar:/Users/williamkorando/.m2/repository/org/springframework/spring-beans/5.0.5.RELEASE/spring-beans-5.0.5.RELEASE.jar:/Users/williamkorando/.m2/repository/org/slf4j/slf4j-api/1.7.25/slf4j-api-1.7.25.jar:/Users/williamkorando/.m2/repository/org/springframework/spring-aspects/5.0.5.RELEASE/spring-aspects-5.0.5.RELEASE.jar:/Users/williamkorando/.m2/repository/org/springframework/boot/spring-boot-starter-thymeleaf/2.0.1.RELEASE/spring-boot-starter-thymeleaf-2.0.1.RELEASE.jar:/Users/williamkorando/.m2/repository/org/thymeleaf/thymeleaf-spring5/3.0.9.RELEASE/thymeleaf-spring5-3.0.9.RELEASE.jar:/Users/williamkorando/.m2/repository/org/thymeleaf/thymeleaf/3.0.9.RELEASE/thymeleaf-3.0.9.RELEASE.jar:/Users/williamkorando/.m2/repository/org/attoparser/attoparser/2.0.4.RELEASE/attoparser-2.0.4.RELEASE.jar:/Users/williamkorando/.m2/repository/org/unbescape/unbescape/1.1.5.RELEASE/unbescape-1.1.5.RELEASE.jar:/Users/williamkorando/.m2/repository/org/thymeleaf/extras/thymeleaf-extras-java8time/3.0.1.RELEASE/thymeleaf-extras-java8time-3.0.1.RELEASE.jar:/Users/williamkorando/.m2/repository/org/springframework/boot/spring-boot-starter-web/2.0.1.RELEASE/spring-boot-starter-web-2.0.1.RELEASE.jar:/Users/williamkorando/.m2/repository/org/springframework/boot/spring-boot-starter-json/2.0.1.RELEASE/spring-boot-starter-json-2.0.1.RELEASE.jar:/Users/williamkorando/.m2/repository/com/fasterxml/jackson/core/jackson-databind/2.9.5/jackson-databind-2.9.5.jar:/Users/williamkorando/.m2/repository/com/fasterxml/jackson/core/jackson-annotations/2.9.0/jackson-annotations-2.9.0.jar:/Users/williamkorando/.m2/repository/com/fasterxml/jackson/core/jackson-core/2.9.5/jackson-core-2.9.5.jar:/Users/williamkorando/.m2/repository/com/fasterxml/jackson/datatype/jackson-datatype-jdk8/2.9.5/jackson-datatype-jdk8-2.9.5.jar:/Users/williamkorando/.m2/repository/com/fasterxml/jackson/datatype/jackson-datatype-jsr310/2.9.5/jackson-datatype-jsr310-2.9.5.jar:/Users/williamkorando/.m2/repository/com/fasterxml/jackson/module/jackson-module-parameter-names/2.9.5/jackson-module-parameter-names-2.9.5.jar:/Users/williamkorando/.m2/repository/org/springframework/boot/spring-boot-starter-tomcat/2.0.1.RELEASE/spring-boot-starter-tomcat-2.0.1.RELEASE.jar:/Users/williamkorando/.m2/repository/org/apache/tomcat/embed/tomcat-embed-core/8.5.29/tomcat-embed-core-8.5.29.jar:/Users/williamkorando/.m2/repository/org/apache/tomcat/embed/tomcat-embed-el/8.5.29/tomcat-embed-el-8.5.29.jar:/Users/williamkorando/.m2/repository/org/apache/tomcat/embed/tomcat-embed-websocket/8.5.29/tomcat-embed-websocket-8.5.29.jar:/Users/williamkorando/.m2/repository/org/hibernate/validator/hibernate-validator/6.0.9.Final/hibernate-validator-6.0.9.Final.jar:/Users/williamkorando/.m2/repository/org/springframework/spring-web/5.0.5.RELEASE/spring-web-5.0.5.RELEASE.jar:/Users/williamkorando/.m2/repository/org/springframework/spring-webmvc/5.0.5.RELEASE/spring-webmvc-5.0.5.RELEASE.jar:/Users/williamkorando/.m2/repository/org/springframework/spring-expression/5.0.5.RELEASE/spring-expression-5.0.5.RELEASE.jar:/Users/williamkorando/.m2/repository/org/hibernate/hibernate-validator/5.2.4.Final/hibernate-validator-5.2.4.Final.jar:/Users/williamkorando/.m2/repository/javax/validation/validation-api/2.0.1.Final/validation-api-2.0.1.Final.jar:/Users/williamkorando/.m2/repository/org/jboss/logging/jboss-logging/3.3.2.Final/jboss-logging-3.3.2.Final.jar:/Users/williamkorando/.m2/repository/com/fasterxml/classmate/1.3.4/classmate-1.3.4.jar:/Users/williamkorando/.m2/repository/com/h2database/h2/1.4.197/h2-1.4.197.jar:/Users/williamkorando/.m2/repository/org/springframework/boot/spring-boot-starter-test/2.0.1.RELEASE/spring-boot-starter-test-2.0.1.RELEASE.jar:/Users/williamkorando/.m2/repository/org/springframework/boot/spring-boot-test/2.0.1.RELEASE/spring-boot-test-2.0.1.RELEASE.jar:/Users/williamkorando/.m2/repository/org/springframework/boot/spring-boot-test-autoconfigure/2.0.1.RELEASE/spring-boot-test-autoconfigure-2.0.1.RELEASE.jar:/Users/williamkorando/.m2/repository/com/jayway/jsonpath/json-path/2.4.0/json-path-2.4.0.jar:/Users/williamkorando/.m2/repository/net/minidev/json-smart/2.3/json-smart-2.3.jar:/Users/williamkorando/.m2/repository/net/minidev/accessors-smart/1.2/accessors-smart-1.2.jar:/Users/williamkorando/.m2/repository/org/ow2/asm/asm/5.0.4/asm-5.0.4.jar:/Users/williamkorando/.m2/repository/junit/junit/4.12/junit-4.12.jar:/Users/williamkorando/.m2/repository/org/assertj/assertj-core/3.9.1/assertj-core-3.9.1.jar:/Users/williamkorando/.m2/repository/org/mockito/mockito-core/2.15.0/mockito-core-2.15.0.jar:/Users/williamkorando/.m2/repository/net/bytebuddy/byte-buddy/1.7.11/byte-buddy-1.7.11.jar:/Users/williamkorando/.m2/repository/net/bytebuddy/byte-buddy-agent/1.7.11/byte-buddy-agent-1.7.11.jar:/Users/williamkorando/.m2/repository/org/objenesis/objenesis/2.6/objenesis-2.6.jar:/Users/williamkorando/.m2/repository/org/hamcrest/hamcrest-core/1.3/hamcrest-core-1.3.jar:/Users/williamkorando/.m2/repository/org/hamcrest/hamcrest-library/1.3/hamcrest-library-1.3.jar:/Users/williamkorando/.m2/repository/org/skyscreamer/jsonassert/1.5.0/jsonassert-1.5.0.jar:/Users/williamkorando/.m2/repository/com/vaadin/external/google/android-json/0.0.20131108.vaadin1/android-json-0.0.20131108.vaadin1.jar:/Users/williamkorando/.m2/repository/org/springframework/spring-core/5.0.5.RELEASE/spring-core-5.0.5.RELEASE.jar:/Users/williamkorando/.m2/repository/org/springframework/spring-jcl/5.0.5.RELEASE/spring-jcl-5.0.5.RELEASE.jar:/Users/williamkorando/.m2/repository/org/springframework/spring-test/5.0.5.RELEASE/spring-test-5.0.5.RELEASE.jar:/Users/williamkorando/.m2/repository/org/xmlunit/xmlunit-core/2.5.1/xmlunit-core-2.5.1.jar:/Users/williamkorando/.m2/repository/org/testcontainers/postgresql/1.6.0/postgresql-1.6.0.jar:/Users/williamkorando/.m2/repository/org/testcontainers/jdbc/1.6.0/jdbc-1.6.0.jar:/Users/williamkorando/.m2/repository/org/testcontainers/testcontainers/1.6.0/testcontainers-1.6.0.jar:/Users/williamkorando/.m2/repository/com/kohlschutter/junixsocket/junixsocket-common/2.0.4/junixsocket-common-2.0.4.jar:/Users/williamkorando/.m2/repository/com/kohlschutter/junixsocket/junixsocket-native-common/2.0.4/junixsocket-native-common-2.0.4.jar:/Users/williamkorando/.m2/repository/org/scijava/native-lib-loader/2.0.2/native-lib-loader-2.0.2.jar:/Users/williamkorando/.m2/repository/org/apache/commons/commons-compress/1.12/commons-compress-1.12.jar:/Users/williamkorando/.m2/repository/commons-codec/commons-codec/1.11/commons-codec-1.11.jar:/Users/williamkorando/.m2/repository/commons-lang/commons-lang/2.6/commons-lang-2.6.jar:/Users/williamkorando/.m2/repository/commons-io/commons-io/2.5/commons-io-2.5.jar:/Users/williamkorando/.m2/repository/org/slf4j/jcl-over-slf4j/1.7.25/jcl-over-slf4j-1.7.25.jar:/Users/williamkorando/.m2/repository/javax/xml/bind/jaxb-api/2.3.0/jaxb-api-2.3.0.jar:/Users/williamkorando/.m2/repository/org/rnorth/tcp-unix-socket-proxy/1.0.1/tcp-unix-socket-proxy-1.0.1.jar:/Users/williamkorando/.m2/repository/org/zeroturnaround/zt-exec/1.8/zt-exec-1.8.jar:/Users/williamkorando/.m2/repository/org/rnorth/duct-tape/duct-tape/1.0.6/duct-tape-1.0.6.jar:/Users/williamkorando/.m2/repository/org/jetbrains/annotations/13.0/annotations-13.0.jar:/Users/williamkorando/.m2/repository/org/slf4j/slf4j-ext/1.7.25/slf4j-ext-1.7.25.jar:/Users/williamkorando/.m2/repository/org/rnorth/visible-assertions/visible-assertions/2.1.0/visible-assertions-2.1.0.jar:/Users/williamkorando/.m2/repository/net/java/dev/jna/jna/4.5.1/jna-4.5.1.jar:/Users/williamkorando/.m2/repository/org/postgresql/postgresql/42.2.2/postgresql-42.2.2.jar:/Users/williamkorando/.m2/repository/org/junit/jupiter/junit-jupiter-api/5.2.0/junit-jupiter-api-5.2.0.jar:/Users/williamkorando/.m2/repository/org/apiguardian/apiguardian-api/1.0.0/apiguardian-api-1.0.0.jar:/Users/williamkorando/.m2/repository/org/opentest4j/opentest4j/1.1.0/opentest4j-1.1.0.jar:/Users/williamkorando/.m2/repository/org/junit/platform/junit-platform-commons/1.2.0/junit-platform-commons-1.2.0.jar:/Users/williamkorando/.m2/repository/org/junit/jupiter/junit-jupiter-engine/5.2.0/junit-jupiter-engine-5.2.0.jar:/Users/williamkorando/.m2/repository/org/junit/vintage/junit-vintage-engine/5.2.0/junit-vintage-engine-5.2.0.jar:/Users/williamkorando/.m2/repository/org/junit/jupiter/junit-jupiter-migrationsupport/5.2.0/junit-jupiter-migrationsupport-5.2.0.jar:/Users/williamkorando/.m2/repository/org/junit/jupiter/junit-jupiter-params/5.2.0/junit-jupiter-params-5.2.0.jar:/Users/williamkorando/.m2/repository/org/junit/platform/junit-platform-engine/1.2.0/junit-platform-engine-1.2.0.jar:/Users/williamkorando/.m2/repository/org/junit/platform/junit-platform-launcher/1.2.0/junit-platform-launcher-1.2.0.jar:, sun.cpu.endian=little, user.home=/Users/williamkorando, user.language=en, java.specification.vendor=Oracle Corporation, org.testcontainers.shaded.io.netty.packagePrefix=org.testcontainers.shaded., java.home=/Library/Java/JavaVirtualMachines/jdk1.8.0_111.jdk/Contents/Home/jre, file.separator=/, basedir=/Users/williamkorando/Documents/WelcomeJUnit5/JUnit5Demo, line.separator=
, java.vm.specification.vendor=Oracle Corporation, java.specification.name=Java Platform API Specification, hibernate.transaction.coordinator_class=class org.hibernate.resource.transaction.backend.jdbc.internal.JdbcResourceLocalTransactionCoordinatorBuilderImpl, java.awt.graphicsenv=sun.awt.CGraphicsEnvironment, surefire.real.class.path=/Users/williamkorando/Documents/WelcomeJUnit5/JUnit5Demo/target/surefire/surefirebooter5084527383140656633.jar, sun.boot.class.path=/Library/Java/JavaVirtualMachines/jdk1.8.0_111.jdk/Contents/Home/jre/lib/resources.jar:/Library/Java/JavaVirtualMachines/jdk1.8.0_111.jdk/Contents/Home/jre/lib/rt.jar:/Library/Java/JavaVirtualMachines/jdk1.8.0_111.jdk/Contents/Home/jre/lib/sunrsasign.jar:/Library/Java/JavaVirtualMachines/jdk1.8.0_111.jdk/Contents/Home/jre/lib/jsse.jar:/Library/Java/JavaVirtualMachines/jdk1.8.0_111.jdk/Contents/Home/jre/lib/jce.jar:/Library/Java/JavaVirtualMachines/jdk1.8.0_111.jdk/Contents/Home/jre/lib/charsets.jar:/Library/Java/JavaVirtualMachines/jdk1.8.0_111.jdk/Contents/Home/jre/lib/jfr.jar:/Library/Java/JavaVirtualMachines/jdk1.8.0_111.jdk/Contents/Home/jre/classes, sun.management.compiler=HotSpot 64-Bit Tiered Compilers, ftp.nonProxyHosts=local|*.local|169.254/16|*.169.254/16, java.runtime.version=1.8.0_111-b14, user.name=williamkorando, path.separator=:, os.version=10.13.4, java.endorsed.dirs=/Library/Java/JavaVirtualMachines/jdk1.8.0_111.jdk/Contents/Home/jre/lib/endorsed, java.runtime.name=Java(TM) SE Runtime Environment, hibernate.ejb.persistenceUnitName=default, file.encoding=UTF-8, sun.nio.ch.bugLevel=, java.vm.name=Java HotSpot(TM) 64-Bit Server VM, localRepository=/Users/williamkorando/.m2/repository, java.vendor.url.bug=http://bugreport.sun.com/bugreport/, java.io.tmpdir=/var/folders/c1/bsm5c1496v30qs3zlhx2gml00000gn/T/, com.zaxxer.hikari.pool_number=1, java.version=1.8.0_111, hibernate.physical_naming_strategy=org.springframework.boot.orm.jpa.hibernate.SpringPhysicalNamingStrategy, user.dir=/Users/williamkorando/Documents/WelcomeJUnit5/JUnit5Demo, os.arch=x86_64, java.vm.specification.name=Java Virtual Machine Specification, java.awt.printerjob=sun.lwawt.macosx.CPrinterJob, sun.os.patch.level=unknown, hibernate.boot.CfgXmlAccessService.key=org.hibernate.boot.cfgxml.spi.LoadedConfig@4e3283f6, java.library.path=/Users/williamkorando/Library/Java/Extensions:/Library/Java/Extensions:/Network/Library/Java/Extensions:/System/Library/Java/Extensions:/usr/lib/java:., java.vendor=Oracle Corporation, java.vm.info=mixed mode, java.vm.version=25.111-b14, hibernate.bytecode.use_reflection_optimizer=false, hibernate.connection.datasource=HikariDataSource (HikariPool-1), sun.io.unicode.encoding=UnicodeBig, java.ext.dirs=/Users/williamkorando/Library/Java/Extensions:/Library/Java/JavaVirtualMachines/jdk1.8.0_111.jdk/Contents/Home/jre/lib/ext:/Library/Java/Extensions:/Network/Library/Java/Extensions:/System/Library/Java/Extensions:/usr/lib/java, java.class.version=52.0, socksNonProxyHosts=local|*.local|169.254/16|*.169.254/16}
14:03:38.185 [main] INFO org.hibernate.validator.internal.util.Version - HV000001: Hibernate Validator 6.0.9.Final
14:03:38.193 [main] DEBUG org.hibernate.validator.internal.engine.resolver.TraversableResolvers - Found javax.persistence.Persistence on classpath containing 'getPersistenceUtil'. Assuming JPA 2 environment. Trying to instantiate JPA aware TraversableResolver
14:03:38.193 [main] DEBUG org.hibernate.validator.internal.engine.resolver.TraversableResolvers - Instantiated JPA aware TraversableResolver of type org.hibernate.validator.internal.engine.resolver.JPATraversableResolver.
14:03:38.194 [main] DEBUG org.hibernate.validator.internal.engine.resolver.TraversableResolvers - Unable to load or instantiate JPA aware resolver org.hibernate.validator.internal.engine.resolver.JPATraversableResolver. All properties will per default be traversable.
14:03:38.197 [main] DEBUG org.hibernate.validator.internal.xml.ValidationXmlParser - Trying to load META-INF/validation.xml for XML based Validator configuration.
14:03:38.197 [main] DEBUG org.hibernate.validator.internal.xml.ResourceLoaderHelper - Trying to load META-INF/validation.xml via TCCL
14:03:38.198 [main] DEBUG org.hibernate.validator.internal.xml.ResourceLoaderHelper - Trying to load META-INF/validation.xml via Hibernate Validator's class loader
14:03:38.198 [main] DEBUG org.hibernate.validator.internal.xml.ValidationXmlParser - No META-INF/validation.xml found. Using annotation based configuration only.
14:03:38.294 [main] DEBUG org.hibernate.validator.messageinterpolation.ResourceBundleMessageInterpolator - Loaded expression factory via original TCCL
14:03:38.298 [main] DEBUG org.hibernate.validator.internal.engine.ValidatorFactoryImpl - HV000234: Using org.hibernate.validator.messageinterpolation.ResourceBundleMessageInterpolator as ValidatorFactory-scoped message interpolator.
14:03:38.298 [main] DEBUG org.hibernate.validator.internal.engine.ValidatorFactoryImpl - HV000234: Using org.hibernate.validator.internal.engine.resolver.TraverseAllTraversableResolver as ValidatorFactory-scoped traversable resolver.
14:03:38.298 [main] DEBUG org.hibernate.validator.internal.engine.ValidatorFactoryImpl - HV000234: Using org.hibernate.validator.internal.util.ExecutableParameterNameProvider as ValidatorFactory-scoped parameter name provider.
14:03:38.298 [main] DEBUG org.hibernate.validator.internal.engine.ValidatorFactoryImpl - HV000234: Using org.hibernate.validator.internal.engine.DefaultClockProvider as ValidatorFactory-scoped clock provider.
14:03:38.298 [main] DEBUG org.hibernate.validator.internal.engine.ValidatorFactoryImpl - HV000234: Using org.hibernate.validator.internal.engine.scripting.DefaultScriptEvaluatorFactory as ValidatorFactory-scoped script evaluator factory.
14:03:38.299 [main] DEBUG org.hibernate.boot.internal.ClassLoaderAccessImpl - Not known whether passed class name [com.bk.hotel.model.Customer] is safe
14:03:38.299 [main] DEBUG org.hibernate.boot.internal.ClassLoaderAccessImpl - No temp ClassLoader provided; using live ClassLoader for loading potentially unsafe class : com.bk.hotel.model.Customer
14:03:38.344 [main] DEBUG org.hibernate.boot.internal.ClassLoaderAccessImpl - Not known whether passed class name [com.bk.hotel.model.Room] is safe
14:03:38.344 [main] DEBUG org.hibernate.boot.internal.ClassLoaderAccessImpl - No temp ClassLoader provided; using live ClassLoader for loading potentially unsafe class : com.bk.hotel.model.Room
14:03:38.348 [main] DEBUG org.hibernate.secure.spi.JaccIntegrator - Skipping JACC integration as it was not enabled
14:03:38.350 [main] DEBUG org.hibernate.engine.spi.CascadeStyles - External cascade style registration [persist : STYLE_PERSIST_SKIPLAZY] overrode base registration [STYLE_PERSIST]
14:03:38.359 [main] DEBUG org.hibernate.internal.SessionFactoryImpl - Instantiated session factory
14:03:38.383 [main] DEBUG org.hibernate.boot.internal.ClassLoaderAccessImpl - Not known whether passed class name [com.bk.hotel.model.Customer] is safe
14:03:38.383 [main] DEBUG org.hibernate.boot.internal.ClassLoaderAccessImpl - No temp ClassLoader provided; using live ClassLoader for loading potentially unsafe class : com.bk.hotel.model.Customer
14:03:38.392 [main] DEBUG org.hibernate.boot.internal.ClassLoaderAccessImpl - Not known whether passed class name [com.bk.hotel.model.Customer] is safe
14:03:38.392 [main] DEBUG org.hibernate.boot.internal.ClassLoaderAccessImpl - No temp ClassLoader provided; using live ClassLoader for loading potentially unsafe class : com.bk.hotel.model.Customer
14:03:38.415 [main] DEBUG org.hibernate.boot.internal.ClassLoaderAccessImpl - Not known whether passed class name [com.bk.hotel.model.Room] is safe
14:03:38.415 [main] DEBUG org.hibernate.boot.internal.ClassLoaderAccessImpl - No temp ClassLoader provided; using live ClassLoader for loading potentially unsafe class : com.bk.hotel.model.Room
14:03:38.415 [main] DEBUG org.hibernate.boot.internal.ClassLoaderAccessImpl - Not known whether passed class name [com.bk.hotel.model.Room] is safe
14:03:38.415 [main] DEBUG org.hibernate.boot.internal.ClassLoaderAccessImpl - No temp ClassLoader provided; using live ClassLoader for loading potentially unsafe class : com.bk.hotel.model.Room
14:03:38.420 [main] DEBUG org.hibernate.persister.entity.AbstractEntityPersister - Static SQL for entity: com.bk.hotel.model.Customer
14:03:38.420 [main] DEBUG org.hibernate.persister.entity.AbstractEntityPersister -  Version select: select id from customers where id =?
14:03:38.420 [main] DEBUG org.hibernate.persister.entity.AbstractEntityPersister -  Snapshot select: select customer_.id, customer_.first_name as first_na2_0_, customer_.last_name as last_nam3_0_, customer_.middle_name as middle_n4_0_, customer_.suffix as suffix5_0_ from customers customer_ where customer_.id=?
14:03:38.420 [main] DEBUG org.hibernate.persister.entity.AbstractEntityPersister -  Insert 0: insert into customers (first_name, last_name, middle_name, suffix, id) values (?, ?, ?, ?, ?)
14:03:38.420 [main] DEBUG org.hibernate.persister.entity.AbstractEntityPersister -  Update 0: update customers set first_name=?, last_name=?, middle_name=?, suffix=? where id=?
14:03:38.420 [main] DEBUG org.hibernate.persister.entity.AbstractEntityPersister -  Delete 0: delete from customers where id=?
14:03:38.437 [main] DEBUG org.hibernate.loader.plan.build.internal.spaces.QuerySpacesImpl - Adding QuerySpace : uid = <gen:0> -> org.hibernate.loader.plan.build.internal.spaces.EntityQuerySpaceImpl@5a51336a]
14:03:38.438 [main] DEBUG org.hibernate.persister.walking.spi.MetamodelGraphWalker - Visiting attribute path : firstName
14:03:38.438 [main] DEBUG org.hibernate.persister.walking.spi.MetamodelGraphWalker - Visiting attribute path : lastName
14:03:38.438 [main] DEBUG org.hibernate.persister.walking.spi.MetamodelGraphWalker - Visiting attribute path : middleName
14:03:38.438 [main] DEBUG org.hibernate.persister.walking.spi.MetamodelGraphWalker - Visiting attribute path : suffix
14:03:38.438 [main] DEBUG org.hibernate.loader.plan.build.internal.FetchStyleLoadPlanBuildingAssociationVisitationStrategy - Building LoadPlan...
14:03:38.446 [main] DEBUG org.hibernate.loader.plan.exec.internal.LoadQueryJoinAndFetchProcessor - processing queryspace <gen:0>
14:03:38.449 [main] DEBUG org.hibernate.loader.plan.build.spi.LoadPlanTreePrinter - LoadPlan(entity=com.bk.hotel.model.Customer)
    - Returns
       - EntityReturnImpl(entity=com.bk.hotel.model.Customer, querySpaceUid=<gen:0>, path=com.bk.hotel.model.Customer)
    - QuerySpaces
       - EntityQuerySpaceImpl(uid=<gen:0>, entity=com.bk.hotel.model.Customer)
          - SQL table alias mapping - customer0_
          - alias suffix - 0_
          - suffixed key columns - {id1_0_0_}

14:03:38.451 [main] DEBUG org.hibernate.loader.entity.plan.EntityLoader - Static select for entity com.bk.hotel.model.Customer [NONE]: select customer0_.id as id1_0_0_, customer0_.first_name as first_na2_0_0_, customer0_.last_name as last_nam3_0_0_, customer0_.middle_name as middle_n4_0_0_, customer0_.suffix as suffix5_0_0_ from customers customer0_ where customer0_.id=?
14:03:38.451 [main] DEBUG org.hibernate.loader.plan.build.internal.spaces.QuerySpacesImpl - Adding QuerySpace : uid = <gen:0> -> org.hibernate.loader.plan.build.internal.spaces.EntityQuerySpaceImpl@52285a5f]
14:03:38.451 [main] DEBUG org.hibernate.persister.walking.spi.MetamodelGraphWalker - Visiting attribute path : firstName
14:03:38.451 [main] DEBUG org.hibernate.persister.walking.spi.MetamodelGraphWalker - Visiting attribute path : lastName
14:03:38.451 [main] DEBUG org.hibernate.persister.walking.spi.MetamodelGraphWalker - Visiting attribute path : middleName
14:03:38.451 [main] DEBUG org.hibernate.persister.walking.spi.MetamodelGraphWalker - Visiting attribute path : suffix
14:03:38.451 [main] DEBUG org.hibernate.loader.plan.build.internal.FetchStyleLoadPlanBuildingAssociationVisitationStrategy - Building LoadPlan...
14:03:38.451 [main] DEBUG org.hibernate.loader.plan.exec.internal.LoadQueryJoinAndFetchProcessor - processing queryspace <gen:0>
14:03:38.451 [main] DEBUG org.hibernate.loader.plan.build.spi.LoadPlanTreePrinter - LoadPlan(entity=com.bk.hotel.model.Customer)
    - Returns
       - EntityReturnImpl(entity=com.bk.hotel.model.Customer, querySpaceUid=<gen:0>, path=com.bk.hotel.model.Customer)
    - QuerySpaces
       - EntityQuerySpaceImpl(uid=<gen:0>, entity=com.bk.hotel.model.Customer)
          - SQL table alias mapping - customer0_
          - alias suffix - 0_
          - suffixed key columns - {id1_0_0_}

14:03:38.451 [main] DEBUG org.hibernate.loader.entity.plan.EntityLoader - Static select for entity com.bk.hotel.model.Customer [READ]: select customer0_.id as id1_0_0_, customer0_.first_name as first_na2_0_0_, customer0_.last_name as last_nam3_0_0_, customer0_.middle_name as middle_n4_0_0_, customer0_.suffix as suffix5_0_0_ from customers customer0_ where customer0_.id=?
14:03:38.451 [main] DEBUG org.hibernate.loader.plan.build.internal.spaces.QuerySpacesImpl - Adding QuerySpace : uid = <gen:0> -> org.hibernate.loader.plan.build.internal.spaces.EntityQuerySpaceImpl@224e6e88]
14:03:38.451 [main] DEBUG org.hibernate.persister.walking.spi.MetamodelGraphWalker - Visiting attribute path : firstName
14:03:38.451 [main] DEBUG org.hibernate.persister.walking.spi.MetamodelGraphWalker - Visiting attribute path : lastName
14:03:38.451 [main] DEBUG org.hibernate.persister.walking.spi.MetamodelGraphWalker - Visiting attribute path : middleName
14:03:38.451 [main] DEBUG org.hibernate.persister.walking.spi.MetamodelGraphWalker - Visiting attribute path : suffix
14:03:38.451 [main] DEBUG org.hibernate.loader.plan.build.internal.FetchStyleLoadPlanBuildingAssociationVisitationStrategy - Building LoadPlan...
14:03:38.452 [main] DEBUG org.hibernate.loader.plan.exec.internal.LoadQueryJoinAndFetchProcessor - processing queryspace <gen:0>
14:03:38.452 [main] DEBUG org.hibernate.loader.plan.build.spi.LoadPlanTreePrinter - LoadPlan(entity=com.bk.hotel.model.Customer)
    - Returns
       - EntityReturnImpl(entity=com.bk.hotel.model.Customer, querySpaceUid=<gen:0>, path=com.bk.hotel.model.Customer)
    - QuerySpaces
       - EntityQuerySpaceImpl(uid=<gen:0>, entity=com.bk.hotel.model.Customer)
          - SQL table alias mapping - customer0_
          - alias suffix - 0_
          - suffixed key columns - {id1_0_0_}

14:03:38.452 [main] DEBUG org.hibernate.loader.entity.plan.EntityLoader - Static select for entity com.bk.hotel.model.Customer [UPGRADE]: select customer0_.id as id1_0_0_, customer0_.first_name as first_na2_0_0_, customer0_.last_name as last_nam3_0_0_, customer0_.middle_name as middle_n4_0_0_, customer0_.suffix as suffix5_0_0_ from customers customer0_ where customer0_.id=? for update
14:03:38.452 [main] DEBUG org.hibernate.loader.plan.build.internal.spaces.QuerySpacesImpl - Adding QuerySpace : uid = <gen:0> -> org.hibernate.loader.plan.build.internal.spaces.EntityQuerySpaceImpl@60f9dc7e]
14:03:38.452 [main] DEBUG org.hibernate.persister.walking.spi.MetamodelGraphWalker - Visiting attribute path : firstName
14:03:38.452 [main] DEBUG org.hibernate.persister.walking.spi.MetamodelGraphWalker - Visiting attribute path : lastName
14:03:38.452 [main] DEBUG org.hibernate.persister.walking.spi.MetamodelGraphWalker - Visiting attribute path : middleName
14:03:38.452 [main] DEBUG org.hibernate.persister.walking.spi.MetamodelGraphWalker - Visiting attribute path : suffix
14:03:38.452 [main] DEBUG org.hibernate.loader.plan.build.internal.FetchStyleLoadPlanBuildingAssociationVisitationStrategy - Building LoadPlan...
14:03:38.452 [main] DEBUG org.hibernate.loader.plan.exec.internal.LoadQueryJoinAndFetchProcessor - processing queryspace <gen:0>
14:03:38.452 [main] DEBUG org.hibernate.loader.plan.build.spi.LoadPlanTreePrinter - LoadPlan(entity=com.bk.hotel.model.Customer)
    - Returns
       - EntityReturnImpl(entity=com.bk.hotel.model.Customer, querySpaceUid=<gen:0>, path=com.bk.hotel.model.Customer)
    - QuerySpaces
       - EntityQuerySpaceImpl(uid=<gen:0>, entity=com.bk.hotel.model.Customer)
          - SQL table alias mapping - customer0_
          - alias suffix - 0_
          - suffixed key columns - {id1_0_0_}

14:03:38.452 [main] DEBUG org.hibernate.loader.entity.plan.EntityLoader - Static select for entity com.bk.hotel.model.Customer [UPGRADE_NOWAIT]: select customer0_.id as id1_0_0_, customer0_.first_name as first_na2_0_0_, customer0_.last_name as last_nam3_0_0_, customer0_.middle_name as middle_n4_0_0_, customer0_.suffix as suffix5_0_0_ from customers customer0_ where customer0_.id=? for update nowait 
14:03:38.452 [main] DEBUG org.hibernate.loader.plan.build.internal.spaces.QuerySpacesImpl - Adding QuerySpace : uid = <gen:0> -> org.hibernate.loader.plan.build.internal.spaces.EntityQuerySpaceImpl@503556cb]
14:03:38.453 [main] DEBUG org.hibernate.persister.walking.spi.MetamodelGraphWalker - Visiting attribute path : firstName
14:03:38.453 [main] DEBUG org.hibernate.persister.walking.spi.MetamodelGraphWalker - Visiting attribute path : lastName
14:03:38.453 [main] DEBUG org.hibernate.persister.walking.spi.MetamodelGraphWalker - Visiting attribute path : middleName
14:03:38.453 [main] DEBUG org.hibernate.persister.walking.spi.MetamodelGraphWalker - Visiting attribute path : suffix
14:03:38.453 [main] DEBUG org.hibernate.loader.plan.build.internal.FetchStyleLoadPlanBuildingAssociationVisitationStrategy - Building LoadPlan...
14:03:38.453 [main] DEBUG org.hibernate.loader.plan.exec.internal.LoadQueryJoinAndFetchProcessor - processing queryspace <gen:0>
14:03:38.453 [main] DEBUG org.hibernate.loader.plan.build.spi.LoadPlanTreePrinter - LoadPlan(entity=com.bk.hotel.model.Customer)
    - Returns
       - EntityReturnImpl(entity=com.bk.hotel.model.Customer, querySpaceUid=<gen:0>, path=com.bk.hotel.model.Customer)
    - QuerySpaces
       - EntityQuerySpaceImpl(uid=<gen:0>, entity=com.bk.hotel.model.Customer)
          - SQL table alias mapping - customer0_
          - alias suffix - 0_
          - suffixed key columns - {id1_0_0_}

14:03:38.453 [main] DEBUG org.hibernate.loader.entity.plan.EntityLoader - Static select for entity com.bk.hotel.model.Customer [UPGRADE_SKIPLOCKED]: select customer0_.id as id1_0_0_, customer0_.first_name as first_na2_0_0_, customer0_.last_name as last_nam3_0_0_, customer0_.middle_name as middle_n4_0_0_, customer0_.suffix as suffix5_0_0_ from customers customer0_ where customer0_.id=? for update
14:03:38.453 [main] DEBUG org.hibernate.loader.plan.build.internal.spaces.QuerySpacesImpl - Adding QuerySpace : uid = <gen:0> -> org.hibernate.loader.plan.build.internal.spaces.EntityQuerySpaceImpl@12aa381f]
14:03:38.453 [main] DEBUG org.hibernate.persister.walking.spi.MetamodelGraphWalker - Visiting attribute path : firstName
14:03:38.453 [main] DEBUG org.hibernate.persister.walking.spi.MetamodelGraphWalker - Visiting attribute path : lastName
14:03:38.453 [main] DEBUG org.hibernate.persister.walking.spi.MetamodelGraphWalker - Visiting attribute path : middleName
14:03:38.453 [main] DEBUG org.hibernate.persister.walking.spi.MetamodelGraphWalker - Visiting attribute path : suffix
14:03:38.453 [main] DEBUG org.hibernate.loader.plan.build.internal.FetchStyleLoadPlanBuildingAssociationVisitationStrategy - Building LoadPlan...
14:03:38.453 [main] DEBUG org.hibernate.loader.plan.exec.internal.LoadQueryJoinAndFetchProcessor - processing queryspace <gen:0>
14:03:38.453 [main] DEBUG org.hibernate.loader.plan.build.spi.LoadPlanTreePrinter - LoadPlan(entity=com.bk.hotel.model.Customer)
    - Returns
       - EntityReturnImpl(entity=com.bk.hotel.model.Customer, querySpaceUid=<gen:0>, path=com.bk.hotel.model.Customer)
    - QuerySpaces
       - EntityQuerySpaceImpl(uid=<gen:0>, entity=com.bk.hotel.model.Customer)
          - SQL table alias mapping - customer0_
          - alias suffix - 0_
          - suffixed key columns - {id1_0_0_}

14:03:38.453 [main] DEBUG org.hibernate.loader.entity.plan.EntityLoader - Static select for entity com.bk.hotel.model.Customer [FORCE]: select customer0_.id as id1_0_0_, customer0_.first_name as first_na2_0_0_, customer0_.last_name as last_nam3_0_0_, customer0_.middle_name as middle_n4_0_0_, customer0_.suffix as suffix5_0_0_ from customers customer0_ where customer0_.id=? for update nowait 
14:03:38.453 [main] DEBUG org.hibernate.loader.plan.build.internal.spaces.QuerySpacesImpl - Adding QuerySpace : uid = <gen:0> -> org.hibernate.loader.plan.build.internal.spaces.EntityQuerySpaceImpl@1bec1589]
14:03:38.453 [main] DEBUG org.hibernate.persister.walking.spi.MetamodelGraphWalker - Visiting attribute path : firstName
14:03:38.453 [main] DEBUG org.hibernate.persister.walking.spi.MetamodelGraphWalker - Visiting attribute path : lastName
14:03:38.454 [main] DEBUG org.hibernate.persister.walking.spi.MetamodelGraphWalker - Visiting attribute path : middleName
14:03:38.454 [main] DEBUG org.hibernate.persister.walking.spi.MetamodelGraphWalker - Visiting attribute path : suffix
14:03:38.454 [main] DEBUG org.hibernate.loader.plan.build.internal.FetchStyleLoadPlanBuildingAssociationVisitationStrategy - Building LoadPlan...
14:03:38.454 [main] DEBUG org.hibernate.loader.plan.exec.internal.LoadQueryJoinAndFetchProcessor - processing queryspace <gen:0>
14:03:38.454 [main] DEBUG org.hibernate.loader.plan.build.spi.LoadPlanTreePrinter - LoadPlan(entity=com.bk.hotel.model.Customer)
    - Returns
       - EntityReturnImpl(entity=com.bk.hotel.model.Customer, querySpaceUid=<gen:0>, path=com.bk.hotel.model.Customer)
    - QuerySpaces
       - EntityQuerySpaceImpl(uid=<gen:0>, entity=com.bk.hotel.model.Customer)
          - SQL table alias mapping - customer0_
          - alias suffix - 0_
          - suffixed key columns - {id1_0_0_}

14:03:38.454 [main] DEBUG org.hibernate.loader.entity.plan.EntityLoader - Static select for entity com.bk.hotel.model.Customer [PESSIMISTIC_READ]: select customer0_.id as id1_0_0_, customer0_.first_name as first_na2_0_0_, customer0_.last_name as last_nam3_0_0_, customer0_.middle_name as middle_n4_0_0_, customer0_.suffix as suffix5_0_0_ from customers customer0_ where customer0_.id=? for share
14:03:38.454 [main] DEBUG org.hibernate.loader.plan.build.internal.spaces.QuerySpacesImpl - Adding QuerySpace : uid = <gen:0> -> org.hibernate.loader.plan.build.internal.spaces.EntityQuerySpaceImpl@14590fe2]
14:03:38.454 [main] DEBUG org.hibernate.persister.walking.spi.MetamodelGraphWalker - Visiting attribute path : firstName
14:03:38.454 [main] DEBUG org.hibernate.persister.walking.spi.MetamodelGraphWalker - Visiting attribute path : lastName
14:03:38.454 [main] DEBUG org.hibernate.persister.walking.spi.MetamodelGraphWalker - Visiting attribute path : middleName
14:03:38.454 [main] DEBUG org.hibernate.persister.walking.spi.MetamodelGraphWalker - Visiting attribute path : suffix
14:03:38.454 [main] DEBUG org.hibernate.loader.plan.build.internal.FetchStyleLoadPlanBuildingAssociationVisitationStrategy - Building LoadPlan...
14:03:38.454 [main] DEBUG org.hibernate.loader.plan.exec.internal.LoadQueryJoinAndFetchProcessor - processing queryspace <gen:0>
14:03:38.454 [main] DEBUG org.hibernate.loader.plan.build.spi.LoadPlanTreePrinter - LoadPlan(entity=com.bk.hotel.model.Customer)
    - Returns
       - EntityReturnImpl(entity=com.bk.hotel.model.Customer, querySpaceUid=<gen:0>, path=com.bk.hotel.model.Customer)
    - QuerySpaces
       - EntityQuerySpaceImpl(uid=<gen:0>, entity=com.bk.hotel.model.Customer)
          - SQL table alias mapping - customer0_
          - alias suffix - 0_
          - suffixed key columns - {id1_0_0_}

14:03:38.454 [main] DEBUG org.hibernate.loader.entity.plan.EntityLoader - Static select for entity com.bk.hotel.model.Customer [PESSIMISTIC_WRITE]: select customer0_.id as id1_0_0_, customer0_.first_name as first_na2_0_0_, customer0_.last_name as last_nam3_0_0_, customer0_.middle_name as middle_n4_0_0_, customer0_.suffix as suffix5_0_0_ from customers customer0_ where customer0_.id=? for update
14:03:38.454 [main] DEBUG org.hibernate.loader.plan.build.internal.spaces.QuerySpacesImpl - Adding QuerySpace : uid = <gen:0> -> org.hibernate.loader.plan.build.internal.spaces.EntityQuerySpaceImpl@2299d903]
14:03:38.454 [main] DEBUG org.hibernate.persister.walking.spi.MetamodelGraphWalker - Visiting attribute path : firstName
14:03:38.454 [main] DEBUG org.hibernate.persister.walking.spi.MetamodelGraphWalker - Visiting attribute path : lastName
14:03:38.454 [main] DEBUG org.hibernate.persister.walking.spi.MetamodelGraphWalker - Visiting attribute path : middleName
14:03:38.454 [main] DEBUG org.hibernate.persister.walking.spi.MetamodelGraphWalker - Visiting attribute path : suffix
14:03:38.454 [main] DEBUG org.hibernate.loader.plan.build.internal.FetchStyleLoadPlanBuildingAssociationVisitationStrategy - Building LoadPlan...
14:03:38.455 [main] DEBUG org.hibernate.loader.plan.exec.internal.LoadQueryJoinAndFetchProcessor - processing queryspace <gen:0>
14:03:38.455 [main] DEBUG org.hibernate.loader.plan.build.spi.LoadPlanTreePrinter - LoadPlan(entity=com.bk.hotel.model.Customer)
    - Returns
       - EntityReturnImpl(entity=com.bk.hotel.model.Customer, querySpaceUid=<gen:0>, path=com.bk.hotel.model.Customer)
    - QuerySpaces
       - EntityQuerySpaceImpl(uid=<gen:0>, entity=com.bk.hotel.model.Customer)
          - SQL table alias mapping - customer0_
          - alias suffix - 0_
          - suffixed key columns - {id1_0_0_}

14:03:38.455 [main] DEBUG org.hibernate.loader.entity.plan.EntityLoader - Static select for entity com.bk.hotel.model.Customer [PESSIMISTIC_FORCE_INCREMENT]: select customer0_.id as id1_0_0_, customer0_.first_name as first_na2_0_0_, customer0_.last_name as last_nam3_0_0_, customer0_.middle_name as middle_n4_0_0_, customer0_.suffix as suffix5_0_0_ from customers customer0_ where customer0_.id=? for update nowait 
14:03:38.455 [main] DEBUG org.hibernate.loader.plan.build.internal.spaces.QuerySpacesImpl - Adding QuerySpace : uid = <gen:0> -> org.hibernate.loader.plan.build.internal.spaces.EntityQuerySpaceImpl@2c3f43d1]
14:03:38.455 [main] DEBUG org.hibernate.persister.walking.spi.MetamodelGraphWalker - Visiting attribute path : firstName
14:03:38.455 [main] DEBUG org.hibernate.persister.walking.spi.MetamodelGraphWalker - Visiting attribute path : lastName
14:03:38.455 [main] DEBUG org.hibernate.persister.walking.spi.MetamodelGraphWalker - Visiting attribute path : middleName
14:03:38.455 [main] DEBUG org.hibernate.persister.walking.spi.MetamodelGraphWalker - Visiting attribute path : suffix
14:03:38.455 [main] DEBUG org.hibernate.loader.plan.build.internal.FetchStyleLoadPlanBuildingAssociationVisitationStrategy - Building LoadPlan...
14:03:38.455 [main] DEBUG org.hibernate.loader.plan.exec.internal.LoadQueryJoinAndFetchProcessor - processing queryspace <gen:0>
14:03:38.455 [main] DEBUG org.hibernate.loader.plan.build.spi.LoadPlanTreePrinter - LoadPlan(entity=com.bk.hotel.model.Customer)
    - Returns
       - EntityReturnImpl(entity=com.bk.hotel.model.Customer, querySpaceUid=<gen:0>, path=com.bk.hotel.model.Customer)
    - QuerySpaces
       - EntityQuerySpaceImpl(uid=<gen:0>, entity=com.bk.hotel.model.Customer)
          - SQL table alias mapping - customer0_
          - alias suffix - 0_
          - suffixed key columns - {id1_0_0_}

14:03:38.455 [main] DEBUG org.hibernate.loader.entity.plan.EntityLoader - Static select for entity com.bk.hotel.model.Customer [OPTIMISTIC]: select customer0_.id as id1_0_0_, customer0_.first_name as first_na2_0_0_, customer0_.last_name as last_nam3_0_0_, customer0_.middle_name as middle_n4_0_0_, customer0_.suffix as suffix5_0_0_ from customers customer0_ where customer0_.id=?
14:03:38.455 [main] DEBUG org.hibernate.loader.plan.build.internal.spaces.QuerySpacesImpl - Adding QuerySpace : uid = <gen:0> -> org.hibernate.loader.plan.build.internal.spaces.EntityQuerySpaceImpl@f10d055]
14:03:38.455 [main] DEBUG org.hibernate.persister.walking.spi.MetamodelGraphWalker - Visiting attribute path : firstName
14:03:38.455 [main] DEBUG org.hibernate.persister.walking.spi.MetamodelGraphWalker - Visiting attribute path : lastName
14:03:38.455 [main] DEBUG org.hibernate.persister.walking.spi.MetamodelGraphWalker - Visiting attribute path : middleName
14:03:38.455 [main] DEBUG org.hibernate.persister.walking.spi.MetamodelGraphWalker - Visiting attribute path : suffix
14:03:38.455 [main] DEBUG org.hibernate.loader.plan.build.internal.FetchStyleLoadPlanBuildingAssociationVisitationStrategy - Building LoadPlan...
14:03:38.456 [main] DEBUG org.hibernate.loader.plan.exec.internal.LoadQueryJoinAndFetchProcessor - processing queryspace <gen:0>
14:03:38.456 [main] DEBUG org.hibernate.loader.plan.build.spi.LoadPlanTreePrinter - LoadPlan(entity=com.bk.hotel.model.Customer)
    - Returns
       - EntityReturnImpl(entity=com.bk.hotel.model.Customer, querySpaceUid=<gen:0>, path=com.bk.hotel.model.Customer)
    - QuerySpaces
       - EntityQuerySpaceImpl(uid=<gen:0>, entity=com.bk.hotel.model.Customer)
          - SQL table alias mapping - customer0_
          - alias suffix - 0_
          - suffixed key columns - {id1_0_0_}

14:03:38.456 [main] DEBUG org.hibernate.loader.entity.plan.EntityLoader - Static select for entity com.bk.hotel.model.Customer [OPTIMISTIC_FORCE_INCREMENT]: select customer0_.id as id1_0_0_, customer0_.first_name as first_na2_0_0_, customer0_.last_name as last_nam3_0_0_, customer0_.middle_name as middle_n4_0_0_, customer0_.suffix as suffix5_0_0_ from customers customer0_ where customer0_.id=?
14:03:38.471 [main] DEBUG org.hibernate.loader.Loader - Static select for action ACTION_MERGE on entity com.bk.hotel.model.Customer: select customer0_.id as id1_0_0_, customer0_.first_name as first_na2_0_0_, customer0_.last_name as last_nam3_0_0_, customer0_.middle_name as middle_n4_0_0_, customer0_.suffix as suffix5_0_0_ from customers customer0_ where customer0_.id=?
14:03:38.471 [main] DEBUG org.hibernate.loader.Loader - Static select for action ACTION_REFRESH on entity com.bk.hotel.model.Customer: select customer0_.id as id1_0_0_, customer0_.first_name as first_na2_0_0_, customer0_.last_name as last_nam3_0_0_, customer0_.middle_name as middle_n4_0_0_, customer0_.suffix as suffix5_0_0_ from customers customer0_ where customer0_.id=?
14:03:38.471 [main] DEBUG org.hibernate.persister.entity.AbstractEntityPersister - Static SQL for entity: com.bk.hotel.model.Room
14:03:38.471 [main] DEBUG org.hibernate.persister.entity.AbstractEntityPersister -  Version select: select id from customers where id =?
14:03:38.471 [main] DEBUG org.hibernate.persister.entity.AbstractEntityPersister -  Snapshot select: select room_.id, room_.room_number as room_num6_0_, room_.room_rate as room_rat7_0_, room_.room_type as room_typ8_0_ from customers room_ where room_.id=?
14:03:38.471 [main] DEBUG org.hibernate.persister.entity.AbstractEntityPersister -  Insert 0: insert into customers (room_number, room_rate, room_type, id) values (?, ?, ?, ?)
14:03:38.471 [main] DEBUG org.hibernate.persister.entity.AbstractEntityPersister -  Update 0: update customers set room_number=?, room_rate=?, room_type=? where id=?
14:03:38.471 [main] DEBUG org.hibernate.persister.entity.AbstractEntityPersister -  Delete 0: delete from customers where id=?
14:03:38.471 [main] DEBUG org.hibernate.loader.plan.build.internal.spaces.QuerySpacesImpl - Adding QuerySpace : uid = <gen:0> -> org.hibernate.loader.plan.build.internal.spaces.EntityQuerySpaceImpl@29f3185c]
14:03:38.471 [main] DEBUG org.hibernate.persister.walking.spi.MetamodelGraphWalker - Visiting attribute path : roomNumber
14:03:38.471 [main] DEBUG org.hibernate.persister.walking.spi.MetamodelGraphWalker - Visiting attribute path : roomRate
14:03:38.471 [main] DEBUG org.hibernate.persister.walking.spi.MetamodelGraphWalker - Visiting attribute path : roomType
14:03:38.471 [main] DEBUG org.hibernate.loader.plan.build.internal.FetchStyleLoadPlanBuildingAssociationVisitationStrategy - Building LoadPlan...
14:03:38.472 [main] DEBUG org.hibernate.loader.plan.exec.internal.LoadQueryJoinAndFetchProcessor - processing queryspace <gen:0>
14:03:38.472 [main] DEBUG org.hibernate.loader.plan.build.spi.LoadPlanTreePrinter - LoadPlan(entity=com.bk.hotel.model.Room)
    - Returns
       - EntityReturnImpl(entity=com.bk.hotel.model.Room, querySpaceUid=<gen:0>, path=com.bk.hotel.model.Room)
    - QuerySpaces
       - EntityQuerySpaceImpl(uid=<gen:0>, entity=com.bk.hotel.model.Room)
          - SQL table alias mapping - room0_
          - alias suffix - 0_
          - suffixed key columns - {id1_0_0_}

14:03:38.472 [main] DEBUG org.hibernate.loader.entity.plan.EntityLoader - Static select for entity com.bk.hotel.model.Room [NONE]: select room0_.id as id1_0_0_, room0_.room_number as room_num6_0_0_, room0_.room_rate as room_rat7_0_0_, room0_.room_type as room_typ8_0_0_ from customers room0_ where room0_.id=?
14:03:38.472 [main] DEBUG org.hibernate.loader.plan.build.internal.spaces.QuerySpacesImpl - Adding QuerySpace : uid = <gen:0> -> org.hibernate.loader.plan.build.internal.spaces.EntityQuerySpaceImpl@370a8b6e]
14:03:38.472 [main] DEBUG org.hibernate.persister.walking.spi.MetamodelGraphWalker - Visiting attribute path : roomNumber
14:03:38.472 [main] DEBUG org.hibernate.persister.walking.spi.MetamodelGraphWalker - Visiting attribute path : roomRate
14:03:38.472 [main] DEBUG org.hibernate.persister.walking.spi.MetamodelGraphWalker - Visiting attribute path : roomType
14:03:38.472 [main] DEBUG org.hibernate.loader.plan.build.internal.FetchStyleLoadPlanBuildingAssociationVisitationStrategy - Building LoadPlan...
14:03:38.472 [main] DEBUG org.hibernate.loader.plan.exec.internal.LoadQueryJoinAndFetchProcessor - processing queryspace <gen:0>
14:03:38.472 [main] DEBUG org.hibernate.loader.plan.build.spi.LoadPlanTreePrinter - LoadPlan(entity=com.bk.hotel.model.Room)
    - Returns
       - EntityReturnImpl(entity=com.bk.hotel.model.Room, querySpaceUid=<gen:0>, path=com.bk.hotel.model.Room)
    - QuerySpaces
       - EntityQuerySpaceImpl(uid=<gen:0>, entity=com.bk.hotel.model.Room)
          - SQL table alias mapping - room0_
          - alias suffix - 0_
          - suffixed key columns - {id1_0_0_}

14:03:38.472 [main] DEBUG org.hibernate.loader.entity.plan.EntityLoader - Static select for entity com.bk.hotel.model.Room [READ]: select room0_.id as id1_0_0_, room0_.room_number as room_num6_0_0_, room0_.room_rate as room_rat7_0_0_, room0_.room_type as room_typ8_0_0_ from customers room0_ where room0_.id=?
14:03:38.472 [main] DEBUG org.hibernate.loader.plan.build.internal.spaces.QuerySpacesImpl - Adding QuerySpace : uid = <gen:0> -> org.hibernate.loader.plan.build.internal.spaces.EntityQuerySpaceImpl@208f7165]
14:03:38.472 [main] DEBUG org.hibernate.persister.walking.spi.MetamodelGraphWalker - Visiting attribute path : roomNumber
14:03:38.472 [main] DEBUG org.hibernate.persister.walking.spi.MetamodelGraphWalker - Visiting attribute path : roomRate
14:03:38.472 [main] DEBUG org.hibernate.persister.walking.spi.MetamodelGraphWalker - Visiting attribute path : roomType
14:03:38.472 [main] DEBUG org.hibernate.loader.plan.build.internal.FetchStyleLoadPlanBuildingAssociationVisitationStrategy - Building LoadPlan...
14:03:38.472 [main] DEBUG org.hibernate.loader.plan.exec.internal.LoadQueryJoinAndFetchProcessor - processing queryspace <gen:0>
14:03:38.472 [main] DEBUG org.hibernate.loader.plan.build.spi.LoadPlanTreePrinter - LoadPlan(entity=com.bk.hotel.model.Room)
    - Returns
       - EntityReturnImpl(entity=com.bk.hotel.model.Room, querySpaceUid=<gen:0>, path=com.bk.hotel.model.Room)
    - QuerySpaces
       - EntityQuerySpaceImpl(uid=<gen:0>, entity=com.bk.hotel.model.Room)
          - SQL table alias mapping - room0_
          - alias suffix - 0_
          - suffixed key columns - {id1_0_0_}

14:03:38.472 [main] DEBUG org.hibernate.loader.entity.plan.EntityLoader - Static select for entity com.bk.hotel.model.Room [UPGRADE]: select room0_.id as id1_0_0_, room0_.room_number as room_num6_0_0_, room0_.room_rate as room_rat7_0_0_, room0_.room_type as room_typ8_0_0_ from customers room0_ where room0_.id=? for update
14:03:38.472 [main] DEBUG org.hibernate.loader.plan.build.internal.spaces.QuerySpacesImpl - Adding QuerySpace : uid = <gen:0> -> org.hibernate.loader.plan.build.internal.spaces.EntityQuerySpaceImpl@693f2c89]
14:03:38.473 [main] DEBUG org.hibernate.persister.walking.spi.MetamodelGraphWalker - Visiting attribute path : roomNumber
14:03:38.473 [main] DEBUG org.hibernate.persister.walking.spi.MetamodelGraphWalker - Visiting attribute path : roomRate
14:03:38.473 [main] DEBUG org.hibernate.persister.walking.spi.MetamodelGraphWalker - Visiting attribute path : roomType
14:03:38.473 [main] DEBUG org.hibernate.loader.plan.build.internal.FetchStyleLoadPlanBuildingAssociationVisitationStrategy - Building LoadPlan...
14:03:38.473 [main] DEBUG org.hibernate.loader.plan.exec.internal.LoadQueryJoinAndFetchProcessor - processing queryspace <gen:0>
14:03:38.473 [main] DEBUG org.hibernate.loader.plan.build.spi.LoadPlanTreePrinter - LoadPlan(entity=com.bk.hotel.model.Room)
    - Returns
       - EntityReturnImpl(entity=com.bk.hotel.model.Room, querySpaceUid=<gen:0>, path=com.bk.hotel.model.Room)
    - QuerySpaces
       - EntityQuerySpaceImpl(uid=<gen:0>, entity=com.bk.hotel.model.Room)
          - SQL table alias mapping - room0_
          - alias suffix - 0_
          - suffixed key columns - {id1_0_0_}

14:03:38.473 [main] DEBUG org.hibernate.loader.entity.plan.EntityLoader - Static select for entity com.bk.hotel.model.Room [UPGRADE_NOWAIT]: select room0_.id as id1_0_0_, room0_.room_number as room_num6_0_0_, room0_.room_rate as room_rat7_0_0_, room0_.room_type as room_typ8_0_0_ from customers room0_ where room0_.id=? for update nowait 
14:03:38.473 [main] DEBUG org.hibernate.loader.plan.build.internal.spaces.QuerySpacesImpl - Adding QuerySpace : uid = <gen:0> -> org.hibernate.loader.plan.build.internal.spaces.EntityQuerySpaceImpl@5e541ef9]
14:03:38.473 [main] DEBUG org.hibernate.persister.walking.spi.MetamodelGraphWalker - Visiting attribute path : roomNumber
14:03:38.473 [main] DEBUG org.hibernate.persister.walking.spi.MetamodelGraphWalker - Visiting attribute path : roomRate
14:03:38.473 [main] DEBUG org.hibernate.persister.walking.spi.MetamodelGraphWalker - Visiting attribute path : roomType
14:03:38.473 [main] DEBUG org.hibernate.loader.plan.build.internal.FetchStyleLoadPlanBuildingAssociationVisitationStrategy - Building LoadPlan...
14:03:38.473 [main] DEBUG org.hibernate.loader.plan.exec.internal.LoadQueryJoinAndFetchProcessor - processing queryspace <gen:0>
14:03:38.473 [main] DEBUG org.hibernate.loader.plan.build.spi.LoadPlanTreePrinter - LoadPlan(entity=com.bk.hotel.model.Room)
    - Returns
       - EntityReturnImpl(entity=com.bk.hotel.model.Room, querySpaceUid=<gen:0>, path=com.bk.hotel.model.Room)
    - QuerySpaces
       - EntityQuerySpaceImpl(uid=<gen:0>, entity=com.bk.hotel.model.Room)
          - SQL table alias mapping - room0_
          - alias suffix - 0_
          - suffixed key columns - {id1_0_0_}

14:03:38.473 [main] DEBUG org.hibernate.loader.entity.plan.EntityLoader - Static select for entity com.bk.hotel.model.Room [UPGRADE_SKIPLOCKED]: select room0_.id as id1_0_0_, room0_.room_number as room_num6_0_0_, room0_.room_rate as room_rat7_0_0_, room0_.room_type as room_typ8_0_0_ from customers room0_ where room0_.id=? for update
14:03:38.473 [main] DEBUG org.hibernate.loader.plan.build.internal.spaces.QuerySpacesImpl - Adding QuerySpace : uid = <gen:0> -> org.hibernate.loader.plan.build.internal.spaces.EntityQuerySpaceImpl@28ce75ec]
14:03:38.473 [main] DEBUG org.hibernate.persister.walking.spi.MetamodelGraphWalker - Visiting attribute path : roomNumber
14:03:38.473 [main] DEBUG org.hibernate.persister.walking.spi.MetamodelGraphWalker - Visiting attribute path : roomRate
14:03:38.473 [main] DEBUG org.hibernate.persister.walking.spi.MetamodelGraphWalker - Visiting attribute path : roomType
14:03:38.473 [main] DEBUG org.hibernate.loader.plan.build.internal.FetchStyleLoadPlanBuildingAssociationVisitationStrategy - Building LoadPlan...
14:03:38.473 [main] DEBUG org.hibernate.loader.plan.exec.internal.LoadQueryJoinAndFetchProcessor - processing queryspace <gen:0>
14:03:38.474 [main] DEBUG org.hibernate.loader.plan.build.spi.LoadPlanTreePrinter - LoadPlan(entity=com.bk.hotel.model.Room)
    - Returns
       - EntityReturnImpl(entity=com.bk.hotel.model.Room, querySpaceUid=<gen:0>, path=com.bk.hotel.model.Room)
    - QuerySpaces
       - EntityQuerySpaceImpl(uid=<gen:0>, entity=com.bk.hotel.model.Room)
          - SQL table alias mapping - room0_
          - alias suffix - 0_
          - suffixed key columns - {id1_0_0_}

14:03:38.474 [main] DEBUG org.hibernate.loader.entity.plan.EntityLoader - Static select for entity com.bk.hotel.model.Room [FORCE]: select room0_.id as id1_0_0_, room0_.room_number as room_num6_0_0_, room0_.room_rate as room_rat7_0_0_, room0_.room_type as room_typ8_0_0_ from customers room0_ where room0_.id=? for update nowait 
14:03:38.474 [main] DEBUG org.hibernate.loader.plan.build.internal.spaces.QuerySpacesImpl - Adding QuerySpace : uid = <gen:0> -> org.hibernate.loader.plan.build.internal.spaces.EntityQuerySpaceImpl@9dc782d]
14:03:38.474 [main] DEBUG org.hibernate.persister.walking.spi.MetamodelGraphWalker - Visiting attribute path : roomNumber
14:03:38.474 [main] DEBUG org.hibernate.persister.walking.spi.MetamodelGraphWalker - Visiting attribute path : roomRate
14:03:38.474 [main] DEBUG org.hibernate.persister.walking.spi.MetamodelGraphWalker - Visiting attribute path : roomType
14:03:38.474 [main] DEBUG org.hibernate.loader.plan.build.internal.FetchStyleLoadPlanBuildingAssociationVisitationStrategy - Building LoadPlan...
14:03:38.474 [main] DEBUG org.hibernate.loader.plan.exec.internal.LoadQueryJoinAndFetchProcessor - processing queryspace <gen:0>
14:03:38.474 [main] DEBUG org.hibernate.loader.plan.build.spi.LoadPlanTreePrinter - LoadPlan(entity=com.bk.hotel.model.Room)
    - Returns
       - EntityReturnImpl(entity=com.bk.hotel.model.Room, querySpaceUid=<gen:0>, path=com.bk.hotel.model.Room)
    - QuerySpaces
       - EntityQuerySpaceImpl(uid=<gen:0>, entity=com.bk.hotel.model.Room)
          - SQL table alias mapping - room0_
          - alias suffix - 0_
          - suffixed key columns - {id1_0_0_}

14:03:38.474 [main] DEBUG org.hibernate.loader.entity.plan.EntityLoader - Static select for entity com.bk.hotel.model.Room [PESSIMISTIC_READ]: select room0_.id as id1_0_0_, room0_.room_number as room_num6_0_0_, room0_.room_rate as room_rat7_0_0_, room0_.room_type as room_typ8_0_0_ from customers room0_ where room0_.id=? for share
14:03:38.474 [main] DEBUG org.hibernate.loader.plan.build.internal.spaces.QuerySpacesImpl - Adding QuerySpace : uid = <gen:0> -> org.hibernate.loader.plan.build.internal.spaces.EntityQuerySpaceImpl@401926df]
14:03:38.474 [main] DEBUG org.hibernate.persister.walking.spi.MetamodelGraphWalker - Visiting attribute path : roomNumber
14:03:38.474 [main] DEBUG org.hibernate.persister.walking.spi.MetamodelGraphWalker - Visiting attribute path : roomRate
14:03:38.474 [main] DEBUG org.hibernate.persister.walking.spi.MetamodelGraphWalker - Visiting attribute path : roomType
14:03:38.474 [main] DEBUG org.hibernate.loader.plan.build.internal.FetchStyleLoadPlanBuildingAssociationVisitationStrategy - Building LoadPlan...
14:03:38.474 [main] DEBUG org.hibernate.loader.plan.exec.internal.LoadQueryJoinAndFetchProcessor - processing queryspace <gen:0>
14:03:38.475 [main] DEBUG org.hibernate.loader.plan.build.spi.LoadPlanTreePrinter - LoadPlan(entity=com.bk.hotel.model.Room)
    - Returns
       - EntityReturnImpl(entity=com.bk.hotel.model.Room, querySpaceUid=<gen:0>, path=com.bk.hotel.model.Room)
    - QuerySpaces
       - EntityQuerySpaceImpl(uid=<gen:0>, entity=com.bk.hotel.model.Room)
          - SQL table alias mapping - room0_
          - alias suffix - 0_
          - suffixed key columns - {id1_0_0_}

14:03:38.475 [main] DEBUG org.hibernate.loader.entity.plan.EntityLoader - Static select for entity com.bk.hotel.model.Room [PESSIMISTIC_WRITE]: select room0_.id as id1_0_0_, room0_.room_number as room_num6_0_0_, room0_.room_rate as room_rat7_0_0_, room0_.room_type as room_typ8_0_0_ from customers room0_ where room0_.id=? for update
14:03:38.475 [main] DEBUG org.hibernate.loader.plan.build.internal.spaces.QuerySpacesImpl - Adding QuerySpace : uid = <gen:0> -> org.hibernate.loader.plan.build.internal.spaces.EntityQuerySpaceImpl@550fa96f]
14:03:38.475 [main] DEBUG org.hibernate.persister.walking.spi.MetamodelGraphWalker - Visiting attribute path : roomNumber
14:03:38.475 [main] DEBUG org.hibernate.persister.walking.spi.MetamodelGraphWalker - Visiting attribute path : roomRate
14:03:38.475 [main] DEBUG org.hibernate.persister.walking.spi.MetamodelGraphWalker - Visiting attribute path : roomType
14:03:38.475 [main] DEBUG org.hibernate.loader.plan.build.internal.FetchStyleLoadPlanBuildingAssociationVisitationStrategy - Building LoadPlan...
14:03:38.475 [main] DEBUG org.hibernate.loader.plan.exec.internal.LoadQueryJoinAndFetchProcessor - processing queryspace <gen:0>
14:03:38.475 [main] DEBUG org.hibernate.loader.plan.build.spi.LoadPlanTreePrinter - LoadPlan(entity=com.bk.hotel.model.Room)
    - Returns
       - EntityReturnImpl(entity=com.bk.hotel.model.Room, querySpaceUid=<gen:0>, path=com.bk.hotel.model.Room)
    - QuerySpaces
       - EntityQuerySpaceImpl(uid=<gen:0>, entity=com.bk.hotel.model.Room)
          - SQL table alias mapping - room0_
          - alias suffix - 0_
          - suffixed key columns - {id1_0_0_}

14:03:38.475 [main] DEBUG org.hibernate.loader.entity.plan.EntityLoader - Static select for entity com.bk.hotel.model.Room [PESSIMISTIC_FORCE_INCREMENT]: select room0_.id as id1_0_0_, room0_.room_number as room_num6_0_0_, room0_.room_rate as room_rat7_0_0_, room0_.room_type as room_typ8_0_0_ from customers room0_ where room0_.id=? for update nowait 
14:03:38.475 [main] DEBUG org.hibernate.loader.plan.build.internal.spaces.QuerySpacesImpl - Adding QuerySpace : uid = <gen:0> -> org.hibernate.loader.plan.build.internal.spaces.EntityQuerySpaceImpl@5d01b0d8]
14:03:38.475 [main] DEBUG org.hibernate.persister.walking.spi.MetamodelGraphWalker - Visiting attribute path : roomNumber
14:03:38.475 [main] DEBUG org.hibernate.persister.walking.spi.MetamodelGraphWalker - Visiting attribute path : roomRate
14:03:38.475 [main] DEBUG org.hibernate.persister.walking.spi.MetamodelGraphWalker - Visiting attribute path : roomType
14:03:38.475 [main] DEBUG org.hibernate.loader.plan.build.internal.FetchStyleLoadPlanBuildingAssociationVisitationStrategy - Building LoadPlan...
14:03:38.475 [main] DEBUG org.hibernate.loader.plan.exec.internal.LoadQueryJoinAndFetchProcessor - processing queryspace <gen:0>
14:03:38.475 [main] DEBUG org.hibernate.loader.plan.build.spi.LoadPlanTreePrinter - LoadPlan(entity=com.bk.hotel.model.Room)
    - Returns
       - EntityReturnImpl(entity=com.bk.hotel.model.Room, querySpaceUid=<gen:0>, path=com.bk.hotel.model.Room)
    - QuerySpaces
       - EntityQuerySpaceImpl(uid=<gen:0>, entity=com.bk.hotel.model.Room)
          - SQL table alias mapping - room0_
          - alias suffix - 0_
          - suffixed key columns - {id1_0_0_}

14:03:38.475 [main] DEBUG org.hibernate.loader.entity.plan.EntityLoader - Static select for entity com.bk.hotel.model.Room [OPTIMISTIC]: select room0_.id as id1_0_0_, room0_.room_number as room_num6_0_0_, room0_.room_rate as room_rat7_0_0_, room0_.room_type as room_typ8_0_0_ from customers room0_ where room0_.id=?
14:03:38.476 [main] DEBUG org.hibernate.loader.plan.build.internal.spaces.QuerySpacesImpl - Adding QuerySpace : uid = <gen:0> -> org.hibernate.loader.plan.build.internal.spaces.EntityQuerySpaceImpl@ff21443]
14:03:38.476 [main] DEBUG org.hibernate.persister.walking.spi.MetamodelGraphWalker - Visiting attribute path : roomNumber
14:03:38.476 [main] DEBUG org.hibernate.persister.walking.spi.MetamodelGraphWalker - Visiting attribute path : roomRate
14:03:38.476 [main] DEBUG org.hibernate.persister.walking.spi.MetamodelGraphWalker - Visiting attribute path : roomType
14:03:38.476 [main] DEBUG org.hibernate.loader.plan.build.internal.FetchStyleLoadPlanBuildingAssociationVisitationStrategy - Building LoadPlan...
14:03:38.476 [main] DEBUG org.hibernate.loader.plan.exec.internal.LoadQueryJoinAndFetchProcessor - processing queryspace <gen:0>
14:03:38.476 [main] DEBUG org.hibernate.loader.plan.build.spi.LoadPlanTreePrinter - LoadPlan(entity=com.bk.hotel.model.Room)
    - Returns
       - EntityReturnImpl(entity=com.bk.hotel.model.Room, querySpaceUid=<gen:0>, path=com.bk.hotel.model.Room)
    - QuerySpaces
       - EntityQuerySpaceImpl(uid=<gen:0>, entity=com.bk.hotel.model.Room)
          - SQL table alias mapping - room0_
          - alias suffix - 0_
          - suffixed key columns - {id1_0_0_}

14:03:38.476 [main] DEBUG org.hibernate.loader.entity.plan.EntityLoader - Static select for entity com.bk.hotel.model.Room [OPTIMISTIC_FORCE_INCREMENT]: select room0_.id as id1_0_0_, room0_.room_number as room_num6_0_0_, room0_.room_rate as room_rat7_0_0_, room0_.room_type as room_typ8_0_0_ from customers room0_ where room0_.id=?
14:03:38.476 [main] DEBUG org.hibernate.loader.Loader - Static select for action ACTION_MERGE on entity com.bk.hotel.model.Room: select room0_.id as id1_0_0_, room0_.room_number as room_num6_0_0_, room0_.room_rate as room_rat7_0_0_, room0_.room_type as room_typ8_0_0_ from customers room0_ where room0_.id=?
14:03:38.477 [main] DEBUG org.hibernate.loader.Loader - Static select for action ACTION_REFRESH on entity com.bk.hotel.model.Room: select room0_.id as id1_0_0_, room0_.room_number as room_num6_0_0_, room0_.room_rate as room_rat7_0_0_, room0_.room_type as room_typ8_0_0_ from customers room0_ where room0_.id=?
14:03:38.492 [main] DEBUG org.hibernate.tool.schema.spi.SchemaManagementToolCoordinator - No actions specified; doing nothing
14:03:38.492 [main] DEBUG org.hibernate.query.spi.NamedQueryRepository - Checking 0 named HQL queries
14:03:38.492 [main] DEBUG org.hibernate.query.spi.NamedQueryRepository - Checking 0 named SQL queries
14:03:38.493 [main] DEBUG org.hibernate.internal.SessionFactoryRegistry - Initializing SessionFactoryRegistry : org.hibernate.internal.SessionFactoryRegistry@1008df1e
14:03:38.494 [main] DEBUG org.hibernate.internal.SessionFactoryRegistry - Registering SessionFactory: c3b29c4e-121c-4e21-86bf-5d840c5be1bf (<unnamed>)
14:03:38.494 [main] DEBUG org.hibernate.internal.SessionFactoryRegistry - Not binding SessionFactory to JNDI, no JNDI name configured
14:03:38.494 [main] INFO org.springframework.orm.jpa.LocalContainerEntityManagerFactoryBean - Initialized JPA EntityManagerFactory for persistence unit 'default'
14:03:38.496 [main] DEBUG org.springframework.beans.factory.support.DefaultListableBeanFactory - Returning cached instance of singleton bean 'org.springframework.transaction.config.internalTransactionAdvisor'
14:03:38.496 [main] DEBUG org.springframework.beans.factory.support.DefaultListableBeanFactory - Returning cached instance of singleton bean 'org.springframework.transaction.config.internalTransactionAdvisor'
14:03:38.506 [main] DEBUG org.springframework.beans.factory.support.DefaultListableBeanFactory - Finished creating instance of bean 'entityManagerFactory'
14:03:38.506 [main] DEBUG org.springframework.beans.factory.support.DefaultListableBeanFactory - Pre-instantiating singletons in org.springframework.beans.factory.support.DefaultListableBeanFactory@523424b5: defining beans [org.springframework.context.annotation.internalConfigurationAnnotationProcessor,org.springframework.context.annotation.internalAutowiredAnnotationProcessor,org.springframework.context.annotation.internalRequiredAnnotationProcessor,org.springframework.context.annotation.internalCommonAnnotationProcessor,org.springframework.context.annotation.internalPersistenceAnnotationProcessor,org.springframework.context.event.internalEventListenerProcessor,org.springframework.context.event.internalEventListenerFactory,hotelApplication,org.springframework.boot.test.mock.mockito.MockitoPostProcessor$SpyPostProcessor,org.springframework.boot.test.mock.mockito.MockitoPostProcessor,controllerLoggingAspect,customerController,reservationController,roomController,reservationServiceImpl,roomServiceImpl,roomTypes,org.springframework.boot.autoconfigure.AutoConfigurationPackages,org.springframework.boot.autoconfigure.context.PropertyPlaceholderAutoConfiguration,org.springframework.boot.autoconfigure.condition.BeanTypeRegistry,propertySourcesPlaceholderConfigurer,org.springframework.boot.autoconfigure.validation.ValidationAutoConfiguration,defaultValidator,methodValidationPostProcessor,org.springframework.boot.autoconfigure.jmx.JmxAutoConfiguration,mbeanExporter,objectNamingStrategy,mbeanServer,org.springframework.boot.autoconfigure.aop.AopAutoConfiguration$CglibAutoProxyConfiguration,org.springframework.aop.config.internalAutoProxyCreator,org.springframework.boot.autoconfigure.aop.AopAutoConfiguration,org.springframework.boot.autoconfigure.context.ConfigurationPropertiesAutoConfiguration,org.springframework.boot.context.properties.ConfigurationPropertiesBindingPostProcessor,org.springframework.boot.context.properties.ConfigurationBeanFactoryMetadata,org.springframework.boot.autoconfigure.dao.PersistenceExceptionTranslationAutoConfiguration,persistenceExceptionTranslationPostProcessor,org.springframework.boot.autoconfigure.transaction.jta.JtaAutoConfiguration,spring.jta-org.springframework.boot.autoconfigure.transaction.jta.JtaProperties,org.springframework.boot.autoconfigure.jdbc.DataSourceConfiguration$Hikari,dataSource,org.springframework.boot.autoconfigure.jdbc.DataSourceJmxConfiguration$Hikari,org.springframework.boot.autoconfigure.jdbc.DataSourceJmxConfiguration,org.springframework.boot.autoconfigure.jdbc.DataSourceAutoConfiguration$PooledDataSourceConfiguration,org.springframework.boot.autoconfigure.jdbc.metadata.DataSourcePoolMetadataProvidersConfiguration$HikariPoolDataSourceMetadataProviderConfiguration,hikariPoolDataSourceMetadataProvider,org.springframework.boot.autoconfigure.jdbc.metadata.DataSourcePoolMetadataProvidersConfiguration,org.springframework.boot.autoconfigure.jdbc.DataSourceInitializerInvoker,org.springframework.boot.autoconfigure.jdbc.DataSourceInitializationConfiguration,dataSourceInitializerPostProcessor,org.springframework.boot.autoconfigure.jdbc.DataSourceAutoConfiguration,spring.datasource-org.springframework.boot.autoconfigure.jdbc.DataSourceProperties,org.springframework.boot.autoconfigure.orm.jpa.HibernateJpaConfiguration,transactionManager,jpaVendorAdapter,entityManagerFactoryBuilder,entityManagerFactory,spring.jpa-org.springframework.boot.autoconfigure.orm.jpa.JpaProperties,dataSourceInitializedPublisher,org.springframework.boot.autoconfigure.orm.jpa.HibernateJpaAutoConfiguration,org.springframework.boot.autoconfigure.data.jpa.JpaRepositoriesAutoConfiguration,emBeanDefinitionRegistrarPostProcessor,jpaMappingContext,jpaContext,roomRepo,customerRepo,org.springframework.boot.autoconfigure.jackson.JacksonAutoConfiguration$Jackson2ObjectMapperBuilderCustomizerConfiguration,standardJacksonObjectMapperBuilderCustomizer,spring.jackson-org.springframework.boot.autoconfigure.jackson.JacksonProperties,org.springframework.boot.autoconfigure.jackson.JacksonAutoConfiguration$JacksonObjectMapperBuilderConfiguration,jacksonObjectMapperBuilder,org.springframework.boot.autoconfigure.jackson.JacksonAutoConfiguration$ParameterNamesModuleConfiguration,parameterNamesModule,org.springframework.boot.autoconfigure.jackson.JacksonAutoConfiguration$JacksonObjectMapperConfiguration,jacksonObjectMapper,org.springframework.boot.autoconfigure.jackson.JacksonAutoConfiguration,jsonComponentModule,org.springframework.boot.autoconfigure.http.HttpMessageConvertersAutoConfiguration$StringHttpMessageConverterConfiguration,stringHttpMessageConverter,spring.http.encoding-org.springframework.boot.autoconfigure.http.HttpEncodingProperties,org.springframework.boot.autoconfigure.http.JacksonHttpMessageConvertersConfiguration$MappingJackson2HttpMessageConverterConfiguration,mappingJackson2HttpMessageConverter,org.springframework.boot.autoconfigure.http.JacksonHttpMessageConvertersConfiguration,org.springframework.boot.autoconfigure.http.HttpMessageConvertersAutoConfiguration,messageConverters,org.springframework.boot.autoconfigure.http.codec.CodecsAutoConfiguration$JacksonCodecConfiguration,jacksonCodecCustomizer,org.springframework.boot.autoconfigure.http.codec.CodecsAutoConfiguration,org.springframework.boot.autoconfigure.info.ProjectInfoAutoConfiguration,spring.info-org.springframework.boot.autoconfigure.info.ProjectInfoProperties,org.springframework.boot.autoconfigure.jdbc.JdbcTemplateAutoConfiguration$JdbcTemplateConfiguration,jdbcTemplate,org.springframework.boot.autoconfigure.jdbc.JdbcTemplateAutoConfiguration$NamedParameterJdbcTemplateConfiguration,namedParameterJdbcTemplate,org.springframework.boot.autoconfigure.jdbc.JdbcTemplateAutoConfiguration,spring.jdbc-org.springframework.boot.autoconfigure.jdbc.JdbcProperties,org.springframework.boot.autoconfigure.security.reactive.ReactiveSecurityAutoConfiguration,spring.security-org.springframework.boot.autoconfigure.security.SecurityProperties,org.springframework.boot.autoconfigure.thymeleaf.ThymeleafAutoConfiguration$ThymeleafJava8TimeDialect,java8TimeDialect,org.springframework.boot.autoconfigure.thymeleaf.ThymeleafAutoConfiguration$ThymeleafDefaultConfiguration,templateEngine,org.springframework.boot.autoconfigure.thymeleaf.ThymeleafAutoConfiguration$DefaultTemplateResolverConfiguration,defaultTemplateResolver,org.springframework.boot.autoconfigure.thymeleaf.ThymeleafAutoConfiguration,spring.thymeleaf-org.springframework.boot.autoconfigure.thymeleaf.ThymeleafProperties,org.springframework.boot.autoconfigure.jdbc.DataSourceTransactionManagerAutoConfiguration$DataSourceTransactionManagerConfiguration,org.springframework.boot.autoconfigure.jdbc.DataSourceTransactionManagerAutoConfiguration,org.springframework.transaction.annotation.ProxyTransactionManagementConfiguration,org.springframework.transaction.config.internalTransactionAdvisor,transactionAttributeSource,transactionInterceptor,org.springframework.transaction.config.internalTransactionalEventListenerFactory,org.springframework.boot.autoconfigure.transaction.TransactionAutoConfiguration$EnableTransactionManagementConfiguration$CglibAutoProxyConfiguration,org.springframework.boot.autoconfigure.transaction.TransactionAutoConfiguration$EnableTransactionManagementConfiguration,org.springframework.boot.autoconfigure.transaction.TransactionAutoConfiguration$TransactionTemplateConfiguration,transactionTemplate,org.springframework.boot.autoconfigure.transaction.TransactionAutoConfiguration,platformTransactionManagerCustomizers,spring.transaction-org.springframework.boot.autoconfigure.transaction.TransactionProperties,org.springframework.boot.autoconfigure.web.client.RestTemplateAutoConfiguration,restTemplateBuilder,org.springframework.boot.autoconfigure.web.embedded.EmbeddedWebServerFactoryCustomizerAutoConfiguration$TomcatWebServerFactoryCustomizerConfiguration,tomcatWebServerFactoryCustomizer,org.springframework.boot.autoconfigure.web.embedded.EmbeddedWebServerFactoryCustomizerAutoConfiguration,server-org.springframework.boot.autoconfigure.web.ServerProperties,com.bk.hotel.service.CustomerService#0,org.springframework.orm.jpa.SharedEntityManagerCreator#0]; root of factory hierarchy
14:03:38.506 [main] DEBUG org.springframework.beans.factory.support.DefaultListableBeanFactory - Returning cached instance of singleton bean 'org.springframework.context.annotation.internalConfigurationAnnotationProcessor'
14:03:38.506 [main] DEBUG org.springframework.beans.factory.support.DefaultListableBeanFactory - Returning cached instance of singleton bean 'org.springframework.context.annotation.internalAutowiredAnnotationProcessor'
14:03:38.506 [main] DEBUG org.springframework.beans.factory.support.DefaultListableBeanFactory - Returning cached instance of singleton bean 'org.springframework.context.annotation.internalRequiredAnnotationProcessor'
14:03:38.506 [main] DEBUG org.springframework.beans.factory.support.DefaultListableBeanFactory - Returning cached instance of singleton bean 'org.springframework.context.annotation.internalCommonAnnotationProcessor'
14:03:38.506 [main] DEBUG org.springframework.beans.factory.support.DefaultListableBeanFactory - Returning cached instance of singleton bean 'org.springframework.context.annotation.internalPersistenceAnnotationProcessor'
14:03:38.506 [main] DEBUG org.springframework.beans.factory.support.DefaultListableBeanFactory - Creating shared instance of singleton bean 'org.springframework.context.event.internalEventListenerProcessor'
14:03:38.506 [main] DEBUG org.springframework.beans.factory.support.DefaultListableBeanFactory - Creating instance of bean 'org.springframework.context.event.internalEventListenerProcessor'
14:03:38.506 [main] DEBUG org.springframework.beans.factory.support.DefaultListableBeanFactory - Returning cached instance of singleton bean 'org.springframework.transaction.config.internalTransactionAdvisor'
14:03:38.508 [main] DEBUG org.springframework.beans.factory.support.DefaultListableBeanFactory - Eagerly caching bean 'org.springframework.context.event.internalEventListenerProcessor' to allow for resolving potential circular references
14:03:38.511 [main] DEBUG org.springframework.beans.factory.support.DefaultListableBeanFactory - Returning cached instance of singleton bean 'org.springframework.transaction.config.internalTransactionAdvisor'
14:03:38.511 [main] DEBUG org.springframework.beans.factory.support.DefaultListableBeanFactory - Returning cached instance of singleton bean 'org.springframework.transaction.config.internalTransactionAdvisor'
14:03:38.513 [main] DEBUG org.springframework.beans.factory.support.DefaultListableBeanFactory - Finished creating instance of bean 'org.springframework.context.event.internalEventListenerProcessor'
14:03:38.513 [main] DEBUG org.springframework.beans.factory.support.DefaultListableBeanFactory - Creating shared instance of singleton bean 'org.springframework.context.event.internalEventListenerFactory'
14:03:38.513 [main] DEBUG org.springframework.beans.factory.support.DefaultListableBeanFactory - Creating instance of bean 'org.springframework.context.event.internalEventListenerFactory'
14:03:38.513 [main] DEBUG org.springframework.beans.factory.support.DefaultListableBeanFactory - Returning cached instance of singleton bean 'org.springframework.transaction.config.internalTransactionAdvisor'
14:03:38.514 [main] DEBUG org.springframework.beans.factory.support.DefaultListableBeanFactory - Eagerly caching bean 'org.springframework.context.event.internalEventListenerFactory' to allow for resolving potential circular references
14:03:38.515 [main] DEBUG org.springframework.beans.factory.support.DefaultListableBeanFactory - Returning cached instance of singleton bean 'org.springframework.transaction.config.internalTransactionAdvisor'
14:03:38.515 [main] DEBUG org.springframework.beans.factory.support.DefaultListableBeanFactory - Returning cached instance of singleton bean 'org.springframework.transaction.config.internalTransactionAdvisor'
14:03:38.518 [main] DEBUG org.springframework.beans.factory.support.DefaultListableBeanFactory - Finished creating instance of bean 'org.springframework.context.event.internalEventListenerFactory'
14:03:38.518 [main] DEBUG org.springframework.beans.factory.support.DefaultListableBeanFactory - Creating shared instance of singleton bean 'hotelApplication'
14:03:38.518 [main] DEBUG org.springframework.beans.factory.support.DefaultListableBeanFactory - Creating instance of bean 'hotelApplication'
14:03:38.518 [main] DEBUG org.springframework.beans.factory.support.DefaultListableBeanFactory - Returning cached instance of singleton bean 'org.springframework.transaction.config.internalTransactionAdvisor'
14:03:38.518 [main] DEBUG org.springframework.beans.factory.support.DefaultListableBeanFactory - Eagerly caching bean 'hotelApplication' to allow for resolving potential circular references
14:03:38.520 [main] DEBUG org.springframework.beans.factory.support.DefaultListableBeanFactory - Returning cached instance of singleton bean 'org.springframework.transaction.config.internalTransactionAdvisor'
14:03:38.520 [main] DEBUG org.springframework.beans.factory.support.DefaultListableBeanFactory - Returning cached instance of singleton bean 'org.springframework.transaction.config.internalTransactionAdvisor'
14:03:38.522 [main] DEBUG org.springframework.beans.factory.support.DefaultListableBeanFactory - Finished creating instance of bean 'hotelApplication'
14:03:38.522 [main] DEBUG org.springframework.beans.factory.support.DefaultListableBeanFactory - Returning cached instance of singleton bean 'org.springframework.boot.test.mock.mockito.MockitoPostProcessor$SpyPostProcessor'
14:03:38.522 [main] DEBUG org.springframework.beans.factory.support.DefaultListableBeanFactory - Returning cached instance of singleton bean 'org.springframework.boot.test.mock.mockito.MockitoPostProcessor'
14:03:38.522 [main] DEBUG org.springframework.beans.factory.support.DefaultListableBeanFactory - Creating shared instance of singleton bean 'controllerLoggingAspect'
14:03:38.522 [main] DEBUG org.springframework.beans.factory.support.DefaultListableBeanFactory - Creating instance of bean 'controllerLoggingAspect'
14:03:38.641 [main] DEBUG org.springframework.beans.factory.support.DefaultListableBeanFactory - Eagerly caching bean 'controllerLoggingAspect' to allow for resolving potential circular references
14:03:38.642 [main] DEBUG org.springframework.beans.factory.support.DefaultListableBeanFactory - Finished creating instance of bean 'controllerLoggingAspect'
14:03:38.642 [main] DEBUG org.springframework.beans.factory.support.DefaultListableBeanFactory - Creating shared instance of singleton bean 'customerController'
14:03:38.642 [main] DEBUG org.springframework.beans.factory.support.DefaultListableBeanFactory - Creating instance of bean 'customerController'
14:03:38.642 [main] DEBUG org.springframework.beans.factory.support.DefaultListableBeanFactory - Returning cached instance of singleton bean 'org.springframework.transaction.config.internalTransactionAdvisor'
14:03:38.646 [main] DEBUG org.springframework.beans.factory.support.DefaultListableBeanFactory - Returning cached instance of singleton bean 'com.bk.hotel.service.CustomerService#0'
14:03:38.647 [main] DEBUG org.springframework.beans.factory.support.DefaultListableBeanFactory - Autowiring by type from bean name 'customerController' via constructor to bean named 'com.bk.hotel.service.CustomerService#0'
14:03:38.647 [main] DEBUG org.springframework.beans.factory.support.DefaultListableBeanFactory - Eagerly caching bean 'customerController' to allow for resolving potential circular references
14:03:38.648 [main] DEBUG org.springframework.beans.factory.support.DefaultListableBeanFactory - Returning cached instance of singleton bean 'org.springframework.transaction.config.internalTransactionAdvisor'
14:03:38.648 [main] DEBUG org.springframework.beans.factory.support.DefaultListableBeanFactory - Returning cached instance of singleton bean 'org.springframework.transaction.config.internalTransactionAdvisor'
14:03:38.652 [main] DEBUG org.springframework.aop.aspectj.annotation.AnnotationAwareAspectJAutoProxyCreator - Creating implicit proxy for bean 'customerController' with 0 common interceptors and 4 specific interceptors
14:03:38.654 [main] DEBUG org.springframework.aop.framework.CglibAopProxy - Creating CGLIB proxy: target source is SingletonTargetSource for target object [com.bk.hotel.controller.CustomerController@9880a15]
14:03:38.661 [main] DEBUG org.springframework.aop.framework.CglibAopProxy - Unable to apply any optimizations to advised method: public org.springframework.http.ResponseEntity com.bk.hotel.controller.CustomerController.findCustomerById(long)
14:03:38.661 [main] DEBUG org.springframework.aop.framework.CglibAopProxy - Unable to apply any optimizations to advised method: public org.springframework.http.ResponseEntity com.bk.hotel.controller.CustomerController.findAllCustomers()
14:03:38.661 [main] DEBUG org.springframework.aop.framework.CglibAopProxy - Unable to apply any optimizations to advised method: public org.springframework.http.ResponseEntity com.bk.hotel.controller.CustomerController.findCustomersByFNameLName(java.lang.String,java.lang.String)
14:03:38.661 [main] DEBUG org.springframework.aop.framework.CglibAopProxy - Unable to apply any optimizations to advised method: public org.springframework.http.ResponseEntity com.bk.hotel.controller.CustomerController.createNewCustomer(com.bk.hotel.model.Customer) throws java.net.URISyntaxException
14:03:38.661 [main] DEBUG org.springframework.aop.framework.CglibAopProxy - Unable to apply any optimizations to advised method: public org.springframework.http.ResponseEntity com.bk.hotel.controller.CustomerController.updateCustomer(long,com.bk.hotel.model.Customer)
14:03:38.661 [main] DEBUG org.springframework.aop.framework.CglibAopProxy - Unable to apply any optimizations to advised method: public org.springframework.http.ResponseEntity com.bk.hotel.controller.CustomerController.deleteCustomer(long)
14:03:38.661 [main] DEBUG org.springframework.aop.framework.CglibAopProxy - Found 'equals' method: public boolean java.lang.Object.equals(java.lang.Object)
14:03:38.662 [main] DEBUG org.springframework.aop.framework.CglibAopProxy - Unable to apply any optimizations to advised method: public java.lang.String java.lang.Object.toString()
14:03:38.662 [main] DEBUG org.springframework.aop.framework.CglibAopProxy - Found 'hashCode' method: public native int java.lang.Object.hashCode()
14:03:38.662 [main] DEBUG org.springframework.aop.framework.CglibAopProxy - Unable to apply any optimizations to advised method: protected native java.lang.Object java.lang.Object.clone() throws java.lang.CloneNotSupportedException
14:03:38.662 [main] DEBUG org.springframework.aop.framework.CglibAopProxy - Method is declared on Advised interface: public abstract int org.springframework.aop.framework.Advised.indexOf(org.springframework.aop.Advisor)
14:03:38.662 [main] DEBUG org.springframework.aop.framework.CglibAopProxy - Method is declared on Advised interface: public abstract int org.springframework.aop.framework.Advised.indexOf(org.aopalliance.aop.Advice)
14:03:38.662 [main] DEBUG org.springframework.aop.framework.CglibAopProxy - Method is declared on Advised interface: public abstract boolean org.springframework.aop.framework.Advised.isFrozen()
14:03:38.662 [main] DEBUG org.springframework.aop.framework.CglibAopProxy - Method is declared on Advised interface: public abstract boolean org.springframework.aop.framework.Advised.isPreFiltered()
14:03:38.662 [main] DEBUG org.springframework.aop.framework.CglibAopProxy - Method is declared on Advised interface: public abstract java.lang.Class[] org.springframework.aop.framework.Advised.getProxiedInterfaces()
14:03:38.662 [main] DEBUG org.springframework.aop.framework.CglibAopProxy - Method is declared on Advised interface: public abstract boolean org.springframework.aop.framework.Advised.isInterfaceProxied(java.lang.Class)
14:03:38.662 [main] DEBUG org.springframework.aop.framework.CglibAopProxy - Method is declared on Advised interface: public abstract boolean org.springframework.aop.framework.Advised.removeAdvisor(org.springframework.aop.Advisor)
14:03:38.662 [main] DEBUG org.springframework.aop.framework.CglibAopProxy - Method is declared on Advised interface: public abstract void org.springframework.aop.framework.Advised.removeAdvisor(int) throws org.springframework.aop.framework.AopConfigException
14:03:38.662 [main] DEBUG org.springframework.aop.framework.CglibAopProxy - Method is declared on Advised interface: public abstract boolean org.springframework.aop.framework.Advised.replaceAdvisor(org.springframework.aop.Advisor,org.springframework.aop.Advisor) throws org.springframework.aop.framework.AopConfigException
14:03:38.662 [main] DEBUG org.springframework.aop.framework.CglibAopProxy - Method is declared on Advised interface: public abstract boolean org.springframework.aop.framework.Advised.removeAdvice(org.aopalliance.aop.Advice)
14:03:38.662 [main] DEBUG org.springframework.aop.framework.CglibAopProxy - Method is declared on Advised interface: public abstract java.lang.String org.springframework.aop.framework.Advised.toProxyConfigString()
14:03:38.662 [main] DEBUG org.springframework.aop.framework.CglibAopProxy - Method is declared on Advised interface: public abstract void org.springframework.aop.framework.Advised.addAdvice(int,org.aopalliance.aop.Advice) throws org.springframework.aop.framework.AopConfigException
14:03:38.662 [main] DEBUG org.springframework.aop.framework.CglibAopProxy - Method is declared on Advised interface: public abstract void org.springframework.aop.framework.Advised.addAdvice(org.aopalliance.aop.Advice) throws org.springframework.aop.framework.AopConfigException
14:03:38.662 [main] DEBUG org.springframework.aop.framework.CglibAopProxy - Method is declared on Advised interface: public abstract org.springframework.aop.Advisor[] org.springframework.aop.framework.Advised.getAdvisors()
14:03:38.662 [main] DEBUG org.springframework.aop.framework.CglibAopProxy - Method is declared on Advised interface: public abstract boolean org.springframework.aop.framework.Advised.isProxyTargetClass()
14:03:38.662 [main] DEBUG org.springframework.aop.framework.CglibAopProxy - Method is declared on Advised interface: public abstract void org.springframework.aop.framework.Advised.addAdvisor(org.springframework.aop.Advisor) throws org.springframework.aop.framework.AopConfigException
14:03:38.662 [main] DEBUG org.springframework.aop.framework.CglibAopProxy - Method is declared on Advised interface: public abstract void org.springframework.aop.framework.Advised.addAdvisor(int,org.springframework.aop.Advisor) throws org.springframework.aop.framework.AopConfigException
14:03:38.662 [main] DEBUG org.springframework.aop.framework.CglibAopProxy - Method is declared on Advised interface: public abstract void org.springframework.aop.framework.Advised.setExposeProxy(boolean)
14:03:38.662 [main] DEBUG org.springframework.aop.framework.CglibAopProxy - Method is declared on Advised interface: public abstract boolean org.springframework.aop.framework.Advised.isExposeProxy()
14:03:38.662 [main] DEBUG org.springframework.aop.framework.CglibAopProxy - Method is declared on Advised interface: public abstract org.springframework.aop.TargetSource org.springframework.aop.framework.Advised.getTargetSource()
14:03:38.662 [main] DEBUG org.springframework.aop.framework.CglibAopProxy - Method is declared on Advised interface: public abstract void org.springframework.aop.framework.Advised.setPreFiltered(boolean)
14:03:38.662 [main] DEBUG org.springframework.aop.framework.CglibAopProxy - Method is declared on Advised interface: public abstract void org.springframework.aop.framework.Advised.setTargetSource(org.springframework.aop.TargetSource)
14:03:38.662 [main] DEBUG org.springframework.aop.framework.CglibAopProxy - Method is declared on Advised interface: public abstract java.lang.Class org.springframework.aop.TargetClassAware.getTargetClass()
14:03:38.669 [main] DEBUG org.springframework.beans.factory.support.DefaultListableBeanFactory - Finished creating instance of bean 'customerController'
14:03:38.669 [main] DEBUG org.springframework.beans.factory.support.DefaultListableBeanFactory - Creating shared instance of singleton bean 'reservationController'
14:03:38.669 [main] DEBUG org.springframework.beans.factory.support.DefaultListableBeanFactory - Creating instance of bean 'reservationController'
14:03:38.669 [main] DEBUG org.springframework.beans.factory.support.DefaultListableBeanFactory - Returning cached instance of singleton bean 'org.springframework.transaction.config.internalTransactionAdvisor'
14:03:38.669 [main] DEBUG org.springframework.beans.factory.support.DefaultListableBeanFactory - Eagerly caching bean 'reservationController' to allow for resolving potential circular references
14:03:38.670 [main] DEBUG org.springframework.beans.factory.support.DefaultListableBeanFactory - Returning cached instance of singleton bean 'org.springframework.transaction.config.internalTransactionAdvisor'
14:03:38.670 [main] DEBUG org.springframework.beans.factory.support.DefaultListableBeanFactory - Returning cached instance of singleton bean 'org.springframework.transaction.config.internalTransactionAdvisor'
14:03:38.671 [main] DEBUG org.springframework.beans.factory.support.DefaultListableBeanFactory - Finished creating instance of bean 'reservationController'
14:03:38.671 [main] DEBUG org.springframework.beans.factory.support.DefaultListableBeanFactory - Creating shared instance of singleton bean 'roomController'
14:03:38.671 [main] DEBUG org.springframework.beans.factory.support.DefaultListableBeanFactory - Creating instance of bean 'roomController'
14:03:38.671 [main] DEBUG org.springframework.beans.factory.support.DefaultListableBeanFactory - Returning cached instance of singleton bean 'org.springframework.transaction.config.internalTransactionAdvisor'
14:03:38.672 [main] DEBUG org.springframework.beans.factory.support.DefaultListableBeanFactory - Creating shared instance of singleton bean 'roomServiceImpl'
14:03:38.672 [main] DEBUG org.springframework.beans.factory.support.DefaultListableBeanFactory - Creating instance of bean 'roomServiceImpl'
14:03:38.672 [main] DEBUG org.springframework.beans.factory.support.DefaultListableBeanFactory - Returning cached instance of singleton bean 'org.springframework.transaction.config.internalTransactionAdvisor'
14:03:38.673 [main] DEBUG org.springframework.beans.factory.support.DefaultListableBeanFactory - Creating shared instance of singleton bean 'roomRepo'
14:03:38.673 [main] DEBUG org.springframework.beans.factory.support.DefaultListableBeanFactory - Creating instance of bean 'roomRepo'
14:03:38.673 [main] DEBUG org.springframework.beans.factory.support.DefaultListableBeanFactory - Returning cached instance of singleton bean 'org.springframework.transaction.config.internalTransactionAdvisor'
14:03:38.682 [main] DEBUG org.springframework.beans.factory.annotation.InjectionMetadata - Registered injected element on class [org.springframework.data.jpa.repository.support.JpaRepositoryFactoryBean]: PersistenceElement for public void org.springframework.data.jpa.repository.support.JpaRepositoryFactoryBean.setEntityManager(javax.persistence.EntityManager)
14:03:38.683 [main] DEBUG org.springframework.beans.factory.support.DefaultListableBeanFactory - Eagerly caching bean 'roomRepo' to allow for resolving potential circular references
14:03:38.683 [main] DEBUG org.springframework.beans.factory.annotation.InjectionMetadata - Processing injected element of bean 'roomRepo': PersistenceElement for public void org.springframework.data.jpa.repository.support.JpaRepositoryFactoryBean.setEntityManager(javax.persistence.EntityManager)
14:03:38.684 [main] DEBUG org.springframework.beans.factory.support.DefaultListableBeanFactory - Creating instance of bean '(inner bean)#727dcc64'
14:03:38.684 [main] DEBUG org.springframework.beans.factory.support.DefaultListableBeanFactory - Returning cached instance of singleton bean 'org.springframework.transaction.config.internalTransactionAdvisor'
14:03:38.684 [main] DEBUG org.springframework.beans.factory.support.DefaultListableBeanFactory - Creating instance of bean '(inner bean)#7d685f4e'
14:03:38.684 [main] DEBUG org.springframework.beans.factory.support.DefaultListableBeanFactory - Returning cached instance of singleton bean 'org.springframework.transaction.config.internalTransactionAdvisor'
14:03:38.686 [main] DEBUG org.springframework.core.io.support.PathMatchingResourcePatternResolver - Resolved classpath location [META-INF/jpa-named-queries.properties] to resources []
14:03:38.686 [main] DEBUG org.springframework.beans.factory.support.DefaultListableBeanFactory - Invoking afterPropertiesSet() on bean with name '(inner bean)#7d685f4e'
14:03:38.686 [main] DEBUG org.springframework.beans.factory.support.DefaultListableBeanFactory - Returning cached instance of singleton bean 'org.springframework.transaction.config.internalTransactionAdvisor'
14:03:38.686 [main] DEBUG org.springframework.beans.factory.support.DefaultListableBeanFactory - Returning cached instance of singleton bean 'org.springframework.transaction.config.internalTransactionAdvisor'
14:03:38.689 [main] DEBUG org.springframework.beans.factory.support.DefaultListableBeanFactory - Finished creating instance of bean '(inner bean)#7d685f4e'
14:03:38.689 [main] DEBUG org.springframework.beans.factory.support.DefaultListableBeanFactory - Returning cached instance of singleton bean 'org.springframework.transaction.config.internalTransactionAdvisor'
14:03:38.689 [main] DEBUG org.springframework.beans.factory.support.DefaultListableBeanFactory - Returning cached instance of singleton bean 'org.springframework.transaction.config.internalTransactionAdvisor'
14:03:38.703 [main] DEBUG org.springframework.beans.factory.support.DefaultListableBeanFactory - Returning cached instance of singleton bean 'org.springframework.transaction.config.internalTransactionAdvisor'
14:03:38.703 [main] DEBUG org.springframework.beans.factory.support.DefaultListableBeanFactory - Returning cached instance of singleton bean 'org.springframework.transaction.config.internalTransactionAdvisor'
14:03:38.704 [main] DEBUG org.springframework.beans.factory.support.DefaultListableBeanFactory - Finished creating instance of bean '(inner bean)#727dcc64'
14:03:38.705 [main] DEBUG org.springframework.beans.factory.support.DefaultListableBeanFactory - Creating instance of bean '(inner bean)#2ceb68a1'
14:03:38.705 [main] DEBUG org.springframework.beans.factory.support.DefaultListableBeanFactory - Returning cached instance of singleton bean 'org.springframework.transaction.config.internalTransactionAdvisor'
14:03:38.709 [main] DEBUG org.springframework.beans.factory.support.DefaultListableBeanFactory - Invoking afterPropertiesSet() on bean with name '(inner bean)#2ceb68a1'
14:03:38.710 [main] DEBUG org.springframework.beans.factory.support.DefaultListableBeanFactory - Returning cached instance of singleton bean 'org.springframework.transaction.config.internalTransactionAdvisor'
14:03:38.710 [main] DEBUG org.springframework.beans.factory.support.DefaultListableBeanFactory - Returning cached instance of singleton bean 'org.springframework.transaction.config.internalTransactionAdvisor'
14:03:38.713 [main] DEBUG org.springframework.beans.factory.support.DefaultListableBeanFactory - Finished creating instance of bean '(inner bean)#2ceb68a1'
14:03:38.713 [main] DEBUG org.springframework.beans.factory.support.DefaultListableBeanFactory - Returning cached instance of singleton bean 'org.springframework.transaction.config.internalTransactionAdvisor'
14:03:38.713 [main] DEBUG org.springframework.beans.factory.support.DefaultListableBeanFactory - Returning cached instance of singleton bean 'org.springframework.transaction.config.internalTransactionAdvisor'
14:03:38.724 [main] DEBUG org.springframework.beans.factory.support.DefaultListableBeanFactory - Creating instance of bean '(inner bean)#62883f8a'
14:03:38.724 [main] DEBUG org.springframework.beans.factory.support.DefaultListableBeanFactory - Returning cached instance of singleton bean 'org.springframework.transaction.config.internalTransactionAdvisor'
14:03:38.729 [main] DEBUG org.springframework.beans.factory.support.DefaultListableBeanFactory - Returning cached instance of singleton bean 'org.springframework.transaction.config.internalTransactionAdvisor'
14:03:38.729 [main] DEBUG org.springframework.beans.factory.support.DefaultListableBeanFactory - Returning cached instance of singleton bean 'org.springframework.transaction.config.internalTransactionAdvisor'
14:03:38.732 [main] DEBUG org.springframework.beans.factory.support.DefaultListableBeanFactory - Finished creating instance of bean '(inner bean)#62883f8a'
14:03:38.732 [main] DEBUG org.springframework.beans.factory.support.DefaultListableBeanFactory - Creating instance of bean '(inner bean)#6ac9b66b'
14:03:38.733 [main] DEBUG org.springframework.beans.factory.support.DefaultListableBeanFactory - Returning cached instance of singleton bean 'org.springframework.transaction.config.internalTransactionAdvisor'
14:03:38.733 [main] DEBUG org.springframework.beans.factory.support.DefaultListableBeanFactory - Returning cached instance of singleton bean 'entityManagerFactory'
14:03:38.733 [main] DEBUG org.springframework.beans.factory.support.DefaultListableBeanFactory - Returning cached instance of singleton bean 'org.springframework.transaction.config.internalTransactionAdvisor'
14:03:38.733 [main] DEBUG org.springframework.beans.factory.support.DefaultListableBeanFactory - Returning cached instance of singleton bean 'org.springframework.transaction.config.internalTransactionAdvisor'
14:03:38.738 [main] DEBUG org.springframework.jdbc.datasource.DataSourceUtils - Fetching JDBC Connection from DataSource
14:03:38.739 [main] DEBUG org.springframework.jdbc.datasource.DataSourceUtils - Returning JDBC Connection to DataSource
14:03:38.756 [main] DEBUG org.springframework.beans.factory.support.DefaultListableBeanFactory - Returning cached instance of singleton bean 'org.springframework.transaction.config.internalTransactionAdvisor'
14:03:38.756 [main] DEBUG org.springframework.beans.factory.support.DefaultListableBeanFactory - Returning cached instance of singleton bean 'org.springframework.transaction.config.internalTransactionAdvisor'
14:03:38.762 [main] DEBUG org.springframework.beans.factory.support.DefaultListableBeanFactory - Finished creating instance of bean '(inner bean)#6ac9b66b'
14:03:38.762 [main] DEBUG org.springframework.beans.factory.support.DefaultListableBeanFactory - Creating shared instance of singleton bean 'jpaMappingContext'
14:03:38.762 [main] DEBUG org.springframework.beans.factory.support.DefaultListableBeanFactory - Creating instance of bean 'jpaMappingContext'
14:03:38.762 [main] DEBUG org.springframework.beans.factory.support.DefaultListableBeanFactory - Returning cached instance of singleton bean 'org.springframework.transaction.config.internalTransactionAdvisor'
14:03:38.763 [main] DEBUG org.springframework.beans.factory.support.DefaultListableBeanFactory - Eagerly caching bean 'jpaMappingContext' to allow for resolving potential circular references
14:03:38.766 [main] DEBUG org.springframework.beans.factory.support.DefaultListableBeanFactory - Invoking afterPropertiesSet() on bean with name 'jpaMappingContext'
14:03:38.767 [main] DEBUG org.springframework.beans.factory.support.DefaultListableBeanFactory - Returning cached instance of singleton bean 'entityManagerFactory'
14:03:38.816 [main] DEBUG org.springframework.beans.factory.support.DefaultListableBeanFactory - Returning cached instance of singleton bean 'org.springframework.transaction.config.internalTransactionAdvisor'
14:03:38.816 [main] DEBUG org.springframework.beans.factory.support.DefaultListableBeanFactory - Returning cached instance of singleton bean 'org.springframework.transaction.config.internalTransactionAdvisor'
14:03:38.820 [main] DEBUG org.springframework.beans.factory.support.DefaultListableBeanFactory - Finished creating instance of bean 'jpaMappingContext'
14:03:38.820 [main] DEBUG org.springframework.beans.factory.support.DefaultListableBeanFactory - Returning cached instance of singleton bean 'org.springframework.transaction.config.internalTransactionAdvisor'
14:03:38.820 [main] DEBUG org.springframework.beans.factory.support.DefaultListableBeanFactory - Returning cached instance of singleton bean 'org.springframework.transaction.config.internalTransactionAdvisor'
14:03:38.833 [main] DEBUG org.springframework.beans.factory.support.DefaultListableBeanFactory - Invoking afterPropertiesSet() on bean with name 'roomRepo'
14:03:38.837 [main] DEBUG org.springframework.orm.jpa.SharedEntityManagerCreator$SharedEntityManagerInvocationHandler - Creating new EntityManager for shared EntityManager invocation
14:03:39.010 [main] DEBUG org.hibernate.stat.internal.StatisticsInitiator - Statistics initialized [enabled=false]
14:03:39.015 [main] DEBUG org.springframework.orm.jpa.EntityManagerFactoryUtils - Closing JPA EntityManager
14:03:39.016 [main] DEBUG org.springframework.orm.jpa.SharedEntityManagerCreator$SharedEntityManagerInvocationHandler - Creating new EntityManager for shared EntityManager invocation
14:03:39.016 [main] DEBUG org.springframework.orm.jpa.EntityManagerFactoryUtils - Closing JPA EntityManager
14:03:39.033 [main] DEBUG org.springframework.orm.jpa.SharedEntityManagerCreator$SharedEntityManagerInvocationHandler - Creating new EntityManager for shared EntityManager invocation
14:03:39.034 [main] DEBUG org.springframework.orm.jpa.EntityManagerFactoryUtils - Closing JPA EntityManager
14:03:39.034 [main] DEBUG org.springframework.aop.framework.JdkDynamicAopProxy - Creating JDK dynamic proxy: target source is org.springframework.data.jpa.repository.support.CrudMethodMetadataPostProcessor$ThreadBoundTargetSource@5e2975ca
14:03:39.054 [main] DEBUG org.springframework.orm.jpa.SharedEntityManagerCreator$SharedEntityManagerInvocationHandler - Creating new EntityManager for shared EntityManager invocation
14:03:39.054 [main] DEBUG org.springframework.orm.jpa.EntityManagerFactoryUtils - Closing JPA EntityManager
14:03:39.069 [main] DEBUG org.springframework.data.jpa.repository.query.JpaQueryFactory - Looking up query for method findByRoomNumber
14:03:39.072 [main] DEBUG org.springframework.data.jpa.repository.query.NamedQuery - Looking up named query Room.findByRoomNumber
14:03:39.073 [main] DEBUG org.springframework.data.jpa.repository.query.NamedQuery - Did not find named query Room.findByRoomNumber
14:03:39.076 [main] DEBUG org.springframework.orm.jpa.SharedEntityManagerCreator$SharedEntityManagerInvocationHandler - Creating new EntityManager for shared EntityManager invocation
14:03:39.076 [main] DEBUG org.springframework.orm.jpa.EntityManagerFactoryUtils - Closing JPA EntityManager
14:03:39.120 [main] DEBUG org.springframework.data.jpa.repository.query.JpaQueryFactory - Looking up query for method findRoomsByRoomType
14:03:39.121 [main] DEBUG org.springframework.data.jpa.repository.query.NamedQuery - Looking up named query Room.findRoomsByRoomType
14:03:39.121 [main] DEBUG org.springframework.data.jpa.repository.query.NamedQuery - Did not find named query Room.findRoomsByRoomType
14:03:39.121 [main] DEBUG org.springframework.orm.jpa.SharedEntityManagerCreator$SharedEntityManagerInvocationHandler - Creating new EntityManager for shared EntityManager invocation
14:03:39.121 [main] DEBUG org.springframework.orm.jpa.EntityManagerFactoryUtils - Closing JPA EntityManager
14:03:39.123 [main] DEBUG org.springframework.aop.framework.JdkDynamicAopProxy - Creating JDK dynamic proxy: target source is SingletonTargetSource for target object [org.springframework.data.jpa.repository.support.SimpleJpaRepository@5e020dd1]
14:03:39.126 [main] DEBUG org.springframework.beans.factory.support.DefaultListableBeanFactory - Returning cached instance of singleton bean 'org.springframework.transaction.config.internalTransactionAdvisor'
14:03:39.126 [main] DEBUG org.springframework.beans.factory.support.DefaultListableBeanFactory - Returning cached instance of singleton bean 'org.springframework.transaction.config.internalTransactionAdvisor'
14:03:39.134 [main] DEBUG org.springframework.beans.factory.support.DefaultListableBeanFactory - Finished creating instance of bean 'roomRepo'
14:03:39.134 [main] DEBUG org.springframework.beans.factory.support.DefaultListableBeanFactory - Returning cached instance of singleton bean 'org.springframework.transaction.config.internalTransactionAdvisor'
14:03:39.134 [main] DEBUG org.springframework.beans.factory.support.DefaultListableBeanFactory - Returning cached instance of singleton bean 'org.springframework.transaction.config.internalTransactionAdvisor'
14:03:39.142 [main] DEBUG org.springframework.beans.factory.support.DefaultListableBeanFactory - Creating shared instance of singleton bean 'roomTypes'
14:03:39.142 [main] DEBUG org.springframework.beans.factory.support.DefaultListableBeanFactory - Creating instance of bean 'roomTypes'
14:03:39.142 [main] DEBUG org.springframework.beans.factory.support.DefaultListableBeanFactory - Returning cached instance of singleton bean 'org.springframework.transaction.config.internalTransactionAdvisor'
14:03:39.143 [main] DEBUG org.springframework.beans.factory.support.DefaultListableBeanFactory - Returning cached instance of singleton bean 'hotelApplication'
14:03:39.146 [main] DEBUG org.springframework.beans.factory.support.DefaultListableBeanFactory - Eagerly caching bean 'roomTypes' to allow for resolving potential circular references
14:03:39.153 [main] DEBUG org.springframework.beans.factory.support.DefaultListableBeanFactory - Returning cached instance of singleton bean 'org.springframework.transaction.config.internalTransactionAdvisor'
14:03:39.153 [main] DEBUG org.springframework.beans.factory.support.DefaultListableBeanFactory - Returning cached instance of singleton bean 'org.springframework.transaction.config.internalTransactionAdvisor'
14:03:39.159 [main] DEBUG org.springframework.beans.factory.support.DefaultListableBeanFactory - Finished creating instance of bean 'roomTypes'
14:03:39.159 [main] DEBUG org.springframework.beans.factory.support.DefaultListableBeanFactory - Autowiring by type from bean name 'roomServiceImpl' via constructor to bean named 'roomRepo'
14:03:39.159 [main] DEBUG org.springframework.beans.factory.support.DefaultListableBeanFactory - Autowiring by type from bean name 'roomServiceImpl' via constructor to bean named 'roomTypes'
14:03:39.159 [main] DEBUG org.springframework.beans.factory.support.DefaultListableBeanFactory - Eagerly caching bean 'roomServiceImpl' to allow for resolving potential circular references
14:03:39.160 [main] DEBUG org.springframework.beans.factory.support.DefaultListableBeanFactory - Returning cached instance of singleton bean 'org.springframework.transaction.config.internalTransactionAdvisor'
14:03:39.160 [main] DEBUG org.springframework.beans.factory.support.DefaultListableBeanFactory - Returning cached instance of singleton bean 'org.springframework.transaction.config.internalTransactionAdvisor'
14:03:39.161 [main] DEBUG org.springframework.beans.factory.support.DefaultListableBeanFactory - Finished creating instance of bean 'roomServiceImpl'
14:03:39.162 [main] DEBUG org.springframework.beans.factory.support.DefaultListableBeanFactory - Autowiring by type from bean name 'roomController' via constructor to bean named 'roomServiceImpl'
14:03:39.162 [main] DEBUG org.springframework.beans.factory.support.DefaultListableBeanFactory - Eagerly caching bean 'roomController' to allow for resolving potential circular references
14:03:39.163 [main] DEBUG org.springframework.beans.factory.support.DefaultListableBeanFactory - Returning cached instance of singleton bean 'org.springframework.transaction.config.internalTransactionAdvisor'
14:03:39.163 [main] DEBUG org.springframework.beans.factory.support.DefaultListableBeanFactory - Returning cached instance of singleton bean 'org.springframework.transaction.config.internalTransactionAdvisor'
14:03:39.164 [main] DEBUG org.springframework.aop.aspectj.annotation.AnnotationAwareAspectJAutoProxyCreator - Creating implicit proxy for bean 'roomController' with 0 common interceptors and 4 specific interceptors
14:03:39.164 [main] DEBUG org.springframework.aop.framework.CglibAopProxy - Creating CGLIB proxy: target source is SingletonTargetSource for target object [com.bk.hotel.controller.RoomController@31443680]
14:03:39.164 [main] DEBUG org.springframework.aop.framework.CglibAopProxy - Unable to apply any optimizations to advised method: public org.springframework.http.ResponseEntity com.bk.hotel.controller.RoomController.searchRooms(java.lang.String,java.lang.String)
14:03:39.164 [main] DEBUG org.springframework.aop.framework.CglibAopProxy - Found 'equals' method: public boolean java.lang.Object.equals(java.lang.Object)
14:03:39.164 [main] DEBUG org.springframework.aop.framework.CglibAopProxy - Unable to apply any optimizations to advised method: public java.lang.String java.lang.Object.toString()
14:03:39.164 [main] DEBUG org.springframework.aop.framework.CglibAopProxy - Found 'hashCode' method: public native int java.lang.Object.hashCode()
14:03:39.164 [main] DEBUG org.springframework.aop.framework.CglibAopProxy - Unable to apply any optimizations to advised method: protected native java.lang.Object java.lang.Object.clone() throws java.lang.CloneNotSupportedException
14:03:39.164 [main] DEBUG org.springframework.aop.framework.CglibAopProxy - Method is declared on Advised interface: public abstract int org.springframework.aop.framework.Advised.indexOf(org.springframework.aop.Advisor)
14:03:39.164 [main] DEBUG org.springframework.aop.framework.CglibAopProxy - Method is declared on Advised interface: public abstract int org.springframework.aop.framework.Advised.indexOf(org.aopalliance.aop.Advice)
14:03:39.164 [main] DEBUG org.springframework.aop.framework.CglibAopProxy - Method is declared on Advised interface: public abstract boolean org.springframework.aop.framework.Advised.isFrozen()
14:03:39.164 [main] DEBUG org.springframework.aop.framework.CglibAopProxy - Method is declared on Advised interface: public abstract boolean org.springframework.aop.framework.Advised.isPreFiltered()
14:03:39.164 [main] DEBUG org.springframework.aop.framework.CglibAopProxy - Method is declared on Advised interface: public abstract java.lang.Class[] org.springframework.aop.framework.Advised.getProxiedInterfaces()
14:03:39.164 [main] DEBUG org.springframework.aop.framework.CglibAopProxy - Method is declared on Advised interface: public abstract boolean org.springframework.aop.framework.Advised.isInterfaceProxied(java.lang.Class)
14:03:39.164 [main] DEBUG org.springframework.aop.framework.CglibAopProxy - Method is declared on Advised interface: public abstract boolean org.springframework.aop.framework.Advised.removeAdvisor(org.springframework.aop.Advisor)
14:03:39.164 [main] DEBUG org.springframework.aop.framework.CglibAopProxy - Method is declared on Advised interface: public abstract void org.springframework.aop.framework.Advised.removeAdvisor(int) throws org.springframework.aop.framework.AopConfigException
14:03:39.164 [main] DEBUG org.springframework.aop.framework.CglibAopProxy - Method is declared on Advised interface: public abstract boolean org.springframework.aop.framework.Advised.replaceAdvisor(org.springframework.aop.Advisor,org.springframework.aop.Advisor) throws org.springframework.aop.framework.AopConfigException
14:03:39.164 [main] DEBUG org.springframework.aop.framework.CglibAopProxy - Method is declared on Advised interface: public abstract boolean org.springframework.aop.framework.Advised.removeAdvice(org.aopalliance.aop.Advice)
14:03:39.164 [main] DEBUG org.springframework.aop.framework.CglibAopProxy - Method is declared on Advised interface: public abstract java.lang.String org.springframework.aop.framework.Advised.toProxyConfigString()
14:03:39.164 [main] DEBUG org.springframework.aop.framework.CglibAopProxy - Method is declared on Advised interface: public abstract void org.springframework.aop.framework.Advised.addAdvice(int,org.aopalliance.aop.Advice) throws org.springframework.aop.framework.AopConfigException
14:03:39.164 [main] DEBUG org.springframework.aop.framework.CglibAopProxy - Method is declared on Advised interface: public abstract void org.springframework.aop.framework.Advised.addAdvice(org.aopalliance.aop.Advice) throws org.springframework.aop.framework.AopConfigException
14:03:39.164 [main] DEBUG org.springframework.aop.framework.CglibAopProxy - Method is declared on Advised interface: public abstract org.springframework.aop.Advisor[] org.springframework.aop.framework.Advised.getAdvisors()
14:03:39.164 [main] DEBUG org.springframework.aop.framework.CglibAopProxy - Method is declared on Advised interface: public abstract boolean org.springframework.aop.framework.Advised.isProxyTargetClass()
14:03:39.164 [main] DEBUG org.springframework.aop.framework.CglibAopProxy - Method is declared on Advised interface: public abstract void org.springframework.aop.framework.Advised.addAdvisor(org.springframework.aop.Advisor) throws org.springframework.aop.framework.AopConfigException
14:03:39.164 [main] DEBUG org.springframework.aop.framework.CglibAopProxy - Method is declared on Advised interface: public abstract void org.springframework.aop.framework.Advised.addAdvisor(int,org.springframework.aop.Advisor) throws org.springframework.aop.framework.AopConfigException
14:03:39.164 [main] DEBUG org.springframework.aop.framework.CglibAopProxy - Method is declared on Advised interface: public abstract void org.springframework.aop.framework.Advised.setExposeProxy(boolean)
14:03:39.164 [main] DEBUG org.springframework.aop.framework.CglibAopProxy - Method is declared on Advised interface: public abstract boolean org.springframework.aop.framework.Advised.isExposeProxy()
14:03:39.164 [main] DEBUG org.springframework.aop.framework.CglibAopProxy - Method is declared on Advised interface: public abstract org.springframework.aop.TargetSource org.springframework.aop.framework.Advised.getTargetSource()
14:03:39.164 [main] DEBUG org.springframework.aop.framework.CglibAopProxy - Method is declared on Advised interface: public abstract void org.springframework.aop.framework.Advised.setPreFiltered(boolean)
14:03:39.164 [main] DEBUG org.springframework.aop.framework.CglibAopProxy - Method is declared on Advised interface: public abstract void org.springframework.aop.framework.Advised.setTargetSource(org.springframework.aop.TargetSource)
14:03:39.165 [main] DEBUG org.springframework.aop.framework.CglibAopProxy - Method is declared on Advised interface: public abstract java.lang.Class org.springframework.aop.TargetClassAware.getTargetClass()
14:03:39.169 [main] DEBUG org.springframework.beans.factory.support.DefaultListableBeanFactory - Finished creating instance of bean 'roomController'
14:03:39.169 [main] DEBUG org.springframework.beans.factory.support.DefaultListableBeanFactory - Creating shared instance of singleton bean 'reservationServiceImpl'
14:03:39.169 [main] DEBUG org.springframework.beans.factory.support.DefaultListableBeanFactory - Creating instance of bean 'reservationServiceImpl'
14:03:39.169 [main] DEBUG org.springframework.beans.factory.support.DefaultListableBeanFactory - Returning cached instance of singleton bean 'org.springframework.transaction.config.internalTransactionAdvisor'
14:03:39.169 [main] DEBUG org.springframework.beans.factory.support.DefaultListableBeanFactory - Eagerly caching bean 'reservationServiceImpl' to allow for resolving potential circular references
14:03:39.171 [main] DEBUG org.springframework.beans.factory.support.DefaultListableBeanFactory - Returning cached instance of singleton bean 'org.springframework.transaction.config.internalTransactionAdvisor'
14:03:39.171 [main] DEBUG org.springframework.beans.factory.support.DefaultListableBeanFactory - Returning cached instance of singleton bean 'org.springframework.transaction.config.internalTransactionAdvisor'
14:03:39.172 [main] DEBUG org.springframework.beans.factory.support.DefaultListableBeanFactory - Finished creating instance of bean 'reservationServiceImpl'
14:03:39.172 [main] DEBUG org.springframework.beans.factory.support.DefaultListableBeanFactory - Returning cached instance of singleton bean 'roomServiceImpl'
14:03:39.172 [main] DEBUG org.springframework.beans.factory.support.DefaultListableBeanFactory - Returning cached instance of singleton bean 'roomTypes'
14:03:39.172 [main] DEBUG org.springframework.beans.factory.support.DefaultListableBeanFactory - Returning cached instance of singleton bean 'org.springframework.boot.autoconfigure.AutoConfigurationPackages'
14:03:39.172 [main] DEBUG org.springframework.beans.factory.support.DefaultListableBeanFactory - Creating shared instance of singleton bean 'org.springframework.boot.autoconfigure.context.PropertyPlaceholderAutoConfiguration'
14:03:39.172 [main] DEBUG org.springframework.beans.factory.support.DefaultListableBeanFactory - Creating instance of bean 'org.springframework.boot.autoconfigure.context.PropertyPlaceholderAutoConfiguration'
14:03:39.172 [main] DEBUG org.springframework.beans.factory.support.DefaultListableBeanFactory - Returning cached instance of singleton bean 'org.springframework.transaction.config.internalTransactionAdvisor'
14:03:39.173 [main] DEBUG org.springframework.beans.factory.support.DefaultListableBeanFactory - Eagerly caching bean 'org.springframework.boot.autoconfigure.context.PropertyPlaceholderAutoConfiguration' to allow for resolving potential circular references
14:03:39.175 [main] DEBUG org.springframework.beans.factory.support.DefaultListableBeanFactory - Returning cached instance of singleton bean 'org.springframework.transaction.config.internalTransactionAdvisor'
14:03:39.175 [main] DEBUG org.springframework.beans.factory.support.DefaultListableBeanFactory - Returning cached instance of singleton bean 'org.springframework.transaction.config.internalTransactionAdvisor'
14:03:39.176 [main] DEBUG org.springframework.beans.factory.support.DefaultListableBeanFactory - Finished creating instance of bean 'org.springframework.boot.autoconfigure.context.PropertyPlaceholderAutoConfiguration'
14:03:39.176 [main] DEBUG org.springframework.beans.factory.support.DefaultListableBeanFactory - Returning cached instance of singleton bean 'org.springframework.boot.autoconfigure.condition.BeanTypeRegistry'
14:03:39.176 [main] DEBUG org.springframework.beans.factory.support.DefaultListableBeanFactory - Returning cached instance of singleton bean 'propertySourcesPlaceholderConfigurer'
14:03:39.176 [main] DEBUG org.springframework.beans.factory.support.DefaultListableBeanFactory - Creating shared instance of singleton bean 'org.springframework.boot.autoconfigure.validation.ValidationAutoConfiguration'
14:03:39.176 [main] DEBUG org.springframework.beans.factory.support.DefaultListableBeanFactory - Creating instance of bean 'org.springframework.boot.autoconfigure.validation.ValidationAutoConfiguration'
14:03:39.176 [main] DEBUG org.springframework.beans.factory.support.DefaultListableBeanFactory - Returning cached instance of singleton bean 'org.springframework.transaction.config.internalTransactionAdvisor'
14:03:39.177 [main] DEBUG org.springframework.beans.factory.support.DefaultListableBeanFactory - Eagerly caching bean 'org.springframework.boot.autoconfigure.validation.ValidationAutoConfiguration' to allow for resolving potential circular references
14:03:39.179 [main] DEBUG org.springframework.beans.factory.support.DefaultListableBeanFactory - Returning cached instance of singleton bean 'org.springframework.transaction.config.internalTransactionAdvisor'
14:03:39.179 [main] DEBUG org.springframework.beans.factory.support.DefaultListableBeanFactory - Returning cached instance of singleton bean 'org.springframework.transaction.config.internalTransactionAdvisor'
14:03:39.181 [main] DEBUG org.springframework.beans.factory.support.DefaultListableBeanFactory - Finished creating instance of bean 'org.springframework.boot.autoconfigure.validation.ValidationAutoConfiguration'
14:03:39.182 [main] DEBUG org.springframework.beans.factory.support.DefaultListableBeanFactory - Creating shared instance of singleton bean 'defaultValidator'
14:03:39.182 [main] DEBUG org.springframework.beans.factory.support.DefaultListableBeanFactory - Creating instance of bean 'defaultValidator'
14:03:39.182 [main] DEBUG org.springframework.beans.factory.support.DefaultListableBeanFactory - Returning cached instance of singleton bean 'org.springframework.transaction.config.internalTransactionAdvisor'
14:03:39.184 [main] DEBUG org.hibernate.validator.internal.engine.resolver.TraversableResolvers - Found javax.persistence.Persistence on classpath containing 'getPersistenceUtil'. Assuming JPA 2 environment. Trying to instantiate JPA aware TraversableResolver
14:03:39.184 [main] DEBUG org.hibernate.validator.internal.engine.resolver.TraversableResolvers - Instantiated JPA aware TraversableResolver of type org.hibernate.validator.internal.engine.resolver.JPATraversableResolver.
14:03:39.185 [main] DEBUG org.hibernate.validator.internal.engine.resolver.TraversableResolvers - Unable to load or instantiate JPA aware resolver org.hibernate.validator.internal.engine.resolver.JPATraversableResolver. All properties will per default be traversable.
14:03:39.185 [main] DEBUG org.hibernate.validator.messageinterpolation.ResourceBundleMessageInterpolator - Loaded expression factory via original TCCL
14:03:39.187 [main] DEBUG org.springframework.beans.factory.support.DefaultListableBeanFactory - Eagerly caching bean 'defaultValidator' to allow for resolving potential circular references
14:03:39.192 [main] DEBUG org.springframework.beans.factory.support.DefaultListableBeanFactory - Invoking afterPropertiesSet() on bean with name 'defaultValidator'
14:03:39.192 [main] DEBUG org.hibernate.validator.internal.engine.resolver.TraversableResolvers - Found javax.persistence.Persistence on classpath containing 'getPersistenceUtil'. Assuming JPA 2 environment. Trying to instantiate JPA aware TraversableResolver
14:03:39.192 [main] DEBUG org.hibernate.validator.internal.engine.resolver.TraversableResolvers - Instantiated JPA aware TraversableResolver of type org.hibernate.validator.internal.engine.resolver.JPATraversableResolver.
14:03:39.192 [main] DEBUG org.hibernate.validator.internal.engine.resolver.TraversableResolvers - Unable to load or instantiate JPA aware resolver org.hibernate.validator.internal.engine.resolver.JPATraversableResolver. All properties will per default be traversable.
14:03:39.193 [main] DEBUG org.hibernate.validator.internal.engine.ConfigurationImpl - Setting custom MessageInterpolator of type org.springframework.validation.beanvalidation.LocaleContextMessageInterpolator
14:03:39.193 [main] DEBUG org.hibernate.validator.internal.engine.ConfigurationImpl - Setting custom ConstraintValidatorFactory of type org.springframework.validation.beanvalidation.SpringConstraintValidatorFactory
14:03:39.193 [main] DEBUG org.hibernate.validator.internal.engine.ConfigurationImpl - Setting custom ParameterNameProvider of type org.springframework.validation.beanvalidation.LocalValidatorFactoryBean$1
14:03:39.194 [main] DEBUG org.hibernate.validator.internal.xml.ValidationXmlParser - Trying to load META-INF/validation.xml for XML based Validator configuration.
14:03:39.194 [main] DEBUG org.hibernate.validator.internal.xml.ResourceLoaderHelper - Trying to load META-INF/validation.xml via user class loader
14:03:39.194 [main] DEBUG org.hibernate.validator.internal.xml.ResourceLoaderHelper - Trying to load META-INF/validation.xml via TCCL
14:03:39.194 [main] DEBUG org.hibernate.validator.internal.xml.ResourceLoaderHelper - Trying to load META-INF/validation.xml via Hibernate Validator's class loader
14:03:39.195 [main] DEBUG org.hibernate.validator.internal.xml.ValidationXmlParser - No META-INF/validation.xml found. Using annotation based configuration only.
14:03:39.200 [main] DEBUG org.hibernate.validator.internal.engine.ValidatorFactoryImpl - HV000234: Using org.springframework.validation.beanvalidation.LocaleContextMessageInterpolator as ValidatorFactory-scoped message interpolator.
14:03:39.200 [main] DEBUG org.hibernate.validator.internal.engine.ValidatorFactoryImpl - HV000234: Using org.hibernate.validator.internal.engine.resolver.TraverseAllTraversableResolver as ValidatorFactory-scoped traversable resolver.
14:03:39.200 [main] DEBUG org.hibernate.validator.internal.engine.ValidatorFactoryImpl - HV000234: Using org.hibernate.validator.internal.util.ExecutableParameterNameProvider as ValidatorFactory-scoped parameter name provider.
14:03:39.200 [main] DEBUG org.hibernate.validator.internal.engine.ValidatorFactoryImpl - HV000234: Using org.hibernate.validator.internal.engine.DefaultClockProvider as ValidatorFactory-scoped clock provider.
14:03:39.200 [main] DEBUG org.hibernate.validator.internal.engine.ValidatorFactoryImpl - HV000234: Using org.hibernate.validator.internal.engine.scripting.DefaultScriptEvaluatorFactory as ValidatorFactory-scoped script evaluator factory.
14:03:39.201 [main] DEBUG org.springframework.beans.factory.support.DefaultListableBeanFactory - Returning cached instance of singleton bean 'org.springframework.transaction.config.internalTransactionAdvisor'
14:03:39.201 [main] DEBUG org.springframework.beans.factory.support.DefaultListableBeanFactory - Returning cached instance of singleton bean 'org.springframework.transaction.config.internalTransactionAdvisor'
14:03:39.207 [main] DEBUG org.springframework.beans.factory.support.DefaultListableBeanFactory - Finished creating instance of bean 'defaultValidator'
14:03:39.207 [main] DEBUG org.springframework.beans.factory.support.DefaultListableBeanFactory - Returning cached instance of singleton bean 'methodValidationPostProcessor'
14:03:39.207 [main] DEBUG org.springframework.beans.factory.support.DefaultListableBeanFactory - Creating shared instance of singleton bean 'org.springframework.boot.autoconfigure.jmx.JmxAutoConfiguration'
14:03:39.207 [main] DEBUG org.springframework.beans.factory.support.DefaultListableBeanFactory - Creating instance of bean 'org.springframework.boot.autoconfigure.jmx.JmxAutoConfiguration'
14:03:39.207 [main] DEBUG org.springframework.beans.factory.support.DefaultListableBeanFactory - Returning cached instance of singleton bean 'org.springframework.transaction.config.internalTransactionAdvisor'
14:03:39.207 [main] DEBUG org.springframework.beans.factory.support.DefaultListableBeanFactory - Eagerly caching bean 'org.springframework.boot.autoconfigure.jmx.JmxAutoConfiguration' to allow for resolving potential circular references
14:03:39.212 [main] DEBUG org.springframework.beans.factory.support.DefaultListableBeanFactory - Returning cached instance of singleton bean 'org.springframework.transaction.config.internalTransactionAdvisor'
14:03:39.212 [main] DEBUG org.springframework.beans.factory.support.DefaultListableBeanFactory - Returning cached instance of singleton bean 'org.springframework.transaction.config.internalTransactionAdvisor'
14:03:39.214 [main] DEBUG org.springframework.beans.factory.support.DefaultListableBeanFactory - Finished creating instance of bean 'org.springframework.boot.autoconfigure.jmx.JmxAutoConfiguration'
14:03:39.214 [main] DEBUG org.springframework.beans.factory.support.DefaultListableBeanFactory - Creating shared instance of singleton bean 'mbeanExporter'
14:03:39.214 [main] DEBUG org.springframework.beans.factory.support.DefaultListableBeanFactory - Creating instance of bean 'mbeanExporter'
14:03:39.214 [main] DEBUG org.springframework.beans.factory.support.DefaultListableBeanFactory - Returning cached instance of singleton bean 'org.springframework.transaction.config.internalTransactionAdvisor'
14:03:39.214 [main] DEBUG org.springframework.beans.factory.support.DefaultListableBeanFactory - Returning cached instance of singleton bean 'org.springframework.boot.autoconfigure.jmx.JmxAutoConfiguration'
14:03:39.215 [main] DEBUG org.springframework.beans.factory.support.DefaultListableBeanFactory - Creating shared instance of singleton bean 'objectNamingStrategy'
14:03:39.215 [main] DEBUG org.springframework.beans.factory.support.DefaultListableBeanFactory - Creating instance of bean 'objectNamingStrategy'
14:03:39.215 [main] DEBUG org.springframework.beans.factory.support.DefaultListableBeanFactory - Returning cached instance of singleton bean 'org.springframework.transaction.config.internalTransactionAdvisor'
14:03:39.215 [main] DEBUG org.springframework.beans.factory.support.DefaultListableBeanFactory - Returning cached instance of singleton bean 'org.springframework.boot.autoconfigure.jmx.JmxAutoConfiguration'
14:03:39.218 [main] DEBUG org.springframework.core.env.PropertySourcesPropertyResolver - Could not find key 'spring.jmx.default-domain' in any property source
14:03:39.220 [main] DEBUG org.springframework.beans.factory.support.DefaultListableBeanFactory - Eagerly caching bean 'objectNamingStrategy' to allow for resolving potential circular references
14:03:39.222 [main] DEBUG org.springframework.beans.factory.support.DefaultListableBeanFactory - Invoking afterPropertiesSet() on bean with name 'objectNamingStrategy'
14:03:39.222 [main] DEBUG org.springframework.beans.factory.support.DefaultListableBeanFactory - Returning cached instance of singleton bean 'org.springframework.transaction.config.internalTransactionAdvisor'
14:03:39.222 [main] DEBUG org.springframework.beans.factory.support.DefaultListableBeanFactory - Returning cached instance of singleton bean 'org.springframework.transaction.config.internalTransactionAdvisor'
14:03:39.224 [main] DEBUG org.springframework.beans.factory.support.DefaultListableBeanFactory - Finished creating instance of bean 'objectNamingStrategy'
14:03:39.224 [main] DEBUG org.springframework.beans.factory.support.DefaultListableBeanFactory - Autowiring by type from bean name 'mbeanExporter' via factory method to bean named 'objectNamingStrategy'
14:03:39.233 [main] DEBUG org.springframework.core.env.PropertySourcesPropertyResolver - Could not find key 'spring.jmx.server' in any property source
14:03:39.233 [main] DEBUG org.springframework.beans.factory.support.DefaultListableBeanFactory - Creating shared instance of singleton bean 'mbeanServer'
14:03:39.233 [main] DEBUG org.springframework.beans.factory.support.DefaultListableBeanFactory - Creating instance of bean 'mbeanServer'
14:03:39.233 [main] DEBUG org.springframework.beans.factory.support.DefaultListableBeanFactory - Returning cached instance of singleton bean 'org.springframework.transaction.config.internalTransactionAdvisor'
14:03:39.233 [main] DEBUG org.springframework.beans.factory.support.DefaultListableBeanFactory - Returning cached instance of singleton bean 'org.springframework.boot.autoconfigure.jmx.JmxAutoConfiguration'
14:03:39.278 [main] DEBUG org.springframework.jmx.support.JmxUtils - Found MBeanServer: com.sun.jmx.mbeanserver.JmxMBeanServer@72c704f1
14:03:39.280 [main] DEBUG org.springframework.beans.factory.support.DefaultListableBeanFactory - Eagerly caching bean 'mbeanServer' to allow for resolving potential circular references
14:03:39.284 [main] DEBUG org.springframework.beans.factory.support.DefaultListableBeanFactory - Returning cached instance of singleton bean 'org.springframework.transaction.config.internalTransactionAdvisor'
14:03:39.284 [main] DEBUG org.springframework.beans.factory.support.DefaultListableBeanFactory - Returning cached instance of singleton bean 'org.springframework.transaction.config.internalTransactionAdvisor'
14:03:39.291 [main] DEBUG org.springframework.beans.factory.support.DefaultListableBeanFactory - Finished creating instance of bean 'mbeanServer'
14:03:39.293 [main] DEBUG org.springframework.beans.factory.support.DefaultListableBeanFactory - Eagerly caching bean 'mbeanExporter' to allow for resolving potential circular references
14:03:39.298 [main] DEBUG org.springframework.beans.factory.support.DefaultListableBeanFactory - Invoking afterPropertiesSet() on bean with name 'mbeanExporter'
14:03:39.298 [main] DEBUG org.springframework.beans.factory.support.DefaultListableBeanFactory - Returning cached instance of singleton bean 'org.springframework.transaction.config.internalTransactionAdvisor'
14:03:39.298 [main] DEBUG org.springframework.beans.factory.support.DefaultListableBeanFactory - Returning cached instance of singleton bean 'org.springframework.transaction.config.internalTransactionAdvisor'
14:03:39.307 [main] DEBUG org.springframework.beans.factory.support.DefaultListableBeanFactory - Finished creating instance of bean 'mbeanExporter'
14:03:39.307 [main] DEBUG org.springframework.beans.factory.support.DefaultListableBeanFactory - Returning cached instance of singleton bean 'objectNamingStrategy'
14:03:39.307 [main] DEBUG org.springframework.beans.factory.support.DefaultListableBeanFactory - Returning cached instance of singleton bean 'mbeanServer'
14:03:39.307 [main] DEBUG org.springframework.beans.factory.support.DefaultListableBeanFactory - Creating shared instance of singleton bean 'org.springframework.boot.autoconfigure.aop.AopAutoConfiguration$CglibAutoProxyConfiguration'
14:03:39.307 [main] DEBUG org.springframework.beans.factory.support.DefaultListableBeanFactory - Creating instance of bean 'org.springframework.boot.autoconfigure.aop.AopAutoConfiguration$CglibAutoProxyConfiguration'
14:03:39.307 [main] DEBUG org.springframework.beans.factory.support.DefaultListableBeanFactory - Returning cached instance of singleton bean 'org.springframework.transaction.config.internalTransactionAdvisor'
14:03:39.308 [main] DEBUG org.springframework.beans.factory.support.DefaultListableBeanFactory - Eagerly caching bean 'org.springframework.boot.autoconfigure.aop.AopAutoConfiguration$CglibAutoProxyConfiguration' to allow for resolving potential circular references
14:03:39.310 [main] DEBUG org.springframework.beans.factory.support.DefaultListableBeanFactory - Returning cached instance of singleton bean 'org.springframework.transaction.config.internalTransactionAdvisor'
14:03:39.310 [main] DEBUG org.springframework.beans.factory.support.DefaultListableBeanFactory - Returning cached instance of singleton bean 'org.springframework.transaction.config.internalTransactionAdvisor'
14:03:39.310 [main] DEBUG org.springframework.beans.factory.support.DefaultListableBeanFactory - Finished creating instance of bean 'org.springframework.boot.autoconfigure.aop.AopAutoConfiguration$CglibAutoProxyConfiguration'
14:03:39.310 [main] DEBUG org.springframework.beans.factory.support.DefaultListableBeanFactory - Returning cached instance of singleton bean 'org.springframework.aop.config.internalAutoProxyCreator'
14:03:39.310 [main] DEBUG org.springframework.beans.factory.support.DefaultListableBeanFactory - Creating shared instance of singleton bean 'org.springframework.boot.autoconfigure.aop.AopAutoConfiguration'
14:03:39.310 [main] DEBUG org.springframework.beans.factory.support.DefaultListableBeanFactory - Creating instance of bean 'org.springframework.boot.autoconfigure.aop.AopAutoConfiguration'
14:03:39.310 [main] DEBUG org.springframework.beans.factory.support.DefaultListableBeanFactory - Returning cached instance of singleton bean 'org.springframework.transaction.config.internalTransactionAdvisor'
14:03:39.311 [main] DEBUG org.springframework.beans.factory.support.DefaultListableBeanFactory - Eagerly caching bean 'org.springframework.boot.autoconfigure.aop.AopAutoConfiguration' to allow for resolving potential circular references
14:03:39.313 [main] DEBUG org.springframework.beans.factory.support.DefaultListableBeanFactory - Returning cached instance of singleton bean 'org.springframework.transaction.config.internalTransactionAdvisor'
14:03:39.313 [main] DEBUG org.springframework.beans.factory.support.DefaultListableBeanFactory - Returning cached instance of singleton bean 'org.springframework.transaction.config.internalTransactionAdvisor'
14:03:39.314 [main] DEBUG org.springframework.beans.factory.support.DefaultListableBeanFactory - Finished creating instance of bean 'org.springframework.boot.autoconfigure.aop.AopAutoConfiguration'
14:03:39.314 [main] DEBUG org.springframework.beans.factory.support.DefaultListableBeanFactory - Creating shared instance of singleton bean 'org.springframework.boot.autoconfigure.context.ConfigurationPropertiesAutoConfiguration'
14:03:39.314 [main] DEBUG org.springframework.beans.factory.support.DefaultListableBeanFactory - Creating instance of bean 'org.springframework.boot.autoconfigure.context.ConfigurationPropertiesAutoConfiguration'
14:03:39.314 [main] DEBUG org.springframework.beans.factory.support.DefaultListableBeanFactory - Returning cached instance of singleton bean 'org.springframework.transaction.config.internalTransactionAdvisor'
14:03:39.314 [main] DEBUG org.springframework.beans.factory.support.DefaultListableBeanFactory - Eagerly caching bean 'org.springframework.boot.autoconfigure.context.ConfigurationPropertiesAutoConfiguration' to allow for resolving potential circular references
14:03:39.316 [main] DEBUG org.springframework.beans.factory.support.DefaultListableBeanFactory - Returning cached instance of singleton bean 'org.springframework.transaction.config.internalTransactionAdvisor'
14:03:39.316 [main] DEBUG org.springframework.beans.factory.support.DefaultListableBeanFactory - Returning cached instance of singleton bean 'org.springframework.transaction.config.internalTransactionAdvisor'
14:03:39.317 [main] DEBUG org.springframework.beans.factory.support.DefaultListableBeanFactory - Finished creating instance of bean 'org.springframework.boot.autoconfigure.context.ConfigurationPropertiesAutoConfiguration'
14:03:39.317 [main] DEBUG org.springframework.beans.factory.support.DefaultListableBeanFactory - Returning cached instance of singleton bean 'org.springframework.boot.context.properties.ConfigurationPropertiesBindingPostProcessor'
14:03:39.317 [main] DEBUG org.springframework.beans.factory.support.DefaultListableBeanFactory - Returning cached instance of singleton bean 'org.springframework.boot.context.properties.ConfigurationBeanFactoryMetadata'
14:03:39.317 [main] DEBUG org.springframework.beans.factory.support.DefaultListableBeanFactory - Creating shared instance of singleton bean 'org.springframework.boot.autoconfigure.dao.PersistenceExceptionTranslationAutoConfiguration'
14:03:39.317 [main] DEBUG org.springframework.beans.factory.support.DefaultListableBeanFactory - Creating instance of bean 'org.springframework.boot.autoconfigure.dao.PersistenceExceptionTranslationAutoConfiguration'
14:03:39.317 [main] DEBUG org.springframework.beans.factory.support.DefaultListableBeanFactory - Returning cached instance of singleton bean 'org.springframework.transaction.config.internalTransactionAdvisor'
14:03:39.317 [main] DEBUG org.springframework.beans.factory.support.DefaultListableBeanFactory - Eagerly caching bean 'org.springframework.boot.autoconfigure.dao.PersistenceExceptionTranslationAutoConfiguration' to allow for resolving potential circular references
14:03:39.318 [main] DEBUG org.springframework.beans.factory.support.DefaultListableBeanFactory - Returning cached instance of singleton bean 'org.springframework.transaction.config.internalTransactionAdvisor'
14:03:39.318 [main] DEBUG org.springframework.beans.factory.support.DefaultListableBeanFactory - Returning cached instance of singleton bean 'org.springframework.transaction.config.internalTransactionAdvisor'
14:03:39.319 [main] DEBUG org.springframework.beans.factory.support.DefaultListableBeanFactory - Finished creating instance of bean 'org.springframework.boot.autoconfigure.dao.PersistenceExceptionTranslationAutoConfiguration'
14:03:39.319 [main] DEBUG org.springframework.beans.factory.support.DefaultListableBeanFactory - Returning cached instance of singleton bean 'persistenceExceptionTranslationPostProcessor'
14:03:39.320 [main] DEBUG org.springframework.beans.factory.support.DefaultListableBeanFactory - Creating shared instance of singleton bean 'org.springframework.boot.autoconfigure.transaction.jta.JtaAutoConfiguration'
14:03:39.320 [main] DEBUG org.springframework.beans.factory.support.DefaultListableBeanFactory - Creating instance of bean 'org.springframework.boot.autoconfigure.transaction.jta.JtaAutoConfiguration'
14:03:39.320 [main] DEBUG org.springframework.beans.factory.support.DefaultListableBeanFactory - Returning cached instance of singleton bean 'org.springframework.transaction.config.internalTransactionAdvisor'
14:03:39.320 [main] DEBUG org.springframework.beans.factory.support.DefaultListableBeanFactory - Eagerly caching bean 'org.springframework.boot.autoconfigure.transaction.jta.JtaAutoConfiguration' to allow for resolving potential circular references
14:03:39.321 [main] DEBUG org.springframework.beans.factory.support.DefaultListableBeanFactory - Returning cached instance of singleton bean 'org.springframework.transaction.config.internalTransactionAdvisor'
14:03:39.321 [main] DEBUG org.springframework.beans.factory.support.DefaultListableBeanFactory - Returning cached instance of singleton bean 'org.springframework.transaction.config.internalTransactionAdvisor'
14:03:39.321 [main] DEBUG org.springframework.beans.factory.support.DefaultListableBeanFactory - Finished creating instance of bean 'org.springframework.boot.autoconfigure.transaction.jta.JtaAutoConfiguration'
14:03:39.321 [main] DEBUG org.springframework.beans.factory.support.DefaultListableBeanFactory - Creating shared instance of singleton bean 'spring.jta-org.springframework.boot.autoconfigure.transaction.jta.JtaProperties'
14:03:39.321 [main] DEBUG org.springframework.beans.factory.support.DefaultListableBeanFactory - Creating instance of bean 'spring.jta-org.springframework.boot.autoconfigure.transaction.jta.JtaProperties'
14:03:39.321 [main] DEBUG org.springframework.beans.factory.support.DefaultListableBeanFactory - Returning cached instance of singleton bean 'org.springframework.transaction.config.internalTransactionAdvisor'
14:03:39.321 [main] DEBUG org.springframework.beans.factory.support.DefaultListableBeanFactory - Eagerly caching bean 'spring.jta-org.springframework.boot.autoconfigure.transaction.jta.JtaProperties' to allow for resolving potential circular references
14:03:39.323 [main] DEBUG org.springframework.beans.factory.support.DefaultListableBeanFactory - Returning cached instance of singleton bean 'org.springframework.transaction.config.internalTransactionAdvisor'
14:03:39.323 [main] DEBUG org.springframework.beans.factory.support.DefaultListableBeanFactory - Returning cached instance of singleton bean 'org.springframework.transaction.config.internalTransactionAdvisor'
14:03:39.324 [main] DEBUG org.springframework.beans.factory.support.DefaultListableBeanFactory - Finished creating instance of bean 'spring.jta-org.springframework.boot.autoconfigure.transaction.jta.JtaProperties'
14:03:39.324 [main] DEBUG org.springframework.beans.factory.support.DefaultListableBeanFactory - Returning cached instance of singleton bean 'org.springframework.boot.autoconfigure.jdbc.DataSourceConfiguration$Hikari'
14:03:39.324 [main] DEBUG org.springframework.beans.factory.support.DefaultListableBeanFactory - Returning cached instance of singleton bean 'dataSource'
14:03:39.324 [main] DEBUG org.springframework.beans.factory.support.DefaultListableBeanFactory - Creating shared instance of singleton bean 'org.springframework.boot.autoconfigure.jdbc.DataSourceJmxConfiguration$Hikari'
14:03:39.324 [main] DEBUG org.springframework.beans.factory.support.DefaultListableBeanFactory - Creating instance of bean 'org.springframework.boot.autoconfigure.jdbc.DataSourceJmxConfiguration$Hikari'
14:03:39.324 [main] DEBUG org.springframework.beans.factory.support.DefaultListableBeanFactory - Returning cached instance of singleton bean 'org.springframework.transaction.config.internalTransactionAdvisor'
14:03:39.325 [main] DEBUG org.springframework.core.LocalVariableTableParameterNameDiscoverer - Cannot find '.class' file for class [class org.springframework.boot.autoconfigure.jdbc.DataSourceJmxConfiguration$Hikari$$EnhancerBySpringCGLIB$$aed43ed2] - unable to determine constructor/method parameter names
14:03:39.326 [main] DEBUG org.springframework.beans.factory.support.DefaultListableBeanFactory - Returning cached instance of singleton bean 'dataSource'
14:03:39.326 [main] DEBUG org.springframework.beans.factory.support.DefaultListableBeanFactory - Autowiring by type from bean name 'org.springframework.boot.autoconfigure.jdbc.DataSourceJmxConfiguration$Hikari' via constructor to bean named 'dataSource'
14:03:39.326 [main] DEBUG org.springframework.context.annotation.CommonAnnotationBeanPostProcessor - Found init method on class [org.springframework.boot.autoconfigure.jdbc.DataSourceJmxConfiguration$Hikari$$EnhancerBySpringCGLIB$$aed43ed2]: public void org.springframework.boot.autoconfigure.jdbc.DataSourceJmxConfiguration$Hikari.validateMBeans()
14:03:39.326 [main] DEBUG org.springframework.context.annotation.CommonAnnotationBeanPostProcessor - Registered init method on class [org.springframework.boot.autoconfigure.jdbc.DataSourceJmxConfiguration$Hikari$$EnhancerBySpringCGLIB$$aed43ed2]: org.springframework.beans.factory.annotation.InitDestroyAnnotationBeanPostProcessor$LifecycleElement@df520b0c
14:03:39.326 [main] DEBUG org.springframework.beans.factory.support.DefaultListableBeanFactory - Eagerly caching bean 'org.springframework.boot.autoconfigure.jdbc.DataSourceJmxConfiguration$Hikari' to allow for resolving potential circular references
14:03:39.328 [main] DEBUG org.springframework.context.annotation.CommonAnnotationBeanPostProcessor - Invoking init method on bean 'org.springframework.boot.autoconfigure.jdbc.DataSourceJmxConfiguration$Hikari': public void org.springframework.boot.autoconfigure.jdbc.DataSourceJmxConfiguration$Hikari.validateMBeans()
14:03:39.328 [main] DEBUG org.springframework.beans.factory.support.DefaultListableBeanFactory - Returning cached instance of singleton bean 'org.springframework.transaction.config.internalTransactionAdvisor'
14:03:39.328 [main] DEBUG org.springframework.beans.factory.support.DefaultListableBeanFactory - Returning cached instance of singleton bean 'org.springframework.transaction.config.internalTransactionAdvisor'
14:03:39.330 [main] DEBUG org.springframework.beans.factory.support.DefaultListableBeanFactory - Finished creating instance of bean 'org.springframework.boot.autoconfigure.jdbc.DataSourceJmxConfiguration$Hikari'
14:03:39.331 [main] DEBUG org.springframework.beans.factory.support.DefaultListableBeanFactory - Creating shared instance of singleton bean 'org.springframework.boot.autoconfigure.jdbc.DataSourceJmxConfiguration'
14:03:39.331 [main] DEBUG org.springframework.beans.factory.support.DefaultListableBeanFactory - Creating instance of bean 'org.springframework.boot.autoconfigure.jdbc.DataSourceJmxConfiguration'
14:03:39.331 [main] DEBUG org.springframework.beans.factory.support.DefaultListableBeanFactory - Returning cached instance of singleton bean 'org.springframework.transaction.config.internalTransactionAdvisor'
14:03:39.331 [main] DEBUG org.springframework.beans.factory.support.DefaultListableBeanFactory - Eagerly caching bean 'org.springframework.boot.autoconfigure.jdbc.DataSourceJmxConfiguration' to allow for resolving potential circular references
14:03:39.333 [main] DEBUG org.springframework.beans.factory.support.DefaultListableBeanFactory - Returning cached instance of singleton bean 'org.springframework.transaction.config.internalTransactionAdvisor'
14:03:39.333 [main] DEBUG org.springframework.beans.factory.support.DefaultListableBeanFactory - Returning cached instance of singleton bean 'org.springframework.transaction.config.internalTransactionAdvisor'
14:03:39.333 [main] DEBUG org.springframework.beans.factory.support.DefaultListableBeanFactory - Finished creating instance of bean 'org.springframework.boot.autoconfigure.jdbc.DataSourceJmxConfiguration'
14:03:39.334 [main] DEBUG org.springframework.beans.factory.support.DefaultListableBeanFactory - Creating shared instance of singleton bean 'org.springframework.boot.autoconfigure.jdbc.DataSourceAutoConfiguration$PooledDataSourceConfiguration'
14:03:39.334 [main] DEBUG org.springframework.beans.factory.support.DefaultListableBeanFactory - Creating instance of bean 'org.springframework.boot.autoconfigure.jdbc.DataSourceAutoConfiguration$PooledDataSourceConfiguration'
14:03:39.334 [main] DEBUG org.springframework.beans.factory.support.DefaultListableBeanFactory - Returning cached instance of singleton bean 'org.springframework.transaction.config.internalTransactionAdvisor'
14:03:39.334 [main] DEBUG org.springframework.beans.factory.support.DefaultListableBeanFactory - Eagerly caching bean 'org.springframework.boot.autoconfigure.jdbc.DataSourceAutoConfiguration$PooledDataSourceConfiguration' to allow for resolving potential circular references
14:03:39.336 [main] DEBUG org.springframework.beans.factory.support.DefaultListableBeanFactory - Returning cached instance of singleton bean 'org.springframework.transaction.config.internalTransactionAdvisor'
14:03:39.336 [main] DEBUG org.springframework.beans.factory.support.DefaultListableBeanFactory - Returning cached instance of singleton bean 'org.springframework.transaction.config.internalTransactionAdvisor'
14:03:39.336 [main] DEBUG org.springframework.beans.factory.support.DefaultListableBeanFactory - Finished creating instance of bean 'org.springframework.boot.autoconfigure.jdbc.DataSourceAutoConfiguration$PooledDataSourceConfiguration'
14:03:39.336 [main] DEBUG org.springframework.beans.factory.support.DefaultListableBeanFactory - Returning cached instance of singleton bean 'org.springframework.boot.autoconfigure.jdbc.metadata.DataSourcePoolMetadataProvidersConfiguration$HikariPoolDataSourceMetadataProviderConfiguration'
14:03:39.336 [main] DEBUG org.springframework.beans.factory.support.DefaultListableBeanFactory - Returning cached instance of singleton bean 'hikariPoolDataSourceMetadataProvider'
14:03:39.336 [main] DEBUG org.springframework.beans.factory.support.DefaultListableBeanFactory - Creating shared instance of singleton bean 'org.springframework.boot.autoconfigure.jdbc.metadata.DataSourcePoolMetadataProvidersConfiguration'
14:03:39.336 [main] DEBUG org.springframework.beans.factory.support.DefaultListableBeanFactory - Creating instance of bean 'org.springframework.boot.autoconfigure.jdbc.metadata.DataSourcePoolMetadataProvidersConfiguration'
14:03:39.336 [main] DEBUG org.springframework.beans.factory.support.DefaultListableBeanFactory - Returning cached instance of singleton bean 'org.springframework.transaction.config.internalTransactionAdvisor'
14:03:39.336 [main] DEBUG org.springframework.beans.factory.support.DefaultListableBeanFactory - Eagerly caching bean 'org.springframework.boot.autoconfigure.jdbc.metadata.DataSourcePoolMetadataProvidersConfiguration' to allow for resolving potential circular references
14:03:39.338 [main] DEBUG org.springframework.beans.factory.support.DefaultListableBeanFactory - Returning cached instance of singleton bean 'org.springframework.transaction.config.internalTransactionAdvisor'
14:03:39.338 [main] DEBUG org.springframework.beans.factory.support.DefaultListableBeanFactory - Returning cached instance of singleton bean 'org.springframework.transaction.config.internalTransactionAdvisor'
14:03:39.339 [main] DEBUG org.springframework.beans.factory.support.DefaultListableBeanFactory - Finished creating instance of bean 'org.springframework.boot.autoconfigure.jdbc.metadata.DataSourcePoolMetadataProvidersConfiguration'
14:03:39.339 [main] DEBUG org.springframework.beans.factory.support.DefaultListableBeanFactory - Returning cached instance of singleton bean 'org.springframework.boot.autoconfigure.jdbc.DataSourceInitializerInvoker'
14:03:39.339 [main] DEBUG org.springframework.beans.factory.support.DefaultListableBeanFactory - Creating shared instance of singleton bean 'org.springframework.boot.autoconfigure.jdbc.DataSourceInitializationConfiguration'
14:03:39.339 [main] DEBUG org.springframework.beans.factory.support.DefaultListableBeanFactory - Creating instance of bean 'org.springframework.boot.autoconfigure.jdbc.DataSourceInitializationConfiguration'
14:03:39.339 [main] DEBUG org.springframework.beans.factory.support.DefaultListableBeanFactory - Returning cached instance of singleton bean 'org.springframework.transaction.config.internalTransactionAdvisor'
14:03:39.339 [main] DEBUG org.springframework.beans.factory.support.DefaultListableBeanFactory - Eagerly caching bean 'org.springframework.boot.autoconfigure.jdbc.DataSourceInitializationConfiguration' to allow for resolving potential circular references
14:03:39.340 [main] DEBUG org.springframework.beans.factory.support.DefaultListableBeanFactory - Returning cached instance of singleton bean 'org.springframework.transaction.config.internalTransactionAdvisor'
14:03:39.341 [main] DEBUG org.springframework.beans.factory.support.DefaultListableBeanFactory - Returning cached instance of singleton bean 'org.springframework.transaction.config.internalTransactionAdvisor'
14:03:39.341 [main] DEBUG org.springframework.beans.factory.support.DefaultListableBeanFactory - Finished creating instance of bean 'org.springframework.boot.autoconfigure.jdbc.DataSourceInitializationConfiguration'
14:03:39.341 [main] DEBUG org.springframework.beans.factory.support.DefaultListableBeanFactory - Returning cached instance of singleton bean 'dataSourceInitializerPostProcessor'
14:03:39.341 [main] DEBUG org.springframework.beans.factory.support.DefaultListableBeanFactory - Creating shared instance of singleton bean 'org.springframework.boot.autoconfigure.jdbc.DataSourceAutoConfiguration'
14:03:39.341 [main] DEBUG org.springframework.beans.factory.support.DefaultListableBeanFactory - Creating instance of bean 'org.springframework.boot.autoconfigure.jdbc.DataSourceAutoConfiguration'
14:03:39.341 [main] DEBUG org.springframework.beans.factory.support.DefaultListableBeanFactory - Returning cached instance of singleton bean 'org.springframework.transaction.config.internalTransactionAdvisor'
14:03:39.341 [main] DEBUG org.springframework.beans.factory.support.DefaultListableBeanFactory - Eagerly caching bean 'org.springframework.boot.autoconfigure.jdbc.DataSourceAutoConfiguration' to allow for resolving potential circular references
14:03:39.343 [main] DEBUG org.springframework.beans.factory.support.DefaultListableBeanFactory - Returning cached instance of singleton bean 'org.springframework.transaction.config.internalTransactionAdvisor'
14:03:39.343 [main] DEBUG org.springframework.beans.factory.support.DefaultListableBeanFactory - Returning cached instance of singleton bean 'org.springframework.transaction.config.internalTransactionAdvisor'
14:03:39.344 [main] DEBUG org.springframework.beans.factory.support.DefaultListableBeanFactory - Finished creating instance of bean 'org.springframework.boot.autoconfigure.jdbc.DataSourceAutoConfiguration'
14:03:39.344 [main] DEBUG org.springframework.beans.factory.support.DefaultListableBeanFactory - Returning cached instance of singleton bean 'spring.datasource-org.springframework.boot.autoconfigure.jdbc.DataSourceProperties'
14:03:39.344 [main] DEBUG org.springframework.beans.factory.support.DefaultListableBeanFactory - Returning cached instance of singleton bean 'org.springframework.boot.autoconfigure.orm.jpa.HibernateJpaConfiguration'
14:03:39.344 [main] DEBUG org.springframework.beans.factory.support.DefaultListableBeanFactory - Creating shared instance of singleton bean 'transactionManager'
14:03:39.344 [main] DEBUG org.springframework.beans.factory.support.DefaultListableBeanFactory - Creating instance of bean 'transactionManager'
14:03:39.344 [main] DEBUG org.springframework.beans.factory.support.DefaultListableBeanFactory - Returning cached instance of singleton bean 'org.springframework.transaction.config.internalTransactionAdvisor'
14:03:39.344 [main] DEBUG org.springframework.beans.factory.support.DefaultListableBeanFactory - Returning cached instance of singleton bean 'org.springframework.boot.autoconfigure.orm.jpa.HibernateJpaConfiguration'
14:03:39.353 [main] DEBUG org.springframework.beans.factory.support.DefaultListableBeanFactory - Eagerly caching bean 'transactionManager' to allow for resolving potential circular references
14:03:39.358 [main] DEBUG org.springframework.beans.factory.support.DefaultListableBeanFactory - Returning cached instance of singleton bean 'entityManagerFactory'
14:03:39.358 [main] DEBUG org.springframework.beans.factory.support.DefaultListableBeanFactory - Invoking afterPropertiesSet() on bean with name 'transactionManager'
14:03:39.359 [main] DEBUG org.springframework.beans.factory.support.DefaultListableBeanFactory - Returning cached instance of singleton bean 'org.springframework.transaction.config.internalTransactionAdvisor'
14:03:39.359 [main] DEBUG org.springframework.beans.factory.support.DefaultListableBeanFactory - Returning cached instance of singleton bean 'org.springframework.transaction.config.internalTransactionAdvisor'
14:03:39.366 [main] DEBUG org.springframework.beans.factory.support.DefaultListableBeanFactory - Finished creating instance of bean 'transactionManager'
14:03:39.366 [main] DEBUG org.springframework.beans.factory.support.DefaultListableBeanFactory - Returning cached instance of singleton bean 'jpaVendorAdapter'
14:03:39.366 [main] DEBUG org.springframework.beans.factory.support.DefaultListableBeanFactory - Returning cached instance of singleton bean 'entityManagerFactoryBuilder'
14:03:39.366 [main] DEBUG org.springframework.beans.factory.support.DefaultListableBeanFactory - Returning cached instance of singleton bean 'entityManagerFactory'
14:03:39.366 [main] DEBUG org.springframework.beans.factory.support.DefaultListableBeanFactory - Returning cached instance of singleton bean 'spring.jpa-org.springframework.boot.autoconfigure.orm.jpa.JpaProperties'
14:03:39.366 [main] DEBUG org.springframework.beans.factory.support.DefaultListableBeanFactory - Returning cached instance of singleton bean 'dataSourceInitializedPublisher'
14:03:39.366 [main] DEBUG org.springframework.beans.factory.support.DefaultListableBeanFactory - Creating shared instance of singleton bean 'org.springframework.boot.autoconfigure.orm.jpa.HibernateJpaAutoConfiguration'
14:03:39.366 [main] DEBUG org.springframework.beans.factory.support.DefaultListableBeanFactory - Creating instance of bean 'org.springframework.boot.autoconfigure.orm.jpa.HibernateJpaAutoConfiguration'
14:03:39.366 [main] DEBUG org.springframework.beans.factory.support.DefaultListableBeanFactory - Returning cached instance of singleton bean 'org.springframework.transaction.config.internalTransactionAdvisor'
14:03:39.366 [main] DEBUG org.springframework.beans.factory.support.DefaultListableBeanFactory - Eagerly caching bean 'org.springframework.boot.autoconfigure.orm.jpa.HibernateJpaAutoConfiguration' to allow for resolving potential circular references
14:03:39.368 [main] DEBUG org.springframework.beans.factory.support.DefaultListableBeanFactory - Returning cached instance of singleton bean 'org.springframework.transaction.config.internalTransactionAdvisor'
14:03:39.368 [main] DEBUG org.springframework.beans.factory.support.DefaultListableBeanFactory - Returning cached instance of singleton bean 'org.springframework.transaction.config.internalTransactionAdvisor'
14:03:39.369 [main] DEBUG org.springframework.beans.factory.support.DefaultListableBeanFactory - Finished creating instance of bean 'org.springframework.boot.autoconfigure.orm.jpa.HibernateJpaAutoConfiguration'
14:03:39.369 [main] DEBUG org.springframework.beans.factory.support.DefaultListableBeanFactory - Creating shared instance of singleton bean 'org.springframework.boot.autoconfigure.data.jpa.JpaRepositoriesAutoConfiguration'
14:03:39.369 [main] DEBUG org.springframework.beans.factory.support.DefaultListableBeanFactory - Creating instance of bean 'org.springframework.boot.autoconfigure.data.jpa.JpaRepositoriesAutoConfiguration'
14:03:39.369 [main] DEBUG org.springframework.beans.factory.support.DefaultListableBeanFactory - Returning cached instance of singleton bean 'org.springframework.transaction.config.internalTransactionAdvisor'
14:03:39.369 [main] DEBUG org.springframework.beans.factory.support.DefaultListableBeanFactory - Eagerly caching bean 'org.springframework.boot.autoconfigure.data.jpa.JpaRepositoriesAutoConfiguration' to allow for resolving potential circular references
14:03:39.372 [main] DEBUG org.springframework.beans.factory.support.DefaultListableBeanFactory - Returning cached instance of singleton bean 'org.springframework.transaction.config.internalTransactionAdvisor'
14:03:39.372 [main] DEBUG org.springframework.beans.factory.support.DefaultListableBeanFactory - Returning cached instance of singleton bean 'org.springframework.transaction.config.internalTransactionAdvisor'
14:03:39.372 [main] DEBUG org.springframework.beans.factory.support.DefaultListableBeanFactory - Finished creating instance of bean 'org.springframework.boot.autoconfigure.data.jpa.JpaRepositoriesAutoConfiguration'
14:03:39.372 [main] DEBUG org.springframework.beans.factory.support.DefaultListableBeanFactory - Returning cached instance of singleton bean 'emBeanDefinitionRegistrarPostProcessor'
14:03:39.372 [main] DEBUG org.springframework.beans.factory.support.DefaultListableBeanFactory - Returning cached instance of singleton bean 'jpaMappingContext'
14:03:39.372 [main] DEBUG org.springframework.beans.factory.support.DefaultListableBeanFactory - Creating shared instance of singleton bean 'jpaContext'
14:03:39.372 [main] DEBUG org.springframework.beans.factory.support.DefaultListableBeanFactory - Creating instance of bean 'jpaContext'
14:03:39.372 [main] DEBUG org.springframework.beans.factory.support.DefaultListableBeanFactory - Returning cached instance of singleton bean 'org.springframework.transaction.config.internalTransactionAdvisor'
14:03:39.374 [main] DEBUG org.springframework.beans.factory.support.DefaultListableBeanFactory - Creating shared instance of singleton bean 'org.springframework.orm.jpa.SharedEntityManagerCreator#0'
14:03:39.374 [main] DEBUG org.springframework.beans.factory.support.DefaultListableBeanFactory - Creating instance of bean 'org.springframework.orm.jpa.SharedEntityManagerCreator#0'
14:03:39.374 [main] DEBUG org.springframework.beans.factory.support.DefaultListableBeanFactory - Returning cached instance of singleton bean 'org.springframework.transaction.config.internalTransactionAdvisor'
14:03:39.374 [main] DEBUG org.springframework.beans.factory.support.DefaultListableBeanFactory - Returning cached instance of singleton bean 'entityManagerFactory'
14:03:39.375 [main] DEBUG org.springframework.beans.factory.support.DefaultListableBeanFactory - Eagerly caching bean 'org.springframework.orm.jpa.SharedEntityManagerCreator#0' to allow for resolving potential circular references
14:03:39.375 [main] DEBUG org.springframework.beans.factory.support.DefaultListableBeanFactory - Returning cached instance of singleton bean 'org.springframework.transaction.config.internalTransactionAdvisor'
14:03:39.375 [main] DEBUG org.springframework.beans.factory.support.DefaultListableBeanFactory - Returning cached instance of singleton bean 'org.springframework.transaction.config.internalTransactionAdvisor'
14:03:39.375 [main] DEBUG org.springframework.beans.factory.support.DefaultListableBeanFactory - Finished creating instance of bean 'org.springframework.orm.jpa.SharedEntityManagerCreator#0'
14:03:39.375 [main] DEBUG org.springframework.beans.factory.support.DefaultListableBeanFactory - Autowiring by type from bean name 'jpaContext' via constructor to bean named 'org.springframework.orm.jpa.SharedEntityManagerCreator#0'
14:03:39.376 [main] DEBUG org.springframework.beans.factory.support.DefaultListableBeanFactory - Eagerly caching bean 'jpaContext' to allow for resolving potential circular references
14:03:39.378 [main] DEBUG org.springframework.beans.factory.support.DefaultListableBeanFactory - Returning cached instance of singleton bean 'org.springframework.transaction.config.internalTransactionAdvisor'
14:03:39.378 [main] DEBUG org.springframework.beans.factory.support.DefaultListableBeanFactory - Returning cached instance of singleton bean 'org.springframework.transaction.config.internalTransactionAdvisor'
14:03:39.379 [main] DEBUG org.springframework.beans.factory.support.DefaultListableBeanFactory - Finished creating instance of bean 'jpaContext'
14:03:39.379 [main] DEBUG org.springframework.beans.factory.support.DefaultListableBeanFactory - Returning cached instance of singleton bean 'roomRepo'
14:03:39.379 [main] DEBUG org.springframework.beans.factory.support.DefaultListableBeanFactory - Creating shared instance of singleton bean 'customerRepo'
14:03:39.379 [main] DEBUG org.springframework.beans.factory.support.DefaultListableBeanFactory - Creating instance of bean 'customerRepo'
14:03:39.379 [main] DEBUG org.springframework.beans.factory.support.DefaultListableBeanFactory - Returning cached instance of singleton bean 'org.springframework.transaction.config.internalTransactionAdvisor'
14:03:39.379 [main] DEBUG org.springframework.beans.factory.annotation.InjectionMetadata - Registered injected element on class [org.springframework.data.jpa.repository.support.JpaRepositoryFactoryBean]: PersistenceElement for public void org.springframework.data.jpa.repository.support.JpaRepositoryFactoryBean.setEntityManager(javax.persistence.EntityManager)
14:03:39.379 [main] DEBUG org.springframework.beans.factory.support.DefaultListableBeanFactory - Eagerly caching bean 'customerRepo' to allow for resolving potential circular references
14:03:39.380 [main] DEBUG org.springframework.beans.factory.annotation.InjectionMetadata - Processing injected element of bean 'customerRepo': PersistenceElement for public void org.springframework.data.jpa.repository.support.JpaRepositoryFactoryBean.setEntityManager(javax.persistence.EntityManager)
14:03:39.380 [main] DEBUG org.springframework.beans.factory.support.DefaultListableBeanFactory - Creating instance of bean '(inner bean)#4bca8eaf'
14:03:39.380 [main] DEBUG org.springframework.beans.factory.support.DefaultListableBeanFactory - Returning cached instance of singleton bean 'org.springframework.transaction.config.internalTransactionAdvisor'
14:03:39.380 [main] DEBUG org.springframework.beans.factory.support.DefaultListableBeanFactory - Creating instance of bean '(inner bean)#55e5415d'
14:03:39.380 [main] DEBUG org.springframework.beans.factory.support.DefaultListableBeanFactory - Returning cached instance of singleton bean 'org.springframework.transaction.config.internalTransactionAdvisor'
14:03:39.380 [main] DEBUG org.springframework.core.io.support.PathMatchingResourcePatternResolver - Resolved classpath location [META-INF/jpa-named-queries.properties] to resources []
14:03:39.380 [main] DEBUG org.springframework.beans.factory.support.DefaultListableBeanFactory - Invoking afterPropertiesSet() on bean with name '(inner bean)#55e5415d'
14:03:39.380 [main] DEBUG org.springframework.beans.factory.support.DefaultListableBeanFactory - Returning cached instance of singleton bean 'org.springframework.transaction.config.internalTransactionAdvisor'
14:03:39.380 [main] DEBUG org.springframework.beans.factory.support.DefaultListableBeanFactory - Returning cached instance of singleton bean 'org.springframework.transaction.config.internalTransactionAdvisor'
14:03:39.381 [main] DEBUG org.springframework.beans.factory.support.DefaultListableBeanFactory - Finished creating instance of bean '(inner bean)#55e5415d'
14:03:39.381 [main] DEBUG org.springframework.beans.factory.support.DefaultListableBeanFactory - Returning cached instance of singleton bean 'org.springframework.transaction.config.internalTransactionAdvisor'
14:03:39.381 [main] DEBUG org.springframework.beans.factory.support.DefaultListableBeanFactory - Returning cached instance of singleton bean 'org.springframework.transaction.config.internalTransactionAdvisor'
14:03:39.382 [main] DEBUG org.springframework.beans.factory.support.DefaultListableBeanFactory - Returning cached instance of singleton bean 'org.springframework.transaction.config.internalTransactionAdvisor'
14:03:39.382 [main] DEBUG org.springframework.beans.factory.support.DefaultListableBeanFactory - Returning cached instance of singleton bean 'org.springframework.transaction.config.internalTransactionAdvisor'
14:03:39.382 [main] DEBUG org.springframework.beans.factory.support.DefaultListableBeanFactory - Finished creating instance of bean '(inner bean)#4bca8eaf'
14:03:39.383 [main] DEBUG org.springframework.beans.factory.support.DefaultListableBeanFactory - Creating instance of bean '(inner bean)#3265995e'
14:03:39.383 [main] DEBUG org.springframework.beans.factory.support.DefaultListableBeanFactory - Returning cached instance of singleton bean 'org.springframework.transaction.config.internalTransactionAdvisor'
14:03:39.383 [main] DEBUG org.springframework.beans.factory.support.DefaultListableBeanFactory - Invoking afterPropertiesSet() on bean with name '(inner bean)#3265995e'
14:03:39.383 [main] DEBUG org.springframework.beans.factory.support.DefaultListableBeanFactory - Returning cached instance of singleton bean 'org.springframework.transaction.config.internalTransactionAdvisor'
14:03:39.383 [main] DEBUG org.springframework.beans.factory.support.DefaultListableBeanFactory - Returning cached instance of singleton bean 'org.springframework.transaction.config.internalTransactionAdvisor'
14:03:39.383 [main] DEBUG org.springframework.beans.factory.support.DefaultListableBeanFactory - Finished creating instance of bean '(inner bean)#3265995e'
14:03:39.383 [main] DEBUG org.springframework.beans.factory.support.DefaultListableBeanFactory - Returning cached instance of singleton bean 'org.springframework.transaction.config.internalTransactionAdvisor'
14:03:39.383 [main] DEBUG org.springframework.beans.factory.support.DefaultListableBeanFactory - Returning cached instance of singleton bean 'org.springframework.transaction.config.internalTransactionAdvisor'
14:03:39.384 [main] DEBUG org.springframework.beans.factory.support.DefaultListableBeanFactory - Creating instance of bean '(inner bean)#2ed7978c'
14:03:39.384 [main] DEBUG org.springframework.beans.factory.support.DefaultListableBeanFactory - Returning cached instance of singleton bean 'org.springframework.transaction.config.internalTransactionAdvisor'
14:03:39.385 [main] DEBUG org.springframework.beans.factory.support.DefaultListableBeanFactory - Returning cached instance of singleton bean 'org.springframework.transaction.config.internalTransactionAdvisor'
14:03:39.385 [main] DEBUG org.springframework.beans.factory.support.DefaultListableBeanFactory - Returning cached instance of singleton bean 'org.springframework.transaction.config.internalTransactionAdvisor'
14:03:39.386 [main] DEBUG org.springframework.beans.factory.support.DefaultListableBeanFactory - Finished creating instance of bean '(inner bean)#2ed7978c'
14:03:39.386 [main] DEBUG org.springframework.beans.factory.support.DefaultListableBeanFactory - Creating instance of bean '(inner bean)#146833a2'
14:03:39.386 [main] DEBUG org.springframework.beans.factory.support.DefaultListableBeanFactory - Returning cached instance of singleton bean 'org.springframework.transaction.config.internalTransactionAdvisor'
14:03:39.386 [main] DEBUG org.springframework.beans.factory.support.DefaultListableBeanFactory - Returning cached instance of singleton bean 'entityManagerFactory'
14:03:39.387 [main] DEBUG org.springframework.beans.factory.support.DefaultListableBeanFactory - Returning cached instance of singleton bean 'org.springframework.transaction.config.internalTransactionAdvisor'
14:03:39.387 [main] DEBUG org.springframework.beans.factory.support.DefaultListableBeanFactory - Returning cached instance of singleton bean 'org.springframework.transaction.config.internalTransactionAdvisor'
14:03:39.388 [main] DEBUG org.springframework.beans.factory.support.DefaultListableBeanFactory - Finished creating instance of bean '(inner bean)#146833a2'
14:03:39.388 [main] DEBUG org.springframework.beans.factory.support.DefaultListableBeanFactory - Returning cached instance of singleton bean 'jpaMappingContext'
14:03:39.388 [main] DEBUG org.springframework.beans.factory.support.DefaultListableBeanFactory - Invoking afterPropertiesSet() on bean with name 'customerRepo'
14:03:39.388 [main] DEBUG org.springframework.orm.jpa.SharedEntityManagerCreator$SharedEntityManagerInvocationHandler - Creating new EntityManager for shared EntityManager invocation
14:03:39.388 [main] DEBUG org.springframework.orm.jpa.EntityManagerFactoryUtils - Closing JPA EntityManager
14:03:39.389 [main] DEBUG org.springframework.orm.jpa.SharedEntityManagerCreator$SharedEntityManagerInvocationHandler - Creating new EntityManager for shared EntityManager invocation
14:03:39.390 [main] DEBUG org.springframework.orm.jpa.EntityManagerFactoryUtils - Closing JPA EntityManager
14:03:39.390 [main] DEBUG org.springframework.aop.framework.JdkDynamicAopProxy - Creating JDK dynamic proxy: target source is org.springframework.data.jpa.repository.support.CrudMethodMetadataPostProcessor$ThreadBoundTargetSource@15ad5acb
14:03:39.390 [main] DEBUG org.springframework.orm.jpa.SharedEntityManagerCreator$SharedEntityManagerInvocationHandler - Creating new EntityManager for shared EntityManager invocation
14:03:39.391 [main] DEBUG org.springframework.orm.jpa.EntityManagerFactoryUtils - Closing JPA EntityManager
14:03:39.392 [main] DEBUG org.springframework.data.jpa.repository.query.JpaQueryFactory - Looking up query for method findCustomersByFirstNameAndLastName
14:03:39.392 [main] DEBUG org.springframework.data.jpa.repository.query.NamedQuery - Looking up named query Customer.findCustomersByFirstNameAndLastName
14:03:39.392 [main] DEBUG org.springframework.data.jpa.repository.query.NamedQuery - Did not find named query Customer.findCustomersByFirstNameAndLastName
14:03:39.392 [main] DEBUG org.springframework.orm.jpa.SharedEntityManagerCreator$SharedEntityManagerInvocationHandler - Creating new EntityManager for shared EntityManager invocation
14:03:39.393 [main] DEBUG org.springframework.orm.jpa.EntityManagerFactoryUtils - Closing JPA EntityManager
14:03:39.395 [main] DEBUG org.springframework.aop.framework.JdkDynamicAopProxy - Creating JDK dynamic proxy: target source is SingletonTargetSource for target object [org.springframework.data.jpa.repository.support.SimpleJpaRepository@44106e25]
14:03:39.397 [main] DEBUG org.springframework.beans.factory.support.DefaultListableBeanFactory - Returning cached instance of singleton bean 'org.springframework.transaction.config.internalTransactionAdvisor'
14:03:39.397 [main] DEBUG org.springframework.beans.factory.support.DefaultListableBeanFactory - Returning cached instance of singleton bean 'org.springframework.transaction.config.internalTransactionAdvisor'
14:03:39.398 [main] DEBUG org.springframework.beans.factory.support.DefaultListableBeanFactory - Finished creating instance of bean 'customerRepo'
14:03:39.398 [main] DEBUG org.springframework.beans.factory.support.DefaultListableBeanFactory - Creating shared instance of singleton bean 'org.springframework.boot.autoconfigure.jackson.JacksonAutoConfiguration$Jackson2ObjectMapperBuilderCustomizerConfiguration'
14:03:39.398 [main] DEBUG org.springframework.beans.factory.support.DefaultListableBeanFactory - Creating instance of bean 'org.springframework.boot.autoconfigure.jackson.JacksonAutoConfiguration$Jackson2ObjectMapperBuilderCustomizerConfiguration'
14:03:39.398 [main] DEBUG org.springframework.beans.factory.support.DefaultListableBeanFactory - Returning cached instance of singleton bean 'org.springframework.transaction.config.internalTransactionAdvisor'
14:03:39.398 [main] DEBUG org.springframework.beans.factory.support.DefaultListableBeanFactory - Eagerly caching bean 'org.springframework.boot.autoconfigure.jackson.JacksonAutoConfiguration$Jackson2ObjectMapperBuilderCustomizerConfiguration' to allow for resolving potential circular references
14:03:39.401 [main] DEBUG org.springframework.beans.factory.support.DefaultListableBeanFactory - Returning cached instance of singleton bean 'org.springframework.transaction.config.internalTransactionAdvisor'
14:03:39.401 [main] DEBUG org.springframework.beans.factory.support.DefaultListableBeanFactory - Returning cached instance of singleton bean 'org.springframework.transaction.config.internalTransactionAdvisor'
14:03:39.402 [main] DEBUG org.springframework.beans.factory.support.DefaultListableBeanFactory - Finished creating instance of bean 'org.springframework.boot.autoconfigure.jackson.JacksonAutoConfiguration$Jackson2ObjectMapperBuilderCustomizerConfiguration'
14:03:39.402 [main] DEBUG org.springframework.beans.factory.support.DefaultListableBeanFactory - Creating shared instance of singleton bean 'standardJacksonObjectMapperBuilderCustomizer'
14:03:39.402 [main] DEBUG org.springframework.beans.factory.support.DefaultListableBeanFactory - Creating instance of bean 'standardJacksonObjectMapperBuilderCustomizer'
14:03:39.402 [main] DEBUG org.springframework.beans.factory.support.DefaultListableBeanFactory - Returning cached instance of singleton bean 'org.springframework.transaction.config.internalTransactionAdvisor'
14:03:39.403 [main] DEBUG org.springframework.beans.factory.support.DefaultListableBeanFactory - Returning cached instance of singleton bean 'org.springframework.boot.autoconfigure.jackson.JacksonAutoConfiguration$Jackson2ObjectMapperBuilderCustomizerConfiguration'
14:03:39.404 [main] DEBUG org.springframework.beans.factory.support.DefaultListableBeanFactory - Creating shared instance of singleton bean 'spring.jackson-org.springframework.boot.autoconfigure.jackson.JacksonProperties'
14:03:39.404 [main] DEBUG org.springframework.beans.factory.support.DefaultListableBeanFactory - Creating instance of bean 'spring.jackson-org.springframework.boot.autoconfigure.jackson.JacksonProperties'
14:03:39.404 [main] DEBUG org.springframework.beans.factory.support.DefaultListableBeanFactory - Returning cached instance of singleton bean 'org.springframework.transaction.config.internalTransactionAdvisor'
14:03:39.404 [main] DEBUG org.springframework.beans.factory.support.DefaultListableBeanFactory - Eagerly caching bean 'spring.jackson-org.springframework.boot.autoconfigure.jackson.JacksonProperties' to allow for resolving potential circular references
14:03:39.406 [main] DEBUG org.springframework.beans.factory.support.DefaultListableBeanFactory - Returning cached instance of singleton bean 'org.springframework.transaction.config.internalTransactionAdvisor'
14:03:39.406 [main] DEBUG org.springframework.beans.factory.support.DefaultListableBeanFactory - Returning cached instance of singleton bean 'org.springframework.transaction.config.internalTransactionAdvisor'
14:03:39.408 [main] DEBUG org.springframework.beans.factory.support.DefaultListableBeanFactory - Finished creating instance of bean 'spring.jackson-org.springframework.boot.autoconfigure.jackson.JacksonProperties'
14:03:39.408 [main] DEBUG org.springframework.beans.factory.support.DefaultListableBeanFactory - Autowiring by type from bean name 'standardJacksonObjectMapperBuilderCustomizer' via factory method to bean named 'org.springframework.context.support.GenericApplicationContext@2a1edad4'
14:03:39.408 [main] DEBUG org.springframework.beans.factory.support.DefaultListableBeanFactory - Autowiring by type from bean name 'standardJacksonObjectMapperBuilderCustomizer' via factory method to bean named 'spring.jackson-org.springframework.boot.autoconfigure.jackson.JacksonProperties'
14:03:39.411 [main] DEBUG org.springframework.beans.factory.support.DefaultListableBeanFactory - Eagerly caching bean 'standardJacksonObjectMapperBuilderCustomizer' to allow for resolving potential circular references
14:03:39.413 [main] DEBUG org.springframework.beans.factory.support.DefaultListableBeanFactory - Returning cached instance of singleton bean 'org.springframework.transaction.config.internalTransactionAdvisor'
14:03:39.413 [main] DEBUG org.springframework.beans.factory.support.DefaultListableBeanFactory - Returning cached instance of singleton bean 'org.springframework.transaction.config.internalTransactionAdvisor'
14:03:39.415 [main] DEBUG org.springframework.beans.factory.support.DefaultListableBeanFactory - Finished creating instance of bean 'standardJacksonObjectMapperBuilderCustomizer'
14:03:39.415 [main] DEBUG org.springframework.beans.factory.support.DefaultListableBeanFactory - Returning cached instance of singleton bean 'spring.jackson-org.springframework.boot.autoconfigure.jackson.JacksonProperties'
14:03:39.415 [main] DEBUG org.springframework.beans.factory.support.DefaultListableBeanFactory - Creating shared instance of singleton bean 'org.springframework.boot.autoconfigure.jackson.JacksonAutoConfiguration$JacksonObjectMapperBuilderConfiguration'
14:03:39.415 [main] DEBUG org.springframework.beans.factory.support.DefaultListableBeanFactory - Creating instance of bean 'org.springframework.boot.autoconfigure.jackson.JacksonAutoConfiguration$JacksonObjectMapperBuilderConfiguration'
14:03:39.415 [main] DEBUG org.springframework.beans.factory.support.DefaultListableBeanFactory - Returning cached instance of singleton bean 'org.springframework.transaction.config.internalTransactionAdvisor'
14:03:39.415 [main] DEBUG org.springframework.core.LocalVariableTableParameterNameDiscoverer - Cannot find '.class' file for class [class org.springframework.boot.autoconfigure.jackson.JacksonAutoConfiguration$JacksonObjectMapperBuilderConfiguration$$EnhancerBySpringCGLIB$$d3101f12] - unable to determine constructor/method parameter names
14:03:39.416 [main] DEBUG org.springframework.beans.factory.support.DefaultListableBeanFactory - Autowiring by type from bean name 'org.springframework.boot.autoconfigure.jackson.JacksonAutoConfiguration$JacksonObjectMapperBuilderConfiguration' via constructor to bean named 'org.springframework.context.support.GenericApplicationContext@2a1edad4'
14:03:39.416 [main] DEBUG org.springframework.beans.factory.support.DefaultListableBeanFactory - Eagerly caching bean 'org.springframework.boot.autoconfigure.jackson.JacksonAutoConfiguration$JacksonObjectMapperBuilderConfiguration' to allow for resolving potential circular references
14:03:39.418 [main] DEBUG org.springframework.beans.factory.support.DefaultListableBeanFactory - Returning cached instance of singleton bean 'org.springframework.transaction.config.internalTransactionAdvisor'
14:03:39.418 [main] DEBUG org.springframework.beans.factory.support.DefaultListableBeanFactory - Returning cached instance of singleton bean 'org.springframework.transaction.config.internalTransactionAdvisor'
14:03:39.420 [main] DEBUG org.springframework.beans.factory.support.DefaultListableBeanFactory - Finished creating instance of bean 'org.springframework.boot.autoconfigure.jackson.JacksonAutoConfiguration$JacksonObjectMapperBuilderConfiguration'
14:03:39.420 [main] DEBUG org.springframework.beans.factory.support.DefaultListableBeanFactory - Creating shared instance of singleton bean 'jacksonObjectMapperBuilder'
14:03:39.420 [main] DEBUG org.springframework.beans.factory.support.DefaultListableBeanFactory - Creating instance of bean 'jacksonObjectMapperBuilder'
14:03:39.420 [main] DEBUG org.springframework.beans.factory.support.DefaultListableBeanFactory - Returning cached instance of singleton bean 'org.springframework.transaction.config.internalTransactionAdvisor'
14:03:39.420 [main] DEBUG org.springframework.beans.factory.support.DefaultListableBeanFactory - Returning cached instance of singleton bean 'org.springframework.boot.autoconfigure.jackson.JacksonAutoConfiguration$JacksonObjectMapperBuilderConfiguration'
14:03:39.421 [main] DEBUG org.springframework.beans.factory.support.DefaultListableBeanFactory - Returning cached instance of singleton bean 'standardJacksonObjectMapperBuilderCustomizer'
14:03:39.421 [main] DEBUG org.springframework.beans.factory.support.DefaultListableBeanFactory - Autowiring by type from bean name 'jacksonObjectMapperBuilder' via factory method to bean named 'standardJacksonObjectMapperBuilderCustomizer'
14:03:39.426 [main] DEBUG org.springframework.beans.factory.support.DefaultListableBeanFactory - Creating shared instance of singleton bean 'parameterNamesModule'
14:03:39.426 [main] DEBUG org.springframework.beans.factory.support.DefaultListableBeanFactory - Creating instance of bean 'parameterNamesModule'
14:03:39.426 [main] DEBUG org.springframework.beans.factory.support.DefaultListableBeanFactory - Returning cached instance of singleton bean 'org.springframework.transaction.config.internalTransactionAdvisor'
14:03:39.426 [main] DEBUG org.springframework.beans.factory.support.DefaultListableBeanFactory - Creating shared instance of singleton bean 'org.springframework.boot.autoconfigure.jackson.JacksonAutoConfiguration$ParameterNamesModuleConfiguration'
14:03:39.426 [main] DEBUG org.springframework.beans.factory.support.DefaultListableBeanFactory - Creating instance of bean 'org.springframework.boot.autoconfigure.jackson.JacksonAutoConfiguration$ParameterNamesModuleConfiguration'
14:03:39.426 [main] DEBUG org.springframework.beans.factory.support.DefaultListableBeanFactory - Returning cached instance of singleton bean 'org.springframework.transaction.config.internalTransactionAdvisor'
14:03:39.426 [main] DEBUG org.springframework.beans.factory.support.DefaultListableBeanFactory - Eagerly caching bean 'org.springframework.boot.autoconfigure.jackson.JacksonAutoConfiguration$ParameterNamesModuleConfiguration' to allow for resolving potential circular references
14:03:39.429 [main] DEBUG org.springframework.beans.factory.support.DefaultListableBeanFactory - Returning cached instance of singleton bean 'org.springframework.transaction.config.internalTransactionAdvisor'
14:03:39.429 [main] DEBUG org.springframework.beans.factory.support.DefaultListableBeanFactory - Returning cached instance of singleton bean 'org.springframework.transaction.config.internalTransactionAdvisor'
14:03:39.431 [main] DEBUG org.springframework.beans.factory.support.DefaultListableBeanFactory - Finished creating instance of bean 'org.springframework.boot.autoconfigure.jackson.JacksonAutoConfiguration$ParameterNamesModuleConfiguration'
14:03:39.442 [main] DEBUG org.springframework.beans.factory.support.DefaultListableBeanFactory - Eagerly caching bean 'parameterNamesModule' to allow for resolving potential circular references
14:03:39.447 [main] DEBUG org.springframework.beans.factory.support.DefaultListableBeanFactory - Returning cached instance of singleton bean 'org.springframework.transaction.config.internalTransactionAdvisor'
14:03:39.447 [main] DEBUG org.springframework.beans.factory.support.DefaultListableBeanFactory - Returning cached instance of singleton bean 'org.springframework.transaction.config.internalTransactionAdvisor'
14:03:39.451 [main] DEBUG org.springframework.beans.factory.support.DefaultListableBeanFactory - Finished creating instance of bean 'parameterNamesModule'
14:03:39.451 [main] DEBUG org.springframework.beans.factory.support.DefaultListableBeanFactory - Creating shared instance of singleton bean 'jsonComponentModule'
14:03:39.451 [main] DEBUG org.springframework.beans.factory.support.DefaultListableBeanFactory - Creating instance of bean 'jsonComponentModule'
14:03:39.451 [main] DEBUG org.springframework.beans.factory.support.DefaultListableBeanFactory - Returning cached instance of singleton bean 'org.springframework.transaction.config.internalTransactionAdvisor'
14:03:39.451 [main] DEBUG org.springframework.beans.factory.support.DefaultListableBeanFactory - Creating shared instance of singleton bean 'org.springframework.boot.autoconfigure.jackson.JacksonAutoConfiguration'
14:03:39.451 [main] DEBUG org.springframework.beans.factory.support.DefaultListableBeanFactory - Creating instance of bean 'org.springframework.boot.autoconfigure.jackson.JacksonAutoConfiguration'
14:03:39.451 [main] DEBUG org.springframework.beans.factory.support.DefaultListableBeanFactory - Returning cached instance of singleton bean 'org.springframework.transaction.config.internalTransactionAdvisor'
14:03:39.452 [main] DEBUG org.springframework.beans.factory.support.DefaultListableBeanFactory - Eagerly caching bean 'org.springframework.boot.autoconfigure.jackson.JacksonAutoConfiguration' to allow for resolving potential circular references
14:03:39.453 [main] DEBUG org.springframework.beans.factory.support.DefaultListableBeanFactory - Returning cached instance of singleton bean 'org.springframework.transaction.config.internalTransactionAdvisor'
14:03:39.454 [main] DEBUG org.springframework.beans.factory.support.DefaultListableBeanFactory - Returning cached instance of singleton bean 'org.springframework.transaction.config.internalTransactionAdvisor'
14:03:39.454 [main] DEBUG org.springframework.beans.factory.support.DefaultListableBeanFactory - Finished creating instance of bean 'org.springframework.boot.autoconfigure.jackson.JacksonAutoConfiguration'
14:03:39.457 [main] DEBUG org.springframework.context.annotation.CommonAnnotationBeanPostProcessor - Found init method on class [org.springframework.boot.jackson.JsonComponentModule]: public void org.springframework.boot.jackson.JsonComponentModule.registerJsonComponents()
14:03:39.457 [main] DEBUG org.springframework.context.annotation.CommonAnnotationBeanPostProcessor - Registered init method on class [org.springframework.boot.jackson.JsonComponentModule]: org.springframework.beans.factory.annotation.InitDestroyAnnotationBeanPostProcessor$LifecycleElement@65126ba1
14:03:39.457 [main] DEBUG org.springframework.beans.factory.support.DefaultListableBeanFactory - Eagerly caching bean 'jsonComponentModule' to allow for resolving potential circular references
14:03:39.458 [main] DEBUG org.springframework.context.annotation.CommonAnnotationBeanPostProcessor - Invoking init method on bean 'jsonComponentModule': public void org.springframework.boot.jackson.JsonComponentModule.registerJsonComponents()
14:03:39.460 [main] DEBUG org.springframework.beans.factory.support.DefaultListableBeanFactory - Returning cached instance of singleton bean 'org.springframework.transaction.config.internalTransactionAdvisor'
14:03:39.461 [main] DEBUG org.springframework.beans.factory.support.DefaultListableBeanFactory - Returning cached instance of singleton bean 'org.springframework.transaction.config.internalTransactionAdvisor'
14:03:39.463 [main] DEBUG org.springframework.beans.factory.support.DefaultListableBeanFactory - Finished creating instance of bean 'jsonComponentModule'
14:03:39.464 [main] DEBUG org.springframework.beans.factory.support.DefaultListableBeanFactory - Eagerly caching bean 'jacksonObjectMapperBuilder' to allow for resolving potential circular references
14:03:39.465 [main] DEBUG org.springframework.beans.factory.support.DefaultListableBeanFactory - Returning cached instance of singleton bean 'org.springframework.transaction.config.internalTransactionAdvisor'
14:03:39.465 [main] DEBUG org.springframework.beans.factory.support.DefaultListableBeanFactory - Returning cached instance of singleton bean 'org.springframework.transaction.config.internalTransactionAdvisor'
14:03:39.472 [main] DEBUG org.springframework.beans.factory.support.DefaultListableBeanFactory - Finished creating instance of bean 'jacksonObjectMapperBuilder'
14:03:39.472 [main] DEBUG org.springframework.beans.factory.support.DefaultListableBeanFactory - Returning cached instance of singleton bean 'org.springframework.boot.autoconfigure.jackson.JacksonAutoConfiguration$ParameterNamesModuleConfiguration'
14:03:39.472 [main] DEBUG org.springframework.beans.factory.support.DefaultListableBeanFactory - Returning cached instance of singleton bean 'parameterNamesModule'
14:03:39.472 [main] DEBUG org.springframework.beans.factory.support.DefaultListableBeanFactory - Creating shared instance of singleton bean 'org.springframework.boot.autoconfigure.jackson.JacksonAutoConfiguration$JacksonObjectMapperConfiguration'
14:03:39.472 [main] DEBUG org.springframework.beans.factory.support.DefaultListableBeanFactory - Creating instance of bean 'org.springframework.boot.autoconfigure.jackson.JacksonAutoConfiguration$JacksonObjectMapperConfiguration'
14:03:39.472 [main] DEBUG org.springframework.beans.factory.support.DefaultListableBeanFactory - Returning cached instance of singleton bean 'org.springframework.transaction.config.internalTransactionAdvisor'
14:03:39.473 [main] DEBUG org.springframework.beans.factory.support.DefaultListableBeanFactory - Eagerly caching bean 'org.springframework.boot.autoconfigure.jackson.JacksonAutoConfiguration$JacksonObjectMapperConfiguration' to allow for resolving potential circular references
14:03:39.475 [main] DEBUG org.springframework.beans.factory.support.DefaultListableBeanFactory - Returning cached instance of singleton bean 'org.springframework.transaction.config.internalTransactionAdvisor'
14:03:39.475 [main] DEBUG org.springframework.beans.factory.support.DefaultListableBeanFactory - Returning cached instance of singleton bean 'org.springframework.transaction.config.internalTransactionAdvisor'
14:03:39.476 [main] DEBUG org.springframework.beans.factory.support.DefaultListableBeanFactory - Finished creating instance of bean 'org.springframework.boot.autoconfigure.jackson.JacksonAutoConfiguration$JacksonObjectMapperConfiguration'
14:03:39.476 [main] DEBUG org.springframework.beans.factory.support.DefaultListableBeanFactory - Creating shared instance of singleton bean 'jacksonObjectMapper'
14:03:39.476 [main] DEBUG org.springframework.beans.factory.support.DefaultListableBeanFactory - Creating instance of bean 'jacksonObjectMapper'
14:03:39.476 [main] DEBUG org.springframework.beans.factory.support.DefaultListableBeanFactory - Returning cached instance of singleton bean 'org.springframework.transaction.config.internalTransactionAdvisor'
14:03:39.476 [main] DEBUG org.springframework.beans.factory.support.DefaultListableBeanFactory - Returning cached instance of singleton bean 'org.springframework.boot.autoconfigure.jackson.JacksonAutoConfiguration$JacksonObjectMapperConfiguration'
14:03:39.477 [main] DEBUG org.springframework.beans.factory.support.DefaultListableBeanFactory - Returning cached instance of singleton bean 'jacksonObjectMapperBuilder'
14:03:39.477 [main] DEBUG org.springframework.beans.factory.support.DefaultListableBeanFactory - Autowiring by type from bean name 'jacksonObjectMapper' via factory method to bean named 'jacksonObjectMapperBuilder'
14:03:39.527 [main] DEBUG org.springframework.beans.factory.support.DefaultListableBeanFactory - Eagerly caching bean 'jacksonObjectMapper' to allow for resolving potential circular references
14:03:39.534 [main] DEBUG org.springframework.beans.factory.support.DefaultListableBeanFactory - Returning cached instance of singleton bean 'org.springframework.transaction.config.internalTransactionAdvisor'
14:03:39.534 [main] DEBUG org.springframework.beans.factory.support.DefaultListableBeanFactory - Returning cached instance of singleton bean 'org.springframework.transaction.config.internalTransactionAdvisor'
14:03:39.556 [main] DEBUG org.springframework.beans.factory.support.DefaultListableBeanFactory - Finished creating instance of bean 'jacksonObjectMapper'
14:03:39.556 [main] DEBUG org.springframework.beans.factory.support.DefaultListableBeanFactory - Returning cached instance of singleton bean 'org.springframework.boot.autoconfigure.jackson.JacksonAutoConfiguration'
14:03:39.556 [main] DEBUG org.springframework.beans.factory.support.DefaultListableBeanFactory - Returning cached instance of singleton bean 'jsonComponentModule'
14:03:39.556 [main] DEBUG org.springframework.beans.factory.support.DefaultListableBeanFactory - Creating shared instance of singleton bean 'org.springframework.boot.autoconfigure.http.HttpMessageConvertersAutoConfiguration$StringHttpMessageConverterConfiguration'
14:03:39.556 [main] DEBUG org.springframework.beans.factory.support.DefaultListableBeanFactory - Creating instance of bean 'org.springframework.boot.autoconfigure.http.HttpMessageConvertersAutoConfiguration$StringHttpMessageConverterConfiguration'
14:03:39.556 [main] DEBUG org.springframework.beans.factory.support.DefaultListableBeanFactory - Returning cached instance of singleton bean 'org.springframework.transaction.config.internalTransactionAdvisor'
14:03:39.556 [main] DEBUG org.springframework.core.LocalVariableTableParameterNameDiscoverer - Cannot find '.class' file for class [class org.springframework.boot.autoconfigure.http.HttpMessageConvertersAutoConfiguration$StringHttpMessageConverterConfiguration$$EnhancerBySpringCGLIB$$12716f9c] - unable to determine constructor/method parameter names
14:03:39.557 [main] DEBUG org.springframework.beans.factory.support.DefaultListableBeanFactory - Creating shared instance of singleton bean 'spring.http.encoding-org.springframework.boot.autoconfigure.http.HttpEncodingProperties'
14:03:39.557 [main] DEBUG org.springframework.beans.factory.support.DefaultListableBeanFactory - Creating instance of bean 'spring.http.encoding-org.springframework.boot.autoconfigure.http.HttpEncodingProperties'
14:03:39.557 [main] DEBUG org.springframework.beans.factory.support.DefaultListableBeanFactory - Returning cached instance of singleton bean 'org.springframework.transaction.config.internalTransactionAdvisor'
14:03:39.557 [main] DEBUG org.springframework.beans.factory.support.DefaultListableBeanFactory - Eagerly caching bean 'spring.http.encoding-org.springframework.boot.autoconfigure.http.HttpEncodingProperties' to allow for resolving potential circular references
14:03:39.558 [main] DEBUG org.springframework.beans.factory.support.DefaultListableBeanFactory - Returning cached instance of singleton bean 'org.springframework.transaction.config.internalTransactionAdvisor'
14:03:39.558 [main] DEBUG org.springframework.beans.factory.support.DefaultListableBeanFactory - Returning cached instance of singleton bean 'org.springframework.transaction.config.internalTransactionAdvisor'
14:03:39.560 [main] DEBUG org.springframework.beans.factory.support.DefaultListableBeanFactory - Finished creating instance of bean 'spring.http.encoding-org.springframework.boot.autoconfigure.http.HttpEncodingProperties'
14:03:39.560 [main] DEBUG org.springframework.beans.factory.support.DefaultListableBeanFactory - Autowiring by type from bean name 'org.springframework.boot.autoconfigure.http.HttpMessageConvertersAutoConfiguration$StringHttpMessageConverterConfiguration' via constructor to bean named 'spring.http.encoding-org.springframework.boot.autoconfigure.http.HttpEncodingProperties'
14:03:39.560 [main] DEBUG org.springframework.beans.factory.support.DefaultListableBeanFactory - Eagerly caching bean 'org.springframework.boot.autoconfigure.http.HttpMessageConvertersAutoConfiguration$StringHttpMessageConverterConfiguration' to allow for resolving potential circular references
14:03:39.562 [main] DEBUG org.springframework.beans.factory.support.DefaultListableBeanFactory - Returning cached instance of singleton bean 'org.springframework.transaction.config.internalTransactionAdvisor'
14:03:39.562 [main] DEBUG org.springframework.beans.factory.support.DefaultListableBeanFactory - Returning cached instance of singleton bean 'org.springframework.transaction.config.internalTransactionAdvisor'
14:03:39.564 [main] DEBUG org.springframework.beans.factory.support.DefaultListableBeanFactory - Finished creating instance of bean 'org.springframework.boot.autoconfigure.http.HttpMessageConvertersAutoConfiguration$StringHttpMessageConverterConfiguration'
14:03:39.564 [main] DEBUG org.springframework.beans.factory.support.DefaultListableBeanFactory - Creating shared instance of singleton bean 'stringHttpMessageConverter'
14:03:39.564 [main] DEBUG org.springframework.beans.factory.support.DefaultListableBeanFactory - Creating instance of bean 'stringHttpMessageConverter'
14:03:39.564 [main] DEBUG org.springframework.beans.factory.support.DefaultListableBeanFactory - Returning cached instance of singleton bean 'org.springframework.transaction.config.internalTransactionAdvisor'
14:03:39.564 [main] DEBUG org.springframework.beans.factory.support.DefaultListableBeanFactory - Returning cached instance of singleton bean 'org.springframework.boot.autoconfigure.http.HttpMessageConvertersAutoConfiguration$StringHttpMessageConverterConfiguration'
14:03:39.574 [main] DEBUG org.springframework.beans.factory.support.DefaultListableBeanFactory - Eagerly caching bean 'stringHttpMessageConverter' to allow for resolving potential circular references
14:03:39.577 [main] DEBUG org.springframework.beans.factory.support.DefaultListableBeanFactory - Returning cached instance of singleton bean 'org.springframework.transaction.config.internalTransactionAdvisor'
14:03:39.577 [main] DEBUG org.springframework.beans.factory.support.DefaultListableBeanFactory - Returning cached instance of singleton bean 'org.springframework.transaction.config.internalTransactionAdvisor'
14:03:39.582 [main] DEBUG org.springframework.beans.factory.support.DefaultListableBeanFactory - Finished creating instance of bean 'stringHttpMessageConverter'
14:03:39.582 [main] DEBUG org.springframework.beans.factory.support.DefaultListableBeanFactory - Returning cached instance of singleton bean 'spring.http.encoding-org.springframework.boot.autoconfigure.http.HttpEncodingProperties'
14:03:39.582 [main] DEBUG org.springframework.beans.factory.support.DefaultListableBeanFactory - Creating shared instance of singleton bean 'org.springframework.boot.autoconfigure.http.JacksonHttpMessageConvertersConfiguration$MappingJackson2HttpMessageConverterConfiguration'
14:03:39.582 [main] DEBUG org.springframework.beans.factory.support.DefaultListableBeanFactory - Creating instance of bean 'org.springframework.boot.autoconfigure.http.JacksonHttpMessageConvertersConfiguration$MappingJackson2HttpMessageConverterConfiguration'
14:03:39.582 [main] DEBUG org.springframework.beans.factory.support.DefaultListableBeanFactory - Returning cached instance of singleton bean 'org.springframework.transaction.config.internalTransactionAdvisor'
14:03:39.583 [main] DEBUG org.springframework.beans.factory.support.DefaultListableBeanFactory - Eagerly caching bean 'org.springframework.boot.autoconfigure.http.JacksonHttpMessageConvertersConfiguration$MappingJackson2HttpMessageConverterConfiguration' to allow for resolving potential circular references
14:03:39.586 [main] DEBUG org.springframework.beans.factory.support.DefaultListableBeanFactory - Returning cached instance of singleton bean 'org.springframework.transaction.config.internalTransactionAdvisor'
14:03:39.586 [main] DEBUG org.springframework.beans.factory.support.DefaultListableBeanFactory - Returning cached instance of singleton bean 'org.springframework.transaction.config.internalTransactionAdvisor'
14:03:39.588 [main] DEBUG org.springframework.beans.factory.support.DefaultListableBeanFactory - Finished creating instance of bean 'org.springframework.boot.autoconfigure.http.JacksonHttpMessageConvertersConfiguration$MappingJackson2HttpMessageConverterConfiguration'
14:03:39.589 [main] DEBUG org.springframework.beans.factory.support.DefaultListableBeanFactory - Creating shared instance of singleton bean 'mappingJackson2HttpMessageConverter'
14:03:39.589 [main] DEBUG org.springframework.beans.factory.support.DefaultListableBeanFactory - Creating instance of bean 'mappingJackson2HttpMessageConverter'
14:03:39.589 [main] DEBUG org.springframework.beans.factory.support.DefaultListableBeanFactory - Returning cached instance of singleton bean 'org.springframework.transaction.config.internalTransactionAdvisor'
14:03:39.589 [main] DEBUG org.springframework.beans.factory.support.DefaultListableBeanFactory - Returning cached instance of singleton bean 'org.springframework.boot.autoconfigure.http.JacksonHttpMessageConvertersConfiguration$MappingJackson2HttpMessageConverterConfiguration'
14:03:39.590 [main] DEBUG org.springframework.beans.factory.support.DefaultListableBeanFactory - Returning cached instance of singleton bean 'jacksonObjectMapper'
14:03:39.590 [main] DEBUG org.springframework.beans.factory.support.DefaultListableBeanFactory - Autowiring by type from bean name 'mappingJackson2HttpMessageConverter' via factory method to bean named 'jacksonObjectMapper'
14:03:39.593 [main] DEBUG org.springframework.beans.factory.support.DefaultListableBeanFactory - Eagerly caching bean 'mappingJackson2HttpMessageConverter' to allow for resolving potential circular references
14:03:39.598 [main] DEBUG org.springframework.beans.factory.support.DefaultListableBeanFactory - Returning cached instance of singleton bean 'org.springframework.transaction.config.internalTransactionAdvisor'
14:03:39.598 [main] DEBUG org.springframework.beans.factory.support.DefaultListableBeanFactory - Returning cached instance of singleton bean 'org.springframework.transaction.config.internalTransactionAdvisor'
14:03:39.604 [main] DEBUG org.springframework.beans.factory.support.DefaultListableBeanFactory - Finished creating instance of bean 'mappingJackson2HttpMessageConverter'
14:03:39.605 [main] DEBUG org.springframework.beans.factory.support.DefaultListableBeanFactory - Creating shared instance of singleton bean 'org.springframework.boot.autoconfigure.http.JacksonHttpMessageConvertersConfiguration'
14:03:39.605 [main] DEBUG org.springframework.beans.factory.support.DefaultListableBeanFactory - Creating instance of bean 'org.springframework.boot.autoconfigure.http.JacksonHttpMessageConvertersConfiguration'
14:03:39.605 [main] DEBUG org.springframework.beans.factory.support.DefaultListableBeanFactory - Returning cached instance of singleton bean 'org.springframework.transaction.config.internalTransactionAdvisor'
14:03:39.605 [main] DEBUG org.springframework.beans.factory.support.DefaultListableBeanFactory - Eagerly caching bean 'org.springframework.boot.autoconfigure.http.JacksonHttpMessageConvertersConfiguration' to allow for resolving potential circular references
14:03:39.607 [main] DEBUG org.springframework.beans.factory.support.DefaultListableBeanFactory - Returning cached instance of singleton bean 'org.springframework.transaction.config.internalTransactionAdvisor'
14:03:39.607 [main] DEBUG org.springframework.beans.factory.support.DefaultListableBeanFactory - Returning cached instance of singleton bean 'org.springframework.transaction.config.internalTransactionAdvisor'
14:03:39.607 [main] DEBUG org.springframework.beans.factory.support.DefaultListableBeanFactory - Finished creating instance of bean 'org.springframework.boot.autoconfigure.http.JacksonHttpMessageConvertersConfiguration'
14:03:39.607 [main] DEBUG org.springframework.beans.factory.support.DefaultListableBeanFactory - Creating shared instance of singleton bean 'org.springframework.boot.autoconfigure.http.HttpMessageConvertersAutoConfiguration'
14:03:39.607 [main] DEBUG org.springframework.beans.factory.support.DefaultListableBeanFactory - Creating instance of bean 'org.springframework.boot.autoconfigure.http.HttpMessageConvertersAutoConfiguration'
14:03:39.608 [main] DEBUG org.springframework.beans.factory.support.DefaultListableBeanFactory - Returning cached instance of singleton bean 'org.springframework.transaction.config.internalTransactionAdvisor'
14:03:39.608 [main] DEBUG org.springframework.core.LocalVariableTableParameterNameDiscoverer - Cannot find '.class' file for class [class org.springframework.boot.autoconfigure.http.HttpMessageConvertersAutoConfiguration$$EnhancerBySpringCGLIB$$df63a8fc] - unable to determine constructor/method parameter names
14:03:39.609 [main] DEBUG org.springframework.beans.factory.support.DefaultListableBeanFactory - Returning cached instance of singleton bean 'stringHttpMessageConverter'
14:03:39.609 [main] DEBUG org.springframework.beans.factory.support.DefaultListableBeanFactory - Returning cached instance of singleton bean 'mappingJackson2HttpMessageConverter'
14:03:39.610 [main] DEBUG org.springframework.beans.factory.support.DefaultListableBeanFactory - Eagerly caching bean 'org.springframework.boot.autoconfigure.http.HttpMessageConvertersAutoConfiguration' to allow for resolving potential circular references
14:03:39.612 [main] DEBUG org.springframework.beans.factory.support.DefaultListableBeanFactory - Returning cached instance of singleton bean 'org.springframework.transaction.config.internalTransactionAdvisor'
14:03:39.612 [main] DEBUG org.springframework.beans.factory.support.DefaultListableBeanFactory - Returning cached instance of singleton bean 'org.springframework.transaction.config.internalTransactionAdvisor'
14:03:39.613 [main] DEBUG org.springframework.beans.factory.support.DefaultListableBeanFactory - Finished creating instance of bean 'org.springframework.boot.autoconfigure.http.HttpMessageConvertersAutoConfiguration'
14:03:39.613 [main] DEBUG org.springframework.beans.factory.support.DefaultListableBeanFactory - Creating shared instance of singleton bean 'messageConverters'
14:03:39.613 [main] DEBUG org.springframework.beans.factory.support.DefaultListableBeanFactory - Creating instance of bean 'messageConverters'
14:03:39.613 [main] DEBUG org.springframework.beans.factory.support.DefaultListableBeanFactory - Returning cached instance of singleton bean 'org.springframework.transaction.config.internalTransactionAdvisor'
14:03:39.613 [main] DEBUG org.springframework.beans.factory.support.DefaultListableBeanFactory - Returning cached instance of singleton bean 'org.springframework.boot.autoconfigure.http.HttpMessageConvertersAutoConfiguration'
14:03:39.643 [main] DEBUG org.springframework.beans.factory.support.DefaultListableBeanFactory - Eagerly caching bean 'messageConverters' to allow for resolving potential circular references
14:03:39.644 [main] DEBUG org.springframework.beans.factory.support.DefaultListableBeanFactory - Returning cached instance of singleton bean 'org.springframework.transaction.config.internalTransactionAdvisor'
14:03:39.644 [main] DEBUG org.springframework.beans.factory.support.DefaultListableBeanFactory - Returning cached instance of singleton bean 'org.springframework.transaction.config.internalTransactionAdvisor'
14:03:39.646 [main] DEBUG org.springframework.beans.factory.support.DefaultListableBeanFactory - Finished creating instance of bean 'messageConverters'
14:03:39.646 [main] DEBUG org.springframework.beans.factory.support.DefaultListableBeanFactory - Creating shared instance of singleton bean 'org.springframework.boot.autoconfigure.http.codec.CodecsAutoConfiguration$JacksonCodecConfiguration'
14:03:39.646 [main] DEBUG org.springframework.beans.factory.support.DefaultListableBeanFactory - Creating instance of bean 'org.springframework.boot.autoconfigure.http.codec.CodecsAutoConfiguration$JacksonCodecConfiguration'
14:03:39.646 [main] DEBUG org.springframework.beans.factory.support.DefaultListableBeanFactory - Returning cached instance of singleton bean 'org.springframework.transaction.config.internalTransactionAdvisor'
14:03:39.646 [main] DEBUG org.springframework.beans.factory.support.DefaultListableBeanFactory - Eagerly caching bean 'org.springframework.boot.autoconfigure.http.codec.CodecsAutoConfiguration$JacksonCodecConfiguration' to allow for resolving potential circular references
14:03:39.649 [main] DEBUG org.springframework.beans.factory.support.DefaultListableBeanFactory - Returning cached instance of singleton bean 'org.springframework.transaction.config.internalTransactionAdvisor'
14:03:39.649 [main] DEBUG org.springframework.beans.factory.support.DefaultListableBeanFactory - Returning cached instance of singleton bean 'org.springframework.transaction.config.internalTransactionAdvisor'
14:03:39.652 [main] DEBUG org.springframework.beans.factory.support.DefaultListableBeanFactory - Finished creating instance of bean 'org.springframework.boot.autoconfigure.http.codec.CodecsAutoConfiguration$JacksonCodecConfiguration'
14:03:39.652 [main] DEBUG org.springframework.beans.factory.support.DefaultListableBeanFactory - Creating shared instance of singleton bean 'jacksonCodecCustomizer'
14:03:39.652 [main] DEBUG org.springframework.beans.factory.support.DefaultListableBeanFactory - Creating instance of bean 'jacksonCodecCustomizer'
14:03:39.652 [main] DEBUG org.springframework.beans.factory.support.DefaultListableBeanFactory - Returning cached instance of singleton bean 'org.springframework.transaction.config.internalTransactionAdvisor'
14:03:39.652 [main] DEBUG org.springframework.beans.factory.support.DefaultListableBeanFactory - Returning cached instance of singleton bean 'org.springframework.boot.autoconfigure.http.codec.CodecsAutoConfiguration$JacksonCodecConfiguration'
14:03:39.652 [main] DEBUG org.springframework.beans.factory.support.DefaultListableBeanFactory - Returning cached instance of singleton bean 'jacksonObjectMapper'
14:03:39.652 [main] DEBUG org.springframework.beans.factory.support.DefaultListableBeanFactory - Autowiring by type from bean name 'jacksonCodecCustomizer' via factory method to bean named 'jacksonObjectMapper'
14:03:39.656 [main] DEBUG org.springframework.beans.factory.support.DefaultListableBeanFactory - Eagerly caching bean 'jacksonCodecCustomizer' to allow for resolving potential circular references
14:03:39.657 [main] DEBUG org.springframework.beans.factory.support.DefaultListableBeanFactory - Returning cached instance of singleton bean 'org.springframework.transaction.config.internalTransactionAdvisor'
14:03:39.657 [main] DEBUG org.springframework.beans.factory.support.DefaultListableBeanFactory - Returning cached instance of singleton bean 'org.springframework.transaction.config.internalTransactionAdvisor'
14:03:39.660 [main] DEBUG org.springframework.beans.factory.support.DefaultListableBeanFactory - Finished creating instance of bean 'jacksonCodecCustomizer'
14:03:39.660 [main] DEBUG org.springframework.beans.factory.support.DefaultListableBeanFactory - Creating shared instance of singleton bean 'org.springframework.boot.autoconfigure.http.codec.CodecsAutoConfiguration'
14:03:39.660 [main] DEBUG org.springframework.beans.factory.support.DefaultListableBeanFactory - Creating instance of bean 'org.springframework.boot.autoconfigure.http.codec.CodecsAutoConfiguration'
14:03:39.660 [main] DEBUG org.springframework.beans.factory.support.DefaultListableBeanFactory - Returning cached instance of singleton bean 'org.springframework.transaction.config.internalTransactionAdvisor'
14:03:39.660 [main] DEBUG org.springframework.beans.factory.support.DefaultListableBeanFactory - Eagerly caching bean 'org.springframework.boot.autoconfigure.http.codec.CodecsAutoConfiguration' to allow for resolving potential circular references
14:03:39.662 [main] DEBUG org.springframework.beans.factory.support.DefaultListableBeanFactory - Returning cached instance of singleton bean 'org.springframework.transaction.config.internalTransactionAdvisor'
14:03:39.662 [main] DEBUG org.springframework.beans.factory.support.DefaultListableBeanFactory - Returning cached instance of singleton bean 'org.springframework.transaction.config.internalTransactionAdvisor'
14:03:39.662 [main] DEBUG org.springframework.beans.factory.support.DefaultListableBeanFactory - Finished creating instance of bean 'org.springframework.boot.autoconfigure.http.codec.CodecsAutoConfiguration'
14:03:39.662 [main] DEBUG org.springframework.beans.factory.support.DefaultListableBeanFactory - Creating shared instance of singleton bean 'org.springframework.boot.autoconfigure.info.ProjectInfoAutoConfiguration'
14:03:39.662 [main] DEBUG org.springframework.beans.factory.support.DefaultListableBeanFactory - Creating instance of bean 'org.springframework.boot.autoconfigure.info.ProjectInfoAutoConfiguration'
14:03:39.662 [main] DEBUG org.springframework.beans.factory.support.DefaultListableBeanFactory - Returning cached instance of singleton bean 'org.springframework.transaction.config.internalTransactionAdvisor'
14:03:39.663 [main] DEBUG org.springframework.core.LocalVariableTableParameterNameDiscoverer - Cannot find '.class' file for class [class org.springframework.boot.autoconfigure.info.ProjectInfoAutoConfiguration$$EnhancerBySpringCGLIB$$129ea81] - unable to determine constructor/method parameter names
14:03:39.663 [main] DEBUG org.springframework.beans.factory.support.DefaultListableBeanFactory - Creating shared instance of singleton bean 'spring.info-org.springframework.boot.autoconfigure.info.ProjectInfoProperties'
14:03:39.664 [main] DEBUG org.springframework.beans.factory.support.DefaultListableBeanFactory - Creating instance of bean 'spring.info-org.springframework.boot.autoconfigure.info.ProjectInfoProperties'
14:03:39.664 [main] DEBUG org.springframework.beans.factory.support.DefaultListableBeanFactory - Returning cached instance of singleton bean 'org.springframework.transaction.config.internalTransactionAdvisor'
14:03:39.664 [main] DEBUG org.springframework.beans.factory.support.DefaultListableBeanFactory - Eagerly caching bean 'spring.info-org.springframework.boot.autoconfigure.info.ProjectInfoProperties' to allow for resolving potential circular references
14:03:39.666 [main] DEBUG org.springframework.beans.factory.support.DefaultListableBeanFactory - Returning cached instance of singleton bean 'org.springframework.transaction.config.internalTransactionAdvisor'
14:03:39.666 [main] DEBUG org.springframework.beans.factory.support.DefaultListableBeanFactory - Returning cached instance of singleton bean 'org.springframework.transaction.config.internalTransactionAdvisor'
14:03:39.667 [main] DEBUG org.springframework.beans.factory.support.DefaultListableBeanFactory - Finished creating instance of bean 'spring.info-org.springframework.boot.autoconfigure.info.ProjectInfoProperties'
14:03:39.667 [main] DEBUG org.springframework.beans.factory.support.DefaultListableBeanFactory - Autowiring by type from bean name 'org.springframework.boot.autoconfigure.info.ProjectInfoAutoConfiguration' via constructor to bean named 'spring.info-org.springframework.boot.autoconfigure.info.ProjectInfoProperties'
14:03:39.667 [main] DEBUG org.springframework.beans.factory.support.DefaultListableBeanFactory - Eagerly caching bean 'org.springframework.boot.autoconfigure.info.ProjectInfoAutoConfiguration' to allow for resolving potential circular references
14:03:39.670 [main] DEBUG org.springframework.beans.factory.support.DefaultListableBeanFactory - Returning cached instance of singleton bean 'org.springframework.transaction.config.internalTransactionAdvisor'
14:03:39.670 [main] DEBUG org.springframework.beans.factory.support.DefaultListableBeanFactory - Returning cached instance of singleton bean 'org.springframework.transaction.config.internalTransactionAdvisor'
14:03:39.671 [main] DEBUG org.springframework.beans.factory.support.DefaultListableBeanFactory - Finished creating instance of bean 'org.springframework.boot.autoconfigure.info.ProjectInfoAutoConfiguration'
14:03:39.671 [main] DEBUG org.springframework.beans.factory.support.DefaultListableBeanFactory - Returning cached instance of singleton bean 'spring.info-org.springframework.boot.autoconfigure.info.ProjectInfoProperties'
14:03:39.671 [main] DEBUG org.springframework.beans.factory.support.DefaultListableBeanFactory - Creating shared instance of singleton bean 'org.springframework.boot.autoconfigure.jdbc.JdbcTemplateAutoConfiguration$JdbcTemplateConfiguration'
14:03:39.671 [main] DEBUG org.springframework.beans.factory.support.DefaultListableBeanFactory - Creating instance of bean 'org.springframework.boot.autoconfigure.jdbc.JdbcTemplateAutoConfiguration$JdbcTemplateConfiguration'
14:03:39.671 [main] DEBUG org.springframework.beans.factory.support.DefaultListableBeanFactory - Returning cached instance of singleton bean 'org.springframework.transaction.config.internalTransactionAdvisor'
14:03:39.672 [main] DEBUG org.springframework.core.LocalVariableTableParameterNameDiscoverer - Cannot find '.class' file for class [class org.springframework.boot.autoconfigure.jdbc.JdbcTemplateAutoConfiguration$JdbcTemplateConfiguration$$EnhancerBySpringCGLIB$$ddbb0bd5] - unable to determine constructor/method parameter names
14:03:39.672 [main] DEBUG org.springframework.beans.factory.support.DefaultListableBeanFactory - Returning cached instance of singleton bean 'dataSource'
14:03:39.672 [main] DEBUG org.springframework.beans.factory.support.DefaultListableBeanFactory - Creating shared instance of singleton bean 'spring.jdbc-org.springframework.boot.autoconfigure.jdbc.JdbcProperties'
14:03:39.672 [main] DEBUG org.springframework.beans.factory.support.DefaultListableBeanFactory - Creating instance of bean 'spring.jdbc-org.springframework.boot.autoconfigure.jdbc.JdbcProperties'
14:03:39.672 [main] DEBUG org.springframework.beans.factory.support.DefaultListableBeanFactory - Returning cached instance of singleton bean 'org.springframework.transaction.config.internalTransactionAdvisor'
14:03:39.673 [main] DEBUG org.springframework.beans.factory.support.DefaultListableBeanFactory - Eagerly caching bean 'spring.jdbc-org.springframework.boot.autoconfigure.jdbc.JdbcProperties' to allow for resolving potential circular references
14:03:39.674 [main] DEBUG org.springframework.beans.factory.support.DefaultListableBeanFactory - Returning cached instance of singleton bean 'org.springframework.transaction.config.internalTransactionAdvisor'
14:03:39.674 [main] DEBUG org.springframework.beans.factory.support.DefaultListableBeanFactory - Returning cached instance of singleton bean 'org.springframework.transaction.config.internalTransactionAdvisor'
14:03:39.675 [main] DEBUG org.springframework.beans.factory.support.DefaultListableBeanFactory - Finished creating instance of bean 'spring.jdbc-org.springframework.boot.autoconfigure.jdbc.JdbcProperties'
14:03:39.675 [main] DEBUG org.springframework.beans.factory.support.DefaultListableBeanFactory - Autowiring by type from bean name 'org.springframework.boot.autoconfigure.jdbc.JdbcTemplateAutoConfiguration$JdbcTemplateConfiguration' via constructor to bean named 'dataSource'
14:03:39.675 [main] DEBUG org.springframework.beans.factory.support.DefaultListableBeanFactory - Autowiring by type from bean name 'org.springframework.boot.autoconfigure.jdbc.JdbcTemplateAutoConfiguration$JdbcTemplateConfiguration' via constructor to bean named 'spring.jdbc-org.springframework.boot.autoconfigure.jdbc.JdbcProperties'
14:03:39.676 [main] DEBUG org.springframework.beans.factory.support.DefaultListableBeanFactory - Eagerly caching bean 'org.springframework.boot.autoconfigure.jdbc.JdbcTemplateAutoConfiguration$JdbcTemplateConfiguration' to allow for resolving potential circular references
14:03:39.678 [main] DEBUG org.springframework.beans.factory.support.DefaultListableBeanFactory - Returning cached instance of singleton bean 'org.springframework.transaction.config.internalTransactionAdvisor'
14:03:39.678 [main] DEBUG org.springframework.beans.factory.support.DefaultListableBeanFactory - Returning cached instance of singleton bean 'org.springframework.transaction.config.internalTransactionAdvisor'
14:03:39.679 [main] DEBUG org.springframework.beans.factory.support.DefaultListableBeanFactory - Finished creating instance of bean 'org.springframework.boot.autoconfigure.jdbc.JdbcTemplateAutoConfiguration$JdbcTemplateConfiguration'
14:03:39.680 [main] DEBUG org.springframework.beans.factory.support.DefaultListableBeanFactory - Creating shared instance of singleton bean 'jdbcTemplate'
14:03:39.680 [main] DEBUG org.springframework.beans.factory.support.DefaultListableBeanFactory - Creating instance of bean 'jdbcTemplate'
14:03:39.680 [main] DEBUG org.springframework.beans.factory.support.DefaultListableBeanFactory - Returning cached instance of singleton bean 'org.springframework.transaction.config.internalTransactionAdvisor'
14:03:39.680 [main] DEBUG org.springframework.beans.factory.support.DefaultListableBeanFactory - Returning cached instance of singleton bean 'org.springframework.boot.autoconfigure.jdbc.JdbcTemplateAutoConfiguration$JdbcTemplateConfiguration'
14:03:39.684 [main] DEBUG org.springframework.beans.factory.support.DefaultListableBeanFactory - Eagerly caching bean 'jdbcTemplate' to allow for resolving potential circular references
14:03:39.690 [main] DEBUG org.springframework.beans.factory.support.DefaultListableBeanFactory - Invoking afterPropertiesSet() on bean with name 'jdbcTemplate'
14:03:39.691 [main] DEBUG org.springframework.beans.factory.support.DefaultListableBeanFactory - Returning cached instance of singleton bean 'org.springframework.transaction.config.internalTransactionAdvisor'
14:03:39.691 [main] DEBUG org.springframework.beans.factory.support.DefaultListableBeanFactory - Returning cached instance of singleton bean 'org.springframework.transaction.config.internalTransactionAdvisor'
14:03:39.705 [main] DEBUG org.springframework.beans.factory.support.DefaultListableBeanFactory - Finished creating instance of bean 'jdbcTemplate'
14:03:39.705 [main] DEBUG org.springframework.beans.factory.support.DefaultListableBeanFactory - Creating shared instance of singleton bean 'org.springframework.boot.autoconfigure.jdbc.JdbcTemplateAutoConfiguration$NamedParameterJdbcTemplateConfiguration'
14:03:39.705 [main] DEBUG org.springframework.beans.factory.support.DefaultListableBeanFactory - Creating instance of bean 'org.springframework.boot.autoconfigure.jdbc.JdbcTemplateAutoConfiguration$NamedParameterJdbcTemplateConfiguration'
14:03:39.705 [main] DEBUG org.springframework.beans.factory.support.DefaultListableBeanFactory - Returning cached instance of singleton bean 'org.springframework.transaction.config.internalTransactionAdvisor'
14:03:39.705 [main] DEBUG org.springframework.beans.factory.support.DefaultListableBeanFactory - Eagerly caching bean 'org.springframework.boot.autoconfigure.jdbc.JdbcTemplateAutoConfiguration$NamedParameterJdbcTemplateConfiguration' to allow for resolving potential circular references
14:03:39.707 [main] DEBUG org.springframework.beans.factory.support.DefaultListableBeanFactory - Returning cached instance of singleton bean 'org.springframework.transaction.config.internalTransactionAdvisor'
14:03:39.707 [main] DEBUG org.springframework.beans.factory.support.DefaultListableBeanFactory - Returning cached instance of singleton bean 'org.springframework.transaction.config.internalTransactionAdvisor'
14:03:39.709 [main] DEBUG org.springframework.beans.factory.support.DefaultListableBeanFactory - Finished creating instance of bean 'org.springframework.boot.autoconfigure.jdbc.JdbcTemplateAutoConfiguration$NamedParameterJdbcTemplateConfiguration'
14:03:39.709 [main] DEBUG org.springframework.beans.factory.support.DefaultListableBeanFactory - Creating shared instance of singleton bean 'namedParameterJdbcTemplate'
14:03:39.709 [main] DEBUG org.springframework.beans.factory.support.DefaultListableBeanFactory - Creating instance of bean 'namedParameterJdbcTemplate'
14:03:39.709 [main] DEBUG org.springframework.beans.factory.support.DefaultListableBeanFactory - Returning cached instance of singleton bean 'org.springframework.transaction.config.internalTransactionAdvisor'
14:03:39.709 [main] DEBUG org.springframework.beans.factory.support.DefaultListableBeanFactory - Returning cached instance of singleton bean 'org.springframework.boot.autoconfigure.jdbc.JdbcTemplateAutoConfiguration$NamedParameterJdbcTemplateConfiguration'
14:03:39.710 [main] DEBUG org.springframework.beans.factory.support.DefaultListableBeanFactory - Returning cached instance of singleton bean 'jdbcTemplate'
14:03:39.710 [main] DEBUG org.springframework.beans.factory.support.DefaultListableBeanFactory - Autowiring by type from bean name 'namedParameterJdbcTemplate' via factory method to bean named 'jdbcTemplate'
14:03:39.715 [main] DEBUG org.springframework.beans.factory.support.DefaultListableBeanFactory - Eagerly caching bean 'namedParameterJdbcTemplate' to allow for resolving potential circular references
14:03:39.720 [main] DEBUG org.springframework.beans.factory.support.DefaultListableBeanFactory - Returning cached instance of singleton bean 'org.springframework.transaction.config.internalTransactionAdvisor'
14:03:39.720 [main] DEBUG org.springframework.beans.factory.support.DefaultListableBeanFactory - Returning cached instance of singleton bean 'org.springframework.transaction.config.internalTransactionAdvisor'
14:03:39.726 [main] DEBUG org.springframework.beans.factory.support.DefaultListableBeanFactory - Finished creating instance of bean 'namedParameterJdbcTemplate'
14:03:39.726 [main] DEBUG org.springframework.beans.factory.support.DefaultListableBeanFactory - Creating shared instance of singleton bean 'org.springframework.boot.autoconfigure.jdbc.JdbcTemplateAutoConfiguration'
14:03:39.726 [main] DEBUG org.springframework.beans.factory.support.DefaultListableBeanFactory - Creating instance of bean 'org.springframework.boot.autoconfigure.jdbc.JdbcTemplateAutoConfiguration'
14:03:39.726 [main] DEBUG org.springframework.beans.factory.support.DefaultListableBeanFactory - Returning cached instance of singleton bean 'org.springframework.transaction.config.internalTransactionAdvisor'
14:03:39.727 [main] DEBUG org.springframework.beans.factory.support.DefaultListableBeanFactory - Eagerly caching bean 'org.springframework.boot.autoconfigure.jdbc.JdbcTemplateAutoConfiguration' to allow for resolving potential circular references
14:03:39.729 [main] DEBUG org.springframework.beans.factory.support.DefaultListableBeanFactory - Returning cached instance of singleton bean 'org.springframework.transaction.config.internalTransactionAdvisor'
14:03:39.729 [main] DEBUG org.springframework.beans.factory.support.DefaultListableBeanFactory - Returning cached instance of singleton bean 'org.springframework.transaction.config.internalTransactionAdvisor'
14:03:39.729 [main] DEBUG org.springframework.beans.factory.support.DefaultListableBeanFactory - Finished creating instance of bean 'org.springframework.boot.autoconfigure.jdbc.JdbcTemplateAutoConfiguration'
14:03:39.729 [main] DEBUG org.springframework.beans.factory.support.DefaultListableBeanFactory - Returning cached instance of singleton bean 'spring.jdbc-org.springframework.boot.autoconfigure.jdbc.JdbcProperties'
14:03:39.729 [main] DEBUG org.springframework.beans.factory.support.DefaultListableBeanFactory - Creating shared instance of singleton bean 'org.springframework.boot.autoconfigure.security.reactive.ReactiveSecurityAutoConfiguration'
14:03:39.729 [main] DEBUG org.springframework.beans.factory.support.DefaultListableBeanFactory - Creating instance of bean 'org.springframework.boot.autoconfigure.security.reactive.ReactiveSecurityAutoConfiguration'
14:03:39.729 [main] DEBUG org.springframework.beans.factory.support.DefaultListableBeanFactory - Returning cached instance of singleton bean 'org.springframework.transaction.config.internalTransactionAdvisor'
14:03:39.729 [main] DEBUG org.springframework.beans.factory.support.DefaultListableBeanFactory - Eagerly caching bean 'org.springframework.boot.autoconfigure.security.reactive.ReactiveSecurityAutoConfiguration' to allow for resolving potential circular references
14:03:39.731 [main] DEBUG org.springframework.beans.factory.support.DefaultListableBeanFactory - Returning cached instance of singleton bean 'org.springframework.transaction.config.internalTransactionAdvisor'
14:03:39.731 [main] DEBUG org.springframework.beans.factory.support.DefaultListableBeanFactory - Returning cached instance of singleton bean 'org.springframework.transaction.config.internalTransactionAdvisor'
14:03:39.732 [main] DEBUG org.springframework.beans.factory.support.DefaultListableBeanFactory - Finished creating instance of bean 'org.springframework.boot.autoconfigure.security.reactive.ReactiveSecurityAutoConfiguration'
14:03:39.732 [main] DEBUG org.springframework.beans.factory.support.DefaultListableBeanFactory - Creating shared instance of singleton bean 'spring.security-org.springframework.boot.autoconfigure.security.SecurityProperties'
14:03:39.732 [main] DEBUG org.springframework.beans.factory.support.DefaultListableBeanFactory - Creating instance of bean 'spring.security-org.springframework.boot.autoconfigure.security.SecurityProperties'
14:03:39.732 [main] DEBUG org.springframework.beans.factory.support.DefaultListableBeanFactory - Returning cached instance of singleton bean 'org.springframework.transaction.config.internalTransactionAdvisor'
14:03:39.733 [main] DEBUG org.springframework.beans.factory.support.DefaultListableBeanFactory - Eagerly caching bean 'spring.security-org.springframework.boot.autoconfigure.security.SecurityProperties' to allow for resolving potential circular references
14:03:39.735 [main] DEBUG org.springframework.beans.factory.support.DefaultListableBeanFactory - Returning cached instance of singleton bean 'org.springframework.transaction.config.internalTransactionAdvisor'
14:03:39.735 [main] DEBUG org.springframework.beans.factory.support.DefaultListableBeanFactory - Returning cached instance of singleton bean 'org.springframework.transaction.config.internalTransactionAdvisor'
14:03:39.736 [main] DEBUG org.springframework.beans.factory.support.DefaultListableBeanFactory - Finished creating instance of bean 'spring.security-org.springframework.boot.autoconfigure.security.SecurityProperties'
14:03:39.736 [main] DEBUG org.springframework.beans.factory.support.DefaultListableBeanFactory - Creating shared instance of singleton bean 'org.springframework.boot.autoconfigure.thymeleaf.ThymeleafAutoConfiguration$ThymeleafJava8TimeDialect'
14:03:39.736 [main] DEBUG org.springframework.beans.factory.support.DefaultListableBeanFactory - Creating instance of bean 'org.springframework.boot.autoconfigure.thymeleaf.ThymeleafAutoConfiguration$ThymeleafJava8TimeDialect'
14:03:39.736 [main] DEBUG org.springframework.beans.factory.support.DefaultListableBeanFactory - Returning cached instance of singleton bean 'org.springframework.transaction.config.internalTransactionAdvisor'
14:03:39.736 [main] DEBUG org.springframework.beans.factory.support.DefaultListableBeanFactory - Eagerly caching bean 'org.springframework.boot.autoconfigure.thymeleaf.ThymeleafAutoConfiguration$ThymeleafJava8TimeDialect' to allow for resolving potential circular references
14:03:39.738 [main] DEBUG org.springframework.beans.factory.support.DefaultListableBeanFactory - Returning cached instance of singleton bean 'org.springframework.transaction.config.internalTransactionAdvisor'
14:03:39.738 [main] DEBUG org.springframework.beans.factory.support.DefaultListableBeanFactory - Returning cached instance of singleton bean 'org.springframework.transaction.config.internalTransactionAdvisor'
14:03:39.740 [main] DEBUG org.springframework.beans.factory.support.DefaultListableBeanFactory - Finished creating instance of bean 'org.springframework.boot.autoconfigure.thymeleaf.ThymeleafAutoConfiguration$ThymeleafJava8TimeDialect'
14:03:39.740 [main] DEBUG org.springframework.beans.factory.support.DefaultListableBeanFactory - Creating shared instance of singleton bean 'java8TimeDialect'
14:03:39.740 [main] DEBUG org.springframework.beans.factory.support.DefaultListableBeanFactory - Creating instance of bean 'java8TimeDialect'
14:03:39.740 [main] DEBUG org.springframework.beans.factory.support.DefaultListableBeanFactory - Returning cached instance of singleton bean 'org.springframework.transaction.config.internalTransactionAdvisor'
14:03:39.740 [main] DEBUG org.springframework.beans.factory.support.DefaultListableBeanFactory - Returning cached instance of singleton bean 'org.springframework.boot.autoconfigure.thymeleaf.ThymeleafAutoConfiguration$ThymeleafJava8TimeDialect'
14:03:39.743 [main] DEBUG org.springframework.beans.factory.support.DefaultListableBeanFactory - Eagerly caching bean 'java8TimeDialect' to allow for resolving potential circular references
14:03:39.746 [main] DEBUG org.springframework.beans.factory.support.DefaultListableBeanFactory - Returning cached instance of singleton bean 'org.springframework.transaction.config.internalTransactionAdvisor'
14:03:39.746 [main] DEBUG org.springframework.beans.factory.support.DefaultListableBeanFactory - Returning cached instance of singleton bean 'org.springframework.transaction.config.internalTransactionAdvisor'
14:03:39.748 [main] DEBUG org.springframework.beans.factory.support.DefaultListableBeanFactory - Finished creating instance of bean 'java8TimeDialect'
14:03:39.748 [main] DEBUG org.springframework.beans.factory.support.DefaultListableBeanFactory - Creating shared instance of singleton bean 'org.springframework.boot.autoconfigure.thymeleaf.ThymeleafAutoConfiguration$ThymeleafDefaultConfiguration'
14:03:39.748 [main] DEBUG org.springframework.beans.factory.support.DefaultListableBeanFactory - Creating instance of bean 'org.springframework.boot.autoconfigure.thymeleaf.ThymeleafAutoConfiguration$ThymeleafDefaultConfiguration'
14:03:39.748 [main] DEBUG org.springframework.beans.factory.support.DefaultListableBeanFactory - Returning cached instance of singleton bean 'org.springframework.transaction.config.internalTransactionAdvisor'
14:03:39.748 [main] DEBUG org.springframework.core.LocalVariableTableParameterNameDiscoverer - Cannot find '.class' file for class [class org.springframework.boot.autoconfigure.thymeleaf.ThymeleafAutoConfiguration$ThymeleafDefaultConfiguration$$EnhancerBySpringCGLIB$$83f82004] - unable to determine constructor/method parameter names
14:03:39.750 [main] DEBUG org.springframework.beans.factory.support.DefaultListableBeanFactory - Creating shared instance of singleton bean 'spring.thymeleaf-org.springframework.boot.autoconfigure.thymeleaf.ThymeleafProperties'
14:03:39.750 [main] DEBUG org.springframework.beans.factory.support.DefaultListableBeanFactory - Creating instance of bean 'spring.thymeleaf-org.springframework.boot.autoconfigure.thymeleaf.ThymeleafProperties'
14:03:39.750 [main] DEBUG org.springframework.beans.factory.support.DefaultListableBeanFactory - Returning cached instance of singleton bean 'org.springframework.transaction.config.internalTransactionAdvisor'
14:03:39.750 [main] DEBUG org.springframework.beans.factory.support.DefaultListableBeanFactory - Eagerly caching bean 'spring.thymeleaf-org.springframework.boot.autoconfigure.thymeleaf.ThymeleafProperties' to allow for resolving potential circular references
14:03:39.752 [main] DEBUG org.springframework.beans.factory.support.DefaultListableBeanFactory - Returning cached instance of singleton bean 'org.springframework.transaction.config.internalTransactionAdvisor'
14:03:39.752 [main] DEBUG org.springframework.beans.factory.support.DefaultListableBeanFactory - Returning cached instance of singleton bean 'org.springframework.transaction.config.internalTransactionAdvisor'
14:03:39.754 [main] DEBUG org.springframework.beans.factory.support.DefaultListableBeanFactory - Finished creating instance of bean 'spring.thymeleaf-org.springframework.boot.autoconfigure.thymeleaf.ThymeleafProperties'
14:03:39.755 [main] DEBUG org.springframework.beans.factory.support.DefaultListableBeanFactory - Creating shared instance of singleton bean 'defaultTemplateResolver'
14:03:39.755 [main] DEBUG org.springframework.beans.factory.support.DefaultListableBeanFactory - Creating instance of bean 'defaultTemplateResolver'
14:03:39.755 [main] DEBUG org.springframework.beans.factory.support.DefaultListableBeanFactory - Returning cached instance of singleton bean 'org.springframework.transaction.config.internalTransactionAdvisor'
14:03:39.755 [main] DEBUG org.springframework.beans.factory.support.DefaultListableBeanFactory - Creating shared instance of singleton bean 'org.springframework.boot.autoconfigure.thymeleaf.ThymeleafAutoConfiguration$DefaultTemplateResolverConfiguration'
14:03:39.755 [main] DEBUG org.springframework.beans.factory.support.DefaultListableBeanFactory - Creating instance of bean 'org.springframework.boot.autoconfigure.thymeleaf.ThymeleafAutoConfiguration$DefaultTemplateResolverConfiguration'
14:03:39.755 [main] DEBUG org.springframework.beans.factory.support.DefaultListableBeanFactory - Returning cached instance of singleton bean 'org.springframework.transaction.config.internalTransactionAdvisor'
14:03:39.755 [main] DEBUG org.springframework.core.LocalVariableTableParameterNameDiscoverer - Cannot find '.class' file for class [class org.springframework.boot.autoconfigure.thymeleaf.ThymeleafAutoConfiguration$DefaultTemplateResolverConfiguration$$EnhancerBySpringCGLIB$$4228a55b] - unable to determine constructor/method parameter names
14:03:39.755 [main] DEBUG org.springframework.beans.factory.support.DefaultListableBeanFactory - Returning cached instance of singleton bean 'spring.thymeleaf-org.springframework.boot.autoconfigure.thymeleaf.ThymeleafProperties'
14:03:39.755 [main] DEBUG org.springframework.beans.factory.support.DefaultListableBeanFactory - Autowiring by type from bean name 'org.springframework.boot.autoconfigure.thymeleaf.ThymeleafAutoConfiguration$DefaultTemplateResolverConfiguration' via constructor to bean named 'spring.thymeleaf-org.springframework.boot.autoconfigure.thymeleaf.ThymeleafProperties'
14:03:39.755 [main] DEBUG org.springframework.beans.factory.support.DefaultListableBeanFactory - Autowiring by type from bean name 'org.springframework.boot.autoconfigure.thymeleaf.ThymeleafAutoConfiguration$DefaultTemplateResolverConfiguration' via constructor to bean named 'org.springframework.context.support.GenericApplicationContext@2a1edad4'
14:03:39.756 [main] DEBUG org.springframework.context.annotation.CommonAnnotationBeanPostProcessor - Found init method on class [org.springframework.boot.autoconfigure.thymeleaf.ThymeleafAutoConfiguration$DefaultTemplateResolverConfiguration$$EnhancerBySpringCGLIB$$4228a55b]: public void org.springframework.boot.autoconfigure.thymeleaf.ThymeleafAutoConfiguration$DefaultTemplateResolverConfiguration.checkTemplateLocationExists()
14:03:39.756 [main] DEBUG org.springframework.context.annotation.CommonAnnotationBeanPostProcessor - Registered init method on class [org.springframework.boot.autoconfigure.thymeleaf.ThymeleafAutoConfiguration$DefaultTemplateResolverConfiguration$$EnhancerBySpringCGLIB$$4228a55b]: org.springframework.beans.factory.annotation.InitDestroyAnnotationBeanPostProcessor$LifecycleElement@7bbfab3
14:03:39.756 [main] DEBUG org.springframework.beans.factory.support.DefaultListableBeanFactory - Eagerly caching bean 'org.springframework.boot.autoconfigure.thymeleaf.ThymeleafAutoConfiguration$DefaultTemplateResolverConfiguration' to allow for resolving potential circular references
14:03:39.757 [main] DEBUG org.springframework.context.annotation.CommonAnnotationBeanPostProcessor - Invoking init method on bean 'org.springframework.boot.autoconfigure.thymeleaf.ThymeleafAutoConfiguration$DefaultTemplateResolverConfiguration': public void org.springframework.boot.autoconfigure.thymeleaf.ThymeleafAutoConfiguration$DefaultTemplateResolverConfiguration.checkTemplateLocationExists()
14:03:39.758 [main] DEBUG org.springframework.core.io.support.PathMatchingResourcePatternResolver - Resolved classpath location [/templates/] to resources []
14:03:39.758 [main] WARN org.springframework.boot.autoconfigure.thymeleaf.ThymeleafAutoConfiguration$DefaultTemplateResolverConfiguration - Cannot find template location: classpath:/templates/ (please add some templates or check your Thymeleaf configuration)
14:03:39.758 [main] DEBUG org.springframework.beans.factory.support.DefaultListableBeanFactory - Returning cached instance of singleton bean 'org.springframework.transaction.config.internalTransactionAdvisor'
14:03:39.758 [main] DEBUG org.springframework.beans.factory.support.DefaultListableBeanFactory - Returning cached instance of singleton bean 'org.springframework.transaction.config.internalTransactionAdvisor'
14:03:39.760 [main] DEBUG org.springframework.beans.factory.support.DefaultListableBeanFactory - Finished creating instance of bean 'org.springframework.boot.autoconfigure.thymeleaf.ThymeleafAutoConfiguration$DefaultTemplateResolverConfiguration'
14:03:39.765 [main] DEBUG org.springframework.beans.factory.support.DefaultListableBeanFactory - Eagerly caching bean 'defaultTemplateResolver' to allow for resolving potential circular references
14:03:39.772 [main] DEBUG org.springframework.beans.factory.support.DefaultListableBeanFactory - Returning cached instance of singleton bean 'org.springframework.transaction.config.internalTransactionAdvisor'
14:03:39.772 [main] DEBUG org.springframework.beans.factory.support.DefaultListableBeanFactory - Returning cached instance of singleton bean 'org.springframework.transaction.config.internalTransactionAdvisor'
14:03:39.780 [main] DEBUG org.springframework.beans.factory.support.DefaultListableBeanFactory - Finished creating instance of bean 'defaultTemplateResolver'
14:03:39.780 [main] DEBUG org.springframework.beans.factory.support.DefaultListableBeanFactory - Autowiring by type from bean name 'org.springframework.boot.autoconfigure.thymeleaf.ThymeleafAutoConfiguration$ThymeleafDefaultConfiguration' via constructor to bean named 'spring.thymeleaf-org.springframework.boot.autoconfigure.thymeleaf.ThymeleafProperties'
14:03:39.780 [main] DEBUG org.springframework.beans.factory.support.DefaultListableBeanFactory - Autowiring by type from bean name 'org.springframework.boot.autoconfigure.thymeleaf.ThymeleafAutoConfiguration$ThymeleafDefaultConfiguration' via constructor to bean named 'defaultTemplateResolver'
14:03:39.781 [main] DEBUG org.springframework.beans.factory.support.DefaultListableBeanFactory - Returning cached instance of singleton bean 'java8TimeDialect'
14:03:39.781 [main] DEBUG org.springframework.beans.factory.support.DefaultListableBeanFactory - Eagerly caching bean 'org.springframework.boot.autoconfigure.thymeleaf.ThymeleafAutoConfiguration$ThymeleafDefaultConfiguration' to allow for resolving potential circular references
14:03:39.783 [main] DEBUG org.springframework.beans.factory.support.DefaultListableBeanFactory - Returning cached instance of singleton bean 'org.springframework.transaction.config.internalTransactionAdvisor'
14:03:39.783 [main] DEBUG org.springframework.beans.factory.support.DefaultListableBeanFactory - Returning cached instance of singleton bean 'org.springframework.transaction.config.internalTransactionAdvisor'
14:03:39.785 [main] DEBUG org.springframework.beans.factory.support.DefaultListableBeanFactory - Finished creating instance of bean 'org.springframework.boot.autoconfigure.thymeleaf.ThymeleafAutoConfiguration$ThymeleafDefaultConfiguration'
14:03:39.785 [main] DEBUG org.springframework.beans.factory.support.DefaultListableBeanFactory - Creating shared instance of singleton bean 'templateEngine'
14:03:39.785 [main] DEBUG org.springframework.beans.factory.support.DefaultListableBeanFactory - Creating instance of bean 'templateEngine'
14:03:39.785 [main] DEBUG org.springframework.beans.factory.support.DefaultListableBeanFactory - Returning cached instance of singleton bean 'org.springframework.transaction.config.internalTransactionAdvisor'
14:03:39.785 [main] DEBUG org.springframework.beans.factory.support.DefaultListableBeanFactory - Returning cached instance of singleton bean 'org.springframework.boot.autoconfigure.thymeleaf.ThymeleafAutoConfiguration$ThymeleafDefaultConfiguration'
14:03:39.798 [main] DEBUG org.springframework.beans.factory.support.DefaultListableBeanFactory - Eagerly caching bean 'templateEngine' to allow for resolving potential circular references
14:03:39.803 [main] DEBUG org.springframework.beans.factory.support.DefaultListableBeanFactory - Returning cached instance of singleton bean 'org.springframework.transaction.config.internalTransactionAdvisor'
14:03:39.803 [main] DEBUG org.springframework.beans.factory.support.DefaultListableBeanFactory - Returning cached instance of singleton bean 'org.springframework.transaction.config.internalTransactionAdvisor'
14:03:39.810 [main] DEBUG org.springframework.beans.factory.support.DefaultListableBeanFactory - Finished creating instance of bean 'templateEngine'
14:03:39.810 [main] DEBUG org.springframework.beans.factory.support.DefaultListableBeanFactory - Returning cached instance of singleton bean 'org.springframework.boot.autoconfigure.thymeleaf.ThymeleafAutoConfiguration$DefaultTemplateResolverConfiguration'
14:03:39.810 [main] DEBUG org.springframework.beans.factory.support.DefaultListableBeanFactory - Returning cached instance of singleton bean 'defaultTemplateResolver'
14:03:39.810 [main] DEBUG org.springframework.beans.factory.support.DefaultListableBeanFactory - Creating shared instance of singleton bean 'org.springframework.boot.autoconfigure.thymeleaf.ThymeleafAutoConfiguration'
14:03:39.810 [main] DEBUG org.springframework.beans.factory.support.DefaultListableBeanFactory - Creating instance of bean 'org.springframework.boot.autoconfigure.thymeleaf.ThymeleafAutoConfiguration'
14:03:39.810 [main] DEBUG org.springframework.beans.factory.support.DefaultListableBeanFactory - Returning cached instance of singleton bean 'org.springframework.transaction.config.internalTransactionAdvisor'
14:03:39.810 [main] DEBUG org.springframework.beans.factory.support.DefaultListableBeanFactory - Eagerly caching bean 'org.springframework.boot.autoconfigure.thymeleaf.ThymeleafAutoConfiguration' to allow for resolving potential circular references
14:03:39.812 [main] DEBUG org.springframework.beans.factory.support.DefaultListableBeanFactory - Returning cached instance of singleton bean 'org.springframework.transaction.config.internalTransactionAdvisor'
14:03:39.812 [main] DEBUG org.springframework.beans.factory.support.DefaultListableBeanFactory - Returning cached instance of singleton bean 'org.springframework.transaction.config.internalTransactionAdvisor'
14:03:39.812 [main] DEBUG org.springframework.beans.factory.support.DefaultListableBeanFactory - Finished creating instance of bean 'org.springframework.boot.autoconfigure.thymeleaf.ThymeleafAutoConfiguration'
14:03:39.812 [main] DEBUG org.springframework.beans.factory.support.DefaultListableBeanFactory - Returning cached instance of singleton bean 'spring.thymeleaf-org.springframework.boot.autoconfigure.thymeleaf.ThymeleafProperties'
14:03:39.812 [main] DEBUG org.springframework.beans.factory.support.DefaultListableBeanFactory - Creating shared instance of singleton bean 'org.springframework.boot.autoconfigure.jdbc.DataSourceTransactionManagerAutoConfiguration$DataSourceTransactionManagerConfiguration'
14:03:39.812 [main] DEBUG org.springframework.beans.factory.support.DefaultListableBeanFactory - Creating instance of bean 'org.springframework.boot.autoconfigure.jdbc.DataSourceTransactionManagerAutoConfiguration$DataSourceTransactionManagerConfiguration'
14:03:39.812 [main] DEBUG org.springframework.beans.factory.support.DefaultListableBeanFactory - Returning cached instance of singleton bean 'org.springframework.transaction.config.internalTransactionAdvisor'
14:03:39.813 [main] DEBUG org.springframework.core.LocalVariableTableParameterNameDiscoverer - Cannot find '.class' file for class [class org.springframework.boot.autoconfigure.jdbc.DataSourceTransactionManagerAutoConfiguration$DataSourceTransactionManagerConfiguration$$EnhancerBySpringCGLIB$$723075d7] - unable to determine constructor/method parameter names
14:03:39.813 [main] DEBUG org.springframework.beans.factory.support.DefaultListableBeanFactory - Returning cached instance of singleton bean 'dataSource'
14:03:39.813 [main] DEBUG org.springframework.beans.factory.support.DefaultListableBeanFactory - Autowiring by type from bean name 'org.springframework.boot.autoconfigure.jdbc.DataSourceTransactionManagerAutoConfiguration$DataSourceTransactionManagerConfiguration' via constructor to bean named 'dataSource'
14:03:39.813 [main] DEBUG org.springframework.beans.factory.support.DefaultListableBeanFactory - Returning cached instance of singleton bean 'platformTransactionManagerCustomizers'
14:03:39.814 [main] DEBUG org.springframework.beans.factory.support.DefaultListableBeanFactory - Eagerly caching bean 'org.springframework.boot.autoconfigure.jdbc.DataSourceTransactionManagerAutoConfiguration$DataSourceTransactionManagerConfiguration' to allow for resolving potential circular references
14:03:39.816 [main] DEBUG org.springframework.beans.factory.support.DefaultListableBeanFactory - Returning cached instance of singleton bean 'org.springframework.transaction.config.internalTransactionAdvisor'
14:03:39.816 [main] DEBUG org.springframework.beans.factory.support.DefaultListableBeanFactory - Returning cached instance of singleton bean 'org.springframework.transaction.config.internalTransactionAdvisor'
14:03:39.818 [main] DEBUG org.springframework.beans.factory.support.DefaultListableBeanFactory - Finished creating instance of bean 'org.springframework.boot.autoconfigure.jdbc.DataSourceTransactionManagerAutoConfiguration$DataSourceTransactionManagerConfiguration'
14:03:39.818 [main] DEBUG org.springframework.beans.factory.support.DefaultListableBeanFactory - Creating shared instance of singleton bean 'org.springframework.boot.autoconfigure.jdbc.DataSourceTransactionManagerAutoConfiguration'
14:03:39.818 [main] DEBUG org.springframework.beans.factory.support.DefaultListableBeanFactory - Creating instance of bean 'org.springframework.boot.autoconfigure.jdbc.DataSourceTransactionManagerAutoConfiguration'
14:03:39.818 [main] DEBUG org.springframework.beans.factory.support.DefaultListableBeanFactory - Returning cached instance of singleton bean 'org.springframework.transaction.config.internalTransactionAdvisor'
14:03:39.818 [main] DEBUG org.springframework.beans.factory.support.DefaultListableBeanFactory - Eagerly caching bean 'org.springframework.boot.autoconfigure.jdbc.DataSourceTransactionManagerAutoConfiguration' to allow for resolving potential circular references
14:03:39.820 [main] DEBUG org.springframework.beans.factory.support.DefaultListableBeanFactory - Returning cached instance of singleton bean 'org.springframework.transaction.config.internalTransactionAdvisor'
14:03:39.820 [main] DEBUG org.springframework.beans.factory.support.DefaultListableBeanFactory - Returning cached instance of singleton bean 'org.springframework.transaction.config.internalTransactionAdvisor'
14:03:39.821 [main] DEBUG org.springframework.beans.factory.support.DefaultListableBeanFactory - Finished creating instance of bean 'org.springframework.boot.autoconfigure.jdbc.DataSourceTransactionManagerAutoConfiguration'
14:03:39.821 [main] DEBUG org.springframework.beans.factory.support.DefaultListableBeanFactory - Returning cached instance of singleton bean 'org.springframework.transaction.annotation.ProxyTransactionManagementConfiguration'
14:03:39.821 [main] DEBUG org.springframework.beans.factory.support.DefaultListableBeanFactory - Returning cached instance of singleton bean 'org.springframework.transaction.config.internalTransactionAdvisor'
14:03:39.821 [main] DEBUG org.springframework.beans.factory.support.DefaultListableBeanFactory - Returning cached instance of singleton bean 'transactionAttributeSource'
14:03:39.821 [main] DEBUG org.springframework.beans.factory.support.DefaultListableBeanFactory - Returning cached instance of singleton bean 'transactionInterceptor'
14:03:39.821 [main] DEBUG org.springframework.beans.factory.support.DefaultListableBeanFactory - Creating shared instance of singleton bean 'org.springframework.transaction.config.internalTransactionalEventListenerFactory'
14:03:39.821 [main] DEBUG org.springframework.beans.factory.support.DefaultListableBeanFactory - Creating instance of bean 'org.springframework.transaction.config.internalTransactionalEventListenerFactory'
14:03:39.821 [main] DEBUG org.springframework.beans.factory.support.DefaultListableBeanFactory - Returning cached instance of singleton bean 'org.springframework.transaction.config.internalTransactionAdvisor'
14:03:39.821 [main] DEBUG org.springframework.beans.factory.support.DefaultListableBeanFactory - Returning cached instance of singleton bean 'org.springframework.transaction.annotation.ProxyTransactionManagementConfiguration'
14:03:39.822 [main] DEBUG org.springframework.beans.factory.support.DefaultListableBeanFactory - Eagerly caching bean 'org.springframework.transaction.config.internalTransactionalEventListenerFactory' to allow for resolving potential circular references
14:03:39.823 [main] DEBUG org.springframework.beans.factory.support.DefaultListableBeanFactory - Returning cached instance of singleton bean 'org.springframework.transaction.config.internalTransactionAdvisor'
14:03:39.823 [main] DEBUG org.springframework.beans.factory.support.DefaultListableBeanFactory - Returning cached instance of singleton bean 'org.springframework.transaction.config.internalTransactionAdvisor'
14:03:39.824 [main] DEBUG org.springframework.beans.factory.support.DefaultListableBeanFactory - Finished creating instance of bean 'org.springframework.transaction.config.internalTransactionalEventListenerFactory'
14:03:39.824 [main] DEBUG org.springframework.beans.factory.support.DefaultListableBeanFactory - Creating shared instance of singleton bean 'org.springframework.boot.autoconfigure.transaction.TransactionAutoConfiguration$EnableTransactionManagementConfiguration$CglibAutoProxyConfiguration'
14:03:39.824 [main] DEBUG org.springframework.beans.factory.support.DefaultListableBeanFactory - Creating instance of bean 'org.springframework.boot.autoconfigure.transaction.TransactionAutoConfiguration$EnableTransactionManagementConfiguration$CglibAutoProxyConfiguration'
14:03:39.824 [main] DEBUG org.springframework.beans.factory.support.DefaultListableBeanFactory - Returning cached instance of singleton bean 'org.springframework.transaction.config.internalTransactionAdvisor'
14:03:39.824 [main] DEBUG org.springframework.beans.factory.support.DefaultListableBeanFactory - Eagerly caching bean 'org.springframework.boot.autoconfigure.transaction.TransactionAutoConfiguration$EnableTransactionManagementConfiguration$CglibAutoProxyConfiguration' to allow for resolving potential circular references
14:03:39.827 [main] DEBUG org.springframework.beans.factory.support.DefaultListableBeanFactory - Returning cached instance of singleton bean 'org.springframework.transaction.config.internalTransactionAdvisor'
14:03:39.827 [main] DEBUG org.springframework.beans.factory.support.DefaultListableBeanFactory - Returning cached instance of singleton bean 'org.springframework.transaction.config.internalTransactionAdvisor'
14:03:39.828 [main] DEBUG org.springframework.beans.factory.support.DefaultListableBeanFactory - Finished creating instance of bean 'org.springframework.boot.autoconfigure.transaction.TransactionAutoConfiguration$EnableTransactionManagementConfiguration$CglibAutoProxyConfiguration'
14:03:39.828 [main] DEBUG org.springframework.beans.factory.support.DefaultListableBeanFactory - Creating shared instance of singleton bean 'org.springframework.boot.autoconfigure.transaction.TransactionAutoConfiguration$EnableTransactionManagementConfiguration'
14:03:39.828 [main] DEBUG org.springframework.beans.factory.support.DefaultListableBeanFactory - Creating instance of bean 'org.springframework.boot.autoconfigure.transaction.TransactionAutoConfiguration$EnableTransactionManagementConfiguration'
14:03:39.828 [main] DEBUG org.springframework.beans.factory.support.DefaultListableBeanFactory - Returning cached instance of singleton bean 'org.springframework.transaction.config.internalTransactionAdvisor'
14:03:39.828 [main] DEBUG org.springframework.beans.factory.support.DefaultListableBeanFactory - Eagerly caching bean 'org.springframework.boot.autoconfigure.transaction.TransactionAutoConfiguration$EnableTransactionManagementConfiguration' to allow for resolving potential circular references
14:03:39.831 [main] DEBUG org.springframework.beans.factory.support.DefaultListableBeanFactory - Returning cached instance of singleton bean 'org.springframework.transaction.config.internalTransactionAdvisor'
14:03:39.831 [main] DEBUG org.springframework.beans.factory.support.DefaultListableBeanFactory - Returning cached instance of singleton bean 'org.springframework.transaction.config.internalTransactionAdvisor'
14:03:39.831 [main] DEBUG org.springframework.beans.factory.support.DefaultListableBeanFactory - Finished creating instance of bean 'org.springframework.boot.autoconfigure.transaction.TransactionAutoConfiguration$EnableTransactionManagementConfiguration'
14:03:39.831 [main] DEBUG org.springframework.beans.factory.support.DefaultListableBeanFactory - Creating shared instance of singleton bean 'org.springframework.boot.autoconfigure.transaction.TransactionAutoConfiguration$TransactionTemplateConfiguration'
14:03:39.831 [main] DEBUG org.springframework.beans.factory.support.DefaultListableBeanFactory - Creating instance of bean 'org.springframework.boot.autoconfigure.transaction.TransactionAutoConfiguration$TransactionTemplateConfiguration'
14:03:39.831 [main] DEBUG org.springframework.beans.factory.support.DefaultListableBeanFactory - Returning cached instance of singleton bean 'org.springframework.transaction.config.internalTransactionAdvisor'
14:03:39.832 [main] DEBUG org.springframework.core.LocalVariableTableParameterNameDiscoverer - Cannot find '.class' file for class [class org.springframework.boot.autoconfigure.transaction.TransactionAutoConfiguration$TransactionTemplateConfiguration$$EnhancerBySpringCGLIB$$c3ba3aaa] - unable to determine constructor/method parameter names
14:03:39.832 [main] DEBUG org.springframework.beans.factory.support.DefaultListableBeanFactory - Returning cached instance of singleton bean 'transactionManager'
14:03:39.832 [main] DEBUG org.springframework.beans.factory.support.DefaultListableBeanFactory - Autowiring by type from bean name 'org.springframework.boot.autoconfigure.transaction.TransactionAutoConfiguration$TransactionTemplateConfiguration' via constructor to bean named 'transactionManager'
14:03:39.832 [main] DEBUG org.springframework.beans.factory.support.DefaultListableBeanFactory - Eagerly caching bean 'org.springframework.boot.autoconfigure.transaction.TransactionAutoConfiguration$TransactionTemplateConfiguration' to allow for resolving potential circular references
14:03:39.835 [main] DEBUG org.springframework.beans.factory.support.DefaultListableBeanFactory - Returning cached instance of singleton bean 'org.springframework.transaction.config.internalTransactionAdvisor'
14:03:39.835 [main] DEBUG org.springframework.beans.factory.support.DefaultListableBeanFactory - Returning cached instance of singleton bean 'org.springframework.transaction.config.internalTransactionAdvisor'
14:03:39.837 [main] DEBUG org.springframework.beans.factory.support.DefaultListableBeanFactory - Finished creating instance of bean 'org.springframework.boot.autoconfigure.transaction.TransactionAutoConfiguration$TransactionTemplateConfiguration'
14:03:39.837 [main] DEBUG org.springframework.beans.factory.support.DefaultListableBeanFactory - Creating shared instance of singleton bean 'transactionTemplate'
14:03:39.837 [main] DEBUG org.springframework.beans.factory.support.DefaultListableBeanFactory - Creating instance of bean 'transactionTemplate'
14:03:39.837 [main] DEBUG org.springframework.beans.factory.support.DefaultListableBeanFactory - Returning cached instance of singleton bean 'org.springframework.transaction.config.internalTransactionAdvisor'
14:03:39.837 [main] DEBUG org.springframework.beans.factory.support.DefaultListableBeanFactory - Returning cached instance of singleton bean 'org.springframework.boot.autoconfigure.transaction.TransactionAutoConfiguration$TransactionTemplateConfiguration'
14:03:39.840 [main] DEBUG org.springframework.beans.factory.support.DefaultListableBeanFactory - Eagerly caching bean 'transactionTemplate' to allow for resolving potential circular references
14:03:39.844 [main] DEBUG org.springframework.beans.factory.support.DefaultListableBeanFactory - Invoking afterPropertiesSet() on bean with name 'transactionTemplate'
14:03:39.844 [main] DEBUG org.springframework.beans.factory.support.DefaultListableBeanFactory - Returning cached instance of singleton bean 'org.springframework.transaction.config.internalTransactionAdvisor'
14:03:39.844 [main] DEBUG org.springframework.beans.factory.support.DefaultListableBeanFactory - Returning cached instance of singleton bean 'org.springframework.transaction.config.internalTransactionAdvisor'
14:03:39.848 [main] DEBUG org.springframework.beans.factory.support.DefaultListableBeanFactory - Finished creating instance of bean 'transactionTemplate'
14:03:39.848 [main] DEBUG org.springframework.beans.factory.support.DefaultListableBeanFactory - Returning cached instance of singleton bean 'org.springframework.boot.autoconfigure.transaction.TransactionAutoConfiguration'
14:03:39.848 [main] DEBUG org.springframework.beans.factory.support.DefaultListableBeanFactory - Returning cached instance of singleton bean 'platformTransactionManagerCustomizers'
14:03:39.848 [main] DEBUG org.springframework.beans.factory.support.DefaultListableBeanFactory - Returning cached instance of singleton bean 'spring.transaction-org.springframework.boot.autoconfigure.transaction.TransactionProperties'
14:03:39.848 [main] DEBUG org.springframework.beans.factory.support.DefaultListableBeanFactory - Creating shared instance of singleton bean 'org.springframework.boot.autoconfigure.web.client.RestTemplateAutoConfiguration'
14:03:39.848 [main] DEBUG org.springframework.beans.factory.support.DefaultListableBeanFactory - Creating instance of bean 'org.springframework.boot.autoconfigure.web.client.RestTemplateAutoConfiguration'
14:03:39.848 [main] DEBUG org.springframework.beans.factory.support.DefaultListableBeanFactory - Returning cached instance of singleton bean 'org.springframework.transaction.config.internalTransactionAdvisor'
14:03:39.848 [main] DEBUG org.springframework.core.LocalVariableTableParameterNameDiscoverer - Cannot find '.class' file for class [class org.springframework.boot.autoconfigure.web.client.RestTemplateAutoConfiguration$$EnhancerBySpringCGLIB$$6045d6e9] - unable to determine constructor/method parameter names
14:03:39.849 [main] DEBUG org.springframework.beans.factory.support.DefaultListableBeanFactory - Eagerly caching bean 'org.springframework.boot.autoconfigure.web.client.RestTemplateAutoConfiguration' to allow for resolving potential circular references
14:03:39.852 [main] DEBUG org.springframework.beans.factory.support.DefaultListableBeanFactory - Returning cached instance of singleton bean 'org.springframework.transaction.config.internalTransactionAdvisor'
14:03:39.852 [main] DEBUG org.springframework.beans.factory.support.DefaultListableBeanFactory - Returning cached instance of singleton bean 'org.springframework.transaction.config.internalTransactionAdvisor'
14:03:39.853 [main] DEBUG org.springframework.beans.factory.support.DefaultListableBeanFactory - Finished creating instance of bean 'org.springframework.boot.autoconfigure.web.client.RestTemplateAutoConfiguration'
14:03:39.853 [main] DEBUG org.springframework.beans.factory.support.DefaultListableBeanFactory - Creating shared instance of singleton bean 'restTemplateBuilder'
14:03:39.853 [main] DEBUG org.springframework.beans.factory.support.DefaultListableBeanFactory - Creating instance of bean 'restTemplateBuilder'
14:03:39.853 [main] DEBUG org.springframework.beans.factory.support.DefaultListableBeanFactory - Returning cached instance of singleton bean 'org.springframework.transaction.config.internalTransactionAdvisor'
14:03:39.853 [main] DEBUG org.springframework.beans.factory.support.DefaultListableBeanFactory - Returning cached instance of singleton bean 'org.springframework.boot.autoconfigure.web.client.RestTemplateAutoConfiguration'
14:03:39.857 [main] DEBUG org.springframework.beans.factory.support.DefaultListableBeanFactory - Returning cached instance of singleton bean 'messageConverters'
14:03:39.859 [main] DEBUG org.springframework.beans.factory.support.DefaultListableBeanFactory - Eagerly caching bean 'restTemplateBuilder' to allow for resolving potential circular references
14:03:39.861 [main] DEBUG org.springframework.beans.factory.support.DefaultListableBeanFactory - Returning cached instance of singleton bean 'org.springframework.transaction.config.internalTransactionAdvisor'
14:03:39.861 [main] DEBUG org.springframework.beans.factory.support.DefaultListableBeanFactory - Returning cached instance of singleton bean 'org.springframework.transaction.config.internalTransactionAdvisor'
14:03:39.866 [main] DEBUG org.springframework.beans.factory.support.DefaultListableBeanFactory - Finished creating instance of bean 'restTemplateBuilder'
14:03:39.866 [main] DEBUG org.springframework.beans.factory.support.DefaultListableBeanFactory - Creating shared instance of singleton bean 'org.springframework.boot.autoconfigure.web.embedded.EmbeddedWebServerFactoryCustomizerAutoConfiguration$TomcatWebServerFactoryCustomizerConfiguration'
14:03:39.867 [main] DEBUG org.springframework.beans.factory.support.DefaultListableBeanFactory - Creating instance of bean 'org.springframework.boot.autoconfigure.web.embedded.EmbeddedWebServerFactoryCustomizerAutoConfiguration$TomcatWebServerFactoryCustomizerConfiguration'
14:03:39.867 [main] DEBUG org.springframework.beans.factory.support.DefaultListableBeanFactory - Returning cached instance of singleton bean 'org.springframework.transaction.config.internalTransactionAdvisor'
14:03:39.867 [main] DEBUG org.springframework.beans.factory.support.DefaultListableBeanFactory - Eagerly caching bean 'org.springframework.boot.autoconfigure.web.embedded.EmbeddedWebServerFactoryCustomizerAutoConfiguration$TomcatWebServerFactoryCustomizerConfiguration' to allow for resolving potential circular references
14:03:39.869 [main] DEBUG org.springframework.beans.factory.support.DefaultListableBeanFactory - Returning cached instance of singleton bean 'org.springframework.transaction.config.internalTransactionAdvisor'
14:03:39.869 [main] DEBUG org.springframework.beans.factory.support.DefaultListableBeanFactory - Returning cached instance of singleton bean 'org.springframework.transaction.config.internalTransactionAdvisor'
14:03:39.872 [main] DEBUG org.springframework.beans.factory.support.DefaultListableBeanFactory - Finished creating instance of bean 'org.springframework.boot.autoconfigure.web.embedded.EmbeddedWebServerFactoryCustomizerAutoConfiguration$TomcatWebServerFactoryCustomizerConfiguration'
14:03:39.872 [main] DEBUG org.springframework.beans.factory.support.DefaultListableBeanFactory - Creating shared instance of singleton bean 'tomcatWebServerFactoryCustomizer'
14:03:39.872 [main] DEBUG org.springframework.beans.factory.support.DefaultListableBeanFactory - Creating instance of bean 'tomcatWebServerFactoryCustomizer'
14:03:39.872 [main] DEBUG org.springframework.beans.factory.support.DefaultListableBeanFactory - Returning cached instance of singleton bean 'org.springframework.transaction.config.internalTransactionAdvisor'
14:03:39.872 [main] DEBUG org.springframework.beans.factory.support.DefaultListableBeanFactory - Returning cached instance of singleton bean 'org.springframework.boot.autoconfigure.web.embedded.EmbeddedWebServerFactoryCustomizerAutoConfiguration$TomcatWebServerFactoryCustomizerConfiguration'
14:03:39.872 [main] DEBUG org.springframework.beans.factory.support.DefaultListableBeanFactory - Returning cached instance of singleton bean 'environment'
14:03:39.873 [main] DEBUG org.springframework.beans.factory.support.DefaultListableBeanFactory - Creating shared instance of singleton bean 'server-org.springframework.boot.autoconfigure.web.ServerProperties'
14:03:39.873 [main] DEBUG org.springframework.beans.factory.support.DefaultListableBeanFactory - Creating instance of bean 'server-org.springframework.boot.autoconfigure.web.ServerProperties'
14:03:39.873 [main] DEBUG org.springframework.beans.factory.support.DefaultListableBeanFactory - Returning cached instance of singleton bean 'org.springframework.transaction.config.internalTransactionAdvisor'
14:03:39.877 [main] DEBUG org.springframework.beans.factory.support.DefaultListableBeanFactory - Eagerly caching bean 'server-org.springframework.boot.autoconfigure.web.ServerProperties' to allow for resolving potential circular references
14:03:39.880 [main] DEBUG org.springframework.beans.factory.support.DefaultListableBeanFactory - Returning cached instance of singleton bean 'org.springframework.transaction.config.internalTransactionAdvisor'
14:03:39.880 [main] DEBUG org.springframework.beans.factory.support.DefaultListableBeanFactory - Returning cached instance of singleton bean 'org.springframework.transaction.config.internalTransactionAdvisor'
14:03:39.883 [main] DEBUG org.springframework.beans.factory.support.DefaultListableBeanFactory - Finished creating instance of bean 'server-org.springframework.boot.autoconfigure.web.ServerProperties'
14:03:39.883 [main] DEBUG org.springframework.beans.factory.support.DefaultListableBeanFactory - Autowiring by type from bean name 'tomcatWebServerFactoryCustomizer' via factory method to bean named 'environment'
14:03:39.883 [main] DEBUG org.springframework.beans.factory.support.DefaultListableBeanFactory - Autowiring by type from bean name 'tomcatWebServerFactoryCustomizer' via factory method to bean named 'server-org.springframework.boot.autoconfigure.web.ServerProperties'
14:03:39.889 [main] DEBUG org.springframework.beans.factory.support.DefaultListableBeanFactory - Eagerly caching bean 'tomcatWebServerFactoryCustomizer' to allow for resolving potential circular references
14:03:39.891 [main] DEBUG org.springframework.beans.factory.support.DefaultListableBeanFactory - Returning cached instance of singleton bean 'org.springframework.transaction.config.internalTransactionAdvisor'
14:03:39.891 [main] DEBUG org.springframework.beans.factory.support.DefaultListableBeanFactory - Returning cached instance of singleton bean 'org.springframework.transaction.config.internalTransactionAdvisor'
14:03:39.894 [main] DEBUG org.springframework.beans.factory.support.DefaultListableBeanFactory - Finished creating instance of bean 'tomcatWebServerFactoryCustomizer'
14:03:39.894 [main] DEBUG org.springframework.beans.factory.support.DefaultListableBeanFactory - Creating shared instance of singleton bean 'org.springframework.boot.autoconfigure.web.embedded.EmbeddedWebServerFactoryCustomizerAutoConfiguration'
14:03:39.895 [main] DEBUG org.springframework.beans.factory.support.DefaultListableBeanFactory - Creating instance of bean 'org.springframework.boot.autoconfigure.web.embedded.EmbeddedWebServerFactoryCustomizerAutoConfiguration'
14:03:39.895 [main] DEBUG org.springframework.beans.factory.support.DefaultListableBeanFactory - Returning cached instance of singleton bean 'org.springframework.transaction.config.internalTransactionAdvisor'
14:03:39.895 [main] DEBUG org.springframework.beans.factory.support.DefaultListableBeanFactory - Eagerly caching bean 'org.springframework.boot.autoconfigure.web.embedded.EmbeddedWebServerFactoryCustomizerAutoConfiguration' to allow for resolving potential circular references
14:03:39.897 [main] DEBUG org.springframework.beans.factory.support.DefaultListableBeanFactory - Returning cached instance of singleton bean 'org.springframework.transaction.config.internalTransactionAdvisor'
14:03:39.897 [main] DEBUG org.springframework.beans.factory.support.DefaultListableBeanFactory - Returning cached instance of singleton bean 'org.springframework.transaction.config.internalTransactionAdvisor'
14:03:39.898 [main] DEBUG org.springframework.beans.factory.support.DefaultListableBeanFactory - Finished creating instance of bean 'org.springframework.boot.autoconfigure.web.embedded.EmbeddedWebServerFactoryCustomizerAutoConfiguration'
14:03:39.898 [main] DEBUG org.springframework.beans.factory.support.DefaultListableBeanFactory - Returning cached instance of singleton bean 'server-org.springframework.boot.autoconfigure.web.ServerProperties'
14:03:39.898 [main] DEBUG org.springframework.beans.factory.support.DefaultListableBeanFactory - Returning cached instance of singleton bean 'com.bk.hotel.service.CustomerService#0'
14:03:39.898 [main] DEBUG org.springframework.beans.factory.support.DefaultListableBeanFactory - Returning cached instance of singleton bean 'org.springframework.orm.jpa.SharedEntityManagerCreator#0'
14:03:39.898 [main] DEBUG org.springframework.beans.factory.support.DefaultListableBeanFactory - Returning cached instance of singleton bean 'org.springframework.context.event.internalEventListenerFactory'
14:03:39.898 [main] DEBUG org.springframework.beans.factory.support.DefaultListableBeanFactory - Returning cached instance of singleton bean 'org.springframework.transaction.config.internalTransactionalEventListenerFactory'
14:03:39.923 [main] INFO org.springframework.jmx.export.annotation.AnnotationMBeanExporter - Registering beans for JMX exposure on startup
14:03:39.923 [main] DEBUG org.springframework.jmx.export.annotation.AnnotationMBeanExporter - Autodetecting user-defined JMX MBeans
14:03:39.924 [main] DEBUG org.springframework.beans.factory.support.DefaultListableBeanFactory - Returning cached instance of singleton bean 'dataSource'
14:03:39.924 [main] INFO org.springframework.jmx.export.annotation.AnnotationMBeanExporter - Bean with name 'dataSource' has been autodetected for JMX exposure
14:03:39.929 [main] DEBUG org.springframework.beans.factory.support.DefaultListableBeanFactory - Returning cached instance of singleton bean 'dataSource'
14:03:39.930 [main] INFO org.springframework.jmx.export.annotation.AnnotationMBeanExporter - Located MBean 'dataSource': registering with JMX server as MBean [com.zaxxer.hikari:name=dataSource,type=HikariDataSource]
14:03:39.932 [main] DEBUG org.springframework.context.support.GenericApplicationContext - Unable to locate LifecycleProcessor with name 'lifecycleProcessor': using default [org.springframework.context.support.DefaultLifecycleProcessor@6f2864c3]
14:03:39.933 [main] DEBUG org.springframework.beans.factory.support.DefaultListableBeanFactory - Returning cached instance of singleton bean 'lifecycleProcessor'
14:03:39.937 [main] DEBUG org.springframework.core.env.PropertySourcesPropertyResolver - Could not find key 'spring.liveBeansView.mbeanDomain' in any property source
14:03:39.939 [main] DEBUG org.springframework.test.context.cache.DefaultCacheAwareContextLoaderDelegate - Storing ApplicationContext in cache under key [[MergedContextConfiguration@2c104774 testClass = ITCustomerJUnit5Repo, locations = '{}', classes = '{class com.bk.hotel.HotelApplication}', contextInitializerClasses = '[class com.bk.hotel.repo.ITCustomerJUnit5Repo$Initializer]', activeProfiles = '{}', propertySourceLocations = '{}', propertySourceProperties = '{}', contextCustomizers = set[org.springframework.boot.test.context.filter.ExcludeFilterContextCustomizer@3967e60c, org.springframework.boot.test.json.DuplicateJsonObjectContextCustomizerFactory$DuplicateJsonObjectContextCustomizer@7c0c77c7, org.springframework.boot.test.mock.mockito.MockitoContextCustomizer@dccdf49, org.springframework.boot.test.autoconfigure.properties.PropertyMappingContextCustomizer@0, org.springframework.boot.test.autoconfigure.web.servlet.WebDriverContextCustomizerFactory$Customizer@353d0772], contextLoader = 'org.springframework.test.context.support.DelegatingSmartContextLoader', parent = [null]]]
14:03:39.939 [main] DEBUG org.springframework.test.context.cache - Spring test ApplicationContext cache statistics: [DefaultContextCache@35d81657 size = 1, maxSize = 32, parentContextCount = 0, hitCount = 0, missCount = 1]
14:03:39.940 [main] DEBUG org.springframework.beans.factory.support.DefaultListableBeanFactory - Returning cached instance of singleton bean 'org.springframework.boot.test.mock.mockito.MockitoPostProcessor'
14:03:39.941 [main] DEBUG org.springframework.beans.factory.support.DefaultListableBeanFactory - Returning cached instance of singleton bean 'com.bk.hotel.service.CustomerService#0'
14:03:39.941 [main] DEBUG org.springframework.test.context.support.DependencyInjectionTestExecutionListener - Performing dependency injection for test context [[DefaultTestContext@6f0ca692 testClass = ITCustomerJUnit5Repo, testInstance = com.bk.hotel.repo.ITCustomerJUnit5Repo@104cfb24, testMethod = [null], testException = [null], mergedContextConfiguration = [MergedContextConfiguration@2c104774 testClass = ITCustomerJUnit5Repo, locations = '{}', classes = '{class com.bk.hotel.HotelApplication}', contextInitializerClasses = '[class com.bk.hotel.repo.ITCustomerJUnit5Repo$Initializer]', activeProfiles = '{}', propertySourceLocations = '{}', propertySourceProperties = '{}', contextCustomizers = set[org.springframework.boot.test.context.filter.ExcludeFilterContextCustomizer@3967e60c, org.springframework.boot.test.json.DuplicateJsonObjectContextCustomizerFactory$DuplicateJsonObjectContextCustomizer@7c0c77c7, org.springframework.boot.test.mock.mockito.MockitoContextCustomizer@dccdf49, org.springframework.boot.test.autoconfigure.properties.PropertyMappingContextCustomizer@0, org.springframework.boot.test.autoconfigure.web.servlet.WebDriverContextCustomizerFactory$Customizer@353d0772], contextLoader = 'org.springframework.test.context.support.DelegatingSmartContextLoader', parent = [null]], attributes = map[[empty]]]].
14:03:39.941 [main] DEBUG org.springframework.test.context.cache.DefaultCacheAwareContextLoaderDelegate - Retrieved ApplicationContext from cache with key [[MergedContextConfiguration@2c104774 testClass = ITCustomerJUnit5Repo, locations = '{}', classes = '{class com.bk.hotel.HotelApplication}', contextInitializerClasses = '[class com.bk.hotel.repo.ITCustomerJUnit5Repo$Initializer]', activeProfiles = '{}', propertySourceLocations = '{}', propertySourceProperties = '{}', contextCustomizers = set[org.springframework.boot.test.context.filter.ExcludeFilterContextCustomizer@3967e60c, org.springframework.boot.test.json.DuplicateJsonObjectContextCustomizerFactory$DuplicateJsonObjectContextCustomizer@7c0c77c7, org.springframework.boot.test.mock.mockito.MockitoContextCustomizer@dccdf49, org.springframework.boot.test.autoconfigure.properties.PropertyMappingContextCustomizer@0, org.springframework.boot.test.autoconfigure.web.servlet.WebDriverContextCustomizerFactory$Customizer@353d0772], contextLoader = 'org.springframework.test.context.support.DelegatingSmartContextLoader', parent = [null]]]
14:03:39.941 [main] DEBUG org.springframework.test.context.cache - Spring test ApplicationContext cache statistics: [DefaultContextCache@35d81657 size = 1, maxSize = 32, parentContextCount = 0, hitCount = 1, missCount = 1]
14:03:39.944 [main] DEBUG org.springframework.beans.factory.annotation.InjectionMetadata - Processing injected element of bean 'com.bk.hotel.repo.ITCustomerJUnit5Repo': AutowiredFieldElement for private com.bk.hotel.repo.CustomerRepo com.bk.hotel.repo.ITCustomerJUnit5Repo.repo
14:03:39.944 [main] DEBUG org.springframework.core.annotation.AnnotationUtils - Failed to meta-introspect annotation interface org.springframework.beans.factory.annotation.Autowired: java.lang.NullPointerException
14:03:39.944 [main] DEBUG org.springframework.beans.factory.support.DefaultListableBeanFactory - Returning cached instance of singleton bean 'customerRepo'
14:03:39.945 [main] DEBUG org.springframework.beans.factory.support.DefaultListableBeanFactory - Returning cached instance of singleton bean 'org.springframework.transaction.config.internalTransactionAdvisor'
14:03:39.945 [main] DEBUG org.springframework.beans.factory.support.DefaultListableBeanFactory - Returning cached instance of singleton bean 'org.springframework.transaction.config.internalTransactionAdvisor'
14:03:39.946 [main] DEBUG org.springframework.beans.factory.annotation.AutowiredAnnotationBeanPostProcessor - Autowiring by type from bean name 'com.bk.hotel.repo.ITCustomerJUnit5Repo' to bean named 'customerRepo'
14:03:39.947 [main] DEBUG org.springframework.beans.factory.support.DefaultListableBeanFactory - Returning cached instance of singleton bean 'org.springframework.transaction.config.internalTransactionAdvisor'
14:03:39.947 [main] DEBUG org.springframework.beans.factory.support.DefaultListableBeanFactory - Returning cached instance of singleton bean 'org.springframework.transaction.config.internalTransactionAdvisor'
]]></system-out>
  </testcase>
  <testcase name="testCountNumberOfCustomersInDB" classname="com.bk.hotel.repo.ITCustomerJUnit5Repo" time="1.978"/>
  <testcase name="testRetrieveCustomerFromDatabase" classname="com.bk.hotel.repo.ITCustomerJUnit5Repo" time="1.713"/>
</testsuite>